2022-03-30 09:33:08.049 INFO Train - trainImages: MongoDB database connected successfully
2022-03-30 09:33:08.050 INFO Train - trainImages: collected all folders in known_people folder
2022-03-30 09:33:08.050 DEBUG Train - trainImages: ['tyrion lannister', 'vikas-2022-03-30 09:32:56.741130', 'denerys targeryan', 'cjkdvjkd-2022-03-30 09:30:32.968615', 'cersie lannister', 'king in the north', 'arya stark', 'Vikas-2022-03-12 15:33:49.979215']
2022-03-30 09:33:08.052 INFO Train - trainImages: collected all images from all folders in known_people folder
2022-03-30 09:33:08.052 DEBUG Train - trainImages: [['/home/vikasjoshis001/Desktop/Gestures/images_to_train/tyrion lannister/images5.jpeg', '/home/vikasjoshis001/Desktop/Gestures/images_to_train/tyrion lannister/index3.jpeg', '/home/vikasjoshis001/Desktop/Gestures/images_to_train/tyrion lannister/index1.jpeg', '/home/vikasjoshis001/Desktop/Gestures/images_to_train/tyrion lannister/index2.jpeg', '/home/vikasjoshis001/Desktop/Gestures/images_to_train/tyrion lannister/index4.jpeg'], [], ['/home/vikasjoshis001/Desktop/Gestures/images_to_train/denerys targeryan/index3.jpeg', '/home/vikasjoshis001/Desktop/Gestures/images_to_train/denerys targeryan/index5.jpeg', '/home/vikasjoshis001/Desktop/Gestures/images_to_train/denerys targeryan/index1.jpeg', '/home/vikasjoshis001/Desktop/Gestures/images_to_train/denerys targeryan/index2.jpeg', '/home/vikasjoshis001/Desktop/Gestures/images_to_train/denerys targeryan/index4.jpeg'], [], ['/home/vikasjoshis001/Desktop/Gestures/images_to_train/cersie lannister/index3.jpeg', '/home/vikasjoshis001/Desktop/Gestures/images_to_train/cersie lannister/index5.jpeg', '/home/vikasjoshis001/Desktop/Gestures/images_to_train/cersie lannister/index2.jpeg', '/home/vikasjoshis001/Desktop/Gestures/images_to_train/cersie lannister/index4.jpeg'], ['/home/vikasjoshis001/Desktop/Gestures/images_to_train/king in the north/index.jpeg', '/home/vikasjoshis001/Desktop/Gestures/images_to_train/king in the north/index3.jpeg', '/home/vikasjoshis001/Desktop/Gestures/images_to_train/king in the north/index5.jpeg', '/home/vikasjoshis001/Desktop/Gestures/images_to_train/king in the north/index2.jpeg', '/home/vikasjoshis001/Desktop/Gestures/images_to_train/king in the north/index4.jpeg'], ['/home/vikasjoshis001/Desktop/Gestures/images_to_train/arya stark/index.jpeg', '/home/vikasjoshis001/Desktop/Gestures/images_to_train/arya stark/index3.jpeg', '/home/vikasjoshis001/Desktop/Gestures/images_to_train/arya stark/index5.jpeg', '/home/vikasjoshis001/Desktop/Gestures/images_to_train/arya stark/index2.jpeg', '/home/vikasjoshis001/Desktop/Gestures/images_to_train/arya stark/images4.jpeg'], ['/home/vikasjoshis001/Desktop/Gestures/images_to_train/Vikas-2022-03-12 15:33:49.979215/Vikas.b761c802-a1eb-11ec-a348-e960390a4373.jpeg', '/home/vikasjoshis001/Desktop/Gestures/images_to_train/Vikas-2022-03-12 15:33:49.979215/Vikas.b9e21fbe-a1eb-11ec-a348-e960390a4373.jpeg', '/home/vikasjoshis001/Desktop/Gestures/images_to_train/Vikas-2022-03-12 15:33:49.979215/Vikas.b761c803-a1eb-11ec-a348-e960390a4373.jpeg', '/home/vikasjoshis001/Desktop/Gestures/images_to_train/Vikas-2022-03-12 15:33:49.979215/Vikas.b8aa7a74-a1eb-11ec-a348-e960390a4373.jpeg', '/home/vikasjoshis001/Desktop/Gestures/images_to_train/Vikas-2022-03-12 15:33:49.979215/Vikas.b8aa7a75-a1eb-11ec-a348-e960390a4373.jpeg']]
2022-03-30 09:33:08.052 INFO Train - trainImages: started loading images and finding their encodings
2022-03-30 09:33:08.052 INFO Train - trainImages: loading image
2022-03-30 09:33:08.056 DEBUG Train - trainImages: /home/vikasjoshis001/Desktop/Gestures/images_to_train/tyrion lannister/images5.jpeg
2022-03-30 09:33:08.057 INFO Train - trainImages: loading image done
2022-03-30 09:33:08.057 INFO Train - trainImages: finding the encoding of image
2022-03-30 09:33:08.135 INFO Train - trainImages: finding encoding of image is done
2022-03-30 09:33:08.135 INFO Train - trainImages: loading image
2022-03-30 09:33:08.136 DEBUG Train - trainImages: /home/vikasjoshis001/Desktop/Gestures/images_to_train/tyrion lannister/index3.jpeg
2022-03-30 09:33:08.136 INFO Train - trainImages: loading image done
2022-03-30 09:33:08.136 INFO Train - trainImages: finding the encoding of image
2022-03-30 09:33:08.209 INFO Train - trainImages: finding encoding of image is done
2022-03-30 09:33:08.209 INFO Train - trainImages: loading image
2022-03-30 09:33:08.210 DEBUG Train - trainImages: /home/vikasjoshis001/Desktop/Gestures/images_to_train/tyrion lannister/index1.jpeg
2022-03-30 09:33:08.210 INFO Train - trainImages: loading image done
2022-03-30 09:33:08.210 INFO Train - trainImages: finding the encoding of image
2022-03-30 09:33:08.281 INFO Train - trainImages: finding encoding of image is done
2022-03-30 09:33:08.281 INFO Train - trainImages: loading image
2022-03-30 09:33:08.282 DEBUG Train - trainImages: /home/vikasjoshis001/Desktop/Gestures/images_to_train/tyrion lannister/index2.jpeg
2022-03-30 09:33:08.282 INFO Train - trainImages: loading image done
2022-03-30 09:33:08.282 INFO Train - trainImages: finding the encoding of image
2022-03-30 09:33:08.371 INFO Train - trainImages: finding encoding of image is done
2022-03-30 09:33:08.371 INFO Train - trainImages: loading image
2022-03-30 09:33:08.371 DEBUG Train - trainImages: /home/vikasjoshis001/Desktop/Gestures/images_to_train/tyrion lannister/index4.jpeg
2022-03-30 09:33:08.372 INFO Train - trainImages: loading image done
2022-03-30 09:33:08.372 INFO Train - trainImages: finding the encoding of image
2022-03-30 09:33:08.446 INFO Train - trainImages: finding encoding of image is done
2022-03-30 09:33:08.446 INFO Train - trainImages: getting average of encodings of loaded images
2022-03-30 09:33:08.446 INFO Train - trainImages: done with getting average encodings
2022-03-30 09:33:08.446 INFO Train - trainImages: storing the name and encoding in local dictionary
2022-03-30 09:33:08.446 INFO Train - trainImages: stored name and encodes in local dictionary
2022-03-30 09:33:08.446 INFO Train - trainImages: storing the name and encodings in mongodb
2022-03-30 09:33:08.448 INFO Train - trainImages: stored all name and encodes in mongodb
2022-03-30 09:33:08.448 DEBUG Train - trainImages: vikas-2022-03-30 09:32:56.741130
2022-03-30 09:33:08.448 ERROR Train - trainImages: above folder is empty with no images
2022-03-30 09:33:08.448 INFO Train - trainImages: exiting the program with no updates in training
