2022-03-31 21:36:05.498 INFO Train - trainImages: MongoDB database connected successfully
2022-03-31 21:36:05.513 INFO Train - trainImages: collected all folders in known_people folder
2022-03-31 21:36:05.514 DEBUG Train - trainImages: ['tyrion lannister', 'denerys targeryan', 'Fe-2022-03-31 21:29:28.266217', 'xvfgb-2022-03-31 21:35:53.865947', 'vi-2022-03-31 15:41:30.461338', 'ws-2022-03-31 21:31:10.432193', 'cersie lannister', 'Vikas-2022-03-31 13:17:26.260103', 'king in the north', 'vxbvcb-2022-03-31 21:35:34.604041', 'arya stark', 'hbdhjvbxbh-2022-03-31 13:55:24.952640', 'Hello-2022-03-31 21:24:36.282713', 'fdfds-2022-03-31 21:32:12.815087']
2022-03-31 21:36:05.522 INFO Train - trainImages: collected all images from all folders in known_people folder
2022-03-31 21:36:05.524 DEBUG Train - trainImages: [['/home/vikasjoshis001/Desktop/Gestures/images_to_train/tyrion lannister/images5.jpeg', '/home/vikasjoshis001/Desktop/Gestures/images_to_train/tyrion lannister/index3.jpeg', '/home/vikasjoshis001/Desktop/Gestures/images_to_train/tyrion lannister/index1.jpeg', '/home/vikasjoshis001/Desktop/Gestures/images_to_train/tyrion lannister/index2.jpeg', '/home/vikasjoshis001/Desktop/Gestures/images_to_train/tyrion lannister/index4.jpeg'], ['/home/vikasjoshis001/Desktop/Gestures/images_to_train/denerys targeryan/index3.jpeg', '/home/vikasjoshis001/Desktop/Gestures/images_to_train/denerys targeryan/index5.jpeg', '/home/vikasjoshis001/Desktop/Gestures/images_to_train/denerys targeryan/index1.jpeg', '/home/vikasjoshis001/Desktop/Gestures/images_to_train/denerys targeryan/index2.jpeg', '/home/vikasjoshis001/Desktop/Gestures/images_to_train/denerys targeryan/index4.jpeg'], [], ['/home/vikasjoshis001/Desktop/Gestures/images_to_train/xvfgb-2022-03-31 21:35:53.865947/xvfgb.73ed539a-b10c-11ec-9ef1-cb4f7634f54e.jpeg', '/home/vikasjoshis001/Desktop/Gestures/images_to_train/xvfgb-2022-03-31 21:35:53.865947/xvfgb.72ba2674-b10c-11ec-9ef1-cb4f7634f54e.jpeg', '/home/vikasjoshis001/Desktop/Gestures/images_to_train/xvfgb-2022-03-31 21:35:53.865947/xvfgb.72ba2675-b10c-11ec-9ef1-cb4f7634f54e.jpeg', '/home/vikasjoshis001/Desktop/Gestures/images_to_train/xvfgb-2022-03-31 21:35:53.865947/xvfgb.7162adb5-b10c-11ec-9ef1-cb4f7634f54e.jpeg', '/home/vikasjoshis001/Desktop/Gestures/images_to_train/xvfgb-2022-03-31 21:35:53.865947/xvfgb.7162adb4-b10c-11ec-9ef1-cb4f7634f54e.jpeg'], ['/home/vikasjoshis001/Desktop/Gestures/images_to_train/vi-2022-03-31 15:41:30.461338/vi.f0661862-b0da-11ec-95c9-353773ec36e1.jpeg', '/home/vikasjoshis001/Desktop/Gestures/images_to_train/vi-2022-03-31 15:41:30.461338/vi.f19f811e-b0da-11ec-95c9-353773ec36e1.jpeg', '/home/vikasjoshis001/Desktop/Gestures/images_to_train/vi-2022-03-31 15:41:30.461338/vi.ef6445f6-b0da-11ec-95c9-353773ec36e1.jpeg', '/home/vikasjoshis001/Desktop/Gestures/images_to_train/vi-2022-03-31 15:41:30.461338/vi.f0661863-b0da-11ec-95c9-353773ec36e1.jpeg', '/home/vikasjoshis001/Desktop/Gestures/images_to_train/vi-2022-03-31 15:41:30.461338/vi.f19f811f-b0da-11ec-95c9-353773ec36e1.jpeg'], [], ['/home/vikasjoshis001/Desktop/Gestures/images_to_train/cersie lannister/index3.jpeg', '/home/vikasjoshis001/Desktop/Gestures/images_to_train/cersie lannister/index5.jpeg', '/home/vikasjoshis001/Desktop/Gestures/images_to_train/cersie lannister/index2.jpeg', '/home/vikasjoshis001/Desktop/Gestures/images_to_train/cersie lannister/index4.jpeg'], ['/home/vikasjoshis001/Desktop/Gestures/images_to_train/Vikas-2022-03-31 13:17:26.260103/Vikas.d18bc824-b0c6-11ec-95c9-353773ec36e1.jpeg', '/home/vikasjoshis001/Desktop/Gestures/images_to_train/Vikas-2022-03-31 13:17:26.260103/Vikas.d056c17b-b0c6-11ec-95c9-353773ec36e1.jpeg', '/home/vikasjoshis001/Desktop/Gestures/images_to_train/Vikas-2022-03-31 13:17:26.260103/Vikas.cf0c4b78-b0c6-11ec-95c9-353773ec36e1.jpeg', '/home/vikasjoshis001/Desktop/Gestures/images_to_train/Vikas-2022-03-31 13:17:26.260103/Vikas.cf0c4b79-b0c6-11ec-95c9-353773ec36e1.jpeg', '/home/vikasjoshis001/Desktop/Gestures/images_to_train/Vikas-2022-03-31 13:17:26.260103/Vikas.d056c17a-b0c6-11ec-95c9-353773ec36e1.jpeg'], ['/home/vikasjoshis001/Desktop/Gestures/images_to_train/king in the north/index.jpeg', '/home/vikasjoshis001/Desktop/Gestures/images_to_train/king in the north/index3.jpeg', '/home/vikasjoshis001/Desktop/Gestures/images_to_train/king in the north/index5.jpeg', '/home/vikasjoshis001/Desktop/Gestures/images_to_train/king in the north/index2.jpeg', '/home/vikasjoshis001/Desktop/Gestures/images_to_train/king in the north/index4.jpeg'], [], ['/home/vikasjoshis001/Desktop/Gestures/images_to_train/arya stark/index.jpeg', '/home/vikasjoshis001/Desktop/Gestures/images_to_train/arya stark/index3.jpeg', '/home/vikasjoshis001/Desktop/Gestures/images_to_train/arya stark/index5.jpeg', '/home/vikasjoshis001/Desktop/Gestures/images_to_train/arya stark/index2.jpeg', '/home/vikasjoshis001/Desktop/Gestures/images_to_train/arya stark/images4.jpeg'], ['/home/vikasjoshis001/Desktop/Gestures/images_to_train/hbdhjvbxbh-2022-03-31 13:55:24.952640/hbdhjvbxbh.1fc00190-b0cc-11ec-95c9-353773ec36e1.jpeg', '/home/vikasjoshis001/Desktop/Gestures/images_to_train/hbdhjvbxbh-2022-03-31 13:55:24.952640/hbdhjvbxbh.1d3f745b-b0cc-11ec-95c9-353773ec36e1.jpeg', '/home/vikasjoshis001/Desktop/Gestures/images_to_train/hbdhjvbxbh-2022-03-31 13:55:24.952640/hbdhjvbxbh.1e898a3b-b0cc-11ec-95c9-353773ec36e1.jpeg', '/home/vikasjoshis001/Desktop/Gestures/images_to_train/hbdhjvbxbh-2022-03-31 13:55:24.952640/hbdhjvbxbh.1e898a3a-b0cc-11ec-95c9-353773ec36e1.jpeg', '/home/vikasjoshis001/Desktop/Gestures/images_to_train/hbdhjvbxbh-2022-03-31 13:55:24.952640/hbdhjvbxbh.1d3f745a-b0cc-11ec-95c9-353773ec36e1.jpeg'], ['/home/vikasjoshis001/Desktop/Gestures/images_to_train/Hello-2022-03-31 21:24:36.282713/Hello.e06c311f-b10a-11ec-9ef1-cb4f7634f54e.jpeg', '/home/vikasjoshis001/Desktop/Gestures/images_to_train/Hello-2022-03-31 21:24:36.282713/Hello.dd908b34-b10a-11ec-9ef1-cb4f7634f54e.jpeg', '/home/vikasjoshis001/Desktop/Gestures/images_to_train/Hello-2022-03-31 21:24:36.282713/Hello.df350b72-b10a-11ec-9ef1-cb4f7634f54e.jpeg', '/home/vikasjoshis001/Desktop/Gestures/images_to_train/Hello-2022-03-31 21:24:36.282713/Hello.e06c311e-b10a-11ec-9ef1-cb4f7634f54e.jpeg', '/home/vikasjoshis001/Desktop/Gestures/images_to_train/Hello-2022-03-31 21:24:36.282713/Hello.df350b73-b10a-11ec-9ef1-cb4f7634f54e.jpeg'], []]
2022-03-31 21:36:05.525 INFO Train - trainImages: started loading images and finding their encodings
2022-03-31 21:36:05.525 INFO Train - trainImages: loading image
2022-03-31 21:36:05.539 DEBUG Train - trainImages: /home/vikasjoshis001/Desktop/Gestures/images_to_train/tyrion lannister/images5.jpeg
2022-03-31 21:36:05.540 INFO Train - trainImages: loading image done
2022-03-31 21:36:05.540 INFO Train - trainImages: finding the encoding of image
2022-03-31 21:36:05.616 INFO Train - trainImages: finding encoding of image is done
2022-03-31 21:36:05.616 INFO Train - trainImages: loading image
2022-03-31 21:36:05.617 DEBUG Train - trainImages: /home/vikasjoshis001/Desktop/Gestures/images_to_train/tyrion lannister/index3.jpeg
2022-03-31 21:36:05.617 INFO Train - trainImages: loading image done
2022-03-31 21:36:05.617 INFO Train - trainImages: finding the encoding of image
2022-03-31 21:36:05.684 INFO Train - trainImages: finding encoding of image is done
2022-03-31 21:36:05.684 INFO Train - trainImages: loading image
2022-03-31 21:36:05.685 DEBUG Train - trainImages: /home/vikasjoshis001/Desktop/Gestures/images_to_train/tyrion lannister/index1.jpeg
2022-03-31 21:36:05.685 INFO Train - trainImages: loading image done
2022-03-31 21:36:05.685 INFO Train - trainImages: finding the encoding of image
2022-03-31 21:36:05.753 INFO Train - trainImages: finding encoding of image is done
2022-03-31 21:36:05.753 INFO Train - trainImages: loading image
2022-03-31 21:36:05.754 DEBUG Train - trainImages: /home/vikasjoshis001/Desktop/Gestures/images_to_train/tyrion lannister/index2.jpeg
2022-03-31 21:36:05.754 INFO Train - trainImages: loading image done
2022-03-31 21:36:05.754 INFO Train - trainImages: finding the encoding of image
2022-03-31 21:36:05.824 INFO Train - trainImages: finding encoding of image is done
2022-03-31 21:36:05.824 INFO Train - trainImages: loading image
2022-03-31 21:36:05.825 DEBUG Train - trainImages: /home/vikasjoshis001/Desktop/Gestures/images_to_train/tyrion lannister/index4.jpeg
2022-03-31 21:36:05.825 INFO Train - trainImages: loading image done
2022-03-31 21:36:05.825 INFO Train - trainImages: finding the encoding of image
2022-03-31 21:36:05.893 INFO Train - trainImages: finding encoding of image is done
2022-03-31 21:36:05.893 INFO Train - trainImages: getting average of encodings of loaded images
2022-03-31 21:36:05.893 INFO Train - trainImages: done with getting average encodings
2022-03-31 21:36:05.893 INFO Train - trainImages: storing the name and encoding in local dictionary
2022-03-31 21:36:05.893 INFO Train - trainImages: stored name and encodes in local dictionary
2022-03-31 21:36:05.893 INFO Train - trainImages: storing the name and encodings in mongodb
2022-03-31 21:36:05.895 INFO Train - trainImages: stored all name and encodes in mongodb
2022-03-31 21:36:05.895 INFO Train - trainImages: started loading images and finding their encodings
2022-03-31 21:36:05.895 INFO Train - trainImages: loading image
2022-03-31 21:36:05.896 DEBUG Train - trainImages: /home/vikasjoshis001/Desktop/Gestures/images_to_train/denerys targeryan/index3.jpeg
2022-03-31 21:36:05.896 INFO Train - trainImages: loading image done
2022-03-31 21:36:05.896 INFO Train - trainImages: finding the encoding of image
2022-03-31 21:36:05.963 INFO Train - trainImages: finding encoding of image is done
2022-03-31 21:36:05.963 INFO Train - trainImages: loading image
2022-03-31 21:36:05.964 DEBUG Train - trainImages: /home/vikasjoshis001/Desktop/Gestures/images_to_train/denerys targeryan/index5.jpeg
2022-03-31 21:36:05.964 INFO Train - trainImages: loading image done
2022-03-31 21:36:05.964 INFO Train - trainImages: finding the encoding of image
2022-03-31 21:36:06.033 INFO Train - trainImages: finding encoding of image is done
2022-03-31 21:36:06.033 INFO Train - trainImages: loading image
2022-03-31 21:36:06.034 DEBUG Train - trainImages: /home/vikasjoshis001/Desktop/Gestures/images_to_train/denerys targeryan/index1.jpeg
2022-03-31 21:36:06.034 INFO Train - trainImages: loading image done
2022-03-31 21:36:06.034 INFO Train - trainImages: finding the encoding of image
2022-03-31 21:36:06.104 INFO Train - trainImages: finding encoding of image is done
2022-03-31 21:36:06.104 INFO Train - trainImages: loading image
2022-03-31 21:36:06.105 DEBUG Train - trainImages: /home/vikasjoshis001/Desktop/Gestures/images_to_train/denerys targeryan/index2.jpeg
2022-03-31 21:36:06.105 INFO Train - trainImages: loading image done
2022-03-31 21:36:06.105 INFO Train - trainImages: finding the encoding of image
2022-03-31 21:36:06.177 INFO Train - trainImages: finding encoding of image is done
2022-03-31 21:36:06.177 INFO Train - trainImages: loading image
2022-03-31 21:36:06.178 DEBUG Train - trainImages: /home/vikasjoshis001/Desktop/Gestures/images_to_train/denerys targeryan/index4.jpeg
2022-03-31 21:36:06.178 INFO Train - trainImages: loading image done
2022-03-31 21:36:06.178 INFO Train - trainImages: finding the encoding of image
2022-03-31 21:36:06.247 INFO Train - trainImages: finding encoding of image is done
2022-03-31 21:36:06.247 INFO Train - trainImages: getting average of encodings of loaded images
2022-03-31 21:36:06.247 INFO Train - trainImages: done with getting average encodings
2022-03-31 21:36:06.247 INFO Train - trainImages: storing the name and encoding in local dictionary
2022-03-31 21:36:06.247 INFO Train - trainImages: stored name and encodes in local dictionary
2022-03-31 21:36:06.247 INFO Train - trainImages: storing the name and encodings in mongodb
2022-03-31 21:36:06.248 INFO Train - trainImages: stored all name and encodes in mongodb
2022-03-31 21:36:06.248 DEBUG Train - trainImages: Fe-2022-03-31 21:29:28.266217
2022-03-31 21:36:06.248 ERROR Train - trainImages: above folder is empty with no images
2022-03-31 21:36:06.248 INFO Train - trainImages: exiting the program with no updates in training
