2022-11-12 20:03:23.078 INFO Train - trainImages: MongoDB database connected successfully
2022-11-12 20:03:23.080 INFO Train - trainImages: collected all folders in known_people folder
2022-11-12 20:03:23.080 DEBUG Train - trainImages: ['cersie lannister', 'tyrion lannister', 'denerys targeryan', 'king in the north', 'arya stark']
2022-11-12 20:03:23.081 INFO Train - trainImages: collected all images from all folders in known_people folder
2022-11-12 20:03:23.081 DEBUG Train - trainImages: [['/home/vikasjoshis001/Files/Projects/My_Projects/Gestures/images_to_train/cersie lannister/index2.jpeg', '/home/vikasjoshis001/Files/Projects/My_Projects/Gestures/images_to_train/cersie lannister/index5.jpeg', '/home/vikasjoshis001/Files/Projects/My_Projects/Gestures/images_to_train/cersie lannister/index4.jpeg', '/home/vikasjoshis001/Files/Projects/My_Projects/Gestures/images_to_train/cersie lannister/index3.jpeg'], ['/home/vikasjoshis001/Files/Projects/My_Projects/Gestures/images_to_train/tyrion lannister/index2.jpeg', '/home/vikasjoshis001/Files/Projects/My_Projects/Gestures/images_to_train/tyrion lannister/index4.jpeg', '/home/vikasjoshis001/Files/Projects/My_Projects/Gestures/images_to_train/tyrion lannister/index1.jpeg', '/home/vikasjoshis001/Files/Projects/My_Projects/Gestures/images_to_train/tyrion lannister/index3.jpeg', '/home/vikasjoshis001/Files/Projects/My_Projects/Gestures/images_to_train/tyrion lannister/images5.jpeg'], ['/home/vikasjoshis001/Files/Projects/My_Projects/Gestures/images_to_train/denerys targeryan/index2.jpeg', '/home/vikasjoshis001/Files/Projects/My_Projects/Gestures/images_to_train/denerys targeryan/index5.jpeg', '/home/vikasjoshis001/Files/Projects/My_Projects/Gestures/images_to_train/denerys targeryan/index4.jpeg', '/home/vikasjoshis001/Files/Projects/My_Projects/Gestures/images_to_train/denerys targeryan/index1.jpeg', '/home/vikasjoshis001/Files/Projects/My_Projects/Gestures/images_to_train/denerys targeryan/index3.jpeg'], ['/home/vikasjoshis001/Files/Projects/My_Projects/Gestures/images_to_train/king in the north/index2.jpeg', '/home/vikasjoshis001/Files/Projects/My_Projects/Gestures/images_to_train/king in the north/index5.jpeg', '/home/vikasjoshis001/Files/Projects/My_Projects/Gestures/images_to_train/king in the north/index4.jpeg', '/home/vikasjoshis001/Files/Projects/My_Projects/Gestures/images_to_train/king in the north/index3.jpeg', '/home/vikasjoshis001/Files/Projects/My_Projects/Gestures/images_to_train/king in the north/index.jpeg'], ['/home/vikasjoshis001/Files/Projects/My_Projects/Gestures/images_to_train/arya stark/images4.jpeg', '/home/vikasjoshis001/Files/Projects/My_Projects/Gestures/images_to_train/arya stark/index2.jpeg', '/home/vikasjoshis001/Files/Projects/My_Projects/Gestures/images_to_train/arya stark/index5.jpeg', '/home/vikasjoshis001/Files/Projects/My_Projects/Gestures/images_to_train/arya stark/index3.jpeg', '/home/vikasjoshis001/Files/Projects/My_Projects/Gestures/images_to_train/arya stark/index.jpeg']]
2022-11-12 20:03:23.081 INFO Train - trainImages: started loading images and finding their encodings
2022-11-12 20:03:23.081 INFO Train - trainImages: loading image
2022-11-12 20:03:23.101 DEBUG Train - trainImages: /home/vikasjoshis001/Files/Projects/My_Projects/Gestures/images_to_train/cersie lannister/index2.jpeg
2022-11-12 20:03:23.101 INFO Train - trainImages: loading image done
2022-11-12 20:03:23.101 INFO Train - trainImages: finding the encoding of image
2022-11-12 20:03:23.226 INFO Train - trainImages: finding encoding of image is done
2022-11-12 20:03:23.226 INFO Train - trainImages: loading image
2022-11-12 20:03:23.227 DEBUG Train - trainImages: /home/vikasjoshis001/Files/Projects/My_Projects/Gestures/images_to_train/cersie lannister/index5.jpeg
2022-11-12 20:03:23.227 INFO Train - trainImages: loading image done
2022-11-12 20:03:23.227 INFO Train - trainImages: finding the encoding of image
2022-11-12 20:03:23.353 INFO Train - trainImages: finding encoding of image is done
2022-11-12 20:03:23.353 INFO Train - trainImages: loading image
2022-11-12 20:03:23.353 DEBUG Train - trainImages: /home/vikasjoshis001/Files/Projects/My_Projects/Gestures/images_to_train/cersie lannister/index4.jpeg
2022-11-12 20:03:23.353 INFO Train - trainImages: loading image done
2022-11-12 20:03:23.353 INFO Train - trainImages: finding the encoding of image
2022-11-12 20:03:23.476 INFO Train - trainImages: finding encoding of image is done
2022-11-12 20:03:23.476 INFO Train - trainImages: loading image
2022-11-12 20:03:23.477 DEBUG Train - trainImages: /home/vikasjoshis001/Files/Projects/My_Projects/Gestures/images_to_train/cersie lannister/index3.jpeg
2022-11-12 20:03:23.477 INFO Train - trainImages: loading image done
2022-11-12 20:03:23.477 INFO Train - trainImages: finding the encoding of image
2022-11-12 20:03:23.598 INFO Train - trainImages: finding encoding of image is done
2022-11-12 20:03:23.598 INFO Train - trainImages: getting average of encodings of loaded images
2022-11-12 20:03:23.599 INFO Train - trainImages: done with getting average encodings
2022-11-12 20:03:23.599 INFO Train - trainImages: storing the name and encoding in local dictionary
2022-11-12 20:03:23.599 INFO Train - trainImages: stored name and encodes in local dictionary
2022-11-12 20:03:23.599 INFO Train - trainImages: storing the name and encodings in mongodb
2022-11-12 20:03:23.600 INFO Train - trainImages: stored all name and encodes in mongodb
2022-11-12 20:03:23.600 INFO Train - trainImages: started loading images and finding their encodings
2022-11-12 20:03:23.600 INFO Train - trainImages: loading image
2022-11-12 20:03:23.601 DEBUG Train - trainImages: /home/vikasjoshis001/Files/Projects/My_Projects/Gestures/images_to_train/tyrion lannister/index2.jpeg
2022-11-12 20:03:23.601 INFO Train - trainImages: loading image done
2022-11-12 20:03:23.601 INFO Train - trainImages: finding the encoding of image
2022-11-12 20:03:23.725 INFO Train - trainImages: finding encoding of image is done
2022-11-12 20:03:23.725 INFO Train - trainImages: loading image
2022-11-12 20:03:23.726 DEBUG Train - trainImages: /home/vikasjoshis001/Files/Projects/My_Projects/Gestures/images_to_train/tyrion lannister/index4.jpeg
2022-11-12 20:03:23.726 INFO Train - trainImages: loading image done
2022-11-12 20:03:23.726 INFO Train - trainImages: finding the encoding of image
2022-11-12 20:03:23.849 INFO Train - trainImages: finding encoding of image is done
2022-11-12 20:03:23.849 INFO Train - trainImages: loading image
2022-11-12 20:03:23.849 DEBUG Train - trainImages: /home/vikasjoshis001/Files/Projects/My_Projects/Gestures/images_to_train/tyrion lannister/index1.jpeg
2022-11-12 20:03:23.849 INFO Train - trainImages: loading image done
2022-11-12 20:03:23.849 INFO Train - trainImages: finding the encoding of image
2022-11-12 20:03:23.971 INFO Train - trainImages: finding encoding of image is done
2022-11-12 20:03:23.971 INFO Train - trainImages: loading image
2022-11-12 20:03:23.971 DEBUG Train - trainImages: /home/vikasjoshis001/Files/Projects/My_Projects/Gestures/images_to_train/tyrion lannister/index3.jpeg
2022-11-12 20:03:23.971 INFO Train - trainImages: loading image done
2022-11-12 20:03:23.971 INFO Train - trainImages: finding the encoding of image
2022-11-12 20:03:24.096 INFO Train - trainImages: finding encoding of image is done
2022-11-12 20:03:24.096 INFO Train - trainImages: loading image
2022-11-12 20:03:24.097 DEBUG Train - trainImages: /home/vikasjoshis001/Files/Projects/My_Projects/Gestures/images_to_train/tyrion lannister/images5.jpeg
2022-11-12 20:03:24.097 INFO Train - trainImages: loading image done
2022-11-12 20:03:24.097 INFO Train - trainImages: finding the encoding of image
2022-11-12 20:03:24.222 INFO Train - trainImages: finding encoding of image is done
2022-11-12 20:03:24.222 INFO Train - trainImages: getting average of encodings of loaded images
2022-11-12 20:03:24.222 INFO Train - trainImages: done with getting average encodings
2022-11-12 20:03:24.222 INFO Train - trainImages: storing the name and encoding in local dictionary
2022-11-12 20:03:24.222 INFO Train - trainImages: stored name and encodes in local dictionary
2022-11-12 20:03:24.222 INFO Train - trainImages: storing the name and encodings in mongodb
2022-11-12 20:03:24.223 INFO Train - trainImages: stored all name and encodes in mongodb
2022-11-12 20:03:24.223 INFO Train - trainImages: started loading images and finding their encodings
2022-11-12 20:03:24.223 INFO Train - trainImages: loading image
2022-11-12 20:03:24.224 DEBUG Train - trainImages: /home/vikasjoshis001/Files/Projects/My_Projects/Gestures/images_to_train/denerys targeryan/index2.jpeg
2022-11-12 20:03:24.224 INFO Train - trainImages: loading image done
2022-11-12 20:03:24.224 INFO Train - trainImages: finding the encoding of image
2022-11-12 20:03:24.347 INFO Train - trainImages: finding encoding of image is done
2022-11-12 20:03:24.348 INFO Train - trainImages: loading image
2022-11-12 20:03:24.348 DEBUG Train - trainImages: /home/vikasjoshis001/Files/Projects/My_Projects/Gestures/images_to_train/denerys targeryan/index5.jpeg
2022-11-12 20:03:24.348 INFO Train - trainImages: loading image done
2022-11-12 20:03:24.348 INFO Train - trainImages: finding the encoding of image
2022-11-12 20:03:24.471 INFO Train - trainImages: finding encoding of image is done
2022-11-12 20:03:24.471 INFO Train - trainImages: loading image
2022-11-12 20:03:24.471 DEBUG Train - trainImages: /home/vikasjoshis001/Files/Projects/My_Projects/Gestures/images_to_train/denerys targeryan/index4.jpeg
2022-11-12 20:03:24.471 INFO Train - trainImages: loading image done
2022-11-12 20:03:24.471 INFO Train - trainImages: finding the encoding of image
2022-11-12 20:03:24.595 INFO Train - trainImages: finding encoding of image is done
2022-11-12 20:03:24.595 INFO Train - trainImages: loading image
2022-11-12 20:03:24.596 DEBUG Train - trainImages: /home/vikasjoshis001/Files/Projects/My_Projects/Gestures/images_to_train/denerys targeryan/index1.jpeg
2022-11-12 20:03:24.596 INFO Train - trainImages: loading image done
2022-11-12 20:03:24.596 INFO Train - trainImages: finding the encoding of image
2022-11-12 20:03:24.719 INFO Train - trainImages: finding encoding of image is done
2022-11-12 20:03:24.719 INFO Train - trainImages: loading image
2022-11-12 20:03:24.720 DEBUG Train - trainImages: /home/vikasjoshis001/Files/Projects/My_Projects/Gestures/images_to_train/denerys targeryan/index3.jpeg
2022-11-12 20:03:24.720 INFO Train - trainImages: loading image done
2022-11-12 20:03:24.720 INFO Train - trainImages: finding the encoding of image
2022-11-12 20:03:24.841 INFO Train - trainImages: finding encoding of image is done
2022-11-12 20:03:24.841 INFO Train - trainImages: getting average of encodings of loaded images
2022-11-12 20:03:24.841 INFO Train - trainImages: done with getting average encodings
2022-11-12 20:03:24.841 INFO Train - trainImages: storing the name and encoding in local dictionary
2022-11-12 20:03:24.841 INFO Train - trainImages: stored name and encodes in local dictionary
2022-11-12 20:03:24.841 INFO Train - trainImages: storing the name and encodings in mongodb
2022-11-12 20:03:24.842 INFO Train - trainImages: stored all name and encodes in mongodb
2022-11-12 20:03:24.842 INFO Train - trainImages: started loading images and finding their encodings
2022-11-12 20:03:24.842 INFO Train - trainImages: loading image
2022-11-12 20:03:24.843 DEBUG Train - trainImages: /home/vikasjoshis001/Files/Projects/My_Projects/Gestures/images_to_train/king in the north/index2.jpeg
2022-11-12 20:03:24.843 INFO Train - trainImages: loading image done
2022-11-12 20:03:24.843 INFO Train - trainImages: finding the encoding of image
2022-11-12 20:03:24.965 INFO Train - trainImages: finding encoding of image is done
2022-11-12 20:03:24.965 INFO Train - trainImages: loading image
2022-11-12 20:03:24.966 DEBUG Train - trainImages: /home/vikasjoshis001/Files/Projects/My_Projects/Gestures/images_to_train/king in the north/index5.jpeg
2022-11-12 20:03:24.966 INFO Train - trainImages: loading image done
2022-11-12 20:03:24.966 INFO Train - trainImages: finding the encoding of image
2022-11-12 20:03:25.089 INFO Train - trainImages: finding encoding of image is done
2022-11-12 20:03:25.089 INFO Train - trainImages: loading image
2022-11-12 20:03:25.090 DEBUG Train - trainImages: /home/vikasjoshis001/Files/Projects/My_Projects/Gestures/images_to_train/king in the north/index4.jpeg
2022-11-12 20:03:25.090 INFO Train - trainImages: loading image done
2022-11-12 20:03:25.090 INFO Train - trainImages: finding the encoding of image
2022-11-12 20:03:25.212 INFO Train - trainImages: finding encoding of image is done
2022-11-12 20:03:25.213 INFO Train - trainImages: loading image
2022-11-12 20:03:25.213 DEBUG Train - trainImages: /home/vikasjoshis001/Files/Projects/My_Projects/Gestures/images_to_train/king in the north/index3.jpeg
2022-11-12 20:03:25.213 INFO Train - trainImages: loading image done
2022-11-12 20:03:25.213 INFO Train - trainImages: finding the encoding of image
2022-11-12 20:03:25.337 INFO Train - trainImages: finding encoding of image is done
2022-11-12 20:03:25.337 INFO Train - trainImages: loading image
2022-11-12 20:03:25.338 DEBUG Train - trainImages: /home/vikasjoshis001/Files/Projects/My_Projects/Gestures/images_to_train/king in the north/index.jpeg
2022-11-12 20:03:25.338 INFO Train - trainImages: loading image done
2022-11-12 20:03:25.338 INFO Train - trainImages: finding the encoding of image
2022-11-12 20:03:25.459 INFO Train - trainImages: finding encoding of image is done
2022-11-12 20:03:25.459 INFO Train - trainImages: getting average of encodings of loaded images
2022-11-12 20:03:25.459 INFO Train - trainImages: done with getting average encodings
2022-11-12 20:03:25.459 INFO Train - trainImages: storing the name and encoding in local dictionary
2022-11-12 20:03:25.459 INFO Train - trainImages: stored name and encodes in local dictionary
2022-11-12 20:03:25.459 INFO Train - trainImages: storing the name and encodings in mongodb
2022-11-12 20:03:25.460 INFO Train - trainImages: stored all name and encodes in mongodb
2022-11-12 20:03:25.460 INFO Train - trainImages: started loading images and finding their encodings
2022-11-12 20:03:25.460 INFO Train - trainImages: loading image
2022-11-12 20:03:25.461 DEBUG Train - trainImages: /home/vikasjoshis001/Files/Projects/My_Projects/Gestures/images_to_train/arya stark/images4.jpeg
2022-11-12 20:03:25.461 INFO Train - trainImages: loading image done
2022-11-12 20:03:25.461 INFO Train - trainImages: finding the encoding of image
2022-11-12 20:03:25.582 INFO Train - trainImages: finding encoding of image is done
2022-11-12 20:03:25.583 INFO Train - trainImages: loading image
2022-11-12 20:03:25.583 DEBUG Train - trainImages: /home/vikasjoshis001/Files/Projects/My_Projects/Gestures/images_to_train/arya stark/index2.jpeg
2022-11-12 20:03:25.583 INFO Train - trainImages: loading image done
2022-11-12 20:03:25.583 INFO Train - trainImages: finding the encoding of image
2022-11-12 20:03:25.705 INFO Train - trainImages: finding encoding of image is done
2022-11-12 20:03:25.705 INFO Train - trainImages: loading image
2022-11-12 20:03:25.706 DEBUG Train - trainImages: /home/vikasjoshis001/Files/Projects/My_Projects/Gestures/images_to_train/arya stark/index5.jpeg
2022-11-12 20:03:25.706 INFO Train - trainImages: loading image done
2022-11-12 20:03:25.706 INFO Train - trainImages: finding the encoding of image
2022-11-12 20:03:25.829 INFO Train - trainImages: finding encoding of image is done
2022-11-12 20:03:25.829 INFO Train - trainImages: loading image
2022-11-12 20:03:25.830 DEBUG Train - trainImages: /home/vikasjoshis001/Files/Projects/My_Projects/Gestures/images_to_train/arya stark/index3.jpeg
2022-11-12 20:03:25.830 INFO Train - trainImages: loading image done
2022-11-12 20:03:25.830 INFO Train - trainImages: finding the encoding of image
2022-11-12 20:03:25.951 INFO Train - trainImages: finding encoding of image is done
2022-11-12 20:03:25.952 INFO Train - trainImages: loading image
2022-11-12 20:03:25.952 DEBUG Train - trainImages: /home/vikasjoshis001/Files/Projects/My_Projects/Gestures/images_to_train/arya stark/index.jpeg
2022-11-12 20:03:25.952 INFO Train - trainImages: loading image done
2022-11-12 20:03:25.952 INFO Train - trainImages: finding the encoding of image
2022-11-12 20:03:26.077 INFO Train - trainImages: finding encoding of image is done
2022-11-12 20:03:26.077 INFO Train - trainImages: getting average of encodings of loaded images
2022-11-12 20:03:26.078 INFO Train - trainImages: done with getting average encodings
2022-11-12 20:03:26.078 INFO Train - trainImages: storing the name and encoding in local dictionary
2022-11-12 20:03:26.078 INFO Train - trainImages: stored name and encodes in local dictionary
2022-11-12 20:03:26.078 INFO Train - trainImages: storing the name and encodings in mongodb
2022-11-12 20:03:26.079 INFO Train - trainImages: stored all name and encodes in mongodb
