2022-04-05 08:52:08.397 INFO Train - trainImages: MongoDB database connected successfully
2022-04-05 08:52:08.399 INFO Train - trainImages: collected all folders in known_people folder
2022-04-05 08:52:08.399 DEBUG Train - trainImages: ['tyrion lannister', 'Vikas Joshi-2022-04-03 12:37:48.415988', 'denerys targeryan', 'cersie lannister', 'king in the north', 'VJ-2022-04-05 04:13:29.268581', 'arya stark', 'Dilip Joshi-2022-04-05 04:11:50.832451']
2022-04-05 08:52:08.400 INFO Train - trainImages: collected all images from all folders in known_people folder
2022-04-05 08:52:08.400 DEBUG Train - trainImages: [['/home/vikasjoshis001/Desktop/Gestures/images_to_train/tyrion lannister/images5.jpeg', '/home/vikasjoshis001/Desktop/Gestures/images_to_train/tyrion lannister/index3.jpeg', '/home/vikasjoshis001/Desktop/Gestures/images_to_train/tyrion lannister/index1.jpeg', '/home/vikasjoshis001/Desktop/Gestures/images_to_train/tyrion lannister/index2.jpeg', '/home/vikasjoshis001/Desktop/Gestures/images_to_train/tyrion lannister/index4.jpeg'], ['/home/vikasjoshis001/Desktop/Gestures/images_to_train/Vikas Joshi-2022-04-03 12:37:48.415988/Vikas Joshi.c4fbffc3-b31c-11ec-ad35-81ee5352b8cb.jpeg', '/home/vikasjoshis001/Desktop/Gestures/images_to_train/Vikas Joshi-2022-04-03 12:37:48.415988/Vikas Joshi.c641740c-b31c-11ec-ad35-81ee5352b8cb.jpeg', '/home/vikasjoshis001/Desktop/Gestures/images_to_train/Vikas Joshi-2022-04-03 12:37:48.415988/Vikas Joshi.c641740d-b31c-11ec-ad35-81ee5352b8cb.jpeg', '/home/vikasjoshis001/Desktop/Gestures/images_to_train/Vikas Joshi-2022-04-03 12:37:48.415988/Vikas Joshi.c7765694-b31c-11ec-ad35-81ee5352b8cb.jpeg', '/home/vikasjoshis001/Desktop/Gestures/images_to_train/Vikas Joshi-2022-04-03 12:37:48.415988/Vikas Joshi.c4fbffc2-b31c-11ec-ad35-81ee5352b8cb.jpeg'], ['/home/vikasjoshis001/Desktop/Gestures/images_to_train/denerys targeryan/index3.jpeg', '/home/vikasjoshis001/Desktop/Gestures/images_to_train/denerys targeryan/index5.jpeg', '/home/vikasjoshis001/Desktop/Gestures/images_to_train/denerys targeryan/index1.jpeg', '/home/vikasjoshis001/Desktop/Gestures/images_to_train/denerys targeryan/index2.jpeg', '/home/vikasjoshis001/Desktop/Gestures/images_to_train/denerys targeryan/index4.jpeg'], ['/home/vikasjoshis001/Desktop/Gestures/images_to_train/cersie lannister/index3.jpeg', '/home/vikasjoshis001/Desktop/Gestures/images_to_train/cersie lannister/index5.jpeg', '/home/vikasjoshis001/Desktop/Gestures/images_to_train/cersie lannister/index2.jpeg', '/home/vikasjoshis001/Desktop/Gestures/images_to_train/cersie lannister/index4.jpeg'], ['/home/vikasjoshis001/Desktop/Gestures/images_to_train/king in the north/index.jpeg', '/home/vikasjoshis001/Desktop/Gestures/images_to_train/king in the north/index3.jpeg', '/home/vikasjoshis001/Desktop/Gestures/images_to_train/king in the north/index5.jpeg', '/home/vikasjoshis001/Desktop/Gestures/images_to_train/king in the north/index2.jpeg', '/home/vikasjoshis001/Desktop/Gestures/images_to_train/king in the north/index4.jpeg'], ['/home/vikasjoshis001/Desktop/Gestures/images_to_train/VJ-2022-04-05 04:13:29.268581/VJ.a5f7c8b6-b468-11ec-a9a1-61e1084a1b14.jpeg', '/home/vikasjoshis001/Desktop/Gestures/images_to_train/VJ-2022-04-05 04:13:29.268581/VJ.a8754032-b468-11ec-a9a1-61e1084a1b14.jpeg', '/home/vikasjoshis001/Desktop/Gestures/images_to_train/VJ-2022-04-05 04:13:29.268581/VJ.a5f7c8b7-b468-11ec-a9a1-61e1084a1b14.jpeg', '/home/vikasjoshis001/Desktop/Gestures/images_to_train/VJ-2022-04-05 04:13:29.268581/VJ.a73eafbf-b468-11ec-a9a1-61e1084a1b14.jpeg', '/home/vikasjoshis001/Desktop/Gestures/images_to_train/VJ-2022-04-05 04:13:29.268581/VJ.a73eafbe-b468-11ec-a9a1-61e1084a1b14.jpeg'], ['/home/vikasjoshis001/Desktop/Gestures/images_to_train/arya stark/index.jpeg', '/home/vikasjoshis001/Desktop/Gestures/images_to_train/arya stark/index3.jpeg', '/home/vikasjoshis001/Desktop/Gestures/images_to_train/arya stark/index5.jpeg', '/home/vikasjoshis001/Desktop/Gestures/images_to_train/arya stark/index2.jpeg', '/home/vikasjoshis001/Desktop/Gestures/images_to_train/arya stark/images4.jpeg'], ['/home/vikasjoshis001/Desktop/Gestures/images_to_train/Dilip Joshi-2022-04-05 04:11:50.832451/Dilip Joshi.6e2dc250-b468-11ec-a9a1-61e1084a1b14.jpeg', '/home/vikasjoshis001/Desktop/Gestures/images_to_train/Dilip Joshi-2022-04-05 04:11:50.832451/Dilip Joshi.6cf953d7-b468-11ec-a9a1-61e1084a1b14.jpeg', '/home/vikasjoshis001/Desktop/Gestures/images_to_train/Dilip Joshi-2022-04-05 04:11:50.832451/Dilip Joshi.6e2dc251-b468-11ec-a9a1-61e1084a1b14.jpeg', '/home/vikasjoshis001/Desktop/Gestures/images_to_train/Dilip Joshi-2022-04-05 04:11:50.832451/Dilip Joshi.6cf953d6-b468-11ec-a9a1-61e1084a1b14.jpeg', '/home/vikasjoshis001/Desktop/Gestures/images_to_train/Dilip Joshi-2022-04-05 04:11:50.832451/Dilip Joshi.6b5aa98a-b468-11ec-a9a1-61e1084a1b14.jpeg']]
2022-04-05 08:52:08.400 INFO Train - trainImages: started loading images and finding their encodings
2022-04-05 08:52:08.400 INFO Train - trainImages: loading image
2022-04-05 08:52:08.425 DEBUG Train - trainImages: /home/vikasjoshis001/Desktop/Gestures/images_to_train/tyrion lannister/images5.jpeg
2022-04-05 08:52:08.425 INFO Train - trainImages: loading image done
2022-04-05 08:52:08.425 INFO Train - trainImages: finding the encoding of image
2022-04-05 08:52:08.559 INFO Train - trainImages: finding encoding of image is done
2022-04-05 08:52:08.559 INFO Train - trainImages: loading image
2022-04-05 08:52:08.561 DEBUG Train - trainImages: /home/vikasjoshis001/Desktop/Gestures/images_to_train/tyrion lannister/index3.jpeg
2022-04-05 08:52:08.561 INFO Train - trainImages: loading image done
2022-04-05 08:52:08.561 INFO Train - trainImages: finding the encoding of image
2022-04-05 08:52:08.672 INFO Train - trainImages: finding encoding of image is done
2022-04-05 08:52:08.672 INFO Train - trainImages: loading image
2022-04-05 08:52:08.675 DEBUG Train - trainImages: /home/vikasjoshis001/Desktop/Gestures/images_to_train/tyrion lannister/index1.jpeg
2022-04-05 08:52:08.675 INFO Train - trainImages: loading image done
2022-04-05 08:52:08.675 INFO Train - trainImages: finding the encoding of image
2022-04-05 08:52:08.784 INFO Train - trainImages: finding encoding of image is done
2022-04-05 08:52:08.784 INFO Train - trainImages: loading image
2022-04-05 08:52:08.787 DEBUG Train - trainImages: /home/vikasjoshis001/Desktop/Gestures/images_to_train/tyrion lannister/index2.jpeg
2022-04-05 08:52:08.787 INFO Train - trainImages: loading image done
2022-04-05 08:52:08.787 INFO Train - trainImages: finding the encoding of image
2022-04-05 08:52:08.902 INFO Train - trainImages: finding encoding of image is done
2022-04-05 08:52:08.903 INFO Train - trainImages: loading image
2022-04-05 08:52:08.904 DEBUG Train - trainImages: /home/vikasjoshis001/Desktop/Gestures/images_to_train/tyrion lannister/index4.jpeg
2022-04-05 08:52:08.904 INFO Train - trainImages: loading image done
2022-04-05 08:52:08.904 INFO Train - trainImages: finding the encoding of image
2022-04-05 08:52:09.006 INFO Train - trainImages: finding encoding of image is done
2022-04-05 08:52:09.006 INFO Train - trainImages: getting average of encodings of loaded images
2022-04-05 08:52:09.006 INFO Train - trainImages: done with getting average encodings
2022-04-05 08:52:09.006 INFO Train - trainImages: storing the name and encoding in local dictionary
2022-04-05 08:52:09.006 INFO Train - trainImages: stored name and encodes in local dictionary
2022-04-05 08:52:09.006 INFO Train - trainImages: storing the name and encodings in mongodb
2022-04-05 08:52:09.010 INFO Train - trainImages: stored all name and encodes in mongodb
2022-04-05 08:52:09.010 INFO Train - trainImages: started loading images and finding their encodings
2022-04-05 08:52:09.010 INFO Train - trainImages: loading image
2022-04-05 08:52:09.013 DEBUG Train - trainImages: /home/vikasjoshis001/Desktop/Gestures/images_to_train/Vikas Joshi-2022-04-03 12:37:48.415988/Vikas Joshi.c4fbffc3-b31c-11ec-ad35-81ee5352b8cb.jpeg
2022-04-05 08:52:09.013 INFO Train - trainImages: loading image done
2022-04-05 08:52:09.013 INFO Train - trainImages: finding the encoding of image
2022-04-05 08:52:09.142 INFO Train - trainImages: finding encoding of image is done
2022-04-05 08:52:09.143 INFO Train - trainImages: loading image
2022-04-05 08:52:09.145 DEBUG Train - trainImages: /home/vikasjoshis001/Desktop/Gestures/images_to_train/Vikas Joshi-2022-04-03 12:37:48.415988/Vikas Joshi.c641740c-b31c-11ec-ad35-81ee5352b8cb.jpeg
2022-04-05 08:52:09.145 INFO Train - trainImages: loading image done
2022-04-05 08:52:09.145 INFO Train - trainImages: finding the encoding of image
2022-04-05 08:52:09.269 INFO Train - trainImages: finding encoding of image is done
2022-04-05 08:52:09.270 INFO Train - trainImages: loading image
2022-04-05 08:52:09.272 DEBUG Train - trainImages: /home/vikasjoshis001/Desktop/Gestures/images_to_train/Vikas Joshi-2022-04-03 12:37:48.415988/Vikas Joshi.c641740d-b31c-11ec-ad35-81ee5352b8cb.jpeg
2022-04-05 08:52:09.272 INFO Train - trainImages: loading image done
2022-04-05 08:52:09.272 INFO Train - trainImages: finding the encoding of image
2022-04-05 08:52:09.401 INFO Train - trainImages: finding encoding of image is done
2022-04-05 08:52:09.402 INFO Train - trainImages: loading image
2022-04-05 08:52:09.406 DEBUG Train - trainImages: /home/vikasjoshis001/Desktop/Gestures/images_to_train/Vikas Joshi-2022-04-03 12:37:48.415988/Vikas Joshi.c7765694-b31c-11ec-ad35-81ee5352b8cb.jpeg
2022-04-05 08:52:09.406 INFO Train - trainImages: loading image done
2022-04-05 08:52:09.406 INFO Train - trainImages: finding the encoding of image
2022-04-05 08:52:09.536 INFO Train - trainImages: finding encoding of image is done
2022-04-05 08:52:09.536 INFO Train - trainImages: loading image
2022-04-05 08:52:09.538 DEBUG Train - trainImages: /home/vikasjoshis001/Desktop/Gestures/images_to_train/Vikas Joshi-2022-04-03 12:37:48.415988/Vikas Joshi.c4fbffc2-b31c-11ec-ad35-81ee5352b8cb.jpeg
2022-04-05 08:52:09.539 INFO Train - trainImages: loading image done
2022-04-05 08:52:09.539 INFO Train - trainImages: finding the encoding of image
2022-04-05 08:52:09.669 INFO Train - trainImages: finding encoding of image is done
2022-04-05 08:52:09.669 INFO Train - trainImages: getting average of encodings of loaded images
2022-04-05 08:52:09.670 INFO Train - trainImages: done with getting average encodings
2022-04-05 08:52:09.670 INFO Train - trainImages: storing the name and encoding in local dictionary
2022-04-05 08:52:09.670 INFO Train - trainImages: stored name and encodes in local dictionary
2022-04-05 08:52:09.670 INFO Train - trainImages: storing the name and encodings in mongodb
2022-04-05 08:52:09.671 INFO Train - trainImages: stored all name and encodes in mongodb
2022-04-05 08:52:09.671 INFO Train - trainImages: started loading images and finding their encodings
2022-04-05 08:52:09.671 INFO Train - trainImages: loading image
2022-04-05 08:52:09.675 DEBUG Train - trainImages: /home/vikasjoshis001/Desktop/Gestures/images_to_train/denerys targeryan/index3.jpeg
2022-04-05 08:52:09.675 INFO Train - trainImages: loading image done
2022-04-05 08:52:09.675 INFO Train - trainImages: finding the encoding of image
2022-04-05 08:52:09.786 INFO Train - trainImages: finding encoding of image is done
2022-04-05 08:52:09.786 INFO Train - trainImages: loading image
2022-04-05 08:52:09.791 DEBUG Train - trainImages: /home/vikasjoshis001/Desktop/Gestures/images_to_train/denerys targeryan/index5.jpeg
2022-04-05 08:52:09.791 INFO Train - trainImages: loading image done
2022-04-05 08:52:09.791 INFO Train - trainImages: finding the encoding of image
2022-04-05 08:52:09.907 INFO Train - trainImages: finding encoding of image is done
2022-04-05 08:52:09.907 INFO Train - trainImages: loading image
2022-04-05 08:52:09.909 DEBUG Train - trainImages: /home/vikasjoshis001/Desktop/Gestures/images_to_train/denerys targeryan/index1.jpeg
2022-04-05 08:52:09.909 INFO Train - trainImages: loading image done
2022-04-05 08:52:09.909 INFO Train - trainImages: finding the encoding of image
2022-04-05 08:52:10.016 INFO Train - trainImages: finding encoding of image is done
2022-04-05 08:52:10.016 INFO Train - trainImages: loading image
2022-04-05 08:52:10.018 DEBUG Train - trainImages: /home/vikasjoshis001/Desktop/Gestures/images_to_train/denerys targeryan/index2.jpeg
2022-04-05 08:52:10.018 INFO Train - trainImages: loading image done
2022-04-05 08:52:10.018 INFO Train - trainImages: finding the encoding of image
2022-04-05 08:52:10.141 INFO Train - trainImages: finding encoding of image is done
2022-04-05 08:52:10.142 INFO Train - trainImages: loading image
2022-04-05 08:52:10.143 DEBUG Train - trainImages: /home/vikasjoshis001/Desktop/Gestures/images_to_train/denerys targeryan/index4.jpeg
2022-04-05 08:52:10.144 INFO Train - trainImages: loading image done
2022-04-05 08:52:10.144 INFO Train - trainImages: finding the encoding of image
2022-04-05 08:52:10.259 INFO Train - trainImages: finding encoding of image is done
2022-04-05 08:52:10.259 INFO Train - trainImages: getting average of encodings of loaded images
2022-04-05 08:52:10.259 INFO Train - trainImages: done with getting average encodings
2022-04-05 08:52:10.259 INFO Train - trainImages: storing the name and encoding in local dictionary
2022-04-05 08:52:10.259 INFO Train - trainImages: stored name and encodes in local dictionary
2022-04-05 08:52:10.259 INFO Train - trainImages: storing the name and encodings in mongodb
2022-04-05 08:52:10.260 INFO Train - trainImages: stored all name and encodes in mongodb
2022-04-05 08:52:10.261 INFO Train - trainImages: started loading images and finding their encodings
2022-04-05 08:52:10.261 INFO Train - trainImages: loading image
2022-04-05 08:52:10.263 DEBUG Train - trainImages: /home/vikasjoshis001/Desktop/Gestures/images_to_train/cersie lannister/index3.jpeg
2022-04-05 08:52:10.263 INFO Train - trainImages: loading image done
2022-04-05 08:52:10.263 INFO Train - trainImages: finding the encoding of image
2022-04-05 08:52:10.377 INFO Train - trainImages: finding encoding of image is done
2022-04-05 08:52:10.377 INFO Train - trainImages: loading image
2022-04-05 08:52:10.379 DEBUG Train - trainImages: /home/vikasjoshis001/Desktop/Gestures/images_to_train/cersie lannister/index5.jpeg
2022-04-05 08:52:10.379 INFO Train - trainImages: loading image done
2022-04-05 08:52:10.379 INFO Train - trainImages: finding the encoding of image
2022-04-05 08:52:10.498 INFO Train - trainImages: finding encoding of image is done
2022-04-05 08:52:10.499 INFO Train - trainImages: loading image
2022-04-05 08:52:10.500 DEBUG Train - trainImages: /home/vikasjoshis001/Desktop/Gestures/images_to_train/cersie lannister/index2.jpeg
2022-04-05 08:52:10.501 INFO Train - trainImages: loading image done
2022-04-05 08:52:10.501 INFO Train - trainImages: finding the encoding of image
2022-04-05 08:52:10.609 INFO Train - trainImages: finding encoding of image is done
2022-04-05 08:52:10.609 INFO Train - trainImages: loading image
2022-04-05 08:52:10.611 DEBUG Train - trainImages: /home/vikasjoshis001/Desktop/Gestures/images_to_train/cersie lannister/index4.jpeg
2022-04-05 08:52:10.611 INFO Train - trainImages: loading image done
2022-04-05 08:52:10.611 INFO Train - trainImages: finding the encoding of image
2022-04-05 08:52:10.721 INFO Train - trainImages: finding encoding of image is done
2022-04-05 08:52:10.721 INFO Train - trainImages: getting average of encodings of loaded images
2022-04-05 08:52:10.722 INFO Train - trainImages: done with getting average encodings
2022-04-05 08:52:10.722 INFO Train - trainImages: storing the name and encoding in local dictionary
2022-04-05 08:52:10.722 INFO Train - trainImages: stored name and encodes in local dictionary
2022-04-05 08:52:10.722 INFO Train - trainImages: storing the name and encodings in mongodb
2022-04-05 08:52:10.723 INFO Train - trainImages: stored all name and encodes in mongodb
2022-04-05 08:52:10.723 INFO Train - trainImages: started loading images and finding their encodings
2022-04-05 08:52:10.723 INFO Train - trainImages: loading image
2022-04-05 08:52:10.725 DEBUG Train - trainImages: /home/vikasjoshis001/Desktop/Gestures/images_to_train/king in the north/index.jpeg
2022-04-05 08:52:10.725 INFO Train - trainImages: loading image done
2022-04-05 08:52:10.725 INFO Train - trainImages: finding the encoding of image
2022-04-05 08:52:10.844 INFO Train - trainImages: finding encoding of image is done
2022-04-05 08:52:10.844 INFO Train - trainImages: loading image
2022-04-05 08:52:10.845 DEBUG Train - trainImages: /home/vikasjoshis001/Desktop/Gestures/images_to_train/king in the north/index3.jpeg
2022-04-05 08:52:10.845 INFO Train - trainImages: loading image done
2022-04-05 08:52:10.845 INFO Train - trainImages: finding the encoding of image
2022-04-05 08:52:10.961 INFO Train - trainImages: finding encoding of image is done
2022-04-05 08:52:10.962 INFO Train - trainImages: loading image
2022-04-05 08:52:10.964 DEBUG Train - trainImages: /home/vikasjoshis001/Desktop/Gestures/images_to_train/king in the north/index5.jpeg
2022-04-05 08:52:10.964 INFO Train - trainImages: loading image done
2022-04-05 08:52:10.964 INFO Train - trainImages: finding the encoding of image
2022-04-05 08:52:11.083 INFO Train - trainImages: finding encoding of image is done
2022-04-05 08:52:11.083 INFO Train - trainImages: loading image
2022-04-05 08:52:11.084 DEBUG Train - trainImages: /home/vikasjoshis001/Desktop/Gestures/images_to_train/king in the north/index2.jpeg
2022-04-05 08:52:11.084 INFO Train - trainImages: loading image done
2022-04-05 08:52:11.084 INFO Train - trainImages: finding the encoding of image
2022-04-05 08:52:11.202 INFO Train - trainImages: finding encoding of image is done
2022-04-05 08:52:11.202 INFO Train - trainImages: loading image
2022-04-05 08:52:11.204 DEBUG Train - trainImages: /home/vikasjoshis001/Desktop/Gestures/images_to_train/king in the north/index4.jpeg
2022-04-05 08:52:11.204 INFO Train - trainImages: loading image done
2022-04-05 08:52:11.204 INFO Train - trainImages: finding the encoding of image
2022-04-05 08:52:11.314 INFO Train - trainImages: finding encoding of image is done
2022-04-05 08:52:11.314 INFO Train - trainImages: getting average of encodings of loaded images
2022-04-05 08:52:11.314 INFO Train - trainImages: done with getting average encodings
2022-04-05 08:52:11.314 INFO Train - trainImages: storing the name and encoding in local dictionary
2022-04-05 08:52:11.314 INFO Train - trainImages: stored name and encodes in local dictionary
2022-04-05 08:52:11.314 INFO Train - trainImages: storing the name and encodings in mongodb
2022-04-05 08:52:11.316 INFO Train - trainImages: stored all name and encodes in mongodb
2022-04-05 08:52:11.316 INFO Train - trainImages: started loading images and finding their encodings
2022-04-05 08:52:11.316 INFO Train - trainImages: loading image
2022-04-05 08:52:11.324 DEBUG Train - trainImages: /home/vikasjoshis001/Desktop/Gestures/images_to_train/VJ-2022-04-05 04:13:29.268581/VJ.a5f7c8b6-b468-11ec-a9a1-61e1084a1b14.jpeg
2022-04-05 08:52:11.324 INFO Train - trainImages: loading image done
2022-04-05 08:52:11.324 INFO Train - trainImages: finding the encoding of image
2022-04-05 08:52:11.465 INFO Train - trainImages: finding encoding of image is done
2022-04-05 08:52:11.465 INFO Train - trainImages: loading image
2022-04-05 08:52:11.469 DEBUG Train - trainImages: /home/vikasjoshis001/Desktop/Gestures/images_to_train/VJ-2022-04-05 04:13:29.268581/VJ.a8754032-b468-11ec-a9a1-61e1084a1b14.jpeg
2022-04-05 08:52:11.469 INFO Train - trainImages: loading image done
2022-04-05 08:52:11.469 INFO Train - trainImages: finding the encoding of image
2022-04-05 08:52:11.605 INFO Train - trainImages: finding encoding of image is done
2022-04-05 08:52:11.605 INFO Train - trainImages: loading image
2022-04-05 08:52:11.607 DEBUG Train - trainImages: /home/vikasjoshis001/Desktop/Gestures/images_to_train/VJ-2022-04-05 04:13:29.268581/VJ.a5f7c8b7-b468-11ec-a9a1-61e1084a1b14.jpeg
2022-04-05 08:52:11.608 INFO Train - trainImages: loading image done
2022-04-05 08:52:11.608 INFO Train - trainImages: finding the encoding of image
2022-04-05 08:52:11.755 INFO Train - trainImages: finding encoding of image is done
2022-04-05 08:52:11.756 INFO Train - trainImages: loading image
2022-04-05 08:52:11.757 DEBUG Train - trainImages: /home/vikasjoshis001/Desktop/Gestures/images_to_train/VJ-2022-04-05 04:13:29.268581/VJ.a73eafbf-b468-11ec-a9a1-61e1084a1b14.jpeg
2022-04-05 08:52:11.757 INFO Train - trainImages: loading image done
2022-04-05 08:52:11.757 INFO Train - trainImages: finding the encoding of image
2022-04-05 08:52:11.892 INFO Train - trainImages: finding encoding of image is done
2022-04-05 08:52:11.893 INFO Train - trainImages: loading image
2022-04-05 08:52:11.895 DEBUG Train - trainImages: /home/vikasjoshis001/Desktop/Gestures/images_to_train/VJ-2022-04-05 04:13:29.268581/VJ.a73eafbe-b468-11ec-a9a1-61e1084a1b14.jpeg
2022-04-05 08:52:11.895 INFO Train - trainImages: loading image done
2022-04-05 08:52:11.895 INFO Train - trainImages: finding the encoding of image
2022-04-05 08:52:12.037 INFO Train - trainImages: finding encoding of image is done
2022-04-05 08:52:12.037 INFO Train - trainImages: getting average of encodings of loaded images
2022-04-05 08:52:12.037 INFO Train - trainImages: done with getting average encodings
2022-04-05 08:52:12.037 INFO Train - trainImages: storing the name and encoding in local dictionary
2022-04-05 08:52:12.037 INFO Train - trainImages: stored name and encodes in local dictionary
2022-04-05 08:52:12.037 INFO Train - trainImages: storing the name and encodings in mongodb
2022-04-05 08:52:12.038 INFO Train - trainImages: stored all name and encodes in mongodb
2022-04-05 08:52:12.038 INFO Train - trainImages: started loading images and finding their encodings
2022-04-05 08:52:12.039 INFO Train - trainImages: loading image
2022-04-05 08:52:12.041 DEBUG Train - trainImages: /home/vikasjoshis001/Desktop/Gestures/images_to_train/arya stark/index.jpeg
2022-04-05 08:52:12.041 INFO Train - trainImages: loading image done
2022-04-05 08:52:12.041 INFO Train - trainImages: finding the encoding of image
2022-04-05 08:52:12.153 INFO Train - trainImages: finding encoding of image is done
2022-04-05 08:52:12.153 INFO Train - trainImages: loading image
2022-04-05 08:52:12.155 DEBUG Train - trainImages: /home/vikasjoshis001/Desktop/Gestures/images_to_train/arya stark/index3.jpeg
2022-04-05 08:52:12.155 INFO Train - trainImages: loading image done
2022-04-05 08:52:12.155 INFO Train - trainImages: finding the encoding of image
2022-04-05 08:52:12.267 INFO Train - trainImages: finding encoding of image is done
2022-04-05 08:52:12.268 INFO Train - trainImages: loading image
2022-04-05 08:52:12.269 DEBUG Train - trainImages: /home/vikasjoshis001/Desktop/Gestures/images_to_train/arya stark/index5.jpeg
2022-04-05 08:52:12.269 INFO Train - trainImages: loading image done
2022-04-05 08:52:12.269 INFO Train - trainImages: finding the encoding of image
2022-04-05 08:52:12.385 INFO Train - trainImages: finding encoding of image is done
2022-04-05 08:52:12.385 INFO Train - trainImages: loading image
2022-04-05 08:52:12.386 DEBUG Train - trainImages: /home/vikasjoshis001/Desktop/Gestures/images_to_train/arya stark/index2.jpeg
2022-04-05 08:52:12.386 INFO Train - trainImages: loading image done
2022-04-05 08:52:12.387 INFO Train - trainImages: finding the encoding of image
2022-04-05 08:52:12.497 INFO Train - trainImages: finding encoding of image is done
2022-04-05 08:52:12.497 INFO Train - trainImages: loading image
2022-04-05 08:52:12.499 DEBUG Train - trainImages: /home/vikasjoshis001/Desktop/Gestures/images_to_train/arya stark/images4.jpeg
2022-04-05 08:52:12.499 INFO Train - trainImages: loading image done
2022-04-05 08:52:12.499 INFO Train - trainImages: finding the encoding of image
2022-04-05 08:52:12.604 INFO Train - trainImages: finding encoding of image is done
2022-04-05 08:52:12.604 INFO Train - trainImages: getting average of encodings of loaded images
2022-04-05 08:52:12.604 INFO Train - trainImages: done with getting average encodings
2022-04-05 08:52:12.604 INFO Train - trainImages: storing the name and encoding in local dictionary
2022-04-05 08:52:12.604 INFO Train - trainImages: stored name and encodes in local dictionary
2022-04-05 08:52:12.604 INFO Train - trainImages: storing the name and encodings in mongodb
2022-04-05 08:52:12.605 INFO Train - trainImages: stored all name and encodes in mongodb
2022-04-05 08:52:12.606 INFO Train - trainImages: started loading images and finding their encodings
2022-04-05 08:52:12.606 INFO Train - trainImages: loading image
2022-04-05 08:52:12.609 DEBUG Train - trainImages: /home/vikasjoshis001/Desktop/Gestures/images_to_train/Dilip Joshi-2022-04-05 04:11:50.832451/Dilip Joshi.6e2dc250-b468-11ec-a9a1-61e1084a1b14.jpeg
2022-04-05 08:52:12.609 INFO Train - trainImages: loading image done
2022-04-05 08:52:12.609 INFO Train - trainImages: finding the encoding of image
2022-04-05 08:52:12.739 INFO Train - trainImages: finding encoding of image is done
2022-04-05 08:52:12.739 INFO Train - trainImages: loading image
2022-04-05 08:52:12.742 DEBUG Train - trainImages: /home/vikasjoshis001/Desktop/Gestures/images_to_train/Dilip Joshi-2022-04-05 04:11:50.832451/Dilip Joshi.6cf953d7-b468-11ec-a9a1-61e1084a1b14.jpeg
2022-04-05 08:52:12.742 INFO Train - trainImages: loading image done
2022-04-05 08:52:12.742 INFO Train - trainImages: finding the encoding of image
2022-04-05 08:52:12.874 INFO Train - trainImages: finding encoding of image is done
2022-04-05 08:52:12.874 INFO Train - trainImages: loading image
2022-04-05 08:52:12.876 DEBUG Train - trainImages: /home/vikasjoshis001/Desktop/Gestures/images_to_train/Dilip Joshi-2022-04-05 04:11:50.832451/Dilip Joshi.6e2dc251-b468-11ec-a9a1-61e1084a1b14.jpeg
2022-04-05 08:52:12.876 INFO Train - trainImages: loading image done
2022-04-05 08:52:12.876 INFO Train - trainImages: finding the encoding of image
2022-04-05 08:52:13.002 INFO Train - trainImages: finding encoding of image is done
2022-04-05 08:52:13.002 INFO Train - trainImages: loading image
2022-04-05 08:52:13.004 DEBUG Train - trainImages: /home/vikasjoshis001/Desktop/Gestures/images_to_train/Dilip Joshi-2022-04-05 04:11:50.832451/Dilip Joshi.6cf953d6-b468-11ec-a9a1-61e1084a1b14.jpeg
2022-04-05 08:52:13.004 INFO Train - trainImages: loading image done
2022-04-05 08:52:13.004 INFO Train - trainImages: finding the encoding of image
2022-04-05 08:52:13.122 INFO Train - trainImages: finding encoding of image is done
2022-04-05 08:52:13.122 INFO Train - trainImages: loading image
2022-04-05 08:52:13.124 DEBUG Train - trainImages: /home/vikasjoshis001/Desktop/Gestures/images_to_train/Dilip Joshi-2022-04-05 04:11:50.832451/Dilip Joshi.6b5aa98a-b468-11ec-a9a1-61e1084a1b14.jpeg
2022-04-05 08:52:13.124 INFO Train - trainImages: loading image done
2022-04-05 08:52:13.124 INFO Train - trainImages: finding the encoding of image
2022-04-05 08:52:13.247 INFO Train - trainImages: finding encoding of image is done
2022-04-05 08:52:13.247 INFO Train - trainImages: getting average of encodings of loaded images
2022-04-05 08:52:13.247 INFO Train - trainImages: done with getting average encodings
2022-04-05 08:52:13.247 INFO Train - trainImages: storing the name and encoding in local dictionary
2022-04-05 08:52:13.247 INFO Train - trainImages: stored name and encodes in local dictionary
2022-04-05 08:52:13.247 INFO Train - trainImages: storing the name and encodings in mongodb
2022-04-05 08:52:13.248 INFO Train - trainImages: stored all name and encodes in mongodb
