2022-02-25 12:08:19.137 INFO Train - trainImages: MongoDB database connected successfully
2022-02-25 12:08:19.145 INFO Train - trainImages: collected all folders in known_people folder
2022-02-25 12:08:19.146 DEBUG Train - trainImages: ['tyrion lannister', 'denerys targeryan', 'Vikas', 'cersie lannister', 'king in the north', 'Dilip', 'arya stark']
2022-02-25 12:08:19.149 INFO Train - trainImages: collected all images from all folders in known_people folder
2022-02-25 12:08:19.149 DEBUG Train - trainImages: [['/home/vikasjoshis001/Desktop/FaceRecognition/images_to_train/tyrion lannister/images5.jpeg', '/home/vikasjoshis001/Desktop/FaceRecognition/images_to_train/tyrion lannister/index3.jpeg', '/home/vikasjoshis001/Desktop/FaceRecognition/images_to_train/tyrion lannister/index1.jpeg', '/home/vikasjoshis001/Desktop/FaceRecognition/images_to_train/tyrion lannister/index2.jpeg', '/home/vikasjoshis001/Desktop/FaceRecognition/images_to_train/tyrion lannister/index4.jpeg'], ['/home/vikasjoshis001/Desktop/FaceRecognition/images_to_train/denerys targeryan/index3.jpeg', '/home/vikasjoshis001/Desktop/FaceRecognition/images_to_train/denerys targeryan/index5.jpeg', '/home/vikasjoshis001/Desktop/FaceRecognition/images_to_train/denerys targeryan/index1.jpeg', '/home/vikasjoshis001/Desktop/FaceRecognition/images_to_train/denerys targeryan/index2.jpeg', '/home/vikasjoshis001/Desktop/FaceRecognition/images_to_train/denerys targeryan/index4.jpeg'], ['/home/vikasjoshis001/Desktop/FaceRecognition/images_to_train/Vikas/Vikas.87dd1c20-9602-11ec-a6b1-2f237028861a.jpeg', '/home/vikasjoshis001/Desktop/FaceRecognition/images_to_train/Vikas/Vikas.8912a272-9602-11ec-a6b1-2f237028861a.jpeg', '/home/vikasjoshis001/Desktop/FaceRecognition/images_to_train/Vikas/Vikas.869966c0-9602-11ec-a6b1-2f237028861a.jpeg', '/home/vikasjoshis001/Desktop/FaceRecognition/images_to_train/Vikas/Vikas.87dd1c21-9602-11ec-a6b1-2f237028861a.jpeg', '/home/vikasjoshis001/Desktop/FaceRecognition/images_to_train/Vikas/Vikas.869966c1-9602-11ec-a6b1-2f237028861a.jpeg'], ['/home/vikasjoshis001/Desktop/FaceRecognition/images_to_train/cersie lannister/index3.jpeg', '/home/vikasjoshis001/Desktop/FaceRecognition/images_to_train/cersie lannister/index5.jpeg', '/home/vikasjoshis001/Desktop/FaceRecognition/images_to_train/cersie lannister/index2.jpeg', '/home/vikasjoshis001/Desktop/FaceRecognition/images_to_train/cersie lannister/index4.jpeg'], ['/home/vikasjoshis001/Desktop/FaceRecognition/images_to_train/king in the north/index.jpeg', '/home/vikasjoshis001/Desktop/FaceRecognition/images_to_train/king in the north/index3.jpeg', '/home/vikasjoshis001/Desktop/FaceRecognition/images_to_train/king in the north/index5.jpeg', '/home/vikasjoshis001/Desktop/FaceRecognition/images_to_train/king in the north/index2.jpeg', '/home/vikasjoshis001/Desktop/FaceRecognition/images_to_train/king in the north/index4.jpeg'], ['/home/vikasjoshis001/Desktop/FaceRecognition/images_to_train/Dilip/Dilip.8195f38f-9605-11ec-a6b1-2f237028861a.jpeg', '/home/vikasjoshis001/Desktop/FaceRecognition/images_to_train/Dilip/Dilip.8415a7bc-9605-11ec-a6b1-2f237028861a.jpeg', '/home/vikasjoshis001/Desktop/FaceRecognition/images_to_train/Dilip/Dilip.82dc4587-9605-11ec-a6b1-2f237028861a.jpeg', '/home/vikasjoshis001/Desktop/FaceRecognition/images_to_train/Dilip/Dilip.82dc4586-9605-11ec-a6b1-2f237028861a.jpeg', '/home/vikasjoshis001/Desktop/FaceRecognition/images_to_train/Dilip/Dilip.8195f38e-9605-11ec-a6b1-2f237028861a.jpeg'], ['/home/vikasjoshis001/Desktop/FaceRecognition/images_to_train/arya stark/index.jpeg', '/home/vikasjoshis001/Desktop/FaceRecognition/images_to_train/arya stark/index3.jpeg', '/home/vikasjoshis001/Desktop/FaceRecognition/images_to_train/arya stark/index5.jpeg', '/home/vikasjoshis001/Desktop/FaceRecognition/images_to_train/arya stark/index2.jpeg', '/home/vikasjoshis001/Desktop/FaceRecognition/images_to_train/arya stark/images4.jpeg']]
2022-02-25 12:08:19.150 INFO Train - trainImages: started loading images and finding their encodings
2022-02-25 12:08:19.150 INFO Train - trainImages: loading image
2022-02-25 12:08:19.169 DEBUG Train - trainImages: /home/vikasjoshis001/Desktop/FaceRecognition/images_to_train/tyrion lannister/images5.jpeg
2022-02-25 12:08:19.169 INFO Train - trainImages: loading image done
2022-02-25 12:08:19.170 INFO Train - trainImages: finding the encoding of image
2022-02-25 12:08:19.248 INFO Train - trainImages: finding encoding of image is done
2022-02-25 12:08:19.248 INFO Train - trainImages: loading image
2022-02-25 12:08:19.248 DEBUG Train - trainImages: /home/vikasjoshis001/Desktop/FaceRecognition/images_to_train/tyrion lannister/index3.jpeg
2022-02-25 12:08:19.248 INFO Train - trainImages: loading image done
2022-02-25 12:08:19.248 INFO Train - trainImages: finding the encoding of image
2022-02-25 12:08:19.312 INFO Train - trainImages: finding encoding of image is done
2022-02-25 12:08:19.312 INFO Train - trainImages: loading image
2022-02-25 12:08:19.313 DEBUG Train - trainImages: /home/vikasjoshis001/Desktop/FaceRecognition/images_to_train/tyrion lannister/index1.jpeg
2022-02-25 12:08:19.313 INFO Train - trainImages: loading image done
2022-02-25 12:08:19.313 INFO Train - trainImages: finding the encoding of image
2022-02-25 12:08:19.378 INFO Train - trainImages: finding encoding of image is done
2022-02-25 12:08:19.378 INFO Train - trainImages: loading image
2022-02-25 12:08:19.378 DEBUG Train - trainImages: /home/vikasjoshis001/Desktop/FaceRecognition/images_to_train/tyrion lannister/index2.jpeg
2022-02-25 12:08:19.379 INFO Train - trainImages: loading image done
2022-02-25 12:08:19.379 INFO Train - trainImages: finding the encoding of image
2022-02-25 12:08:19.445 INFO Train - trainImages: finding encoding of image is done
2022-02-25 12:08:19.445 INFO Train - trainImages: loading image
2022-02-25 12:08:19.445 DEBUG Train - trainImages: /home/vikasjoshis001/Desktop/FaceRecognition/images_to_train/tyrion lannister/index4.jpeg
2022-02-25 12:08:19.445 INFO Train - trainImages: loading image done
2022-02-25 12:08:19.445 INFO Train - trainImages: finding the encoding of image
2022-02-25 12:08:19.509 INFO Train - trainImages: finding encoding of image is done
2022-02-25 12:08:19.509 INFO Train - trainImages: getting average of encodings of loaded images
2022-02-25 12:08:19.509 INFO Train - trainImages: done with getting average encodings
2022-02-25 12:08:19.509 INFO Train - trainImages: storing the name and encoding in local dictionary
2022-02-25 12:08:19.509 INFO Train - trainImages: stored name and encodes in local dictionary
2022-02-25 12:08:19.509 INFO Train - trainImages: storing the name and encodings in mongodb
2022-02-25 12:08:19.511 INFO Train - trainImages: stored all name and encodes in mongodb
2022-02-25 12:08:19.511 INFO Train - trainImages: started loading images and finding their encodings
2022-02-25 12:08:19.511 INFO Train - trainImages: loading image
2022-02-25 12:08:19.511 DEBUG Train - trainImages: /home/vikasjoshis001/Desktop/FaceRecognition/images_to_train/denerys targeryan/index3.jpeg
2022-02-25 12:08:19.511 INFO Train - trainImages: loading image done
2022-02-25 12:08:19.511 INFO Train - trainImages: finding the encoding of image
2022-02-25 12:08:19.575 INFO Train - trainImages: finding encoding of image is done
2022-02-25 12:08:19.575 INFO Train - trainImages: loading image
2022-02-25 12:08:19.576 DEBUG Train - trainImages: /home/vikasjoshis001/Desktop/FaceRecognition/images_to_train/denerys targeryan/index5.jpeg
2022-02-25 12:08:19.576 INFO Train - trainImages: loading image done
2022-02-25 12:08:19.576 INFO Train - trainImages: finding the encoding of image
2022-02-25 12:08:19.642 INFO Train - trainImages: finding encoding of image is done
2022-02-25 12:08:19.642 INFO Train - trainImages: loading image
2022-02-25 12:08:19.642 DEBUG Train - trainImages: /home/vikasjoshis001/Desktop/FaceRecognition/images_to_train/denerys targeryan/index1.jpeg
2022-02-25 12:08:19.642 INFO Train - trainImages: loading image done
2022-02-25 12:08:19.642 INFO Train - trainImages: finding the encoding of image
2022-02-25 12:08:19.708 INFO Train - trainImages: finding encoding of image is done
2022-02-25 12:08:19.708 INFO Train - trainImages: loading image
2022-02-25 12:08:19.709 DEBUG Train - trainImages: /home/vikasjoshis001/Desktop/FaceRecognition/images_to_train/denerys targeryan/index2.jpeg
2022-02-25 12:08:19.709 INFO Train - trainImages: loading image done
2022-02-25 12:08:19.709 INFO Train - trainImages: finding the encoding of image
2022-02-25 12:08:19.775 INFO Train - trainImages: finding encoding of image is done
2022-02-25 12:08:19.775 INFO Train - trainImages: loading image
2022-02-25 12:08:19.775 DEBUG Train - trainImages: /home/vikasjoshis001/Desktop/FaceRecognition/images_to_train/denerys targeryan/index4.jpeg
2022-02-25 12:08:19.775 INFO Train - trainImages: loading image done
2022-02-25 12:08:19.775 INFO Train - trainImages: finding the encoding of image
2022-02-25 12:08:19.840 INFO Train - trainImages: finding encoding of image is done
2022-02-25 12:08:19.840 INFO Train - trainImages: getting average of encodings of loaded images
2022-02-25 12:08:19.840 INFO Train - trainImages: done with getting average encodings
2022-02-25 12:08:19.840 INFO Train - trainImages: storing the name and encoding in local dictionary
2022-02-25 12:08:19.840 INFO Train - trainImages: stored name and encodes in local dictionary
2022-02-25 12:08:19.840 INFO Train - trainImages: storing the name and encodings in mongodb
2022-02-25 12:08:19.841 INFO Train - trainImages: stored all name and encodes in mongodb
2022-02-25 12:08:19.841 INFO Train - trainImages: started loading images and finding their encodings
2022-02-25 12:08:19.841 INFO Train - trainImages: loading image
2022-02-25 12:08:19.843 DEBUG Train - trainImages: /home/vikasjoshis001/Desktop/FaceRecognition/images_to_train/Vikas/Vikas.87dd1c20-9602-11ec-a6b1-2f237028861a.jpeg
2022-02-25 12:08:19.843 INFO Train - trainImages: loading image done
2022-02-25 12:08:19.843 INFO Train - trainImages: finding the encoding of image
2022-02-25 12:08:20.027 INFO Train - trainImages: finding encoding of image is done
2022-02-25 12:08:20.027 INFO Train - trainImages: loading image
2022-02-25 12:08:20.030 DEBUG Train - trainImages: /home/vikasjoshis001/Desktop/FaceRecognition/images_to_train/Vikas/Vikas.8912a272-9602-11ec-a6b1-2f237028861a.jpeg
2022-02-25 12:08:20.030 INFO Train - trainImages: loading image done
2022-02-25 12:08:20.030 INFO Train - trainImages: finding the encoding of image
2022-02-25 12:08:20.210 INFO Train - trainImages: finding encoding of image is done
2022-02-25 12:08:20.210 INFO Train - trainImages: loading image
2022-02-25 12:08:20.213 DEBUG Train - trainImages: /home/vikasjoshis001/Desktop/FaceRecognition/images_to_train/Vikas/Vikas.869966c0-9602-11ec-a6b1-2f237028861a.jpeg
2022-02-25 12:08:20.213 INFO Train - trainImages: loading image done
2022-02-25 12:08:20.213 INFO Train - trainImages: finding the encoding of image
2022-02-25 12:08:20.393 INFO Train - trainImages: finding encoding of image is done
2022-02-25 12:08:20.393 INFO Train - trainImages: loading image
2022-02-25 12:08:20.395 DEBUG Train - trainImages: /home/vikasjoshis001/Desktop/FaceRecognition/images_to_train/Vikas/Vikas.87dd1c21-9602-11ec-a6b1-2f237028861a.jpeg
2022-02-25 12:08:20.395 INFO Train - trainImages: loading image done
2022-02-25 12:08:20.395 INFO Train - trainImages: finding the encoding of image
2022-02-25 12:08:20.576 INFO Train - trainImages: finding encoding of image is done
2022-02-25 12:08:20.576 INFO Train - trainImages: loading image
2022-02-25 12:08:20.578 DEBUG Train - trainImages: /home/vikasjoshis001/Desktop/FaceRecognition/images_to_train/Vikas/Vikas.869966c1-9602-11ec-a6b1-2f237028861a.jpeg
2022-02-25 12:08:20.578 INFO Train - trainImages: loading image done
2022-02-25 12:08:20.578 INFO Train - trainImages: finding the encoding of image
2022-02-25 12:08:20.756 INFO Train - trainImages: finding encoding of image is done
2022-02-25 12:08:20.756 INFO Train - trainImages: getting average of encodings of loaded images
2022-02-25 12:08:20.757 INFO Train - trainImages: done with getting average encodings
2022-02-25 12:08:20.757 INFO Train - trainImages: storing the name and encoding in local dictionary
2022-02-25 12:08:20.757 INFO Train - trainImages: stored name and encodes in local dictionary
2022-02-25 12:08:20.757 INFO Train - trainImages: storing the name and encodings in mongodb
2022-02-25 12:08:20.757 INFO Train - trainImages: stored all name and encodes in mongodb
2022-02-25 12:08:20.757 INFO Train - trainImages: started loading images and finding their encodings
2022-02-25 12:08:20.757 INFO Train - trainImages: loading image
2022-02-25 12:08:20.758 DEBUG Train - trainImages: /home/vikasjoshis001/Desktop/FaceRecognition/images_to_train/cersie lannister/index3.jpeg
2022-02-25 12:08:20.758 INFO Train - trainImages: loading image done
2022-02-25 12:08:20.758 INFO Train - trainImages: finding the encoding of image
2022-02-25 12:08:20.823 INFO Train - trainImages: finding encoding of image is done
2022-02-25 12:08:20.823 INFO Train - trainImages: loading image
2022-02-25 12:08:20.824 DEBUG Train - trainImages: /home/vikasjoshis001/Desktop/FaceRecognition/images_to_train/cersie lannister/index5.jpeg
2022-02-25 12:08:20.824 INFO Train - trainImages: loading image done
2022-02-25 12:08:20.824 INFO Train - trainImages: finding the encoding of image
2022-02-25 12:08:20.888 INFO Train - trainImages: finding encoding of image is done
2022-02-25 12:08:20.888 INFO Train - trainImages: loading image
2022-02-25 12:08:20.889 DEBUG Train - trainImages: /home/vikasjoshis001/Desktop/FaceRecognition/images_to_train/cersie lannister/index2.jpeg
2022-02-25 12:08:20.889 INFO Train - trainImages: loading image done
2022-02-25 12:08:20.889 INFO Train - trainImages: finding the encoding of image
2022-02-25 12:08:20.955 INFO Train - trainImages: finding encoding of image is done
2022-02-25 12:08:20.956 INFO Train - trainImages: loading image
2022-02-25 12:08:20.956 DEBUG Train - trainImages: /home/vikasjoshis001/Desktop/FaceRecognition/images_to_train/cersie lannister/index4.jpeg
2022-02-25 12:08:20.956 INFO Train - trainImages: loading image done
2022-02-25 12:08:20.956 INFO Train - trainImages: finding the encoding of image
2022-02-25 12:08:21.022 INFO Train - trainImages: finding encoding of image is done
2022-02-25 12:08:21.022 INFO Train - trainImages: getting average of encodings of loaded images
2022-02-25 12:08:21.022 INFO Train - trainImages: done with getting average encodings
2022-02-25 12:08:21.022 INFO Train - trainImages: storing the name and encoding in local dictionary
2022-02-25 12:08:21.022 INFO Train - trainImages: stored name and encodes in local dictionary
2022-02-25 12:08:21.022 INFO Train - trainImages: storing the name and encodings in mongodb
2022-02-25 12:08:21.023 INFO Train - trainImages: stored all name and encodes in mongodb
2022-02-25 12:08:21.023 INFO Train - trainImages: started loading images and finding their encodings
2022-02-25 12:08:21.023 INFO Train - trainImages: loading image
2022-02-25 12:08:21.024 DEBUG Train - trainImages: /home/vikasjoshis001/Desktop/FaceRecognition/images_to_train/king in the north/index.jpeg
2022-02-25 12:08:21.024 INFO Train - trainImages: loading image done
2022-02-25 12:08:21.024 INFO Train - trainImages: finding the encoding of image
2022-02-25 12:08:21.090 INFO Train - trainImages: finding encoding of image is done
2022-02-25 12:08:21.090 INFO Train - trainImages: loading image
2022-02-25 12:08:21.090 DEBUG Train - trainImages: /home/vikasjoshis001/Desktop/FaceRecognition/images_to_train/king in the north/index3.jpeg
2022-02-25 12:08:21.091 INFO Train - trainImages: loading image done
2022-02-25 12:08:21.091 INFO Train - trainImages: finding the encoding of image
2022-02-25 12:08:21.157 INFO Train - trainImages: finding encoding of image is done
2022-02-25 12:08:21.157 INFO Train - trainImages: loading image
2022-02-25 12:08:21.158 DEBUG Train - trainImages: /home/vikasjoshis001/Desktop/FaceRecognition/images_to_train/king in the north/index5.jpeg
2022-02-25 12:08:21.158 INFO Train - trainImages: loading image done
2022-02-25 12:08:21.158 INFO Train - trainImages: finding the encoding of image
2022-02-25 12:08:21.225 INFO Train - trainImages: finding encoding of image is done
2022-02-25 12:08:21.225 INFO Train - trainImages: loading image
2022-02-25 12:08:21.225 DEBUG Train - trainImages: /home/vikasjoshis001/Desktop/FaceRecognition/images_to_train/king in the north/index2.jpeg
2022-02-25 12:08:21.225 INFO Train - trainImages: loading image done
2022-02-25 12:08:21.225 INFO Train - trainImages: finding the encoding of image
2022-02-25 12:08:21.291 INFO Train - trainImages: finding encoding of image is done
2022-02-25 12:08:21.291 INFO Train - trainImages: loading image
2022-02-25 12:08:21.291 DEBUG Train - trainImages: /home/vikasjoshis001/Desktop/FaceRecognition/images_to_train/king in the north/index4.jpeg
2022-02-25 12:08:21.291 INFO Train - trainImages: loading image done
2022-02-25 12:08:21.292 INFO Train - trainImages: finding the encoding of image
2022-02-25 12:08:21.358 INFO Train - trainImages: finding encoding of image is done
2022-02-25 12:08:21.358 INFO Train - trainImages: getting average of encodings of loaded images
2022-02-25 12:08:21.359 INFO Train - trainImages: done with getting average encodings
2022-02-25 12:08:21.359 INFO Train - trainImages: storing the name and encoding in local dictionary
2022-02-25 12:08:21.359 INFO Train - trainImages: stored name and encodes in local dictionary
2022-02-25 12:08:21.359 INFO Train - trainImages: storing the name and encodings in mongodb
2022-02-25 12:08:21.359 INFO Train - trainImages: stored all name and encodes in mongodb
2022-02-25 12:08:21.359 INFO Train - trainImages: started loading images and finding their encodings
2022-02-25 12:08:21.360 INFO Train - trainImages: loading image
2022-02-25 12:08:21.362 DEBUG Train - trainImages: /home/vikasjoshis001/Desktop/FaceRecognition/images_to_train/Dilip/Dilip.8195f38f-9605-11ec-a6b1-2f237028861a.jpeg
2022-02-25 12:08:21.362 INFO Train - trainImages: loading image done
2022-02-25 12:08:21.362 INFO Train - trainImages: finding the encoding of image
2022-02-25 12:08:21.540 INFO Train - trainImages: finding encoding of image is done
2022-02-25 12:08:21.541 INFO Train - trainImages: loading image
2022-02-25 12:08:21.543 DEBUG Train - trainImages: /home/vikasjoshis001/Desktop/FaceRecognition/images_to_train/Dilip/Dilip.8415a7bc-9605-11ec-a6b1-2f237028861a.jpeg
2022-02-25 12:08:21.543 INFO Train - trainImages: loading image done
2022-02-25 12:08:21.543 INFO Train - trainImages: finding the encoding of image
2022-02-25 12:08:21.721 INFO Train - trainImages: finding encoding of image is done
2022-02-25 12:08:21.721 INFO Train - trainImages: loading image
2022-02-25 12:08:21.723 DEBUG Train - trainImages: /home/vikasjoshis001/Desktop/FaceRecognition/images_to_train/Dilip/Dilip.82dc4587-9605-11ec-a6b1-2f237028861a.jpeg
2022-02-25 12:08:21.723 INFO Train - trainImages: loading image done
2022-02-25 12:08:21.723 INFO Train - trainImages: finding the encoding of image
2022-02-25 12:08:21.904 INFO Train - trainImages: finding encoding of image is done
2022-02-25 12:08:21.904 INFO Train - trainImages: loading image
2022-02-25 12:08:21.906 DEBUG Train - trainImages: /home/vikasjoshis001/Desktop/FaceRecognition/images_to_train/Dilip/Dilip.82dc4586-9605-11ec-a6b1-2f237028861a.jpeg
2022-02-25 12:08:21.906 INFO Train - trainImages: loading image done
2022-02-25 12:08:21.906 INFO Train - trainImages: finding the encoding of image
2022-02-25 12:08:22.081 INFO Train - trainImages: finding encoding of image is done
2022-02-25 12:08:22.082 INFO Train - trainImages: loading image
2022-02-25 12:08:22.084 DEBUG Train - trainImages: /home/vikasjoshis001/Desktop/FaceRecognition/images_to_train/Dilip/Dilip.8195f38e-9605-11ec-a6b1-2f237028861a.jpeg
2022-02-25 12:08:22.084 INFO Train - trainImages: loading image done
2022-02-25 12:08:22.084 INFO Train - trainImages: finding the encoding of image
2022-02-25 12:08:22.260 INFO Train - trainImages: finding encoding of image is done
2022-02-25 12:08:22.261 INFO Train - trainImages: getting average of encodings of loaded images
2022-02-25 12:08:22.261 INFO Train - trainImages: done with getting average encodings
2022-02-25 12:08:22.261 INFO Train - trainImages: storing the name and encoding in local dictionary
2022-02-25 12:08:22.261 INFO Train - trainImages: stored name and encodes in local dictionary
2022-02-25 12:08:22.261 INFO Train - trainImages: storing the name and encodings in mongodb
2022-02-25 12:08:22.262 INFO Train - trainImages: stored all name and encodes in mongodb
2022-02-25 12:08:22.262 INFO Train - trainImages: started loading images and finding their encodings
2022-02-25 12:08:22.262 INFO Train - trainImages: loading image
2022-02-25 12:08:22.262 DEBUG Train - trainImages: /home/vikasjoshis001/Desktop/FaceRecognition/images_to_train/arya stark/index.jpeg
2022-02-25 12:08:22.262 INFO Train - trainImages: loading image done
2022-02-25 12:08:22.262 INFO Train - trainImages: finding the encoding of image
2022-02-25 12:08:22.328 INFO Train - trainImages: finding encoding of image is done
2022-02-25 12:08:22.328 INFO Train - trainImages: loading image
2022-02-25 12:08:22.329 DEBUG Train - trainImages: /home/vikasjoshis001/Desktop/FaceRecognition/images_to_train/arya stark/index3.jpeg
2022-02-25 12:08:22.329 INFO Train - trainImages: loading image done
2022-02-25 12:08:22.329 INFO Train - trainImages: finding the encoding of image
2022-02-25 12:08:22.393 INFO Train - trainImages: finding encoding of image is done
2022-02-25 12:08:22.393 INFO Train - trainImages: loading image
2022-02-25 12:08:22.394 DEBUG Train - trainImages: /home/vikasjoshis001/Desktop/FaceRecognition/images_to_train/arya stark/index5.jpeg
2022-02-25 12:08:22.394 INFO Train - trainImages: loading image done
2022-02-25 12:08:22.394 INFO Train - trainImages: finding the encoding of image
2022-02-25 12:08:22.460 INFO Train - trainImages: finding encoding of image is done
2022-02-25 12:08:22.460 INFO Train - trainImages: loading image
2022-02-25 12:08:22.461 DEBUG Train - trainImages: /home/vikasjoshis001/Desktop/FaceRecognition/images_to_train/arya stark/index2.jpeg
2022-02-25 12:08:22.461 INFO Train - trainImages: loading image done
2022-02-25 12:08:22.461 INFO Train - trainImages: finding the encoding of image
2022-02-25 12:08:22.526 INFO Train - trainImages: finding encoding of image is done
2022-02-25 12:08:22.526 INFO Train - trainImages: loading image
2022-02-25 12:08:22.527 DEBUG Train - trainImages: /home/vikasjoshis001/Desktop/FaceRecognition/images_to_train/arya stark/images4.jpeg
2022-02-25 12:08:22.527 INFO Train - trainImages: loading image done
2022-02-25 12:08:22.527 INFO Train - trainImages: finding the encoding of image
2022-02-25 12:08:22.590 INFO Train - trainImages: finding encoding of image is done
2022-02-25 12:08:22.591 INFO Train - trainImages: getting average of encodings of loaded images
2022-02-25 12:08:22.591 INFO Train - trainImages: done with getting average encodings
2022-02-25 12:08:22.591 INFO Train - trainImages: storing the name and encoding in local dictionary
2022-02-25 12:08:22.591 INFO Train - trainImages: stored name and encodes in local dictionary
2022-02-25 12:08:22.591 INFO Train - trainImages: storing the name and encodings in mongodb
2022-02-25 12:08:22.592 INFO Train - trainImages: stored all name and encodes in mongodb
