2022-03-31 12:20:11.143 INFO Train - trainImages: MongoDB database connected successfully
2022-03-31 12:20:11.144 INFO Train - trainImages: collected all folders in known_people folder
2022-03-31 12:20:11.144 DEBUG Train - trainImages: ['tyrion lannister', 'Shubham-2022-03-31 12:14:08.769566', 'denerys targeryan', 'cersie lannister', 'king in the north', 'Chai-2022-03-31 12:20:10.218479', 'arya stark', 'Sad-2022-03-31 12:16:52.952750', 'Vikas-2022-03-12 15:33:49.979215']
2022-03-31 12:20:11.145 INFO Train - trainImages: collected all images from all folders in known_people folder
2022-03-31 12:20:11.145 DEBUG Train - trainImages: [['/home/vikasjoshis001/Desktop/Gestures/images_to_train/tyrion lannister/images5.jpeg', '/home/vikasjoshis001/Desktop/Gestures/images_to_train/tyrion lannister/index3.jpeg', '/home/vikasjoshis001/Desktop/Gestures/images_to_train/tyrion lannister/index1.jpeg', '/home/vikasjoshis001/Desktop/Gestures/images_to_train/tyrion lannister/index2.jpeg', '/home/vikasjoshis001/Desktop/Gestures/images_to_train/tyrion lannister/index4.jpeg'], ['/home/vikasjoshis001/Desktop/Gestures/images_to_train/Shubham-2022-03-31 12:14:08.769566/Shubham.f8cc63d4-b0bd-11ec-95c9-353773ec36e1.jpeg'], ['/home/vikasjoshis001/Desktop/Gestures/images_to_train/denerys targeryan/index3.jpeg', '/home/vikasjoshis001/Desktop/Gestures/images_to_train/denerys targeryan/index5.jpeg', '/home/vikasjoshis001/Desktop/Gestures/images_to_train/denerys targeryan/index1.jpeg', '/home/vikasjoshis001/Desktop/Gestures/images_to_train/denerys targeryan/index2.jpeg', '/home/vikasjoshis001/Desktop/Gestures/images_to_train/denerys targeryan/index4.jpeg'], ['/home/vikasjoshis001/Desktop/Gestures/images_to_train/cersie lannister/index3.jpeg', '/home/vikasjoshis001/Desktop/Gestures/images_to_train/cersie lannister/index5.jpeg', '/home/vikasjoshis001/Desktop/Gestures/images_to_train/cersie lannister/index2.jpeg', '/home/vikasjoshis001/Desktop/Gestures/images_to_train/cersie lannister/index4.jpeg'], ['/home/vikasjoshis001/Desktop/Gestures/images_to_train/king in the north/index.jpeg', '/home/vikasjoshis001/Desktop/Gestures/images_to_train/king in the north/index3.jpeg', '/home/vikasjoshis001/Desktop/Gestures/images_to_train/king in the north/index5.jpeg', '/home/vikasjoshis001/Desktop/Gestures/images_to_train/king in the north/index2.jpeg', '/home/vikasjoshis001/Desktop/Gestures/images_to_train/king in the north/index4.jpeg'], ['/home/vikasjoshis001/Desktop/Gestures/images_to_train/Chai-2022-03-31 12:20:10.218479/Chai.cf03ab39-b0be-11ec-95c9-353773ec36e1.jpeg', '/home/vikasjoshis001/Desktop/Gestures/images_to_train/Chai-2022-03-31 12:20:10.218479/Chai.cf03ab3b-b0be-11ec-95c9-353773ec36e1.jpeg', '/home/vikasjoshis001/Desktop/Gestures/images_to_train/Chai-2022-03-31 12:20:10.218479/Chai.cf03ab38-b0be-11ec-95c9-353773ec36e1.jpeg', '/home/vikasjoshis001/Desktop/Gestures/images_to_train/Chai-2022-03-31 12:20:10.218479/Chai.cf03ab3c-b0be-11ec-95c9-353773ec36e1.jpeg', '/home/vikasjoshis001/Desktop/Gestures/images_to_train/Chai-2022-03-31 12:20:10.218479/Chai.cf03ab3a-b0be-11ec-95c9-353773ec36e1.jpeg'], ['/home/vikasjoshis001/Desktop/Gestures/images_to_train/arya stark/index.jpeg', '/home/vikasjoshis001/Desktop/Gestures/images_to_train/arya stark/index3.jpeg', '/home/vikasjoshis001/Desktop/Gestures/images_to_train/arya stark/index5.jpeg', '/home/vikasjoshis001/Desktop/Gestures/images_to_train/arya stark/index2.jpeg', '/home/vikasjoshis001/Desktop/Gestures/images_to_train/arya stark/images4.jpeg'], ['/home/vikasjoshis001/Desktop/Gestures/images_to_train/Sad-2022-03-31 12:16:52.952750/Sad.596d38de-b0be-11ec-95c9-353773ec36e1.jpeg', '/home/vikasjoshis001/Desktop/Gestures/images_to_train/Sad-2022-03-31 12:16:52.952750/Sad.596d38dd-b0be-11ec-95c9-353773ec36e1.jpeg', '/home/vikasjoshis001/Desktop/Gestures/images_to_train/Sad-2022-03-31 12:16:52.952750/Sad.596d38da-b0be-11ec-95c9-353773ec36e1.jpeg', '/home/vikasjoshis001/Desktop/Gestures/images_to_train/Sad-2022-03-31 12:16:52.952750/Sad.596d38db-b0be-11ec-95c9-353773ec36e1.jpeg', '/home/vikasjoshis001/Desktop/Gestures/images_to_train/Sad-2022-03-31 12:16:52.952750/Sad.596d38dc-b0be-11ec-95c9-353773ec36e1.jpeg'], ['/home/vikasjoshis001/Desktop/Gestures/images_to_train/Vikas-2022-03-12 15:33:49.979215/Vikas.b761c802-a1eb-11ec-a348-e960390a4373.jpeg', '/home/vikasjoshis001/Desktop/Gestures/images_to_train/Vikas-2022-03-12 15:33:49.979215/Vikas.b9e21fbe-a1eb-11ec-a348-e960390a4373.jpeg', '/home/vikasjoshis001/Desktop/Gestures/images_to_train/Vikas-2022-03-12 15:33:49.979215/Vikas.b761c803-a1eb-11ec-a348-e960390a4373.jpeg', '/home/vikasjoshis001/Desktop/Gestures/images_to_train/Vikas-2022-03-12 15:33:49.979215/Vikas.b8aa7a74-a1eb-11ec-a348-e960390a4373.jpeg', '/home/vikasjoshis001/Desktop/Gestures/images_to_train/Vikas-2022-03-12 15:33:49.979215/Vikas.b8aa7a75-a1eb-11ec-a348-e960390a4373.jpeg']]
2022-03-31 12:20:11.145 INFO Train - trainImages: started loading images and finding their encodings
2022-03-31 12:20:11.145 INFO Train - trainImages: loading image
2022-03-31 12:20:11.150 DEBUG Train - trainImages: /home/vikasjoshis001/Desktop/Gestures/images_to_train/tyrion lannister/images5.jpeg
2022-03-31 12:20:11.151 INFO Train - trainImages: loading image done
2022-03-31 12:20:11.151 INFO Train - trainImages: finding the encoding of image
2022-03-31 12:20:11.251 INFO Train - trainImages: finding encoding of image is done
2022-03-31 12:20:11.251 INFO Train - trainImages: loading image
2022-03-31 12:20:11.252 DEBUG Train - trainImages: /home/vikasjoshis001/Desktop/Gestures/images_to_train/tyrion lannister/index3.jpeg
2022-03-31 12:20:11.252 INFO Train - trainImages: loading image done
2022-03-31 12:20:11.252 INFO Train - trainImages: finding the encoding of image
2022-03-31 12:20:11.353 INFO Train - trainImages: finding encoding of image is done
2022-03-31 12:20:11.353 INFO Train - trainImages: loading image
2022-03-31 12:20:11.354 DEBUG Train - trainImages: /home/vikasjoshis001/Desktop/Gestures/images_to_train/tyrion lannister/index1.jpeg
2022-03-31 12:20:11.354 INFO Train - trainImages: loading image done
2022-03-31 12:20:11.354 INFO Train - trainImages: finding the encoding of image
2022-03-31 12:20:11.452 INFO Train - trainImages: finding encoding of image is done
2022-03-31 12:20:11.452 INFO Train - trainImages: loading image
2022-03-31 12:20:11.453 DEBUG Train - trainImages: /home/vikasjoshis001/Desktop/Gestures/images_to_train/tyrion lannister/index2.jpeg
2022-03-31 12:20:11.453 INFO Train - trainImages: loading image done
2022-03-31 12:20:11.453 INFO Train - trainImages: finding the encoding of image
2022-03-31 12:20:11.545 INFO Train - trainImages: finding encoding of image is done
2022-03-31 12:20:11.545 INFO Train - trainImages: loading image
2022-03-31 12:20:11.546 DEBUG Train - trainImages: /home/vikasjoshis001/Desktop/Gestures/images_to_train/tyrion lannister/index4.jpeg
2022-03-31 12:20:11.546 INFO Train - trainImages: loading image done
2022-03-31 12:20:11.546 INFO Train - trainImages: finding the encoding of image
2022-03-31 12:20:11.648 INFO Train - trainImages: finding encoding of image is done
2022-03-31 12:20:11.648 INFO Train - trainImages: getting average of encodings of loaded images
2022-03-31 12:20:11.649 INFO Train - trainImages: done with getting average encodings
2022-03-31 12:20:11.649 INFO Train - trainImages: storing the name and encoding in local dictionary
2022-03-31 12:20:11.649 INFO Train - trainImages: stored name and encodes in local dictionary
2022-03-31 12:20:11.649 INFO Train - trainImages: storing the name and encodings in mongodb
2022-03-31 12:20:11.651 INFO Train - trainImages: stored all name and encodes in mongodb
2022-03-31 12:20:11.651 INFO Train - trainImages: started loading images and finding their encodings
2022-03-31 12:20:11.651 INFO Train - trainImages: loading image
2022-03-31 12:20:11.654 DEBUG Train - trainImages: /home/vikasjoshis001/Desktop/Gestures/images_to_train/Shubham-2022-03-31 12:14:08.769566/Shubham.f8cc63d4-b0bd-11ec-95c9-353773ec36e1.jpeg
2022-03-31 12:20:11.654 INFO Train - trainImages: loading image done
2022-03-31 12:20:11.654 INFO Train - trainImages: finding the encoding of image
2022-03-31 12:20:11.940 INFO Train - trainImages: finding encoding of image is done
2022-03-31 12:20:11.940 INFO Train - trainImages: getting average of encodings of loaded images
2022-03-31 12:20:11.940 INFO Train - trainImages: done with getting average encodings
2022-03-31 12:20:11.940 INFO Train - trainImages: storing the name and encoding in local dictionary
2022-03-31 12:20:11.941 INFO Train - trainImages: stored name and encodes in local dictionary
2022-03-31 12:20:11.941 INFO Train - trainImages: storing the name and encodings in mongodb
2022-03-31 12:20:11.941 INFO Train - trainImages: stored all name and encodes in mongodb
2022-03-31 12:20:11.942 INFO Train - trainImages: started loading images and finding their encodings
2022-03-31 12:20:11.942 INFO Train - trainImages: loading image
2022-03-31 12:20:11.942 DEBUG Train - trainImages: /home/vikasjoshis001/Desktop/Gestures/images_to_train/denerys targeryan/index3.jpeg
2022-03-31 12:20:11.942 INFO Train - trainImages: loading image done
2022-03-31 12:20:11.943 INFO Train - trainImages: finding the encoding of image
2022-03-31 12:20:12.044 INFO Train - trainImages: finding encoding of image is done
2022-03-31 12:20:12.044 INFO Train - trainImages: loading image
2022-03-31 12:20:12.045 DEBUG Train - trainImages: /home/vikasjoshis001/Desktop/Gestures/images_to_train/denerys targeryan/index5.jpeg
2022-03-31 12:20:12.045 INFO Train - trainImages: loading image done
2022-03-31 12:20:12.045 INFO Train - trainImages: finding the encoding of image
2022-03-31 12:20:12.137 INFO Train - trainImages: finding encoding of image is done
2022-03-31 12:20:12.138 INFO Train - trainImages: loading image
2022-03-31 12:20:12.138 DEBUG Train - trainImages: /home/vikasjoshis001/Desktop/Gestures/images_to_train/denerys targeryan/index1.jpeg
2022-03-31 12:20:12.138 INFO Train - trainImages: loading image done
2022-03-31 12:20:12.138 INFO Train - trainImages: finding the encoding of image
2022-03-31 12:20:12.210 INFO Train - trainImages: finding encoding of image is done
2022-03-31 12:20:12.210 INFO Train - trainImages: loading image
2022-03-31 12:20:12.211 DEBUG Train - trainImages: /home/vikasjoshis001/Desktop/Gestures/images_to_train/denerys targeryan/index2.jpeg
2022-03-31 12:20:12.211 INFO Train - trainImages: loading image done
2022-03-31 12:20:12.211 INFO Train - trainImages: finding the encoding of image
2022-03-31 12:20:12.282 INFO Train - trainImages: finding encoding of image is done
2022-03-31 12:20:12.282 INFO Train - trainImages: loading image
2022-03-31 12:20:12.283 DEBUG Train - trainImages: /home/vikasjoshis001/Desktop/Gestures/images_to_train/denerys targeryan/index4.jpeg
2022-03-31 12:20:12.283 INFO Train - trainImages: loading image done
2022-03-31 12:20:12.283 INFO Train - trainImages: finding the encoding of image
2022-03-31 12:20:12.352 INFO Train - trainImages: finding encoding of image is done
2022-03-31 12:20:12.352 INFO Train - trainImages: getting average of encodings of loaded images
2022-03-31 12:20:12.353 INFO Train - trainImages: done with getting average encodings
2022-03-31 12:20:12.353 INFO Train - trainImages: storing the name and encoding in local dictionary
2022-03-31 12:20:12.353 INFO Train - trainImages: stored name and encodes in local dictionary
2022-03-31 12:20:12.353 INFO Train - trainImages: storing the name and encodings in mongodb
2022-03-31 12:20:12.353 INFO Train - trainImages: stored all name and encodes in mongodb
2022-03-31 12:20:12.353 INFO Train - trainImages: started loading images and finding their encodings
2022-03-31 12:20:12.353 INFO Train - trainImages: loading image
2022-03-31 12:20:12.354 DEBUG Train - trainImages: /home/vikasjoshis001/Desktop/Gestures/images_to_train/cersie lannister/index3.jpeg
2022-03-31 12:20:12.354 INFO Train - trainImages: loading image done
2022-03-31 12:20:12.354 INFO Train - trainImages: finding the encoding of image
2022-03-31 12:20:12.428 INFO Train - trainImages: finding encoding of image is done
2022-03-31 12:20:12.428 INFO Train - trainImages: loading image
2022-03-31 12:20:12.428 DEBUG Train - trainImages: /home/vikasjoshis001/Desktop/Gestures/images_to_train/cersie lannister/index5.jpeg
2022-03-31 12:20:12.428 INFO Train - trainImages: loading image done
2022-03-31 12:20:12.428 INFO Train - trainImages: finding the encoding of image
2022-03-31 12:20:12.530 INFO Train - trainImages: finding encoding of image is done
2022-03-31 12:20:12.530 INFO Train - trainImages: loading image
2022-03-31 12:20:12.531 DEBUG Train - trainImages: /home/vikasjoshis001/Desktop/Gestures/images_to_train/cersie lannister/index2.jpeg
2022-03-31 12:20:12.531 INFO Train - trainImages: loading image done
2022-03-31 12:20:12.531 INFO Train - trainImages: finding the encoding of image
2022-03-31 12:20:12.645 INFO Train - trainImages: finding encoding of image is done
2022-03-31 12:20:12.652 INFO Train - trainImages: loading image
2022-03-31 12:20:12.653 DEBUG Train - trainImages: /home/vikasjoshis001/Desktop/Gestures/images_to_train/cersie lannister/index4.jpeg
2022-03-31 12:20:12.653 INFO Train - trainImages: loading image done
2022-03-31 12:20:12.653 INFO Train - trainImages: finding the encoding of image
2022-03-31 12:20:12.764 INFO Train - trainImages: finding encoding of image is done
2022-03-31 12:20:12.764 INFO Train - trainImages: getting average of encodings of loaded images
2022-03-31 12:20:12.765 INFO Train - trainImages: done with getting average encodings
2022-03-31 12:20:12.765 INFO Train - trainImages: storing the name and encoding in local dictionary
2022-03-31 12:20:12.765 INFO Train - trainImages: stored name and encodes in local dictionary
2022-03-31 12:20:12.765 INFO Train - trainImages: storing the name and encodings in mongodb
2022-03-31 12:20:12.766 INFO Train - trainImages: stored all name and encodes in mongodb
2022-03-31 12:20:12.766 INFO Train - trainImages: started loading images and finding their encodings
2022-03-31 12:20:12.766 INFO Train - trainImages: loading image
2022-03-31 12:20:12.767 DEBUG Train - trainImages: /home/vikasjoshis001/Desktop/Gestures/images_to_train/king in the north/index.jpeg
2022-03-31 12:20:12.767 INFO Train - trainImages: loading image done
2022-03-31 12:20:12.767 INFO Train - trainImages: finding the encoding of image
2022-03-31 12:20:12.859 INFO Train - trainImages: finding encoding of image is done
2022-03-31 12:20:12.859 INFO Train - trainImages: loading image
2022-03-31 12:20:12.860 DEBUG Train - trainImages: /home/vikasjoshis001/Desktop/Gestures/images_to_train/king in the north/index3.jpeg
2022-03-31 12:20:12.860 INFO Train - trainImages: loading image done
2022-03-31 12:20:12.860 INFO Train - trainImages: finding the encoding of image
2022-03-31 12:20:12.930 INFO Train - trainImages: finding encoding of image is done
2022-03-31 12:20:12.930 INFO Train - trainImages: loading image
2022-03-31 12:20:12.931 DEBUG Train - trainImages: /home/vikasjoshis001/Desktop/Gestures/images_to_train/king in the north/index5.jpeg
2022-03-31 12:20:12.931 INFO Train - trainImages: loading image done
2022-03-31 12:20:12.931 INFO Train - trainImages: finding the encoding of image
2022-03-31 12:20:13.000 INFO Train - trainImages: finding encoding of image is done
2022-03-31 12:20:13.000 INFO Train - trainImages: loading image
2022-03-31 12:20:13.001 DEBUG Train - trainImages: /home/vikasjoshis001/Desktop/Gestures/images_to_train/king in the north/index2.jpeg
2022-03-31 12:20:13.001 INFO Train - trainImages: loading image done
2022-03-31 12:20:13.001 INFO Train - trainImages: finding the encoding of image
2022-03-31 12:20:13.070 INFO Train - trainImages: finding encoding of image is done
2022-03-31 12:20:13.070 INFO Train - trainImages: loading image
2022-03-31 12:20:13.071 DEBUG Train - trainImages: /home/vikasjoshis001/Desktop/Gestures/images_to_train/king in the north/index4.jpeg
2022-03-31 12:20:13.071 INFO Train - trainImages: loading image done
2022-03-31 12:20:13.071 INFO Train - trainImages: finding the encoding of image
2022-03-31 12:20:13.142 INFO Train - trainImages: finding encoding of image is done
2022-03-31 12:20:13.142 INFO Train - trainImages: getting average of encodings of loaded images
2022-03-31 12:20:13.143 INFO Train - trainImages: done with getting average encodings
2022-03-31 12:20:13.143 INFO Train - trainImages: storing the name and encoding in local dictionary
2022-03-31 12:20:13.143 INFO Train - trainImages: stored name and encodes in local dictionary
2022-03-31 12:20:13.143 INFO Train - trainImages: storing the name and encodings in mongodb
2022-03-31 12:20:13.143 INFO Train - trainImages: stored all name and encodes in mongodb
2022-03-31 12:20:13.143 INFO Train - trainImages: started loading images and finding their encodings
2022-03-31 12:20:13.143 INFO Train - trainImages: loading image
2022-03-31 12:20:13.147 DEBUG Train - trainImages: /home/vikasjoshis001/Desktop/Gestures/images_to_train/Chai-2022-03-31 12:20:10.218479/Chai.cf03ab39-b0be-11ec-95c9-353773ec36e1.jpeg
2022-03-31 12:20:13.147 INFO Train - trainImages: loading image done
2022-03-31 12:20:13.147 INFO Train - trainImages: finding the encoding of image
2022-03-31 12:20:13.330 INFO Train - trainImages: finding encoding of image is done
2022-03-31 12:20:13.330 INFO Train - trainImages: loading image
2022-03-31 12:20:13.333 DEBUG Train - trainImages: /home/vikasjoshis001/Desktop/Gestures/images_to_train/Chai-2022-03-31 12:20:10.218479/Chai.cf03ab3b-b0be-11ec-95c9-353773ec36e1.jpeg
2022-03-31 12:20:13.333 INFO Train - trainImages: loading image done
2022-03-31 12:20:13.333 INFO Train - trainImages: finding the encoding of image
2022-03-31 12:20:13.518 INFO Train - trainImages: finding encoding of image is done
2022-03-31 12:20:13.518 INFO Train - trainImages: loading image
2022-03-31 12:20:13.520 DEBUG Train - trainImages: /home/vikasjoshis001/Desktop/Gestures/images_to_train/Chai-2022-03-31 12:20:10.218479/Chai.cf03ab38-b0be-11ec-95c9-353773ec36e1.jpeg
2022-03-31 12:20:13.521 INFO Train - trainImages: loading image done
2022-03-31 12:20:13.521 INFO Train - trainImages: finding the encoding of image
2022-03-31 12:20:13.727 INFO Train - trainImages: finding encoding of image is done
2022-03-31 12:20:13.727 INFO Train - trainImages: loading image
2022-03-31 12:20:13.730 DEBUG Train - trainImages: /home/vikasjoshis001/Desktop/Gestures/images_to_train/Chai-2022-03-31 12:20:10.218479/Chai.cf03ab3c-b0be-11ec-95c9-353773ec36e1.jpeg
2022-03-31 12:20:13.730 INFO Train - trainImages: loading image done
2022-03-31 12:20:13.730 INFO Train - trainImages: finding the encoding of image
2022-03-31 12:20:13.914 INFO Train - trainImages: finding encoding of image is done
2022-03-31 12:20:13.914 INFO Train - trainImages: loading image
2022-03-31 12:20:13.917 DEBUG Train - trainImages: /home/vikasjoshis001/Desktop/Gestures/images_to_train/Chai-2022-03-31 12:20:10.218479/Chai.cf03ab3a-b0be-11ec-95c9-353773ec36e1.jpeg
2022-03-31 12:20:13.917 INFO Train - trainImages: loading image done
2022-03-31 12:20:13.917 INFO Train - trainImages: finding the encoding of image
2022-03-31 12:20:14.103 INFO Train - trainImages: finding encoding of image is done
2022-03-31 12:20:14.103 INFO Train - trainImages: getting average of encodings of loaded images
2022-03-31 12:20:14.104 INFO Train - trainImages: done with getting average encodings
2022-03-31 12:20:14.104 INFO Train - trainImages: storing the name and encoding in local dictionary
2022-03-31 12:20:14.104 INFO Train - trainImages: stored name and encodes in local dictionary
2022-03-31 12:20:14.104 INFO Train - trainImages: storing the name and encodings in mongodb
2022-03-31 12:20:14.105 INFO Train - trainImages: stored all name and encodes in mongodb
2022-03-31 12:20:14.105 INFO Train - trainImages: started loading images and finding their encodings
2022-03-31 12:20:14.105 INFO Train - trainImages: loading image
2022-03-31 12:20:14.105 DEBUG Train - trainImages: /home/vikasjoshis001/Desktop/Gestures/images_to_train/arya stark/index.jpeg
2022-03-31 12:20:14.105 INFO Train - trainImages: loading image done
2022-03-31 12:20:14.105 INFO Train - trainImages: finding the encoding of image
2022-03-31 12:20:14.177 INFO Train - trainImages: finding encoding of image is done
2022-03-31 12:20:14.177 INFO Train - trainImages: loading image
2022-03-31 12:20:14.178 DEBUG Train - trainImages: /home/vikasjoshis001/Desktop/Gestures/images_to_train/arya stark/index3.jpeg
2022-03-31 12:20:14.178 INFO Train - trainImages: loading image done
2022-03-31 12:20:14.178 INFO Train - trainImages: finding the encoding of image
2022-03-31 12:20:14.246 INFO Train - trainImages: finding encoding of image is done
2022-03-31 12:20:14.246 INFO Train - trainImages: loading image
2022-03-31 12:20:14.247 DEBUG Train - trainImages: /home/vikasjoshis001/Desktop/Gestures/images_to_train/arya stark/index5.jpeg
2022-03-31 12:20:14.247 INFO Train - trainImages: loading image done
2022-03-31 12:20:14.247 INFO Train - trainImages: finding the encoding of image
2022-03-31 12:20:14.317 INFO Train - trainImages: finding encoding of image is done
2022-03-31 12:20:14.317 INFO Train - trainImages: loading image
2022-03-31 12:20:14.317 DEBUG Train - trainImages: /home/vikasjoshis001/Desktop/Gestures/images_to_train/arya stark/index2.jpeg
2022-03-31 12:20:14.318 INFO Train - trainImages: loading image done
2022-03-31 12:20:14.318 INFO Train - trainImages: finding the encoding of image
2022-03-31 12:20:14.386 INFO Train - trainImages: finding encoding of image is done
2022-03-31 12:20:14.386 INFO Train - trainImages: loading image
2022-03-31 12:20:14.386 DEBUG Train - trainImages: /home/vikasjoshis001/Desktop/Gestures/images_to_train/arya stark/images4.jpeg
2022-03-31 12:20:14.387 INFO Train - trainImages: loading image done
2022-03-31 12:20:14.387 INFO Train - trainImages: finding the encoding of image
2022-03-31 12:20:14.453 INFO Train - trainImages: finding encoding of image is done
2022-03-31 12:20:14.453 INFO Train - trainImages: getting average of encodings of loaded images
2022-03-31 12:20:14.454 INFO Train - trainImages: done with getting average encodings
2022-03-31 12:20:14.454 INFO Train - trainImages: storing the name and encoding in local dictionary
2022-03-31 12:20:14.454 INFO Train - trainImages: stored name and encodes in local dictionary
2022-03-31 12:20:14.454 INFO Train - trainImages: storing the name and encodings in mongodb
2022-03-31 12:20:14.454 INFO Train - trainImages: stored all name and encodes in mongodb
2022-03-31 12:20:14.454 INFO Train - trainImages: started loading images and finding their encodings
2022-03-31 12:20:14.454 INFO Train - trainImages: loading image
2022-03-31 12:20:14.457 DEBUG Train - trainImages: /home/vikasjoshis001/Desktop/Gestures/images_to_train/Sad-2022-03-31 12:16:52.952750/Sad.596d38de-b0be-11ec-95c9-353773ec36e1.jpeg
2022-03-31 12:20:14.457 INFO Train - trainImages: loading image done
2022-03-31 12:20:14.457 INFO Train - trainImages: finding the encoding of image
2022-03-31 12:20:14.636 INFO Train - trainImages: finding encoding of image is done
2022-03-31 12:20:14.637 INFO Train - trainImages: loading image
2022-03-31 12:20:14.640 DEBUG Train - trainImages: /home/vikasjoshis001/Desktop/Gestures/images_to_train/Sad-2022-03-31 12:16:52.952750/Sad.596d38dd-b0be-11ec-95c9-353773ec36e1.jpeg
2022-03-31 12:20:14.640 INFO Train - trainImages: loading image done
2022-03-31 12:20:14.640 INFO Train - trainImages: finding the encoding of image
2022-03-31 12:20:14.818 INFO Train - trainImages: finding encoding of image is done
2022-03-31 12:20:14.819 INFO Train - trainImages: loading image
2022-03-31 12:20:14.821 DEBUG Train - trainImages: /home/vikasjoshis001/Desktop/Gestures/images_to_train/Sad-2022-03-31 12:16:52.952750/Sad.596d38da-b0be-11ec-95c9-353773ec36e1.jpeg
2022-03-31 12:20:14.822 INFO Train - trainImages: loading image done
2022-03-31 12:20:14.822 INFO Train - trainImages: finding the encoding of image
2022-03-31 12:20:15.003 INFO Train - trainImages: finding encoding of image is done
2022-03-31 12:20:15.003 INFO Train - trainImages: loading image
2022-03-31 12:20:15.006 DEBUG Train - trainImages: /home/vikasjoshis001/Desktop/Gestures/images_to_train/Sad-2022-03-31 12:16:52.952750/Sad.596d38db-b0be-11ec-95c9-353773ec36e1.jpeg
2022-03-31 12:20:15.006 INFO Train - trainImages: loading image done
2022-03-31 12:20:15.006 INFO Train - trainImages: finding the encoding of image
2022-03-31 12:20:15.188 INFO Train - trainImages: finding encoding of image is done
2022-03-31 12:20:15.188 INFO Train - trainImages: loading image
2022-03-31 12:20:15.191 DEBUG Train - trainImages: /home/vikasjoshis001/Desktop/Gestures/images_to_train/Sad-2022-03-31 12:16:52.952750/Sad.596d38dc-b0be-11ec-95c9-353773ec36e1.jpeg
2022-03-31 12:20:15.191 INFO Train - trainImages: loading image done
2022-03-31 12:20:15.191 INFO Train - trainImages: finding the encoding of image
2022-03-31 12:20:15.371 INFO Train - trainImages: finding encoding of image is done
2022-03-31 12:20:15.371 INFO Train - trainImages: getting average of encodings of loaded images
2022-03-31 12:20:15.371 INFO Train - trainImages: done with getting average encodings
2022-03-31 12:20:15.371 INFO Train - trainImages: storing the name and encoding in local dictionary
2022-03-31 12:20:15.371 INFO Train - trainImages: stored name and encodes in local dictionary
2022-03-31 12:20:15.371 INFO Train - trainImages: storing the name and encodings in mongodb
2022-03-31 12:20:15.372 INFO Train - trainImages: stored all name and encodes in mongodb
2022-03-31 12:20:15.372 INFO Train - trainImages: started loading images and finding their encodings
2022-03-31 12:20:15.372 INFO Train - trainImages: loading image
2022-03-31 12:20:15.374 DEBUG Train - trainImages: /home/vikasjoshis001/Desktop/Gestures/images_to_train/Vikas-2022-03-12 15:33:49.979215/Vikas.b761c802-a1eb-11ec-a348-e960390a4373.jpeg
2022-03-31 12:20:15.374 INFO Train - trainImages: loading image done
2022-03-31 12:20:15.374 INFO Train - trainImages: finding the encoding of image
2022-03-31 12:20:15.556 INFO Train - trainImages: finding encoding of image is done
2022-03-31 12:20:15.556 INFO Train - trainImages: loading image
2022-03-31 12:20:15.559 DEBUG Train - trainImages: /home/vikasjoshis001/Desktop/Gestures/images_to_train/Vikas-2022-03-12 15:33:49.979215/Vikas.b9e21fbe-a1eb-11ec-a348-e960390a4373.jpeg
2022-03-31 12:20:15.559 INFO Train - trainImages: loading image done
2022-03-31 12:20:15.559 INFO Train - trainImages: finding the encoding of image
2022-03-31 12:20:15.738 INFO Train - trainImages: finding encoding of image is done
2022-03-31 12:20:15.739 INFO Train - trainImages: loading image
2022-03-31 12:20:15.741 DEBUG Train - trainImages: /home/vikasjoshis001/Desktop/Gestures/images_to_train/Vikas-2022-03-12 15:33:49.979215/Vikas.b761c803-a1eb-11ec-a348-e960390a4373.jpeg
2022-03-31 12:20:15.741 INFO Train - trainImages: loading image done
2022-03-31 12:20:15.741 INFO Train - trainImages: finding the encoding of image
2022-03-31 12:20:15.923 INFO Train - trainImages: finding encoding of image is done
2022-03-31 12:20:15.923 INFO Train - trainImages: loading image
2022-03-31 12:20:15.926 DEBUG Train - trainImages: /home/vikasjoshis001/Desktop/Gestures/images_to_train/Vikas-2022-03-12 15:33:49.979215/Vikas.b8aa7a74-a1eb-11ec-a348-e960390a4373.jpeg
2022-03-31 12:20:15.926 INFO Train - trainImages: loading image done
2022-03-31 12:20:15.926 INFO Train - trainImages: finding the encoding of image
2022-03-31 12:20:16.106 INFO Train - trainImages: finding encoding of image is done
2022-03-31 12:20:16.106 INFO Train - trainImages: loading image
2022-03-31 12:20:16.108 DEBUG Train - trainImages: /home/vikasjoshis001/Desktop/Gestures/images_to_train/Vikas-2022-03-12 15:33:49.979215/Vikas.b8aa7a75-a1eb-11ec-a348-e960390a4373.jpeg
2022-03-31 12:20:16.109 INFO Train - trainImages: loading image done
2022-03-31 12:20:16.109 INFO Train - trainImages: finding the encoding of image
2022-03-31 12:20:16.288 INFO Train - trainImages: finding encoding of image is done
2022-03-31 12:20:16.289 INFO Train - trainImages: getting average of encodings of loaded images
2022-03-31 12:20:16.289 INFO Train - trainImages: done with getting average encodings
2022-03-31 12:20:16.289 INFO Train - trainImages: storing the name and encoding in local dictionary
2022-03-31 12:20:16.289 INFO Train - trainImages: stored name and encodes in local dictionary
2022-03-31 12:20:16.289 INFO Train - trainImages: storing the name and encodings in mongodb
2022-03-31 12:20:16.290 INFO Train - trainImages: stored all name and encodes in mongodb
