2022-03-31 13:14:23.608 INFO Train - trainImages: MongoDB database connected successfully
2022-03-31 13:14:23.614 INFO Train - trainImages: collected all folders in known_people folder
2022-03-31 13:14:23.614 DEBUG Train - trainImages: ['tyrion lannister', 'denerys targeryan', 'cersie lannister', 'king in the north', 'arya stark']
2022-03-31 13:14:23.616 INFO Train - trainImages: collected all images from all folders in known_people folder
2022-03-31 13:14:23.616 DEBUG Train - trainImages: [['/home/vikasjoshis001/Desktop/Gestures/images_to_train/tyrion lannister/images5.jpeg', '/home/vikasjoshis001/Desktop/Gestures/images_to_train/tyrion lannister/index3.jpeg', '/home/vikasjoshis001/Desktop/Gestures/images_to_train/tyrion lannister/index1.jpeg', '/home/vikasjoshis001/Desktop/Gestures/images_to_train/tyrion lannister/index2.jpeg', '/home/vikasjoshis001/Desktop/Gestures/images_to_train/tyrion lannister/index4.jpeg'], ['/home/vikasjoshis001/Desktop/Gestures/images_to_train/denerys targeryan/index3.jpeg', '/home/vikasjoshis001/Desktop/Gestures/images_to_train/denerys targeryan/index5.jpeg', '/home/vikasjoshis001/Desktop/Gestures/images_to_train/denerys targeryan/index1.jpeg', '/home/vikasjoshis001/Desktop/Gestures/images_to_train/denerys targeryan/index2.jpeg', '/home/vikasjoshis001/Desktop/Gestures/images_to_train/denerys targeryan/index4.jpeg'], ['/home/vikasjoshis001/Desktop/Gestures/images_to_train/cersie lannister/index3.jpeg', '/home/vikasjoshis001/Desktop/Gestures/images_to_train/cersie lannister/index5.jpeg', '/home/vikasjoshis001/Desktop/Gestures/images_to_train/cersie lannister/index2.jpeg', '/home/vikasjoshis001/Desktop/Gestures/images_to_train/cersie lannister/index4.jpeg'], ['/home/vikasjoshis001/Desktop/Gestures/images_to_train/king in the north/index.jpeg', '/home/vikasjoshis001/Desktop/Gestures/images_to_train/king in the north/index3.jpeg', '/home/vikasjoshis001/Desktop/Gestures/images_to_train/king in the north/index5.jpeg', '/home/vikasjoshis001/Desktop/Gestures/images_to_train/king in the north/index2.jpeg', '/home/vikasjoshis001/Desktop/Gestures/images_to_train/king in the north/index4.jpeg'], ['/home/vikasjoshis001/Desktop/Gestures/images_to_train/arya stark/index.jpeg', '/home/vikasjoshis001/Desktop/Gestures/images_to_train/arya stark/index3.jpeg', '/home/vikasjoshis001/Desktop/Gestures/images_to_train/arya stark/index5.jpeg', '/home/vikasjoshis001/Desktop/Gestures/images_to_train/arya stark/index2.jpeg', '/home/vikasjoshis001/Desktop/Gestures/images_to_train/arya stark/images4.jpeg']]
2022-03-31 13:14:23.616 INFO Train - trainImages: started loading images and finding their encodings
2022-03-31 13:14:23.616 INFO Train - trainImages: loading image
2022-03-31 13:14:23.638 DEBUG Train - trainImages: /home/vikasjoshis001/Desktop/Gestures/images_to_train/tyrion lannister/images5.jpeg
2022-03-31 13:14:23.639 INFO Train - trainImages: loading image done
2022-03-31 13:14:23.639 INFO Train - trainImages: finding the encoding of image
2022-03-31 13:14:23.719 INFO Train - trainImages: finding encoding of image is done
2022-03-31 13:14:23.719 INFO Train - trainImages: loading image
2022-03-31 13:14:23.720 DEBUG Train - trainImages: /home/vikasjoshis001/Desktop/Gestures/images_to_train/tyrion lannister/index3.jpeg
2022-03-31 13:14:23.720 INFO Train - trainImages: loading image done
2022-03-31 13:14:23.720 INFO Train - trainImages: finding the encoding of image
2022-03-31 13:14:23.786 INFO Train - trainImages: finding encoding of image is done
2022-03-31 13:14:23.786 INFO Train - trainImages: loading image
2022-03-31 13:14:23.786 DEBUG Train - trainImages: /home/vikasjoshis001/Desktop/Gestures/images_to_train/tyrion lannister/index1.jpeg
2022-03-31 13:14:23.786 INFO Train - trainImages: loading image done
2022-03-31 13:14:23.786 INFO Train - trainImages: finding the encoding of image
2022-03-31 13:14:23.852 INFO Train - trainImages: finding encoding of image is done
2022-03-31 13:14:23.852 INFO Train - trainImages: loading image
2022-03-31 13:14:23.852 DEBUG Train - trainImages: /home/vikasjoshis001/Desktop/Gestures/images_to_train/tyrion lannister/index2.jpeg
2022-03-31 13:14:23.852 INFO Train - trainImages: loading image done
2022-03-31 13:14:23.852 INFO Train - trainImages: finding the encoding of image
2022-03-31 13:14:23.919 INFO Train - trainImages: finding encoding of image is done
2022-03-31 13:14:23.919 INFO Train - trainImages: loading image
2022-03-31 13:14:23.920 DEBUG Train - trainImages: /home/vikasjoshis001/Desktop/Gestures/images_to_train/tyrion lannister/index4.jpeg
2022-03-31 13:14:23.920 INFO Train - trainImages: loading image done
2022-03-31 13:14:23.920 INFO Train - trainImages: finding the encoding of image
2022-03-31 13:14:23.986 INFO Train - trainImages: finding encoding of image is done
2022-03-31 13:14:23.986 INFO Train - trainImages: getting average of encodings of loaded images
2022-03-31 13:14:23.986 INFO Train - trainImages: done with getting average encodings
2022-03-31 13:14:23.986 INFO Train - trainImages: storing the name and encoding in local dictionary
2022-03-31 13:14:23.986 INFO Train - trainImages: stored name and encodes in local dictionary
2022-03-31 13:14:23.986 INFO Train - trainImages: storing the name and encodings in mongodb
2022-03-31 13:14:23.987 INFO Train - trainImages: stored all name and encodes in mongodb
2022-03-31 13:14:23.988 INFO Train - trainImages: started loading images and finding their encodings
2022-03-31 13:14:23.988 INFO Train - trainImages: loading image
2022-03-31 13:14:23.988 DEBUG Train - trainImages: /home/vikasjoshis001/Desktop/Gestures/images_to_train/denerys targeryan/index3.jpeg
2022-03-31 13:14:23.988 INFO Train - trainImages: loading image done
2022-03-31 13:14:23.988 INFO Train - trainImages: finding the encoding of image
2022-03-31 13:14:24.055 INFO Train - trainImages: finding encoding of image is done
2022-03-31 13:14:24.055 INFO Train - trainImages: loading image
2022-03-31 13:14:24.056 DEBUG Train - trainImages: /home/vikasjoshis001/Desktop/Gestures/images_to_train/denerys targeryan/index5.jpeg
2022-03-31 13:14:24.056 INFO Train - trainImages: loading image done
2022-03-31 13:14:24.056 INFO Train - trainImages: finding the encoding of image
2022-03-31 13:14:24.123 INFO Train - trainImages: finding encoding of image is done
2022-03-31 13:14:24.123 INFO Train - trainImages: loading image
2022-03-31 13:14:24.123 DEBUG Train - trainImages: /home/vikasjoshis001/Desktop/Gestures/images_to_train/denerys targeryan/index1.jpeg
2022-03-31 13:14:24.123 INFO Train - trainImages: loading image done
2022-03-31 13:14:24.123 INFO Train - trainImages: finding the encoding of image
2022-03-31 13:14:24.190 INFO Train - trainImages: finding encoding of image is done
2022-03-31 13:14:24.190 INFO Train - trainImages: loading image
2022-03-31 13:14:24.191 DEBUG Train - trainImages: /home/vikasjoshis001/Desktop/Gestures/images_to_train/denerys targeryan/index2.jpeg
2022-03-31 13:14:24.191 INFO Train - trainImages: loading image done
2022-03-31 13:14:24.191 INFO Train - trainImages: finding the encoding of image
2022-03-31 13:14:24.271 INFO Train - trainImages: finding encoding of image is done
2022-03-31 13:14:24.271 INFO Train - trainImages: loading image
2022-03-31 13:14:24.272 DEBUG Train - trainImages: /home/vikasjoshis001/Desktop/Gestures/images_to_train/denerys targeryan/index4.jpeg
2022-03-31 13:14:24.272 INFO Train - trainImages: loading image done
2022-03-31 13:14:24.272 INFO Train - trainImages: finding the encoding of image
2022-03-31 13:14:24.337 INFO Train - trainImages: finding encoding of image is done
2022-03-31 13:14:24.337 INFO Train - trainImages: getting average of encodings of loaded images
2022-03-31 13:14:24.337 INFO Train - trainImages: done with getting average encodings
2022-03-31 13:14:24.338 INFO Train - trainImages: storing the name and encoding in local dictionary
2022-03-31 13:14:24.338 INFO Train - trainImages: stored name and encodes in local dictionary
2022-03-31 13:14:24.338 INFO Train - trainImages: storing the name and encodings in mongodb
2022-03-31 13:14:24.338 INFO Train - trainImages: stored all name and encodes in mongodb
2022-03-31 13:14:24.338 INFO Train - trainImages: started loading images and finding their encodings
2022-03-31 13:14:24.338 INFO Train - trainImages: loading image
2022-03-31 13:14:24.339 DEBUG Train - trainImages: /home/vikasjoshis001/Desktop/Gestures/images_to_train/cersie lannister/index3.jpeg
2022-03-31 13:14:24.339 INFO Train - trainImages: loading image done
2022-03-31 13:14:24.339 INFO Train - trainImages: finding the encoding of image
2022-03-31 13:14:24.405 INFO Train - trainImages: finding encoding of image is done
2022-03-31 13:14:24.405 INFO Train - trainImages: loading image
2022-03-31 13:14:24.405 DEBUG Train - trainImages: /home/vikasjoshis001/Desktop/Gestures/images_to_train/cersie lannister/index5.jpeg
2022-03-31 13:14:24.405 INFO Train - trainImages: loading image done
2022-03-31 13:14:24.405 INFO Train - trainImages: finding the encoding of image
2022-03-31 13:14:24.470 INFO Train - trainImages: finding encoding of image is done
2022-03-31 13:14:24.470 INFO Train - trainImages: loading image
2022-03-31 13:14:24.471 DEBUG Train - trainImages: /home/vikasjoshis001/Desktop/Gestures/images_to_train/cersie lannister/index2.jpeg
2022-03-31 13:14:24.471 INFO Train - trainImages: loading image done
2022-03-31 13:14:24.471 INFO Train - trainImages: finding the encoding of image
2022-03-31 13:14:24.538 INFO Train - trainImages: finding encoding of image is done
2022-03-31 13:14:24.538 INFO Train - trainImages: loading image
2022-03-31 13:14:24.539 DEBUG Train - trainImages: /home/vikasjoshis001/Desktop/Gestures/images_to_train/cersie lannister/index4.jpeg
2022-03-31 13:14:24.539 INFO Train - trainImages: loading image done
2022-03-31 13:14:24.539 INFO Train - trainImages: finding the encoding of image
2022-03-31 13:14:24.605 INFO Train - trainImages: finding encoding of image is done
2022-03-31 13:14:24.605 INFO Train - trainImages: getting average of encodings of loaded images
2022-03-31 13:14:24.605 INFO Train - trainImages: done with getting average encodings
2022-03-31 13:14:24.605 INFO Train - trainImages: storing the name and encoding in local dictionary
2022-03-31 13:14:24.605 INFO Train - trainImages: stored name and encodes in local dictionary
2022-03-31 13:14:24.605 INFO Train - trainImages: storing the name and encodings in mongodb
2022-03-31 13:14:24.606 INFO Train - trainImages: stored all name and encodes in mongodb
2022-03-31 13:14:24.606 INFO Train - trainImages: started loading images and finding their encodings
2022-03-31 13:14:24.606 INFO Train - trainImages: loading image
2022-03-31 13:14:24.607 DEBUG Train - trainImages: /home/vikasjoshis001/Desktop/Gestures/images_to_train/king in the north/index.jpeg
2022-03-31 13:14:24.607 INFO Train - trainImages: loading image done
2022-03-31 13:14:24.607 INFO Train - trainImages: finding the encoding of image
2022-03-31 13:14:24.672 INFO Train - trainImages: finding encoding of image is done
2022-03-31 13:14:24.673 INFO Train - trainImages: loading image
2022-03-31 13:14:24.673 DEBUG Train - trainImages: /home/vikasjoshis001/Desktop/Gestures/images_to_train/king in the north/index3.jpeg
2022-03-31 13:14:24.673 INFO Train - trainImages: loading image done
2022-03-31 13:14:24.673 INFO Train - trainImages: finding the encoding of image
2022-03-31 13:14:24.740 INFO Train - trainImages: finding encoding of image is done
2022-03-31 13:14:24.740 INFO Train - trainImages: loading image
2022-03-31 13:14:24.741 DEBUG Train - trainImages: /home/vikasjoshis001/Desktop/Gestures/images_to_train/king in the north/index5.jpeg
2022-03-31 13:14:24.741 INFO Train - trainImages: loading image done
2022-03-31 13:14:24.741 INFO Train - trainImages: finding the encoding of image
2022-03-31 13:14:24.807 INFO Train - trainImages: finding encoding of image is done
2022-03-31 13:14:24.807 INFO Train - trainImages: loading image
2022-03-31 13:14:24.808 DEBUG Train - trainImages: /home/vikasjoshis001/Desktop/Gestures/images_to_train/king in the north/index2.jpeg
2022-03-31 13:14:24.808 INFO Train - trainImages: loading image done
2022-03-31 13:14:24.808 INFO Train - trainImages: finding the encoding of image
2022-03-31 13:14:24.874 INFO Train - trainImages: finding encoding of image is done
2022-03-31 13:14:24.874 INFO Train - trainImages: loading image
2022-03-31 13:14:24.875 DEBUG Train - trainImages: /home/vikasjoshis001/Desktop/Gestures/images_to_train/king in the north/index4.jpeg
2022-03-31 13:14:24.875 INFO Train - trainImages: loading image done
2022-03-31 13:14:24.875 INFO Train - trainImages: finding the encoding of image
2022-03-31 13:14:24.943 INFO Train - trainImages: finding encoding of image is done
2022-03-31 13:14:24.943 INFO Train - trainImages: getting average of encodings of loaded images
2022-03-31 13:14:24.943 INFO Train - trainImages: done with getting average encodings
2022-03-31 13:14:24.943 INFO Train - trainImages: storing the name and encoding in local dictionary
2022-03-31 13:14:24.943 INFO Train - trainImages: stored name and encodes in local dictionary
2022-03-31 13:14:24.943 INFO Train - trainImages: storing the name and encodings in mongodb
2022-03-31 13:14:24.944 INFO Train - trainImages: stored all name and encodes in mongodb
2022-03-31 13:14:24.944 INFO Train - trainImages: started loading images and finding their encodings
2022-03-31 13:14:24.944 INFO Train - trainImages: loading image
2022-03-31 13:14:24.945 DEBUG Train - trainImages: /home/vikasjoshis001/Desktop/Gestures/images_to_train/arya stark/index.jpeg
2022-03-31 13:14:24.945 INFO Train - trainImages: loading image done
2022-03-31 13:14:24.945 INFO Train - trainImages: finding the encoding of image
2022-03-31 13:14:25.014 INFO Train - trainImages: finding encoding of image is done
2022-03-31 13:14:25.014 INFO Train - trainImages: loading image
2022-03-31 13:14:25.014 DEBUG Train - trainImages: /home/vikasjoshis001/Desktop/Gestures/images_to_train/arya stark/index3.jpeg
2022-03-31 13:14:25.014 INFO Train - trainImages: loading image done
2022-03-31 13:14:25.014 INFO Train - trainImages: finding the encoding of image
2022-03-31 13:14:25.080 INFO Train - trainImages: finding encoding of image is done
2022-03-31 13:14:25.080 INFO Train - trainImages: loading image
2022-03-31 13:14:25.081 DEBUG Train - trainImages: /home/vikasjoshis001/Desktop/Gestures/images_to_train/arya stark/index5.jpeg
2022-03-31 13:14:25.081 INFO Train - trainImages: loading image done
2022-03-31 13:14:25.081 INFO Train - trainImages: finding the encoding of image
2022-03-31 13:14:25.149 INFO Train - trainImages: finding encoding of image is done
2022-03-31 13:14:25.149 INFO Train - trainImages: loading image
2022-03-31 13:14:25.149 DEBUG Train - trainImages: /home/vikasjoshis001/Desktop/Gestures/images_to_train/arya stark/index2.jpeg
2022-03-31 13:14:25.149 INFO Train - trainImages: loading image done
2022-03-31 13:14:25.149 INFO Train - trainImages: finding the encoding of image
2022-03-31 13:14:25.216 INFO Train - trainImages: finding encoding of image is done
2022-03-31 13:14:25.216 INFO Train - trainImages: loading image
2022-03-31 13:14:25.216 DEBUG Train - trainImages: /home/vikasjoshis001/Desktop/Gestures/images_to_train/arya stark/images4.jpeg
2022-03-31 13:14:25.216 INFO Train - trainImages: loading image done
2022-03-31 13:14:25.216 INFO Train - trainImages: finding the encoding of image
2022-03-31 13:14:25.281 INFO Train - trainImages: finding encoding of image is done
2022-03-31 13:14:25.281 INFO Train - trainImages: getting average of encodings of loaded images
2022-03-31 13:14:25.282 INFO Train - trainImages: done with getting average encodings
2022-03-31 13:14:25.282 INFO Train - trainImages: storing the name and encoding in local dictionary
2022-03-31 13:14:25.282 INFO Train - trainImages: stored name and encodes in local dictionary
2022-03-31 13:14:25.282 INFO Train - trainImages: storing the name and encodings in mongodb
2022-03-31 13:14:25.282 INFO Train - trainImages: stored all name and encodes in mongodb
