2022-04-01 06:02:16.830 INFO Train - trainImages: MongoDB database connected successfully
2022-04-01 06:02:16.842 INFO Train - trainImages: collected all folders in known_people folder
2022-04-01 06:02:16.843 DEBUG Train - trainImages: ['FSRG-2022-03-31 21:45:46.139376', 'tyrion lannister', 'CFG-2022-04-01 04:39:09.597251', 'denerys targeryan', 'GFG-2022-04-01 04:40:12.010089', 'Fe-2022-03-31 21:29:28.266217', 'xvfgb-2022-03-31 21:35:53.865947', 'vi-2022-03-31 15:41:30.461338', 'ws-2022-03-31 21:31:10.432193', 'FHTFH-2022-03-31 21:46:46.208323', 'FDF-2022-04-01 05:48:17.561890', 'CD-2022-03-31 21:46:08.063035', 'cersie lannister', 'Vikas-2022-03-31 13:17:26.260103', 'king in the north', 'vxbvcb-2022-03-31 21:35:34.604041', 'htfjuykj-2022-03-31 21:39:07.212646', 'DSD-2022-04-01 05:51:23.032592', 'arya stark', 'cdgf-2022-03-31 21:36:27.346228', 'CDSGFRF-2022-03-31 21:43:47.409374', 'hfjghjk-2022-03-31 21:42:10.265917', 'hbdhjvbxbh-2022-03-31 13:55:24.952640', 'Hello-2022-03-31 21:24:36.282713', 'VDFGBFD-2022-03-31 21:43:20.375870', 'fdfds-2022-03-31 21:32:12.815087', 'Vikassfr-2022-04-01 06:02:05.283154']
2022-04-01 06:02:16.855 INFO Train - trainImages: collected all images from all folders in known_people folder
2022-04-01 06:02:16.855 DEBUG Train - trainImages: [['/home/vikasjoshis001/Desktop/Gestures/images_to_train/FSRG-2022-03-31 21:45:46.139376/FSRG.d3b1a0c8-b10d-11ec-9ef1-cb4f7634f54e.jpeg', '/home/vikasjoshis001/Desktop/Gestures/images_to_train/FSRG-2022-03-31 21:45:46.139376/FSRG.d268f0e0-b10d-11ec-9ef1-cb4f7634f54e.jpeg', '/home/vikasjoshis001/Desktop/Gestures/images_to_train/FSRG-2022-03-31 21:45:46.139376/FSRG.d268f0e1-b10d-11ec-9ef1-cb4f7634f54e.jpeg', '/home/vikasjoshis001/Desktop/Gestures/images_to_train/FSRG-2022-03-31 21:45:46.139376/FSRG.d3b1a0c9-b10d-11ec-9ef1-cb4f7634f54e.jpeg', '/home/vikasjoshis001/Desktop/Gestures/images_to_train/FSRG-2022-03-31 21:45:46.139376/FSRG.d4e6ac90-b10d-11ec-9ef1-cb4f7634f54e.jpeg'], ['/home/vikasjoshis001/Desktop/Gestures/images_to_train/tyrion lannister/images5.jpeg', '/home/vikasjoshis001/Desktop/Gestures/images_to_train/tyrion lannister/index3.jpeg', '/home/vikasjoshis001/Desktop/Gestures/images_to_train/tyrion lannister/index1.jpeg', '/home/vikasjoshis001/Desktop/Gestures/images_to_train/tyrion lannister/index2.jpeg', '/home/vikasjoshis001/Desktop/Gestures/images_to_train/tyrion lannister/index4.jpeg'], ['/home/vikasjoshis001/Desktop/Gestures/images_to_train/CFG-2022-04-01 04:39:09.597251/CFG.94a3e744-b147-11ec-ae44-cb6983774605.jpeg', '/home/vikasjoshis001/Desktop/Gestures/images_to_train/CFG-2022-04-01 04:39:09.597251/CFG.928d2e20-b147-11ec-ae44-cb6983774605.jpeg', '/home/vikasjoshis001/Desktop/Gestures/images_to_train/CFG-2022-04-01 04:39:09.597251/CFG.95d7727b-b147-11ec-ae44-cb6983774605.jpeg', '/home/vikasjoshis001/Desktop/Gestures/images_to_train/CFG-2022-04-01 04:39:09.597251/CFG.94a3e745-b147-11ec-ae44-cb6983774605.jpeg', '/home/vikasjoshis001/Desktop/Gestures/images_to_train/CFG-2022-04-01 04:39:09.597251/CFG.95d7727a-b147-11ec-ae44-cb6983774605.jpeg'], ['/home/vikasjoshis001/Desktop/Gestures/images_to_train/denerys targeryan/index3.jpeg', '/home/vikasjoshis001/Desktop/Gestures/images_to_train/denerys targeryan/index5.jpeg', '/home/vikasjoshis001/Desktop/Gestures/images_to_train/denerys targeryan/index1.jpeg', '/home/vikasjoshis001/Desktop/Gestures/images_to_train/denerys targeryan/index2.jpeg', '/home/vikasjoshis001/Desktop/Gestures/images_to_train/denerys targeryan/index4.jpeg'], ['/home/vikasjoshis001/Desktop/Gestures/images_to_train/GFG-2022-04-01 04:40:12.010089/GFG.b8ee9839-b147-11ec-ae44-cb6983774605.jpeg', '/home/vikasjoshis001/Desktop/Gestures/images_to_train/GFG-2022-04-01 04:40:12.010089/GFG.b79f5ac7-b147-11ec-ae44-cb6983774605.jpeg', '/home/vikasjoshis001/Desktop/Gestures/images_to_train/GFG-2022-04-01 04:40:12.010089/GFG.b8ee9838-b147-11ec-ae44-cb6983774605.jpeg', '/home/vikasjoshis001/Desktop/Gestures/images_to_train/GFG-2022-04-01 04:40:12.010089/GFG.ba22074e-b147-11ec-ae44-cb6983774605.jpeg', '/home/vikasjoshis001/Desktop/Gestures/images_to_train/GFG-2022-04-01 04:40:12.010089/GFG.b79f5ac6-b147-11ec-ae44-cb6983774605.jpeg'], [], ['/home/vikasjoshis001/Desktop/Gestures/images_to_train/xvfgb-2022-03-31 21:35:53.865947/xvfgb.73ed539a-b10c-11ec-9ef1-cb4f7634f54e.jpeg', '/home/vikasjoshis001/Desktop/Gestures/images_to_train/xvfgb-2022-03-31 21:35:53.865947/xvfgb.72ba2674-b10c-11ec-9ef1-cb4f7634f54e.jpeg', '/home/vikasjoshis001/Desktop/Gestures/images_to_train/xvfgb-2022-03-31 21:35:53.865947/xvfgb.72ba2675-b10c-11ec-9ef1-cb4f7634f54e.jpeg', '/home/vikasjoshis001/Desktop/Gestures/images_to_train/xvfgb-2022-03-31 21:35:53.865947/xvfgb.7162adb5-b10c-11ec-9ef1-cb4f7634f54e.jpeg', '/home/vikasjoshis001/Desktop/Gestures/images_to_train/xvfgb-2022-03-31 21:35:53.865947/xvfgb.7162adb4-b10c-11ec-9ef1-cb4f7634f54e.jpeg'], ['/home/vikasjoshis001/Desktop/Gestures/images_to_train/vi-2022-03-31 15:41:30.461338/vi.f0661862-b0da-11ec-95c9-353773ec36e1.jpeg', '/home/vikasjoshis001/Desktop/Gestures/images_to_train/vi-2022-03-31 15:41:30.461338/vi.f19f811e-b0da-11ec-95c9-353773ec36e1.jpeg', '/home/vikasjoshis001/Desktop/Gestures/images_to_train/vi-2022-03-31 15:41:30.461338/vi.ef6445f6-b0da-11ec-95c9-353773ec36e1.jpeg', '/home/vikasjoshis001/Desktop/Gestures/images_to_train/vi-2022-03-31 15:41:30.461338/vi.f0661863-b0da-11ec-95c9-353773ec36e1.jpeg', '/home/vikasjoshis001/Desktop/Gestures/images_to_train/vi-2022-03-31 15:41:30.461338/vi.f19f811f-b0da-11ec-95c9-353773ec36e1.jpeg'], [], ['/home/vikasjoshis001/Desktop/Gestures/images_to_train/FHTFH-2022-03-31 21:46:46.208323/FHTFH.f7822ce8-b10d-11ec-9ef1-cb4f7634f54e.jpeg', '/home/vikasjoshis001/Desktop/Gestures/images_to_train/FHTFH-2022-03-31 21:46:46.208323/FHTFH.f7822ce9-b10d-11ec-9ef1-cb4f7634f54e.jpeg', '/home/vikasjoshis001/Desktop/Gestures/images_to_train/FHTFH-2022-03-31 21:46:46.208323/FHTFH.f8b6eec8-b10d-11ec-9ef1-cb4f7634f54e.jpeg', '/home/vikasjoshis001/Desktop/Gestures/images_to_train/FHTFH-2022-03-31 21:46:46.208323/FHTFH.f636c1d3-b10d-11ec-9ef1-cb4f7634f54e.jpeg', '/home/vikasjoshis001/Desktop/Gestures/images_to_train/FHTFH-2022-03-31 21:46:46.208323/FHTFH.f636c1d2-b10d-11ec-9ef1-cb4f7634f54e.jpeg'], ['/home/vikasjoshis001/Desktop/Gestures/images_to_train/FDF-2022-04-01 05:48:17.561890/FDF.3cbf310b-b151-11ec-ae44-cb6983774605.jpeg', '/home/vikasjoshis001/Desktop/Gestures/images_to_train/FDF-2022-04-01 05:48:17.561890/FDF.3b8ac525-b151-11ec-ae44-cb6983774605.jpeg', '/home/vikasjoshis001/Desktop/Gestures/images_to_train/FDF-2022-04-01 05:48:17.561890/FDF.3b8ac524-b151-11ec-ae44-cb6983774605.jpeg', '/home/vikasjoshis001/Desktop/Gestures/images_to_train/FDF-2022-04-01 05:48:17.561890/FDF.3acceda6-b151-11ec-ae44-cb6983774605.jpeg', '/home/vikasjoshis001/Desktop/Gestures/images_to_train/FDF-2022-04-01 05:48:17.561890/FDF.3cbf310a-b151-11ec-ae44-cb6983774605.jpeg'], ['/home/vikasjoshis001/Desktop/Gestures/images_to_train/CD-2022-03-31 21:46:08.063035/CD.df7a12e6-b10d-11ec-9ef1-cb4f7634f54e.jpeg', '/home/vikasjoshis001/Desktop/Gestures/images_to_train/CD-2022-03-31 21:46:08.063035/CD.e0c36897-b10d-11ec-9ef1-cb4f7634f54e.jpeg', '/home/vikasjoshis001/Desktop/Gestures/images_to_train/CD-2022-03-31 21:46:08.063035/CD.e1f89682-b10d-11ec-9ef1-cb4f7634f54e.jpeg', '/home/vikasjoshis001/Desktop/Gestures/images_to_train/CD-2022-03-31 21:46:08.063035/CD.df7a12e7-b10d-11ec-9ef1-cb4f7634f54e.jpeg', '/home/vikasjoshis001/Desktop/Gestures/images_to_train/CD-2022-03-31 21:46:08.063035/CD.e0c36896-b10d-11ec-9ef1-cb4f7634f54e.jpeg'], ['/home/vikasjoshis001/Desktop/Gestures/images_to_train/cersie lannister/index3.jpeg', '/home/vikasjoshis001/Desktop/Gestures/images_to_train/cersie lannister/index5.jpeg', '/home/vikasjoshis001/Desktop/Gestures/images_to_train/cersie lannister/index2.jpeg', '/home/vikasjoshis001/Desktop/Gestures/images_to_train/cersie lannister/index4.jpeg'], ['/home/vikasjoshis001/Desktop/Gestures/images_to_train/Vikas-2022-03-31 13:17:26.260103/Vikas.d18bc824-b0c6-11ec-95c9-353773ec36e1.jpeg', '/home/vikasjoshis001/Desktop/Gestures/images_to_train/Vikas-2022-03-31 13:17:26.260103/Vikas.d056c17b-b0c6-11ec-95c9-353773ec36e1.jpeg', '/home/vikasjoshis001/Desktop/Gestures/images_to_train/Vikas-2022-03-31 13:17:26.260103/Vikas.cf0c4b78-b0c6-11ec-95c9-353773ec36e1.jpeg', '/home/vikasjoshis001/Desktop/Gestures/images_to_train/Vikas-2022-03-31 13:17:26.260103/Vikas.cf0c4b79-b0c6-11ec-95c9-353773ec36e1.jpeg', '/home/vikasjoshis001/Desktop/Gestures/images_to_train/Vikas-2022-03-31 13:17:26.260103/Vikas.d056c17a-b0c6-11ec-95c9-353773ec36e1.jpeg'], ['/home/vikasjoshis001/Desktop/Gestures/images_to_train/king in the north/index.jpeg', '/home/vikasjoshis001/Desktop/Gestures/images_to_train/king in the north/index3.jpeg', '/home/vikasjoshis001/Desktop/Gestures/images_to_train/king in the north/index5.jpeg', '/home/vikasjoshis001/Desktop/Gestures/images_to_train/king in the north/index2.jpeg', '/home/vikasjoshis001/Desktop/Gestures/images_to_train/king in the north/index4.jpeg'], [], ['/home/vikasjoshis001/Desktop/Gestures/images_to_train/htfjuykj-2022-03-31 21:39:07.212646/htfjuykj.e72bd3a4-b10c-11ec-9ef1-cb4f7634f54e.jpeg', '/home/vikasjoshis001/Desktop/Gestures/images_to_train/htfjuykj-2022-03-31 21:39:07.212646/htfjuykj.e5f7207f-b10c-11ec-9ef1-cb4f7634f54e.jpeg', '/home/vikasjoshis001/Desktop/Gestures/images_to_train/htfjuykj-2022-03-31 21:39:07.212646/htfjuykj.e5f7207e-b10c-11ec-9ef1-cb4f7634f54e.jpeg', '/home/vikasjoshis001/Desktop/Gestures/images_to_train/htfjuykj-2022-03-31 21:39:07.212646/htfjuykj.e4a12167-b10c-11ec-9ef1-cb4f7634f54e.jpeg', '/home/vikasjoshis001/Desktop/Gestures/images_to_train/htfjuykj-2022-03-31 21:39:07.212646/htfjuykj.e4a12166-b10c-11ec-9ef1-cb4f7634f54e.jpeg'], ['/home/vikasjoshis001/Desktop/Gestures/images_to_train/DSD-2022-04-01 05:51:23.032592/DSD.aaa3607e-b151-11ec-ae44-cb6983774605.jpeg', '/home/vikasjoshis001/Desktop/Gestures/images_to_train/DSD-2022-04-01 05:51:23.032592/DSD.a95a5088-b151-11ec-ae44-cb6983774605.jpeg', '/home/vikasjoshis001/Desktop/Gestures/images_to_train/DSD-2022-04-01 05:51:23.032592/DSD.abd8904a-b151-11ec-ae44-cb6983774605.jpeg', '/home/vikasjoshis001/Desktop/Gestures/images_to_train/DSD-2022-04-01 05:51:23.032592/DSD.aaa3607f-b151-11ec-ae44-cb6983774605.jpeg', '/home/vikasjoshis001/Desktop/Gestures/images_to_train/DSD-2022-04-01 05:51:23.032592/DSD.a95a5089-b151-11ec-ae44-cb6983774605.jpeg'], ['/home/vikasjoshis001/Desktop/Gestures/images_to_train/arya stark/index.jpeg', '/home/vikasjoshis001/Desktop/Gestures/images_to_train/arya stark/index3.jpeg', '/home/vikasjoshis001/Desktop/Gestures/images_to_train/arya stark/index5.jpeg', '/home/vikasjoshis001/Desktop/Gestures/images_to_train/arya stark/index2.jpeg', '/home/vikasjoshis001/Desktop/Gestures/images_to_train/arya stark/images4.jpeg'], ['/home/vikasjoshis001/Desktop/Gestures/images_to_train/cdgf-2022-03-31 21:36:27.346228/cdgf.85578c72-b10c-11ec-9ef1-cb4f7634f54e.jpeg', '/home/vikasjoshis001/Desktop/Gestures/images_to_train/cdgf-2022-03-31 21:36:27.346228/cdgf.87d815f2-b10c-11ec-9ef1-cb4f7634f54e.jpeg', '/home/vikasjoshis001/Desktop/Gestures/images_to_train/cdgf-2022-03-31 21:36:27.346228/cdgf.85578c73-b10c-11ec-9ef1-cb4f7634f54e.jpeg', '/home/vikasjoshis001/Desktop/Gestures/images_to_train/cdgf-2022-03-31 21:36:27.346228/cdgf.86a3b421-b10c-11ec-9ef1-cb4f7634f54e.jpeg', '/home/vikasjoshis001/Desktop/Gestures/images_to_train/cdgf-2022-03-31 21:36:27.346228/cdgf.86a3b420-b10c-11ec-9ef1-cb4f7634f54e.jpeg'], ['/home/vikasjoshis001/Desktop/Gestures/images_to_train/CDSGFRF-2022-03-31 21:43:47.409374/CDSGFRF.8cf119f2-b10d-11ec-9ef1-cb4f7634f54e.jpeg', '/home/vikasjoshis001/Desktop/Gestures/images_to_train/CDSGFRF-2022-03-31 21:43:47.409374/CDSGFRF.8ba3c96f-b10d-11ec-9ef1-cb4f7634f54e.jpeg', '/home/vikasjoshis001/Desktop/Gestures/images_to_train/CDSGFRF-2022-03-31 21:43:47.409374/CDSGFRF.8cf119f3-b10d-11ec-9ef1-cb4f7634f54e.jpeg', '/home/vikasjoshis001/Desktop/Gestures/images_to_train/CDSGFRF-2022-03-31 21:43:47.409374/CDSGFRF.8ba3c96e-b10d-11ec-9ef1-cb4f7634f54e.jpeg', '/home/vikasjoshis001/Desktop/Gestures/images_to_train/CDSGFRF-2022-03-31 21:43:47.409374/CDSGFRF.8e261750-b10d-11ec-9ef1-cb4f7634f54e.jpeg'], ['/home/vikasjoshis001/Desktop/Gestures/images_to_train/hfjghjk-2022-03-31 21:42:10.265917/hfjghjk.51bcb918-b10d-11ec-9ef1-cb4f7634f54e.jpeg', '/home/vikasjoshis001/Desktop/Gestures/images_to_train/hfjghjk-2022-03-31 21:42:10.265917/hfjghjk.543d4090-b10d-11ec-9ef1-cb4f7634f54e.jpeg', '/home/vikasjoshis001/Desktop/Gestures/images_to_train/hfjghjk-2022-03-31 21:42:10.265917/hfjghjk.5307cb14-b10d-11ec-9ef1-cb4f7634f54e.jpeg', '/home/vikasjoshis001/Desktop/Gestures/images_to_train/hfjghjk-2022-03-31 21:42:10.265917/hfjghjk.5307cb15-b10d-11ec-9ef1-cb4f7634f54e.jpeg', '/home/vikasjoshis001/Desktop/Gestures/images_to_train/hfjghjk-2022-03-31 21:42:10.265917/hfjghjk.51bcb919-b10d-11ec-9ef1-cb4f7634f54e.jpeg'], ['/home/vikasjoshis001/Desktop/Gestures/images_to_train/hbdhjvbxbh-2022-03-31 13:55:24.952640/hbdhjvbxbh.1fc00190-b0cc-11ec-95c9-353773ec36e1.jpeg', '/home/vikasjoshis001/Desktop/Gestures/images_to_train/hbdhjvbxbh-2022-03-31 13:55:24.952640/hbdhjvbxbh.1d3f745b-b0cc-11ec-95c9-353773ec36e1.jpeg', '/home/vikasjoshis001/Desktop/Gestures/images_to_train/hbdhjvbxbh-2022-03-31 13:55:24.952640/hbdhjvbxbh.1e898a3b-b0cc-11ec-95c9-353773ec36e1.jpeg', '/home/vikasjoshis001/Desktop/Gestures/images_to_train/hbdhjvbxbh-2022-03-31 13:55:24.952640/hbdhjvbxbh.1e898a3a-b0cc-11ec-95c9-353773ec36e1.jpeg', '/home/vikasjoshis001/Desktop/Gestures/images_to_train/hbdhjvbxbh-2022-03-31 13:55:24.952640/hbdhjvbxbh.1d3f745a-b0cc-11ec-95c9-353773ec36e1.jpeg'], ['/home/vikasjoshis001/Desktop/Gestures/images_to_train/Hello-2022-03-31 21:24:36.282713/Hello.e06c311f-b10a-11ec-9ef1-cb4f7634f54e.jpeg', '/home/vikasjoshis001/Desktop/Gestures/images_to_train/Hello-2022-03-31 21:24:36.282713/Hello.dd908b34-b10a-11ec-9ef1-cb4f7634f54e.jpeg', '/home/vikasjoshis001/Desktop/Gestures/images_to_train/Hello-2022-03-31 21:24:36.282713/Hello.df350b72-b10a-11ec-9ef1-cb4f7634f54e.jpeg', '/home/vikasjoshis001/Desktop/Gestures/images_to_train/Hello-2022-03-31 21:24:36.282713/Hello.e06c311e-b10a-11ec-9ef1-cb4f7634f54e.jpeg', '/home/vikasjoshis001/Desktop/Gestures/images_to_train/Hello-2022-03-31 21:24:36.282713/Hello.df350b73-b10a-11ec-9ef1-cb4f7634f54e.jpeg'], ['/home/vikasjoshis001/Desktop/Gestures/images_to_train/VDFGBFD-2022-03-31 21:43:20.375870/VDFGBFD.7b868581-b10d-11ec-9ef1-cb4f7634f54e.jpeg', '/home/vikasjoshis001/Desktop/Gestures/images_to_train/VDFGBFD-2022-03-31 21:43:20.375870/VDFGBFD.7cd0ff6a-b10d-11ec-9ef1-cb4f7634f54e.jpeg', '/home/vikasjoshis001/Desktop/Gestures/images_to_train/VDFGBFD-2022-03-31 21:43:20.375870/VDFGBFD.7cd0ff6b-b10d-11ec-9ef1-cb4f7634f54e.jpeg', '/home/vikasjoshis001/Desktop/Gestures/images_to_train/VDFGBFD-2022-03-31 21:43:20.375870/VDFGBFD.7e0657cc-b10d-11ec-9ef1-cb4f7634f54e.jpeg', '/home/vikasjoshis001/Desktop/Gestures/images_to_train/VDFGBFD-2022-03-31 21:43:20.375870/VDFGBFD.7b868580-b10d-11ec-9ef1-cb4f7634f54e.jpeg'], [], ['/home/vikasjoshis001/Desktop/Gestures/images_to_train/Vikassfr-2022-04-01 06:02:05.283154/Vikassfr.28298ca3-b153-11ec-ae44-cb6983774605.jpeg', '/home/vikasjoshis001/Desktop/Gestures/images_to_train/Vikassfr-2022-04-01 06:02:05.283154/Vikassfr.2977a6ac-b153-11ec-ae44-cb6983774605.jpeg', '/home/vikasjoshis001/Desktop/Gestures/images_to_train/Vikassfr-2022-04-01 06:02:05.283154/Vikassfr.2977a6ad-b153-11ec-ae44-cb6983774605.jpeg', '/home/vikasjoshis001/Desktop/Gestures/images_to_train/Vikassfr-2022-04-01 06:02:05.283154/Vikassfr.28298ca2-b153-11ec-ae44-cb6983774605.jpeg', '/home/vikasjoshis001/Desktop/Gestures/images_to_train/Vikassfr-2022-04-01 06:02:05.283154/Vikassfr.2aac94b0-b153-11ec-ae44-cb6983774605.jpeg']]
2022-04-01 06:02:16.856 INFO Train - trainImages: started loading images and finding their encodings
2022-04-01 06:02:16.856 INFO Train - trainImages: loading image
2022-04-01 06:02:16.865 DEBUG Train - trainImages: /home/vikasjoshis001/Desktop/Gestures/images_to_train/FSRG-2022-03-31 21:45:46.139376/FSRG.d3b1a0c8-b10d-11ec-9ef1-cb4f7634f54e.jpeg
2022-04-01 06:02:16.865 INFO Train - trainImages: loading image done
2022-04-01 06:02:16.865 INFO Train - trainImages: finding the encoding of image
2022-04-01 06:02:16.953 INFO Train - trainImages: finding encoding of image is done
2022-04-01 06:02:16.954 INFO Train - trainImages: loading image
2022-04-01 06:02:16.954 DEBUG Train - trainImages: /home/vikasjoshis001/Desktop/Gestures/images_to_train/FSRG-2022-03-31 21:45:46.139376/FSRG.d268f0e0-b10d-11ec-9ef1-cb4f7634f54e.jpeg
2022-04-01 06:02:16.955 INFO Train - trainImages: loading image done
2022-04-01 06:02:16.955 INFO Train - trainImages: finding the encoding of image
2022-04-01 06:02:17.036 INFO Train - trainImages: finding encoding of image is done
2022-04-01 06:02:17.036 INFO Train - trainImages: loading image
2022-04-01 06:02:17.037 DEBUG Train - trainImages: /home/vikasjoshis001/Desktop/Gestures/images_to_train/FSRG-2022-03-31 21:45:46.139376/FSRG.d268f0e1-b10d-11ec-9ef1-cb4f7634f54e.jpeg
2022-04-01 06:02:17.037 INFO Train - trainImages: loading image done
2022-04-01 06:02:17.037 INFO Train - trainImages: finding the encoding of image
2022-04-01 06:02:17.118 INFO Train - trainImages: finding encoding of image is done
2022-04-01 06:02:17.119 INFO Train - trainImages: loading image
2022-04-01 06:02:17.120 DEBUG Train - trainImages: /home/vikasjoshis001/Desktop/Gestures/images_to_train/FSRG-2022-03-31 21:45:46.139376/FSRG.d3b1a0c9-b10d-11ec-9ef1-cb4f7634f54e.jpeg
2022-04-01 06:02:17.120 INFO Train - trainImages: loading image done
2022-04-01 06:02:17.120 INFO Train - trainImages: finding the encoding of image
2022-04-01 06:02:17.202 INFO Train - trainImages: finding encoding of image is done
2022-04-01 06:02:17.202 INFO Train - trainImages: loading image
2022-04-01 06:02:17.203 DEBUG Train - trainImages: /home/vikasjoshis001/Desktop/Gestures/images_to_train/FSRG-2022-03-31 21:45:46.139376/FSRG.d4e6ac90-b10d-11ec-9ef1-cb4f7634f54e.jpeg
2022-04-01 06:02:17.203 INFO Train - trainImages: loading image done
2022-04-01 06:02:17.203 INFO Train - trainImages: finding the encoding of image
2022-04-01 06:02:17.286 INFO Train - trainImages: finding encoding of image is done
2022-04-01 06:02:17.287 INFO Train - trainImages: getting average of encodings of loaded images
2022-04-01 06:02:17.287 INFO Train - trainImages: done with getting average encodings
2022-04-01 06:02:17.287 INFO Train - trainImages: storing the name and encoding in local dictionary
2022-04-01 06:02:17.287 INFO Train - trainImages: stored name and encodes in local dictionary
2022-04-01 06:02:17.287 INFO Train - trainImages: storing the name and encodings in mongodb
2022-04-01 06:02:17.288 INFO Train - trainImages: stored all name and encodes in mongodb
2022-04-01 06:02:17.288 INFO Train - trainImages: started loading images and finding their encodings
2022-04-01 06:02:17.288 INFO Train - trainImages: loading image
2022-04-01 06:02:17.289 DEBUG Train - trainImages: /home/vikasjoshis001/Desktop/Gestures/images_to_train/tyrion lannister/images5.jpeg
2022-04-01 06:02:17.289 INFO Train - trainImages: loading image done
2022-04-01 06:02:17.289 INFO Train - trainImages: finding the encoding of image
2022-04-01 06:02:17.359 INFO Train - trainImages: finding encoding of image is done
2022-04-01 06:02:17.359 INFO Train - trainImages: loading image
2022-04-01 06:02:17.360 DEBUG Train - trainImages: /home/vikasjoshis001/Desktop/Gestures/images_to_train/tyrion lannister/index3.jpeg
2022-04-01 06:02:17.360 INFO Train - trainImages: loading image done
2022-04-01 06:02:17.360 INFO Train - trainImages: finding the encoding of image
2022-04-01 06:02:17.430 INFO Train - trainImages: finding encoding of image is done
2022-04-01 06:02:17.430 INFO Train - trainImages: loading image
2022-04-01 06:02:17.431 DEBUG Train - trainImages: /home/vikasjoshis001/Desktop/Gestures/images_to_train/tyrion lannister/index1.jpeg
2022-04-01 06:02:17.431 INFO Train - trainImages: loading image done
2022-04-01 06:02:17.431 INFO Train - trainImages: finding the encoding of image
2022-04-01 06:02:17.500 INFO Train - trainImages: finding encoding of image is done
2022-04-01 06:02:17.500 INFO Train - trainImages: loading image
2022-04-01 06:02:17.501 DEBUG Train - trainImages: /home/vikasjoshis001/Desktop/Gestures/images_to_train/tyrion lannister/index2.jpeg
2022-04-01 06:02:17.501 INFO Train - trainImages: loading image done
2022-04-01 06:02:17.501 INFO Train - trainImages: finding the encoding of image
2022-04-01 06:02:17.570 INFO Train - trainImages: finding encoding of image is done
2022-04-01 06:02:17.570 INFO Train - trainImages: loading image
2022-04-01 06:02:17.570 DEBUG Train - trainImages: /home/vikasjoshis001/Desktop/Gestures/images_to_train/tyrion lannister/index4.jpeg
2022-04-01 06:02:17.570 INFO Train - trainImages: loading image done
2022-04-01 06:02:17.570 INFO Train - trainImages: finding the encoding of image
2022-04-01 06:02:17.637 INFO Train - trainImages: finding encoding of image is done
2022-04-01 06:02:17.637 INFO Train - trainImages: getting average of encodings of loaded images
2022-04-01 06:02:17.637 INFO Train - trainImages: done with getting average encodings
2022-04-01 06:02:17.637 INFO Train - trainImages: storing the name and encoding in local dictionary
2022-04-01 06:02:17.637 INFO Train - trainImages: stored name and encodes in local dictionary
2022-04-01 06:02:17.637 INFO Train - trainImages: storing the name and encodings in mongodb
2022-04-01 06:02:17.638 INFO Train - trainImages: stored all name and encodes in mongodb
2022-04-01 06:02:17.638 INFO Train - trainImages: started loading images and finding their encodings
2022-04-01 06:02:17.638 INFO Train - trainImages: loading image
2022-04-01 06:02:17.639 DEBUG Train - trainImages: /home/vikasjoshis001/Desktop/Gestures/images_to_train/CFG-2022-04-01 04:39:09.597251/CFG.94a3e744-b147-11ec-ae44-cb6983774605.jpeg
2022-04-01 06:02:17.639 INFO Train - trainImages: loading image done
2022-04-01 06:02:17.639 INFO Train - trainImages: finding the encoding of image
2022-04-01 06:02:17.721 INFO Train - trainImages: finding encoding of image is done
2022-04-01 06:02:17.721 INFO Train - trainImages: loading image
2022-04-01 06:02:17.722 DEBUG Train - trainImages: /home/vikasjoshis001/Desktop/Gestures/images_to_train/CFG-2022-04-01 04:39:09.597251/CFG.928d2e20-b147-11ec-ae44-cb6983774605.jpeg
2022-04-01 06:02:17.722 INFO Train - trainImages: loading image done
2022-04-01 06:02:17.722 INFO Train - trainImages: finding the encoding of image
2022-04-01 06:02:17.803 INFO Train - trainImages: finding encoding of image is done
2022-04-01 06:02:17.803 INFO Train - trainImages: loading image
2022-04-01 06:02:17.804 DEBUG Train - trainImages: /home/vikasjoshis001/Desktop/Gestures/images_to_train/CFG-2022-04-01 04:39:09.597251/CFG.95d7727b-b147-11ec-ae44-cb6983774605.jpeg
2022-04-01 06:02:17.804 INFO Train - trainImages: loading image done
2022-04-01 06:02:17.804 INFO Train - trainImages: finding the encoding of image
2022-04-01 06:02:17.887 INFO Train - trainImages: finding encoding of image is done
2022-04-01 06:02:17.887 INFO Train - trainImages: loading image
2022-04-01 06:02:17.888 DEBUG Train - trainImages: /home/vikasjoshis001/Desktop/Gestures/images_to_train/CFG-2022-04-01 04:39:09.597251/CFG.94a3e745-b147-11ec-ae44-cb6983774605.jpeg
2022-04-01 06:02:17.888 INFO Train - trainImages: loading image done
2022-04-01 06:02:17.888 INFO Train - trainImages: finding the encoding of image
2022-04-01 06:02:17.969 INFO Train - trainImages: finding encoding of image is done
2022-04-01 06:02:17.969 INFO Train - trainImages: loading image
2022-04-01 06:02:17.970 DEBUG Train - trainImages: /home/vikasjoshis001/Desktop/Gestures/images_to_train/CFG-2022-04-01 04:39:09.597251/CFG.95d7727a-b147-11ec-ae44-cb6983774605.jpeg
2022-04-01 06:02:17.970 INFO Train - trainImages: loading image done
2022-04-01 06:02:17.970 INFO Train - trainImages: finding the encoding of image
2022-04-01 06:02:18.052 INFO Train - trainImages: finding encoding of image is done
2022-04-01 06:02:18.052 INFO Train - trainImages: getting average of encodings of loaded images
2022-04-01 06:02:18.053 INFO Train - trainImages: done with getting average encodings
2022-04-01 06:02:18.053 INFO Train - trainImages: storing the name and encoding in local dictionary
2022-04-01 06:02:18.053 INFO Train - trainImages: stored name and encodes in local dictionary
2022-04-01 06:02:18.053 INFO Train - trainImages: storing the name and encodings in mongodb
2022-04-01 06:02:18.053 INFO Train - trainImages: stored all name and encodes in mongodb
2022-04-01 06:02:18.053 INFO Train - trainImages: started loading images and finding their encodings
2022-04-01 06:02:18.053 INFO Train - trainImages: loading image
2022-04-01 06:02:18.054 DEBUG Train - trainImages: /home/vikasjoshis001/Desktop/Gestures/images_to_train/denerys targeryan/index3.jpeg
2022-04-01 06:02:18.054 INFO Train - trainImages: loading image done
2022-04-01 06:02:18.054 INFO Train - trainImages: finding the encoding of image
2022-04-01 06:02:18.123 INFO Train - trainImages: finding encoding of image is done
2022-04-01 06:02:18.123 INFO Train - trainImages: loading image
2022-04-01 06:02:18.124 DEBUG Train - trainImages: /home/vikasjoshis001/Desktop/Gestures/images_to_train/denerys targeryan/index5.jpeg
2022-04-01 06:02:18.124 INFO Train - trainImages: loading image done
2022-04-01 06:02:18.124 INFO Train - trainImages: finding the encoding of image
2022-04-01 06:02:18.194 INFO Train - trainImages: finding encoding of image is done
2022-04-01 06:02:18.194 INFO Train - trainImages: loading image
2022-04-01 06:02:18.195 DEBUG Train - trainImages: /home/vikasjoshis001/Desktop/Gestures/images_to_train/denerys targeryan/index1.jpeg
2022-04-01 06:02:18.195 INFO Train - trainImages: loading image done
2022-04-01 06:02:18.195 INFO Train - trainImages: finding the encoding of image
2022-04-01 06:02:18.266 INFO Train - trainImages: finding encoding of image is done
2022-04-01 06:02:18.266 INFO Train - trainImages: loading image
2022-04-01 06:02:18.267 DEBUG Train - trainImages: /home/vikasjoshis001/Desktop/Gestures/images_to_train/denerys targeryan/index2.jpeg
2022-04-01 06:02:18.267 INFO Train - trainImages: loading image done
2022-04-01 06:02:18.267 INFO Train - trainImages: finding the encoding of image
2022-04-01 06:02:18.340 INFO Train - trainImages: finding encoding of image is done
2022-04-01 06:02:18.340 INFO Train - trainImages: loading image
2022-04-01 06:02:18.340 DEBUG Train - trainImages: /home/vikasjoshis001/Desktop/Gestures/images_to_train/denerys targeryan/index4.jpeg
2022-04-01 06:02:18.340 INFO Train - trainImages: loading image done
2022-04-01 06:02:18.340 INFO Train - trainImages: finding the encoding of image
2022-04-01 06:02:18.410 INFO Train - trainImages: finding encoding of image is done
2022-04-01 06:02:18.410 INFO Train - trainImages: getting average of encodings of loaded images
2022-04-01 06:02:18.410 INFO Train - trainImages: done with getting average encodings
2022-04-01 06:02:18.410 INFO Train - trainImages: storing the name and encoding in local dictionary
2022-04-01 06:02:18.411 INFO Train - trainImages: stored name and encodes in local dictionary
2022-04-01 06:02:18.411 INFO Train - trainImages: storing the name and encodings in mongodb
2022-04-01 06:02:18.411 INFO Train - trainImages: stored all name and encodes in mongodb
2022-04-01 06:02:18.411 INFO Train - trainImages: started loading images and finding their encodings
2022-04-01 06:02:18.411 INFO Train - trainImages: loading image
2022-04-01 06:02:18.412 DEBUG Train - trainImages: /home/vikasjoshis001/Desktop/Gestures/images_to_train/GFG-2022-04-01 04:40:12.010089/GFG.b8ee9839-b147-11ec-ae44-cb6983774605.jpeg
2022-04-01 06:02:18.412 INFO Train - trainImages: loading image done
2022-04-01 06:02:18.412 INFO Train - trainImages: finding the encoding of image
2022-04-01 06:02:18.495 INFO Train - trainImages: finding encoding of image is done
2022-04-01 06:02:18.495 INFO Train - trainImages: loading image
2022-04-01 06:02:18.496 DEBUG Train - trainImages: /home/vikasjoshis001/Desktop/Gestures/images_to_train/GFG-2022-04-01 04:40:12.010089/GFG.b79f5ac7-b147-11ec-ae44-cb6983774605.jpeg
2022-04-01 06:02:18.496 INFO Train - trainImages: loading image done
2022-04-01 06:02:18.497 INFO Train - trainImages: finding the encoding of image
2022-04-01 06:02:18.577 INFO Train - trainImages: finding encoding of image is done
2022-04-01 06:02:18.577 INFO Train - trainImages: loading image
2022-04-01 06:02:18.578 DEBUG Train - trainImages: /home/vikasjoshis001/Desktop/Gestures/images_to_train/GFG-2022-04-01 04:40:12.010089/GFG.b8ee9838-b147-11ec-ae44-cb6983774605.jpeg
2022-04-01 06:02:18.578 INFO Train - trainImages: loading image done
2022-04-01 06:02:18.578 INFO Train - trainImages: finding the encoding of image
2022-04-01 06:02:18.662 INFO Train - trainImages: finding encoding of image is done
2022-04-01 06:02:18.662 INFO Train - trainImages: loading image
2022-04-01 06:02:18.663 DEBUG Train - trainImages: /home/vikasjoshis001/Desktop/Gestures/images_to_train/GFG-2022-04-01 04:40:12.010089/GFG.ba22074e-b147-11ec-ae44-cb6983774605.jpeg
2022-04-01 06:02:18.663 INFO Train - trainImages: loading image done
2022-04-01 06:02:18.663 INFO Train - trainImages: finding the encoding of image
2022-04-01 06:02:18.744 INFO Train - trainImages: finding encoding of image is done
2022-04-01 06:02:18.744 INFO Train - trainImages: loading image
2022-04-01 06:02:18.745 DEBUG Train - trainImages: /home/vikasjoshis001/Desktop/Gestures/images_to_train/GFG-2022-04-01 04:40:12.010089/GFG.b79f5ac6-b147-11ec-ae44-cb6983774605.jpeg
2022-04-01 06:02:18.745 INFO Train - trainImages: loading image done
2022-04-01 06:02:18.745 INFO Train - trainImages: finding the encoding of image
2022-04-01 06:02:18.827 INFO Train - trainImages: finding encoding of image is done
2022-04-01 06:02:18.827 INFO Train - trainImages: getting average of encodings of loaded images
2022-04-01 06:02:18.828 INFO Train - trainImages: done with getting average encodings
2022-04-01 06:02:18.828 INFO Train - trainImages: storing the name and encoding in local dictionary
2022-04-01 06:02:18.828 INFO Train - trainImages: stored name and encodes in local dictionary
2022-04-01 06:02:18.828 INFO Train - trainImages: storing the name and encodings in mongodb
2022-04-01 06:02:18.828 INFO Train - trainImages: stored all name and encodes in mongodb
2022-04-01 06:02:18.829 DEBUG Train - trainImages: Fe-2022-03-31 21:29:28.266217
2022-04-01 06:02:18.829 ERROR Train - trainImages: above folder is empty with no images
2022-04-01 06:02:18.829 INFO Train - trainImages: exiting the program with no updates in training
