2022-02-25 12:56:08.745 INFO Train - trainImages: MongoDB database connected successfully
2022-02-25 12:56:08.748 INFO Train - trainImages: collected all folders in known_people folder
2022-02-25 12:56:08.749 DEBUG Train - trainImages: ['tyrion lannister', 'denerys targeryan', 'Mangesh', 'cersie lannister', 'king in the north', 'arya stark']
2022-02-25 12:56:08.756 INFO Train - trainImages: collected all images from all folders in known_people folder
2022-02-25 12:56:08.756 DEBUG Train - trainImages: [['/home/vikasjoshis001/Desktop/FaceRecognition/images_to_train/tyrion lannister/images5.jpeg', '/home/vikasjoshis001/Desktop/FaceRecognition/images_to_train/tyrion lannister/index3.jpeg', '/home/vikasjoshis001/Desktop/FaceRecognition/images_to_train/tyrion lannister/index1.jpeg', '/home/vikasjoshis001/Desktop/FaceRecognition/images_to_train/tyrion lannister/index2.jpeg', '/home/vikasjoshis001/Desktop/FaceRecognition/images_to_train/tyrion lannister/index4.jpeg'], ['/home/vikasjoshis001/Desktop/FaceRecognition/images_to_train/denerys targeryan/index3.jpeg', '/home/vikasjoshis001/Desktop/FaceRecognition/images_to_train/denerys targeryan/index5.jpeg', '/home/vikasjoshis001/Desktop/FaceRecognition/images_to_train/denerys targeryan/index1.jpeg', '/home/vikasjoshis001/Desktop/FaceRecognition/images_to_train/denerys targeryan/index2.jpeg', '/home/vikasjoshis001/Desktop/FaceRecognition/images_to_train/denerys targeryan/index4.jpeg'], ['/home/vikasjoshis001/Desktop/FaceRecognition/images_to_train/Mangesh/Mangesh.3000c093-960c-11ec-a6b1-2f237028861a.jpeg', '/home/vikasjoshis001/Desktop/FaceRecognition/images_to_train/Mangesh/Mangesh.3283bb58-960c-11ec-a6b1-2f237028861a.jpeg', '/home/vikasjoshis001/Desktop/FaceRecognition/images_to_train/Mangesh/Mangesh.314bc26c-960c-11ec-a6b1-2f237028861a.jpeg', '/home/vikasjoshis001/Desktop/FaceRecognition/images_to_train/Mangesh/Mangesh.314bc26d-960c-11ec-a6b1-2f237028861a.jpeg', '/home/vikasjoshis001/Desktop/FaceRecognition/images_to_train/Mangesh/Mangesh.3000c092-960c-11ec-a6b1-2f237028861a.jpeg'], ['/home/vikasjoshis001/Desktop/FaceRecognition/images_to_train/cersie lannister/index3.jpeg', '/home/vikasjoshis001/Desktop/FaceRecognition/images_to_train/cersie lannister/index5.jpeg', '/home/vikasjoshis001/Desktop/FaceRecognition/images_to_train/cersie lannister/index2.jpeg', '/home/vikasjoshis001/Desktop/FaceRecognition/images_to_train/cersie lannister/index4.jpeg'], ['/home/vikasjoshis001/Desktop/FaceRecognition/images_to_train/king in the north/index.jpeg', '/home/vikasjoshis001/Desktop/FaceRecognition/images_to_train/king in the north/index3.jpeg', '/home/vikasjoshis001/Desktop/FaceRecognition/images_to_train/king in the north/index5.jpeg', '/home/vikasjoshis001/Desktop/FaceRecognition/images_to_train/king in the north/index2.jpeg', '/home/vikasjoshis001/Desktop/FaceRecognition/images_to_train/king in the north/index4.jpeg'], ['/home/vikasjoshis001/Desktop/FaceRecognition/images_to_train/arya stark/index.jpeg', '/home/vikasjoshis001/Desktop/FaceRecognition/images_to_train/arya stark/index3.jpeg', '/home/vikasjoshis001/Desktop/FaceRecognition/images_to_train/arya stark/index5.jpeg', '/home/vikasjoshis001/Desktop/FaceRecognition/images_to_train/arya stark/index2.jpeg', '/home/vikasjoshis001/Desktop/FaceRecognition/images_to_train/arya stark/images4.jpeg']]
2022-02-25 12:56:08.758 INFO Train - trainImages: started loading images and finding their encodings
2022-02-25 12:56:08.759 INFO Train - trainImages: loading image
2022-02-25 12:56:08.775 DEBUG Train - trainImages: /home/vikasjoshis001/Desktop/FaceRecognition/images_to_train/tyrion lannister/images5.jpeg
2022-02-25 12:56:08.775 INFO Train - trainImages: loading image done
2022-02-25 12:56:08.775 INFO Train - trainImages: finding the encoding of image
2022-02-25 12:56:08.855 INFO Train - trainImages: finding encoding of image is done
2022-02-25 12:56:08.855 INFO Train - trainImages: loading image
2022-02-25 12:56:08.855 DEBUG Train - trainImages: /home/vikasjoshis001/Desktop/FaceRecognition/images_to_train/tyrion lannister/index3.jpeg
2022-02-25 12:56:08.855 INFO Train - trainImages: loading image done
2022-02-25 12:56:08.855 INFO Train - trainImages: finding the encoding of image
2022-02-25 12:56:08.920 INFO Train - trainImages: finding encoding of image is done
2022-02-25 12:56:08.920 INFO Train - trainImages: loading image
2022-02-25 12:56:08.921 DEBUG Train - trainImages: /home/vikasjoshis001/Desktop/FaceRecognition/images_to_train/tyrion lannister/index1.jpeg
2022-02-25 12:56:08.921 INFO Train - trainImages: loading image done
2022-02-25 12:56:08.921 INFO Train - trainImages: finding the encoding of image
2022-02-25 12:56:08.988 INFO Train - trainImages: finding encoding of image is done
2022-02-25 12:56:08.988 INFO Train - trainImages: loading image
2022-02-25 12:56:08.988 DEBUG Train - trainImages: /home/vikasjoshis001/Desktop/FaceRecognition/images_to_train/tyrion lannister/index2.jpeg
2022-02-25 12:56:08.988 INFO Train - trainImages: loading image done
2022-02-25 12:56:08.988 INFO Train - trainImages: finding the encoding of image
2022-02-25 12:56:09.056 INFO Train - trainImages: finding encoding of image is done
2022-02-25 12:56:09.056 INFO Train - trainImages: loading image
2022-02-25 12:56:09.057 DEBUG Train - trainImages: /home/vikasjoshis001/Desktop/FaceRecognition/images_to_train/tyrion lannister/index4.jpeg
2022-02-25 12:56:09.057 INFO Train - trainImages: loading image done
2022-02-25 12:56:09.057 INFO Train - trainImages: finding the encoding of image
2022-02-25 12:56:09.139 INFO Train - trainImages: finding encoding of image is done
2022-02-25 12:56:09.140 INFO Train - trainImages: getting average of encodings of loaded images
2022-02-25 12:56:09.140 INFO Train - trainImages: done with getting average encodings
2022-02-25 12:56:09.140 INFO Train - trainImages: storing the name and encoding in local dictionary
2022-02-25 12:56:09.140 INFO Train - trainImages: stored name and encodes in local dictionary
2022-02-25 12:56:09.140 INFO Train - trainImages: storing the name and encodings in mongodb
2022-02-25 12:56:09.141 INFO Train - trainImages: stored all name and encodes in mongodb
2022-02-25 12:56:09.142 INFO Train - trainImages: started loading images and finding their encodings
2022-02-25 12:56:09.142 INFO Train - trainImages: loading image
2022-02-25 12:56:09.142 DEBUG Train - trainImages: /home/vikasjoshis001/Desktop/FaceRecognition/images_to_train/denerys targeryan/index3.jpeg
2022-02-25 12:56:09.142 INFO Train - trainImages: loading image done
2022-02-25 12:56:09.142 INFO Train - trainImages: finding the encoding of image
2022-02-25 12:56:09.213 INFO Train - trainImages: finding encoding of image is done
2022-02-25 12:56:09.213 INFO Train - trainImages: loading image
2022-02-25 12:56:09.213 DEBUG Train - trainImages: /home/vikasjoshis001/Desktop/FaceRecognition/images_to_train/denerys targeryan/index5.jpeg
2022-02-25 12:56:09.213 INFO Train - trainImages: loading image done
2022-02-25 12:56:09.213 INFO Train - trainImages: finding the encoding of image
2022-02-25 12:56:09.280 INFO Train - trainImages: finding encoding of image is done
2022-02-25 12:56:09.280 INFO Train - trainImages: loading image
2022-02-25 12:56:09.281 DEBUG Train - trainImages: /home/vikasjoshis001/Desktop/FaceRecognition/images_to_train/denerys targeryan/index1.jpeg
2022-02-25 12:56:09.281 INFO Train - trainImages: loading image done
2022-02-25 12:56:09.281 INFO Train - trainImages: finding the encoding of image
2022-02-25 12:56:09.348 INFO Train - trainImages: finding encoding of image is done
2022-02-25 12:56:09.348 INFO Train - trainImages: loading image
2022-02-25 12:56:09.349 DEBUG Train - trainImages: /home/vikasjoshis001/Desktop/FaceRecognition/images_to_train/denerys targeryan/index2.jpeg
2022-02-25 12:56:09.349 INFO Train - trainImages: loading image done
2022-02-25 12:56:09.349 INFO Train - trainImages: finding the encoding of image
2022-02-25 12:56:09.421 INFO Train - trainImages: finding encoding of image is done
2022-02-25 12:56:09.421 INFO Train - trainImages: loading image
2022-02-25 12:56:09.422 DEBUG Train - trainImages: /home/vikasjoshis001/Desktop/FaceRecognition/images_to_train/denerys targeryan/index4.jpeg
2022-02-25 12:56:09.422 INFO Train - trainImages: loading image done
2022-02-25 12:56:09.422 INFO Train - trainImages: finding the encoding of image
2022-02-25 12:56:09.517 INFO Train - trainImages: finding encoding of image is done
2022-02-25 12:56:09.517 INFO Train - trainImages: getting average of encodings of loaded images
2022-02-25 12:56:09.518 INFO Train - trainImages: done with getting average encodings
2022-02-25 12:56:09.518 INFO Train - trainImages: storing the name and encoding in local dictionary
2022-02-25 12:56:09.518 INFO Train - trainImages: stored name and encodes in local dictionary
2022-02-25 12:56:09.518 INFO Train - trainImages: storing the name and encodings in mongodb
2022-02-25 12:56:09.519 INFO Train - trainImages: stored all name and encodes in mongodb
2022-02-25 12:56:09.519 INFO Train - trainImages: started loading images and finding their encodings
2022-02-25 12:56:09.519 INFO Train - trainImages: loading image
2022-02-25 12:56:09.522 DEBUG Train - trainImages: /home/vikasjoshis001/Desktop/FaceRecognition/images_to_train/Mangesh/Mangesh.3000c093-960c-11ec-a6b1-2f237028861a.jpeg
2022-02-25 12:56:09.522 INFO Train - trainImages: loading image done
2022-02-25 12:56:09.522 INFO Train - trainImages: finding the encoding of image
2022-02-25 12:56:09.788 INFO Train - trainImages: finding encoding of image is done
2022-02-25 12:56:09.788 INFO Train - trainImages: loading image
2022-02-25 12:56:09.796 DEBUG Train - trainImages: /home/vikasjoshis001/Desktop/FaceRecognition/images_to_train/Mangesh/Mangesh.3283bb58-960c-11ec-a6b1-2f237028861a.jpeg
2022-02-25 12:56:09.796 INFO Train - trainImages: loading image done
2022-02-25 12:56:09.796 INFO Train - trainImages: finding the encoding of image
2022-02-25 12:56:10.107 INFO Train - trainImages: finding encoding of image is done
2022-02-25 12:56:10.107 INFO Train - trainImages: loading image
2022-02-25 12:56:10.109 DEBUG Train - trainImages: /home/vikasjoshis001/Desktop/FaceRecognition/images_to_train/Mangesh/Mangesh.314bc26c-960c-11ec-a6b1-2f237028861a.jpeg
2022-02-25 12:56:10.109 INFO Train - trainImages: loading image done
2022-02-25 12:56:10.109 INFO Train - trainImages: finding the encoding of image
2022-02-25 12:56:10.319 INFO Train - trainImages: finding encoding of image is done
2022-02-25 12:56:10.319 INFO Train - trainImages: loading image
2022-02-25 12:56:10.321 DEBUG Train - trainImages: /home/vikasjoshis001/Desktop/FaceRecognition/images_to_train/Mangesh/Mangesh.314bc26d-960c-11ec-a6b1-2f237028861a.jpeg
2022-02-25 12:56:10.321 INFO Train - trainImages: loading image done
2022-02-25 12:56:10.321 INFO Train - trainImages: finding the encoding of image
2022-02-25 12:56:10.499 INFO Train - trainImages: finding encoding of image is done
2022-02-25 12:56:10.499 INFO Train - trainImages: loading image
2022-02-25 12:56:10.501 DEBUG Train - trainImages: /home/vikasjoshis001/Desktop/FaceRecognition/images_to_train/Mangesh/Mangesh.3000c092-960c-11ec-a6b1-2f237028861a.jpeg
2022-02-25 12:56:10.501 INFO Train - trainImages: loading image done
2022-02-25 12:56:10.501 INFO Train - trainImages: finding the encoding of image
2022-02-25 12:56:10.679 INFO Train - trainImages: finding encoding of image is done
2022-02-25 12:56:10.679 INFO Train - trainImages: getting average of encodings of loaded images
2022-02-25 12:56:10.679 INFO Train - trainImages: done with getting average encodings
2022-02-25 12:56:10.679 INFO Train - trainImages: storing the name and encoding in local dictionary
2022-02-25 12:56:10.679 INFO Train - trainImages: stored name and encodes in local dictionary
2022-02-25 12:56:10.679 INFO Train - trainImages: storing the name and encodings in mongodb
2022-02-25 12:56:10.680 INFO Train - trainImages: stored all name and encodes in mongodb
2022-02-25 12:56:10.680 INFO Train - trainImages: started loading images and finding their encodings
2022-02-25 12:56:10.680 INFO Train - trainImages: loading image
2022-02-25 12:56:10.681 DEBUG Train - trainImages: /home/vikasjoshis001/Desktop/FaceRecognition/images_to_train/cersie lannister/index3.jpeg
2022-02-25 12:56:10.681 INFO Train - trainImages: loading image done
2022-02-25 12:56:10.681 INFO Train - trainImages: finding the encoding of image
2022-02-25 12:56:10.745 INFO Train - trainImages: finding encoding of image is done
2022-02-25 12:56:10.745 INFO Train - trainImages: loading image
2022-02-25 12:56:10.745 DEBUG Train - trainImages: /home/vikasjoshis001/Desktop/FaceRecognition/images_to_train/cersie lannister/index5.jpeg
2022-02-25 12:56:10.745 INFO Train - trainImages: loading image done
2022-02-25 12:56:10.745 INFO Train - trainImages: finding the encoding of image
2022-02-25 12:56:10.809 INFO Train - trainImages: finding encoding of image is done
2022-02-25 12:56:10.810 INFO Train - trainImages: loading image
2022-02-25 12:56:10.810 DEBUG Train - trainImages: /home/vikasjoshis001/Desktop/FaceRecognition/images_to_train/cersie lannister/index2.jpeg
2022-02-25 12:56:10.810 INFO Train - trainImages: loading image done
2022-02-25 12:56:10.810 INFO Train - trainImages: finding the encoding of image
2022-02-25 12:56:10.876 INFO Train - trainImages: finding encoding of image is done
2022-02-25 12:56:10.876 INFO Train - trainImages: loading image
2022-02-25 12:56:10.877 DEBUG Train - trainImages: /home/vikasjoshis001/Desktop/FaceRecognition/images_to_train/cersie lannister/index4.jpeg
2022-02-25 12:56:10.877 INFO Train - trainImages: loading image done
2022-02-25 12:56:10.877 INFO Train - trainImages: finding the encoding of image
2022-02-25 12:56:10.945 INFO Train - trainImages: finding encoding of image is done
2022-02-25 12:56:10.946 INFO Train - trainImages: getting average of encodings of loaded images
2022-02-25 12:56:10.946 INFO Train - trainImages: done with getting average encodings
2022-02-25 12:56:10.946 INFO Train - trainImages: storing the name and encoding in local dictionary
2022-02-25 12:56:10.946 INFO Train - trainImages: stored name and encodes in local dictionary
2022-02-25 12:56:10.946 INFO Train - trainImages: storing the name and encodings in mongodb
2022-02-25 12:56:10.946 INFO Train - trainImages: stored all name and encodes in mongodb
2022-02-25 12:56:10.947 INFO Train - trainImages: started loading images and finding their encodings
2022-02-25 12:56:10.947 INFO Train - trainImages: loading image
2022-02-25 12:56:10.947 DEBUG Train - trainImages: /home/vikasjoshis001/Desktop/FaceRecognition/images_to_train/king in the north/index.jpeg
2022-02-25 12:56:10.947 INFO Train - trainImages: loading image done
2022-02-25 12:56:10.947 INFO Train - trainImages: finding the encoding of image
2022-02-25 12:56:11.013 INFO Train - trainImages: finding encoding of image is done
2022-02-25 12:56:11.013 INFO Train - trainImages: loading image
2022-02-25 12:56:11.014 DEBUG Train - trainImages: /home/vikasjoshis001/Desktop/FaceRecognition/images_to_train/king in the north/index3.jpeg
2022-02-25 12:56:11.014 INFO Train - trainImages: loading image done
2022-02-25 12:56:11.014 INFO Train - trainImages: finding the encoding of image
2022-02-25 12:56:11.082 INFO Train - trainImages: finding encoding of image is done
2022-02-25 12:56:11.082 INFO Train - trainImages: loading image
2022-02-25 12:56:11.083 DEBUG Train - trainImages: /home/vikasjoshis001/Desktop/FaceRecognition/images_to_train/king in the north/index5.jpeg
2022-02-25 12:56:11.083 INFO Train - trainImages: loading image done
2022-02-25 12:56:11.083 INFO Train - trainImages: finding the encoding of image
2022-02-25 12:56:11.149 INFO Train - trainImages: finding encoding of image is done
2022-02-25 12:56:11.149 INFO Train - trainImages: loading image
2022-02-25 12:56:11.149 DEBUG Train - trainImages: /home/vikasjoshis001/Desktop/FaceRecognition/images_to_train/king in the north/index2.jpeg
2022-02-25 12:56:11.149 INFO Train - trainImages: loading image done
2022-02-25 12:56:11.149 INFO Train - trainImages: finding the encoding of image
2022-02-25 12:56:11.215 INFO Train - trainImages: finding encoding of image is done
2022-02-25 12:56:11.215 INFO Train - trainImages: loading image
2022-02-25 12:56:11.216 DEBUG Train - trainImages: /home/vikasjoshis001/Desktop/FaceRecognition/images_to_train/king in the north/index4.jpeg
2022-02-25 12:56:11.216 INFO Train - trainImages: loading image done
2022-02-25 12:56:11.216 INFO Train - trainImages: finding the encoding of image
2022-02-25 12:56:11.283 INFO Train - trainImages: finding encoding of image is done
2022-02-25 12:56:11.283 INFO Train - trainImages: getting average of encodings of loaded images
2022-02-25 12:56:11.283 INFO Train - trainImages: done with getting average encodings
2022-02-25 12:56:11.283 INFO Train - trainImages: storing the name and encoding in local dictionary
2022-02-25 12:56:11.283 INFO Train - trainImages: stored name and encodes in local dictionary
2022-02-25 12:56:11.283 INFO Train - trainImages: storing the name and encodings in mongodb
2022-02-25 12:56:11.284 INFO Train - trainImages: stored all name and encodes in mongodb
2022-02-25 12:56:11.284 INFO Train - trainImages: started loading images and finding their encodings
2022-02-25 12:56:11.284 INFO Train - trainImages: loading image
2022-02-25 12:56:11.284 DEBUG Train - trainImages: /home/vikasjoshis001/Desktop/FaceRecognition/images_to_train/arya stark/index.jpeg
2022-02-25 12:56:11.285 INFO Train - trainImages: loading image done
2022-02-25 12:56:11.285 INFO Train - trainImages: finding the encoding of image
2022-02-25 12:56:11.351 INFO Train - trainImages: finding encoding of image is done
2022-02-25 12:56:11.352 INFO Train - trainImages: loading image
2022-02-25 12:56:11.352 DEBUG Train - trainImages: /home/vikasjoshis001/Desktop/FaceRecognition/images_to_train/arya stark/index3.jpeg
2022-02-25 12:56:11.352 INFO Train - trainImages: loading image done
2022-02-25 12:56:11.352 INFO Train - trainImages: finding the encoding of image
2022-02-25 12:56:11.417 INFO Train - trainImages: finding encoding of image is done
2022-02-25 12:56:11.417 INFO Train - trainImages: loading image
2022-02-25 12:56:11.418 DEBUG Train - trainImages: /home/vikasjoshis001/Desktop/FaceRecognition/images_to_train/arya stark/index5.jpeg
2022-02-25 12:56:11.418 INFO Train - trainImages: loading image done
2022-02-25 12:56:11.418 INFO Train - trainImages: finding the encoding of image
2022-02-25 12:56:11.485 INFO Train - trainImages: finding encoding of image is done
2022-02-25 12:56:11.485 INFO Train - trainImages: loading image
2022-02-25 12:56:11.486 DEBUG Train - trainImages: /home/vikasjoshis001/Desktop/FaceRecognition/images_to_train/arya stark/index2.jpeg
2022-02-25 12:56:11.486 INFO Train - trainImages: loading image done
2022-02-25 12:56:11.486 INFO Train - trainImages: finding the encoding of image
2022-02-25 12:56:11.551 INFO Train - trainImages: finding encoding of image is done
2022-02-25 12:56:11.552 INFO Train - trainImages: loading image
2022-02-25 12:56:11.552 DEBUG Train - trainImages: /home/vikasjoshis001/Desktop/FaceRecognition/images_to_train/arya stark/images4.jpeg
2022-02-25 12:56:11.552 INFO Train - trainImages: loading image done
2022-02-25 12:56:11.552 INFO Train - trainImages: finding the encoding of image
2022-02-25 12:56:11.618 INFO Train - trainImages: finding encoding of image is done
2022-02-25 12:56:11.618 INFO Train - trainImages: getting average of encodings of loaded images
2022-02-25 12:56:11.618 INFO Train - trainImages: done with getting average encodings
2022-02-25 12:56:11.618 INFO Train - trainImages: storing the name and encoding in local dictionary
2022-02-25 12:56:11.618 INFO Train - trainImages: stored name and encodes in local dictionary
2022-02-25 12:56:11.618 INFO Train - trainImages: storing the name and encodings in mongodb
2022-02-25 12:56:11.619 INFO Train - trainImages: stored all name and encodes in mongodb
