2022-04-01 06:49:15.389 INFO Train - trainImages: MongoDB database connected successfully
2022-04-01 06:49:15.406 INFO Train - trainImages: collected all folders in known_people folder
2022-04-01 06:49:15.406 DEBUG Train - trainImages: ['tyrion lannister', 'denerys targeryan', 'vfbgfhg-2022-04-01 06:34:43.835860', 'Hello-2022-04-01 06:06:43.242173', 'ghfh-2022-04-01 06:36:12.128100', 'fedsgfvdhg-2022-04-01 06:29:54.369493', 'Vikasafd-2022-04-01 06:18:02.414298', 'cersie lannister', 'Vikas-2022-03-31 13:17:26.260103', 'king in the north', 'hmjmjm-2022-04-01 06:49:03.851652', 'OJdihfj-2022-04-01 06:41:45.047193', 'jfhkjg-2022-04-01 06:37:04.905084', 'fdsfg-2022-04-01 06:31:00.007557', 'UIO-2022-04-01 06:08:24.896094', 'arya stark', 'hhh-2022-04-01 06:44:57.963327', 'lvkn;lhk-2022-04-01 06:42:39.157330', 'bgcnhgnvbngh-2022-04-01 06:34:02.139502', 'nnhm-2022-04-01 06:35:32.890275']
2022-04-01 06:49:15.416 INFO Train - trainImages: collected all images from all folders in known_people folder
2022-04-01 06:49:15.416 DEBUG Train - trainImages: [['/home/vikasjoshis001/Desktop/Gestures/images_to_train/tyrion lannister/images5.jpeg', '/home/vikasjoshis001/Desktop/Gestures/images_to_train/tyrion lannister/index3.jpeg', '/home/vikasjoshis001/Desktop/Gestures/images_to_train/tyrion lannister/index1.jpeg', '/home/vikasjoshis001/Desktop/Gestures/images_to_train/tyrion lannister/index2.jpeg', '/home/vikasjoshis001/Desktop/Gestures/images_to_train/tyrion lannister/index4.jpeg'], ['/home/vikasjoshis001/Desktop/Gestures/images_to_train/denerys targeryan/index3.jpeg', '/home/vikasjoshis001/Desktop/Gestures/images_to_train/denerys targeryan/index5.jpeg', '/home/vikasjoshis001/Desktop/Gestures/images_to_train/denerys targeryan/index1.jpeg', '/home/vikasjoshis001/Desktop/Gestures/images_to_train/denerys targeryan/index2.jpeg', '/home/vikasjoshis001/Desktop/Gestures/images_to_train/denerys targeryan/index4.jpeg'], ['/home/vikasjoshis001/Desktop/Gestures/images_to_train/vfbgfhg-2022-04-01 06:34:43.835860/vfbgfhg.b78c50d8-b157-11ec-ae44-cb6983774605.jpeg', '/home/vikasjoshis001/Desktop/Gestures/images_to_train/vfbgfhg-2022-04-01 06:34:43.835860/vfbgfhg.b8d4b701-b157-11ec-ae44-cb6983774605.jpeg', '/home/vikasjoshis001/Desktop/Gestures/images_to_train/vfbgfhg-2022-04-01 06:34:43.835860/vfbgfhg.ba0b01b0-b157-11ec-ae44-cb6983774605.jpeg', '/home/vikasjoshis001/Desktop/Gestures/images_to_train/vfbgfhg-2022-04-01 06:34:43.835860/vfbgfhg.b78c50d9-b157-11ec-ae44-cb6983774605.jpeg', '/home/vikasjoshis001/Desktop/Gestures/images_to_train/vfbgfhg-2022-04-01 06:34:43.835860/vfbgfhg.b8d4b700-b157-11ec-ae44-cb6983774605.jpeg'], ['/home/vikasjoshis001/Desktop/Gestures/images_to_train/Hello-2022-04-01 06:06:43.242173/Hello.cdd62f53-b153-11ec-ae44-cb6983774605.jpeg', '/home/vikasjoshis001/Desktop/Gestures/images_to_train/Hello-2022-04-01 06:06:43.242173/Hello.cf21c952-b153-11ec-ae44-cb6983774605.jpeg', '/home/vikasjoshis001/Desktop/Gestures/images_to_train/Hello-2022-04-01 06:06:43.242173/Hello.d0570634-b153-11ec-ae44-cb6983774605.jpeg', '/home/vikasjoshis001/Desktop/Gestures/images_to_train/Hello-2022-04-01 06:06:43.242173/Hello.cdd62f52-b153-11ec-ae44-cb6983774605.jpeg', '/home/vikasjoshis001/Desktop/Gestures/images_to_train/Hello-2022-04-01 06:06:43.242173/Hello.cf21c953-b153-11ec-ae44-cb6983774605.jpeg'], ['/home/vikasjoshis001/Desktop/Gestures/images_to_train/ghfh-2022-04-01 06:36:12.128100/ghfh.ed712782-b157-11ec-ae44-cb6983774605.jpeg', '/home/vikasjoshis001/Desktop/Gestures/images_to_train/ghfh-2022-04-01 06:36:12.128100/ghfh.ec2c5a91-b157-11ec-ae44-cb6983774605.jpeg', '/home/vikasjoshis001/Desktop/Gestures/images_to_train/ghfh-2022-04-01 06:36:12.128100/ghfh.ec2c5a90-b157-11ec-ae44-cb6983774605.jpeg', '/home/vikasjoshis001/Desktop/Gestures/images_to_train/ghfh-2022-04-01 06:36:12.128100/ghfh.ed712783-b157-11ec-ae44-cb6983774605.jpeg', '/home/vikasjoshis001/Desktop/Gestures/images_to_train/ghfh-2022-04-01 06:36:12.128100/ghfh.eea60190-b157-11ec-ae44-cb6983774605.jpeg'], ['/home/vikasjoshis001/Desktop/Gestures/images_to_train/fedsgfvdhg-2022-04-01 06:29:54.369493/fedsgfvdhg.0c47a2ae-b157-11ec-ae44-cb6983774605.jpeg', '/home/vikasjoshis001/Desktop/Gestures/images_to_train/fedsgfvdhg-2022-04-01 06:29:54.369493/fedsgfvdhg.0c47a2af-b157-11ec-ae44-cb6983774605.jpeg', '/home/vikasjoshis001/Desktop/Gestures/images_to_train/fedsgfvdhg-2022-04-01 06:29:54.369493/fedsgfvdhg.0b0382a1-b157-11ec-ae44-cb6983774605.jpeg', '/home/vikasjoshis001/Desktop/Gestures/images_to_train/fedsgfvdhg-2022-04-01 06:29:54.369493/fedsgfvdhg.0b0382a0-b157-11ec-ae44-cb6983774605.jpeg', '/home/vikasjoshis001/Desktop/Gestures/images_to_train/fedsgfvdhg-2022-04-01 06:29:54.369493/fedsgfvdhg.0d7c29f6-b157-11ec-ae44-cb6983774605.jpeg'], ['/home/vikasjoshis001/Desktop/Gestures/images_to_train/Vikasafd-2022-04-01 06:18:02.414298/Vikasafd.63ec76ee-b155-11ec-ae44-cb6983774605.jpeg', '/home/vikasjoshis001/Desktop/Gestures/images_to_train/Vikasafd-2022-04-01 06:18:02.414298/Vikasafd.6520d1ae-b155-11ec-ae44-cb6983774605.jpeg', '/home/vikasjoshis001/Desktop/Gestures/images_to_train/Vikasafd-2022-04-01 06:18:02.414298/Vikasafd.62a72799-b155-11ec-ae44-cb6983774605.jpeg', '/home/vikasjoshis001/Desktop/Gestures/images_to_train/Vikasafd-2022-04-01 06:18:02.414298/Vikasafd.63ec76ef-b155-11ec-ae44-cb6983774605.jpeg', '/home/vikasjoshis001/Desktop/Gestures/images_to_train/Vikasafd-2022-04-01 06:18:02.414298/Vikasafd.62a72798-b155-11ec-ae44-cb6983774605.jpeg'], ['/home/vikasjoshis001/Desktop/Gestures/images_to_train/cersie lannister/index3.jpeg', '/home/vikasjoshis001/Desktop/Gestures/images_to_train/cersie lannister/index5.jpeg', '/home/vikasjoshis001/Desktop/Gestures/images_to_train/cersie lannister/index2.jpeg', '/home/vikasjoshis001/Desktop/Gestures/images_to_train/cersie lannister/index4.jpeg'], ['/home/vikasjoshis001/Desktop/Gestures/images_to_train/Vikas-2022-03-31 13:17:26.260103/Vikas.d18bc824-b0c6-11ec-95c9-353773ec36e1.jpeg', '/home/vikasjoshis001/Desktop/Gestures/images_to_train/Vikas-2022-03-31 13:17:26.260103/Vikas.d056c17b-b0c6-11ec-95c9-353773ec36e1.jpeg', '/home/vikasjoshis001/Desktop/Gestures/images_to_train/Vikas-2022-03-31 13:17:26.260103/Vikas.cf0c4b78-b0c6-11ec-95c9-353773ec36e1.jpeg', '/home/vikasjoshis001/Desktop/Gestures/images_to_train/Vikas-2022-03-31 13:17:26.260103/Vikas.cf0c4b79-b0c6-11ec-95c9-353773ec36e1.jpeg', '/home/vikasjoshis001/Desktop/Gestures/images_to_train/Vikas-2022-03-31 13:17:26.260103/Vikas.d056c17a-b0c6-11ec-95c9-353773ec36e1.jpeg'], ['/home/vikasjoshis001/Desktop/Gestures/images_to_train/king in the north/index.jpeg', '/home/vikasjoshis001/Desktop/Gestures/images_to_train/king in the north/index3.jpeg', '/home/vikasjoshis001/Desktop/Gestures/images_to_train/king in the north/index5.jpeg', '/home/vikasjoshis001/Desktop/Gestures/images_to_train/king in the north/index2.jpeg', '/home/vikasjoshis001/Desktop/Gestures/images_to_train/king in the north/index4.jpeg'], ['/home/vikasjoshis001/Desktop/Gestures/images_to_train/hmjmjm-2022-04-01 06:49:03.851652/hmjmjm.b96e0642-b159-11ec-ae44-cb6983774605.jpeg', '/home/vikasjoshis001/Desktop/Gestures/images_to_train/hmjmjm-2022-04-01 06:49:03.851652/hmjmjm.baa2aba8-b159-11ec-ae44-cb6983774605.jpeg', '/home/vikasjoshis001/Desktop/Gestures/images_to_train/hmjmjm-2022-04-01 06:49:03.851652/hmjmjm.b8283122-b159-11ec-ae44-cb6983774605.jpeg', '/home/vikasjoshis001/Desktop/Gestures/images_to_train/hmjmjm-2022-04-01 06:49:03.851652/hmjmjm.b8283123-b159-11ec-ae44-cb6983774605.jpeg', '/home/vikasjoshis001/Desktop/Gestures/images_to_train/hmjmjm-2022-04-01 06:49:03.851652/hmjmjm.b96e0643-b159-11ec-ae44-cb6983774605.jpeg'], ['/home/vikasjoshis001/Desktop/Gestures/images_to_train/OJdihfj-2022-04-01 06:41:45.047193/OJdihfj.b29c3dbd-b158-11ec-ae44-cb6983774605.jpeg', '/home/vikasjoshis001/Desktop/Gestures/images_to_train/OJdihfj-2022-04-01 06:41:45.047193/OJdihfj.b51c4758-b158-11ec-ae44-cb6983774605.jpeg', '/home/vikasjoshis001/Desktop/Gestures/images_to_train/OJdihfj-2022-04-01 06:41:45.047193/OJdihfj.b29c3dbc-b158-11ec-ae44-cb6983774605.jpeg', '/home/vikasjoshis001/Desktop/Gestures/images_to_train/OJdihfj-2022-04-01 06:41:45.047193/OJdihfj.b3e76661-b158-11ec-ae44-cb6983774605.jpeg', '/home/vikasjoshis001/Desktop/Gestures/images_to_train/OJdihfj-2022-04-01 06:41:45.047193/OJdihfj.b3e76660-b158-11ec-ae44-cb6983774605.jpeg'], ['/home/vikasjoshis001/Desktop/Gestures/images_to_train/jfhkjg-2022-04-01 06:37:04.905084/jfhkjg.0ceab510-b158-11ec-ae44-cb6983774605.jpeg', '/home/vikasjoshis001/Desktop/Gestures/images_to_train/jfhkjg-2022-04-01 06:37:04.905084/jfhkjg.0ceab511-b158-11ec-ae44-cb6983774605.jpeg', '/home/vikasjoshis001/Desktop/Gestures/images_to_train/jfhkjg-2022-04-01 06:37:04.905084/jfhkjg.0e1fb85e-b158-11ec-ae44-cb6983774605.jpeg', '/home/vikasjoshis001/Desktop/Gestures/images_to_train/jfhkjg-2022-04-01 06:37:04.905084/jfhkjg.0ba1782e-b158-11ec-ae44-cb6983774605.jpeg', '/home/vikasjoshis001/Desktop/Gestures/images_to_train/jfhkjg-2022-04-01 06:37:04.905084/jfhkjg.0ba1782f-b158-11ec-ae44-cb6983774605.jpeg'], ['/home/vikasjoshis001/Desktop/Gestures/images_to_train/fdsfg-2022-04-01 06:31:00.007557/fdsfg.3222a709-b157-11ec-ae44-cb6983774605.jpeg', '/home/vikasjoshis001/Desktop/Gestures/images_to_train/fdsfg-2022-04-01 06:31:00.007557/fdsfg.33671982-b157-11ec-ae44-cb6983774605.jpeg', '/home/vikasjoshis001/Desktop/Gestures/images_to_train/fdsfg-2022-04-01 06:31:00.007557/fdsfg.33671983-b157-11ec-ae44-cb6983774605.jpeg', '/home/vikasjoshis001/Desktop/Gestures/images_to_train/fdsfg-2022-04-01 06:31:00.007557/fdsfg.349ba318-b157-11ec-ae44-cb6983774605.jpeg', '/home/vikasjoshis001/Desktop/Gestures/images_to_train/fdsfg-2022-04-01 06:31:00.007557/fdsfg.3222a708-b157-11ec-ae44-cb6983774605.jpeg'], ['/home/vikasjoshis001/Desktop/Gestures/images_to_train/UIO-2022-04-01 06:08:24.896094/UIO.0a6d3245-b154-11ec-ae44-cb6983774605.jpeg', '/home/vikasjoshis001/Desktop/Gestures/images_to_train/UIO-2022-04-01 06:08:24.896094/UIO.0bbc7cb9-b154-11ec-ae44-cb6983774605.jpeg', '/home/vikasjoshis001/Desktop/Gestures/images_to_train/UIO-2022-04-01 06:08:24.896094/UIO.0bbc7cb8-b154-11ec-ae44-cb6983774605.jpeg', '/home/vikasjoshis001/Desktop/Gestures/images_to_train/UIO-2022-04-01 06:08:24.896094/UIO.0a6d3244-b154-11ec-ae44-cb6983774605.jpeg', '/home/vikasjoshis001/Desktop/Gestures/images_to_train/UIO-2022-04-01 06:08:24.896094/UIO.0cf136d2-b154-11ec-ae44-cb6983774605.jpeg'], ['/home/vikasjoshis001/Desktop/Gestures/images_to_train/arya stark/index.jpeg', '/home/vikasjoshis001/Desktop/Gestures/images_to_train/arya stark/index3.jpeg', '/home/vikasjoshis001/Desktop/Gestures/images_to_train/arya stark/index5.jpeg', '/home/vikasjoshis001/Desktop/Gestures/images_to_train/arya stark/index2.jpeg', '/home/vikasjoshis001/Desktop/Gestures/images_to_train/arya stark/images4.jpeg'], ['/home/vikasjoshis001/Desktop/Gestures/images_to_train/hhh-2022-04-01 06:44:57.963327/hhh.25986278-b159-11ec-ae44-cb6983774605.jpeg', '/home/vikasjoshis001/Desktop/Gestures/images_to_train/hhh-2022-04-01 06:44:57.963327/hhh.26dc8538-b159-11ec-ae44-cb6983774605.jpeg', '/home/vikasjoshis001/Desktop/Gestures/images_to_train/hhh-2022-04-01 06:44:57.963327/hhh.28114740-b159-11ec-ae44-cb6983774605.jpeg', '/home/vikasjoshis001/Desktop/Gestures/images_to_train/hhh-2022-04-01 06:44:57.963327/hhh.26dc8539-b159-11ec-ae44-cb6983774605.jpeg', '/home/vikasjoshis001/Desktop/Gestures/images_to_train/hhh-2022-04-01 06:44:57.963327/hhh.25986279-b159-11ec-ae44-cb6983774605.jpeg'], ['/home/vikasjoshis001/Desktop/Gestures/images_to_train/lvkn;lhk-2022-04-01 06:42:39.157330/lvkn;lhk.d2dc65ac-b158-11ec-ae44-cb6983774605.jpeg', '/home/vikasjoshis001/Desktop/Gestures/images_to_train/lvkn;lhk-2022-04-01 06:42:39.157330/lvkn;lhk.d4222b36-b158-11ec-ae44-cb6983774605.jpeg', '/home/vikasjoshis001/Desktop/Gestures/images_to_train/lvkn;lhk-2022-04-01 06:42:39.157330/lvkn;lhk.d5570328-b158-11ec-ae44-cb6983774605.jpeg', '/home/vikasjoshis001/Desktop/Gestures/images_to_train/lvkn;lhk-2022-04-01 06:42:39.157330/lvkn;lhk.d4222b37-b158-11ec-ae44-cb6983774605.jpeg', '/home/vikasjoshis001/Desktop/Gestures/images_to_train/lvkn;lhk-2022-04-01 06:42:39.157330/lvkn;lhk.d2dc65ad-b158-11ec-ae44-cb6983774605.jpeg'], ['/home/vikasjoshis001/Desktop/Gestures/images_to_train/bgcnhgnvbngh-2022-04-01 06:34:02.139502/bgcnhgnvbngh.a134ebc4-b157-11ec-ae44-cb6983774605.jpeg', '/home/vikasjoshis001/Desktop/Gestures/images_to_train/bgcnhgnvbngh-2022-04-01 06:34:02.139502/bgcnhgnvbngh.9fff80f2-b157-11ec-ae44-cb6983774605.jpeg', '/home/vikasjoshis001/Desktop/Gestures/images_to_train/bgcnhgnvbngh-2022-04-01 06:34:02.139502/bgcnhgnvbngh.9eb230f1-b157-11ec-ae44-cb6983774605.jpeg', '/home/vikasjoshis001/Desktop/Gestures/images_to_train/bgcnhgnvbngh-2022-04-01 06:34:02.139502/bgcnhgnvbngh.9fff80f3-b157-11ec-ae44-cb6983774605.jpeg', '/home/vikasjoshis001/Desktop/Gestures/images_to_train/bgcnhgnvbngh-2022-04-01 06:34:02.139502/bgcnhgnvbngh.9eb230f0-b157-11ec-ae44-cb6983774605.jpeg'], ['/home/vikasjoshis001/Desktop/Gestures/images_to_train/nnhm-2022-04-01 06:35:32.890275/nnhm.d6127e06-b157-11ec-ae44-cb6983774605.jpeg', '/home/vikasjoshis001/Desktop/Gestures/images_to_train/nnhm-2022-04-01 06:35:32.890275/nnhm.d6127e07-b157-11ec-ae44-cb6983774605.jpeg', '/home/vikasjoshis001/Desktop/Gestures/images_to_train/nnhm-2022-04-01 06:35:32.890275/nnhm.d4c9f9b6-b157-11ec-ae44-cb6983774605.jpeg', '/home/vikasjoshis001/Desktop/Gestures/images_to_train/nnhm-2022-04-01 06:35:32.890275/nnhm.d4c9f9b7-b157-11ec-ae44-cb6983774605.jpeg', '/home/vikasjoshis001/Desktop/Gestures/images_to_train/nnhm-2022-04-01 06:35:32.890275/nnhm.d7475ac6-b157-11ec-ae44-cb6983774605.jpeg']]
2022-04-01 06:49:15.417 INFO Train - trainImages: started loading images and finding their encodings
2022-04-01 06:49:15.417 INFO Train - trainImages: loading image
2022-04-01 06:49:15.425 DEBUG Train - trainImages: /home/vikasjoshis001/Desktop/Gestures/images_to_train/tyrion lannister/images5.jpeg
2022-04-01 06:49:15.426 INFO Train - trainImages: loading image done
2022-04-01 06:49:15.426 INFO Train - trainImages: finding the encoding of image
2022-04-01 06:49:15.506 INFO Train - trainImages: finding encoding of image is done
2022-04-01 06:49:15.506 INFO Train - trainImages: loading image
2022-04-01 06:49:15.506 DEBUG Train - trainImages: /home/vikasjoshis001/Desktop/Gestures/images_to_train/tyrion lannister/index3.jpeg
2022-04-01 06:49:15.506 INFO Train - trainImages: loading image done
2022-04-01 06:49:15.507 INFO Train - trainImages: finding the encoding of image
2022-04-01 06:49:15.573 INFO Train - trainImages: finding encoding of image is done
2022-04-01 06:49:15.573 INFO Train - trainImages: loading image
2022-04-01 06:49:15.574 DEBUG Train - trainImages: /home/vikasjoshis001/Desktop/Gestures/images_to_train/tyrion lannister/index1.jpeg
2022-04-01 06:49:15.574 INFO Train - trainImages: loading image done
2022-04-01 06:49:15.574 INFO Train - trainImages: finding the encoding of image
2022-04-01 06:49:15.642 INFO Train - trainImages: finding encoding of image is done
2022-04-01 06:49:15.642 INFO Train - trainImages: loading image
2022-04-01 06:49:15.643 DEBUG Train - trainImages: /home/vikasjoshis001/Desktop/Gestures/images_to_train/tyrion lannister/index2.jpeg
2022-04-01 06:49:15.643 INFO Train - trainImages: loading image done
2022-04-01 06:49:15.643 INFO Train - trainImages: finding the encoding of image
2022-04-01 06:49:15.713 INFO Train - trainImages: finding encoding of image is done
2022-04-01 06:49:15.713 INFO Train - trainImages: loading image
2022-04-01 06:49:15.714 DEBUG Train - trainImages: /home/vikasjoshis001/Desktop/Gestures/images_to_train/tyrion lannister/index4.jpeg
2022-04-01 06:49:15.714 INFO Train - trainImages: loading image done
2022-04-01 06:49:15.714 INFO Train - trainImages: finding the encoding of image
2022-04-01 06:49:15.780 INFO Train - trainImages: finding encoding of image is done
2022-04-01 06:49:15.780 INFO Train - trainImages: getting average of encodings of loaded images
2022-04-01 06:49:15.781 INFO Train - trainImages: done with getting average encodings
2022-04-01 06:49:15.781 INFO Train - trainImages: storing the name and encoding in local dictionary
2022-04-01 06:49:15.781 INFO Train - trainImages: stored name and encodes in local dictionary
2022-04-01 06:49:15.781 INFO Train - trainImages: storing the name and encodings in mongodb
2022-04-01 06:49:15.782 INFO Train - trainImages: stored all name and encodes in mongodb
2022-04-01 06:49:15.782 INFO Train - trainImages: started loading images and finding their encodings
2022-04-01 06:49:15.782 INFO Train - trainImages: loading image
2022-04-01 06:49:15.783 DEBUG Train - trainImages: /home/vikasjoshis001/Desktop/Gestures/images_to_train/denerys targeryan/index3.jpeg
2022-04-01 06:49:15.783 INFO Train - trainImages: loading image done
2022-04-01 06:49:15.783 INFO Train - trainImages: finding the encoding of image
2022-04-01 06:49:15.853 INFO Train - trainImages: finding encoding of image is done
2022-04-01 06:49:15.853 INFO Train - trainImages: loading image
2022-04-01 06:49:15.854 DEBUG Train - trainImages: /home/vikasjoshis001/Desktop/Gestures/images_to_train/denerys targeryan/index5.jpeg
2022-04-01 06:49:15.854 INFO Train - trainImages: loading image done
2022-04-01 06:49:15.854 INFO Train - trainImages: finding the encoding of image
2022-04-01 06:49:15.922 INFO Train - trainImages: finding encoding of image is done
2022-04-01 06:49:15.922 INFO Train - trainImages: loading image
2022-04-01 06:49:15.923 DEBUG Train - trainImages: /home/vikasjoshis001/Desktop/Gestures/images_to_train/denerys targeryan/index1.jpeg
2022-04-01 06:49:15.923 INFO Train - trainImages: loading image done
2022-04-01 06:49:15.923 INFO Train - trainImages: finding the encoding of image
2022-04-01 06:49:16.004 INFO Train - trainImages: finding encoding of image is done
2022-04-01 06:49:16.004 INFO Train - trainImages: loading image
2022-04-01 06:49:16.005 DEBUG Train - trainImages: /home/vikasjoshis001/Desktop/Gestures/images_to_train/denerys targeryan/index2.jpeg
2022-04-01 06:49:16.005 INFO Train - trainImages: loading image done
2022-04-01 06:49:16.005 INFO Train - trainImages: finding the encoding of image
2022-04-01 06:49:16.078 INFO Train - trainImages: finding encoding of image is done
2022-04-01 06:49:16.078 INFO Train - trainImages: loading image
2022-04-01 06:49:16.079 DEBUG Train - trainImages: /home/vikasjoshis001/Desktop/Gestures/images_to_train/denerys targeryan/index4.jpeg
2022-04-01 06:49:16.079 INFO Train - trainImages: loading image done
2022-04-01 06:49:16.079 INFO Train - trainImages: finding the encoding of image
2022-04-01 06:49:16.146 INFO Train - trainImages: finding encoding of image is done
2022-04-01 06:49:16.146 INFO Train - trainImages: getting average of encodings of loaded images
2022-04-01 06:49:16.147 INFO Train - trainImages: done with getting average encodings
2022-04-01 06:49:16.147 INFO Train - trainImages: storing the name and encoding in local dictionary
2022-04-01 06:49:16.147 INFO Train - trainImages: stored name and encodes in local dictionary
2022-04-01 06:49:16.147 INFO Train - trainImages: storing the name and encodings in mongodb
2022-04-01 06:49:16.147 INFO Train - trainImages: stored all name and encodes in mongodb
2022-04-01 06:49:16.147 INFO Train - trainImages: started loading images and finding their encodings
2022-04-01 06:49:16.147 INFO Train - trainImages: loading image
2022-04-01 06:49:16.148 DEBUG Train - trainImages: /home/vikasjoshis001/Desktop/Gestures/images_to_train/vfbgfhg-2022-04-01 06:34:43.835860/vfbgfhg.b78c50d8-b157-11ec-ae44-cb6983774605.jpeg
2022-04-01 06:49:16.149 INFO Train - trainImages: loading image done
2022-04-01 06:49:16.149 INFO Train - trainImages: finding the encoding of image
2022-04-01 06:49:16.229 INFO Train - trainImages: finding encoding of image is done
2022-04-01 06:49:16.229 INFO Train - trainImages: loading image
2022-04-01 06:49:16.230 DEBUG Train - trainImages: /home/vikasjoshis001/Desktop/Gestures/images_to_train/vfbgfhg-2022-04-01 06:34:43.835860/vfbgfhg.b8d4b701-b157-11ec-ae44-cb6983774605.jpeg
2022-04-01 06:49:16.230 INFO Train - trainImages: loading image done
2022-04-01 06:49:16.230 INFO Train - trainImages: finding the encoding of image
2022-04-01 06:49:16.310 INFO Train - trainImages: finding encoding of image is done
2022-04-01 06:49:16.310 INFO Train - trainImages: loading image
2022-04-01 06:49:16.312 DEBUG Train - trainImages: /home/vikasjoshis001/Desktop/Gestures/images_to_train/vfbgfhg-2022-04-01 06:34:43.835860/vfbgfhg.ba0b01b0-b157-11ec-ae44-cb6983774605.jpeg
2022-04-01 06:49:16.312 INFO Train - trainImages: loading image done
2022-04-01 06:49:16.312 INFO Train - trainImages: finding the encoding of image
2022-04-01 06:49:16.394 INFO Train - trainImages: finding encoding of image is done
2022-04-01 06:49:16.395 INFO Train - trainImages: loading image
2022-04-01 06:49:16.396 DEBUG Train - trainImages: /home/vikasjoshis001/Desktop/Gestures/images_to_train/vfbgfhg-2022-04-01 06:34:43.835860/vfbgfhg.b78c50d9-b157-11ec-ae44-cb6983774605.jpeg
2022-04-01 06:49:16.396 INFO Train - trainImages: loading image done
2022-04-01 06:49:16.396 INFO Train - trainImages: finding the encoding of image
2022-04-01 06:49:16.480 INFO Train - trainImages: finding encoding of image is done
2022-04-01 06:49:16.480 INFO Train - trainImages: loading image
2022-04-01 06:49:16.481 DEBUG Train - trainImages: /home/vikasjoshis001/Desktop/Gestures/images_to_train/vfbgfhg-2022-04-01 06:34:43.835860/vfbgfhg.b8d4b700-b157-11ec-ae44-cb6983774605.jpeg
2022-04-01 06:49:16.481 INFO Train - trainImages: loading image done
2022-04-01 06:49:16.481 INFO Train - trainImages: finding the encoding of image
2022-04-01 06:49:16.561 INFO Train - trainImages: finding encoding of image is done
2022-04-01 06:49:16.561 INFO Train - trainImages: getting average of encodings of loaded images
2022-04-01 06:49:16.562 INFO Train - trainImages: done with getting average encodings
2022-04-01 06:49:16.562 INFO Train - trainImages: storing the name and encoding in local dictionary
2022-04-01 06:49:16.562 INFO Train - trainImages: stored name and encodes in local dictionary
2022-04-01 06:49:16.562 INFO Train - trainImages: storing the name and encodings in mongodb
2022-04-01 06:49:16.563 INFO Train - trainImages: stored all name and encodes in mongodb
2022-04-01 06:49:16.563 INFO Train - trainImages: started loading images and finding their encodings
2022-04-01 06:49:16.563 INFO Train - trainImages: loading image
2022-04-01 06:49:16.564 DEBUG Train - trainImages: /home/vikasjoshis001/Desktop/Gestures/images_to_train/Hello-2022-04-01 06:06:43.242173/Hello.cdd62f53-b153-11ec-ae44-cb6983774605.jpeg
2022-04-01 06:49:16.564 INFO Train - trainImages: loading image done
2022-04-01 06:49:16.564 INFO Train - trainImages: finding the encoding of image
2022-04-01 06:49:16.643 INFO Train - trainImages: finding encoding of image is done
2022-04-01 06:49:16.644 INFO Train - trainImages: loading image
2022-04-01 06:49:16.645 DEBUG Train - trainImages: /home/vikasjoshis001/Desktop/Gestures/images_to_train/Hello-2022-04-01 06:06:43.242173/Hello.cf21c952-b153-11ec-ae44-cb6983774605.jpeg
2022-04-01 06:49:16.645 INFO Train - trainImages: loading image done
2022-04-01 06:49:16.645 INFO Train - trainImages: finding the encoding of image
2022-04-01 06:49:16.724 INFO Train - trainImages: finding encoding of image is done
2022-04-01 06:49:16.724 INFO Train - trainImages: loading image
2022-04-01 06:49:16.725 DEBUG Train - trainImages: /home/vikasjoshis001/Desktop/Gestures/images_to_train/Hello-2022-04-01 06:06:43.242173/Hello.d0570634-b153-11ec-ae44-cb6983774605.jpeg
2022-04-01 06:49:16.725 INFO Train - trainImages: loading image done
2022-04-01 06:49:16.725 INFO Train - trainImages: finding the encoding of image
2022-04-01 06:49:16.805 INFO Train - trainImages: finding encoding of image is done
2022-04-01 06:49:16.805 INFO Train - trainImages: loading image
2022-04-01 06:49:16.806 DEBUG Train - trainImages: /home/vikasjoshis001/Desktop/Gestures/images_to_train/Hello-2022-04-01 06:06:43.242173/Hello.cdd62f52-b153-11ec-ae44-cb6983774605.jpeg
2022-04-01 06:49:16.807 INFO Train - trainImages: loading image done
2022-04-01 06:49:16.807 INFO Train - trainImages: finding the encoding of image
2022-04-01 06:49:16.886 INFO Train - trainImages: finding encoding of image is done
2022-04-01 06:49:16.886 INFO Train - trainImages: loading image
2022-04-01 06:49:16.887 DEBUG Train - trainImages: /home/vikasjoshis001/Desktop/Gestures/images_to_train/Hello-2022-04-01 06:06:43.242173/Hello.cf21c953-b153-11ec-ae44-cb6983774605.jpeg
2022-04-01 06:49:16.887 INFO Train - trainImages: loading image done
2022-04-01 06:49:16.887 INFO Train - trainImages: finding the encoding of image
2022-04-01 06:49:16.968 INFO Train - trainImages: finding encoding of image is done
2022-04-01 06:49:16.968 INFO Train - trainImages: getting average of encodings of loaded images
2022-04-01 06:49:16.968 INFO Train - trainImages: done with getting average encodings
2022-04-01 06:49:16.968 INFO Train - trainImages: storing the name and encoding in local dictionary
2022-04-01 06:49:16.968 INFO Train - trainImages: stored name and encodes in local dictionary
2022-04-01 06:49:16.969 INFO Train - trainImages: storing the name and encodings in mongodb
2022-04-01 06:49:16.969 INFO Train - trainImages: stored all name and encodes in mongodb
2022-04-01 06:49:16.969 INFO Train - trainImages: started loading images and finding their encodings
2022-04-01 06:49:16.969 INFO Train - trainImages: loading image
2022-04-01 06:49:16.970 DEBUG Train - trainImages: /home/vikasjoshis001/Desktop/Gestures/images_to_train/ghfh-2022-04-01 06:36:12.128100/ghfh.ed712782-b157-11ec-ae44-cb6983774605.jpeg
2022-04-01 06:49:16.970 INFO Train - trainImages: loading image done
2022-04-01 06:49:16.970 INFO Train - trainImages: finding the encoding of image
2022-04-01 06:49:17.083 INFO Train - trainImages: finding encoding of image is done
2022-04-01 06:49:17.083 INFO Train - trainImages: loading image
2022-04-01 06:49:17.084 DEBUG Train - trainImages: /home/vikasjoshis001/Desktop/Gestures/images_to_train/ghfh-2022-04-01 06:36:12.128100/ghfh.ec2c5a91-b157-11ec-ae44-cb6983774605.jpeg
2022-04-01 06:49:17.084 INFO Train - trainImages: loading image done
2022-04-01 06:49:17.084 INFO Train - trainImages: finding the encoding of image
2022-04-01 06:49:17.182 INFO Train - trainImages: finding encoding of image is done
2022-04-01 06:49:17.182 INFO Train - trainImages: loading image
2022-04-01 06:49:17.183 DEBUG Train - trainImages: /home/vikasjoshis001/Desktop/Gestures/images_to_train/ghfh-2022-04-01 06:36:12.128100/ghfh.ec2c5a90-b157-11ec-ae44-cb6983774605.jpeg
2022-04-01 06:49:17.183 INFO Train - trainImages: loading image done
2022-04-01 06:49:17.183 INFO Train - trainImages: finding the encoding of image
2022-04-01 06:49:17.264 INFO Train - trainImages: finding encoding of image is done
2022-04-01 06:49:17.264 INFO Train - trainImages: loading image
2022-04-01 06:49:17.265 DEBUG Train - trainImages: /home/vikasjoshis001/Desktop/Gestures/images_to_train/ghfh-2022-04-01 06:36:12.128100/ghfh.ed712783-b157-11ec-ae44-cb6983774605.jpeg
2022-04-01 06:49:17.265 INFO Train - trainImages: loading image done
2022-04-01 06:49:17.265 INFO Train - trainImages: finding the encoding of image
2022-04-01 06:49:17.347 INFO Train - trainImages: finding encoding of image is done
2022-04-01 06:49:17.347 INFO Train - trainImages: loading image
2022-04-01 06:49:17.348 DEBUG Train - trainImages: /home/vikasjoshis001/Desktop/Gestures/images_to_train/ghfh-2022-04-01 06:36:12.128100/ghfh.eea60190-b157-11ec-ae44-cb6983774605.jpeg
2022-04-01 06:49:17.348 INFO Train - trainImages: loading image done
2022-04-01 06:49:17.348 INFO Train - trainImages: finding the encoding of image
2022-04-01 06:49:17.429 INFO Train - trainImages: finding encoding of image is done
2022-04-01 06:49:17.429 INFO Train - trainImages: getting average of encodings of loaded images
2022-04-01 06:49:17.430 INFO Train - trainImages: done with getting average encodings
2022-04-01 06:49:17.430 INFO Train - trainImages: storing the name and encoding in local dictionary
2022-04-01 06:49:17.430 INFO Train - trainImages: stored name and encodes in local dictionary
2022-04-01 06:49:17.430 INFO Train - trainImages: storing the name and encodings in mongodb
2022-04-01 06:49:17.430 INFO Train - trainImages: stored all name and encodes in mongodb
2022-04-01 06:49:17.430 INFO Train - trainImages: started loading images and finding their encodings
2022-04-01 06:49:17.430 INFO Train - trainImages: loading image
2022-04-01 06:49:17.431 DEBUG Train - trainImages: /home/vikasjoshis001/Desktop/Gestures/images_to_train/fedsgfvdhg-2022-04-01 06:29:54.369493/fedsgfvdhg.0c47a2ae-b157-11ec-ae44-cb6983774605.jpeg
2022-04-01 06:49:17.431 INFO Train - trainImages: loading image done
2022-04-01 06:49:17.431 INFO Train - trainImages: finding the encoding of image
2022-04-01 06:49:17.514 INFO Train - trainImages: finding encoding of image is done
2022-04-01 06:49:17.514 INFO Train - trainImages: loading image
2022-04-01 06:49:17.515 DEBUG Train - trainImages: /home/vikasjoshis001/Desktop/Gestures/images_to_train/fedsgfvdhg-2022-04-01 06:29:54.369493/fedsgfvdhg.0c47a2af-b157-11ec-ae44-cb6983774605.jpeg
2022-04-01 06:49:17.515 INFO Train - trainImages: loading image done
2022-04-01 06:49:17.515 INFO Train - trainImages: finding the encoding of image
2022-04-01 06:49:17.595 INFO Train - trainImages: finding encoding of image is done
2022-04-01 06:49:17.595 INFO Train - trainImages: loading image
2022-04-01 06:49:17.596 DEBUG Train - trainImages: /home/vikasjoshis001/Desktop/Gestures/images_to_train/fedsgfvdhg-2022-04-01 06:29:54.369493/fedsgfvdhg.0b0382a1-b157-11ec-ae44-cb6983774605.jpeg
2022-04-01 06:49:17.596 INFO Train - trainImages: loading image done
2022-04-01 06:49:17.596 INFO Train - trainImages: finding the encoding of image
2022-04-01 06:49:17.676 INFO Train - trainImages: finding encoding of image is done
2022-04-01 06:49:17.676 INFO Train - trainImages: loading image
2022-04-01 06:49:17.677 DEBUG Train - trainImages: /home/vikasjoshis001/Desktop/Gestures/images_to_train/fedsgfvdhg-2022-04-01 06:29:54.369493/fedsgfvdhg.0b0382a0-b157-11ec-ae44-cb6983774605.jpeg
2022-04-01 06:49:17.677 INFO Train - trainImages: loading image done
2022-04-01 06:49:17.677 INFO Train - trainImages: finding the encoding of image
2022-04-01 06:49:17.781 INFO Train - trainImages: finding encoding of image is done
2022-04-01 06:49:17.781 INFO Train - trainImages: loading image
2022-04-01 06:49:17.782 DEBUG Train - trainImages: /home/vikasjoshis001/Desktop/Gestures/images_to_train/fedsgfvdhg-2022-04-01 06:29:54.369493/fedsgfvdhg.0d7c29f6-b157-11ec-ae44-cb6983774605.jpeg
2022-04-01 06:49:17.782 INFO Train - trainImages: loading image done
2022-04-01 06:49:17.782 INFO Train - trainImages: finding the encoding of image
2022-04-01 06:49:17.899 INFO Train - trainImages: finding encoding of image is done
2022-04-01 06:49:17.899 INFO Train - trainImages: getting average of encodings of loaded images
2022-04-01 06:49:17.900 INFO Train - trainImages: done with getting average encodings
2022-04-01 06:49:17.900 INFO Train - trainImages: storing the name and encoding in local dictionary
2022-04-01 06:49:17.900 INFO Train - trainImages: stored name and encodes in local dictionary
2022-04-01 06:49:17.900 INFO Train - trainImages: storing the name and encodings in mongodb
2022-04-01 06:49:17.900 INFO Train - trainImages: stored all name and encodes in mongodb
2022-04-01 06:49:17.901 INFO Train - trainImages: started loading images and finding their encodings
2022-04-01 06:49:17.901 INFO Train - trainImages: loading image
2022-04-01 06:49:17.901 DEBUG Train - trainImages: /home/vikasjoshis001/Desktop/Gestures/images_to_train/Vikasafd-2022-04-01 06:18:02.414298/Vikasafd.63ec76ee-b155-11ec-ae44-cb6983774605.jpeg
2022-04-01 06:49:17.901 INFO Train - trainImages: loading image done
2022-04-01 06:49:17.902 INFO Train - trainImages: finding the encoding of image
2022-04-01 06:49:17.982 INFO Train - trainImages: finding encoding of image is done
2022-04-01 06:49:17.982 INFO Train - trainImages: loading image
2022-04-01 06:49:17.983 DEBUG Train - trainImages: /home/vikasjoshis001/Desktop/Gestures/images_to_train/Vikasafd-2022-04-01 06:18:02.414298/Vikasafd.6520d1ae-b155-11ec-ae44-cb6983774605.jpeg
2022-04-01 06:49:17.983 INFO Train - trainImages: loading image done
2022-04-01 06:49:17.983 INFO Train - trainImages: finding the encoding of image
2022-04-01 06:49:18.065 INFO Train - trainImages: finding encoding of image is done
2022-04-01 06:49:18.065 INFO Train - trainImages: loading image
2022-04-01 06:49:18.066 DEBUG Train - trainImages: /home/vikasjoshis001/Desktop/Gestures/images_to_train/Vikasafd-2022-04-01 06:18:02.414298/Vikasafd.62a72799-b155-11ec-ae44-cb6983774605.jpeg
2022-04-01 06:49:18.066 INFO Train - trainImages: loading image done
2022-04-01 06:49:18.066 INFO Train - trainImages: finding the encoding of image
2022-04-01 06:49:18.147 INFO Train - trainImages: finding encoding of image is done
2022-04-01 06:49:18.147 INFO Train - trainImages: loading image
2022-04-01 06:49:18.148 DEBUG Train - trainImages: /home/vikasjoshis001/Desktop/Gestures/images_to_train/Vikasafd-2022-04-01 06:18:02.414298/Vikasafd.63ec76ef-b155-11ec-ae44-cb6983774605.jpeg
2022-04-01 06:49:18.148 INFO Train - trainImages: loading image done
2022-04-01 06:49:18.148 INFO Train - trainImages: finding the encoding of image
2022-04-01 06:49:18.228 INFO Train - trainImages: finding encoding of image is done
2022-04-01 06:49:18.228 INFO Train - trainImages: loading image
2022-04-01 06:49:18.229 DEBUG Train - trainImages: /home/vikasjoshis001/Desktop/Gestures/images_to_train/Vikasafd-2022-04-01 06:18:02.414298/Vikasafd.62a72798-b155-11ec-ae44-cb6983774605.jpeg
2022-04-01 06:49:18.229 INFO Train - trainImages: loading image done
2022-04-01 06:49:18.229 INFO Train - trainImages: finding the encoding of image
2022-04-01 06:49:18.310 INFO Train - trainImages: finding encoding of image is done
2022-04-01 06:49:18.310 INFO Train - trainImages: getting average of encodings of loaded images
2022-04-01 06:49:18.310 INFO Train - trainImages: done with getting average encodings
2022-04-01 06:49:18.310 INFO Train - trainImages: storing the name and encoding in local dictionary
2022-04-01 06:49:18.310 INFO Train - trainImages: stored name and encodes in local dictionary
2022-04-01 06:49:18.310 INFO Train - trainImages: storing the name and encodings in mongodb
2022-04-01 06:49:18.311 INFO Train - trainImages: stored all name and encodes in mongodb
2022-04-01 06:49:18.311 INFO Train - trainImages: started loading images and finding their encodings
2022-04-01 06:49:18.311 INFO Train - trainImages: loading image
2022-04-01 06:49:18.312 DEBUG Train - trainImages: /home/vikasjoshis001/Desktop/Gestures/images_to_train/cersie lannister/index3.jpeg
2022-04-01 06:49:18.312 INFO Train - trainImages: loading image done
2022-04-01 06:49:18.312 INFO Train - trainImages: finding the encoding of image
2022-04-01 06:49:18.379 INFO Train - trainImages: finding encoding of image is done
2022-04-01 06:49:18.379 INFO Train - trainImages: loading image
2022-04-01 06:49:18.380 DEBUG Train - trainImages: /home/vikasjoshis001/Desktop/Gestures/images_to_train/cersie lannister/index5.jpeg
2022-04-01 06:49:18.380 INFO Train - trainImages: loading image done
2022-04-01 06:49:18.380 INFO Train - trainImages: finding the encoding of image
2022-04-01 06:49:18.448 INFO Train - trainImages: finding encoding of image is done
2022-04-01 06:49:18.448 INFO Train - trainImages: loading image
2022-04-01 06:49:18.449 DEBUG Train - trainImages: /home/vikasjoshis001/Desktop/Gestures/images_to_train/cersie lannister/index2.jpeg
2022-04-01 06:49:18.449 INFO Train - trainImages: loading image done
2022-04-01 06:49:18.449 INFO Train - trainImages: finding the encoding of image
2022-04-01 06:49:18.544 INFO Train - trainImages: finding encoding of image is done
2022-04-01 06:49:18.544 INFO Train - trainImages: loading image
2022-04-01 06:49:18.545 DEBUG Train - trainImages: /home/vikasjoshis001/Desktop/Gestures/images_to_train/cersie lannister/index4.jpeg
2022-04-01 06:49:18.545 INFO Train - trainImages: loading image done
2022-04-01 06:49:18.545 INFO Train - trainImages: finding the encoding of image
2022-04-01 06:49:18.641 INFO Train - trainImages: finding encoding of image is done
2022-04-01 06:49:18.641 INFO Train - trainImages: getting average of encodings of loaded images
2022-04-01 06:49:18.641 INFO Train - trainImages: done with getting average encodings
2022-04-01 06:49:18.641 INFO Train - trainImages: storing the name and encoding in local dictionary
2022-04-01 06:49:18.641 INFO Train - trainImages: stored name and encodes in local dictionary
2022-04-01 06:49:18.642 INFO Train - trainImages: storing the name and encodings in mongodb
2022-04-01 06:49:18.642 INFO Train - trainImages: stored all name and encodes in mongodb
2022-04-01 06:49:18.642 INFO Train - trainImages: started loading images and finding their encodings
2022-04-01 06:49:18.642 INFO Train - trainImages: loading image
2022-04-01 06:49:18.646 DEBUG Train - trainImages: /home/vikasjoshis001/Desktop/Gestures/images_to_train/Vikas-2022-03-31 13:17:26.260103/Vikas.d18bc824-b0c6-11ec-95c9-353773ec36e1.jpeg
2022-04-01 06:49:18.646 INFO Train - trainImages: loading image done
2022-04-01 06:49:18.646 INFO Train - trainImages: finding the encoding of image
2022-04-01 06:49:18.828 INFO Train - trainImages: finding encoding of image is done
2022-04-01 06:49:18.828 INFO Train - trainImages: loading image
2022-04-01 06:49:18.831 DEBUG Train - trainImages: /home/vikasjoshis001/Desktop/Gestures/images_to_train/Vikas-2022-03-31 13:17:26.260103/Vikas.d056c17b-b0c6-11ec-95c9-353773ec36e1.jpeg
2022-04-01 06:49:18.831 INFO Train - trainImages: loading image done
2022-04-01 06:49:18.831 INFO Train - trainImages: finding the encoding of image
2022-04-01 06:49:19.012 INFO Train - trainImages: finding encoding of image is done
2022-04-01 06:49:19.012 INFO Train - trainImages: loading image
2022-04-01 06:49:19.016 DEBUG Train - trainImages: /home/vikasjoshis001/Desktop/Gestures/images_to_train/Vikas-2022-03-31 13:17:26.260103/Vikas.cf0c4b78-b0c6-11ec-95c9-353773ec36e1.jpeg
2022-04-01 06:49:19.016 INFO Train - trainImages: loading image done
2022-04-01 06:49:19.016 INFO Train - trainImages: finding the encoding of image
2022-04-01 06:49:19.196 INFO Train - trainImages: finding encoding of image is done
2022-04-01 06:49:19.196 INFO Train - trainImages: loading image
2022-04-01 06:49:19.200 DEBUG Train - trainImages: /home/vikasjoshis001/Desktop/Gestures/images_to_train/Vikas-2022-03-31 13:17:26.260103/Vikas.cf0c4b79-b0c6-11ec-95c9-353773ec36e1.jpeg
2022-04-01 06:49:19.200 INFO Train - trainImages: loading image done
2022-04-01 06:49:19.200 INFO Train - trainImages: finding the encoding of image
2022-04-01 06:49:19.380 INFO Train - trainImages: finding encoding of image is done
2022-04-01 06:49:19.380 INFO Train - trainImages: loading image
2022-04-01 06:49:19.384 DEBUG Train - trainImages: /home/vikasjoshis001/Desktop/Gestures/images_to_train/Vikas-2022-03-31 13:17:26.260103/Vikas.d056c17a-b0c6-11ec-95c9-353773ec36e1.jpeg
2022-04-01 06:49:19.384 INFO Train - trainImages: loading image done
2022-04-01 06:49:19.384 INFO Train - trainImages: finding the encoding of image
2022-04-01 06:49:19.564 INFO Train - trainImages: finding encoding of image is done
2022-04-01 06:49:19.564 INFO Train - trainImages: getting average of encodings of loaded images
2022-04-01 06:49:19.564 INFO Train - trainImages: done with getting average encodings
2022-04-01 06:49:19.564 INFO Train - trainImages: storing the name and encoding in local dictionary
2022-04-01 06:49:19.564 INFO Train - trainImages: stored name and encodes in local dictionary
2022-04-01 06:49:19.564 INFO Train - trainImages: storing the name and encodings in mongodb
2022-04-01 06:49:19.565 INFO Train - trainImages: stored all name and encodes in mongodb
2022-04-01 06:49:19.565 INFO Train - trainImages: started loading images and finding their encodings
2022-04-01 06:49:19.565 INFO Train - trainImages: loading image
2022-04-01 06:49:19.566 DEBUG Train - trainImages: /home/vikasjoshis001/Desktop/Gestures/images_to_train/king in the north/index.jpeg
2022-04-01 06:49:19.566 INFO Train - trainImages: loading image done
2022-04-01 06:49:19.566 INFO Train - trainImages: finding the encoding of image
2022-04-01 06:49:19.635 INFO Train - trainImages: finding encoding of image is done
2022-04-01 06:49:19.635 INFO Train - trainImages: loading image
2022-04-01 06:49:19.636 DEBUG Train - trainImages: /home/vikasjoshis001/Desktop/Gestures/images_to_train/king in the north/index3.jpeg
2022-04-01 06:49:19.636 INFO Train - trainImages: loading image done
2022-04-01 06:49:19.636 INFO Train - trainImages: finding the encoding of image
2022-04-01 06:49:19.705 INFO Train - trainImages: finding encoding of image is done
2022-04-01 06:49:19.705 INFO Train - trainImages: loading image
2022-04-01 06:49:19.706 DEBUG Train - trainImages: /home/vikasjoshis001/Desktop/Gestures/images_to_train/king in the north/index5.jpeg
2022-04-01 06:49:19.706 INFO Train - trainImages: loading image done
2022-04-01 06:49:19.706 INFO Train - trainImages: finding the encoding of image
2022-04-01 06:49:19.773 INFO Train - trainImages: finding encoding of image is done
2022-04-01 06:49:19.773 INFO Train - trainImages: loading image
2022-04-01 06:49:19.774 DEBUG Train - trainImages: /home/vikasjoshis001/Desktop/Gestures/images_to_train/king in the north/index2.jpeg
2022-04-01 06:49:19.774 INFO Train - trainImages: loading image done
2022-04-01 06:49:19.774 INFO Train - trainImages: finding the encoding of image
2022-04-01 06:49:19.842 INFO Train - trainImages: finding encoding of image is done
2022-04-01 06:49:19.842 INFO Train - trainImages: loading image
2022-04-01 06:49:19.843 DEBUG Train - trainImages: /home/vikasjoshis001/Desktop/Gestures/images_to_train/king in the north/index4.jpeg
2022-04-01 06:49:19.843 INFO Train - trainImages: loading image done
2022-04-01 06:49:19.843 INFO Train - trainImages: finding the encoding of image
2022-04-01 06:49:19.913 INFO Train - trainImages: finding encoding of image is done
2022-04-01 06:49:19.913 INFO Train - trainImages: getting average of encodings of loaded images
2022-04-01 06:49:19.914 INFO Train - trainImages: done with getting average encodings
2022-04-01 06:49:19.914 INFO Train - trainImages: storing the name and encoding in local dictionary
2022-04-01 06:49:19.914 INFO Train - trainImages: stored name and encodes in local dictionary
2022-04-01 06:49:19.914 INFO Train - trainImages: storing the name and encodings in mongodb
2022-04-01 06:49:19.914 INFO Train - trainImages: stored all name and encodes in mongodb
2022-04-01 06:49:19.914 INFO Train - trainImages: started loading images and finding their encodings
2022-04-01 06:49:19.914 INFO Train - trainImages: loading image
2022-04-01 06:49:19.915 DEBUG Train - trainImages: /home/vikasjoshis001/Desktop/Gestures/images_to_train/hmjmjm-2022-04-01 06:49:03.851652/hmjmjm.b96e0642-b159-11ec-ae44-cb6983774605.jpeg
2022-04-01 06:49:19.915 INFO Train - trainImages: loading image done
2022-04-01 06:49:19.915 INFO Train - trainImages: finding the encoding of image
2022-04-01 06:49:19.996 INFO Train - trainImages: finding encoding of image is done
2022-04-01 06:49:19.996 INFO Train - trainImages: loading image
2022-04-01 06:49:19.997 DEBUG Train - trainImages: /home/vikasjoshis001/Desktop/Gestures/images_to_train/hmjmjm-2022-04-01 06:49:03.851652/hmjmjm.baa2aba8-b159-11ec-ae44-cb6983774605.jpeg
2022-04-01 06:49:19.997 INFO Train - trainImages: loading image done
2022-04-01 06:49:19.997 INFO Train - trainImages: finding the encoding of image
2022-04-01 06:49:20.077 INFO Train - trainImages: finding encoding of image is done
2022-04-01 06:49:20.077 INFO Train - trainImages: loading image
2022-04-01 06:49:20.078 DEBUG Train - trainImages: /home/vikasjoshis001/Desktop/Gestures/images_to_train/hmjmjm-2022-04-01 06:49:03.851652/hmjmjm.b8283122-b159-11ec-ae44-cb6983774605.jpeg
2022-04-01 06:49:20.078 INFO Train - trainImages: loading image done
2022-04-01 06:49:20.078 INFO Train - trainImages: finding the encoding of image
2022-04-01 06:49:20.159 INFO Train - trainImages: finding encoding of image is done
2022-04-01 06:49:20.159 INFO Train - trainImages: loading image
2022-04-01 06:49:20.160 DEBUG Train - trainImages: /home/vikasjoshis001/Desktop/Gestures/images_to_train/hmjmjm-2022-04-01 06:49:03.851652/hmjmjm.b8283123-b159-11ec-ae44-cb6983774605.jpeg
2022-04-01 06:49:20.161 INFO Train - trainImages: loading image done
2022-04-01 06:49:20.161 INFO Train - trainImages: finding the encoding of image
2022-04-01 06:49:20.241 INFO Train - trainImages: finding encoding of image is done
2022-04-01 06:49:20.241 INFO Train - trainImages: loading image
2022-04-01 06:49:20.242 DEBUG Train - trainImages: /home/vikasjoshis001/Desktop/Gestures/images_to_train/hmjmjm-2022-04-01 06:49:03.851652/hmjmjm.b96e0643-b159-11ec-ae44-cb6983774605.jpeg
2022-04-01 06:49:20.242 INFO Train - trainImages: loading image done
2022-04-01 06:49:20.242 INFO Train - trainImages: finding the encoding of image
2022-04-01 06:49:20.322 INFO Train - trainImages: finding encoding of image is done
2022-04-01 06:49:20.322 INFO Train - trainImages: getting average of encodings of loaded images
2022-04-01 06:49:20.322 INFO Train - trainImages: done with getting average encodings
2022-04-01 06:49:20.322 INFO Train - trainImages: storing the name and encoding in local dictionary
2022-04-01 06:49:20.322 INFO Train - trainImages: stored name and encodes in local dictionary
2022-04-01 06:49:20.322 INFO Train - trainImages: storing the name and encodings in mongodb
2022-04-01 06:49:20.323 INFO Train - trainImages: stored all name and encodes in mongodb
2022-04-01 06:49:20.323 INFO Train - trainImages: started loading images and finding their encodings
2022-04-01 06:49:20.323 INFO Train - trainImages: loading image
2022-04-01 06:49:20.324 DEBUG Train - trainImages: /home/vikasjoshis001/Desktop/Gestures/images_to_train/OJdihfj-2022-04-01 06:41:45.047193/OJdihfj.b29c3dbd-b158-11ec-ae44-cb6983774605.jpeg
2022-04-01 06:49:20.324 INFO Train - trainImages: loading image done
2022-04-01 06:49:20.324 INFO Train - trainImages: finding the encoding of image
2022-04-01 06:49:20.406 INFO Train - trainImages: finding encoding of image is done
2022-04-01 06:49:20.406 INFO Train - trainImages: loading image
2022-04-01 06:49:20.407 DEBUG Train - trainImages: /home/vikasjoshis001/Desktop/Gestures/images_to_train/OJdihfj-2022-04-01 06:41:45.047193/OJdihfj.b51c4758-b158-11ec-ae44-cb6983774605.jpeg
2022-04-01 06:49:20.407 INFO Train - trainImages: loading image done
2022-04-01 06:49:20.407 INFO Train - trainImages: finding the encoding of image
2022-04-01 06:49:20.489 INFO Train - trainImages: finding encoding of image is done
2022-04-01 06:49:20.489 INFO Train - trainImages: loading image
2022-04-01 06:49:20.490 DEBUG Train - trainImages: /home/vikasjoshis001/Desktop/Gestures/images_to_train/OJdihfj-2022-04-01 06:41:45.047193/OJdihfj.b29c3dbc-b158-11ec-ae44-cb6983774605.jpeg
2022-04-01 06:49:20.490 INFO Train - trainImages: loading image done
2022-04-01 06:49:20.490 INFO Train - trainImages: finding the encoding of image
2022-04-01 06:49:20.570 INFO Train - trainImages: finding encoding of image is done
2022-04-01 06:49:20.570 INFO Train - trainImages: loading image
2022-04-01 06:49:20.571 DEBUG Train - trainImages: /home/vikasjoshis001/Desktop/Gestures/images_to_train/OJdihfj-2022-04-01 06:41:45.047193/OJdihfj.b3e76661-b158-11ec-ae44-cb6983774605.jpeg
2022-04-01 06:49:20.571 INFO Train - trainImages: loading image done
2022-04-01 06:49:20.571 INFO Train - trainImages: finding the encoding of image
2022-04-01 06:49:20.652 INFO Train - trainImages: finding encoding of image is done
2022-04-01 06:49:20.652 INFO Train - trainImages: loading image
2022-04-01 06:49:20.653 DEBUG Train - trainImages: /home/vikasjoshis001/Desktop/Gestures/images_to_train/OJdihfj-2022-04-01 06:41:45.047193/OJdihfj.b3e76660-b158-11ec-ae44-cb6983774605.jpeg
2022-04-01 06:49:20.653 INFO Train - trainImages: loading image done
2022-04-01 06:49:20.653 INFO Train - trainImages: finding the encoding of image
2022-04-01 06:49:20.733 INFO Train - trainImages: finding encoding of image is done
2022-04-01 06:49:20.733 INFO Train - trainImages: getting average of encodings of loaded images
2022-04-01 06:49:20.733 INFO Train - trainImages: done with getting average encodings
2022-04-01 06:49:20.733 INFO Train - trainImages: storing the name and encoding in local dictionary
2022-04-01 06:49:20.733 INFO Train - trainImages: stored name and encodes in local dictionary
2022-04-01 06:49:20.733 INFO Train - trainImages: storing the name and encodings in mongodb
2022-04-01 06:49:20.734 INFO Train - trainImages: stored all name and encodes in mongodb
2022-04-01 06:49:20.734 INFO Train - trainImages: started loading images and finding their encodings
2022-04-01 06:49:20.734 INFO Train - trainImages: loading image
2022-04-01 06:49:20.735 DEBUG Train - trainImages: /home/vikasjoshis001/Desktop/Gestures/images_to_train/jfhkjg-2022-04-01 06:37:04.905084/jfhkjg.0ceab510-b158-11ec-ae44-cb6983774605.jpeg
2022-04-01 06:49:20.735 INFO Train - trainImages: loading image done
2022-04-01 06:49:20.735 INFO Train - trainImages: finding the encoding of image
2022-04-01 06:49:20.816 INFO Train - trainImages: finding encoding of image is done
2022-04-01 06:49:20.816 INFO Train - trainImages: loading image
2022-04-01 06:49:20.817 DEBUG Train - trainImages: /home/vikasjoshis001/Desktop/Gestures/images_to_train/jfhkjg-2022-04-01 06:37:04.905084/jfhkjg.0ceab511-b158-11ec-ae44-cb6983774605.jpeg
2022-04-01 06:49:20.817 INFO Train - trainImages: loading image done
2022-04-01 06:49:20.817 INFO Train - trainImages: finding the encoding of image
2022-04-01 06:49:20.897 INFO Train - trainImages: finding encoding of image is done
2022-04-01 06:49:20.897 INFO Train - trainImages: loading image
2022-04-01 06:49:20.898 DEBUG Train - trainImages: /home/vikasjoshis001/Desktop/Gestures/images_to_train/jfhkjg-2022-04-01 06:37:04.905084/jfhkjg.0e1fb85e-b158-11ec-ae44-cb6983774605.jpeg
2022-04-01 06:49:20.898 INFO Train - trainImages: loading image done
2022-04-01 06:49:20.898 INFO Train - trainImages: finding the encoding of image
2022-04-01 06:49:20.979 INFO Train - trainImages: finding encoding of image is done
2022-04-01 06:49:20.979 INFO Train - trainImages: loading image
2022-04-01 06:49:20.980 DEBUG Train - trainImages: /home/vikasjoshis001/Desktop/Gestures/images_to_train/jfhkjg-2022-04-01 06:37:04.905084/jfhkjg.0ba1782e-b158-11ec-ae44-cb6983774605.jpeg
2022-04-01 06:49:20.980 INFO Train - trainImages: loading image done
2022-04-01 06:49:20.980 INFO Train - trainImages: finding the encoding of image
2022-04-01 06:49:21.060 INFO Train - trainImages: finding encoding of image is done
2022-04-01 06:49:21.060 INFO Train - trainImages: loading image
2022-04-01 06:49:21.061 DEBUG Train - trainImages: /home/vikasjoshis001/Desktop/Gestures/images_to_train/jfhkjg-2022-04-01 06:37:04.905084/jfhkjg.0ba1782f-b158-11ec-ae44-cb6983774605.jpeg
2022-04-01 06:49:21.061 INFO Train - trainImages: loading image done
2022-04-01 06:49:21.061 INFO Train - trainImages: finding the encoding of image
2022-04-01 06:49:21.142 INFO Train - trainImages: finding encoding of image is done
2022-04-01 06:49:21.142 INFO Train - trainImages: getting average of encodings of loaded images
2022-04-01 06:49:21.142 INFO Train - trainImages: done with getting average encodings
2022-04-01 06:49:21.142 INFO Train - trainImages: storing the name and encoding in local dictionary
2022-04-01 06:49:21.142 INFO Train - trainImages: stored name and encodes in local dictionary
2022-04-01 06:49:21.142 INFO Train - trainImages: storing the name and encodings in mongodb
2022-04-01 06:49:21.143 INFO Train - trainImages: stored all name and encodes in mongodb
2022-04-01 06:49:21.143 INFO Train - trainImages: started loading images and finding their encodings
2022-04-01 06:49:21.143 INFO Train - trainImages: loading image
2022-04-01 06:49:21.144 DEBUG Train - trainImages: /home/vikasjoshis001/Desktop/Gestures/images_to_train/fdsfg-2022-04-01 06:31:00.007557/fdsfg.3222a709-b157-11ec-ae44-cb6983774605.jpeg
2022-04-01 06:49:21.144 INFO Train - trainImages: loading image done
2022-04-01 06:49:21.144 INFO Train - trainImages: finding the encoding of image
2022-04-01 06:49:21.225 INFO Train - trainImages: finding encoding of image is done
2022-04-01 06:49:21.225 INFO Train - trainImages: loading image
2022-04-01 06:49:21.226 DEBUG Train - trainImages: /home/vikasjoshis001/Desktop/Gestures/images_to_train/fdsfg-2022-04-01 06:31:00.007557/fdsfg.33671982-b157-11ec-ae44-cb6983774605.jpeg
2022-04-01 06:49:21.226 INFO Train - trainImages: loading image done
2022-04-01 06:49:21.226 INFO Train - trainImages: finding the encoding of image
2022-04-01 06:49:21.306 INFO Train - trainImages: finding encoding of image is done
2022-04-01 06:49:21.306 INFO Train - trainImages: loading image
2022-04-01 06:49:21.307 DEBUG Train - trainImages: /home/vikasjoshis001/Desktop/Gestures/images_to_train/fdsfg-2022-04-01 06:31:00.007557/fdsfg.33671983-b157-11ec-ae44-cb6983774605.jpeg
2022-04-01 06:49:21.307 INFO Train - trainImages: loading image done
2022-04-01 06:49:21.307 INFO Train - trainImages: finding the encoding of image
2022-04-01 06:49:21.388 INFO Train - trainImages: finding encoding of image is done
2022-04-01 06:49:21.389 INFO Train - trainImages: loading image
2022-04-01 06:49:21.389 DEBUG Train - trainImages: /home/vikasjoshis001/Desktop/Gestures/images_to_train/fdsfg-2022-04-01 06:31:00.007557/fdsfg.349ba318-b157-11ec-ae44-cb6983774605.jpeg
2022-04-01 06:49:21.390 INFO Train - trainImages: loading image done
2022-04-01 06:49:21.390 INFO Train - trainImages: finding the encoding of image
2022-04-01 06:49:21.475 INFO Train - trainImages: finding encoding of image is done
2022-04-01 06:49:21.475 INFO Train - trainImages: loading image
2022-04-01 06:49:21.476 DEBUG Train - trainImages: /home/vikasjoshis001/Desktop/Gestures/images_to_train/fdsfg-2022-04-01 06:31:00.007557/fdsfg.3222a708-b157-11ec-ae44-cb6983774605.jpeg
2022-04-01 06:49:21.476 INFO Train - trainImages: loading image done
2022-04-01 06:49:21.476 INFO Train - trainImages: finding the encoding of image
2022-04-01 06:49:21.556 INFO Train - trainImages: finding encoding of image is done
2022-04-01 06:49:21.556 INFO Train - trainImages: getting average of encodings of loaded images
2022-04-01 06:49:21.556 INFO Train - trainImages: done with getting average encodings
2022-04-01 06:49:21.556 INFO Train - trainImages: storing the name and encoding in local dictionary
2022-04-01 06:49:21.556 INFO Train - trainImages: stored name and encodes in local dictionary
2022-04-01 06:49:21.556 INFO Train - trainImages: storing the name and encodings in mongodb
2022-04-01 06:49:21.557 INFO Train - trainImages: stored all name and encodes in mongodb
2022-04-01 06:49:21.557 INFO Train - trainImages: started loading images and finding their encodings
2022-04-01 06:49:21.557 INFO Train - trainImages: loading image
2022-04-01 06:49:21.558 DEBUG Train - trainImages: /home/vikasjoshis001/Desktop/Gestures/images_to_train/UIO-2022-04-01 06:08:24.896094/UIO.0a6d3245-b154-11ec-ae44-cb6983774605.jpeg
2022-04-01 06:49:21.558 INFO Train - trainImages: loading image done
2022-04-01 06:49:21.558 INFO Train - trainImages: finding the encoding of image
2022-04-01 06:49:21.639 INFO Train - trainImages: finding encoding of image is done
2022-04-01 06:49:21.639 INFO Train - trainImages: loading image
2022-04-01 06:49:21.640 DEBUG Train - trainImages: /home/vikasjoshis001/Desktop/Gestures/images_to_train/UIO-2022-04-01 06:08:24.896094/UIO.0bbc7cb9-b154-11ec-ae44-cb6983774605.jpeg
2022-04-01 06:49:21.640 INFO Train - trainImages: loading image done
2022-04-01 06:49:21.640 INFO Train - trainImages: finding the encoding of image
2022-04-01 06:49:21.721 INFO Train - trainImages: finding encoding of image is done
2022-04-01 06:49:21.721 INFO Train - trainImages: loading image
2022-04-01 06:49:21.722 DEBUG Train - trainImages: /home/vikasjoshis001/Desktop/Gestures/images_to_train/UIO-2022-04-01 06:08:24.896094/UIO.0bbc7cb8-b154-11ec-ae44-cb6983774605.jpeg
2022-04-01 06:49:21.722 INFO Train - trainImages: loading image done
2022-04-01 06:49:21.722 INFO Train - trainImages: finding the encoding of image
2022-04-01 06:49:21.802 INFO Train - trainImages: finding encoding of image is done
2022-04-01 06:49:21.802 INFO Train - trainImages: loading image
2022-04-01 06:49:21.803 DEBUG Train - trainImages: /home/vikasjoshis001/Desktop/Gestures/images_to_train/UIO-2022-04-01 06:08:24.896094/UIO.0a6d3244-b154-11ec-ae44-cb6983774605.jpeg
2022-04-01 06:49:21.803 INFO Train - trainImages: loading image done
2022-04-01 06:49:21.803 INFO Train - trainImages: finding the encoding of image
2022-04-01 06:49:21.885 INFO Train - trainImages: finding encoding of image is done
2022-04-01 06:49:21.885 INFO Train - trainImages: loading image
2022-04-01 06:49:21.886 DEBUG Train - trainImages: /home/vikasjoshis001/Desktop/Gestures/images_to_train/UIO-2022-04-01 06:08:24.896094/UIO.0cf136d2-b154-11ec-ae44-cb6983774605.jpeg
2022-04-01 06:49:21.886 INFO Train - trainImages: loading image done
2022-04-01 06:49:21.886 INFO Train - trainImages: finding the encoding of image
2022-04-01 06:49:21.970 INFO Train - trainImages: finding encoding of image is done
2022-04-01 06:49:21.970 INFO Train - trainImages: getting average of encodings of loaded images
2022-04-01 06:49:21.970 INFO Train - trainImages: done with getting average encodings
2022-04-01 06:49:21.970 INFO Train - trainImages: storing the name and encoding in local dictionary
2022-04-01 06:49:21.970 INFO Train - trainImages: stored name and encodes in local dictionary
2022-04-01 06:49:21.970 INFO Train - trainImages: storing the name and encodings in mongodb
2022-04-01 06:49:21.971 INFO Train - trainImages: stored all name and encodes in mongodb
2022-04-01 06:49:21.971 INFO Train - trainImages: started loading images and finding their encodings
2022-04-01 06:49:21.971 INFO Train - trainImages: loading image
2022-04-01 06:49:21.971 DEBUG Train - trainImages: /home/vikasjoshis001/Desktop/Gestures/images_to_train/arya stark/index.jpeg
2022-04-01 06:49:21.972 INFO Train - trainImages: loading image done
2022-04-01 06:49:21.972 INFO Train - trainImages: finding the encoding of image
2022-04-01 06:49:22.042 INFO Train - trainImages: finding encoding of image is done
2022-04-01 06:49:22.042 INFO Train - trainImages: loading image
2022-04-01 06:49:22.043 DEBUG Train - trainImages: /home/vikasjoshis001/Desktop/Gestures/images_to_train/arya stark/index3.jpeg
2022-04-01 06:49:22.043 INFO Train - trainImages: loading image done
2022-04-01 06:49:22.043 INFO Train - trainImages: finding the encoding of image
2022-04-01 06:49:22.112 INFO Train - trainImages: finding encoding of image is done
2022-04-01 06:49:22.112 INFO Train - trainImages: loading image
2022-04-01 06:49:22.113 DEBUG Train - trainImages: /home/vikasjoshis001/Desktop/Gestures/images_to_train/arya stark/index5.jpeg
2022-04-01 06:49:22.113 INFO Train - trainImages: loading image done
2022-04-01 06:49:22.113 INFO Train - trainImages: finding the encoding of image
2022-04-01 06:49:22.183 INFO Train - trainImages: finding encoding of image is done
2022-04-01 06:49:22.183 INFO Train - trainImages: loading image
2022-04-01 06:49:22.183 DEBUG Train - trainImages: /home/vikasjoshis001/Desktop/Gestures/images_to_train/arya stark/index2.jpeg
2022-04-01 06:49:22.183 INFO Train - trainImages: loading image done
2022-04-01 06:49:22.183 INFO Train - trainImages: finding the encoding of image
2022-04-01 06:49:22.251 INFO Train - trainImages: finding encoding of image is done
2022-04-01 06:49:22.251 INFO Train - trainImages: loading image
2022-04-01 06:49:22.252 DEBUG Train - trainImages: /home/vikasjoshis001/Desktop/Gestures/images_to_train/arya stark/images4.jpeg
2022-04-01 06:49:22.252 INFO Train - trainImages: loading image done
2022-04-01 06:49:22.252 INFO Train - trainImages: finding the encoding of image
2022-04-01 06:49:22.319 INFO Train - trainImages: finding encoding of image is done
2022-04-01 06:49:22.319 INFO Train - trainImages: getting average of encodings of loaded images
2022-04-01 06:49:22.319 INFO Train - trainImages: done with getting average encodings
2022-04-01 06:49:22.319 INFO Train - trainImages: storing the name and encoding in local dictionary
2022-04-01 06:49:22.319 INFO Train - trainImages: stored name and encodes in local dictionary
2022-04-01 06:49:22.319 INFO Train - trainImages: storing the name and encodings in mongodb
2022-04-01 06:49:22.320 INFO Train - trainImages: stored all name and encodes in mongodb
2022-04-01 06:49:22.320 INFO Train - trainImages: started loading images and finding their encodings
2022-04-01 06:49:22.320 INFO Train - trainImages: loading image
2022-04-01 06:49:22.321 DEBUG Train - trainImages: /home/vikasjoshis001/Desktop/Gestures/images_to_train/hhh-2022-04-01 06:44:57.963327/hhh.25986278-b159-11ec-ae44-cb6983774605.jpeg
2022-04-01 06:49:22.321 INFO Train - trainImages: loading image done
2022-04-01 06:49:22.321 INFO Train - trainImages: finding the encoding of image
2022-04-01 06:49:22.401 INFO Train - trainImages: finding encoding of image is done
2022-04-01 06:49:22.401 INFO Train - trainImages: loading image
2022-04-01 06:49:22.402 DEBUG Train - trainImages: /home/vikasjoshis001/Desktop/Gestures/images_to_train/hhh-2022-04-01 06:44:57.963327/hhh.26dc8538-b159-11ec-ae44-cb6983774605.jpeg
2022-04-01 06:49:22.402 INFO Train - trainImages: loading image done
2022-04-01 06:49:22.402 INFO Train - trainImages: finding the encoding of image
2022-04-01 06:49:22.483 INFO Train - trainImages: finding encoding of image is done
2022-04-01 06:49:22.484 INFO Train - trainImages: loading image
2022-04-01 06:49:22.484 DEBUG Train - trainImages: /home/vikasjoshis001/Desktop/Gestures/images_to_train/hhh-2022-04-01 06:44:57.963327/hhh.28114740-b159-11ec-ae44-cb6983774605.jpeg
2022-04-01 06:49:22.485 INFO Train - trainImages: loading image done
2022-04-01 06:49:22.485 INFO Train - trainImages: finding the encoding of image
2022-04-01 06:49:22.568 INFO Train - trainImages: finding encoding of image is done
2022-04-01 06:49:22.568 INFO Train - trainImages: loading image
2022-04-01 06:49:22.569 DEBUG Train - trainImages: /home/vikasjoshis001/Desktop/Gestures/images_to_train/hhh-2022-04-01 06:44:57.963327/hhh.26dc8539-b159-11ec-ae44-cb6983774605.jpeg
2022-04-01 06:49:22.569 INFO Train - trainImages: loading image done
2022-04-01 06:49:22.569 INFO Train - trainImages: finding the encoding of image
2022-04-01 06:49:22.651 INFO Train - trainImages: finding encoding of image is done
2022-04-01 06:49:22.651 INFO Train - trainImages: loading image
2022-04-01 06:49:22.652 DEBUG Train - trainImages: /home/vikasjoshis001/Desktop/Gestures/images_to_train/hhh-2022-04-01 06:44:57.963327/hhh.25986279-b159-11ec-ae44-cb6983774605.jpeg
2022-04-01 06:49:22.652 INFO Train - trainImages: loading image done
2022-04-01 06:49:22.652 INFO Train - trainImages: finding the encoding of image
2022-04-01 06:49:22.733 INFO Train - trainImages: finding encoding of image is done
2022-04-01 06:49:22.733 INFO Train - trainImages: getting average of encodings of loaded images
2022-04-01 06:49:22.733 INFO Train - trainImages: done with getting average encodings
2022-04-01 06:49:22.733 INFO Train - trainImages: storing the name and encoding in local dictionary
2022-04-01 06:49:22.733 INFO Train - trainImages: stored name and encodes in local dictionary
2022-04-01 06:49:22.733 INFO Train - trainImages: storing the name and encodings in mongodb
2022-04-01 06:49:22.734 INFO Train - trainImages: stored all name and encodes in mongodb
2022-04-01 06:49:22.734 INFO Train - trainImages: started loading images and finding their encodings
2022-04-01 06:49:22.734 INFO Train - trainImages: loading image
2022-04-01 06:49:22.735 DEBUG Train - trainImages: /home/vikasjoshis001/Desktop/Gestures/images_to_train/lvkn;lhk-2022-04-01 06:42:39.157330/lvkn;lhk.d2dc65ac-b158-11ec-ae44-cb6983774605.jpeg
2022-04-01 06:49:22.735 INFO Train - trainImages: loading image done
2022-04-01 06:49:22.735 INFO Train - trainImages: finding the encoding of image
2022-04-01 06:49:22.817 INFO Train - trainImages: finding encoding of image is done
2022-04-01 06:49:22.817 INFO Train - trainImages: loading image
2022-04-01 06:49:22.818 DEBUG Train - trainImages: /home/vikasjoshis001/Desktop/Gestures/images_to_train/lvkn;lhk-2022-04-01 06:42:39.157330/lvkn;lhk.d4222b36-b158-11ec-ae44-cb6983774605.jpeg
2022-04-01 06:49:22.818 INFO Train - trainImages: loading image done
2022-04-01 06:49:22.818 INFO Train - trainImages: finding the encoding of image
2022-04-01 06:49:22.899 INFO Train - trainImages: finding encoding of image is done
2022-04-01 06:49:22.899 INFO Train - trainImages: loading image
2022-04-01 06:49:22.900 DEBUG Train - trainImages: /home/vikasjoshis001/Desktop/Gestures/images_to_train/lvkn;lhk-2022-04-01 06:42:39.157330/lvkn;lhk.d5570328-b158-11ec-ae44-cb6983774605.jpeg
2022-04-01 06:49:22.900 INFO Train - trainImages: loading image done
2022-04-01 06:49:22.900 INFO Train - trainImages: finding the encoding of image
2022-04-01 06:49:22.981 INFO Train - trainImages: finding encoding of image is done
2022-04-01 06:49:22.981 INFO Train - trainImages: loading image
2022-04-01 06:49:22.982 DEBUG Train - trainImages: /home/vikasjoshis001/Desktop/Gestures/images_to_train/lvkn;lhk-2022-04-01 06:42:39.157330/lvkn;lhk.d4222b37-b158-11ec-ae44-cb6983774605.jpeg
2022-04-01 06:49:22.982 INFO Train - trainImages: loading image done
2022-04-01 06:49:22.982 INFO Train - trainImages: finding the encoding of image
2022-04-01 06:49:23.063 INFO Train - trainImages: finding encoding of image is done
2022-04-01 06:49:23.063 INFO Train - trainImages: loading image
2022-04-01 06:49:23.064 DEBUG Train - trainImages: /home/vikasjoshis001/Desktop/Gestures/images_to_train/lvkn;lhk-2022-04-01 06:42:39.157330/lvkn;lhk.d2dc65ad-b158-11ec-ae44-cb6983774605.jpeg
2022-04-01 06:49:23.064 INFO Train - trainImages: loading image done
2022-04-01 06:49:23.064 INFO Train - trainImages: finding the encoding of image
2022-04-01 06:49:23.144 INFO Train - trainImages: finding encoding of image is done
2022-04-01 06:49:23.144 INFO Train - trainImages: getting average of encodings of loaded images
2022-04-01 06:49:23.145 INFO Train - trainImages: done with getting average encodings
2022-04-01 06:49:23.145 INFO Train - trainImages: storing the name and encoding in local dictionary
2022-04-01 06:49:23.145 INFO Train - trainImages: stored name and encodes in local dictionary
2022-04-01 06:49:23.145 INFO Train - trainImages: storing the name and encodings in mongodb
2022-04-01 06:49:23.146 INFO Train - trainImages: stored all name and encodes in mongodb
2022-04-01 06:49:23.146 INFO Train - trainImages: started loading images and finding their encodings
2022-04-01 06:49:23.146 INFO Train - trainImages: loading image
2022-04-01 06:49:23.147 DEBUG Train - trainImages: /home/vikasjoshis001/Desktop/Gestures/images_to_train/bgcnhgnvbngh-2022-04-01 06:34:02.139502/bgcnhgnvbngh.a134ebc4-b157-11ec-ae44-cb6983774605.jpeg
2022-04-01 06:49:23.147 INFO Train - trainImages: loading image done
2022-04-01 06:49:23.147 INFO Train - trainImages: finding the encoding of image
2022-04-01 06:49:23.227 INFO Train - trainImages: finding encoding of image is done
2022-04-01 06:49:23.228 INFO Train - trainImages: loading image
2022-04-01 06:49:23.229 DEBUG Train - trainImages: /home/vikasjoshis001/Desktop/Gestures/images_to_train/bgcnhgnvbngh-2022-04-01 06:34:02.139502/bgcnhgnvbngh.9fff80f2-b157-11ec-ae44-cb6983774605.jpeg
2022-04-01 06:49:23.229 INFO Train - trainImages: loading image done
2022-04-01 06:49:23.229 INFO Train - trainImages: finding the encoding of image
2022-04-01 06:49:23.309 INFO Train - trainImages: finding encoding of image is done
2022-04-01 06:49:23.309 INFO Train - trainImages: loading image
2022-04-01 06:49:23.310 DEBUG Train - trainImages: /home/vikasjoshis001/Desktop/Gestures/images_to_train/bgcnhgnvbngh-2022-04-01 06:34:02.139502/bgcnhgnvbngh.9eb230f1-b157-11ec-ae44-cb6983774605.jpeg
2022-04-01 06:49:23.310 INFO Train - trainImages: loading image done
2022-04-01 06:49:23.310 INFO Train - trainImages: finding the encoding of image
2022-04-01 06:49:23.393 INFO Train - trainImages: finding encoding of image is done
2022-04-01 06:49:23.393 INFO Train - trainImages: loading image
2022-04-01 06:49:23.394 DEBUG Train - trainImages: /home/vikasjoshis001/Desktop/Gestures/images_to_train/bgcnhgnvbngh-2022-04-01 06:34:02.139502/bgcnhgnvbngh.9fff80f3-b157-11ec-ae44-cb6983774605.jpeg
2022-04-01 06:49:23.394 INFO Train - trainImages: loading image done
2022-04-01 06:49:23.394 INFO Train - trainImages: finding the encoding of image
2022-04-01 06:49:23.474 INFO Train - trainImages: finding encoding of image is done
2022-04-01 06:49:23.474 INFO Train - trainImages: loading image
2022-04-01 06:49:23.475 DEBUG Train - trainImages: /home/vikasjoshis001/Desktop/Gestures/images_to_train/bgcnhgnvbngh-2022-04-01 06:34:02.139502/bgcnhgnvbngh.9eb230f0-b157-11ec-ae44-cb6983774605.jpeg
2022-04-01 06:49:23.475 INFO Train - trainImages: loading image done
2022-04-01 06:49:23.475 INFO Train - trainImages: finding the encoding of image
2022-04-01 06:49:23.555 INFO Train - trainImages: finding encoding of image is done
2022-04-01 06:49:23.555 INFO Train - trainImages: getting average of encodings of loaded images
2022-04-01 06:49:23.555 INFO Train - trainImages: done with getting average encodings
2022-04-01 06:49:23.555 INFO Train - trainImages: storing the name and encoding in local dictionary
2022-04-01 06:49:23.555 INFO Train - trainImages: stored name and encodes in local dictionary
2022-04-01 06:49:23.556 INFO Train - trainImages: storing the name and encodings in mongodb
2022-04-01 06:49:23.556 INFO Train - trainImages: stored all name and encodes in mongodb
2022-04-01 06:49:23.556 INFO Train - trainImages: started loading images and finding their encodings
2022-04-01 06:49:23.556 INFO Train - trainImages: loading image
2022-04-01 06:49:23.557 DEBUG Train - trainImages: /home/vikasjoshis001/Desktop/Gestures/images_to_train/nnhm-2022-04-01 06:35:32.890275/nnhm.d6127e06-b157-11ec-ae44-cb6983774605.jpeg
2022-04-01 06:49:23.557 INFO Train - trainImages: loading image done
2022-04-01 06:49:23.557 INFO Train - trainImages: finding the encoding of image
2022-04-01 06:49:23.638 INFO Train - trainImages: finding encoding of image is done
2022-04-01 06:49:23.638 INFO Train - trainImages: loading image
2022-04-01 06:49:23.639 DEBUG Train - trainImages: /home/vikasjoshis001/Desktop/Gestures/images_to_train/nnhm-2022-04-01 06:35:32.890275/nnhm.d6127e07-b157-11ec-ae44-cb6983774605.jpeg
2022-04-01 06:49:23.639 INFO Train - trainImages: loading image done
2022-04-01 06:49:23.639 INFO Train - trainImages: finding the encoding of image
2022-04-01 06:49:23.721 INFO Train - trainImages: finding encoding of image is done
2022-04-01 06:49:23.721 INFO Train - trainImages: loading image
2022-04-01 06:49:23.722 DEBUG Train - trainImages: /home/vikasjoshis001/Desktop/Gestures/images_to_train/nnhm-2022-04-01 06:35:32.890275/nnhm.d4c9f9b6-b157-11ec-ae44-cb6983774605.jpeg
2022-04-01 06:49:23.722 INFO Train - trainImages: loading image done
2022-04-01 06:49:23.722 INFO Train - trainImages: finding the encoding of image
2022-04-01 06:49:23.803 INFO Train - trainImages: finding encoding of image is done
2022-04-01 06:49:23.803 INFO Train - trainImages: loading image
2022-04-01 06:49:23.804 DEBUG Train - trainImages: /home/vikasjoshis001/Desktop/Gestures/images_to_train/nnhm-2022-04-01 06:35:32.890275/nnhm.d4c9f9b7-b157-11ec-ae44-cb6983774605.jpeg
2022-04-01 06:49:23.804 INFO Train - trainImages: loading image done
2022-04-01 06:49:23.804 INFO Train - trainImages: finding the encoding of image
2022-04-01 06:49:23.886 INFO Train - trainImages: finding encoding of image is done
2022-04-01 06:49:23.886 INFO Train - trainImages: loading image
2022-04-01 06:49:23.887 DEBUG Train - trainImages: /home/vikasjoshis001/Desktop/Gestures/images_to_train/nnhm-2022-04-01 06:35:32.890275/nnhm.d7475ac6-b157-11ec-ae44-cb6983774605.jpeg
2022-04-01 06:49:23.887 INFO Train - trainImages: loading image done
2022-04-01 06:49:23.887 INFO Train - trainImages: finding the encoding of image
2022-04-01 06:49:23.969 INFO Train - trainImages: finding encoding of image is done
2022-04-01 06:49:23.969 INFO Train - trainImages: getting average of encodings of loaded images
2022-04-01 06:49:23.970 INFO Train - trainImages: done with getting average encodings
2022-04-01 06:49:23.970 INFO Train - trainImages: storing the name and encoding in local dictionary
2022-04-01 06:49:23.970 INFO Train - trainImages: stored name and encodes in local dictionary
2022-04-01 06:49:23.970 INFO Train - trainImages: storing the name and encodings in mongodb
2022-04-01 06:49:23.970 INFO Train - trainImages: stored all name and encodes in mongodb
