2022-03-31 12:48:11.848 INFO Train - trainImages: MongoDB database connected successfully
2022-03-31 12:48:11.855 INFO Train - trainImages: collected all folders in known_people folder
2022-03-31 12:48:11.855 DEBUG Train - trainImages: ['tyrion lannister', 'Shubham-2022-03-31 12:14:08.769566', 'jhvxfgh-2022-03-31 12:32:20.012113', 'denerys targeryan', 'cersie lannister', 'cdvbxd-2022-03-31 12:29:01.669747', 'king in the north', 'vhm-2022-03-31 12:22:16.839677', 'fdf-2022-03-31 12:47:24.940166', 'Chai-2022-03-31 12:20:10.218479', 'arya stark', 'gh-2022-03-31 12:23:19.211189', 'Sad-2022-03-31 12:16:52.952750', 'Vikas-2022-03-12 15:33:49.979215', 'csdzcz-2022-03-31 12:31:31.420705']
2022-03-31 12:48:11.858 INFO Train - trainImages: collected all images from all folders in known_people folder
2022-03-31 12:48:11.858 DEBUG Train - trainImages: [['/home/vikasjoshis001/Desktop/Gestures/images_to_train/tyrion lannister/images5.jpeg', '/home/vikasjoshis001/Desktop/Gestures/images_to_train/tyrion lannister/index3.jpeg', '/home/vikasjoshis001/Desktop/Gestures/images_to_train/tyrion lannister/index1.jpeg', '/home/vikasjoshis001/Desktop/Gestures/images_to_train/tyrion lannister/index2.jpeg', '/home/vikasjoshis001/Desktop/Gestures/images_to_train/tyrion lannister/index4.jpeg'], ['/home/vikasjoshis001/Desktop/Gestures/images_to_train/Shubham-2022-03-31 12:14:08.769566/Shubham.f8cc63d4-b0bd-11ec-95c9-353773ec36e1.jpeg'], ['/home/vikasjoshis001/Desktop/Gestures/images_to_train/jhvxfgh-2022-03-31 12:32:20.012113/jhvxfgh.81ffab14-b0c0-11ec-95c9-353773ec36e1.jpeg', '/home/vikasjoshis001/Desktop/Gestures/images_to_train/jhvxfgh-2022-03-31 12:32:20.012113/jhvxfgh.84860fae-b0c0-11ec-95c9-353773ec36e1.jpeg', '/home/vikasjoshis001/Desktop/Gestures/images_to_train/jhvxfgh-2022-03-31 12:32:20.012113/jhvxfgh.834cff26-b0c0-11ec-95c9-353773ec36e1.jpeg', '/home/vikasjoshis001/Desktop/Gestures/images_to_train/jhvxfgh-2022-03-31 12:32:20.012113/jhvxfgh.834cff27-b0c0-11ec-95c9-353773ec36e1.jpeg', '/home/vikasjoshis001/Desktop/Gestures/images_to_train/jhvxfgh-2022-03-31 12:32:20.012113/jhvxfgh.81ffab15-b0c0-11ec-95c9-353773ec36e1.jpeg'], ['/home/vikasjoshis001/Desktop/Gestures/images_to_train/denerys targeryan/index3.jpeg', '/home/vikasjoshis001/Desktop/Gestures/images_to_train/denerys targeryan/index5.jpeg', '/home/vikasjoshis001/Desktop/Gestures/images_to_train/denerys targeryan/index1.jpeg', '/home/vikasjoshis001/Desktop/Gestures/images_to_train/denerys targeryan/index2.jpeg', '/home/vikasjoshis001/Desktop/Gestures/images_to_train/denerys targeryan/index4.jpeg'], ['/home/vikasjoshis001/Desktop/Gestures/images_to_train/cersie lannister/index3.jpeg', '/home/vikasjoshis001/Desktop/Gestures/images_to_train/cersie lannister/index5.jpeg', '/home/vikasjoshis001/Desktop/Gestures/images_to_train/cersie lannister/index2.jpeg', '/home/vikasjoshis001/Desktop/Gestures/images_to_train/cersie lannister/index4.jpeg'], ['/home/vikasjoshis001/Desktop/Gestures/images_to_train/cdvbxd-2022-03-31 12:29:01.669747/cdvbxd.0dac1d9d-b0c0-11ec-95c9-353773ec36e1.jpeg', '/home/vikasjoshis001/Desktop/Gestures/images_to_train/cdvbxd-2022-03-31 12:29:01.669747/cdvbxd.0dac1d9c-b0c0-11ec-95c9-353773ec36e1.jpeg', '/home/vikasjoshis001/Desktop/Gestures/images_to_train/cdvbxd-2022-03-31 12:29:01.669747/cdvbxd.0c763945-b0c0-11ec-95c9-353773ec36e1.jpeg', '/home/vikasjoshis001/Desktop/Gestures/images_to_train/cdvbxd-2022-03-31 12:29:01.669747/cdvbxd.0bc67946-b0c0-11ec-95c9-353773ec36e1.jpeg', '/home/vikasjoshis001/Desktop/Gestures/images_to_train/cdvbxd-2022-03-31 12:29:01.669747/cdvbxd.0c763944-b0c0-11ec-95c9-353773ec36e1.jpeg'], ['/home/vikasjoshis001/Desktop/Gestures/images_to_train/king in the north/index.jpeg', '/home/vikasjoshis001/Desktop/Gestures/images_to_train/king in the north/index3.jpeg', '/home/vikasjoshis001/Desktop/Gestures/images_to_train/king in the north/index5.jpeg', '/home/vikasjoshis001/Desktop/Gestures/images_to_train/king in the north/index2.jpeg', '/home/vikasjoshis001/Desktop/Gestures/images_to_train/king in the north/index4.jpeg'], ['/home/vikasjoshis001/Desktop/Gestures/images_to_train/vhm-2022-03-31 12:22:16.839677/vhm.1a7afe73-b0bf-11ec-95c9-353773ec36e1.jpeg', '/home/vikasjoshis001/Desktop/Gestures/images_to_train/vhm-2022-03-31 12:22:16.839677/vhm.1a7afe72-b0bf-11ec-95c9-353773ec36e1.jpeg', '/home/vikasjoshis001/Desktop/Gestures/images_to_train/vhm-2022-03-31 12:22:16.839677/vhm.1a7afe75-b0bf-11ec-95c9-353773ec36e1.jpeg', '/home/vikasjoshis001/Desktop/Gestures/images_to_train/vhm-2022-03-31 12:22:16.839677/vhm.1a7afe74-b0bf-11ec-95c9-353773ec36e1.jpeg', '/home/vikasjoshis001/Desktop/Gestures/images_to_train/vhm-2022-03-31 12:22:16.839677/vhm.1a7afe76-b0bf-11ec-95c9-353773ec36e1.jpeg'], ['/home/vikasjoshis001/Desktop/Gestures/images_to_train/fdf-2022-03-31 12:47:24.940166/fdf.9eae153d-b0c2-11ec-95c9-353773ec36e1.jpeg', '/home/vikasjoshis001/Desktop/Gestures/images_to_train/fdf-2022-03-31 12:47:24.940166/fdf.9fe743ec-b0c2-11ec-95c9-353773ec36e1.jpeg', '/home/vikasjoshis001/Desktop/Gestures/images_to_train/fdf-2022-03-31 12:47:24.940166/fdf.9d60e8ee-b0c2-11ec-95c9-353773ec36e1.jpeg', '/home/vikasjoshis001/Desktop/Gestures/images_to_train/fdf-2022-03-31 12:47:24.940166/fdf.9d60e8ef-b0c2-11ec-95c9-353773ec36e1.jpeg', '/home/vikasjoshis001/Desktop/Gestures/images_to_train/fdf-2022-03-31 12:47:24.940166/fdf.9eae153c-b0c2-11ec-95c9-353773ec36e1.jpeg'], ['/home/vikasjoshis001/Desktop/Gestures/images_to_train/Chai-2022-03-31 12:20:10.218479/Chai.cf03ab39-b0be-11ec-95c9-353773ec36e1.jpeg', '/home/vikasjoshis001/Desktop/Gestures/images_to_train/Chai-2022-03-31 12:20:10.218479/Chai.cf03ab3b-b0be-11ec-95c9-353773ec36e1.jpeg', '/home/vikasjoshis001/Desktop/Gestures/images_to_train/Chai-2022-03-31 12:20:10.218479/Chai.cf03ab38-b0be-11ec-95c9-353773ec36e1.jpeg', '/home/vikasjoshis001/Desktop/Gestures/images_to_train/Chai-2022-03-31 12:20:10.218479/Chai.cf03ab3c-b0be-11ec-95c9-353773ec36e1.jpeg', '/home/vikasjoshis001/Desktop/Gestures/images_to_train/Chai-2022-03-31 12:20:10.218479/Chai.cf03ab3a-b0be-11ec-95c9-353773ec36e1.jpeg'], ['/home/vikasjoshis001/Desktop/Gestures/images_to_train/arya stark/index.jpeg', '/home/vikasjoshis001/Desktop/Gestures/images_to_train/arya stark/index3.jpeg', '/home/vikasjoshis001/Desktop/Gestures/images_to_train/arya stark/index5.jpeg', '/home/vikasjoshis001/Desktop/Gestures/images_to_train/arya stark/index2.jpeg', '/home/vikasjoshis001/Desktop/Gestures/images_to_train/arya stark/images4.jpeg'], ['/home/vikasjoshis001/Desktop/Gestures/images_to_train/gh-2022-03-31 12:23:19.211189/gh.3fa9801e-b0bf-11ec-95c9-353773ec36e1.jpeg', '/home/vikasjoshis001/Desktop/Gestures/images_to_train/gh-2022-03-31 12:23:19.211189/gh.3fa9801b-b0bf-11ec-95c9-353773ec36e1.jpeg', '/home/vikasjoshis001/Desktop/Gestures/images_to_train/gh-2022-03-31 12:23:19.211189/gh.3fa9801a-b0bf-11ec-95c9-353773ec36e1.jpeg', '/home/vikasjoshis001/Desktop/Gestures/images_to_train/gh-2022-03-31 12:23:19.211189/gh.3fa9801d-b0bf-11ec-95c9-353773ec36e1.jpeg', '/home/vikasjoshis001/Desktop/Gestures/images_to_train/gh-2022-03-31 12:23:19.211189/gh.3fa9801c-b0bf-11ec-95c9-353773ec36e1.jpeg'], ['/home/vikasjoshis001/Desktop/Gestures/images_to_train/Sad-2022-03-31 12:16:52.952750/Sad.596d38de-b0be-11ec-95c9-353773ec36e1.jpeg', '/home/vikasjoshis001/Desktop/Gestures/images_to_train/Sad-2022-03-31 12:16:52.952750/Sad.596d38dd-b0be-11ec-95c9-353773ec36e1.jpeg', '/home/vikasjoshis001/Desktop/Gestures/images_to_train/Sad-2022-03-31 12:16:52.952750/Sad.596d38da-b0be-11ec-95c9-353773ec36e1.jpeg', '/home/vikasjoshis001/Desktop/Gestures/images_to_train/Sad-2022-03-31 12:16:52.952750/Sad.596d38db-b0be-11ec-95c9-353773ec36e1.jpeg', '/home/vikasjoshis001/Desktop/Gestures/images_to_train/Sad-2022-03-31 12:16:52.952750/Sad.596d38dc-b0be-11ec-95c9-353773ec36e1.jpeg'], ['/home/vikasjoshis001/Desktop/Gestures/images_to_train/Vikas-2022-03-12 15:33:49.979215/Vikas.b761c802-a1eb-11ec-a348-e960390a4373.jpeg', '/home/vikasjoshis001/Desktop/Gestures/images_to_train/Vikas-2022-03-12 15:33:49.979215/Vikas.b9e21fbe-a1eb-11ec-a348-e960390a4373.jpeg', '/home/vikasjoshis001/Desktop/Gestures/images_to_train/Vikas-2022-03-12 15:33:49.979215/Vikas.b761c803-a1eb-11ec-a348-e960390a4373.jpeg', '/home/vikasjoshis001/Desktop/Gestures/images_to_train/Vikas-2022-03-12 15:33:49.979215/Vikas.b8aa7a74-a1eb-11ec-a348-e960390a4373.jpeg', '/home/vikasjoshis001/Desktop/Gestures/images_to_train/Vikas-2022-03-12 15:33:49.979215/Vikas.b8aa7a75-a1eb-11ec-a348-e960390a4373.jpeg'], ['/home/vikasjoshis001/Desktop/Gestures/images_to_train/csdzcz-2022-03-31 12:31:31.420705/csdzcz.6792ab96-b0c0-11ec-95c9-353773ec36e1.jpeg', '/home/vikasjoshis001/Desktop/Gestures/images_to_train/csdzcz-2022-03-31 12:31:31.420705/csdzcz.66593e70-b0c0-11ec-95c9-353773ec36e1.jpeg', '/home/vikasjoshis001/Desktop/Gestures/images_to_train/csdzcz-2022-03-31 12:31:31.420705/csdzcz.65091bb2-b0c0-11ec-95c9-353773ec36e1.jpeg', '/home/vikasjoshis001/Desktop/Gestures/images_to_train/csdzcz-2022-03-31 12:31:31.420705/csdzcz.65091bb3-b0c0-11ec-95c9-353773ec36e1.jpeg', '/home/vikasjoshis001/Desktop/Gestures/images_to_train/csdzcz-2022-03-31 12:31:31.420705/csdzcz.66593e71-b0c0-11ec-95c9-353773ec36e1.jpeg']]
2022-03-31 12:48:11.858 INFO Train - trainImages: started loading images and finding their encodings
2022-03-31 12:48:11.858 INFO Train - trainImages: loading image
2022-03-31 12:48:11.878 DEBUG Train - trainImages: /home/vikasjoshis001/Desktop/Gestures/images_to_train/tyrion lannister/images5.jpeg
2022-03-31 12:48:11.878 INFO Train - trainImages: loading image done
2022-03-31 12:48:11.879 INFO Train - trainImages: finding the encoding of image
2022-03-31 12:48:11.954 INFO Train - trainImages: finding encoding of image is done
2022-03-31 12:48:11.954 INFO Train - trainImages: loading image
2022-03-31 12:48:11.955 DEBUG Train - trainImages: /home/vikasjoshis001/Desktop/Gestures/images_to_train/tyrion lannister/index3.jpeg
2022-03-31 12:48:11.955 INFO Train - trainImages: loading image done
2022-03-31 12:48:11.955 INFO Train - trainImages: finding the encoding of image
2022-03-31 12:48:12.021 INFO Train - trainImages: finding encoding of image is done
2022-03-31 12:48:12.021 INFO Train - trainImages: loading image
2022-03-31 12:48:12.022 DEBUG Train - trainImages: /home/vikasjoshis001/Desktop/Gestures/images_to_train/tyrion lannister/index1.jpeg
2022-03-31 12:48:12.022 INFO Train - trainImages: loading image done
2022-03-31 12:48:12.022 INFO Train - trainImages: finding the encoding of image
2022-03-31 12:48:12.094 INFO Train - trainImages: finding encoding of image is done
2022-03-31 12:48:12.094 INFO Train - trainImages: loading image
2022-03-31 12:48:12.095 DEBUG Train - trainImages: /home/vikasjoshis001/Desktop/Gestures/images_to_train/tyrion lannister/index2.jpeg
2022-03-31 12:48:12.095 INFO Train - trainImages: loading image done
2022-03-31 12:48:12.095 INFO Train - trainImages: finding the encoding of image
2022-03-31 12:48:12.161 INFO Train - trainImages: finding encoding of image is done
2022-03-31 12:48:12.161 INFO Train - trainImages: loading image
2022-03-31 12:48:12.162 DEBUG Train - trainImages: /home/vikasjoshis001/Desktop/Gestures/images_to_train/tyrion lannister/index4.jpeg
2022-03-31 12:48:12.162 INFO Train - trainImages: loading image done
2022-03-31 12:48:12.162 INFO Train - trainImages: finding the encoding of image
2022-03-31 12:48:12.227 INFO Train - trainImages: finding encoding of image is done
2022-03-31 12:48:12.227 INFO Train - trainImages: getting average of encodings of loaded images
2022-03-31 12:48:12.227 INFO Train - trainImages: done with getting average encodings
2022-03-31 12:48:12.227 INFO Train - trainImages: storing the name and encoding in local dictionary
2022-03-31 12:48:12.227 INFO Train - trainImages: stored name and encodes in local dictionary
2022-03-31 12:48:12.227 INFO Train - trainImages: storing the name and encodings in mongodb
2022-03-31 12:48:12.229 INFO Train - trainImages: stored all name and encodes in mongodb
2022-03-31 12:48:12.229 INFO Train - trainImages: started loading images and finding their encodings
2022-03-31 12:48:12.229 INFO Train - trainImages: loading image
2022-03-31 12:48:12.231 DEBUG Train - trainImages: /home/vikasjoshis001/Desktop/Gestures/images_to_train/Shubham-2022-03-31 12:14:08.769566/Shubham.f8cc63d4-b0bd-11ec-95c9-353773ec36e1.jpeg
2022-03-31 12:48:12.231 INFO Train - trainImages: loading image done
2022-03-31 12:48:12.231 INFO Train - trainImages: finding the encoding of image
2022-03-31 12:48:12.410 INFO Train - trainImages: finding encoding of image is done
2022-03-31 12:48:12.410 INFO Train - trainImages: getting average of encodings of loaded images
2022-03-31 12:48:12.410 INFO Train - trainImages: done with getting average encodings
2022-03-31 12:48:12.410 INFO Train - trainImages: storing the name and encoding in local dictionary
2022-03-31 12:48:12.410 INFO Train - trainImages: stored name and encodes in local dictionary
2022-03-31 12:48:12.410 INFO Train - trainImages: storing the name and encodings in mongodb
2022-03-31 12:48:12.411 INFO Train - trainImages: stored all name and encodes in mongodb
2022-03-31 12:48:12.411 INFO Train - trainImages: started loading images and finding their encodings
2022-03-31 12:48:12.411 INFO Train - trainImages: loading image
2022-03-31 12:48:12.413 DEBUG Train - trainImages: /home/vikasjoshis001/Desktop/Gestures/images_to_train/jhvxfgh-2022-03-31 12:32:20.012113/jhvxfgh.81ffab14-b0c0-11ec-95c9-353773ec36e1.jpeg
2022-03-31 12:48:12.413 INFO Train - trainImages: loading image done
2022-03-31 12:48:12.413 INFO Train - trainImages: finding the encoding of image
2022-03-31 12:48:12.601 INFO Train - trainImages: finding encoding of image is done
2022-03-31 12:48:12.601 INFO Train - trainImages: loading image
2022-03-31 12:48:12.603 DEBUG Train - trainImages: /home/vikasjoshis001/Desktop/Gestures/images_to_train/jhvxfgh-2022-03-31 12:32:20.012113/jhvxfgh.84860fae-b0c0-11ec-95c9-353773ec36e1.jpeg
2022-03-31 12:48:12.603 INFO Train - trainImages: loading image done
2022-03-31 12:48:12.603 INFO Train - trainImages: finding the encoding of image
2022-03-31 12:48:12.778 INFO Train - trainImages: finding encoding of image is done
2022-03-31 12:48:12.779 INFO Train - trainImages: loading image
2022-03-31 12:48:12.781 DEBUG Train - trainImages: /home/vikasjoshis001/Desktop/Gestures/images_to_train/jhvxfgh-2022-03-31 12:32:20.012113/jhvxfgh.834cff26-b0c0-11ec-95c9-353773ec36e1.jpeg
2022-03-31 12:48:12.781 INFO Train - trainImages: loading image done
2022-03-31 12:48:12.781 INFO Train - trainImages: finding the encoding of image
2022-03-31 12:48:12.957 INFO Train - trainImages: finding encoding of image is done
2022-03-31 12:48:12.957 INFO Train - trainImages: loading image
2022-03-31 12:48:12.959 DEBUG Train - trainImages: /home/vikasjoshis001/Desktop/Gestures/images_to_train/jhvxfgh-2022-03-31 12:32:20.012113/jhvxfgh.834cff27-b0c0-11ec-95c9-353773ec36e1.jpeg
2022-03-31 12:48:12.959 INFO Train - trainImages: loading image done
2022-03-31 12:48:12.959 INFO Train - trainImages: finding the encoding of image
2022-03-31 12:48:13.135 INFO Train - trainImages: finding encoding of image is done
2022-03-31 12:48:13.135 INFO Train - trainImages: loading image
2022-03-31 12:48:13.138 DEBUG Train - trainImages: /home/vikasjoshis001/Desktop/Gestures/images_to_train/jhvxfgh-2022-03-31 12:32:20.012113/jhvxfgh.81ffab15-b0c0-11ec-95c9-353773ec36e1.jpeg
2022-03-31 12:48:13.138 INFO Train - trainImages: loading image done
2022-03-31 12:48:13.138 INFO Train - trainImages: finding the encoding of image
2022-03-31 12:48:13.315 INFO Train - trainImages: finding encoding of image is done
2022-03-31 12:48:13.315 INFO Train - trainImages: getting average of encodings of loaded images
2022-03-31 12:48:13.315 INFO Train - trainImages: done with getting average encodings
2022-03-31 12:48:13.315 INFO Train - trainImages: storing the name and encoding in local dictionary
2022-03-31 12:48:13.315 INFO Train - trainImages: stored name and encodes in local dictionary
2022-03-31 12:48:13.315 INFO Train - trainImages: storing the name and encodings in mongodb
2022-03-31 12:48:13.316 INFO Train - trainImages: stored all name and encodes in mongodb
2022-03-31 12:48:13.316 INFO Train - trainImages: started loading images and finding their encodings
2022-03-31 12:48:13.316 INFO Train - trainImages: loading image
2022-03-31 12:48:13.317 DEBUG Train - trainImages: /home/vikasjoshis001/Desktop/Gestures/images_to_train/denerys targeryan/index3.jpeg
2022-03-31 12:48:13.317 INFO Train - trainImages: loading image done
2022-03-31 12:48:13.317 INFO Train - trainImages: finding the encoding of image
2022-03-31 12:48:13.384 INFO Train - trainImages: finding encoding of image is done
2022-03-31 12:48:13.384 INFO Train - trainImages: loading image
2022-03-31 12:48:13.384 DEBUG Train - trainImages: /home/vikasjoshis001/Desktop/Gestures/images_to_train/denerys targeryan/index5.jpeg
2022-03-31 12:48:13.385 INFO Train - trainImages: loading image done
2022-03-31 12:48:13.385 INFO Train - trainImages: finding the encoding of image
2022-03-31 12:48:13.452 INFO Train - trainImages: finding encoding of image is done
2022-03-31 12:48:13.452 INFO Train - trainImages: loading image
2022-03-31 12:48:13.452 DEBUG Train - trainImages: /home/vikasjoshis001/Desktop/Gestures/images_to_train/denerys targeryan/index1.jpeg
2022-03-31 12:48:13.452 INFO Train - trainImages: loading image done
2022-03-31 12:48:13.452 INFO Train - trainImages: finding the encoding of image
2022-03-31 12:48:13.521 INFO Train - trainImages: finding encoding of image is done
2022-03-31 12:48:13.521 INFO Train - trainImages: loading image
2022-03-31 12:48:13.522 DEBUG Train - trainImages: /home/vikasjoshis001/Desktop/Gestures/images_to_train/denerys targeryan/index2.jpeg
2022-03-31 12:48:13.522 INFO Train - trainImages: loading image done
2022-03-31 12:48:13.522 INFO Train - trainImages: finding the encoding of image
2022-03-31 12:48:13.590 INFO Train - trainImages: finding encoding of image is done
2022-03-31 12:48:13.591 INFO Train - trainImages: loading image
2022-03-31 12:48:13.591 DEBUG Train - trainImages: /home/vikasjoshis001/Desktop/Gestures/images_to_train/denerys targeryan/index4.jpeg
2022-03-31 12:48:13.591 INFO Train - trainImages: loading image done
2022-03-31 12:48:13.591 INFO Train - trainImages: finding the encoding of image
2022-03-31 12:48:13.657 INFO Train - trainImages: finding encoding of image is done
2022-03-31 12:48:13.657 INFO Train - trainImages: getting average of encodings of loaded images
2022-03-31 12:48:13.657 INFO Train - trainImages: done with getting average encodings
2022-03-31 12:48:13.657 INFO Train - trainImages: storing the name and encoding in local dictionary
2022-03-31 12:48:13.657 INFO Train - trainImages: stored name and encodes in local dictionary
2022-03-31 12:48:13.657 INFO Train - trainImages: storing the name and encodings in mongodb
2022-03-31 12:48:13.658 INFO Train - trainImages: stored all name and encodes in mongodb
2022-03-31 12:48:13.658 INFO Train - trainImages: started loading images and finding their encodings
2022-03-31 12:48:13.658 INFO Train - trainImages: loading image
2022-03-31 12:48:13.659 DEBUG Train - trainImages: /home/vikasjoshis001/Desktop/Gestures/images_to_train/cersie lannister/index3.jpeg
2022-03-31 12:48:13.659 INFO Train - trainImages: loading image done
2022-03-31 12:48:13.659 INFO Train - trainImages: finding the encoding of image
2022-03-31 12:48:13.724 INFO Train - trainImages: finding encoding of image is done
2022-03-31 12:48:13.724 INFO Train - trainImages: loading image
2022-03-31 12:48:13.725 DEBUG Train - trainImages: /home/vikasjoshis001/Desktop/Gestures/images_to_train/cersie lannister/index5.jpeg
2022-03-31 12:48:13.725 INFO Train - trainImages: loading image done
2022-03-31 12:48:13.725 INFO Train - trainImages: finding the encoding of image
2022-03-31 12:48:13.790 INFO Train - trainImages: finding encoding of image is done
2022-03-31 12:48:13.791 INFO Train - trainImages: loading image
2022-03-31 12:48:13.791 DEBUG Train - trainImages: /home/vikasjoshis001/Desktop/Gestures/images_to_train/cersie lannister/index2.jpeg
2022-03-31 12:48:13.791 INFO Train - trainImages: loading image done
2022-03-31 12:48:13.791 INFO Train - trainImages: finding the encoding of image
2022-03-31 12:48:13.858 INFO Train - trainImages: finding encoding of image is done
2022-03-31 12:48:13.858 INFO Train - trainImages: loading image
2022-03-31 12:48:13.859 DEBUG Train - trainImages: /home/vikasjoshis001/Desktop/Gestures/images_to_train/cersie lannister/index4.jpeg
2022-03-31 12:48:13.859 INFO Train - trainImages: loading image done
2022-03-31 12:48:13.859 INFO Train - trainImages: finding the encoding of image
2022-03-31 12:48:13.926 INFO Train - trainImages: finding encoding of image is done
2022-03-31 12:48:13.926 INFO Train - trainImages: getting average of encodings of loaded images
2022-03-31 12:48:13.926 INFO Train - trainImages: done with getting average encodings
2022-03-31 12:48:13.926 INFO Train - trainImages: storing the name and encoding in local dictionary
2022-03-31 12:48:13.926 INFO Train - trainImages: stored name and encodes in local dictionary
2022-03-31 12:48:13.926 INFO Train - trainImages: storing the name and encodings in mongodb
2022-03-31 12:48:13.927 INFO Train - trainImages: stored all name and encodes in mongodb
2022-03-31 12:48:13.927 INFO Train - trainImages: started loading images and finding their encodings
2022-03-31 12:48:13.927 INFO Train - trainImages: loading image
2022-03-31 12:48:13.930 DEBUG Train - trainImages: /home/vikasjoshis001/Desktop/Gestures/images_to_train/cdvbxd-2022-03-31 12:29:01.669747/cdvbxd.0dac1d9d-b0c0-11ec-95c9-353773ec36e1.jpeg
2022-03-31 12:48:13.930 INFO Train - trainImages: loading image done
2022-03-31 12:48:13.930 INFO Train - trainImages: finding the encoding of image
2022-03-31 12:48:14.108 INFO Train - trainImages: finding encoding of image is done
2022-03-31 12:48:14.108 INFO Train - trainImages: loading image
2022-03-31 12:48:14.112 DEBUG Train - trainImages: /home/vikasjoshis001/Desktop/Gestures/images_to_train/cdvbxd-2022-03-31 12:29:01.669747/cdvbxd.0dac1d9c-b0c0-11ec-95c9-353773ec36e1.jpeg
2022-03-31 12:48:14.112 INFO Train - trainImages: loading image done
2022-03-31 12:48:14.112 INFO Train - trainImages: finding the encoding of image
2022-03-31 12:48:14.290 INFO Train - trainImages: finding encoding of image is done
2022-03-31 12:48:14.290 INFO Train - trainImages: loading image
2022-03-31 12:48:14.293 DEBUG Train - trainImages: /home/vikasjoshis001/Desktop/Gestures/images_to_train/cdvbxd-2022-03-31 12:29:01.669747/cdvbxd.0c763945-b0c0-11ec-95c9-353773ec36e1.jpeg
2022-03-31 12:48:14.293 INFO Train - trainImages: loading image done
2022-03-31 12:48:14.293 INFO Train - trainImages: finding the encoding of image
2022-03-31 12:48:14.471 INFO Train - trainImages: finding encoding of image is done
2022-03-31 12:48:14.471 INFO Train - trainImages: loading image
2022-03-31 12:48:14.474 DEBUG Train - trainImages: /home/vikasjoshis001/Desktop/Gestures/images_to_train/cdvbxd-2022-03-31 12:29:01.669747/cdvbxd.0bc67946-b0c0-11ec-95c9-353773ec36e1.jpeg
2022-03-31 12:48:14.474 INFO Train - trainImages: loading image done
2022-03-31 12:48:14.474 INFO Train - trainImages: finding the encoding of image
2022-03-31 12:48:14.651 INFO Train - trainImages: finding encoding of image is done
2022-03-31 12:48:14.651 INFO Train - trainImages: loading image
2022-03-31 12:48:14.655 DEBUG Train - trainImages: /home/vikasjoshis001/Desktop/Gestures/images_to_train/cdvbxd-2022-03-31 12:29:01.669747/cdvbxd.0c763944-b0c0-11ec-95c9-353773ec36e1.jpeg
2022-03-31 12:48:14.655 INFO Train - trainImages: loading image done
2022-03-31 12:48:14.655 INFO Train - trainImages: finding the encoding of image
2022-03-31 12:48:14.831 INFO Train - trainImages: finding encoding of image is done
2022-03-31 12:48:14.832 INFO Train - trainImages: getting average of encodings of loaded images
2022-03-31 12:48:14.832 INFO Train - trainImages: done with getting average encodings
2022-03-31 12:48:14.832 INFO Train - trainImages: storing the name and encoding in local dictionary
2022-03-31 12:48:14.832 INFO Train - trainImages: stored name and encodes in local dictionary
2022-03-31 12:48:14.832 INFO Train - trainImages: storing the name and encodings in mongodb
2022-03-31 12:48:14.833 INFO Train - trainImages: stored all name and encodes in mongodb
2022-03-31 12:48:14.833 INFO Train - trainImages: started loading images and finding their encodings
2022-03-31 12:48:14.833 INFO Train - trainImages: loading image
2022-03-31 12:48:14.833 DEBUG Train - trainImages: /home/vikasjoshis001/Desktop/Gestures/images_to_train/king in the north/index.jpeg
2022-03-31 12:48:14.833 INFO Train - trainImages: loading image done
2022-03-31 12:48:14.833 INFO Train - trainImages: finding the encoding of image
2022-03-31 12:48:14.899 INFO Train - trainImages: finding encoding of image is done
2022-03-31 12:48:14.899 INFO Train - trainImages: loading image
2022-03-31 12:48:14.900 DEBUG Train - trainImages: /home/vikasjoshis001/Desktop/Gestures/images_to_train/king in the north/index3.jpeg
2022-03-31 12:48:14.900 INFO Train - trainImages: loading image done
2022-03-31 12:48:14.900 INFO Train - trainImages: finding the encoding of image
2022-03-31 12:48:14.968 INFO Train - trainImages: finding encoding of image is done
2022-03-31 12:48:14.968 INFO Train - trainImages: loading image
2022-03-31 12:48:14.968 DEBUG Train - trainImages: /home/vikasjoshis001/Desktop/Gestures/images_to_train/king in the north/index5.jpeg
2022-03-31 12:48:14.969 INFO Train - trainImages: loading image done
2022-03-31 12:48:14.969 INFO Train - trainImages: finding the encoding of image
2022-03-31 12:48:15.034 INFO Train - trainImages: finding encoding of image is done
2022-03-31 12:48:15.034 INFO Train - trainImages: loading image
2022-03-31 12:48:15.035 DEBUG Train - trainImages: /home/vikasjoshis001/Desktop/Gestures/images_to_train/king in the north/index2.jpeg
2022-03-31 12:48:15.035 INFO Train - trainImages: loading image done
2022-03-31 12:48:15.035 INFO Train - trainImages: finding the encoding of image
2022-03-31 12:48:15.100 INFO Train - trainImages: finding encoding of image is done
2022-03-31 12:48:15.100 INFO Train - trainImages: loading image
2022-03-31 12:48:15.100 DEBUG Train - trainImages: /home/vikasjoshis001/Desktop/Gestures/images_to_train/king in the north/index4.jpeg
2022-03-31 12:48:15.100 INFO Train - trainImages: loading image done
2022-03-31 12:48:15.100 INFO Train - trainImages: finding the encoding of image
2022-03-31 12:48:15.167 INFO Train - trainImages: finding encoding of image is done
2022-03-31 12:48:15.167 INFO Train - trainImages: getting average of encodings of loaded images
2022-03-31 12:48:15.167 INFO Train - trainImages: done with getting average encodings
2022-03-31 12:48:15.168 INFO Train - trainImages: storing the name and encoding in local dictionary
2022-03-31 12:48:15.168 INFO Train - trainImages: stored name and encodes in local dictionary
2022-03-31 12:48:15.168 INFO Train - trainImages: storing the name and encodings in mongodb
2022-03-31 12:48:15.168 INFO Train - trainImages: stored all name and encodes in mongodb
2022-03-31 12:48:15.168 INFO Train - trainImages: started loading images and finding their encodings
2022-03-31 12:48:15.168 INFO Train - trainImages: loading image
2022-03-31 12:48:15.172 DEBUG Train - trainImages: /home/vikasjoshis001/Desktop/Gestures/images_to_train/vhm-2022-03-31 12:22:16.839677/vhm.1a7afe73-b0bf-11ec-95c9-353773ec36e1.jpeg
2022-03-31 12:48:15.172 INFO Train - trainImages: loading image done
2022-03-31 12:48:15.172 INFO Train - trainImages: finding the encoding of image
2022-03-31 12:48:15.345 INFO Train - trainImages: finding encoding of image is done
2022-03-31 12:48:15.345 INFO Train - trainImages: loading image
2022-03-31 12:48:15.349 DEBUG Train - trainImages: /home/vikasjoshis001/Desktop/Gestures/images_to_train/vhm-2022-03-31 12:22:16.839677/vhm.1a7afe72-b0bf-11ec-95c9-353773ec36e1.jpeg
2022-03-31 12:48:15.349 INFO Train - trainImages: loading image done
2022-03-31 12:48:15.349 INFO Train - trainImages: finding the encoding of image
2022-03-31 12:48:15.523 INFO Train - trainImages: finding encoding of image is done
2022-03-31 12:48:15.523 INFO Train - trainImages: loading image
2022-03-31 12:48:15.527 DEBUG Train - trainImages: /home/vikasjoshis001/Desktop/Gestures/images_to_train/vhm-2022-03-31 12:22:16.839677/vhm.1a7afe75-b0bf-11ec-95c9-353773ec36e1.jpeg
2022-03-31 12:48:15.527 INFO Train - trainImages: loading image done
2022-03-31 12:48:15.527 INFO Train - trainImages: finding the encoding of image
2022-03-31 12:48:15.701 INFO Train - trainImages: finding encoding of image is done
2022-03-31 12:48:15.701 INFO Train - trainImages: loading image
2022-03-31 12:48:15.705 DEBUG Train - trainImages: /home/vikasjoshis001/Desktop/Gestures/images_to_train/vhm-2022-03-31 12:22:16.839677/vhm.1a7afe74-b0bf-11ec-95c9-353773ec36e1.jpeg
2022-03-31 12:48:15.705 INFO Train - trainImages: loading image done
2022-03-31 12:48:15.705 INFO Train - trainImages: finding the encoding of image
2022-03-31 12:48:15.878 INFO Train - trainImages: finding encoding of image is done
2022-03-31 12:48:15.878 INFO Train - trainImages: loading image
2022-03-31 12:48:15.881 DEBUG Train - trainImages: /home/vikasjoshis001/Desktop/Gestures/images_to_train/vhm-2022-03-31 12:22:16.839677/vhm.1a7afe76-b0bf-11ec-95c9-353773ec36e1.jpeg
2022-03-31 12:48:15.882 INFO Train - trainImages: loading image done
2022-03-31 12:48:15.882 INFO Train - trainImages: finding the encoding of image
2022-03-31 12:48:16.060 INFO Train - trainImages: finding encoding of image is done
2022-03-31 12:48:16.060 INFO Train - trainImages: getting average of encodings of loaded images
2022-03-31 12:48:16.060 INFO Train - trainImages: done with getting average encodings
2022-03-31 12:48:16.060 INFO Train - trainImages: storing the name and encoding in local dictionary
2022-03-31 12:48:16.060 INFO Train - trainImages: stored name and encodes in local dictionary
2022-03-31 12:48:16.060 INFO Train - trainImages: storing the name and encodings in mongodb
2022-03-31 12:48:16.061 INFO Train - trainImages: stored all name and encodes in mongodb
2022-03-31 12:48:16.061 INFO Train - trainImages: started loading images and finding their encodings
2022-03-31 12:48:16.061 INFO Train - trainImages: loading image
2022-03-31 12:48:16.063 DEBUG Train - trainImages: /home/vikasjoshis001/Desktop/Gestures/images_to_train/fdf-2022-03-31 12:47:24.940166/fdf.9eae153d-b0c2-11ec-95c9-353773ec36e1.jpeg
2022-03-31 12:48:16.063 INFO Train - trainImages: loading image done
2022-03-31 12:48:16.063 INFO Train - trainImages: finding the encoding of image
2022-03-31 12:48:16.237 INFO Train - trainImages: finding encoding of image is done
2022-03-31 12:48:16.237 INFO Train - trainImages: loading image
2022-03-31 12:48:16.240 DEBUG Train - trainImages: /home/vikasjoshis001/Desktop/Gestures/images_to_train/fdf-2022-03-31 12:47:24.940166/fdf.9fe743ec-b0c2-11ec-95c9-353773ec36e1.jpeg
2022-03-31 12:48:16.240 INFO Train - trainImages: loading image done
2022-03-31 12:48:16.240 INFO Train - trainImages: finding the encoding of image
2022-03-31 12:48:16.416 INFO Train - trainImages: finding encoding of image is done
2022-03-31 12:48:16.416 INFO Train - trainImages: loading image
2022-03-31 12:48:16.418 DEBUG Train - trainImages: /home/vikasjoshis001/Desktop/Gestures/images_to_train/fdf-2022-03-31 12:47:24.940166/fdf.9d60e8ee-b0c2-11ec-95c9-353773ec36e1.jpeg
2022-03-31 12:48:16.419 INFO Train - trainImages: loading image done
2022-03-31 12:48:16.419 INFO Train - trainImages: finding the encoding of image
2022-03-31 12:48:16.595 INFO Train - trainImages: finding encoding of image is done
2022-03-31 12:48:16.595 INFO Train - trainImages: loading image
2022-03-31 12:48:16.597 DEBUG Train - trainImages: /home/vikasjoshis001/Desktop/Gestures/images_to_train/fdf-2022-03-31 12:47:24.940166/fdf.9d60e8ef-b0c2-11ec-95c9-353773ec36e1.jpeg
2022-03-31 12:48:16.597 INFO Train - trainImages: loading image done
2022-03-31 12:48:16.597 INFO Train - trainImages: finding the encoding of image
2022-03-31 12:48:16.771 INFO Train - trainImages: finding encoding of image is done
2022-03-31 12:48:16.771 INFO Train - trainImages: loading image
2022-03-31 12:48:16.774 DEBUG Train - trainImages: /home/vikasjoshis001/Desktop/Gestures/images_to_train/fdf-2022-03-31 12:47:24.940166/fdf.9eae153c-b0c2-11ec-95c9-353773ec36e1.jpeg
2022-03-31 12:48:16.774 INFO Train - trainImages: loading image done
2022-03-31 12:48:16.774 INFO Train - trainImages: finding the encoding of image
2022-03-31 12:48:16.949 INFO Train - trainImages: finding encoding of image is done
2022-03-31 12:48:16.949 INFO Train - trainImages: getting average of encodings of loaded images
2022-03-31 12:48:16.949 INFO Train - trainImages: done with getting average encodings
2022-03-31 12:48:16.949 INFO Train - trainImages: storing the name and encoding in local dictionary
2022-03-31 12:48:16.949 INFO Train - trainImages: stored name and encodes in local dictionary
2022-03-31 12:48:16.949 INFO Train - trainImages: storing the name and encodings in mongodb
2022-03-31 12:48:16.950 INFO Train - trainImages: stored all name and encodes in mongodb
2022-03-31 12:48:16.950 INFO Train - trainImages: started loading images and finding their encodings
2022-03-31 12:48:16.950 INFO Train - trainImages: loading image
2022-03-31 12:48:16.953 DEBUG Train - trainImages: /home/vikasjoshis001/Desktop/Gestures/images_to_train/Chai-2022-03-31 12:20:10.218479/Chai.cf03ab39-b0be-11ec-95c9-353773ec36e1.jpeg
2022-03-31 12:48:16.953 INFO Train - trainImages: loading image done
2022-03-31 12:48:16.953 INFO Train - trainImages: finding the encoding of image
2022-03-31 12:48:17.127 INFO Train - trainImages: finding encoding of image is done
2022-03-31 12:48:17.128 INFO Train - trainImages: loading image
2022-03-31 12:48:17.131 DEBUG Train - trainImages: /home/vikasjoshis001/Desktop/Gestures/images_to_train/Chai-2022-03-31 12:20:10.218479/Chai.cf03ab3b-b0be-11ec-95c9-353773ec36e1.jpeg
2022-03-31 12:48:17.131 INFO Train - trainImages: loading image done
2022-03-31 12:48:17.131 INFO Train - trainImages: finding the encoding of image
2022-03-31 12:48:17.306 INFO Train - trainImages: finding encoding of image is done
2022-03-31 12:48:17.306 INFO Train - trainImages: loading image
2022-03-31 12:48:17.309 DEBUG Train - trainImages: /home/vikasjoshis001/Desktop/Gestures/images_to_train/Chai-2022-03-31 12:20:10.218479/Chai.cf03ab38-b0be-11ec-95c9-353773ec36e1.jpeg
2022-03-31 12:48:17.310 INFO Train - trainImages: loading image done
2022-03-31 12:48:17.310 INFO Train - trainImages: finding the encoding of image
2022-03-31 12:48:17.486 INFO Train - trainImages: finding encoding of image is done
2022-03-31 12:48:17.487 INFO Train - trainImages: loading image
2022-03-31 12:48:17.490 DEBUG Train - trainImages: /home/vikasjoshis001/Desktop/Gestures/images_to_train/Chai-2022-03-31 12:20:10.218479/Chai.cf03ab3c-b0be-11ec-95c9-353773ec36e1.jpeg
2022-03-31 12:48:17.490 INFO Train - trainImages: loading image done
2022-03-31 12:48:17.490 INFO Train - trainImages: finding the encoding of image
2022-03-31 12:48:17.665 INFO Train - trainImages: finding encoding of image is done
2022-03-31 12:48:17.665 INFO Train - trainImages: loading image
2022-03-31 12:48:17.668 DEBUG Train - trainImages: /home/vikasjoshis001/Desktop/Gestures/images_to_train/Chai-2022-03-31 12:20:10.218479/Chai.cf03ab3a-b0be-11ec-95c9-353773ec36e1.jpeg
2022-03-31 12:48:17.668 INFO Train - trainImages: loading image done
2022-03-31 12:48:17.668 INFO Train - trainImages: finding the encoding of image
2022-03-31 12:48:17.842 INFO Train - trainImages: finding encoding of image is done
2022-03-31 12:48:17.842 INFO Train - trainImages: getting average of encodings of loaded images
2022-03-31 12:48:17.843 INFO Train - trainImages: done with getting average encodings
2022-03-31 12:48:17.843 INFO Train - trainImages: storing the name and encoding in local dictionary
2022-03-31 12:48:17.843 INFO Train - trainImages: stored name and encodes in local dictionary
2022-03-31 12:48:17.843 INFO Train - trainImages: storing the name and encodings in mongodb
2022-03-31 12:48:17.843 INFO Train - trainImages: stored all name and encodes in mongodb
2022-03-31 12:48:17.843 INFO Train - trainImages: started loading images and finding their encodings
2022-03-31 12:48:17.844 INFO Train - trainImages: loading image
2022-03-31 12:48:17.844 DEBUG Train - trainImages: /home/vikasjoshis001/Desktop/Gestures/images_to_train/arya stark/index.jpeg
2022-03-31 12:48:17.844 INFO Train - trainImages: loading image done
2022-03-31 12:48:17.844 INFO Train - trainImages: finding the encoding of image
2022-03-31 12:48:17.911 INFO Train - trainImages: finding encoding of image is done
2022-03-31 12:48:17.911 INFO Train - trainImages: loading image
2022-03-31 12:48:17.912 DEBUG Train - trainImages: /home/vikasjoshis001/Desktop/Gestures/images_to_train/arya stark/index3.jpeg
2022-03-31 12:48:17.912 INFO Train - trainImages: loading image done
2022-03-31 12:48:17.912 INFO Train - trainImages: finding the encoding of image
2022-03-31 12:48:17.977 INFO Train - trainImages: finding encoding of image is done
2022-03-31 12:48:17.977 INFO Train - trainImages: loading image
2022-03-31 12:48:17.977 DEBUG Train - trainImages: /home/vikasjoshis001/Desktop/Gestures/images_to_train/arya stark/index5.jpeg
2022-03-31 12:48:17.977 INFO Train - trainImages: loading image done
2022-03-31 12:48:17.977 INFO Train - trainImages: finding the encoding of image
2022-03-31 12:48:18.046 INFO Train - trainImages: finding encoding of image is done
2022-03-31 12:48:18.046 INFO Train - trainImages: loading image
2022-03-31 12:48:18.047 DEBUG Train - trainImages: /home/vikasjoshis001/Desktop/Gestures/images_to_train/arya stark/index2.jpeg
2022-03-31 12:48:18.047 INFO Train - trainImages: loading image done
2022-03-31 12:48:18.047 INFO Train - trainImages: finding the encoding of image
2022-03-31 12:48:18.112 INFO Train - trainImages: finding encoding of image is done
2022-03-31 12:48:18.112 INFO Train - trainImages: loading image
2022-03-31 12:48:18.113 DEBUG Train - trainImages: /home/vikasjoshis001/Desktop/Gestures/images_to_train/arya stark/images4.jpeg
2022-03-31 12:48:18.113 INFO Train - trainImages: loading image done
2022-03-31 12:48:18.113 INFO Train - trainImages: finding the encoding of image
2022-03-31 12:48:18.177 INFO Train - trainImages: finding encoding of image is done
2022-03-31 12:48:18.178 INFO Train - trainImages: getting average of encodings of loaded images
2022-03-31 12:48:18.178 INFO Train - trainImages: done with getting average encodings
2022-03-31 12:48:18.178 INFO Train - trainImages: storing the name and encoding in local dictionary
2022-03-31 12:48:18.178 INFO Train - trainImages: stored name and encodes in local dictionary
2022-03-31 12:48:18.178 INFO Train - trainImages: storing the name and encodings in mongodb
2022-03-31 12:48:18.179 INFO Train - trainImages: stored all name and encodes in mongodb
2022-03-31 12:48:18.179 INFO Train - trainImages: started loading images and finding their encodings
2022-03-31 12:48:18.179 INFO Train - trainImages: loading image
2022-03-31 12:48:18.182 DEBUG Train - trainImages: /home/vikasjoshis001/Desktop/Gestures/images_to_train/gh-2022-03-31 12:23:19.211189/gh.3fa9801e-b0bf-11ec-95c9-353773ec36e1.jpeg
2022-03-31 12:48:18.182 INFO Train - trainImages: loading image done
2022-03-31 12:48:18.182 INFO Train - trainImages: finding the encoding of image
2022-03-31 12:48:18.398 INFO Train - trainImages: finding encoding of image is done
2022-03-31 12:48:18.399 INFO Train - trainImages: loading image
2022-03-31 12:48:18.402 DEBUG Train - trainImages: /home/vikasjoshis001/Desktop/Gestures/images_to_train/gh-2022-03-31 12:23:19.211189/gh.3fa9801b-b0bf-11ec-95c9-353773ec36e1.jpeg
2022-03-31 12:48:18.402 INFO Train - trainImages: loading image done
2022-03-31 12:48:18.402 INFO Train - trainImages: finding the encoding of image
2022-03-31 12:48:18.619 INFO Train - trainImages: finding encoding of image is done
2022-03-31 12:48:18.619 INFO Train - trainImages: loading image
2022-03-31 12:48:18.623 DEBUG Train - trainImages: /home/vikasjoshis001/Desktop/Gestures/images_to_train/gh-2022-03-31 12:23:19.211189/gh.3fa9801a-b0bf-11ec-95c9-353773ec36e1.jpeg
2022-03-31 12:48:18.623 INFO Train - trainImages: loading image done
2022-03-31 12:48:18.623 INFO Train - trainImages: finding the encoding of image
2022-03-31 12:48:18.838 INFO Train - trainImages: finding encoding of image is done
2022-03-31 12:48:18.838 INFO Train - trainImages: loading image
2022-03-31 12:48:18.841 DEBUG Train - trainImages: /home/vikasjoshis001/Desktop/Gestures/images_to_train/gh-2022-03-31 12:23:19.211189/gh.3fa9801d-b0bf-11ec-95c9-353773ec36e1.jpeg
2022-03-31 12:48:18.842 INFO Train - trainImages: loading image done
2022-03-31 12:48:18.842 INFO Train - trainImages: finding the encoding of image
2022-03-31 12:48:19.058 INFO Train - trainImages: finding encoding of image is done
2022-03-31 12:48:19.058 INFO Train - trainImages: loading image
2022-03-31 12:48:19.061 DEBUG Train - trainImages: /home/vikasjoshis001/Desktop/Gestures/images_to_train/gh-2022-03-31 12:23:19.211189/gh.3fa9801c-b0bf-11ec-95c9-353773ec36e1.jpeg
2022-03-31 12:48:19.062 INFO Train - trainImages: loading image done
2022-03-31 12:48:19.062 INFO Train - trainImages: finding the encoding of image
2022-03-31 12:48:19.278 INFO Train - trainImages: finding encoding of image is done
2022-03-31 12:48:19.278 INFO Train - trainImages: getting average of encodings of loaded images
2022-03-31 12:48:19.278 INFO Train - trainImages: done with getting average encodings
2022-03-31 12:48:19.278 INFO Train - trainImages: storing the name and encoding in local dictionary
2022-03-31 12:48:19.278 INFO Train - trainImages: stored name and encodes in local dictionary
2022-03-31 12:48:19.278 INFO Train - trainImages: storing the name and encodings in mongodb
2022-03-31 12:48:19.279 INFO Train - trainImages: stored all name and encodes in mongodb
2022-03-31 12:48:19.279 INFO Train - trainImages: started loading images and finding their encodings
2022-03-31 12:48:19.279 INFO Train - trainImages: loading image
2022-03-31 12:48:19.281 DEBUG Train - trainImages: /home/vikasjoshis001/Desktop/Gestures/images_to_train/Sad-2022-03-31 12:16:52.952750/Sad.596d38de-b0be-11ec-95c9-353773ec36e1.jpeg
2022-03-31 12:48:19.281 INFO Train - trainImages: loading image done
2022-03-31 12:48:19.281 INFO Train - trainImages: finding the encoding of image
2022-03-31 12:48:19.457 INFO Train - trainImages: finding encoding of image is done
2022-03-31 12:48:19.457 INFO Train - trainImages: loading image
2022-03-31 12:48:19.459 DEBUG Train - trainImages: /home/vikasjoshis001/Desktop/Gestures/images_to_train/Sad-2022-03-31 12:16:52.952750/Sad.596d38dd-b0be-11ec-95c9-353773ec36e1.jpeg
2022-03-31 12:48:19.460 INFO Train - trainImages: loading image done
2022-03-31 12:48:19.460 INFO Train - trainImages: finding the encoding of image
2022-03-31 12:48:19.635 INFO Train - trainImages: finding encoding of image is done
2022-03-31 12:48:19.636 INFO Train - trainImages: loading image
2022-03-31 12:48:19.638 DEBUG Train - trainImages: /home/vikasjoshis001/Desktop/Gestures/images_to_train/Sad-2022-03-31 12:16:52.952750/Sad.596d38da-b0be-11ec-95c9-353773ec36e1.jpeg
2022-03-31 12:48:19.638 INFO Train - trainImages: loading image done
2022-03-31 12:48:19.638 INFO Train - trainImages: finding the encoding of image
2022-03-31 12:48:19.814 INFO Train - trainImages: finding encoding of image is done
2022-03-31 12:48:19.814 INFO Train - trainImages: loading image
2022-03-31 12:48:19.817 DEBUG Train - trainImages: /home/vikasjoshis001/Desktop/Gestures/images_to_train/Sad-2022-03-31 12:16:52.952750/Sad.596d38db-b0be-11ec-95c9-353773ec36e1.jpeg
2022-03-31 12:48:19.817 INFO Train - trainImages: loading image done
2022-03-31 12:48:19.817 INFO Train - trainImages: finding the encoding of image
2022-03-31 12:48:19.993 INFO Train - trainImages: finding encoding of image is done
2022-03-31 12:48:19.993 INFO Train - trainImages: loading image
2022-03-31 12:48:19.995 DEBUG Train - trainImages: /home/vikasjoshis001/Desktop/Gestures/images_to_train/Sad-2022-03-31 12:16:52.952750/Sad.596d38dc-b0be-11ec-95c9-353773ec36e1.jpeg
2022-03-31 12:48:19.996 INFO Train - trainImages: loading image done
2022-03-31 12:48:19.996 INFO Train - trainImages: finding the encoding of image
2022-03-31 12:48:20.171 INFO Train - trainImages: finding encoding of image is done
2022-03-31 12:48:20.172 INFO Train - trainImages: getting average of encodings of loaded images
2022-03-31 12:48:20.172 INFO Train - trainImages: done with getting average encodings
2022-03-31 12:48:20.172 INFO Train - trainImages: storing the name and encoding in local dictionary
2022-03-31 12:48:20.172 INFO Train - trainImages: stored name and encodes in local dictionary
2022-03-31 12:48:20.172 INFO Train - trainImages: storing the name and encodings in mongodb
2022-03-31 12:48:20.173 INFO Train - trainImages: stored all name and encodes in mongodb
2022-03-31 12:48:20.173 INFO Train - trainImages: started loading images and finding their encodings
2022-03-31 12:48:20.173 INFO Train - trainImages: loading image
2022-03-31 12:48:20.175 DEBUG Train - trainImages: /home/vikasjoshis001/Desktop/Gestures/images_to_train/Vikas-2022-03-12 15:33:49.979215/Vikas.b761c802-a1eb-11ec-a348-e960390a4373.jpeg
2022-03-31 12:48:20.175 INFO Train - trainImages: loading image done
2022-03-31 12:48:20.175 INFO Train - trainImages: finding the encoding of image
2022-03-31 12:48:20.351 INFO Train - trainImages: finding encoding of image is done
2022-03-31 12:48:20.351 INFO Train - trainImages: loading image
2022-03-31 12:48:20.353 DEBUG Train - trainImages: /home/vikasjoshis001/Desktop/Gestures/images_to_train/Vikas-2022-03-12 15:33:49.979215/Vikas.b9e21fbe-a1eb-11ec-a348-e960390a4373.jpeg
2022-03-31 12:48:20.353 INFO Train - trainImages: loading image done
2022-03-31 12:48:20.353 INFO Train - trainImages: finding the encoding of image
2022-03-31 12:48:20.538 INFO Train - trainImages: finding encoding of image is done
2022-03-31 12:48:20.538 INFO Train - trainImages: loading image
2022-03-31 12:48:20.540 DEBUG Train - trainImages: /home/vikasjoshis001/Desktop/Gestures/images_to_train/Vikas-2022-03-12 15:33:49.979215/Vikas.b761c803-a1eb-11ec-a348-e960390a4373.jpeg
2022-03-31 12:48:20.540 INFO Train - trainImages: loading image done
2022-03-31 12:48:20.540 INFO Train - trainImages: finding the encoding of image
2022-03-31 12:48:20.716 INFO Train - trainImages: finding encoding of image is done
2022-03-31 12:48:20.716 INFO Train - trainImages: loading image
2022-03-31 12:48:20.718 DEBUG Train - trainImages: /home/vikasjoshis001/Desktop/Gestures/images_to_train/Vikas-2022-03-12 15:33:49.979215/Vikas.b8aa7a74-a1eb-11ec-a348-e960390a4373.jpeg
2022-03-31 12:48:20.719 INFO Train - trainImages: loading image done
2022-03-31 12:48:20.719 INFO Train - trainImages: finding the encoding of image
2022-03-31 12:48:20.894 INFO Train - trainImages: finding encoding of image is done
2022-03-31 12:48:20.894 INFO Train - trainImages: loading image
2022-03-31 12:48:20.897 DEBUG Train - trainImages: /home/vikasjoshis001/Desktop/Gestures/images_to_train/Vikas-2022-03-12 15:33:49.979215/Vikas.b8aa7a75-a1eb-11ec-a348-e960390a4373.jpeg
2022-03-31 12:48:20.897 INFO Train - trainImages: loading image done
2022-03-31 12:48:20.897 INFO Train - trainImages: finding the encoding of image
2022-03-31 12:48:21.074 INFO Train - trainImages: finding encoding of image is done
2022-03-31 12:48:21.074 INFO Train - trainImages: getting average of encodings of loaded images
2022-03-31 12:48:21.075 INFO Train - trainImages: done with getting average encodings
2022-03-31 12:48:21.075 INFO Train - trainImages: storing the name and encoding in local dictionary
2022-03-31 12:48:21.075 INFO Train - trainImages: stored name and encodes in local dictionary
2022-03-31 12:48:21.075 INFO Train - trainImages: storing the name and encodings in mongodb
2022-03-31 12:48:21.075 INFO Train - trainImages: stored all name and encodes in mongodb
2022-03-31 12:48:21.075 INFO Train - trainImages: started loading images and finding their encodings
2022-03-31 12:48:21.075 INFO Train - trainImages: loading image
2022-03-31 12:48:21.078 DEBUG Train - trainImages: /home/vikasjoshis001/Desktop/Gestures/images_to_train/csdzcz-2022-03-31 12:31:31.420705/csdzcz.6792ab96-b0c0-11ec-95c9-353773ec36e1.jpeg
2022-03-31 12:48:21.078 INFO Train - trainImages: loading image done
2022-03-31 12:48:21.078 INFO Train - trainImages: finding the encoding of image
2022-03-31 12:48:21.254 INFO Train - trainImages: finding encoding of image is done
2022-03-31 12:48:21.254 INFO Train - trainImages: loading image
2022-03-31 12:48:21.256 DEBUG Train - trainImages: /home/vikasjoshis001/Desktop/Gestures/images_to_train/csdzcz-2022-03-31 12:31:31.420705/csdzcz.66593e70-b0c0-11ec-95c9-353773ec36e1.jpeg
2022-03-31 12:48:21.256 INFO Train - trainImages: loading image done
2022-03-31 12:48:21.257 INFO Train - trainImages: finding the encoding of image
2022-03-31 12:48:21.432 INFO Train - trainImages: finding encoding of image is done
2022-03-31 12:48:21.432 INFO Train - trainImages: loading image
2022-03-31 12:48:21.434 DEBUG Train - trainImages: /home/vikasjoshis001/Desktop/Gestures/images_to_train/csdzcz-2022-03-31 12:31:31.420705/csdzcz.65091bb2-b0c0-11ec-95c9-353773ec36e1.jpeg
2022-03-31 12:48:21.434 INFO Train - trainImages: loading image done
2022-03-31 12:48:21.434 INFO Train - trainImages: finding the encoding of image
2022-03-31 12:48:21.610 INFO Train - trainImages: finding encoding of image is done
2022-03-31 12:48:21.610 INFO Train - trainImages: loading image
2022-03-31 12:48:21.613 DEBUG Train - trainImages: /home/vikasjoshis001/Desktop/Gestures/images_to_train/csdzcz-2022-03-31 12:31:31.420705/csdzcz.65091bb3-b0c0-11ec-95c9-353773ec36e1.jpeg
2022-03-31 12:48:21.613 INFO Train - trainImages: loading image done
2022-03-31 12:48:21.613 INFO Train - trainImages: finding the encoding of image
2022-03-31 12:48:21.789 INFO Train - trainImages: finding encoding of image is done
2022-03-31 12:48:21.789 INFO Train - trainImages: loading image
2022-03-31 12:48:21.791 DEBUG Train - trainImages: /home/vikasjoshis001/Desktop/Gestures/images_to_train/csdzcz-2022-03-31 12:31:31.420705/csdzcz.66593e71-b0c0-11ec-95c9-353773ec36e1.jpeg
2022-03-31 12:48:21.792 INFO Train - trainImages: loading image done
2022-03-31 12:48:21.792 INFO Train - trainImages: finding the encoding of image
2022-03-31 12:48:21.967 INFO Train - trainImages: finding encoding of image is done
2022-03-31 12:48:21.967 INFO Train - trainImages: getting average of encodings of loaded images
2022-03-31 12:48:21.967 INFO Train - trainImages: done with getting average encodings
2022-03-31 12:48:21.967 INFO Train - trainImages: storing the name and encoding in local dictionary
2022-03-31 12:48:21.967 INFO Train - trainImages: stored name and encodes in local dictionary
2022-03-31 12:48:21.967 INFO Train - trainImages: storing the name and encodings in mongodb
2022-03-31 12:48:21.968 INFO Train - trainImages: stored all name and encodes in mongodb
