2022-04-03 12:37:59.955 INFO Train - trainImages: MongoDB database connected successfully
2022-04-03 12:37:59.959 INFO Train - trainImages: collected all folders in known_people folder
2022-04-03 12:37:59.959 DEBUG Train - trainImages: ['tyrion lannister', 'Vikas Joshi-2022-04-03 12:37:48.415988', 'denerys targeryan', 'cersie lannister', 'king in the north', 'arya stark']
2022-04-03 12:37:59.966 INFO Train - trainImages: collected all images from all folders in known_people folder
2022-04-03 12:37:59.966 DEBUG Train - trainImages: [['/home/vikasjoshis001/Desktop/Gestures/images_to_train/tyrion lannister/images5.jpeg', '/home/vikasjoshis001/Desktop/Gestures/images_to_train/tyrion lannister/index3.jpeg', '/home/vikasjoshis001/Desktop/Gestures/images_to_train/tyrion lannister/index1.jpeg', '/home/vikasjoshis001/Desktop/Gestures/images_to_train/tyrion lannister/index2.jpeg', '/home/vikasjoshis001/Desktop/Gestures/images_to_train/tyrion lannister/index4.jpeg'], ['/home/vikasjoshis001/Desktop/Gestures/images_to_train/Vikas Joshi-2022-04-03 12:37:48.415988/Vikas Joshi.c4fbffc3-b31c-11ec-ad35-81ee5352b8cb.jpeg', '/home/vikasjoshis001/Desktop/Gestures/images_to_train/Vikas Joshi-2022-04-03 12:37:48.415988/Vikas Joshi.c641740c-b31c-11ec-ad35-81ee5352b8cb.jpeg', '/home/vikasjoshis001/Desktop/Gestures/images_to_train/Vikas Joshi-2022-04-03 12:37:48.415988/Vikas Joshi.c641740d-b31c-11ec-ad35-81ee5352b8cb.jpeg', '/home/vikasjoshis001/Desktop/Gestures/images_to_train/Vikas Joshi-2022-04-03 12:37:48.415988/Vikas Joshi.c7765694-b31c-11ec-ad35-81ee5352b8cb.jpeg', '/home/vikasjoshis001/Desktop/Gestures/images_to_train/Vikas Joshi-2022-04-03 12:37:48.415988/Vikas Joshi.c4fbffc2-b31c-11ec-ad35-81ee5352b8cb.jpeg'], ['/home/vikasjoshis001/Desktop/Gestures/images_to_train/denerys targeryan/index3.jpeg', '/home/vikasjoshis001/Desktop/Gestures/images_to_train/denerys targeryan/index5.jpeg', '/home/vikasjoshis001/Desktop/Gestures/images_to_train/denerys targeryan/index1.jpeg', '/home/vikasjoshis001/Desktop/Gestures/images_to_train/denerys targeryan/index2.jpeg', '/home/vikasjoshis001/Desktop/Gestures/images_to_train/denerys targeryan/index4.jpeg'], ['/home/vikasjoshis001/Desktop/Gestures/images_to_train/cersie lannister/index3.jpeg', '/home/vikasjoshis001/Desktop/Gestures/images_to_train/cersie lannister/index5.jpeg', '/home/vikasjoshis001/Desktop/Gestures/images_to_train/cersie lannister/index2.jpeg', '/home/vikasjoshis001/Desktop/Gestures/images_to_train/cersie lannister/index4.jpeg'], ['/home/vikasjoshis001/Desktop/Gestures/images_to_train/king in the north/index.jpeg', '/home/vikasjoshis001/Desktop/Gestures/images_to_train/king in the north/index3.jpeg', '/home/vikasjoshis001/Desktop/Gestures/images_to_train/king in the north/index5.jpeg', '/home/vikasjoshis001/Desktop/Gestures/images_to_train/king in the north/index2.jpeg', '/home/vikasjoshis001/Desktop/Gestures/images_to_train/king in the north/index4.jpeg'], ['/home/vikasjoshis001/Desktop/Gestures/images_to_train/arya stark/index.jpeg', '/home/vikasjoshis001/Desktop/Gestures/images_to_train/arya stark/index3.jpeg', '/home/vikasjoshis001/Desktop/Gestures/images_to_train/arya stark/index5.jpeg', '/home/vikasjoshis001/Desktop/Gestures/images_to_train/arya stark/index2.jpeg', '/home/vikasjoshis001/Desktop/Gestures/images_to_train/arya stark/images4.jpeg']]
2022-04-03 12:37:59.966 INFO Train - trainImages: started loading images and finding their encodings
2022-04-03 12:37:59.966 INFO Train - trainImages: loading image
2022-04-03 12:37:59.971 DEBUG Train - trainImages: /home/vikasjoshis001/Desktop/Gestures/images_to_train/tyrion lannister/images5.jpeg
2022-04-03 12:37:59.971 INFO Train - trainImages: loading image done
2022-04-03 12:37:59.972 INFO Train - trainImages: finding the encoding of image
2022-04-03 12:38:00.056 INFO Train - trainImages: finding encoding of image is done
2022-04-03 12:38:00.056 INFO Train - trainImages: loading image
2022-04-03 12:38:00.057 DEBUG Train - trainImages: /home/vikasjoshis001/Desktop/Gestures/images_to_train/tyrion lannister/index3.jpeg
2022-04-03 12:38:00.057 INFO Train - trainImages: loading image done
2022-04-03 12:38:00.057 INFO Train - trainImages: finding the encoding of image
2022-04-03 12:38:00.131 INFO Train - trainImages: finding encoding of image is done
2022-04-03 12:38:00.131 INFO Train - trainImages: loading image
2022-04-03 12:38:00.132 DEBUG Train - trainImages: /home/vikasjoshis001/Desktop/Gestures/images_to_train/tyrion lannister/index1.jpeg
2022-04-03 12:38:00.132 INFO Train - trainImages: loading image done
2022-04-03 12:38:00.132 INFO Train - trainImages: finding the encoding of image
2022-04-03 12:38:00.202 INFO Train - trainImages: finding encoding of image is done
2022-04-03 12:38:00.202 INFO Train - trainImages: loading image
2022-04-03 12:38:00.202 DEBUG Train - trainImages: /home/vikasjoshis001/Desktop/Gestures/images_to_train/tyrion lannister/index2.jpeg
2022-04-03 12:38:00.202 INFO Train - trainImages: loading image done
2022-04-03 12:38:00.202 INFO Train - trainImages: finding the encoding of image
2022-04-03 12:38:00.274 INFO Train - trainImages: finding encoding of image is done
2022-04-03 12:38:00.274 INFO Train - trainImages: loading image
2022-04-03 12:38:00.274 DEBUG Train - trainImages: /home/vikasjoshis001/Desktop/Gestures/images_to_train/tyrion lannister/index4.jpeg
2022-04-03 12:38:00.274 INFO Train - trainImages: loading image done
2022-04-03 12:38:00.274 INFO Train - trainImages: finding the encoding of image
2022-04-03 12:38:00.345 INFO Train - trainImages: finding encoding of image is done
2022-04-03 12:38:00.345 INFO Train - trainImages: getting average of encodings of loaded images
2022-04-03 12:38:00.345 INFO Train - trainImages: done with getting average encodings
2022-04-03 12:38:00.345 INFO Train - trainImages: storing the name and encoding in local dictionary
2022-04-03 12:38:00.345 INFO Train - trainImages: stored name and encodes in local dictionary
2022-04-03 12:38:00.345 INFO Train - trainImages: storing the name and encodings in mongodb
2022-04-03 12:38:00.346 INFO Train - trainImages: stored all name and encodes in mongodb
2022-04-03 12:38:00.347 INFO Train - trainImages: started loading images and finding their encodings
2022-04-03 12:38:00.347 INFO Train - trainImages: loading image
2022-04-03 12:38:00.348 DEBUG Train - trainImages: /home/vikasjoshis001/Desktop/Gestures/images_to_train/Vikas Joshi-2022-04-03 12:37:48.415988/Vikas Joshi.c4fbffc3-b31c-11ec-ad35-81ee5352b8cb.jpeg
2022-04-03 12:38:00.348 INFO Train - trainImages: loading image done
2022-04-03 12:38:00.348 INFO Train - trainImages: finding the encoding of image
2022-04-03 12:38:00.430 INFO Train - trainImages: finding encoding of image is done
2022-04-03 12:38:00.430 INFO Train - trainImages: loading image
2022-04-03 12:38:00.431 DEBUG Train - trainImages: /home/vikasjoshis001/Desktop/Gestures/images_to_train/Vikas Joshi-2022-04-03 12:37:48.415988/Vikas Joshi.c641740c-b31c-11ec-ad35-81ee5352b8cb.jpeg
2022-04-03 12:38:00.431 INFO Train - trainImages: loading image done
2022-04-03 12:38:00.431 INFO Train - trainImages: finding the encoding of image
2022-04-03 12:38:00.513 INFO Train - trainImages: finding encoding of image is done
2022-04-03 12:38:00.514 INFO Train - trainImages: loading image
2022-04-03 12:38:00.515 DEBUG Train - trainImages: /home/vikasjoshis001/Desktop/Gestures/images_to_train/Vikas Joshi-2022-04-03 12:37:48.415988/Vikas Joshi.c641740d-b31c-11ec-ad35-81ee5352b8cb.jpeg
2022-04-03 12:38:00.515 INFO Train - trainImages: loading image done
2022-04-03 12:38:00.515 INFO Train - trainImages: finding the encoding of image
2022-04-03 12:38:00.598 INFO Train - trainImages: finding encoding of image is done
2022-04-03 12:38:00.598 INFO Train - trainImages: loading image
2022-04-03 12:38:00.599 DEBUG Train - trainImages: /home/vikasjoshis001/Desktop/Gestures/images_to_train/Vikas Joshi-2022-04-03 12:37:48.415988/Vikas Joshi.c7765694-b31c-11ec-ad35-81ee5352b8cb.jpeg
2022-04-03 12:38:00.599 INFO Train - trainImages: loading image done
2022-04-03 12:38:00.599 INFO Train - trainImages: finding the encoding of image
2022-04-03 12:38:00.682 INFO Train - trainImages: finding encoding of image is done
2022-04-03 12:38:00.682 INFO Train - trainImages: loading image
2022-04-03 12:38:00.683 DEBUG Train - trainImages: /home/vikasjoshis001/Desktop/Gestures/images_to_train/Vikas Joshi-2022-04-03 12:37:48.415988/Vikas Joshi.c4fbffc2-b31c-11ec-ad35-81ee5352b8cb.jpeg
2022-04-03 12:38:00.683 INFO Train - trainImages: loading image done
2022-04-03 12:38:00.683 INFO Train - trainImages: finding the encoding of image
2022-04-03 12:38:00.766 INFO Train - trainImages: finding encoding of image is done
2022-04-03 12:38:00.766 INFO Train - trainImages: getting average of encodings of loaded images
2022-04-03 12:38:00.767 INFO Train - trainImages: done with getting average encodings
2022-04-03 12:38:00.767 INFO Train - trainImages: storing the name and encoding in local dictionary
2022-04-03 12:38:00.767 INFO Train - trainImages: stored name and encodes in local dictionary
2022-04-03 12:38:00.767 INFO Train - trainImages: storing the name and encodings in mongodb
2022-04-03 12:38:00.767 INFO Train - trainImages: stored all name and encodes in mongodb
2022-04-03 12:38:00.767 INFO Train - trainImages: started loading images and finding their encodings
2022-04-03 12:38:00.767 INFO Train - trainImages: loading image
2022-04-03 12:38:00.768 DEBUG Train - trainImages: /home/vikasjoshis001/Desktop/Gestures/images_to_train/denerys targeryan/index3.jpeg
2022-04-03 12:38:00.768 INFO Train - trainImages: loading image done
2022-04-03 12:38:00.768 INFO Train - trainImages: finding the encoding of image
2022-04-03 12:38:00.839 INFO Train - trainImages: finding encoding of image is done
2022-04-03 12:38:00.839 INFO Train - trainImages: loading image
2022-04-03 12:38:00.840 DEBUG Train - trainImages: /home/vikasjoshis001/Desktop/Gestures/images_to_train/denerys targeryan/index5.jpeg
2022-04-03 12:38:00.840 INFO Train - trainImages: loading image done
2022-04-03 12:38:00.840 INFO Train - trainImages: finding the encoding of image
2022-04-03 12:38:00.912 INFO Train - trainImages: finding encoding of image is done
2022-04-03 12:38:00.912 INFO Train - trainImages: loading image
2022-04-03 12:38:00.913 DEBUG Train - trainImages: /home/vikasjoshis001/Desktop/Gestures/images_to_train/denerys targeryan/index1.jpeg
2022-04-03 12:38:00.913 INFO Train - trainImages: loading image done
2022-04-03 12:38:00.913 INFO Train - trainImages: finding the encoding of image
2022-04-03 12:38:00.990 INFO Train - trainImages: finding encoding of image is done
2022-04-03 12:38:00.990 INFO Train - trainImages: loading image
2022-04-03 12:38:00.990 DEBUG Train - trainImages: /home/vikasjoshis001/Desktop/Gestures/images_to_train/denerys targeryan/index2.jpeg
2022-04-03 12:38:00.991 INFO Train - trainImages: loading image done
2022-04-03 12:38:00.991 INFO Train - trainImages: finding the encoding of image
2022-04-03 12:38:01.065 INFO Train - trainImages: finding encoding of image is done
2022-04-03 12:38:01.065 INFO Train - trainImages: loading image
2022-04-03 12:38:01.066 DEBUG Train - trainImages: /home/vikasjoshis001/Desktop/Gestures/images_to_train/denerys targeryan/index4.jpeg
2022-04-03 12:38:01.066 INFO Train - trainImages: loading image done
2022-04-03 12:38:01.066 INFO Train - trainImages: finding the encoding of image
2022-04-03 12:38:01.134 INFO Train - trainImages: finding encoding of image is done
2022-04-03 12:38:01.135 INFO Train - trainImages: getting average of encodings of loaded images
2022-04-03 12:38:01.135 INFO Train - trainImages: done with getting average encodings
2022-04-03 12:38:01.135 INFO Train - trainImages: storing the name and encoding in local dictionary
2022-04-03 12:38:01.135 INFO Train - trainImages: stored name and encodes in local dictionary
2022-04-03 12:38:01.135 INFO Train - trainImages: storing the name and encodings in mongodb
2022-04-03 12:38:01.136 INFO Train - trainImages: stored all name and encodes in mongodb
2022-04-03 12:38:01.136 INFO Train - trainImages: started loading images and finding their encodings
2022-04-03 12:38:01.136 INFO Train - trainImages: loading image
2022-04-03 12:38:01.136 DEBUG Train - trainImages: /home/vikasjoshis001/Desktop/Gestures/images_to_train/cersie lannister/index3.jpeg
2022-04-03 12:38:01.136 INFO Train - trainImages: loading image done
2022-04-03 12:38:01.136 INFO Train - trainImages: finding the encoding of image
2022-04-03 12:38:01.206 INFO Train - trainImages: finding encoding of image is done
2022-04-03 12:38:01.206 INFO Train - trainImages: loading image
2022-04-03 12:38:01.207 DEBUG Train - trainImages: /home/vikasjoshis001/Desktop/Gestures/images_to_train/cersie lannister/index5.jpeg
2022-04-03 12:38:01.207 INFO Train - trainImages: loading image done
2022-04-03 12:38:01.207 INFO Train - trainImages: finding the encoding of image
2022-04-03 12:38:01.280 INFO Train - trainImages: finding encoding of image is done
2022-04-03 12:38:01.280 INFO Train - trainImages: loading image
2022-04-03 12:38:01.281 DEBUG Train - trainImages: /home/vikasjoshis001/Desktop/Gestures/images_to_train/cersie lannister/index2.jpeg
2022-04-03 12:38:01.281 INFO Train - trainImages: loading image done
2022-04-03 12:38:01.281 INFO Train - trainImages: finding the encoding of image
2022-04-03 12:38:01.354 INFO Train - trainImages: finding encoding of image is done
2022-04-03 12:38:01.354 INFO Train - trainImages: loading image
2022-04-03 12:38:01.355 DEBUG Train - trainImages: /home/vikasjoshis001/Desktop/Gestures/images_to_train/cersie lannister/index4.jpeg
2022-04-03 12:38:01.355 INFO Train - trainImages: loading image done
2022-04-03 12:38:01.355 INFO Train - trainImages: finding the encoding of image
2022-04-03 12:38:01.427 INFO Train - trainImages: finding encoding of image is done
2022-04-03 12:38:01.427 INFO Train - trainImages: getting average of encodings of loaded images
2022-04-03 12:38:01.427 INFO Train - trainImages: done with getting average encodings
2022-04-03 12:38:01.427 INFO Train - trainImages: storing the name and encoding in local dictionary
2022-04-03 12:38:01.427 INFO Train - trainImages: stored name and encodes in local dictionary
2022-04-03 12:38:01.427 INFO Train - trainImages: storing the name and encodings in mongodb
2022-04-03 12:38:01.428 INFO Train - trainImages: stored all name and encodes in mongodb
2022-04-03 12:38:01.428 INFO Train - trainImages: started loading images and finding their encodings
2022-04-03 12:38:01.428 INFO Train - trainImages: loading image
2022-04-03 12:38:01.428 DEBUG Train - trainImages: /home/vikasjoshis001/Desktop/Gestures/images_to_train/king in the north/index.jpeg
2022-04-03 12:38:01.428 INFO Train - trainImages: loading image done
2022-04-03 12:38:01.429 INFO Train - trainImages: finding the encoding of image
2022-04-03 12:38:01.500 INFO Train - trainImages: finding encoding of image is done
2022-04-03 12:38:01.500 INFO Train - trainImages: loading image
2022-04-03 12:38:01.501 DEBUG Train - trainImages: /home/vikasjoshis001/Desktop/Gestures/images_to_train/king in the north/index3.jpeg
2022-04-03 12:38:01.501 INFO Train - trainImages: loading image done
2022-04-03 12:38:01.501 INFO Train - trainImages: finding the encoding of image
2022-04-03 12:38:01.572 INFO Train - trainImages: finding encoding of image is done
2022-04-03 12:38:01.572 INFO Train - trainImages: loading image
2022-04-03 12:38:01.573 DEBUG Train - trainImages: /home/vikasjoshis001/Desktop/Gestures/images_to_train/king in the north/index5.jpeg
2022-04-03 12:38:01.573 INFO Train - trainImages: loading image done
2022-04-03 12:38:01.573 INFO Train - trainImages: finding the encoding of image
2022-04-03 12:38:01.644 INFO Train - trainImages: finding encoding of image is done
2022-04-03 12:38:01.644 INFO Train - trainImages: loading image
2022-04-03 12:38:01.645 DEBUG Train - trainImages: /home/vikasjoshis001/Desktop/Gestures/images_to_train/king in the north/index2.jpeg
2022-04-03 12:38:01.645 INFO Train - trainImages: loading image done
2022-04-03 12:38:01.645 INFO Train - trainImages: finding the encoding of image
2022-04-03 12:38:01.715 INFO Train - trainImages: finding encoding of image is done
2022-04-03 12:38:01.715 INFO Train - trainImages: loading image
2022-04-03 12:38:01.716 DEBUG Train - trainImages: /home/vikasjoshis001/Desktop/Gestures/images_to_train/king in the north/index4.jpeg
2022-04-03 12:38:01.716 INFO Train - trainImages: loading image done
2022-04-03 12:38:01.716 INFO Train - trainImages: finding the encoding of image
2022-04-03 12:38:01.788 INFO Train - trainImages: finding encoding of image is done
2022-04-03 12:38:01.788 INFO Train - trainImages: getting average of encodings of loaded images
2022-04-03 12:38:01.788 INFO Train - trainImages: done with getting average encodings
2022-04-03 12:38:01.788 INFO Train - trainImages: storing the name and encoding in local dictionary
2022-04-03 12:38:01.788 INFO Train - trainImages: stored name and encodes in local dictionary
2022-04-03 12:38:01.788 INFO Train - trainImages: storing the name and encodings in mongodb
2022-04-03 12:38:01.789 INFO Train - trainImages: stored all name and encodes in mongodb
2022-04-03 12:38:01.789 INFO Train - trainImages: started loading images and finding their encodings
2022-04-03 12:38:01.789 INFO Train - trainImages: loading image
2022-04-03 12:38:01.790 DEBUG Train - trainImages: /home/vikasjoshis001/Desktop/Gestures/images_to_train/arya stark/index.jpeg
2022-04-03 12:38:01.790 INFO Train - trainImages: loading image done
2022-04-03 12:38:01.790 INFO Train - trainImages: finding the encoding of image
2022-04-03 12:38:01.862 INFO Train - trainImages: finding encoding of image is done
2022-04-03 12:38:01.862 INFO Train - trainImages: loading image
2022-04-03 12:38:01.863 DEBUG Train - trainImages: /home/vikasjoshis001/Desktop/Gestures/images_to_train/arya stark/index3.jpeg
2022-04-03 12:38:01.863 INFO Train - trainImages: loading image done
2022-04-03 12:38:01.863 INFO Train - trainImages: finding the encoding of image
2022-04-03 12:38:01.932 INFO Train - trainImages: finding encoding of image is done
2022-04-03 12:38:01.932 INFO Train - trainImages: loading image
2022-04-03 12:38:01.933 DEBUG Train - trainImages: /home/vikasjoshis001/Desktop/Gestures/images_to_train/arya stark/index5.jpeg
2022-04-03 12:38:01.933 INFO Train - trainImages: loading image done
2022-04-03 12:38:01.933 INFO Train - trainImages: finding the encoding of image
2022-04-03 12:38:02.007 INFO Train - trainImages: finding encoding of image is done
2022-04-03 12:38:02.007 INFO Train - trainImages: loading image
2022-04-03 12:38:02.007 DEBUG Train - trainImages: /home/vikasjoshis001/Desktop/Gestures/images_to_train/arya stark/index2.jpeg
2022-04-03 12:38:02.008 INFO Train - trainImages: loading image done
2022-04-03 12:38:02.008 INFO Train - trainImages: finding the encoding of image
2022-04-03 12:38:02.080 INFO Train - trainImages: finding encoding of image is done
2022-04-03 12:38:02.080 INFO Train - trainImages: loading image
2022-04-03 12:38:02.081 DEBUG Train - trainImages: /home/vikasjoshis001/Desktop/Gestures/images_to_train/arya stark/images4.jpeg
2022-04-03 12:38:02.081 INFO Train - trainImages: loading image done
2022-04-03 12:38:02.081 INFO Train - trainImages: finding the encoding of image
2022-04-03 12:38:02.150 INFO Train - trainImages: finding encoding of image is done
2022-04-03 12:38:02.150 INFO Train - trainImages: getting average of encodings of loaded images
2022-04-03 12:38:02.151 INFO Train - trainImages: done with getting average encodings
2022-04-03 12:38:02.151 INFO Train - trainImages: storing the name and encoding in local dictionary
2022-04-03 12:38:02.151 INFO Train - trainImages: stored name and encodes in local dictionary
2022-04-03 12:38:02.151 INFO Train - trainImages: storing the name and encodings in mongodb
2022-04-03 12:38:02.151 INFO Train - trainImages: stored all name and encodes in mongodb
