2022-02-24 19:36:46.431 INFO Train - <module>: MongoDB database connected successfully
2022-02-24 19:36:46.432 INFO Train - <module>: collected all folders in known_people folder
2022-02-24 19:36:46.433 DEBUG Train - <module>: ['denerys targeryan', 'cersie lannister', 'king in the north', 'arya stark']
2022-02-24 19:36:46.433 INFO Train - <module>: collected all images from all folders in known_people folder
2022-02-24 19:36:46.433 DEBUG Train - <module>: [['/home/vikasjoshis001/Desktop/FaceRecognition/images_to_train/denerys targeryan/index3.jpeg', '/home/vikasjoshis001/Desktop/FaceRecognition/images_to_train/denerys targeryan/index5.jpeg', '/home/vikasjoshis001/Desktop/FaceRecognition/images_to_train/denerys targeryan/index1.jpeg', '/home/vikasjoshis001/Desktop/FaceRecognition/images_to_train/denerys targeryan/index2.jpeg', '/home/vikasjoshis001/Desktop/FaceRecognition/images_to_train/denerys targeryan/index4.jpeg'], ['/home/vikasjoshis001/Desktop/FaceRecognition/images_to_train/cersie lannister/index3.jpeg', '/home/vikasjoshis001/Desktop/FaceRecognition/images_to_train/cersie lannister/index5.jpeg', '/home/vikasjoshis001/Desktop/FaceRecognition/images_to_train/cersie lannister/index2.jpeg', '/home/vikasjoshis001/Desktop/FaceRecognition/images_to_train/cersie lannister/index4.jpeg'], ['/home/vikasjoshis001/Desktop/FaceRecognition/images_to_train/king in the north/index.jpeg', '/home/vikasjoshis001/Desktop/FaceRecognition/images_to_train/king in the north/index3.jpeg', '/home/vikasjoshis001/Desktop/FaceRecognition/images_to_train/king in the north/index5.jpeg', '/home/vikasjoshis001/Desktop/FaceRecognition/images_to_train/king in the north/index2.jpeg', '/home/vikasjoshis001/Desktop/FaceRecognition/images_to_train/king in the north/index4.jpeg'], ['/home/vikasjoshis001/Desktop/FaceRecognition/images_to_train/arya stark/index.jpeg', '/home/vikasjoshis001/Desktop/FaceRecognition/images_to_train/arya stark/index3.jpeg', '/home/vikasjoshis001/Desktop/FaceRecognition/images_to_train/arya stark/index5.jpeg', '/home/vikasjoshis001/Desktop/FaceRecognition/images_to_train/arya stark/index2.jpeg', '/home/vikasjoshis001/Desktop/FaceRecognition/images_to_train/arya stark/images4.jpeg']]
2022-02-24 19:36:46.433 INFO Train - <module>: started loading images and finding their encodings
2022-02-24 19:36:46.433 INFO Train - <module>: loading image
2022-02-24 19:36:46.439 DEBUG Train - <module>: /home/vikasjoshis001/Desktop/FaceRecognition/images_to_train/denerys targeryan/index3.jpeg
2022-02-24 19:36:46.439 INFO Train - <module>: loading image done
2022-02-24 19:36:46.439 INFO Train - <module>: finding the encoding of image
2022-02-24 19:36:46.504 INFO Train - <module>: finding encoding of image is done
2022-02-24 19:36:46.504 INFO Train - <module>: loading image
2022-02-24 19:36:46.505 DEBUG Train - <module>: /home/vikasjoshis001/Desktop/FaceRecognition/images_to_train/denerys targeryan/index5.jpeg
2022-02-24 19:36:46.505 INFO Train - <module>: loading image done
2022-02-24 19:36:46.505 INFO Train - <module>: finding the encoding of image
2022-02-24 19:36:46.571 INFO Train - <module>: finding encoding of image is done
2022-02-24 19:36:46.571 INFO Train - <module>: loading image
2022-02-24 19:36:46.571 DEBUG Train - <module>: /home/vikasjoshis001/Desktop/FaceRecognition/images_to_train/denerys targeryan/index1.jpeg
2022-02-24 19:36:46.571 INFO Train - <module>: loading image done
2022-02-24 19:36:46.571 INFO Train - <module>: finding the encoding of image
2022-02-24 19:36:46.638 INFO Train - <module>: finding encoding of image is done
2022-02-24 19:36:46.639 INFO Train - <module>: loading image
2022-02-24 19:36:46.639 DEBUG Train - <module>: /home/vikasjoshis001/Desktop/FaceRecognition/images_to_train/denerys targeryan/index2.jpeg
2022-02-24 19:36:46.639 INFO Train - <module>: loading image done
2022-02-24 19:36:46.639 INFO Train - <module>: finding the encoding of image
2022-02-24 19:36:46.707 INFO Train - <module>: finding encoding of image is done
2022-02-24 19:36:46.707 INFO Train - <module>: loading image
2022-02-24 19:36:46.707 DEBUG Train - <module>: /home/vikasjoshis001/Desktop/FaceRecognition/images_to_train/denerys targeryan/index4.jpeg
2022-02-24 19:36:46.708 INFO Train - <module>: loading image done
2022-02-24 19:36:46.708 INFO Train - <module>: finding the encoding of image
2022-02-24 19:36:46.772 INFO Train - <module>: finding encoding of image is done
2022-02-24 19:36:46.772 INFO Train - <module>: getting average of encodings of loaded images
2022-02-24 19:36:46.772 INFO Train - <module>: done with getting average encodings
2022-02-24 19:36:46.772 INFO Train - <module>: storing the name and encoding in local dictionary
2022-02-24 19:36:46.772 INFO Train - <module>: stored name and encodes in local dictionary
2022-02-24 19:36:46.772 INFO Train - <module>: storing the name and encodings in mongodb
2022-02-24 19:36:46.773 INFO Train - <module>: stored all name and encodes in mongodb
2022-02-24 19:36:46.774 INFO Train - <module>: started loading images and finding their encodings
2022-02-24 19:36:46.774 INFO Train - <module>: loading image
2022-02-24 19:36:46.775 DEBUG Train - <module>: /home/vikasjoshis001/Desktop/FaceRecognition/images_to_train/cersie lannister/index3.jpeg
2022-02-24 19:36:46.775 INFO Train - <module>: loading image done
2022-02-24 19:36:46.775 INFO Train - <module>: finding the encoding of image
2022-02-24 19:36:46.839 INFO Train - <module>: finding encoding of image is done
2022-02-24 19:36:46.839 INFO Train - <module>: loading image
2022-02-24 19:36:46.840 DEBUG Train - <module>: /home/vikasjoshis001/Desktop/FaceRecognition/images_to_train/cersie lannister/index5.jpeg
2022-02-24 19:36:46.840 INFO Train - <module>: loading image done
2022-02-24 19:36:46.840 INFO Train - <module>: finding the encoding of image
2022-02-24 19:36:46.905 INFO Train - <module>: finding encoding of image is done
2022-02-24 19:36:46.905 INFO Train - <module>: loading image
2022-02-24 19:36:46.906 DEBUG Train - <module>: /home/vikasjoshis001/Desktop/FaceRecognition/images_to_train/cersie lannister/index2.jpeg
2022-02-24 19:36:46.907 INFO Train - <module>: loading image done
2022-02-24 19:36:46.907 INFO Train - <module>: finding the encoding of image
2022-02-24 19:36:46.972 INFO Train - <module>: finding encoding of image is done
2022-02-24 19:36:46.972 INFO Train - <module>: loading image
2022-02-24 19:36:46.974 DEBUG Train - <module>: /home/vikasjoshis001/Desktop/FaceRecognition/images_to_train/cersie lannister/index4.jpeg
2022-02-24 19:36:46.974 INFO Train - <module>: loading image done
2022-02-24 19:36:46.974 INFO Train - <module>: finding the encoding of image
2022-02-24 19:36:47.038 INFO Train - <module>: finding encoding of image is done
2022-02-24 19:36:47.039 INFO Train - <module>: getting average of encodings of loaded images
2022-02-24 19:36:47.039 INFO Train - <module>: done with getting average encodings
2022-02-24 19:36:47.039 INFO Train - <module>: storing the name and encoding in local dictionary
2022-02-24 19:36:47.039 INFO Train - <module>: stored name and encodes in local dictionary
2022-02-24 19:36:47.039 INFO Train - <module>: storing the name and encodings in mongodb
2022-02-24 19:36:47.040 INFO Train - <module>: stored all name and encodes in mongodb
2022-02-24 19:36:47.040 INFO Train - <module>: started loading images and finding their encodings
2022-02-24 19:36:47.040 INFO Train - <module>: loading image
2022-02-24 19:36:47.042 DEBUG Train - <module>: /home/vikasjoshis001/Desktop/FaceRecognition/images_to_train/king in the north/index.jpeg
2022-02-24 19:36:47.042 INFO Train - <module>: loading image done
2022-02-24 19:36:47.042 INFO Train - <module>: finding the encoding of image
2022-02-24 19:36:47.106 INFO Train - <module>: finding encoding of image is done
2022-02-24 19:36:47.106 INFO Train - <module>: loading image
2022-02-24 19:36:47.108 DEBUG Train - <module>: /home/vikasjoshis001/Desktop/FaceRecognition/images_to_train/king in the north/index3.jpeg
2022-02-24 19:36:47.108 INFO Train - <module>: loading image done
2022-02-24 19:36:47.108 INFO Train - <module>: finding the encoding of image
2022-02-24 19:36:47.174 INFO Train - <module>: finding encoding of image is done
2022-02-24 19:36:47.174 INFO Train - <module>: loading image
2022-02-24 19:36:47.176 DEBUG Train - <module>: /home/vikasjoshis001/Desktop/FaceRecognition/images_to_train/king in the north/index5.jpeg
2022-02-24 19:36:47.176 INFO Train - <module>: loading image done
2022-02-24 19:36:47.176 INFO Train - <module>: finding the encoding of image
2022-02-24 19:36:47.240 INFO Train - <module>: finding encoding of image is done
2022-02-24 19:36:47.240 INFO Train - <module>: loading image
2022-02-24 19:36:47.241 DEBUG Train - <module>: /home/vikasjoshis001/Desktop/FaceRecognition/images_to_train/king in the north/index2.jpeg
2022-02-24 19:36:47.242 INFO Train - <module>: loading image done
2022-02-24 19:36:47.242 INFO Train - <module>: finding the encoding of image
2022-02-24 19:36:47.307 INFO Train - <module>: finding encoding of image is done
2022-02-24 19:36:47.307 INFO Train - <module>: loading image
2022-02-24 19:36:47.308 DEBUG Train - <module>: /home/vikasjoshis001/Desktop/FaceRecognition/images_to_train/king in the north/index4.jpeg
2022-02-24 19:36:47.308 INFO Train - <module>: loading image done
2022-02-24 19:36:47.309 INFO Train - <module>: finding the encoding of image
2022-02-24 19:36:47.375 INFO Train - <module>: finding encoding of image is done
2022-02-24 19:36:47.375 INFO Train - <module>: getting average of encodings of loaded images
2022-02-24 19:36:47.375 INFO Train - <module>: done with getting average encodings
2022-02-24 19:36:47.375 INFO Train - <module>: storing the name and encoding in local dictionary
2022-02-24 19:36:47.375 INFO Train - <module>: stored name and encodes in local dictionary
2022-02-24 19:36:47.375 INFO Train - <module>: storing the name and encodings in mongodb
2022-02-24 19:36:47.376 INFO Train - <module>: stored all name and encodes in mongodb
2022-02-24 19:36:47.376 INFO Train - <module>: started loading images and finding their encodings
2022-02-24 19:36:47.376 INFO Train - <module>: loading image
2022-02-24 19:36:47.377 DEBUG Train - <module>: /home/vikasjoshis001/Desktop/FaceRecognition/images_to_train/arya stark/index.jpeg
2022-02-24 19:36:47.377 INFO Train - <module>: loading image done
2022-02-24 19:36:47.377 INFO Train - <module>: finding the encoding of image
2022-02-24 19:36:47.444 INFO Train - <module>: finding encoding of image is done
2022-02-24 19:36:47.444 INFO Train - <module>: loading image
2022-02-24 19:36:47.445 DEBUG Train - <module>: /home/vikasjoshis001/Desktop/FaceRecognition/images_to_train/arya stark/index3.jpeg
2022-02-24 19:36:47.445 INFO Train - <module>: loading image done
2022-02-24 19:36:47.445 INFO Train - <module>: finding the encoding of image
2022-02-24 19:36:47.510 INFO Train - <module>: finding encoding of image is done
2022-02-24 19:36:47.510 INFO Train - <module>: loading image
2022-02-24 19:36:47.511 DEBUG Train - <module>: /home/vikasjoshis001/Desktop/FaceRecognition/images_to_train/arya stark/index5.jpeg
2022-02-24 19:36:47.511 INFO Train - <module>: loading image done
2022-02-24 19:36:47.511 INFO Train - <module>: finding the encoding of image
2022-02-24 19:36:47.577 INFO Train - <module>: finding encoding of image is done
2022-02-24 19:36:47.578 INFO Train - <module>: loading image
2022-02-24 19:36:47.579 DEBUG Train - <module>: /home/vikasjoshis001/Desktop/FaceRecognition/images_to_train/arya stark/index2.jpeg
2022-02-24 19:36:47.579 INFO Train - <module>: loading image done
2022-02-24 19:36:47.579 INFO Train - <module>: finding the encoding of image
2022-02-24 19:36:47.643 INFO Train - <module>: finding encoding of image is done
2022-02-24 19:36:47.643 INFO Train - <module>: loading image
2022-02-24 19:36:47.645 DEBUG Train - <module>: /home/vikasjoshis001/Desktop/FaceRecognition/images_to_train/arya stark/images4.jpeg
2022-02-24 19:36:47.645 INFO Train - <module>: loading image done
2022-02-24 19:36:47.645 INFO Train - <module>: finding the encoding of image
2022-02-24 19:36:47.708 INFO Train - <module>: finding encoding of image is done
2022-02-24 19:36:47.708 INFO Train - <module>: getting average of encodings of loaded images
2022-02-24 19:36:47.708 INFO Train - <module>: done with getting average encodings
2022-02-24 19:36:47.708 INFO Train - <module>: storing the name and encoding in local dictionary
2022-02-24 19:36:47.708 INFO Train - <module>: stored name and encodes in local dictionary
2022-02-24 19:36:47.708 INFO Train - <module>: storing the name and encodings in mongodb
2022-02-24 19:36:47.709 INFO Train - <module>: stored all name and encodes in mongodb
