2022-04-01 06:18:13.940 INFO Train - trainImages: MongoDB database connected successfully
2022-04-01 06:18:13.946 INFO Train - trainImages: collected all folders in known_people folder
2022-04-01 06:18:13.948 DEBUG Train - trainImages: ['tyrion lannister', 'denerys targeryan', 'Hello-2022-04-01 06:06:43.242173', 'Vikasafd-2022-04-01 06:18:02.414298', 'cersie lannister', 'Vikas-2022-03-31 13:17:26.260103', 'king in the north', 'UIO-2022-04-01 06:08:24.896094', 'arya stark']
2022-04-01 06:18:13.951 INFO Train - trainImages: collected all images from all folders in known_people folder
2022-04-01 06:18:13.952 DEBUG Train - trainImages: [['/home/vikasjoshis001/Desktop/Gestures/images_to_train/tyrion lannister/images5.jpeg', '/home/vikasjoshis001/Desktop/Gestures/images_to_train/tyrion lannister/index3.jpeg', '/home/vikasjoshis001/Desktop/Gestures/images_to_train/tyrion lannister/index1.jpeg', '/home/vikasjoshis001/Desktop/Gestures/images_to_train/tyrion lannister/index2.jpeg', '/home/vikasjoshis001/Desktop/Gestures/images_to_train/tyrion lannister/index4.jpeg'], ['/home/vikasjoshis001/Desktop/Gestures/images_to_train/denerys targeryan/index3.jpeg', '/home/vikasjoshis001/Desktop/Gestures/images_to_train/denerys targeryan/index5.jpeg', '/home/vikasjoshis001/Desktop/Gestures/images_to_train/denerys targeryan/index1.jpeg', '/home/vikasjoshis001/Desktop/Gestures/images_to_train/denerys targeryan/index2.jpeg', '/home/vikasjoshis001/Desktop/Gestures/images_to_train/denerys targeryan/index4.jpeg'], ['/home/vikasjoshis001/Desktop/Gestures/images_to_train/Hello-2022-04-01 06:06:43.242173/Hello.cdd62f53-b153-11ec-ae44-cb6983774605.jpeg', '/home/vikasjoshis001/Desktop/Gestures/images_to_train/Hello-2022-04-01 06:06:43.242173/Hello.cf21c952-b153-11ec-ae44-cb6983774605.jpeg', '/home/vikasjoshis001/Desktop/Gestures/images_to_train/Hello-2022-04-01 06:06:43.242173/Hello.d0570634-b153-11ec-ae44-cb6983774605.jpeg', '/home/vikasjoshis001/Desktop/Gestures/images_to_train/Hello-2022-04-01 06:06:43.242173/Hello.cdd62f52-b153-11ec-ae44-cb6983774605.jpeg', '/home/vikasjoshis001/Desktop/Gestures/images_to_train/Hello-2022-04-01 06:06:43.242173/Hello.cf21c953-b153-11ec-ae44-cb6983774605.jpeg'], ['/home/vikasjoshis001/Desktop/Gestures/images_to_train/Vikasafd-2022-04-01 06:18:02.414298/Vikasafd.63ec76ee-b155-11ec-ae44-cb6983774605.jpeg', '/home/vikasjoshis001/Desktop/Gestures/images_to_train/Vikasafd-2022-04-01 06:18:02.414298/Vikasafd.6520d1ae-b155-11ec-ae44-cb6983774605.jpeg', '/home/vikasjoshis001/Desktop/Gestures/images_to_train/Vikasafd-2022-04-01 06:18:02.414298/Vikasafd.62a72799-b155-11ec-ae44-cb6983774605.jpeg', '/home/vikasjoshis001/Desktop/Gestures/images_to_train/Vikasafd-2022-04-01 06:18:02.414298/Vikasafd.63ec76ef-b155-11ec-ae44-cb6983774605.jpeg', '/home/vikasjoshis001/Desktop/Gestures/images_to_train/Vikasafd-2022-04-01 06:18:02.414298/Vikasafd.62a72798-b155-11ec-ae44-cb6983774605.jpeg'], ['/home/vikasjoshis001/Desktop/Gestures/images_to_train/cersie lannister/index3.jpeg', '/home/vikasjoshis001/Desktop/Gestures/images_to_train/cersie lannister/index5.jpeg', '/home/vikasjoshis001/Desktop/Gestures/images_to_train/cersie lannister/index2.jpeg', '/home/vikasjoshis001/Desktop/Gestures/images_to_train/cersie lannister/index4.jpeg'], ['/home/vikasjoshis001/Desktop/Gestures/images_to_train/Vikas-2022-03-31 13:17:26.260103/Vikas.d18bc824-b0c6-11ec-95c9-353773ec36e1.jpeg', '/home/vikasjoshis001/Desktop/Gestures/images_to_train/Vikas-2022-03-31 13:17:26.260103/Vikas.d056c17b-b0c6-11ec-95c9-353773ec36e1.jpeg', '/home/vikasjoshis001/Desktop/Gestures/images_to_train/Vikas-2022-03-31 13:17:26.260103/Vikas.cf0c4b78-b0c6-11ec-95c9-353773ec36e1.jpeg', '/home/vikasjoshis001/Desktop/Gestures/images_to_train/Vikas-2022-03-31 13:17:26.260103/Vikas.cf0c4b79-b0c6-11ec-95c9-353773ec36e1.jpeg', '/home/vikasjoshis001/Desktop/Gestures/images_to_train/Vikas-2022-03-31 13:17:26.260103/Vikas.d056c17a-b0c6-11ec-95c9-353773ec36e1.jpeg'], ['/home/vikasjoshis001/Desktop/Gestures/images_to_train/king in the north/index.jpeg', '/home/vikasjoshis001/Desktop/Gestures/images_to_train/king in the north/index3.jpeg', '/home/vikasjoshis001/Desktop/Gestures/images_to_train/king in the north/index5.jpeg', '/home/vikasjoshis001/Desktop/Gestures/images_to_train/king in the north/index2.jpeg', '/home/vikasjoshis001/Desktop/Gestures/images_to_train/king in the north/index4.jpeg'], ['/home/vikasjoshis001/Desktop/Gestures/images_to_train/UIO-2022-04-01 06:08:24.896094/UIO.0a6d3245-b154-11ec-ae44-cb6983774605.jpeg', '/home/vikasjoshis001/Desktop/Gestures/images_to_train/UIO-2022-04-01 06:08:24.896094/UIO.0bbc7cb9-b154-11ec-ae44-cb6983774605.jpeg', '/home/vikasjoshis001/Desktop/Gestures/images_to_train/UIO-2022-04-01 06:08:24.896094/UIO.0bbc7cb8-b154-11ec-ae44-cb6983774605.jpeg', '/home/vikasjoshis001/Desktop/Gestures/images_to_train/UIO-2022-04-01 06:08:24.896094/UIO.0a6d3244-b154-11ec-ae44-cb6983774605.jpeg', '/home/vikasjoshis001/Desktop/Gestures/images_to_train/UIO-2022-04-01 06:08:24.896094/UIO.0cf136d2-b154-11ec-ae44-cb6983774605.jpeg'], ['/home/vikasjoshis001/Desktop/Gestures/images_to_train/arya stark/index.jpeg', '/home/vikasjoshis001/Desktop/Gestures/images_to_train/arya stark/index3.jpeg', '/home/vikasjoshis001/Desktop/Gestures/images_to_train/arya stark/index5.jpeg', '/home/vikasjoshis001/Desktop/Gestures/images_to_train/arya stark/index2.jpeg', '/home/vikasjoshis001/Desktop/Gestures/images_to_train/arya stark/images4.jpeg']]
2022-04-01 06:18:13.952 INFO Train - trainImages: started loading images and finding their encodings
2022-04-01 06:18:13.953 INFO Train - trainImages: loading image
2022-04-01 06:18:13.969 DEBUG Train - trainImages: /home/vikasjoshis001/Desktop/Gestures/images_to_train/tyrion lannister/images5.jpeg
2022-04-01 06:18:13.970 INFO Train - trainImages: loading image done
2022-04-01 06:18:13.970 INFO Train - trainImages: finding the encoding of image
2022-04-01 06:18:14.061 INFO Train - trainImages: finding encoding of image is done
2022-04-01 06:18:14.061 INFO Train - trainImages: loading image
2022-04-01 06:18:14.062 DEBUG Train - trainImages: /home/vikasjoshis001/Desktop/Gestures/images_to_train/tyrion lannister/index3.jpeg
2022-04-01 06:18:14.062 INFO Train - trainImages: loading image done
2022-04-01 06:18:14.062 INFO Train - trainImages: finding the encoding of image
2022-04-01 06:18:14.139 INFO Train - trainImages: finding encoding of image is done
2022-04-01 06:18:14.139 INFO Train - trainImages: loading image
2022-04-01 06:18:14.140 DEBUG Train - trainImages: /home/vikasjoshis001/Desktop/Gestures/images_to_train/tyrion lannister/index1.jpeg
2022-04-01 06:18:14.140 INFO Train - trainImages: loading image done
2022-04-01 06:18:14.140 INFO Train - trainImages: finding the encoding of image
2022-04-01 06:18:14.215 INFO Train - trainImages: finding encoding of image is done
2022-04-01 06:18:14.215 INFO Train - trainImages: loading image
2022-04-01 06:18:14.215 DEBUG Train - trainImages: /home/vikasjoshis001/Desktop/Gestures/images_to_train/tyrion lannister/index2.jpeg
2022-04-01 06:18:14.215 INFO Train - trainImages: loading image done
2022-04-01 06:18:14.216 INFO Train - trainImages: finding the encoding of image
2022-04-01 06:18:14.293 INFO Train - trainImages: finding encoding of image is done
2022-04-01 06:18:14.293 INFO Train - trainImages: loading image
2022-04-01 06:18:14.293 DEBUG Train - trainImages: /home/vikasjoshis001/Desktop/Gestures/images_to_train/tyrion lannister/index4.jpeg
2022-04-01 06:18:14.293 INFO Train - trainImages: loading image done
2022-04-01 06:18:14.294 INFO Train - trainImages: finding the encoding of image
2022-04-01 06:18:14.368 INFO Train - trainImages: finding encoding of image is done
2022-04-01 06:18:14.368 INFO Train - trainImages: getting average of encodings of loaded images
2022-04-01 06:18:14.368 INFO Train - trainImages: done with getting average encodings
2022-04-01 06:18:14.368 INFO Train - trainImages: storing the name and encoding in local dictionary
2022-04-01 06:18:14.368 INFO Train - trainImages: stored name and encodes in local dictionary
2022-04-01 06:18:14.368 INFO Train - trainImages: storing the name and encodings in mongodb
2022-04-01 06:18:14.369 INFO Train - trainImages: stored all name and encodes in mongodb
2022-04-01 06:18:14.370 INFO Train - trainImages: started loading images and finding their encodings
2022-04-01 06:18:14.370 INFO Train - trainImages: loading image
2022-04-01 06:18:14.370 DEBUG Train - trainImages: /home/vikasjoshis001/Desktop/Gestures/images_to_train/denerys targeryan/index3.jpeg
2022-04-01 06:18:14.370 INFO Train - trainImages: loading image done
2022-04-01 06:18:14.370 INFO Train - trainImages: finding the encoding of image
2022-04-01 06:18:14.446 INFO Train - trainImages: finding encoding of image is done
2022-04-01 06:18:14.447 INFO Train - trainImages: loading image
2022-04-01 06:18:14.448 DEBUG Train - trainImages: /home/vikasjoshis001/Desktop/Gestures/images_to_train/denerys targeryan/index5.jpeg
2022-04-01 06:18:14.448 INFO Train - trainImages: loading image done
2022-04-01 06:18:14.448 INFO Train - trainImages: finding the encoding of image
2022-04-01 06:18:14.527 INFO Train - trainImages: finding encoding of image is done
2022-04-01 06:18:14.528 INFO Train - trainImages: loading image
2022-04-01 06:18:14.528 DEBUG Train - trainImages: /home/vikasjoshis001/Desktop/Gestures/images_to_train/denerys targeryan/index1.jpeg
2022-04-01 06:18:14.528 INFO Train - trainImages: loading image done
2022-04-01 06:18:14.529 INFO Train - trainImages: finding the encoding of image
2022-04-01 06:18:14.618 INFO Train - trainImages: finding encoding of image is done
2022-04-01 06:18:14.618 INFO Train - trainImages: loading image
2022-04-01 06:18:14.619 DEBUG Train - trainImages: /home/vikasjoshis001/Desktop/Gestures/images_to_train/denerys targeryan/index2.jpeg
2022-04-01 06:18:14.619 INFO Train - trainImages: loading image done
2022-04-01 06:18:14.619 INFO Train - trainImages: finding the encoding of image
2022-04-01 06:18:14.696 INFO Train - trainImages: finding encoding of image is done
2022-04-01 06:18:14.696 INFO Train - trainImages: loading image
2022-04-01 06:18:14.696 DEBUG Train - trainImages: /home/vikasjoshis001/Desktop/Gestures/images_to_train/denerys targeryan/index4.jpeg
2022-04-01 06:18:14.696 INFO Train - trainImages: loading image done
2022-04-01 06:18:14.696 INFO Train - trainImages: finding the encoding of image
2022-04-01 06:18:14.769 INFO Train - trainImages: finding encoding of image is done
2022-04-01 06:18:14.769 INFO Train - trainImages: getting average of encodings of loaded images
2022-04-01 06:18:14.769 INFO Train - trainImages: done with getting average encodings
2022-04-01 06:18:14.769 INFO Train - trainImages: storing the name and encoding in local dictionary
2022-04-01 06:18:14.769 INFO Train - trainImages: stored name and encodes in local dictionary
2022-04-01 06:18:14.769 INFO Train - trainImages: storing the name and encodings in mongodb
2022-04-01 06:18:14.770 INFO Train - trainImages: stored all name and encodes in mongodb
2022-04-01 06:18:14.770 INFO Train - trainImages: started loading images and finding their encodings
2022-04-01 06:18:14.770 INFO Train - trainImages: loading image
2022-04-01 06:18:14.771 DEBUG Train - trainImages: /home/vikasjoshis001/Desktop/Gestures/images_to_train/Hello-2022-04-01 06:06:43.242173/Hello.cdd62f53-b153-11ec-ae44-cb6983774605.jpeg
2022-04-01 06:18:14.771 INFO Train - trainImages: loading image done
2022-04-01 06:18:14.771 INFO Train - trainImages: finding the encoding of image
2022-04-01 06:18:14.859 INFO Train - trainImages: finding encoding of image is done
2022-04-01 06:18:14.859 INFO Train - trainImages: loading image
2022-04-01 06:18:14.860 DEBUG Train - trainImages: /home/vikasjoshis001/Desktop/Gestures/images_to_train/Hello-2022-04-01 06:06:43.242173/Hello.cf21c952-b153-11ec-ae44-cb6983774605.jpeg
2022-04-01 06:18:14.860 INFO Train - trainImages: loading image done
2022-04-01 06:18:14.860 INFO Train - trainImages: finding the encoding of image
2022-04-01 06:18:14.948 INFO Train - trainImages: finding encoding of image is done
2022-04-01 06:18:14.949 INFO Train - trainImages: loading image
2022-04-01 06:18:14.950 DEBUG Train - trainImages: /home/vikasjoshis001/Desktop/Gestures/images_to_train/Hello-2022-04-01 06:06:43.242173/Hello.d0570634-b153-11ec-ae44-cb6983774605.jpeg
2022-04-01 06:18:14.950 INFO Train - trainImages: loading image done
2022-04-01 06:18:14.950 INFO Train - trainImages: finding the encoding of image
2022-04-01 06:18:15.044 INFO Train - trainImages: finding encoding of image is done
2022-04-01 06:18:15.044 INFO Train - trainImages: loading image
2022-04-01 06:18:15.045 DEBUG Train - trainImages: /home/vikasjoshis001/Desktop/Gestures/images_to_train/Hello-2022-04-01 06:06:43.242173/Hello.cdd62f52-b153-11ec-ae44-cb6983774605.jpeg
2022-04-01 06:18:15.045 INFO Train - trainImages: loading image done
2022-04-01 06:18:15.045 INFO Train - trainImages: finding the encoding of image
2022-04-01 06:18:15.131 INFO Train - trainImages: finding encoding of image is done
2022-04-01 06:18:15.131 INFO Train - trainImages: loading image
2022-04-01 06:18:15.132 DEBUG Train - trainImages: /home/vikasjoshis001/Desktop/Gestures/images_to_train/Hello-2022-04-01 06:06:43.242173/Hello.cf21c953-b153-11ec-ae44-cb6983774605.jpeg
2022-04-01 06:18:15.132 INFO Train - trainImages: loading image done
2022-04-01 06:18:15.132 INFO Train - trainImages: finding the encoding of image
2022-04-01 06:18:15.218 INFO Train - trainImages: finding encoding of image is done
2022-04-01 06:18:15.218 INFO Train - trainImages: getting average of encodings of loaded images
2022-04-01 06:18:15.219 INFO Train - trainImages: done with getting average encodings
2022-04-01 06:18:15.219 INFO Train - trainImages: storing the name and encoding in local dictionary
2022-04-01 06:18:15.219 INFO Train - trainImages: stored name and encodes in local dictionary
2022-04-01 06:18:15.219 INFO Train - trainImages: storing the name and encodings in mongodb
2022-04-01 06:18:15.219 INFO Train - trainImages: stored all name and encodes in mongodb
2022-04-01 06:18:15.220 INFO Train - trainImages: started loading images and finding their encodings
2022-04-01 06:18:15.220 INFO Train - trainImages: loading image
2022-04-01 06:18:15.220 DEBUG Train - trainImages: /home/vikasjoshis001/Desktop/Gestures/images_to_train/Vikasafd-2022-04-01 06:18:02.414298/Vikasafd.63ec76ee-b155-11ec-ae44-cb6983774605.jpeg
2022-04-01 06:18:15.221 INFO Train - trainImages: loading image done
2022-04-01 06:18:15.221 INFO Train - trainImages: finding the encoding of image
2022-04-01 06:18:15.308 INFO Train - trainImages: finding encoding of image is done
2022-04-01 06:18:15.308 INFO Train - trainImages: loading image
2022-04-01 06:18:15.309 DEBUG Train - trainImages: /home/vikasjoshis001/Desktop/Gestures/images_to_train/Vikasafd-2022-04-01 06:18:02.414298/Vikasafd.6520d1ae-b155-11ec-ae44-cb6983774605.jpeg
2022-04-01 06:18:15.309 INFO Train - trainImages: loading image done
2022-04-01 06:18:15.309 INFO Train - trainImages: finding the encoding of image
2022-04-01 06:18:15.395 INFO Train - trainImages: finding encoding of image is done
2022-04-01 06:18:15.395 INFO Train - trainImages: loading image
2022-04-01 06:18:15.396 DEBUG Train - trainImages: /home/vikasjoshis001/Desktop/Gestures/images_to_train/Vikasafd-2022-04-01 06:18:02.414298/Vikasafd.62a72799-b155-11ec-ae44-cb6983774605.jpeg
2022-04-01 06:18:15.396 INFO Train - trainImages: loading image done
2022-04-01 06:18:15.396 INFO Train - trainImages: finding the encoding of image
2022-04-01 06:18:15.483 INFO Train - trainImages: finding encoding of image is done
2022-04-01 06:18:15.484 INFO Train - trainImages: loading image
2022-04-01 06:18:15.484 DEBUG Train - trainImages: /home/vikasjoshis001/Desktop/Gestures/images_to_train/Vikasafd-2022-04-01 06:18:02.414298/Vikasafd.63ec76ef-b155-11ec-ae44-cb6983774605.jpeg
2022-04-01 06:18:15.485 INFO Train - trainImages: loading image done
2022-04-01 06:18:15.485 INFO Train - trainImages: finding the encoding of image
2022-04-01 06:18:15.570 INFO Train - trainImages: finding encoding of image is done
2022-04-01 06:18:15.570 INFO Train - trainImages: loading image
2022-04-01 06:18:15.571 DEBUG Train - trainImages: /home/vikasjoshis001/Desktop/Gestures/images_to_train/Vikasafd-2022-04-01 06:18:02.414298/Vikasafd.62a72798-b155-11ec-ae44-cb6983774605.jpeg
2022-04-01 06:18:15.571 INFO Train - trainImages: loading image done
2022-04-01 06:18:15.572 INFO Train - trainImages: finding the encoding of image
2022-04-01 06:18:15.662 INFO Train - trainImages: finding encoding of image is done
2022-04-01 06:18:15.662 INFO Train - trainImages: getting average of encodings of loaded images
2022-04-01 06:18:15.662 INFO Train - trainImages: done with getting average encodings
2022-04-01 06:18:15.662 INFO Train - trainImages: storing the name and encoding in local dictionary
2022-04-01 06:18:15.662 INFO Train - trainImages: stored name and encodes in local dictionary
2022-04-01 06:18:15.662 INFO Train - trainImages: storing the name and encodings in mongodb
2022-04-01 06:18:15.663 INFO Train - trainImages: stored all name and encodes in mongodb
2022-04-01 06:18:15.663 INFO Train - trainImages: started loading images and finding their encodings
2022-04-01 06:18:15.663 INFO Train - trainImages: loading image
2022-04-01 06:18:15.664 DEBUG Train - trainImages: /home/vikasjoshis001/Desktop/Gestures/images_to_train/cersie lannister/index3.jpeg
2022-04-01 06:18:15.664 INFO Train - trainImages: loading image done
2022-04-01 06:18:15.664 INFO Train - trainImages: finding the encoding of image
2022-04-01 06:18:15.739 INFO Train - trainImages: finding encoding of image is done
2022-04-01 06:18:15.739 INFO Train - trainImages: loading image
2022-04-01 06:18:15.740 DEBUG Train - trainImages: /home/vikasjoshis001/Desktop/Gestures/images_to_train/cersie lannister/index5.jpeg
2022-04-01 06:18:15.740 INFO Train - trainImages: loading image done
2022-04-01 06:18:15.740 INFO Train - trainImages: finding the encoding of image
2022-04-01 06:18:15.815 INFO Train - trainImages: finding encoding of image is done
2022-04-01 06:18:15.815 INFO Train - trainImages: loading image
2022-04-01 06:18:15.816 DEBUG Train - trainImages: /home/vikasjoshis001/Desktop/Gestures/images_to_train/cersie lannister/index2.jpeg
2022-04-01 06:18:15.816 INFO Train - trainImages: loading image done
2022-04-01 06:18:15.816 INFO Train - trainImages: finding the encoding of image
2022-04-01 06:18:15.894 INFO Train - trainImages: finding encoding of image is done
2022-04-01 06:18:15.894 INFO Train - trainImages: loading image
2022-04-01 06:18:15.895 DEBUG Train - trainImages: /home/vikasjoshis001/Desktop/Gestures/images_to_train/cersie lannister/index4.jpeg
2022-04-01 06:18:15.895 INFO Train - trainImages: loading image done
2022-04-01 06:18:15.895 INFO Train - trainImages: finding the encoding of image
2022-04-01 06:18:15.971 INFO Train - trainImages: finding encoding of image is done
2022-04-01 06:18:15.971 INFO Train - trainImages: getting average of encodings of loaded images
2022-04-01 06:18:15.971 INFO Train - trainImages: done with getting average encodings
2022-04-01 06:18:15.971 INFO Train - trainImages: storing the name and encoding in local dictionary
2022-04-01 06:18:15.971 INFO Train - trainImages: stored name and encodes in local dictionary
2022-04-01 06:18:15.971 INFO Train - trainImages: storing the name and encodings in mongodb
2022-04-01 06:18:15.972 INFO Train - trainImages: stored all name and encodes in mongodb
2022-04-01 06:18:15.972 INFO Train - trainImages: started loading images and finding their encodings
2022-04-01 06:18:15.972 INFO Train - trainImages: loading image
2022-04-01 06:18:15.974 DEBUG Train - trainImages: /home/vikasjoshis001/Desktop/Gestures/images_to_train/Vikas-2022-03-31 13:17:26.260103/Vikas.d18bc824-b0c6-11ec-95c9-353773ec36e1.jpeg
2022-04-01 06:18:15.975 INFO Train - trainImages: loading image done
2022-04-01 06:18:15.975 INFO Train - trainImages: finding the encoding of image
2022-04-01 06:18:16.164 INFO Train - trainImages: finding encoding of image is done
2022-04-01 06:18:16.164 INFO Train - trainImages: loading image
2022-04-01 06:18:16.167 DEBUG Train - trainImages: /home/vikasjoshis001/Desktop/Gestures/images_to_train/Vikas-2022-03-31 13:17:26.260103/Vikas.d056c17b-b0c6-11ec-95c9-353773ec36e1.jpeg
2022-04-01 06:18:16.167 INFO Train - trainImages: loading image done
2022-04-01 06:18:16.167 INFO Train - trainImages: finding the encoding of image
2022-04-01 06:18:16.352 INFO Train - trainImages: finding encoding of image is done
2022-04-01 06:18:16.352 INFO Train - trainImages: loading image
2022-04-01 06:18:16.355 DEBUG Train - trainImages: /home/vikasjoshis001/Desktop/Gestures/images_to_train/Vikas-2022-03-31 13:17:26.260103/Vikas.cf0c4b78-b0c6-11ec-95c9-353773ec36e1.jpeg
2022-04-01 06:18:16.355 INFO Train - trainImages: loading image done
2022-04-01 06:18:16.355 INFO Train - trainImages: finding the encoding of image
2022-04-01 06:18:16.541 INFO Train - trainImages: finding encoding of image is done
2022-04-01 06:18:16.541 INFO Train - trainImages: loading image
2022-04-01 06:18:16.543 DEBUG Train - trainImages: /home/vikasjoshis001/Desktop/Gestures/images_to_train/Vikas-2022-03-31 13:17:26.260103/Vikas.cf0c4b79-b0c6-11ec-95c9-353773ec36e1.jpeg
2022-04-01 06:18:16.544 INFO Train - trainImages: loading image done
2022-04-01 06:18:16.544 INFO Train - trainImages: finding the encoding of image
2022-04-01 06:18:16.730 INFO Train - trainImages: finding encoding of image is done
2022-04-01 06:18:16.730 INFO Train - trainImages: loading image
2022-04-01 06:18:16.733 DEBUG Train - trainImages: /home/vikasjoshis001/Desktop/Gestures/images_to_train/Vikas-2022-03-31 13:17:26.260103/Vikas.d056c17a-b0c6-11ec-95c9-353773ec36e1.jpeg
2022-04-01 06:18:16.733 INFO Train - trainImages: loading image done
2022-04-01 06:18:16.733 INFO Train - trainImages: finding the encoding of image
2022-04-01 06:18:16.919 INFO Train - trainImages: finding encoding of image is done
2022-04-01 06:18:16.919 INFO Train - trainImages: getting average of encodings of loaded images
2022-04-01 06:18:16.919 INFO Train - trainImages: done with getting average encodings
2022-04-01 06:18:16.919 INFO Train - trainImages: storing the name and encoding in local dictionary
2022-04-01 06:18:16.919 INFO Train - trainImages: stored name and encodes in local dictionary
2022-04-01 06:18:16.919 INFO Train - trainImages: storing the name and encodings in mongodb
2022-04-01 06:18:16.920 INFO Train - trainImages: stored all name and encodes in mongodb
2022-04-01 06:18:16.920 INFO Train - trainImages: started loading images and finding their encodings
2022-04-01 06:18:16.920 INFO Train - trainImages: loading image
2022-04-01 06:18:16.921 DEBUG Train - trainImages: /home/vikasjoshis001/Desktop/Gestures/images_to_train/king in the north/index.jpeg
2022-04-01 06:18:16.921 INFO Train - trainImages: loading image done
2022-04-01 06:18:16.921 INFO Train - trainImages: finding the encoding of image
2022-04-01 06:18:16.998 INFO Train - trainImages: finding encoding of image is done
2022-04-01 06:18:16.998 INFO Train - trainImages: loading image
2022-04-01 06:18:16.999 DEBUG Train - trainImages: /home/vikasjoshis001/Desktop/Gestures/images_to_train/king in the north/index3.jpeg
2022-04-01 06:18:16.999 INFO Train - trainImages: loading image done
2022-04-01 06:18:16.999 INFO Train - trainImages: finding the encoding of image
2022-04-01 06:18:17.079 INFO Train - trainImages: finding encoding of image is done
2022-04-01 06:18:17.079 INFO Train - trainImages: loading image
2022-04-01 06:18:17.080 DEBUG Train - trainImages: /home/vikasjoshis001/Desktop/Gestures/images_to_train/king in the north/index5.jpeg
2022-04-01 06:18:17.080 INFO Train - trainImages: loading image done
2022-04-01 06:18:17.080 INFO Train - trainImages: finding the encoding of image
2022-04-01 06:18:17.157 INFO Train - trainImages: finding encoding of image is done
2022-04-01 06:18:17.157 INFO Train - trainImages: loading image
2022-04-01 06:18:17.158 DEBUG Train - trainImages: /home/vikasjoshis001/Desktop/Gestures/images_to_train/king in the north/index2.jpeg
2022-04-01 06:18:17.158 INFO Train - trainImages: loading image done
2022-04-01 06:18:17.158 INFO Train - trainImages: finding the encoding of image
2022-04-01 06:18:17.247 INFO Train - trainImages: finding encoding of image is done
2022-04-01 06:18:17.247 INFO Train - trainImages: loading image
2022-04-01 06:18:17.248 DEBUG Train - trainImages: /home/vikasjoshis001/Desktop/Gestures/images_to_train/king in the north/index4.jpeg
2022-04-01 06:18:17.248 INFO Train - trainImages: loading image done
2022-04-01 06:18:17.248 INFO Train - trainImages: finding the encoding of image
2022-04-01 06:18:17.326 INFO Train - trainImages: finding encoding of image is done
2022-04-01 06:18:17.326 INFO Train - trainImages: getting average of encodings of loaded images
2022-04-01 06:18:17.327 INFO Train - trainImages: done with getting average encodings
2022-04-01 06:18:17.327 INFO Train - trainImages: storing the name and encoding in local dictionary
2022-04-01 06:18:17.327 INFO Train - trainImages: stored name and encodes in local dictionary
2022-04-01 06:18:17.327 INFO Train - trainImages: storing the name and encodings in mongodb
2022-04-01 06:18:17.327 INFO Train - trainImages: stored all name and encodes in mongodb
2022-04-01 06:18:17.328 INFO Train - trainImages: started loading images and finding their encodings
2022-04-01 06:18:17.328 INFO Train - trainImages: loading image
2022-04-01 06:18:17.329 DEBUG Train - trainImages: /home/vikasjoshis001/Desktop/Gestures/images_to_train/UIO-2022-04-01 06:08:24.896094/UIO.0a6d3245-b154-11ec-ae44-cb6983774605.jpeg
2022-04-01 06:18:17.329 INFO Train - trainImages: loading image done
2022-04-01 06:18:17.329 INFO Train - trainImages: finding the encoding of image
2022-04-01 06:18:17.416 INFO Train - trainImages: finding encoding of image is done
2022-04-01 06:18:17.416 INFO Train - trainImages: loading image
2022-04-01 06:18:17.417 DEBUG Train - trainImages: /home/vikasjoshis001/Desktop/Gestures/images_to_train/UIO-2022-04-01 06:08:24.896094/UIO.0bbc7cb9-b154-11ec-ae44-cb6983774605.jpeg
2022-04-01 06:18:17.417 INFO Train - trainImages: loading image done
2022-04-01 06:18:17.417 INFO Train - trainImages: finding the encoding of image
2022-04-01 06:18:17.504 INFO Train - trainImages: finding encoding of image is done
2022-04-01 06:18:17.504 INFO Train - trainImages: loading image
2022-04-01 06:18:17.505 DEBUG Train - trainImages: /home/vikasjoshis001/Desktop/Gestures/images_to_train/UIO-2022-04-01 06:08:24.896094/UIO.0bbc7cb8-b154-11ec-ae44-cb6983774605.jpeg
2022-04-01 06:18:17.505 INFO Train - trainImages: loading image done
2022-04-01 06:18:17.505 INFO Train - trainImages: finding the encoding of image
2022-04-01 06:18:17.594 INFO Train - trainImages: finding encoding of image is done
2022-04-01 06:18:17.594 INFO Train - trainImages: loading image
2022-04-01 06:18:17.595 DEBUG Train - trainImages: /home/vikasjoshis001/Desktop/Gestures/images_to_train/UIO-2022-04-01 06:08:24.896094/UIO.0a6d3244-b154-11ec-ae44-cb6983774605.jpeg
2022-04-01 06:18:17.595 INFO Train - trainImages: loading image done
2022-04-01 06:18:17.595 INFO Train - trainImages: finding the encoding of image
2022-04-01 06:18:17.687 INFO Train - trainImages: finding encoding of image is done
2022-04-01 06:18:17.687 INFO Train - trainImages: loading image
2022-04-01 06:18:17.688 DEBUG Train - trainImages: /home/vikasjoshis001/Desktop/Gestures/images_to_train/UIO-2022-04-01 06:08:24.896094/UIO.0cf136d2-b154-11ec-ae44-cb6983774605.jpeg
2022-04-01 06:18:17.688 INFO Train - trainImages: loading image done
2022-04-01 06:18:17.688 INFO Train - trainImages: finding the encoding of image
2022-04-01 06:18:17.781 INFO Train - trainImages: finding encoding of image is done
2022-04-01 06:18:17.781 INFO Train - trainImages: getting average of encodings of loaded images
2022-04-01 06:18:17.781 INFO Train - trainImages: done with getting average encodings
2022-04-01 06:18:17.781 INFO Train - trainImages: storing the name and encoding in local dictionary
2022-04-01 06:18:17.781 INFO Train - trainImages: stored name and encodes in local dictionary
2022-04-01 06:18:17.781 INFO Train - trainImages: storing the name and encodings in mongodb
2022-04-01 06:18:17.782 INFO Train - trainImages: stored all name and encodes in mongodb
2022-04-01 06:18:17.782 INFO Train - trainImages: started loading images and finding their encodings
2022-04-01 06:18:17.782 INFO Train - trainImages: loading image
2022-04-01 06:18:17.783 DEBUG Train - trainImages: /home/vikasjoshis001/Desktop/Gestures/images_to_train/arya stark/index.jpeg
2022-04-01 06:18:17.783 INFO Train - trainImages: loading image done
2022-04-01 06:18:17.783 INFO Train - trainImages: finding the encoding of image
2022-04-01 06:18:17.866 INFO Train - trainImages: finding encoding of image is done
2022-04-01 06:18:17.866 INFO Train - trainImages: loading image
2022-04-01 06:18:17.866 DEBUG Train - trainImages: /home/vikasjoshis001/Desktop/Gestures/images_to_train/arya stark/index3.jpeg
2022-04-01 06:18:17.866 INFO Train - trainImages: loading image done
2022-04-01 06:18:17.867 INFO Train - trainImages: finding the encoding of image
2022-04-01 06:18:17.947 INFO Train - trainImages: finding encoding of image is done
2022-04-01 06:18:17.947 INFO Train - trainImages: loading image
2022-04-01 06:18:17.948 DEBUG Train - trainImages: /home/vikasjoshis001/Desktop/Gestures/images_to_train/arya stark/index5.jpeg
2022-04-01 06:18:17.948 INFO Train - trainImages: loading image done
2022-04-01 06:18:17.948 INFO Train - trainImages: finding the encoding of image
2022-04-01 06:18:18.028 INFO Train - trainImages: finding encoding of image is done
2022-04-01 06:18:18.028 INFO Train - trainImages: loading image
2022-04-01 06:18:18.029 DEBUG Train - trainImages: /home/vikasjoshis001/Desktop/Gestures/images_to_train/arya stark/index2.jpeg
2022-04-01 06:18:18.029 INFO Train - trainImages: loading image done
2022-04-01 06:18:18.029 INFO Train - trainImages: finding the encoding of image
2022-04-01 06:18:18.107 INFO Train - trainImages: finding encoding of image is done
2022-04-01 06:18:18.107 INFO Train - trainImages: loading image
2022-04-01 06:18:18.108 DEBUG Train - trainImages: /home/vikasjoshis001/Desktop/Gestures/images_to_train/arya stark/images4.jpeg
2022-04-01 06:18:18.108 INFO Train - trainImages: loading image done
2022-04-01 06:18:18.108 INFO Train - trainImages: finding the encoding of image
2022-04-01 06:18:18.184 INFO Train - trainImages: finding encoding of image is done
2022-04-01 06:18:18.184 INFO Train - trainImages: getting average of encodings of loaded images
2022-04-01 06:18:18.184 INFO Train - trainImages: done with getting average encodings
2022-04-01 06:18:18.184 INFO Train - trainImages: storing the name and encoding in local dictionary
2022-04-01 06:18:18.184 INFO Train - trainImages: stored name and encodes in local dictionary
2022-04-01 06:18:18.184 INFO Train - trainImages: storing the name and encodings in mongodb
2022-04-01 06:18:18.185 INFO Train - trainImages: stored all name and encodes in mongodb
