2022-11-12 18:40:43.245 INFO train - <module>: MongoDB database connected successfully
2022-11-12 18:40:43.246 INFO train - <module>: collected all folders in known_people folder
2022-11-12 18:40:43.246 DEBUG train - <module>: ['d-2022-05-19 13:56:49.531847', 'ash-2022-05-19 13:25:26.556561', 'cersie lannister', 'hrithik-2022-05-19 12:30:19.717894', 'tyrion lannister', 'denerys targeryan', 'king in the north', 'arya stark']
2022-11-12 18:40:43.247 INFO train - <module>: collected all images from all folders in known_people folder
2022-11-12 18:40:43.247 DEBUG train - <module>: [['/home/vikasjoshis001/Files/Projects/My_Projects/Gestures/images_to_train/d-2022-05-19 13:56:49.531847/d.6fd19d87-d74d-11ec-9e60-9352912e8cdf.jpeg', '/home/vikasjoshis001/Files/Projects/My_Projects/Gestures/images_to_train/d-2022-05-19 13:56:49.531847/d.71057754-d74d-11ec-9e60-9352912e8cdf.jpeg', '/home/vikasjoshis001/Files/Projects/My_Projects/Gestures/images_to_train/d-2022-05-19 13:56:49.531847/d.71057755-d74d-11ec-9e60-9352912e8cdf.jpeg', '/home/vikasjoshis001/Files/Projects/My_Projects/Gestures/images_to_train/d-2022-05-19 13:56:49.531847/d.6fd19d86-d74d-11ec-9e60-9352912e8cdf.jpeg', '/home/vikasjoshis001/Files/Projects/My_Projects/Gestures/images_to_train/d-2022-05-19 13:56:49.531847/d.6df9c02e-d74d-11ec-9e60-9352912e8cdf.jpeg'], ['/home/vikasjoshis001/Files/Projects/My_Projects/Gestures/images_to_train/ash-2022-05-19 13:25:26.556561/ash.0d7b1275-d749-11ec-8122-4f54f7f309e6.jpeg', '/home/vikasjoshis001/Files/Projects/My_Projects/Gestures/images_to_train/ash-2022-05-19 13:25:26.556561/ash.0eafa43f-d749-11ec-8122-4f54f7f309e6.jpeg', '/home/vikasjoshis001/Files/Projects/My_Projects/Gestures/images_to_train/ash-2022-05-19 13:25:26.556561/ash.0eafa43e-d749-11ec-8122-4f54f7f309e6.jpeg', '/home/vikasjoshis001/Files/Projects/My_Projects/Gestures/images_to_train/ash-2022-05-19 13:25:26.556561/ash.0d7b1274-d749-11ec-8122-4f54f7f309e6.jpeg', '/home/vikasjoshis001/Files/Projects/My_Projects/Gestures/images_to_train/ash-2022-05-19 13:25:26.556561/ash.0ba073f4-d749-11ec-8122-4f54f7f309e6.jpeg'], ['/home/vikasjoshis001/Files/Projects/My_Projects/Gestures/images_to_train/cersie lannister/index2.jpeg', '/home/vikasjoshis001/Files/Projects/My_Projects/Gestures/images_to_train/cersie lannister/index5.jpeg', '/home/vikasjoshis001/Files/Projects/My_Projects/Gestures/images_to_train/cersie lannister/index4.jpeg', '/home/vikasjoshis001/Files/Projects/My_Projects/Gestures/images_to_train/cersie lannister/index3.jpeg'], ['/home/vikasjoshis001/Files/Projects/My_Projects/Gestures/images_to_train/hrithik-2022-05-19 12:30:19.717894/hrithik.59e351b0-d741-11ec-9512-65b61fe7aa14.jpeg', '/home/vikasjoshis001/Files/Projects/My_Projects/Gestures/images_to_train/hrithik-2022-05-19 12:30:19.717894/hrithik.5b182ed4-d741-11ec-9512-65b61fe7aa14.jpeg', '/home/vikasjoshis001/Files/Projects/My_Projects/Gestures/images_to_train/hrithik-2022-05-19 12:30:19.717894/hrithik.588f58ff-d741-11ec-9512-65b61fe7aa14.jpeg', '/home/vikasjoshis001/Files/Projects/My_Projects/Gestures/images_to_train/hrithik-2022-05-19 12:30:19.717894/hrithik.588f58fe-d741-11ec-9512-65b61fe7aa14.jpeg', '/home/vikasjoshis001/Files/Projects/My_Projects/Gestures/images_to_train/hrithik-2022-05-19 12:30:19.717894/hrithik.59e351b1-d741-11ec-9512-65b61fe7aa14.jpeg'], ['/home/vikasjoshis001/Files/Projects/My_Projects/Gestures/images_to_train/tyrion lannister/index2.jpeg', '/home/vikasjoshis001/Files/Projects/My_Projects/Gestures/images_to_train/tyrion lannister/index4.jpeg', '/home/vikasjoshis001/Files/Projects/My_Projects/Gestures/images_to_train/tyrion lannister/index1.jpeg', '/home/vikasjoshis001/Files/Projects/My_Projects/Gestures/images_to_train/tyrion lannister/index3.jpeg', '/home/vikasjoshis001/Files/Projects/My_Projects/Gestures/images_to_train/tyrion lannister/images5.jpeg'], ['/home/vikasjoshis001/Files/Projects/My_Projects/Gestures/images_to_train/denerys targeryan/index2.jpeg', '/home/vikasjoshis001/Files/Projects/My_Projects/Gestures/images_to_train/denerys targeryan/index5.jpeg', '/home/vikasjoshis001/Files/Projects/My_Projects/Gestures/images_to_train/denerys targeryan/index4.jpeg', '/home/vikasjoshis001/Files/Projects/My_Projects/Gestures/images_to_train/denerys targeryan/index1.jpeg', '/home/vikasjoshis001/Files/Projects/My_Projects/Gestures/images_to_train/denerys targeryan/index3.jpeg'], ['/home/vikasjoshis001/Files/Projects/My_Projects/Gestures/images_to_train/king in the north/index2.jpeg', '/home/vikasjoshis001/Files/Projects/My_Projects/Gestures/images_to_train/king in the north/index5.jpeg', '/home/vikasjoshis001/Files/Projects/My_Projects/Gestures/images_to_train/king in the north/index4.jpeg', '/home/vikasjoshis001/Files/Projects/My_Projects/Gestures/images_to_train/king in the north/index3.jpeg', '/home/vikasjoshis001/Files/Projects/My_Projects/Gestures/images_to_train/king in the north/index.jpeg'], ['/home/vikasjoshis001/Files/Projects/My_Projects/Gestures/images_to_train/arya stark/images4.jpeg', '/home/vikasjoshis001/Files/Projects/My_Projects/Gestures/images_to_train/arya stark/index2.jpeg', '/home/vikasjoshis001/Files/Projects/My_Projects/Gestures/images_to_train/arya stark/index5.jpeg', '/home/vikasjoshis001/Files/Projects/My_Projects/Gestures/images_to_train/arya stark/index3.jpeg', '/home/vikasjoshis001/Files/Projects/My_Projects/Gestures/images_to_train/arya stark/index.jpeg']]
2022-11-12 18:40:43.247 INFO train - <module>: started loading images and finding their encodings
2022-11-12 18:40:43.247 INFO train - <module>: loading image
2022-11-12 18:40:43.269 DEBUG train - <module>: /home/vikasjoshis001/Files/Projects/My_Projects/Gestures/images_to_train/d-2022-05-19 13:56:49.531847/d.6fd19d87-d74d-11ec-9e60-9352912e8cdf.jpeg
2022-11-12 18:40:43.269 INFO train - <module>: loading image done
2022-11-12 18:40:43.269 INFO train - <module>: finding the encoding of image
2022-11-12 18:40:43.325 ERROR train - <module>: no face is detected in image
2022-11-12 18:40:43.325 INFO train - <module>: skiping to find encodes of this image
2022-11-12 18:40:43.325 INFO train - <module>: loading image
2022-11-12 18:40:43.326 DEBUG train - <module>: /home/vikasjoshis001/Files/Projects/My_Projects/Gestures/images_to_train/d-2022-05-19 13:56:49.531847/d.71057754-d74d-11ec-9e60-9352912e8cdf.jpeg
2022-11-12 18:40:43.326 INFO train - <module>: loading image done
2022-11-12 18:40:43.326 INFO train - <module>: finding the encoding of image
2022-11-12 18:40:43.364 ERROR train - <module>: no face is detected in image
2022-11-12 18:40:43.364 INFO train - <module>: skiping to find encodes of this image
2022-11-12 18:40:43.364 INFO train - <module>: loading image
2022-11-12 18:40:43.365 DEBUG train - <module>: /home/vikasjoshis001/Files/Projects/My_Projects/Gestures/images_to_train/d-2022-05-19 13:56:49.531847/d.71057755-d74d-11ec-9e60-9352912e8cdf.jpeg
2022-11-12 18:40:43.365 INFO train - <module>: loading image done
2022-11-12 18:40:43.365 INFO train - <module>: finding the encoding of image
2022-11-12 18:40:43.402 ERROR train - <module>: no face is detected in image
2022-11-12 18:40:43.402 INFO train - <module>: skiping to find encodes of this image
2022-11-12 18:40:43.402 INFO train - <module>: loading image
2022-11-12 18:40:43.403 DEBUG train - <module>: /home/vikasjoshis001/Files/Projects/My_Projects/Gestures/images_to_train/d-2022-05-19 13:56:49.531847/d.6fd19d86-d74d-11ec-9e60-9352912e8cdf.jpeg
2022-11-12 18:40:43.403 INFO train - <module>: loading image done
2022-11-12 18:40:43.403 INFO train - <module>: finding the encoding of image
2022-11-12 18:40:43.439 ERROR train - <module>: no face is detected in image
2022-11-12 18:40:43.439 INFO train - <module>: skiping to find encodes of this image
2022-11-12 18:40:43.439 INFO train - <module>: loading image
2022-11-12 18:40:43.440 DEBUG train - <module>: /home/vikasjoshis001/Files/Projects/My_Projects/Gestures/images_to_train/d-2022-05-19 13:56:49.531847/d.6df9c02e-d74d-11ec-9e60-9352912e8cdf.jpeg
2022-11-12 18:40:43.440 INFO train - <module>: loading image done
2022-11-12 18:40:43.440 INFO train - <module>: finding the encoding of image
2022-11-12 18:40:43.475 ERROR train - <module>: no face is detected in image
2022-11-12 18:40:43.476 INFO train - <module>: skiping to find encodes of this image
2022-11-12 18:40:43.476 INFO train - <module>: getting average of encodings of loaded images
