2022-04-05 08:55:23.628 INFO Train - trainImages: MongoDB database connected successfully
2022-04-05 08:55:23.632 INFO Train - trainImages: collected all folders in known_people folder
2022-04-05 08:55:23.632 DEBUG Train - trainImages: ['tyrion lannister', 'denerys targeryan', 'cersie lannister', 'king in the north', 'arya stark']
2022-04-05 08:55:23.633 INFO Train - trainImages: collected all images from all folders in known_people folder
2022-04-05 08:55:23.634 DEBUG Train - trainImages: [['/home/vikasjoshis001/Desktop/Gestures/images_to_train/tyrion lannister/images5.jpeg', '/home/vikasjoshis001/Desktop/Gestures/images_to_train/tyrion lannister/index3.jpeg', '/home/vikasjoshis001/Desktop/Gestures/images_to_train/tyrion lannister/index1.jpeg', '/home/vikasjoshis001/Desktop/Gestures/images_to_train/tyrion lannister/index2.jpeg', '/home/vikasjoshis001/Desktop/Gestures/images_to_train/tyrion lannister/index4.jpeg'], ['/home/vikasjoshis001/Desktop/Gestures/images_to_train/denerys targeryan/index3.jpeg', '/home/vikasjoshis001/Desktop/Gestures/images_to_train/denerys targeryan/index5.jpeg', '/home/vikasjoshis001/Desktop/Gestures/images_to_train/denerys targeryan/index1.jpeg', '/home/vikasjoshis001/Desktop/Gestures/images_to_train/denerys targeryan/index2.jpeg', '/home/vikasjoshis001/Desktop/Gestures/images_to_train/denerys targeryan/index4.jpeg'], ['/home/vikasjoshis001/Desktop/Gestures/images_to_train/cersie lannister/index3.jpeg', '/home/vikasjoshis001/Desktop/Gestures/images_to_train/cersie lannister/index5.jpeg', '/home/vikasjoshis001/Desktop/Gestures/images_to_train/cersie lannister/index2.jpeg', '/home/vikasjoshis001/Desktop/Gestures/images_to_train/cersie lannister/index4.jpeg'], ['/home/vikasjoshis001/Desktop/Gestures/images_to_train/king in the north/index.jpeg', '/home/vikasjoshis001/Desktop/Gestures/images_to_train/king in the north/index3.jpeg', '/home/vikasjoshis001/Desktop/Gestures/images_to_train/king in the north/index5.jpeg', '/home/vikasjoshis001/Desktop/Gestures/images_to_train/king in the north/index2.jpeg', '/home/vikasjoshis001/Desktop/Gestures/images_to_train/king in the north/index4.jpeg'], ['/home/vikasjoshis001/Desktop/Gestures/images_to_train/arya stark/index.jpeg', '/home/vikasjoshis001/Desktop/Gestures/images_to_train/arya stark/index3.jpeg', '/home/vikasjoshis001/Desktop/Gestures/images_to_train/arya stark/index5.jpeg', '/home/vikasjoshis001/Desktop/Gestures/images_to_train/arya stark/index2.jpeg', '/home/vikasjoshis001/Desktop/Gestures/images_to_train/arya stark/images4.jpeg']]
2022-04-05 08:55:23.634 INFO Train - trainImages: started loading images and finding their encodings
2022-04-05 08:55:23.634 INFO Train - trainImages: loading image
2022-04-05 08:55:23.649 DEBUG Train - trainImages: /home/vikasjoshis001/Desktop/Gestures/images_to_train/tyrion lannister/images5.jpeg
2022-04-05 08:55:23.649 INFO Train - trainImages: loading image done
2022-04-05 08:55:23.649 INFO Train - trainImages: finding the encoding of image
2022-04-05 08:55:23.744 INFO Train - trainImages: finding encoding of image is done
2022-04-05 08:55:23.744 INFO Train - trainImages: loading image
2022-04-05 08:55:23.745 DEBUG Train - trainImages: /home/vikasjoshis001/Desktop/Gestures/images_to_train/tyrion lannister/index3.jpeg
2022-04-05 08:55:23.745 INFO Train - trainImages: loading image done
2022-04-05 08:55:23.745 INFO Train - trainImages: finding the encoding of image
2022-04-05 08:55:23.840 INFO Train - trainImages: finding encoding of image is done
2022-04-05 08:55:23.840 INFO Train - trainImages: loading image
2022-04-05 08:55:23.842 DEBUG Train - trainImages: /home/vikasjoshis001/Desktop/Gestures/images_to_train/tyrion lannister/index1.jpeg
2022-04-05 08:55:23.842 INFO Train - trainImages: loading image done
2022-04-05 08:55:23.842 INFO Train - trainImages: finding the encoding of image
2022-04-05 08:55:23.925 INFO Train - trainImages: finding encoding of image is done
2022-04-05 08:55:23.925 INFO Train - trainImages: loading image
2022-04-05 08:55:23.927 DEBUG Train - trainImages: /home/vikasjoshis001/Desktop/Gestures/images_to_train/tyrion lannister/index2.jpeg
2022-04-05 08:55:23.927 INFO Train - trainImages: loading image done
2022-04-05 08:55:23.927 INFO Train - trainImages: finding the encoding of image
2022-04-05 08:55:24.013 INFO Train - trainImages: finding encoding of image is done
2022-04-05 08:55:24.013 INFO Train - trainImages: loading image
2022-04-05 08:55:24.014 DEBUG Train - trainImages: /home/vikasjoshis001/Desktop/Gestures/images_to_train/tyrion lannister/index4.jpeg
2022-04-05 08:55:24.014 INFO Train - trainImages: loading image done
2022-04-05 08:55:24.014 INFO Train - trainImages: finding the encoding of image
2022-04-05 08:55:24.097 INFO Train - trainImages: finding encoding of image is done
2022-04-05 08:55:24.098 INFO Train - trainImages: getting average of encodings of loaded images
2022-04-05 08:55:24.098 INFO Train - trainImages: done with getting average encodings
2022-04-05 08:55:24.098 INFO Train - trainImages: storing the name and encoding in local dictionary
2022-04-05 08:55:24.098 INFO Train - trainImages: stored name and encodes in local dictionary
2022-04-05 08:55:24.098 INFO Train - trainImages: storing the name and encodings in mongodb
2022-04-05 08:55:24.099 INFO Train - trainImages: stored all name and encodes in mongodb
2022-04-05 08:55:24.099 INFO Train - trainImages: started loading images and finding their encodings
2022-04-05 08:55:24.099 INFO Train - trainImages: loading image
2022-04-05 08:55:24.101 DEBUG Train - trainImages: /home/vikasjoshis001/Desktop/Gestures/images_to_train/denerys targeryan/index3.jpeg
2022-04-05 08:55:24.101 INFO Train - trainImages: loading image done
2022-04-05 08:55:24.101 INFO Train - trainImages: finding the encoding of image
2022-04-05 08:55:24.187 INFO Train - trainImages: finding encoding of image is done
2022-04-05 08:55:24.188 INFO Train - trainImages: loading image
2022-04-05 08:55:24.189 DEBUG Train - trainImages: /home/vikasjoshis001/Desktop/Gestures/images_to_train/denerys targeryan/index5.jpeg
2022-04-05 08:55:24.189 INFO Train - trainImages: loading image done
2022-04-05 08:55:24.189 INFO Train - trainImages: finding the encoding of image
2022-04-05 08:55:24.277 INFO Train - trainImages: finding encoding of image is done
2022-04-05 08:55:24.277 INFO Train - trainImages: loading image
2022-04-05 08:55:24.278 DEBUG Train - trainImages: /home/vikasjoshis001/Desktop/Gestures/images_to_train/denerys targeryan/index1.jpeg
2022-04-05 08:55:24.279 INFO Train - trainImages: loading image done
2022-04-05 08:55:24.279 INFO Train - trainImages: finding the encoding of image
2022-04-05 08:55:24.361 INFO Train - trainImages: finding encoding of image is done
2022-04-05 08:55:24.361 INFO Train - trainImages: loading image
2022-04-05 08:55:24.363 DEBUG Train - trainImages: /home/vikasjoshis001/Desktop/Gestures/images_to_train/denerys targeryan/index2.jpeg
2022-04-05 08:55:24.363 INFO Train - trainImages: loading image done
2022-04-05 08:55:24.363 INFO Train - trainImages: finding the encoding of image
2022-04-05 08:55:24.447 INFO Train - trainImages: finding encoding of image is done
2022-04-05 08:55:24.447 INFO Train - trainImages: loading image
2022-04-05 08:55:24.448 DEBUG Train - trainImages: /home/vikasjoshis001/Desktop/Gestures/images_to_train/denerys targeryan/index4.jpeg
2022-04-05 08:55:24.448 INFO Train - trainImages: loading image done
2022-04-05 08:55:24.448 INFO Train - trainImages: finding the encoding of image
2022-04-05 08:55:24.529 INFO Train - trainImages: finding encoding of image is done
2022-04-05 08:55:24.529 INFO Train - trainImages: getting average of encodings of loaded images
2022-04-05 08:55:24.529 INFO Train - trainImages: done with getting average encodings
2022-04-05 08:55:24.530 INFO Train - trainImages: storing the name and encoding in local dictionary
2022-04-05 08:55:24.530 INFO Train - trainImages: stored name and encodes in local dictionary
2022-04-05 08:55:24.530 INFO Train - trainImages: storing the name and encodings in mongodb
2022-04-05 08:55:24.530 INFO Train - trainImages: stored all name and encodes in mongodb
2022-04-05 08:55:24.530 INFO Train - trainImages: started loading images and finding their encodings
2022-04-05 08:55:24.530 INFO Train - trainImages: loading image
2022-04-05 08:55:24.532 DEBUG Train - trainImages: /home/vikasjoshis001/Desktop/Gestures/images_to_train/cersie lannister/index3.jpeg
2022-04-05 08:55:24.532 INFO Train - trainImages: loading image done
2022-04-05 08:55:24.532 INFO Train - trainImages: finding the encoding of image
2022-04-05 08:55:24.616 INFO Train - trainImages: finding encoding of image is done
2022-04-05 08:55:24.616 INFO Train - trainImages: loading image
2022-04-05 08:55:24.618 DEBUG Train - trainImages: /home/vikasjoshis001/Desktop/Gestures/images_to_train/cersie lannister/index5.jpeg
2022-04-05 08:55:24.618 INFO Train - trainImages: loading image done
2022-04-05 08:55:24.618 INFO Train - trainImages: finding the encoding of image
2022-04-05 08:55:24.701 INFO Train - trainImages: finding encoding of image is done
2022-04-05 08:55:24.701 INFO Train - trainImages: loading image
2022-04-05 08:55:24.702 DEBUG Train - trainImages: /home/vikasjoshis001/Desktop/Gestures/images_to_train/cersie lannister/index2.jpeg
2022-04-05 08:55:24.702 INFO Train - trainImages: loading image done
2022-04-05 08:55:24.703 INFO Train - trainImages: finding the encoding of image
2022-04-05 08:55:24.786 INFO Train - trainImages: finding encoding of image is done
2022-04-05 08:55:24.786 INFO Train - trainImages: loading image
2022-04-05 08:55:24.787 DEBUG Train - trainImages: /home/vikasjoshis001/Desktop/Gestures/images_to_train/cersie lannister/index4.jpeg
2022-04-05 08:55:24.787 INFO Train - trainImages: loading image done
2022-04-05 08:55:24.787 INFO Train - trainImages: finding the encoding of image
2022-04-05 08:55:24.867 INFO Train - trainImages: finding encoding of image is done
2022-04-05 08:55:24.867 INFO Train - trainImages: getting average of encodings of loaded images
2022-04-05 08:55:24.867 INFO Train - trainImages: done with getting average encodings
2022-04-05 08:55:24.867 INFO Train - trainImages: storing the name and encoding in local dictionary
2022-04-05 08:55:24.867 INFO Train - trainImages: stored name and encodes in local dictionary
2022-04-05 08:55:24.867 INFO Train - trainImages: storing the name and encodings in mongodb
2022-04-05 08:55:24.868 INFO Train - trainImages: stored all name and encodes in mongodb
2022-04-05 08:55:24.868 INFO Train - trainImages: started loading images and finding their encodings
2022-04-05 08:55:24.868 INFO Train - trainImages: loading image
2022-04-05 08:55:24.870 DEBUG Train - trainImages: /home/vikasjoshis001/Desktop/Gestures/images_to_train/king in the north/index.jpeg
2022-04-05 08:55:24.870 INFO Train - trainImages: loading image done
2022-04-05 08:55:24.870 INFO Train - trainImages: finding the encoding of image
2022-04-05 08:55:24.952 INFO Train - trainImages: finding encoding of image is done
2022-04-05 08:55:24.952 INFO Train - trainImages: loading image
2022-04-05 08:55:24.954 DEBUG Train - trainImages: /home/vikasjoshis001/Desktop/Gestures/images_to_train/king in the north/index3.jpeg
2022-04-05 08:55:24.954 INFO Train - trainImages: loading image done
2022-04-05 08:55:24.954 INFO Train - trainImages: finding the encoding of image
2022-04-05 08:55:25.040 INFO Train - trainImages: finding encoding of image is done
2022-04-05 08:55:25.040 INFO Train - trainImages: loading image
2022-04-05 08:55:25.042 DEBUG Train - trainImages: /home/vikasjoshis001/Desktop/Gestures/images_to_train/king in the north/index5.jpeg
2022-04-05 08:55:25.042 INFO Train - trainImages: loading image done
2022-04-05 08:55:25.042 INFO Train - trainImages: finding the encoding of image
2022-04-05 08:55:25.124 INFO Train - trainImages: finding encoding of image is done
2022-04-05 08:55:25.124 INFO Train - trainImages: loading image
2022-04-05 08:55:25.126 DEBUG Train - trainImages: /home/vikasjoshis001/Desktop/Gestures/images_to_train/king in the north/index2.jpeg
2022-04-05 08:55:25.126 INFO Train - trainImages: loading image done
2022-04-05 08:55:25.126 INFO Train - trainImages: finding the encoding of image
2022-04-05 08:55:25.207 INFO Train - trainImages: finding encoding of image is done
2022-04-05 08:55:25.208 INFO Train - trainImages: loading image
2022-04-05 08:55:25.209 DEBUG Train - trainImages: /home/vikasjoshis001/Desktop/Gestures/images_to_train/king in the north/index4.jpeg
2022-04-05 08:55:25.209 INFO Train - trainImages: loading image done
2022-04-05 08:55:25.209 INFO Train - trainImages: finding the encoding of image
2022-04-05 08:55:25.291 INFO Train - trainImages: finding encoding of image is done
2022-04-05 08:55:25.291 INFO Train - trainImages: getting average of encodings of loaded images
2022-04-05 08:55:25.291 INFO Train - trainImages: done with getting average encodings
2022-04-05 08:55:25.291 INFO Train - trainImages: storing the name and encoding in local dictionary
2022-04-05 08:55:25.291 INFO Train - trainImages: stored name and encodes in local dictionary
2022-04-05 08:55:25.291 INFO Train - trainImages: storing the name and encodings in mongodb
2022-04-05 08:55:25.292 INFO Train - trainImages: stored all name and encodes in mongodb
2022-04-05 08:55:25.292 INFO Train - trainImages: started loading images and finding their encodings
2022-04-05 08:55:25.292 INFO Train - trainImages: loading image
2022-04-05 08:55:25.294 DEBUG Train - trainImages: /home/vikasjoshis001/Desktop/Gestures/images_to_train/arya stark/index.jpeg
2022-04-05 08:55:25.294 INFO Train - trainImages: loading image done
2022-04-05 08:55:25.294 INFO Train - trainImages: finding the encoding of image
2022-04-05 08:55:25.376 INFO Train - trainImages: finding encoding of image is done
2022-04-05 08:55:25.376 INFO Train - trainImages: loading image
2022-04-05 08:55:25.378 DEBUG Train - trainImages: /home/vikasjoshis001/Desktop/Gestures/images_to_train/arya stark/index3.jpeg
2022-04-05 08:55:25.378 INFO Train - trainImages: loading image done
2022-04-05 08:55:25.378 INFO Train - trainImages: finding the encoding of image
2022-04-05 08:55:25.458 INFO Train - trainImages: finding encoding of image is done
2022-04-05 08:55:25.458 INFO Train - trainImages: loading image
2022-04-05 08:55:25.460 DEBUG Train - trainImages: /home/vikasjoshis001/Desktop/Gestures/images_to_train/arya stark/index5.jpeg
2022-04-05 08:55:25.460 INFO Train - trainImages: loading image done
2022-04-05 08:55:25.460 INFO Train - trainImages: finding the encoding of image
2022-04-05 08:55:25.543 INFO Train - trainImages: finding encoding of image is done
2022-04-05 08:55:25.543 INFO Train - trainImages: loading image
2022-04-05 08:55:25.545 DEBUG Train - trainImages: /home/vikasjoshis001/Desktop/Gestures/images_to_train/arya stark/index2.jpeg
2022-04-05 08:55:25.545 INFO Train - trainImages: loading image done
2022-04-05 08:55:25.545 INFO Train - trainImages: finding the encoding of image
2022-04-05 08:55:25.628 INFO Train - trainImages: finding encoding of image is done
2022-04-05 08:55:25.629 INFO Train - trainImages: loading image
2022-04-05 08:55:25.630 DEBUG Train - trainImages: /home/vikasjoshis001/Desktop/Gestures/images_to_train/arya stark/images4.jpeg
2022-04-05 08:55:25.630 INFO Train - trainImages: loading image done
2022-04-05 08:55:25.630 INFO Train - trainImages: finding the encoding of image
2022-04-05 08:55:25.709 INFO Train - trainImages: finding encoding of image is done
2022-04-05 08:55:25.709 INFO Train - trainImages: getting average of encodings of loaded images
2022-04-05 08:55:25.710 INFO Train - trainImages: done with getting average encodings
2022-04-05 08:55:25.710 INFO Train - trainImages: storing the name and encoding in local dictionary
2022-04-05 08:55:25.710 INFO Train - trainImages: stored name and encodes in local dictionary
2022-04-05 08:55:25.710 INFO Train - trainImages: storing the name and encodings in mongodb
2022-04-05 08:55:25.710 INFO Train - trainImages: stored all name and encodes in mongodb
