2022-04-01 07:03:48.055 INFO Train - trainImages: MongoDB database connected successfully
2022-04-01 07:03:48.069 INFO Train - trainImages: collected all folders in known_people folder
2022-04-01 07:03:48.069 DEBUG Train - trainImages: ['tyrion lannister', 'denerys targeryan', 'fhtjg-2022-04-01 06:53:48.420305', 'vfbgfhg-2022-04-01 06:34:43.835860', 'Hello-2022-04-01 06:06:43.242173', 'ghfh-2022-04-01 06:36:12.128100', 'y-2022-04-01 07:01:46.303390', 'fedsgfvdhg-2022-04-01 06:29:54.369493', 'Vikasafd-2022-04-01 06:18:02.414298', 'cersie lannister', 'Vikas-2022-03-31 13:17:26.260103', 'king in the north', 'jhgkm-2022-04-01 06:52:01.222160', ',j-2022-04-01 06:52:52.475946', 'fdbgf-2022-04-01 06:51:09.169578', 'hmjmjm-2022-04-01 06:49:03.851652', 'OJdihfj-2022-04-01 06:41:45.047193', 'jfhkjg-2022-04-01 06:37:04.905084', 'fdsfg-2022-04-01 06:31:00.007557', 'UIO-2022-04-01 06:08:24.896094', 'arya stark', 'hhh-2022-04-01 06:44:57.963327', 'lvkn;lhk-2022-04-01 06:42:39.157330', 'bgcnhgnvbngh-2022-04-01 06:34:02.139502', 'nnhm-2022-04-01 06:35:32.890275', 'hyiuyi-2022-04-01 07:03:36.475633']
2022-04-01 07:03:48.076 INFO Train - trainImages: collected all images from all folders in known_people folder
2022-04-01 07:03:48.077 DEBUG Train - trainImages: [['/home/vikasjoshis001/Desktop/Gestures/images_to_train/tyrion lannister/images5.jpeg', '/home/vikasjoshis001/Desktop/Gestures/images_to_train/tyrion lannister/index3.jpeg', '/home/vikasjoshis001/Desktop/Gestures/images_to_train/tyrion lannister/index1.jpeg', '/home/vikasjoshis001/Desktop/Gestures/images_to_train/tyrion lannister/index2.jpeg', '/home/vikasjoshis001/Desktop/Gestures/images_to_train/tyrion lannister/index4.jpeg'], ['/home/vikasjoshis001/Desktop/Gestures/images_to_train/denerys targeryan/index3.jpeg', '/home/vikasjoshis001/Desktop/Gestures/images_to_train/denerys targeryan/index5.jpeg', '/home/vikasjoshis001/Desktop/Gestures/images_to_train/denerys targeryan/index1.jpeg', '/home/vikasjoshis001/Desktop/Gestures/images_to_train/denerys targeryan/index2.jpeg', '/home/vikasjoshis001/Desktop/Gestures/images_to_train/denerys targeryan/index4.jpeg'], ['/home/vikasjoshis001/Desktop/Gestures/images_to_train/fhtjg-2022-04-01 06:53:48.420305/fhtjg.6309b458-b15a-11ec-ae44-cb6983774605.jpeg', '/home/vikasjoshis001/Desktop/Gestures/images_to_train/fhtjg-2022-04-01 06:53:48.420305/fhtjg.61c5cfd3-b15a-11ec-ae44-cb6983774605.jpeg', '/home/vikasjoshis001/Desktop/Gestures/images_to_train/fhtjg-2022-04-01 06:53:48.420305/fhtjg.643dda70-b15a-11ec-ae44-cb6983774605.jpeg', '/home/vikasjoshis001/Desktop/Gestures/images_to_train/fhtjg-2022-04-01 06:53:48.420305/fhtjg.61c5cfd2-b15a-11ec-ae44-cb6983774605.jpeg', '/home/vikasjoshis001/Desktop/Gestures/images_to_train/fhtjg-2022-04-01 06:53:48.420305/fhtjg.6309b459-b15a-11ec-ae44-cb6983774605.jpeg'], ['/home/vikasjoshis001/Desktop/Gestures/images_to_train/vfbgfhg-2022-04-01 06:34:43.835860/vfbgfhg.b78c50d8-b157-11ec-ae44-cb6983774605.jpeg', '/home/vikasjoshis001/Desktop/Gestures/images_to_train/vfbgfhg-2022-04-01 06:34:43.835860/vfbgfhg.b8d4b701-b157-11ec-ae44-cb6983774605.jpeg', '/home/vikasjoshis001/Desktop/Gestures/images_to_train/vfbgfhg-2022-04-01 06:34:43.835860/vfbgfhg.ba0b01b0-b157-11ec-ae44-cb6983774605.jpeg', '/home/vikasjoshis001/Desktop/Gestures/images_to_train/vfbgfhg-2022-04-01 06:34:43.835860/vfbgfhg.b78c50d9-b157-11ec-ae44-cb6983774605.jpeg', '/home/vikasjoshis001/Desktop/Gestures/images_to_train/vfbgfhg-2022-04-01 06:34:43.835860/vfbgfhg.b8d4b700-b157-11ec-ae44-cb6983774605.jpeg'], ['/home/vikasjoshis001/Desktop/Gestures/images_to_train/Hello-2022-04-01 06:06:43.242173/Hello.cdd62f53-b153-11ec-ae44-cb6983774605.jpeg', '/home/vikasjoshis001/Desktop/Gestures/images_to_train/Hello-2022-04-01 06:06:43.242173/Hello.cf21c952-b153-11ec-ae44-cb6983774605.jpeg', '/home/vikasjoshis001/Desktop/Gestures/images_to_train/Hello-2022-04-01 06:06:43.242173/Hello.d0570634-b153-11ec-ae44-cb6983774605.jpeg', '/home/vikasjoshis001/Desktop/Gestures/images_to_train/Hello-2022-04-01 06:06:43.242173/Hello.cdd62f52-b153-11ec-ae44-cb6983774605.jpeg', '/home/vikasjoshis001/Desktop/Gestures/images_to_train/Hello-2022-04-01 06:06:43.242173/Hello.cf21c953-b153-11ec-ae44-cb6983774605.jpeg'], ['/home/vikasjoshis001/Desktop/Gestures/images_to_train/ghfh-2022-04-01 06:36:12.128100/ghfh.ed712782-b157-11ec-ae44-cb6983774605.jpeg', '/home/vikasjoshis001/Desktop/Gestures/images_to_train/ghfh-2022-04-01 06:36:12.128100/ghfh.ec2c5a91-b157-11ec-ae44-cb6983774605.jpeg', '/home/vikasjoshis001/Desktop/Gestures/images_to_train/ghfh-2022-04-01 06:36:12.128100/ghfh.ec2c5a90-b157-11ec-ae44-cb6983774605.jpeg', '/home/vikasjoshis001/Desktop/Gestures/images_to_train/ghfh-2022-04-01 06:36:12.128100/ghfh.ed712783-b157-11ec-ae44-cb6983774605.jpeg', '/home/vikasjoshis001/Desktop/Gestures/images_to_train/ghfh-2022-04-01 06:36:12.128100/ghfh.eea60190-b157-11ec-ae44-cb6983774605.jpeg'], ['/home/vikasjoshis001/Desktop/Gestures/images_to_train/y-2022-04-01 07:01:46.303390/y.8137dfda-b15b-11ec-ae44-cb6983774605.jpeg', '/home/vikasjoshis001/Desktop/Gestures/images_to_train/y-2022-04-01 07:01:46.303390/y.7e9ce4bf-b15b-11ec-ae44-cb6983774605.jpeg', '/home/vikasjoshis001/Desktop/Gestures/images_to_train/y-2022-04-01 07:01:46.303390/y.7e9ce4be-b15b-11ec-ae44-cb6983774605.jpeg', '/home/vikasjoshis001/Desktop/Gestures/images_to_train/y-2022-04-01 07:01:46.303390/y.8002d23c-b15b-11ec-ae44-cb6983774605.jpeg', '/home/vikasjoshis001/Desktop/Gestures/images_to_train/y-2022-04-01 07:01:46.303390/y.8002d23d-b15b-11ec-ae44-cb6983774605.jpeg'], ['/home/vikasjoshis001/Desktop/Gestures/images_to_train/fedsgfvdhg-2022-04-01 06:29:54.369493/fedsgfvdhg.0c47a2ae-b157-11ec-ae44-cb6983774605.jpeg', '/home/vikasjoshis001/Desktop/Gestures/images_to_train/fedsgfvdhg-2022-04-01 06:29:54.369493/fedsgfvdhg.0c47a2af-b157-11ec-ae44-cb6983774605.jpeg', '/home/vikasjoshis001/Desktop/Gestures/images_to_train/fedsgfvdhg-2022-04-01 06:29:54.369493/fedsgfvdhg.0b0382a1-b157-11ec-ae44-cb6983774605.jpeg', '/home/vikasjoshis001/Desktop/Gestures/images_to_train/fedsgfvdhg-2022-04-01 06:29:54.369493/fedsgfvdhg.0b0382a0-b157-11ec-ae44-cb6983774605.jpeg', '/home/vikasjoshis001/Desktop/Gestures/images_to_train/fedsgfvdhg-2022-04-01 06:29:54.369493/fedsgfvdhg.0d7c29f6-b157-11ec-ae44-cb6983774605.jpeg'], ['/home/vikasjoshis001/Desktop/Gestures/images_to_train/Vikasafd-2022-04-01 06:18:02.414298/Vikasafd.63ec76ee-b155-11ec-ae44-cb6983774605.jpeg', '/home/vikasjoshis001/Desktop/Gestures/images_to_train/Vikasafd-2022-04-01 06:18:02.414298/Vikasafd.6520d1ae-b155-11ec-ae44-cb6983774605.jpeg', '/home/vikasjoshis001/Desktop/Gestures/images_to_train/Vikasafd-2022-04-01 06:18:02.414298/Vikasafd.62a72799-b155-11ec-ae44-cb6983774605.jpeg', '/home/vikasjoshis001/Desktop/Gestures/images_to_train/Vikasafd-2022-04-01 06:18:02.414298/Vikasafd.63ec76ef-b155-11ec-ae44-cb6983774605.jpeg', '/home/vikasjoshis001/Desktop/Gestures/images_to_train/Vikasafd-2022-04-01 06:18:02.414298/Vikasafd.62a72798-b155-11ec-ae44-cb6983774605.jpeg'], ['/home/vikasjoshis001/Desktop/Gestures/images_to_train/cersie lannister/index3.jpeg', '/home/vikasjoshis001/Desktop/Gestures/images_to_train/cersie lannister/index5.jpeg', '/home/vikasjoshis001/Desktop/Gestures/images_to_train/cersie lannister/index2.jpeg', '/home/vikasjoshis001/Desktop/Gestures/images_to_train/cersie lannister/index4.jpeg'], ['/home/vikasjoshis001/Desktop/Gestures/images_to_train/Vikas-2022-03-31 13:17:26.260103/Vikas.d18bc824-b0c6-11ec-95c9-353773ec36e1.jpeg', '/home/vikasjoshis001/Desktop/Gestures/images_to_train/Vikas-2022-03-31 13:17:26.260103/Vikas.d056c17b-b0c6-11ec-95c9-353773ec36e1.jpeg', '/home/vikasjoshis001/Desktop/Gestures/images_to_train/Vikas-2022-03-31 13:17:26.260103/Vikas.cf0c4b78-b0c6-11ec-95c9-353773ec36e1.jpeg', '/home/vikasjoshis001/Desktop/Gestures/images_to_train/Vikas-2022-03-31 13:17:26.260103/Vikas.cf0c4b79-b0c6-11ec-95c9-353773ec36e1.jpeg', '/home/vikasjoshis001/Desktop/Gestures/images_to_train/Vikas-2022-03-31 13:17:26.260103/Vikas.d056c17a-b0c6-11ec-95c9-353773ec36e1.jpeg'], ['/home/vikasjoshis001/Desktop/Gestures/images_to_train/king in the north/index.jpeg', '/home/vikasjoshis001/Desktop/Gestures/images_to_train/king in the north/index3.jpeg', '/home/vikasjoshis001/Desktop/Gestures/images_to_train/king in the north/index5.jpeg', '/home/vikasjoshis001/Desktop/Gestures/images_to_train/king in the north/index2.jpeg', '/home/vikasjoshis001/Desktop/Gestures/images_to_train/king in the north/index4.jpeg'], ['/home/vikasjoshis001/Desktop/Gestures/images_to_train/jhgkm-2022-04-01 06:52:01.222160/jhgkm.21e0f799-b15a-11ec-ae44-cb6983774605.jpeg', '/home/vikasjoshis001/Desktop/Gestures/images_to_train/jhgkm-2022-04-01 06:52:01.222160/jhgkm.2460b134-b15a-11ec-ae44-cb6983774605.jpeg', '/home/vikasjoshis001/Desktop/Gestures/images_to_train/jhgkm-2022-04-01 06:52:01.222160/jhgkm.232bd08d-b15a-11ec-ae44-cb6983774605.jpeg', '/home/vikasjoshis001/Desktop/Gestures/images_to_train/jhgkm-2022-04-01 06:52:01.222160/jhgkm.21e0f798-b15a-11ec-ae44-cb6983774605.jpeg', '/home/vikasjoshis001/Desktop/Gestures/images_to_train/jhgkm-2022-04-01 06:52:01.222160/jhgkm.232bd08c-b15a-11ec-ae44-cb6983774605.jpeg'], ['/home/vikasjoshis001/Desktop/Gestures/images_to_train/,j-2022-04-01 06:52:52.475946/,j.42e77444-b15a-11ec-ae44-cb6983774605.jpeg', '/home/vikasjoshis001/Desktop/Gestures/images_to_train/,j-2022-04-01 06:52:52.475946/,j.41b212f0-b15a-11ec-ae44-cb6983774605.jpeg', '/home/vikasjoshis001/Desktop/Gestures/images_to_train/,j-2022-04-01 06:52:52.475946/,j.406d70ce-b15a-11ec-ae44-cb6983774605.jpeg', '/home/vikasjoshis001/Desktop/Gestures/images_to_train/,j-2022-04-01 06:52:52.475946/,j.41b212f1-b15a-11ec-ae44-cb6983774605.jpeg', '/home/vikasjoshis001/Desktop/Gestures/images_to_train/,j-2022-04-01 06:52:52.475946/,j.406d70cf-b15a-11ec-ae44-cb6983774605.jpeg'], ['/home/vikasjoshis001/Desktop/Gestures/images_to_train/fdbgf-2022-04-01 06:51:09.169578/fdbgf.02dad211-b15a-11ec-ae44-cb6983774605.jpeg', '/home/vikasjoshis001/Desktop/Gestures/images_to_train/fdbgf-2022-04-01 06:51:09.169578/fdbgf.02dad210-b15a-11ec-ae44-cb6983774605.jpeg', '/home/vikasjoshis001/Desktop/Gestures/images_to_train/fdbgf-2022-04-01 06:51:09.169578/fdbgf.041ff704-b15a-11ec-ae44-cb6983774605.jpeg', '/home/vikasjoshis001/Desktop/Gestures/images_to_train/fdbgf-2022-04-01 06:51:09.169578/fdbgf.055446f2-b15a-11ec-ae44-cb6983774605.jpeg', '/home/vikasjoshis001/Desktop/Gestures/images_to_train/fdbgf-2022-04-01 06:51:09.169578/fdbgf.041ff705-b15a-11ec-ae44-cb6983774605.jpeg'], ['/home/vikasjoshis001/Desktop/Gestures/images_to_train/hmjmjm-2022-04-01 06:49:03.851652/hmjmjm.b96e0642-b159-11ec-ae44-cb6983774605.jpeg', '/home/vikasjoshis001/Desktop/Gestures/images_to_train/hmjmjm-2022-04-01 06:49:03.851652/hmjmjm.baa2aba8-b159-11ec-ae44-cb6983774605.jpeg', '/home/vikasjoshis001/Desktop/Gestures/images_to_train/hmjmjm-2022-04-01 06:49:03.851652/hmjmjm.b8283122-b159-11ec-ae44-cb6983774605.jpeg', '/home/vikasjoshis001/Desktop/Gestures/images_to_train/hmjmjm-2022-04-01 06:49:03.851652/hmjmjm.b8283123-b159-11ec-ae44-cb6983774605.jpeg', '/home/vikasjoshis001/Desktop/Gestures/images_to_train/hmjmjm-2022-04-01 06:49:03.851652/hmjmjm.b96e0643-b159-11ec-ae44-cb6983774605.jpeg'], ['/home/vikasjoshis001/Desktop/Gestures/images_to_train/OJdihfj-2022-04-01 06:41:45.047193/OJdihfj.b29c3dbd-b158-11ec-ae44-cb6983774605.jpeg', '/home/vikasjoshis001/Desktop/Gestures/images_to_train/OJdihfj-2022-04-01 06:41:45.047193/OJdihfj.b51c4758-b158-11ec-ae44-cb6983774605.jpeg', '/home/vikasjoshis001/Desktop/Gestures/images_to_train/OJdihfj-2022-04-01 06:41:45.047193/OJdihfj.b29c3dbc-b158-11ec-ae44-cb6983774605.jpeg', '/home/vikasjoshis001/Desktop/Gestures/images_to_train/OJdihfj-2022-04-01 06:41:45.047193/OJdihfj.b3e76661-b158-11ec-ae44-cb6983774605.jpeg', '/home/vikasjoshis001/Desktop/Gestures/images_to_train/OJdihfj-2022-04-01 06:41:45.047193/OJdihfj.b3e76660-b158-11ec-ae44-cb6983774605.jpeg'], ['/home/vikasjoshis001/Desktop/Gestures/images_to_train/jfhkjg-2022-04-01 06:37:04.905084/jfhkjg.0ceab510-b158-11ec-ae44-cb6983774605.jpeg', '/home/vikasjoshis001/Desktop/Gestures/images_to_train/jfhkjg-2022-04-01 06:37:04.905084/jfhkjg.0ceab511-b158-11ec-ae44-cb6983774605.jpeg', '/home/vikasjoshis001/Desktop/Gestures/images_to_train/jfhkjg-2022-04-01 06:37:04.905084/jfhkjg.0e1fb85e-b158-11ec-ae44-cb6983774605.jpeg', '/home/vikasjoshis001/Desktop/Gestures/images_to_train/jfhkjg-2022-04-01 06:37:04.905084/jfhkjg.0ba1782e-b158-11ec-ae44-cb6983774605.jpeg', '/home/vikasjoshis001/Desktop/Gestures/images_to_train/jfhkjg-2022-04-01 06:37:04.905084/jfhkjg.0ba1782f-b158-11ec-ae44-cb6983774605.jpeg'], ['/home/vikasjoshis001/Desktop/Gestures/images_to_train/fdsfg-2022-04-01 06:31:00.007557/fdsfg.3222a709-b157-11ec-ae44-cb6983774605.jpeg', '/home/vikasjoshis001/Desktop/Gestures/images_to_train/fdsfg-2022-04-01 06:31:00.007557/fdsfg.33671982-b157-11ec-ae44-cb6983774605.jpeg', '/home/vikasjoshis001/Desktop/Gestures/images_to_train/fdsfg-2022-04-01 06:31:00.007557/fdsfg.33671983-b157-11ec-ae44-cb6983774605.jpeg', '/home/vikasjoshis001/Desktop/Gestures/images_to_train/fdsfg-2022-04-01 06:31:00.007557/fdsfg.349ba318-b157-11ec-ae44-cb6983774605.jpeg', '/home/vikasjoshis001/Desktop/Gestures/images_to_train/fdsfg-2022-04-01 06:31:00.007557/fdsfg.3222a708-b157-11ec-ae44-cb6983774605.jpeg'], ['/home/vikasjoshis001/Desktop/Gestures/images_to_train/UIO-2022-04-01 06:08:24.896094/UIO.0a6d3245-b154-11ec-ae44-cb6983774605.jpeg', '/home/vikasjoshis001/Desktop/Gestures/images_to_train/UIO-2022-04-01 06:08:24.896094/UIO.0bbc7cb9-b154-11ec-ae44-cb6983774605.jpeg', '/home/vikasjoshis001/Desktop/Gestures/images_to_train/UIO-2022-04-01 06:08:24.896094/UIO.0bbc7cb8-b154-11ec-ae44-cb6983774605.jpeg', '/home/vikasjoshis001/Desktop/Gestures/images_to_train/UIO-2022-04-01 06:08:24.896094/UIO.0a6d3244-b154-11ec-ae44-cb6983774605.jpeg', '/home/vikasjoshis001/Desktop/Gestures/images_to_train/UIO-2022-04-01 06:08:24.896094/UIO.0cf136d2-b154-11ec-ae44-cb6983774605.jpeg'], ['/home/vikasjoshis001/Desktop/Gestures/images_to_train/arya stark/index.jpeg', '/home/vikasjoshis001/Desktop/Gestures/images_to_train/arya stark/index3.jpeg', '/home/vikasjoshis001/Desktop/Gestures/images_to_train/arya stark/index5.jpeg', '/home/vikasjoshis001/Desktop/Gestures/images_to_train/arya stark/index2.jpeg', '/home/vikasjoshis001/Desktop/Gestures/images_to_train/arya stark/images4.jpeg'], ['/home/vikasjoshis001/Desktop/Gestures/images_to_train/hhh-2022-04-01 06:44:57.963327/hhh.25986278-b159-11ec-ae44-cb6983774605.jpeg', '/home/vikasjoshis001/Desktop/Gestures/images_to_train/hhh-2022-04-01 06:44:57.963327/hhh.26dc8538-b159-11ec-ae44-cb6983774605.jpeg', '/home/vikasjoshis001/Desktop/Gestures/images_to_train/hhh-2022-04-01 06:44:57.963327/hhh.28114740-b159-11ec-ae44-cb6983774605.jpeg', '/home/vikasjoshis001/Desktop/Gestures/images_to_train/hhh-2022-04-01 06:44:57.963327/hhh.26dc8539-b159-11ec-ae44-cb6983774605.jpeg', '/home/vikasjoshis001/Desktop/Gestures/images_to_train/hhh-2022-04-01 06:44:57.963327/hhh.25986279-b159-11ec-ae44-cb6983774605.jpeg'], ['/home/vikasjoshis001/Desktop/Gestures/images_to_train/lvkn;lhk-2022-04-01 06:42:39.157330/lvkn;lhk.d2dc65ac-b158-11ec-ae44-cb6983774605.jpeg', '/home/vikasjoshis001/Desktop/Gestures/images_to_train/lvkn;lhk-2022-04-01 06:42:39.157330/lvkn;lhk.d4222b36-b158-11ec-ae44-cb6983774605.jpeg', '/home/vikasjoshis001/Desktop/Gestures/images_to_train/lvkn;lhk-2022-04-01 06:42:39.157330/lvkn;lhk.d5570328-b158-11ec-ae44-cb6983774605.jpeg', '/home/vikasjoshis001/Desktop/Gestures/images_to_train/lvkn;lhk-2022-04-01 06:42:39.157330/lvkn;lhk.d4222b37-b158-11ec-ae44-cb6983774605.jpeg', '/home/vikasjoshis001/Desktop/Gestures/images_to_train/lvkn;lhk-2022-04-01 06:42:39.157330/lvkn;lhk.d2dc65ad-b158-11ec-ae44-cb6983774605.jpeg'], ['/home/vikasjoshis001/Desktop/Gestures/images_to_train/bgcnhgnvbngh-2022-04-01 06:34:02.139502/bgcnhgnvbngh.a134ebc4-b157-11ec-ae44-cb6983774605.jpeg', '/home/vikasjoshis001/Desktop/Gestures/images_to_train/bgcnhgnvbngh-2022-04-01 06:34:02.139502/bgcnhgnvbngh.9fff80f2-b157-11ec-ae44-cb6983774605.jpeg', '/home/vikasjoshis001/Desktop/Gestures/images_to_train/bgcnhgnvbngh-2022-04-01 06:34:02.139502/bgcnhgnvbngh.9eb230f1-b157-11ec-ae44-cb6983774605.jpeg', '/home/vikasjoshis001/Desktop/Gestures/images_to_train/bgcnhgnvbngh-2022-04-01 06:34:02.139502/bgcnhgnvbngh.9fff80f3-b157-11ec-ae44-cb6983774605.jpeg', '/home/vikasjoshis001/Desktop/Gestures/images_to_train/bgcnhgnvbngh-2022-04-01 06:34:02.139502/bgcnhgnvbngh.9eb230f0-b157-11ec-ae44-cb6983774605.jpeg'], ['/home/vikasjoshis001/Desktop/Gestures/images_to_train/nnhm-2022-04-01 06:35:32.890275/nnhm.d6127e06-b157-11ec-ae44-cb6983774605.jpeg', '/home/vikasjoshis001/Desktop/Gestures/images_to_train/nnhm-2022-04-01 06:35:32.890275/nnhm.d6127e07-b157-11ec-ae44-cb6983774605.jpeg', '/home/vikasjoshis001/Desktop/Gestures/images_to_train/nnhm-2022-04-01 06:35:32.890275/nnhm.d4c9f9b6-b157-11ec-ae44-cb6983774605.jpeg', '/home/vikasjoshis001/Desktop/Gestures/images_to_train/nnhm-2022-04-01 06:35:32.890275/nnhm.d4c9f9b7-b157-11ec-ae44-cb6983774605.jpeg', '/home/vikasjoshis001/Desktop/Gestures/images_to_train/nnhm-2022-04-01 06:35:32.890275/nnhm.d7475ac6-b157-11ec-ae44-cb6983774605.jpeg'], ['/home/vikasjoshis001/Desktop/Gestures/images_to_train/hyiuyi-2022-04-01 07:03:36.475633/hyiuyi.c04848cd-b15b-11ec-ae44-cb6983774605.jpeg', '/home/vikasjoshis001/Desktop/Gestures/images_to_train/hyiuyi-2022-04-01 07:03:36.475633/hyiuyi.c195d2ef-b15b-11ec-ae44-cb6983774605.jpeg', '/home/vikasjoshis001/Desktop/Gestures/images_to_train/hyiuyi-2022-04-01 07:03:36.475633/hyiuyi.c04848cc-b15b-11ec-ae44-cb6983774605.jpeg', '/home/vikasjoshis001/Desktop/Gestures/images_to_train/hyiuyi-2022-04-01 07:03:36.475633/hyiuyi.c2ca9988-b15b-11ec-ae44-cb6983774605.jpeg', '/home/vikasjoshis001/Desktop/Gestures/images_to_train/hyiuyi-2022-04-01 07:03:36.475633/hyiuyi.c195d2ee-b15b-11ec-ae44-cb6983774605.jpeg']]
2022-04-01 07:03:48.078 INFO Train - trainImages: started loading images and finding their encodings
2022-04-01 07:03:48.078 INFO Train - trainImages: loading image
2022-04-01 07:03:48.087 DEBUG Train - trainImages: /home/vikasjoshis001/Desktop/Gestures/images_to_train/tyrion lannister/images5.jpeg
2022-04-01 07:03:48.088 INFO Train - trainImages: loading image done
2022-04-01 07:03:48.088 INFO Train - trainImages: finding the encoding of image
2022-04-01 07:03:48.181 INFO Train - trainImages: finding encoding of image is done
2022-04-01 07:03:48.181 INFO Train - trainImages: loading image
2022-04-01 07:03:48.181 DEBUG Train - trainImages: /home/vikasjoshis001/Desktop/Gestures/images_to_train/tyrion lannister/index3.jpeg
2022-04-01 07:03:48.182 INFO Train - trainImages: loading image done
2022-04-01 07:03:48.182 INFO Train - trainImages: finding the encoding of image
2022-04-01 07:03:48.252 INFO Train - trainImages: finding encoding of image is done
2022-04-01 07:03:48.252 INFO Train - trainImages: loading image
2022-04-01 07:03:48.252 DEBUG Train - trainImages: /home/vikasjoshis001/Desktop/Gestures/images_to_train/tyrion lannister/index1.jpeg
2022-04-01 07:03:48.252 INFO Train - trainImages: loading image done
2022-04-01 07:03:48.253 INFO Train - trainImages: finding the encoding of image
2022-04-01 07:03:48.320 INFO Train - trainImages: finding encoding of image is done
2022-04-01 07:03:48.320 INFO Train - trainImages: loading image
2022-04-01 07:03:48.321 DEBUG Train - trainImages: /home/vikasjoshis001/Desktop/Gestures/images_to_train/tyrion lannister/index2.jpeg
2022-04-01 07:03:48.321 INFO Train - trainImages: loading image done
2022-04-01 07:03:48.321 INFO Train - trainImages: finding the encoding of image
2022-04-01 07:03:48.389 INFO Train - trainImages: finding encoding of image is done
2022-04-01 07:03:48.389 INFO Train - trainImages: loading image
2022-04-01 07:03:48.390 DEBUG Train - trainImages: /home/vikasjoshis001/Desktop/Gestures/images_to_train/tyrion lannister/index4.jpeg
2022-04-01 07:03:48.390 INFO Train - trainImages: loading image done
2022-04-01 07:03:48.390 INFO Train - trainImages: finding the encoding of image
2022-04-01 07:03:48.458 INFO Train - trainImages: finding encoding of image is done
2022-04-01 07:03:48.458 INFO Train - trainImages: getting average of encodings of loaded images
2022-04-01 07:03:48.459 INFO Train - trainImages: done with getting average encodings
2022-04-01 07:03:48.459 INFO Train - trainImages: storing the name and encoding in local dictionary
2022-04-01 07:03:48.459 INFO Train - trainImages: stored name and encodes in local dictionary
2022-04-01 07:03:48.459 INFO Train - trainImages: storing the name and encodings in mongodb
2022-04-01 07:03:48.460 INFO Train - trainImages: stored all name and encodes in mongodb
2022-04-01 07:03:48.460 INFO Train - trainImages: started loading images and finding their encodings
2022-04-01 07:03:48.460 INFO Train - trainImages: loading image
2022-04-01 07:03:48.461 DEBUG Train - trainImages: /home/vikasjoshis001/Desktop/Gestures/images_to_train/denerys targeryan/index3.jpeg
2022-04-01 07:03:48.461 INFO Train - trainImages: loading image done
2022-04-01 07:03:48.461 INFO Train - trainImages: finding the encoding of image
2022-04-01 07:03:48.530 INFO Train - trainImages: finding encoding of image is done
2022-04-01 07:03:48.530 INFO Train - trainImages: loading image
2022-04-01 07:03:48.530 DEBUG Train - trainImages: /home/vikasjoshis001/Desktop/Gestures/images_to_train/denerys targeryan/index5.jpeg
2022-04-01 07:03:48.530 INFO Train - trainImages: loading image done
2022-04-01 07:03:48.531 INFO Train - trainImages: finding the encoding of image
2022-04-01 07:03:48.600 INFO Train - trainImages: finding encoding of image is done
2022-04-01 07:03:48.600 INFO Train - trainImages: loading image
2022-04-01 07:03:48.601 DEBUG Train - trainImages: /home/vikasjoshis001/Desktop/Gestures/images_to_train/denerys targeryan/index1.jpeg
2022-04-01 07:03:48.601 INFO Train - trainImages: loading image done
2022-04-01 07:03:48.601 INFO Train - trainImages: finding the encoding of image
2022-04-01 07:03:48.671 INFO Train - trainImages: finding encoding of image is done
2022-04-01 07:03:48.671 INFO Train - trainImages: loading image
2022-04-01 07:03:48.672 DEBUG Train - trainImages: /home/vikasjoshis001/Desktop/Gestures/images_to_train/denerys targeryan/index2.jpeg
2022-04-01 07:03:48.672 INFO Train - trainImages: loading image done
2022-04-01 07:03:48.672 INFO Train - trainImages: finding the encoding of image
2022-04-01 07:03:48.743 INFO Train - trainImages: finding encoding of image is done
2022-04-01 07:03:48.744 INFO Train - trainImages: loading image
2022-04-01 07:03:48.744 DEBUG Train - trainImages: /home/vikasjoshis001/Desktop/Gestures/images_to_train/denerys targeryan/index4.jpeg
2022-04-01 07:03:48.744 INFO Train - trainImages: loading image done
2022-04-01 07:03:48.744 INFO Train - trainImages: finding the encoding of image
2022-04-01 07:03:48.811 INFO Train - trainImages: finding encoding of image is done
2022-04-01 07:03:48.811 INFO Train - trainImages: getting average of encodings of loaded images
2022-04-01 07:03:48.811 INFO Train - trainImages: done with getting average encodings
2022-04-01 07:03:48.811 INFO Train - trainImages: storing the name and encoding in local dictionary
2022-04-01 07:03:48.812 INFO Train - trainImages: stored name and encodes in local dictionary
2022-04-01 07:03:48.812 INFO Train - trainImages: storing the name and encodings in mongodb
2022-04-01 07:03:48.812 INFO Train - trainImages: stored all name and encodes in mongodb
2022-04-01 07:03:48.812 INFO Train - trainImages: started loading images and finding their encodings
2022-04-01 07:03:48.812 INFO Train - trainImages: loading image
2022-04-01 07:03:48.813 DEBUG Train - trainImages: /home/vikasjoshis001/Desktop/Gestures/images_to_train/fhtjg-2022-04-01 06:53:48.420305/fhtjg.6309b458-b15a-11ec-ae44-cb6983774605.jpeg
2022-04-01 07:03:48.814 INFO Train - trainImages: loading image done
2022-04-01 07:03:48.814 INFO Train - trainImages: finding the encoding of image
2022-04-01 07:03:48.894 INFO Train - trainImages: finding encoding of image is done
2022-04-01 07:03:48.894 INFO Train - trainImages: loading image
2022-04-01 07:03:48.895 DEBUG Train - trainImages: /home/vikasjoshis001/Desktop/Gestures/images_to_train/fhtjg-2022-04-01 06:53:48.420305/fhtjg.61c5cfd3-b15a-11ec-ae44-cb6983774605.jpeg
2022-04-01 07:03:48.895 INFO Train - trainImages: loading image done
2022-04-01 07:03:48.895 INFO Train - trainImages: finding the encoding of image
2022-04-01 07:03:48.975 INFO Train - trainImages: finding encoding of image is done
2022-04-01 07:03:48.975 INFO Train - trainImages: loading image
2022-04-01 07:03:48.976 DEBUG Train - trainImages: /home/vikasjoshis001/Desktop/Gestures/images_to_train/fhtjg-2022-04-01 06:53:48.420305/fhtjg.643dda70-b15a-11ec-ae44-cb6983774605.jpeg
2022-04-01 07:03:48.976 INFO Train - trainImages: loading image done
2022-04-01 07:03:48.976 INFO Train - trainImages: finding the encoding of image
2022-04-01 07:03:49.057 INFO Train - trainImages: finding encoding of image is done
2022-04-01 07:03:49.057 INFO Train - trainImages: loading image
2022-04-01 07:03:49.058 DEBUG Train - trainImages: /home/vikasjoshis001/Desktop/Gestures/images_to_train/fhtjg-2022-04-01 06:53:48.420305/fhtjg.61c5cfd2-b15a-11ec-ae44-cb6983774605.jpeg
2022-04-01 07:03:49.058 INFO Train - trainImages: loading image done
2022-04-01 07:03:49.058 INFO Train - trainImages: finding the encoding of image
2022-04-01 07:03:49.142 INFO Train - trainImages: finding encoding of image is done
2022-04-01 07:03:49.142 INFO Train - trainImages: loading image
2022-04-01 07:03:49.143 DEBUG Train - trainImages: /home/vikasjoshis001/Desktop/Gestures/images_to_train/fhtjg-2022-04-01 06:53:48.420305/fhtjg.6309b459-b15a-11ec-ae44-cb6983774605.jpeg
2022-04-01 07:03:49.143 INFO Train - trainImages: loading image done
2022-04-01 07:03:49.143 INFO Train - trainImages: finding the encoding of image
2022-04-01 07:03:49.223 INFO Train - trainImages: finding encoding of image is done
2022-04-01 07:03:49.224 INFO Train - trainImages: getting average of encodings of loaded images
2022-04-01 07:03:49.224 INFO Train - trainImages: done with getting average encodings
2022-04-01 07:03:49.224 INFO Train - trainImages: storing the name and encoding in local dictionary
2022-04-01 07:03:49.224 INFO Train - trainImages: stored name and encodes in local dictionary
2022-04-01 07:03:49.224 INFO Train - trainImages: storing the name and encodings in mongodb
2022-04-01 07:03:49.225 INFO Train - trainImages: stored all name and encodes in mongodb
2022-04-01 07:03:49.225 INFO Train - trainImages: started loading images and finding their encodings
2022-04-01 07:03:49.225 INFO Train - trainImages: loading image
2022-04-01 07:03:49.226 DEBUG Train - trainImages: /home/vikasjoshis001/Desktop/Gestures/images_to_train/vfbgfhg-2022-04-01 06:34:43.835860/vfbgfhg.b78c50d8-b157-11ec-ae44-cb6983774605.jpeg
2022-04-01 07:03:49.226 INFO Train - trainImages: loading image done
2022-04-01 07:03:49.226 INFO Train - trainImages: finding the encoding of image
2022-04-01 07:03:49.323 INFO Train - trainImages: finding encoding of image is done
2022-04-01 07:03:49.323 INFO Train - trainImages: loading image
2022-04-01 07:03:49.324 DEBUG Train - trainImages: /home/vikasjoshis001/Desktop/Gestures/images_to_train/vfbgfhg-2022-04-01 06:34:43.835860/vfbgfhg.b8d4b701-b157-11ec-ae44-cb6983774605.jpeg
2022-04-01 07:03:49.324 INFO Train - trainImages: loading image done
2022-04-01 07:03:49.324 INFO Train - trainImages: finding the encoding of image
2022-04-01 07:03:49.410 INFO Train - trainImages: finding encoding of image is done
2022-04-01 07:03:49.410 INFO Train - trainImages: loading image
2022-04-01 07:03:49.411 DEBUG Train - trainImages: /home/vikasjoshis001/Desktop/Gestures/images_to_train/vfbgfhg-2022-04-01 06:34:43.835860/vfbgfhg.ba0b01b0-b157-11ec-ae44-cb6983774605.jpeg
2022-04-01 07:03:49.411 INFO Train - trainImages: loading image done
2022-04-01 07:03:49.411 INFO Train - trainImages: finding the encoding of image
2022-04-01 07:03:49.493 INFO Train - trainImages: finding encoding of image is done
2022-04-01 07:03:49.493 INFO Train - trainImages: loading image
2022-04-01 07:03:49.494 DEBUG Train - trainImages: /home/vikasjoshis001/Desktop/Gestures/images_to_train/vfbgfhg-2022-04-01 06:34:43.835860/vfbgfhg.b78c50d9-b157-11ec-ae44-cb6983774605.jpeg
2022-04-01 07:03:49.494 INFO Train - trainImages: loading image done
2022-04-01 07:03:49.494 INFO Train - trainImages: finding the encoding of image
2022-04-01 07:03:49.575 INFO Train - trainImages: finding encoding of image is done
2022-04-01 07:03:49.575 INFO Train - trainImages: loading image
2022-04-01 07:03:49.576 DEBUG Train - trainImages: /home/vikasjoshis001/Desktop/Gestures/images_to_train/vfbgfhg-2022-04-01 06:34:43.835860/vfbgfhg.b8d4b700-b157-11ec-ae44-cb6983774605.jpeg
2022-04-01 07:03:49.576 INFO Train - trainImages: loading image done
2022-04-01 07:03:49.576 INFO Train - trainImages: finding the encoding of image
2022-04-01 07:03:49.657 INFO Train - trainImages: finding encoding of image is done
2022-04-01 07:03:49.657 INFO Train - trainImages: getting average of encodings of loaded images
2022-04-01 07:03:49.657 INFO Train - trainImages: done with getting average encodings
2022-04-01 07:03:49.657 INFO Train - trainImages: storing the name and encoding in local dictionary
2022-04-01 07:03:49.657 INFO Train - trainImages: stored name and encodes in local dictionary
2022-04-01 07:03:49.657 INFO Train - trainImages: storing the name and encodings in mongodb
2022-04-01 07:03:49.658 INFO Train - trainImages: stored all name and encodes in mongodb
2022-04-01 07:03:49.658 INFO Train - trainImages: started loading images and finding their encodings
2022-04-01 07:03:49.658 INFO Train - trainImages: loading image
2022-04-01 07:03:49.659 DEBUG Train - trainImages: /home/vikasjoshis001/Desktop/Gestures/images_to_train/Hello-2022-04-01 06:06:43.242173/Hello.cdd62f53-b153-11ec-ae44-cb6983774605.jpeg
2022-04-01 07:03:49.659 INFO Train - trainImages: loading image done
2022-04-01 07:03:49.659 INFO Train - trainImages: finding the encoding of image
2022-04-01 07:03:49.740 INFO Train - trainImages: finding encoding of image is done
2022-04-01 07:03:49.740 INFO Train - trainImages: loading image
2022-04-01 07:03:49.741 DEBUG Train - trainImages: /home/vikasjoshis001/Desktop/Gestures/images_to_train/Hello-2022-04-01 06:06:43.242173/Hello.cf21c952-b153-11ec-ae44-cb6983774605.jpeg
2022-04-01 07:03:49.741 INFO Train - trainImages: loading image done
2022-04-01 07:03:49.741 INFO Train - trainImages: finding the encoding of image
2022-04-01 07:03:49.821 INFO Train - trainImages: finding encoding of image is done
2022-04-01 07:03:49.822 INFO Train - trainImages: loading image
2022-04-01 07:03:49.823 DEBUG Train - trainImages: /home/vikasjoshis001/Desktop/Gestures/images_to_train/Hello-2022-04-01 06:06:43.242173/Hello.d0570634-b153-11ec-ae44-cb6983774605.jpeg
2022-04-01 07:03:49.823 INFO Train - trainImages: loading image done
2022-04-01 07:03:49.823 INFO Train - trainImages: finding the encoding of image
2022-04-01 07:03:49.903 INFO Train - trainImages: finding encoding of image is done
2022-04-01 07:03:49.903 INFO Train - trainImages: loading image
2022-04-01 07:03:49.904 DEBUG Train - trainImages: /home/vikasjoshis001/Desktop/Gestures/images_to_train/Hello-2022-04-01 06:06:43.242173/Hello.cdd62f52-b153-11ec-ae44-cb6983774605.jpeg
2022-04-01 07:03:49.904 INFO Train - trainImages: loading image done
2022-04-01 07:03:49.904 INFO Train - trainImages: finding the encoding of image
2022-04-01 07:03:49.984 INFO Train - trainImages: finding encoding of image is done
2022-04-01 07:03:49.984 INFO Train - trainImages: loading image
2022-04-01 07:03:49.985 DEBUG Train - trainImages: /home/vikasjoshis001/Desktop/Gestures/images_to_train/Hello-2022-04-01 06:06:43.242173/Hello.cf21c953-b153-11ec-ae44-cb6983774605.jpeg
2022-04-01 07:03:49.985 INFO Train - trainImages: loading image done
2022-04-01 07:03:49.985 INFO Train - trainImages: finding the encoding of image
2022-04-01 07:03:50.065 INFO Train - trainImages: finding encoding of image is done
2022-04-01 07:03:50.065 INFO Train - trainImages: getting average of encodings of loaded images
2022-04-01 07:03:50.066 INFO Train - trainImages: done with getting average encodings
2022-04-01 07:03:50.066 INFO Train - trainImages: storing the name and encoding in local dictionary
2022-04-01 07:03:50.066 INFO Train - trainImages: stored name and encodes in local dictionary
2022-04-01 07:03:50.066 INFO Train - trainImages: storing the name and encodings in mongodb
2022-04-01 07:03:50.066 INFO Train - trainImages: stored all name and encodes in mongodb
2022-04-01 07:03:50.066 INFO Train - trainImages: started loading images and finding their encodings
2022-04-01 07:03:50.066 INFO Train - trainImages: loading image
2022-04-01 07:03:50.067 DEBUG Train - trainImages: /home/vikasjoshis001/Desktop/Gestures/images_to_train/ghfh-2022-04-01 06:36:12.128100/ghfh.ed712782-b157-11ec-ae44-cb6983774605.jpeg
2022-04-01 07:03:50.067 INFO Train - trainImages: loading image done
2022-04-01 07:03:50.068 INFO Train - trainImages: finding the encoding of image
2022-04-01 07:03:50.148 INFO Train - trainImages: finding encoding of image is done
2022-04-01 07:03:50.148 INFO Train - trainImages: loading image
2022-04-01 07:03:50.149 DEBUG Train - trainImages: /home/vikasjoshis001/Desktop/Gestures/images_to_train/ghfh-2022-04-01 06:36:12.128100/ghfh.ec2c5a91-b157-11ec-ae44-cb6983774605.jpeg
2022-04-01 07:03:50.149 INFO Train - trainImages: loading image done
2022-04-01 07:03:50.149 INFO Train - trainImages: finding the encoding of image
2022-04-01 07:03:50.231 INFO Train - trainImages: finding encoding of image is done
2022-04-01 07:03:50.231 INFO Train - trainImages: loading image
2022-04-01 07:03:50.232 DEBUG Train - trainImages: /home/vikasjoshis001/Desktop/Gestures/images_to_train/ghfh-2022-04-01 06:36:12.128100/ghfh.ec2c5a90-b157-11ec-ae44-cb6983774605.jpeg
2022-04-01 07:03:50.232 INFO Train - trainImages: loading image done
2022-04-01 07:03:50.232 INFO Train - trainImages: finding the encoding of image
2022-04-01 07:03:50.313 INFO Train - trainImages: finding encoding of image is done
2022-04-01 07:03:50.313 INFO Train - trainImages: loading image
2022-04-01 07:03:50.314 DEBUG Train - trainImages: /home/vikasjoshis001/Desktop/Gestures/images_to_train/ghfh-2022-04-01 06:36:12.128100/ghfh.ed712783-b157-11ec-ae44-cb6983774605.jpeg
2022-04-01 07:03:50.314 INFO Train - trainImages: loading image done
2022-04-01 07:03:50.314 INFO Train - trainImages: finding the encoding of image
2022-04-01 07:03:50.394 INFO Train - trainImages: finding encoding of image is done
2022-04-01 07:03:50.394 INFO Train - trainImages: loading image
2022-04-01 07:03:50.395 DEBUG Train - trainImages: /home/vikasjoshis001/Desktop/Gestures/images_to_train/ghfh-2022-04-01 06:36:12.128100/ghfh.eea60190-b157-11ec-ae44-cb6983774605.jpeg
2022-04-01 07:03:50.395 INFO Train - trainImages: loading image done
2022-04-01 07:03:50.395 INFO Train - trainImages: finding the encoding of image
2022-04-01 07:03:50.476 INFO Train - trainImages: finding encoding of image is done
2022-04-01 07:03:50.476 INFO Train - trainImages: getting average of encodings of loaded images
2022-04-01 07:03:50.476 INFO Train - trainImages: done with getting average encodings
2022-04-01 07:03:50.476 INFO Train - trainImages: storing the name and encoding in local dictionary
2022-04-01 07:03:50.477 INFO Train - trainImages: stored name and encodes in local dictionary
2022-04-01 07:03:50.477 INFO Train - trainImages: storing the name and encodings in mongodb
2022-04-01 07:03:50.477 INFO Train - trainImages: stored all name and encodes in mongodb
2022-04-01 07:03:50.477 INFO Train - trainImages: started loading images and finding their encodings
2022-04-01 07:03:50.477 INFO Train - trainImages: loading image
2022-04-01 07:03:50.478 DEBUG Train - trainImages: /home/vikasjoshis001/Desktop/Gestures/images_to_train/y-2022-04-01 07:01:46.303390/y.8137dfda-b15b-11ec-ae44-cb6983774605.jpeg
2022-04-01 07:03:50.478 INFO Train - trainImages: loading image done
2022-04-01 07:03:50.478 INFO Train - trainImages: finding the encoding of image
2022-04-01 07:03:50.559 INFO Train - trainImages: finding encoding of image is done
2022-04-01 07:03:50.559 INFO Train - trainImages: loading image
2022-04-01 07:03:50.560 DEBUG Train - trainImages: /home/vikasjoshis001/Desktop/Gestures/images_to_train/y-2022-04-01 07:01:46.303390/y.7e9ce4bf-b15b-11ec-ae44-cb6983774605.jpeg
2022-04-01 07:03:50.560 INFO Train - trainImages: loading image done
2022-04-01 07:03:50.560 INFO Train - trainImages: finding the encoding of image
2022-04-01 07:03:50.641 INFO Train - trainImages: finding encoding of image is done
2022-04-01 07:03:50.641 INFO Train - trainImages: loading image
2022-04-01 07:03:50.642 DEBUG Train - trainImages: /home/vikasjoshis001/Desktop/Gestures/images_to_train/y-2022-04-01 07:01:46.303390/y.7e9ce4be-b15b-11ec-ae44-cb6983774605.jpeg
2022-04-01 07:03:50.643 INFO Train - trainImages: loading image done
2022-04-01 07:03:50.643 INFO Train - trainImages: finding the encoding of image
2022-04-01 07:03:50.723 INFO Train - trainImages: finding encoding of image is done
2022-04-01 07:03:50.723 INFO Train - trainImages: loading image
2022-04-01 07:03:50.724 DEBUG Train - trainImages: /home/vikasjoshis001/Desktop/Gestures/images_to_train/y-2022-04-01 07:01:46.303390/y.8002d23c-b15b-11ec-ae44-cb6983774605.jpeg
2022-04-01 07:03:50.724 INFO Train - trainImages: loading image done
2022-04-01 07:03:50.724 INFO Train - trainImages: finding the encoding of image
2022-04-01 07:03:50.805 INFO Train - trainImages: finding encoding of image is done
2022-04-01 07:03:50.806 INFO Train - trainImages: loading image
2022-04-01 07:03:50.807 DEBUG Train - trainImages: /home/vikasjoshis001/Desktop/Gestures/images_to_train/y-2022-04-01 07:01:46.303390/y.8002d23d-b15b-11ec-ae44-cb6983774605.jpeg
2022-04-01 07:03:50.807 INFO Train - trainImages: loading image done
2022-04-01 07:03:50.807 INFO Train - trainImages: finding the encoding of image
2022-04-01 07:03:50.889 INFO Train - trainImages: finding encoding of image is done
2022-04-01 07:03:50.889 INFO Train - trainImages: getting average of encodings of loaded images
2022-04-01 07:03:50.889 INFO Train - trainImages: done with getting average encodings
2022-04-01 07:03:50.889 INFO Train - trainImages: storing the name and encoding in local dictionary
2022-04-01 07:03:50.889 INFO Train - trainImages: stored name and encodes in local dictionary
2022-04-01 07:03:50.889 INFO Train - trainImages: storing the name and encodings in mongodb
2022-04-01 07:03:50.890 INFO Train - trainImages: stored all name and encodes in mongodb
2022-04-01 07:03:50.890 INFO Train - trainImages: started loading images and finding their encodings
2022-04-01 07:03:50.890 INFO Train - trainImages: loading image
2022-04-01 07:03:50.891 DEBUG Train - trainImages: /home/vikasjoshis001/Desktop/Gestures/images_to_train/fedsgfvdhg-2022-04-01 06:29:54.369493/fedsgfvdhg.0c47a2ae-b157-11ec-ae44-cb6983774605.jpeg
2022-04-01 07:03:50.891 INFO Train - trainImages: loading image done
2022-04-01 07:03:50.891 INFO Train - trainImages: finding the encoding of image
2022-04-01 07:03:50.973 INFO Train - trainImages: finding encoding of image is done
2022-04-01 07:03:50.973 INFO Train - trainImages: loading image
2022-04-01 07:03:50.974 DEBUG Train - trainImages: /home/vikasjoshis001/Desktop/Gestures/images_to_train/fedsgfvdhg-2022-04-01 06:29:54.369493/fedsgfvdhg.0c47a2af-b157-11ec-ae44-cb6983774605.jpeg
2022-04-01 07:03:50.974 INFO Train - trainImages: loading image done
2022-04-01 07:03:50.974 INFO Train - trainImages: finding the encoding of image
2022-04-01 07:03:51.056 INFO Train - trainImages: finding encoding of image is done
2022-04-01 07:03:51.056 INFO Train - trainImages: loading image
2022-04-01 07:03:51.057 DEBUG Train - trainImages: /home/vikasjoshis001/Desktop/Gestures/images_to_train/fedsgfvdhg-2022-04-01 06:29:54.369493/fedsgfvdhg.0b0382a1-b157-11ec-ae44-cb6983774605.jpeg
2022-04-01 07:03:51.057 INFO Train - trainImages: loading image done
2022-04-01 07:03:51.057 INFO Train - trainImages: finding the encoding of image
2022-04-01 07:03:51.139 INFO Train - trainImages: finding encoding of image is done
2022-04-01 07:03:51.139 INFO Train - trainImages: loading image
2022-04-01 07:03:51.140 DEBUG Train - trainImages: /home/vikasjoshis001/Desktop/Gestures/images_to_train/fedsgfvdhg-2022-04-01 06:29:54.369493/fedsgfvdhg.0b0382a0-b157-11ec-ae44-cb6983774605.jpeg
2022-04-01 07:03:51.140 INFO Train - trainImages: loading image done
2022-04-01 07:03:51.140 INFO Train - trainImages: finding the encoding of image
2022-04-01 07:03:51.219 INFO Train - trainImages: finding encoding of image is done
2022-04-01 07:03:51.220 INFO Train - trainImages: loading image
2022-04-01 07:03:51.220 DEBUG Train - trainImages: /home/vikasjoshis001/Desktop/Gestures/images_to_train/fedsgfvdhg-2022-04-01 06:29:54.369493/fedsgfvdhg.0d7c29f6-b157-11ec-ae44-cb6983774605.jpeg
2022-04-01 07:03:51.221 INFO Train - trainImages: loading image done
2022-04-01 07:03:51.221 INFO Train - trainImages: finding the encoding of image
2022-04-01 07:03:51.300 INFO Train - trainImages: finding encoding of image is done
2022-04-01 07:03:51.300 INFO Train - trainImages: getting average of encodings of loaded images
2022-04-01 07:03:51.301 INFO Train - trainImages: done with getting average encodings
2022-04-01 07:03:51.301 INFO Train - trainImages: storing the name and encoding in local dictionary
2022-04-01 07:03:51.301 INFO Train - trainImages: stored name and encodes in local dictionary
2022-04-01 07:03:51.301 INFO Train - trainImages: storing the name and encodings in mongodb
2022-04-01 07:03:51.302 INFO Train - trainImages: stored all name and encodes in mongodb
2022-04-01 07:03:51.302 INFO Train - trainImages: started loading images and finding their encodings
2022-04-01 07:03:51.302 INFO Train - trainImages: loading image
2022-04-01 07:03:51.303 DEBUG Train - trainImages: /home/vikasjoshis001/Desktop/Gestures/images_to_train/Vikasafd-2022-04-01 06:18:02.414298/Vikasafd.63ec76ee-b155-11ec-ae44-cb6983774605.jpeg
2022-04-01 07:03:51.303 INFO Train - trainImages: loading image done
2022-04-01 07:03:51.303 INFO Train - trainImages: finding the encoding of image
2022-04-01 07:03:51.383 INFO Train - trainImages: finding encoding of image is done
2022-04-01 07:03:51.383 INFO Train - trainImages: loading image
2022-04-01 07:03:51.384 DEBUG Train - trainImages: /home/vikasjoshis001/Desktop/Gestures/images_to_train/Vikasafd-2022-04-01 06:18:02.414298/Vikasafd.6520d1ae-b155-11ec-ae44-cb6983774605.jpeg
2022-04-01 07:03:51.384 INFO Train - trainImages: loading image done
2022-04-01 07:03:51.384 INFO Train - trainImages: finding the encoding of image
2022-04-01 07:03:51.464 INFO Train - trainImages: finding encoding of image is done
2022-04-01 07:03:51.464 INFO Train - trainImages: loading image
2022-04-01 07:03:51.465 DEBUG Train - trainImages: /home/vikasjoshis001/Desktop/Gestures/images_to_train/Vikasafd-2022-04-01 06:18:02.414298/Vikasafd.62a72799-b155-11ec-ae44-cb6983774605.jpeg
2022-04-01 07:03:51.465 INFO Train - trainImages: loading image done
2022-04-01 07:03:51.465 INFO Train - trainImages: finding the encoding of image
2022-04-01 07:03:51.544 INFO Train - trainImages: finding encoding of image is done
2022-04-01 07:03:51.544 INFO Train - trainImages: loading image
2022-04-01 07:03:51.545 DEBUG Train - trainImages: /home/vikasjoshis001/Desktop/Gestures/images_to_train/Vikasafd-2022-04-01 06:18:02.414298/Vikasafd.63ec76ef-b155-11ec-ae44-cb6983774605.jpeg
2022-04-01 07:03:51.545 INFO Train - trainImages: loading image done
2022-04-01 07:03:51.545 INFO Train - trainImages: finding the encoding of image
2022-04-01 07:03:51.625 INFO Train - trainImages: finding encoding of image is done
2022-04-01 07:03:51.625 INFO Train - trainImages: loading image
2022-04-01 07:03:51.626 DEBUG Train - trainImages: /home/vikasjoshis001/Desktop/Gestures/images_to_train/Vikasafd-2022-04-01 06:18:02.414298/Vikasafd.62a72798-b155-11ec-ae44-cb6983774605.jpeg
2022-04-01 07:03:51.626 INFO Train - trainImages: loading image done
2022-04-01 07:03:51.626 INFO Train - trainImages: finding the encoding of image
2022-04-01 07:03:51.707 INFO Train - trainImages: finding encoding of image is done
2022-04-01 07:03:51.707 INFO Train - trainImages: getting average of encodings of loaded images
2022-04-01 07:03:51.707 INFO Train - trainImages: done with getting average encodings
2022-04-01 07:03:51.707 INFO Train - trainImages: storing the name and encoding in local dictionary
2022-04-01 07:03:51.707 INFO Train - trainImages: stored name and encodes in local dictionary
2022-04-01 07:03:51.707 INFO Train - trainImages: storing the name and encodings in mongodb
2022-04-01 07:03:51.708 INFO Train - trainImages: stored all name and encodes in mongodb
2022-04-01 07:03:51.708 INFO Train - trainImages: started loading images and finding their encodings
2022-04-01 07:03:51.708 INFO Train - trainImages: loading image
2022-04-01 07:03:51.709 DEBUG Train - trainImages: /home/vikasjoshis001/Desktop/Gestures/images_to_train/cersie lannister/index3.jpeg
2022-04-01 07:03:51.709 INFO Train - trainImages: loading image done
2022-04-01 07:03:51.709 INFO Train - trainImages: finding the encoding of image
2022-04-01 07:03:51.776 INFO Train - trainImages: finding encoding of image is done
2022-04-01 07:03:51.776 INFO Train - trainImages: loading image
2022-04-01 07:03:51.777 DEBUG Train - trainImages: /home/vikasjoshis001/Desktop/Gestures/images_to_train/cersie lannister/index5.jpeg
2022-04-01 07:03:51.777 INFO Train - trainImages: loading image done
2022-04-01 07:03:51.777 INFO Train - trainImages: finding the encoding of image
2022-04-01 07:03:51.848 INFO Train - trainImages: finding encoding of image is done
2022-04-01 07:03:51.848 INFO Train - trainImages: loading image
2022-04-01 07:03:51.848 DEBUG Train - trainImages: /home/vikasjoshis001/Desktop/Gestures/images_to_train/cersie lannister/index2.jpeg
2022-04-01 07:03:51.848 INFO Train - trainImages: loading image done
2022-04-01 07:03:51.849 INFO Train - trainImages: finding the encoding of image
2022-04-01 07:03:51.917 INFO Train - trainImages: finding encoding of image is done
2022-04-01 07:03:51.918 INFO Train - trainImages: loading image
2022-04-01 07:03:51.918 DEBUG Train - trainImages: /home/vikasjoshis001/Desktop/Gestures/images_to_train/cersie lannister/index4.jpeg
2022-04-01 07:03:51.918 INFO Train - trainImages: loading image done
2022-04-01 07:03:51.918 INFO Train - trainImages: finding the encoding of image
2022-04-01 07:03:51.986 INFO Train - trainImages: finding encoding of image is done
2022-04-01 07:03:51.986 INFO Train - trainImages: getting average of encodings of loaded images
2022-04-01 07:03:51.986 INFO Train - trainImages: done with getting average encodings
2022-04-01 07:03:51.986 INFO Train - trainImages: storing the name and encoding in local dictionary
2022-04-01 07:03:51.986 INFO Train - trainImages: stored name and encodes in local dictionary
2022-04-01 07:03:51.986 INFO Train - trainImages: storing the name and encodings in mongodb
2022-04-01 07:03:51.987 INFO Train - trainImages: stored all name and encodes in mongodb
2022-04-01 07:03:51.987 INFO Train - trainImages: started loading images and finding their encodings
2022-04-01 07:03:51.987 INFO Train - trainImages: loading image
2022-04-01 07:03:51.990 DEBUG Train - trainImages: /home/vikasjoshis001/Desktop/Gestures/images_to_train/Vikas-2022-03-31 13:17:26.260103/Vikas.d18bc824-b0c6-11ec-95c9-353773ec36e1.jpeg
2022-04-01 07:03:51.990 INFO Train - trainImages: loading image done
2022-04-01 07:03:51.990 INFO Train - trainImages: finding the encoding of image
2022-04-01 07:03:52.174 INFO Train - trainImages: finding encoding of image is done
2022-04-01 07:03:52.174 INFO Train - trainImages: loading image
2022-04-01 07:03:52.176 DEBUG Train - trainImages: /home/vikasjoshis001/Desktop/Gestures/images_to_train/Vikas-2022-03-31 13:17:26.260103/Vikas.d056c17b-b0c6-11ec-95c9-353773ec36e1.jpeg
2022-04-01 07:03:52.176 INFO Train - trainImages: loading image done
2022-04-01 07:03:52.176 INFO Train - trainImages: finding the encoding of image
2022-04-01 07:03:52.358 INFO Train - trainImages: finding encoding of image is done
2022-04-01 07:03:52.359 INFO Train - trainImages: loading image
2022-04-01 07:03:52.361 DEBUG Train - trainImages: /home/vikasjoshis001/Desktop/Gestures/images_to_train/Vikas-2022-03-31 13:17:26.260103/Vikas.cf0c4b78-b0c6-11ec-95c9-353773ec36e1.jpeg
2022-04-01 07:03:52.361 INFO Train - trainImages: loading image done
2022-04-01 07:03:52.362 INFO Train - trainImages: finding the encoding of image
2022-04-01 07:03:52.541 INFO Train - trainImages: finding encoding of image is done
2022-04-01 07:03:52.541 INFO Train - trainImages: loading image
2022-04-01 07:03:52.543 DEBUG Train - trainImages: /home/vikasjoshis001/Desktop/Gestures/images_to_train/Vikas-2022-03-31 13:17:26.260103/Vikas.cf0c4b79-b0c6-11ec-95c9-353773ec36e1.jpeg
2022-04-01 07:03:52.543 INFO Train - trainImages: loading image done
2022-04-01 07:03:52.544 INFO Train - trainImages: finding the encoding of image
2022-04-01 07:03:52.723 INFO Train - trainImages: finding encoding of image is done
2022-04-01 07:03:52.723 INFO Train - trainImages: loading image
2022-04-01 07:03:52.726 DEBUG Train - trainImages: /home/vikasjoshis001/Desktop/Gestures/images_to_train/Vikas-2022-03-31 13:17:26.260103/Vikas.d056c17a-b0c6-11ec-95c9-353773ec36e1.jpeg
2022-04-01 07:03:52.726 INFO Train - trainImages: loading image done
2022-04-01 07:03:52.726 INFO Train - trainImages: finding the encoding of image
2022-04-01 07:03:52.905 INFO Train - trainImages: finding encoding of image is done
2022-04-01 07:03:52.905 INFO Train - trainImages: getting average of encodings of loaded images
2022-04-01 07:03:52.905 INFO Train - trainImages: done with getting average encodings
2022-04-01 07:03:52.905 INFO Train - trainImages: storing the name and encoding in local dictionary
2022-04-01 07:03:52.905 INFO Train - trainImages: stored name and encodes in local dictionary
2022-04-01 07:03:52.905 INFO Train - trainImages: storing the name and encodings in mongodb
2022-04-01 07:03:52.906 INFO Train - trainImages: stored all name and encodes in mongodb
2022-04-01 07:03:52.906 INFO Train - trainImages: started loading images and finding their encodings
2022-04-01 07:03:52.907 INFO Train - trainImages: loading image
2022-04-01 07:03:52.907 DEBUG Train - trainImages: /home/vikasjoshis001/Desktop/Gestures/images_to_train/king in the north/index.jpeg
2022-04-01 07:03:52.907 INFO Train - trainImages: loading image done
2022-04-01 07:03:52.907 INFO Train - trainImages: finding the encoding of image
2022-04-01 07:03:52.976 INFO Train - trainImages: finding encoding of image is done
2022-04-01 07:03:52.976 INFO Train - trainImages: loading image
2022-04-01 07:03:52.977 DEBUG Train - trainImages: /home/vikasjoshis001/Desktop/Gestures/images_to_train/king in the north/index3.jpeg
2022-04-01 07:03:52.977 INFO Train - trainImages: loading image done
2022-04-01 07:03:52.977 INFO Train - trainImages: finding the encoding of image
2022-04-01 07:03:53.049 INFO Train - trainImages: finding encoding of image is done
2022-04-01 07:03:53.049 INFO Train - trainImages: loading image
2022-04-01 07:03:53.050 DEBUG Train - trainImages: /home/vikasjoshis001/Desktop/Gestures/images_to_train/king in the north/index5.jpeg
2022-04-01 07:03:53.050 INFO Train - trainImages: loading image done
2022-04-01 07:03:53.050 INFO Train - trainImages: finding the encoding of image
2022-04-01 07:03:53.118 INFO Train - trainImages: finding encoding of image is done
2022-04-01 07:03:53.119 INFO Train - trainImages: loading image
2022-04-01 07:03:53.119 DEBUG Train - trainImages: /home/vikasjoshis001/Desktop/Gestures/images_to_train/king in the north/index2.jpeg
2022-04-01 07:03:53.119 INFO Train - trainImages: loading image done
2022-04-01 07:03:53.119 INFO Train - trainImages: finding the encoding of image
2022-04-01 07:03:53.188 INFO Train - trainImages: finding encoding of image is done
2022-04-01 07:03:53.188 INFO Train - trainImages: loading image
2022-04-01 07:03:53.189 DEBUG Train - trainImages: /home/vikasjoshis001/Desktop/Gestures/images_to_train/king in the north/index4.jpeg
2022-04-01 07:03:53.189 INFO Train - trainImages: loading image done
2022-04-01 07:03:53.189 INFO Train - trainImages: finding the encoding of image
2022-04-01 07:03:53.259 INFO Train - trainImages: finding encoding of image is done
2022-04-01 07:03:53.259 INFO Train - trainImages: getting average of encodings of loaded images
2022-04-01 07:03:53.260 INFO Train - trainImages: done with getting average encodings
2022-04-01 07:03:53.260 INFO Train - trainImages: storing the name and encoding in local dictionary
2022-04-01 07:03:53.260 INFO Train - trainImages: stored name and encodes in local dictionary
2022-04-01 07:03:53.260 INFO Train - trainImages: storing the name and encodings in mongodb
2022-04-01 07:03:53.260 INFO Train - trainImages: stored all name and encodes in mongodb
2022-04-01 07:03:53.261 INFO Train - trainImages: started loading images and finding their encodings
2022-04-01 07:03:53.261 INFO Train - trainImages: loading image
2022-04-01 07:03:53.261 DEBUG Train - trainImages: /home/vikasjoshis001/Desktop/Gestures/images_to_train/jhgkm-2022-04-01 06:52:01.222160/jhgkm.21e0f799-b15a-11ec-ae44-cb6983774605.jpeg
2022-04-01 07:03:53.261 INFO Train - trainImages: loading image done
2022-04-01 07:03:53.262 INFO Train - trainImages: finding the encoding of image
2022-04-01 07:03:53.343 INFO Train - trainImages: finding encoding of image is done
2022-04-01 07:03:53.344 INFO Train - trainImages: loading image
2022-04-01 07:03:53.344 DEBUG Train - trainImages: /home/vikasjoshis001/Desktop/Gestures/images_to_train/jhgkm-2022-04-01 06:52:01.222160/jhgkm.2460b134-b15a-11ec-ae44-cb6983774605.jpeg
2022-04-01 07:03:53.345 INFO Train - trainImages: loading image done
2022-04-01 07:03:53.345 INFO Train - trainImages: finding the encoding of image
2022-04-01 07:03:53.425 INFO Train - trainImages: finding encoding of image is done
2022-04-01 07:03:53.425 INFO Train - trainImages: loading image
2022-04-01 07:03:53.426 DEBUG Train - trainImages: /home/vikasjoshis001/Desktop/Gestures/images_to_train/jhgkm-2022-04-01 06:52:01.222160/jhgkm.232bd08d-b15a-11ec-ae44-cb6983774605.jpeg
2022-04-01 07:03:53.426 INFO Train - trainImages: loading image done
2022-04-01 07:03:53.426 INFO Train - trainImages: finding the encoding of image
2022-04-01 07:03:53.506 INFO Train - trainImages: finding encoding of image is done
2022-04-01 07:03:53.506 INFO Train - trainImages: loading image
2022-04-01 07:03:53.507 DEBUG Train - trainImages: /home/vikasjoshis001/Desktop/Gestures/images_to_train/jhgkm-2022-04-01 06:52:01.222160/jhgkm.21e0f798-b15a-11ec-ae44-cb6983774605.jpeg
2022-04-01 07:03:53.507 INFO Train - trainImages: loading image done
2022-04-01 07:03:53.507 INFO Train - trainImages: finding the encoding of image
2022-04-01 07:03:53.588 INFO Train - trainImages: finding encoding of image is done
2022-04-01 07:03:53.588 INFO Train - trainImages: loading image
2022-04-01 07:03:53.589 DEBUG Train - trainImages: /home/vikasjoshis001/Desktop/Gestures/images_to_train/jhgkm-2022-04-01 06:52:01.222160/jhgkm.232bd08c-b15a-11ec-ae44-cb6983774605.jpeg
2022-04-01 07:03:53.589 INFO Train - trainImages: loading image done
2022-04-01 07:03:53.589 INFO Train - trainImages: finding the encoding of image
2022-04-01 07:03:53.669 INFO Train - trainImages: finding encoding of image is done
2022-04-01 07:03:53.669 INFO Train - trainImages: getting average of encodings of loaded images
2022-04-01 07:03:53.669 INFO Train - trainImages: done with getting average encodings
2022-04-01 07:03:53.669 INFO Train - trainImages: storing the name and encoding in local dictionary
2022-04-01 07:03:53.669 INFO Train - trainImages: stored name and encodes in local dictionary
2022-04-01 07:03:53.669 INFO Train - trainImages: storing the name and encodings in mongodb
2022-04-01 07:03:53.670 INFO Train - trainImages: stored all name and encodes in mongodb
2022-04-01 07:03:53.670 INFO Train - trainImages: started loading images and finding their encodings
2022-04-01 07:03:53.670 INFO Train - trainImages: loading image
2022-04-01 07:03:53.671 DEBUG Train - trainImages: /home/vikasjoshis001/Desktop/Gestures/images_to_train/,j-2022-04-01 06:52:52.475946/,j.42e77444-b15a-11ec-ae44-cb6983774605.jpeg
2022-04-01 07:03:53.671 INFO Train - trainImages: loading image done
2022-04-01 07:03:53.671 INFO Train - trainImages: finding the encoding of image
2022-04-01 07:03:53.753 INFO Train - trainImages: finding encoding of image is done
2022-04-01 07:03:53.753 INFO Train - trainImages: loading image
2022-04-01 07:03:53.754 DEBUG Train - trainImages: /home/vikasjoshis001/Desktop/Gestures/images_to_train/,j-2022-04-01 06:52:52.475946/,j.41b212f0-b15a-11ec-ae44-cb6983774605.jpeg
2022-04-01 07:03:53.754 INFO Train - trainImages: loading image done
2022-04-01 07:03:53.754 INFO Train - trainImages: finding the encoding of image
2022-04-01 07:03:53.835 INFO Train - trainImages: finding encoding of image is done
2022-04-01 07:03:53.835 INFO Train - trainImages: loading image
2022-04-01 07:03:53.836 DEBUG Train - trainImages: /home/vikasjoshis001/Desktop/Gestures/images_to_train/,j-2022-04-01 06:52:52.475946/,j.406d70ce-b15a-11ec-ae44-cb6983774605.jpeg
2022-04-01 07:03:53.836 INFO Train - trainImages: loading image done
2022-04-01 07:03:53.836 INFO Train - trainImages: finding the encoding of image
2022-04-01 07:03:53.918 INFO Train - trainImages: finding encoding of image is done
2022-04-01 07:03:53.918 INFO Train - trainImages: loading image
2022-04-01 07:03:53.919 DEBUG Train - trainImages: /home/vikasjoshis001/Desktop/Gestures/images_to_train/,j-2022-04-01 06:52:52.475946/,j.41b212f1-b15a-11ec-ae44-cb6983774605.jpeg
2022-04-01 07:03:53.919 INFO Train - trainImages: loading image done
2022-04-01 07:03:53.919 INFO Train - trainImages: finding the encoding of image
2022-04-01 07:03:54.000 INFO Train - trainImages: finding encoding of image is done
2022-04-01 07:03:54.000 INFO Train - trainImages: loading image
2022-04-01 07:03:54.001 DEBUG Train - trainImages: /home/vikasjoshis001/Desktop/Gestures/images_to_train/,j-2022-04-01 06:52:52.475946/,j.406d70cf-b15a-11ec-ae44-cb6983774605.jpeg
2022-04-01 07:03:54.001 INFO Train - trainImages: loading image done
2022-04-01 07:03:54.001 INFO Train - trainImages: finding the encoding of image
2022-04-01 07:03:54.086 INFO Train - trainImages: finding encoding of image is done
2022-04-01 07:03:54.086 INFO Train - trainImages: getting average of encodings of loaded images
2022-04-01 07:03:54.086 INFO Train - trainImages: done with getting average encodings
2022-04-01 07:03:54.086 INFO Train - trainImages: storing the name and encoding in local dictionary
2022-04-01 07:03:54.086 INFO Train - trainImages: stored name and encodes in local dictionary
2022-04-01 07:03:54.086 INFO Train - trainImages: storing the name and encodings in mongodb
2022-04-01 07:03:54.087 INFO Train - trainImages: stored all name and encodes in mongodb
2022-04-01 07:03:54.087 INFO Train - trainImages: started loading images and finding their encodings
2022-04-01 07:03:54.087 INFO Train - trainImages: loading image
2022-04-01 07:03:54.088 DEBUG Train - trainImages: /home/vikasjoshis001/Desktop/Gestures/images_to_train/fdbgf-2022-04-01 06:51:09.169578/fdbgf.02dad211-b15a-11ec-ae44-cb6983774605.jpeg
2022-04-01 07:03:54.088 INFO Train - trainImages: loading image done
2022-04-01 07:03:54.088 INFO Train - trainImages: finding the encoding of image
2022-04-01 07:03:54.188 INFO Train - trainImages: finding encoding of image is done
2022-04-01 07:03:54.189 INFO Train - trainImages: loading image
2022-04-01 07:03:54.190 DEBUG Train - trainImages: /home/vikasjoshis001/Desktop/Gestures/images_to_train/fdbgf-2022-04-01 06:51:09.169578/fdbgf.02dad210-b15a-11ec-ae44-cb6983774605.jpeg
2022-04-01 07:03:54.190 INFO Train - trainImages: loading image done
2022-04-01 07:03:54.190 INFO Train - trainImages: finding the encoding of image
2022-04-01 07:03:54.287 INFO Train - trainImages: finding encoding of image is done
2022-04-01 07:03:54.287 INFO Train - trainImages: loading image
2022-04-01 07:03:54.288 DEBUG Train - trainImages: /home/vikasjoshis001/Desktop/Gestures/images_to_train/fdbgf-2022-04-01 06:51:09.169578/fdbgf.041ff704-b15a-11ec-ae44-cb6983774605.jpeg
2022-04-01 07:03:54.288 INFO Train - trainImages: loading image done
2022-04-01 07:03:54.288 INFO Train - trainImages: finding the encoding of image
2022-04-01 07:03:54.369 INFO Train - trainImages: finding encoding of image is done
2022-04-01 07:03:54.369 INFO Train - trainImages: loading image
2022-04-01 07:03:54.370 DEBUG Train - trainImages: /home/vikasjoshis001/Desktop/Gestures/images_to_train/fdbgf-2022-04-01 06:51:09.169578/fdbgf.055446f2-b15a-11ec-ae44-cb6983774605.jpeg
2022-04-01 07:03:54.370 INFO Train - trainImages: loading image done
2022-04-01 07:03:54.370 INFO Train - trainImages: finding the encoding of image
2022-04-01 07:03:54.450 INFO Train - trainImages: finding encoding of image is done
2022-04-01 07:03:54.450 INFO Train - trainImages: loading image
2022-04-01 07:03:54.451 DEBUG Train - trainImages: /home/vikasjoshis001/Desktop/Gestures/images_to_train/fdbgf-2022-04-01 06:51:09.169578/fdbgf.041ff705-b15a-11ec-ae44-cb6983774605.jpeg
2022-04-01 07:03:54.451 INFO Train - trainImages: loading image done
2022-04-01 07:03:54.451 INFO Train - trainImages: finding the encoding of image
2022-04-01 07:03:54.532 INFO Train - trainImages: finding encoding of image is done
2022-04-01 07:03:54.532 INFO Train - trainImages: getting average of encodings of loaded images
2022-04-01 07:03:54.532 INFO Train - trainImages: done with getting average encodings
2022-04-01 07:03:54.532 INFO Train - trainImages: storing the name and encoding in local dictionary
2022-04-01 07:03:54.532 INFO Train - trainImages: stored name and encodes in local dictionary
2022-04-01 07:03:54.532 INFO Train - trainImages: storing the name and encodings in mongodb
2022-04-01 07:03:54.533 INFO Train - trainImages: stored all name and encodes in mongodb
2022-04-01 07:03:54.533 INFO Train - trainImages: started loading images and finding their encodings
2022-04-01 07:03:54.533 INFO Train - trainImages: loading image
2022-04-01 07:03:54.534 DEBUG Train - trainImages: /home/vikasjoshis001/Desktop/Gestures/images_to_train/hmjmjm-2022-04-01 06:49:03.851652/hmjmjm.b96e0642-b159-11ec-ae44-cb6983774605.jpeg
2022-04-01 07:03:54.534 INFO Train - trainImages: loading image done
2022-04-01 07:03:54.534 INFO Train - trainImages: finding the encoding of image
2022-04-01 07:03:54.616 INFO Train - trainImages: finding encoding of image is done
2022-04-01 07:03:54.616 INFO Train - trainImages: loading image
2022-04-01 07:03:54.617 DEBUG Train - trainImages: /home/vikasjoshis001/Desktop/Gestures/images_to_train/hmjmjm-2022-04-01 06:49:03.851652/hmjmjm.baa2aba8-b159-11ec-ae44-cb6983774605.jpeg
2022-04-01 07:03:54.617 INFO Train - trainImages: loading image done
2022-04-01 07:03:54.617 INFO Train - trainImages: finding the encoding of image
2022-04-01 07:03:54.696 INFO Train - trainImages: finding encoding of image is done
2022-04-01 07:03:54.696 INFO Train - trainImages: loading image
2022-04-01 07:03:54.697 DEBUG Train - trainImages: /home/vikasjoshis001/Desktop/Gestures/images_to_train/hmjmjm-2022-04-01 06:49:03.851652/hmjmjm.b8283122-b159-11ec-ae44-cb6983774605.jpeg
2022-04-01 07:03:54.697 INFO Train - trainImages: loading image done
2022-04-01 07:03:54.697 INFO Train - trainImages: finding the encoding of image
2022-04-01 07:03:54.778 INFO Train - trainImages: finding encoding of image is done
2022-04-01 07:03:54.779 INFO Train - trainImages: loading image
2022-04-01 07:03:54.780 DEBUG Train - trainImages: /home/vikasjoshis001/Desktop/Gestures/images_to_train/hmjmjm-2022-04-01 06:49:03.851652/hmjmjm.b8283123-b159-11ec-ae44-cb6983774605.jpeg
2022-04-01 07:03:54.780 INFO Train - trainImages: loading image done
2022-04-01 07:03:54.780 INFO Train - trainImages: finding the encoding of image
2022-04-01 07:03:54.860 INFO Train - trainImages: finding encoding of image is done
2022-04-01 07:03:54.860 INFO Train - trainImages: loading image
2022-04-01 07:03:54.861 DEBUG Train - trainImages: /home/vikasjoshis001/Desktop/Gestures/images_to_train/hmjmjm-2022-04-01 06:49:03.851652/hmjmjm.b96e0643-b159-11ec-ae44-cb6983774605.jpeg
2022-04-01 07:03:54.861 INFO Train - trainImages: loading image done
2022-04-01 07:03:54.861 INFO Train - trainImages: finding the encoding of image
2022-04-01 07:03:54.942 INFO Train - trainImages: finding encoding of image is done
2022-04-01 07:03:54.942 INFO Train - trainImages: getting average of encodings of loaded images
2022-04-01 07:03:54.942 INFO Train - trainImages: done with getting average encodings
2022-04-01 07:03:54.942 INFO Train - trainImages: storing the name and encoding in local dictionary
2022-04-01 07:03:54.942 INFO Train - trainImages: stored name and encodes in local dictionary
2022-04-01 07:03:54.942 INFO Train - trainImages: storing the name and encodings in mongodb
2022-04-01 07:03:54.943 INFO Train - trainImages: stored all name and encodes in mongodb
2022-04-01 07:03:54.943 INFO Train - trainImages: started loading images and finding their encodings
2022-04-01 07:03:54.943 INFO Train - trainImages: loading image
2022-04-01 07:03:54.944 DEBUG Train - trainImages: /home/vikasjoshis001/Desktop/Gestures/images_to_train/OJdihfj-2022-04-01 06:41:45.047193/OJdihfj.b29c3dbd-b158-11ec-ae44-cb6983774605.jpeg
2022-04-01 07:03:54.944 INFO Train - trainImages: loading image done
2022-04-01 07:03:54.944 INFO Train - trainImages: finding the encoding of image
2022-04-01 07:03:55.024 INFO Train - trainImages: finding encoding of image is done
2022-04-01 07:03:55.024 INFO Train - trainImages: loading image
2022-04-01 07:03:55.025 DEBUG Train - trainImages: /home/vikasjoshis001/Desktop/Gestures/images_to_train/OJdihfj-2022-04-01 06:41:45.047193/OJdihfj.b51c4758-b158-11ec-ae44-cb6983774605.jpeg
2022-04-01 07:03:55.025 INFO Train - trainImages: loading image done
2022-04-01 07:03:55.025 INFO Train - trainImages: finding the encoding of image
2022-04-01 07:03:55.106 INFO Train - trainImages: finding encoding of image is done
2022-04-01 07:03:55.106 INFO Train - trainImages: loading image
2022-04-01 07:03:55.107 DEBUG Train - trainImages: /home/vikasjoshis001/Desktop/Gestures/images_to_train/OJdihfj-2022-04-01 06:41:45.047193/OJdihfj.b29c3dbc-b158-11ec-ae44-cb6983774605.jpeg
2022-04-01 07:03:55.107 INFO Train - trainImages: loading image done
2022-04-01 07:03:55.107 INFO Train - trainImages: finding the encoding of image
2022-04-01 07:03:55.188 INFO Train - trainImages: finding encoding of image is done
2022-04-01 07:03:55.188 INFO Train - trainImages: loading image
2022-04-01 07:03:55.189 DEBUG Train - trainImages: /home/vikasjoshis001/Desktop/Gestures/images_to_train/OJdihfj-2022-04-01 06:41:45.047193/OJdihfj.b3e76661-b158-11ec-ae44-cb6983774605.jpeg
2022-04-01 07:03:55.189 INFO Train - trainImages: loading image done
2022-04-01 07:03:55.189 INFO Train - trainImages: finding the encoding of image
2022-04-01 07:03:55.270 INFO Train - trainImages: finding encoding of image is done
2022-04-01 07:03:55.270 INFO Train - trainImages: loading image
2022-04-01 07:03:55.271 DEBUG Train - trainImages: /home/vikasjoshis001/Desktop/Gestures/images_to_train/OJdihfj-2022-04-01 06:41:45.047193/OJdihfj.b3e76660-b158-11ec-ae44-cb6983774605.jpeg
2022-04-01 07:03:55.271 INFO Train - trainImages: loading image done
2022-04-01 07:03:55.271 INFO Train - trainImages: finding the encoding of image
2022-04-01 07:03:55.355 INFO Train - trainImages: finding encoding of image is done
2022-04-01 07:03:55.355 INFO Train - trainImages: getting average of encodings of loaded images
2022-04-01 07:03:55.355 INFO Train - trainImages: done with getting average encodings
2022-04-01 07:03:55.355 INFO Train - trainImages: storing the name and encoding in local dictionary
2022-04-01 07:03:55.355 INFO Train - trainImages: stored name and encodes in local dictionary
2022-04-01 07:03:55.355 INFO Train - trainImages: storing the name and encodings in mongodb
2022-04-01 07:03:55.356 INFO Train - trainImages: stored all name and encodes in mongodb
2022-04-01 07:03:55.356 INFO Train - trainImages: started loading images and finding their encodings
2022-04-01 07:03:55.356 INFO Train - trainImages: loading image
2022-04-01 07:03:55.357 DEBUG Train - trainImages: /home/vikasjoshis001/Desktop/Gestures/images_to_train/jfhkjg-2022-04-01 06:37:04.905084/jfhkjg.0ceab510-b158-11ec-ae44-cb6983774605.jpeg
2022-04-01 07:03:55.357 INFO Train - trainImages: loading image done
2022-04-01 07:03:55.357 INFO Train - trainImages: finding the encoding of image
2022-04-01 07:03:55.436 INFO Train - trainImages: finding encoding of image is done
2022-04-01 07:03:55.436 INFO Train - trainImages: loading image
2022-04-01 07:03:55.437 DEBUG Train - trainImages: /home/vikasjoshis001/Desktop/Gestures/images_to_train/jfhkjg-2022-04-01 06:37:04.905084/jfhkjg.0ceab511-b158-11ec-ae44-cb6983774605.jpeg
2022-04-01 07:03:55.438 INFO Train - trainImages: loading image done
2022-04-01 07:03:55.438 INFO Train - trainImages: finding the encoding of image
2022-04-01 07:03:55.517 INFO Train - trainImages: finding encoding of image is done
2022-04-01 07:03:55.518 INFO Train - trainImages: loading image
2022-04-01 07:03:55.519 DEBUG Train - trainImages: /home/vikasjoshis001/Desktop/Gestures/images_to_train/jfhkjg-2022-04-01 06:37:04.905084/jfhkjg.0e1fb85e-b158-11ec-ae44-cb6983774605.jpeg
2022-04-01 07:03:55.519 INFO Train - trainImages: loading image done
2022-04-01 07:03:55.519 INFO Train - trainImages: finding the encoding of image
2022-04-01 07:03:55.598 INFO Train - trainImages: finding encoding of image is done
2022-04-01 07:03:55.599 INFO Train - trainImages: loading image
2022-04-01 07:03:55.600 DEBUG Train - trainImages: /home/vikasjoshis001/Desktop/Gestures/images_to_train/jfhkjg-2022-04-01 06:37:04.905084/jfhkjg.0ba1782e-b158-11ec-ae44-cb6983774605.jpeg
2022-04-01 07:03:55.600 INFO Train - trainImages: loading image done
2022-04-01 07:03:55.600 INFO Train - trainImages: finding the encoding of image
2022-04-01 07:03:55.680 INFO Train - trainImages: finding encoding of image is done
2022-04-01 07:03:55.680 INFO Train - trainImages: loading image
2022-04-01 07:03:55.681 DEBUG Train - trainImages: /home/vikasjoshis001/Desktop/Gestures/images_to_train/jfhkjg-2022-04-01 06:37:04.905084/jfhkjg.0ba1782f-b158-11ec-ae44-cb6983774605.jpeg
2022-04-01 07:03:55.681 INFO Train - trainImages: loading image done
2022-04-01 07:03:55.681 INFO Train - trainImages: finding the encoding of image
2022-04-01 07:03:55.761 INFO Train - trainImages: finding encoding of image is done
2022-04-01 07:03:55.761 INFO Train - trainImages: getting average of encodings of loaded images
2022-04-01 07:03:55.761 INFO Train - trainImages: done with getting average encodings
2022-04-01 07:03:55.761 INFO Train - trainImages: storing the name and encoding in local dictionary
2022-04-01 07:03:55.761 INFO Train - trainImages: stored name and encodes in local dictionary
2022-04-01 07:03:55.761 INFO Train - trainImages: storing the name and encodings in mongodb
2022-04-01 07:03:55.762 INFO Train - trainImages: stored all name and encodes in mongodb
2022-04-01 07:03:55.762 INFO Train - trainImages: started loading images and finding their encodings
2022-04-01 07:03:55.762 INFO Train - trainImages: loading image
2022-04-01 07:03:55.763 DEBUG Train - trainImages: /home/vikasjoshis001/Desktop/Gestures/images_to_train/fdsfg-2022-04-01 06:31:00.007557/fdsfg.3222a709-b157-11ec-ae44-cb6983774605.jpeg
2022-04-01 07:03:55.763 INFO Train - trainImages: loading image done
2022-04-01 07:03:55.763 INFO Train - trainImages: finding the encoding of image
2022-04-01 07:03:55.846 INFO Train - trainImages: finding encoding of image is done
2022-04-01 07:03:55.846 INFO Train - trainImages: loading image
2022-04-01 07:03:55.847 DEBUG Train - trainImages: /home/vikasjoshis001/Desktop/Gestures/images_to_train/fdsfg-2022-04-01 06:31:00.007557/fdsfg.33671982-b157-11ec-ae44-cb6983774605.jpeg
2022-04-01 07:03:55.847 INFO Train - trainImages: loading image done
2022-04-01 07:03:55.847 INFO Train - trainImages: finding the encoding of image
2022-04-01 07:03:55.927 INFO Train - trainImages: finding encoding of image is done
2022-04-01 07:03:55.927 INFO Train - trainImages: loading image
2022-04-01 07:03:55.928 DEBUG Train - trainImages: /home/vikasjoshis001/Desktop/Gestures/images_to_train/fdsfg-2022-04-01 06:31:00.007557/fdsfg.33671983-b157-11ec-ae44-cb6983774605.jpeg
2022-04-01 07:03:55.928 INFO Train - trainImages: loading image done
2022-04-01 07:03:55.928 INFO Train - trainImages: finding the encoding of image
2022-04-01 07:03:56.009 INFO Train - trainImages: finding encoding of image is done
2022-04-01 07:03:56.010 INFO Train - trainImages: loading image
2022-04-01 07:03:56.011 DEBUG Train - trainImages: /home/vikasjoshis001/Desktop/Gestures/images_to_train/fdsfg-2022-04-01 06:31:00.007557/fdsfg.349ba318-b157-11ec-ae44-cb6983774605.jpeg
2022-04-01 07:03:56.011 INFO Train - trainImages: loading image done
2022-04-01 07:03:56.011 INFO Train - trainImages: finding the encoding of image
2022-04-01 07:03:56.091 INFO Train - trainImages: finding encoding of image is done
2022-04-01 07:03:56.091 INFO Train - trainImages: loading image
2022-04-01 07:03:56.092 DEBUG Train - trainImages: /home/vikasjoshis001/Desktop/Gestures/images_to_train/fdsfg-2022-04-01 06:31:00.007557/fdsfg.3222a708-b157-11ec-ae44-cb6983774605.jpeg
2022-04-01 07:03:56.092 INFO Train - trainImages: loading image done
2022-04-01 07:03:56.092 INFO Train - trainImages: finding the encoding of image
2022-04-01 07:03:56.172 INFO Train - trainImages: finding encoding of image is done
2022-04-01 07:03:56.173 INFO Train - trainImages: getting average of encodings of loaded images
2022-04-01 07:03:56.173 INFO Train - trainImages: done with getting average encodings
2022-04-01 07:03:56.173 INFO Train - trainImages: storing the name and encoding in local dictionary
2022-04-01 07:03:56.173 INFO Train - trainImages: stored name and encodes in local dictionary
2022-04-01 07:03:56.173 INFO Train - trainImages: storing the name and encodings in mongodb
2022-04-01 07:03:56.174 INFO Train - trainImages: stored all name and encodes in mongodb
2022-04-01 07:03:56.174 INFO Train - trainImages: started loading images and finding their encodings
2022-04-01 07:03:56.174 INFO Train - trainImages: loading image
2022-04-01 07:03:56.175 DEBUG Train - trainImages: /home/vikasjoshis001/Desktop/Gestures/images_to_train/UIO-2022-04-01 06:08:24.896094/UIO.0a6d3245-b154-11ec-ae44-cb6983774605.jpeg
2022-04-01 07:03:56.175 INFO Train - trainImages: loading image done
2022-04-01 07:03:56.175 INFO Train - trainImages: finding the encoding of image
2022-04-01 07:03:56.255 INFO Train - trainImages: finding encoding of image is done
2022-04-01 07:03:56.255 INFO Train - trainImages: loading image
2022-04-01 07:03:56.256 DEBUG Train - trainImages: /home/vikasjoshis001/Desktop/Gestures/images_to_train/UIO-2022-04-01 06:08:24.896094/UIO.0bbc7cb9-b154-11ec-ae44-cb6983774605.jpeg
2022-04-01 07:03:56.256 INFO Train - trainImages: loading image done
2022-04-01 07:03:56.256 INFO Train - trainImages: finding the encoding of image
2022-04-01 07:03:56.336 INFO Train - trainImages: finding encoding of image is done
2022-04-01 07:03:56.336 INFO Train - trainImages: loading image
2022-04-01 07:03:56.337 DEBUG Train - trainImages: /home/vikasjoshis001/Desktop/Gestures/images_to_train/UIO-2022-04-01 06:08:24.896094/UIO.0bbc7cb8-b154-11ec-ae44-cb6983774605.jpeg
2022-04-01 07:03:56.337 INFO Train - trainImages: loading image done
2022-04-01 07:03:56.337 INFO Train - trainImages: finding the encoding of image
2022-04-01 07:03:56.418 INFO Train - trainImages: finding encoding of image is done
2022-04-01 07:03:56.418 INFO Train - trainImages: loading image
2022-04-01 07:03:56.419 DEBUG Train - trainImages: /home/vikasjoshis001/Desktop/Gestures/images_to_train/UIO-2022-04-01 06:08:24.896094/UIO.0a6d3244-b154-11ec-ae44-cb6983774605.jpeg
2022-04-01 07:03:56.419 INFO Train - trainImages: loading image done
2022-04-01 07:03:56.419 INFO Train - trainImages: finding the encoding of image
2022-04-01 07:03:56.501 INFO Train - trainImages: finding encoding of image is done
2022-04-01 07:03:56.501 INFO Train - trainImages: loading image
2022-04-01 07:03:56.502 DEBUG Train - trainImages: /home/vikasjoshis001/Desktop/Gestures/images_to_train/UIO-2022-04-01 06:08:24.896094/UIO.0cf136d2-b154-11ec-ae44-cb6983774605.jpeg
2022-04-01 07:03:56.502 INFO Train - trainImages: loading image done
2022-04-01 07:03:56.502 INFO Train - trainImages: finding the encoding of image
2022-04-01 07:03:56.583 INFO Train - trainImages: finding encoding of image is done
2022-04-01 07:03:56.583 INFO Train - trainImages: getting average of encodings of loaded images
2022-04-01 07:03:56.584 INFO Train - trainImages: done with getting average encodings
2022-04-01 07:03:56.584 INFO Train - trainImages: storing the name and encoding in local dictionary
2022-04-01 07:03:56.584 INFO Train - trainImages: stored name and encodes in local dictionary
2022-04-01 07:03:56.584 INFO Train - trainImages: storing the name and encodings in mongodb
2022-04-01 07:03:56.584 INFO Train - trainImages: stored all name and encodes in mongodb
2022-04-01 07:03:56.584 INFO Train - trainImages: started loading images and finding their encodings
2022-04-01 07:03:56.584 INFO Train - trainImages: loading image
2022-04-01 07:03:56.585 DEBUG Train - trainImages: /home/vikasjoshis001/Desktop/Gestures/images_to_train/arya stark/index.jpeg
2022-04-01 07:03:56.585 INFO Train - trainImages: loading image done
2022-04-01 07:03:56.585 INFO Train - trainImages: finding the encoding of image
2022-04-01 07:03:56.656 INFO Train - trainImages: finding encoding of image is done
2022-04-01 07:03:56.656 INFO Train - trainImages: loading image
2022-04-01 07:03:56.657 DEBUG Train - trainImages: /home/vikasjoshis001/Desktop/Gestures/images_to_train/arya stark/index3.jpeg
2022-04-01 07:03:56.657 INFO Train - trainImages: loading image done
2022-04-01 07:03:56.657 INFO Train - trainImages: finding the encoding of image
2022-04-01 07:03:56.726 INFO Train - trainImages: finding encoding of image is done
2022-04-01 07:03:56.726 INFO Train - trainImages: loading image
2022-04-01 07:03:56.727 DEBUG Train - trainImages: /home/vikasjoshis001/Desktop/Gestures/images_to_train/arya stark/index5.jpeg
2022-04-01 07:03:56.727 INFO Train - trainImages: loading image done
2022-04-01 07:03:56.727 INFO Train - trainImages: finding the encoding of image
2022-04-01 07:03:56.796 INFO Train - trainImages: finding encoding of image is done
2022-04-01 07:03:56.797 INFO Train - trainImages: loading image
2022-04-01 07:03:56.797 DEBUG Train - trainImages: /home/vikasjoshis001/Desktop/Gestures/images_to_train/arya stark/index2.jpeg
2022-04-01 07:03:56.797 INFO Train - trainImages: loading image done
2022-04-01 07:03:56.797 INFO Train - trainImages: finding the encoding of image
2022-04-01 07:03:56.865 INFO Train - trainImages: finding encoding of image is done
2022-04-01 07:03:56.865 INFO Train - trainImages: loading image
2022-04-01 07:03:56.866 DEBUG Train - trainImages: /home/vikasjoshis001/Desktop/Gestures/images_to_train/arya stark/images4.jpeg
2022-04-01 07:03:56.866 INFO Train - trainImages: loading image done
2022-04-01 07:03:56.866 INFO Train - trainImages: finding the encoding of image
2022-04-01 07:03:56.933 INFO Train - trainImages: finding encoding of image is done
2022-04-01 07:03:56.933 INFO Train - trainImages: getting average of encodings of loaded images
2022-04-01 07:03:56.933 INFO Train - trainImages: done with getting average encodings
2022-04-01 07:03:56.933 INFO Train - trainImages: storing the name and encoding in local dictionary
2022-04-01 07:03:56.933 INFO Train - trainImages: stored name and encodes in local dictionary
2022-04-01 07:03:56.933 INFO Train - trainImages: storing the name and encodings in mongodb
2022-04-01 07:03:56.934 INFO Train - trainImages: stored all name and encodes in mongodb
2022-04-01 07:03:56.934 INFO Train - trainImages: started loading images and finding their encodings
2022-04-01 07:03:56.934 INFO Train - trainImages: loading image
2022-04-01 07:03:56.935 DEBUG Train - trainImages: /home/vikasjoshis001/Desktop/Gestures/images_to_train/hhh-2022-04-01 06:44:57.963327/hhh.25986278-b159-11ec-ae44-cb6983774605.jpeg
2022-04-01 07:03:56.935 INFO Train - trainImages: loading image done
2022-04-01 07:03:56.935 INFO Train - trainImages: finding the encoding of image
2022-04-01 07:03:57.015 INFO Train - trainImages: finding encoding of image is done
2022-04-01 07:03:57.015 INFO Train - trainImages: loading image
2022-04-01 07:03:57.016 DEBUG Train - trainImages: /home/vikasjoshis001/Desktop/Gestures/images_to_train/hhh-2022-04-01 06:44:57.963327/hhh.26dc8538-b159-11ec-ae44-cb6983774605.jpeg
2022-04-01 07:03:57.016 INFO Train - trainImages: loading image done
2022-04-01 07:03:57.016 INFO Train - trainImages: finding the encoding of image
2022-04-01 07:03:57.096 INFO Train - trainImages: finding encoding of image is done
2022-04-01 07:03:57.096 INFO Train - trainImages: loading image
2022-04-01 07:03:57.097 DEBUG Train - trainImages: /home/vikasjoshis001/Desktop/Gestures/images_to_train/hhh-2022-04-01 06:44:57.963327/hhh.28114740-b159-11ec-ae44-cb6983774605.jpeg
2022-04-01 07:03:57.097 INFO Train - trainImages: loading image done
2022-04-01 07:03:57.097 INFO Train - trainImages: finding the encoding of image
2022-04-01 07:03:57.179 INFO Train - trainImages: finding encoding of image is done
2022-04-01 07:03:57.179 INFO Train - trainImages: loading image
2022-04-01 07:03:57.180 DEBUG Train - trainImages: /home/vikasjoshis001/Desktop/Gestures/images_to_train/hhh-2022-04-01 06:44:57.963327/hhh.26dc8539-b159-11ec-ae44-cb6983774605.jpeg
2022-04-01 07:03:57.180 INFO Train - trainImages: loading image done
2022-04-01 07:03:57.180 INFO Train - trainImages: finding the encoding of image
2022-04-01 07:03:57.260 INFO Train - trainImages: finding encoding of image is done
2022-04-01 07:03:57.260 INFO Train - trainImages: loading image
2022-04-01 07:03:57.261 DEBUG Train - trainImages: /home/vikasjoshis001/Desktop/Gestures/images_to_train/hhh-2022-04-01 06:44:57.963327/hhh.25986279-b159-11ec-ae44-cb6983774605.jpeg
2022-04-01 07:03:57.261 INFO Train - trainImages: loading image done
2022-04-01 07:03:57.261 INFO Train - trainImages: finding the encoding of image
2022-04-01 07:03:57.343 INFO Train - trainImages: finding encoding of image is done
2022-04-01 07:03:57.343 INFO Train - trainImages: getting average of encodings of loaded images
2022-04-01 07:03:57.343 INFO Train - trainImages: done with getting average encodings
2022-04-01 07:03:57.343 INFO Train - trainImages: storing the name and encoding in local dictionary
2022-04-01 07:03:57.343 INFO Train - trainImages: stored name and encodes in local dictionary
2022-04-01 07:03:57.343 INFO Train - trainImages: storing the name and encodings in mongodb
2022-04-01 07:03:57.344 INFO Train - trainImages: stored all name and encodes in mongodb
2022-04-01 07:03:57.344 INFO Train - trainImages: started loading images and finding their encodings
2022-04-01 07:03:57.344 INFO Train - trainImages: loading image
2022-04-01 07:03:57.345 DEBUG Train - trainImages: /home/vikasjoshis001/Desktop/Gestures/images_to_train/lvkn;lhk-2022-04-01 06:42:39.157330/lvkn;lhk.d2dc65ac-b158-11ec-ae44-cb6983774605.jpeg
2022-04-01 07:03:57.345 INFO Train - trainImages: loading image done
2022-04-01 07:03:57.345 INFO Train - trainImages: finding the encoding of image
2022-04-01 07:03:57.427 INFO Train - trainImages: finding encoding of image is done
2022-04-01 07:03:57.427 INFO Train - trainImages: loading image
2022-04-01 07:03:57.428 DEBUG Train - trainImages: /home/vikasjoshis001/Desktop/Gestures/images_to_train/lvkn;lhk-2022-04-01 06:42:39.157330/lvkn;lhk.d4222b36-b158-11ec-ae44-cb6983774605.jpeg
2022-04-01 07:03:57.428 INFO Train - trainImages: loading image done
2022-04-01 07:03:57.428 INFO Train - trainImages: finding the encoding of image
2022-04-01 07:03:57.509 INFO Train - trainImages: finding encoding of image is done
2022-04-01 07:03:57.509 INFO Train - trainImages: loading image
2022-04-01 07:03:57.510 DEBUG Train - trainImages: /home/vikasjoshis001/Desktop/Gestures/images_to_train/lvkn;lhk-2022-04-01 06:42:39.157330/lvkn;lhk.d5570328-b158-11ec-ae44-cb6983774605.jpeg
2022-04-01 07:03:57.510 INFO Train - trainImages: loading image done
2022-04-01 07:03:57.510 INFO Train - trainImages: finding the encoding of image
2022-04-01 07:03:57.592 INFO Train - trainImages: finding encoding of image is done
2022-04-01 07:03:57.592 INFO Train - trainImages: loading image
2022-04-01 07:03:57.593 DEBUG Train - trainImages: /home/vikasjoshis001/Desktop/Gestures/images_to_train/lvkn;lhk-2022-04-01 06:42:39.157330/lvkn;lhk.d4222b37-b158-11ec-ae44-cb6983774605.jpeg
2022-04-01 07:03:57.593 INFO Train - trainImages: loading image done
2022-04-01 07:03:57.593 INFO Train - trainImages: finding the encoding of image
2022-04-01 07:03:57.674 INFO Train - trainImages: finding encoding of image is done
2022-04-01 07:03:57.674 INFO Train - trainImages: loading image
2022-04-01 07:03:57.675 DEBUG Train - trainImages: /home/vikasjoshis001/Desktop/Gestures/images_to_train/lvkn;lhk-2022-04-01 06:42:39.157330/lvkn;lhk.d2dc65ad-b158-11ec-ae44-cb6983774605.jpeg
2022-04-01 07:03:57.675 INFO Train - trainImages: loading image done
2022-04-01 07:03:57.675 INFO Train - trainImages: finding the encoding of image
2022-04-01 07:03:57.758 INFO Train - trainImages: finding encoding of image is done
2022-04-01 07:03:57.758 INFO Train - trainImages: getting average of encodings of loaded images
2022-04-01 07:03:57.758 INFO Train - trainImages: done with getting average encodings
2022-04-01 07:03:57.758 INFO Train - trainImages: storing the name and encoding in local dictionary
2022-04-01 07:03:57.758 INFO Train - trainImages: stored name and encodes in local dictionary
2022-04-01 07:03:57.758 INFO Train - trainImages: storing the name and encodings in mongodb
2022-04-01 07:03:57.759 INFO Train - trainImages: stored all name and encodes in mongodb
2022-04-01 07:03:57.759 INFO Train - trainImages: started loading images and finding their encodings
2022-04-01 07:03:57.759 INFO Train - trainImages: loading image
2022-04-01 07:03:57.760 DEBUG Train - trainImages: /home/vikasjoshis001/Desktop/Gestures/images_to_train/bgcnhgnvbngh-2022-04-01 06:34:02.139502/bgcnhgnvbngh.a134ebc4-b157-11ec-ae44-cb6983774605.jpeg
2022-04-01 07:03:57.760 INFO Train - trainImages: loading image done
2022-04-01 07:03:57.760 INFO Train - trainImages: finding the encoding of image
2022-04-01 07:03:57.841 INFO Train - trainImages: finding encoding of image is done
2022-04-01 07:03:57.841 INFO Train - trainImages: loading image
2022-04-01 07:03:57.842 DEBUG Train - trainImages: /home/vikasjoshis001/Desktop/Gestures/images_to_train/bgcnhgnvbngh-2022-04-01 06:34:02.139502/bgcnhgnvbngh.9fff80f2-b157-11ec-ae44-cb6983774605.jpeg
2022-04-01 07:03:57.842 INFO Train - trainImages: loading image done
2022-04-01 07:03:57.842 INFO Train - trainImages: finding the encoding of image
2022-04-01 07:03:57.922 INFO Train - trainImages: finding encoding of image is done
2022-04-01 07:03:57.922 INFO Train - trainImages: loading image
2022-04-01 07:03:57.923 DEBUG Train - trainImages: /home/vikasjoshis001/Desktop/Gestures/images_to_train/bgcnhgnvbngh-2022-04-01 06:34:02.139502/bgcnhgnvbngh.9eb230f1-b157-11ec-ae44-cb6983774605.jpeg
2022-04-01 07:03:57.923 INFO Train - trainImages: loading image done
2022-04-01 07:03:57.923 INFO Train - trainImages: finding the encoding of image
2022-04-01 07:03:58.003 INFO Train - trainImages: finding encoding of image is done
2022-04-01 07:03:58.003 INFO Train - trainImages: loading image
2022-04-01 07:03:58.004 DEBUG Train - trainImages: /home/vikasjoshis001/Desktop/Gestures/images_to_train/bgcnhgnvbngh-2022-04-01 06:34:02.139502/bgcnhgnvbngh.9fff80f3-b157-11ec-ae44-cb6983774605.jpeg
2022-04-01 07:03:58.004 INFO Train - trainImages: loading image done
2022-04-01 07:03:58.004 INFO Train - trainImages: finding the encoding of image
2022-04-01 07:03:58.085 INFO Train - trainImages: finding encoding of image is done
2022-04-01 07:03:58.085 INFO Train - trainImages: loading image
2022-04-01 07:03:58.086 DEBUG Train - trainImages: /home/vikasjoshis001/Desktop/Gestures/images_to_train/bgcnhgnvbngh-2022-04-01 06:34:02.139502/bgcnhgnvbngh.9eb230f0-b157-11ec-ae44-cb6983774605.jpeg
2022-04-01 07:03:58.086 INFO Train - trainImages: loading image done
2022-04-01 07:03:58.086 INFO Train - trainImages: finding the encoding of image
2022-04-01 07:03:58.168 INFO Train - trainImages: finding encoding of image is done
2022-04-01 07:03:58.168 INFO Train - trainImages: getting average of encodings of loaded images
2022-04-01 07:03:58.168 INFO Train - trainImages: done with getting average encodings
2022-04-01 07:03:58.168 INFO Train - trainImages: storing the name and encoding in local dictionary
2022-04-01 07:03:58.168 INFO Train - trainImages: stored name and encodes in local dictionary
2022-04-01 07:03:58.168 INFO Train - trainImages: storing the name and encodings in mongodb
2022-04-01 07:03:58.169 INFO Train - trainImages: stored all name and encodes in mongodb
2022-04-01 07:03:58.169 INFO Train - trainImages: started loading images and finding their encodings
2022-04-01 07:03:58.169 INFO Train - trainImages: loading image
2022-04-01 07:03:58.170 DEBUG Train - trainImages: /home/vikasjoshis001/Desktop/Gestures/images_to_train/nnhm-2022-04-01 06:35:32.890275/nnhm.d6127e06-b157-11ec-ae44-cb6983774605.jpeg
2022-04-01 07:03:58.170 INFO Train - trainImages: loading image done
2022-04-01 07:03:58.170 INFO Train - trainImages: finding the encoding of image
2022-04-01 07:03:58.250 INFO Train - trainImages: finding encoding of image is done
2022-04-01 07:03:58.250 INFO Train - trainImages: loading image
2022-04-01 07:03:58.251 DEBUG Train - trainImages: /home/vikasjoshis001/Desktop/Gestures/images_to_train/nnhm-2022-04-01 06:35:32.890275/nnhm.d6127e07-b157-11ec-ae44-cb6983774605.jpeg
2022-04-01 07:03:58.251 INFO Train - trainImages: loading image done
2022-04-01 07:03:58.251 INFO Train - trainImages: finding the encoding of image
2022-04-01 07:03:58.332 INFO Train - trainImages: finding encoding of image is done
2022-04-01 07:03:58.332 INFO Train - trainImages: loading image
2022-04-01 07:03:58.333 DEBUG Train - trainImages: /home/vikasjoshis001/Desktop/Gestures/images_to_train/nnhm-2022-04-01 06:35:32.890275/nnhm.d4c9f9b6-b157-11ec-ae44-cb6983774605.jpeg
2022-04-01 07:03:58.333 INFO Train - trainImages: loading image done
2022-04-01 07:03:58.333 INFO Train - trainImages: finding the encoding of image
2022-04-01 07:03:58.414 INFO Train - trainImages: finding encoding of image is done
2022-04-01 07:03:58.415 INFO Train - trainImages: loading image
2022-04-01 07:03:58.416 DEBUG Train - trainImages: /home/vikasjoshis001/Desktop/Gestures/images_to_train/nnhm-2022-04-01 06:35:32.890275/nnhm.d4c9f9b7-b157-11ec-ae44-cb6983774605.jpeg
2022-04-01 07:03:58.416 INFO Train - trainImages: loading image done
2022-04-01 07:03:58.416 INFO Train - trainImages: finding the encoding of image
2022-04-01 07:03:58.497 INFO Train - trainImages: finding encoding of image is done
2022-04-01 07:03:58.497 INFO Train - trainImages: loading image
2022-04-01 07:03:58.498 DEBUG Train - trainImages: /home/vikasjoshis001/Desktop/Gestures/images_to_train/nnhm-2022-04-01 06:35:32.890275/nnhm.d7475ac6-b157-11ec-ae44-cb6983774605.jpeg
2022-04-01 07:03:58.498 INFO Train - trainImages: loading image done
2022-04-01 07:03:58.498 INFO Train - trainImages: finding the encoding of image
2022-04-01 07:03:58.580 INFO Train - trainImages: finding encoding of image is done
2022-04-01 07:03:58.580 INFO Train - trainImages: getting average of encodings of loaded images
2022-04-01 07:03:58.580 INFO Train - trainImages: done with getting average encodings
2022-04-01 07:03:58.580 INFO Train - trainImages: storing the name and encoding in local dictionary
2022-04-01 07:03:58.580 INFO Train - trainImages: stored name and encodes in local dictionary
2022-04-01 07:03:58.580 INFO Train - trainImages: storing the name and encodings in mongodb
2022-04-01 07:03:58.581 INFO Train - trainImages: stored all name and encodes in mongodb
2022-04-01 07:03:58.581 INFO Train - trainImages: started loading images and finding their encodings
2022-04-01 07:03:58.581 INFO Train - trainImages: loading image
2022-04-01 07:03:58.582 DEBUG Train - trainImages: /home/vikasjoshis001/Desktop/Gestures/images_to_train/hyiuyi-2022-04-01 07:03:36.475633/hyiuyi.c04848cd-b15b-11ec-ae44-cb6983774605.jpeg
2022-04-01 07:03:58.582 INFO Train - trainImages: loading image done
2022-04-01 07:03:58.582 INFO Train - trainImages: finding the encoding of image
2022-04-01 07:03:58.664 INFO Train - trainImages: finding encoding of image is done
2022-04-01 07:03:58.664 INFO Train - trainImages: loading image
2022-04-01 07:03:58.665 DEBUG Train - trainImages: /home/vikasjoshis001/Desktop/Gestures/images_to_train/hyiuyi-2022-04-01 07:03:36.475633/hyiuyi.c195d2ef-b15b-11ec-ae44-cb6983774605.jpeg
2022-04-01 07:03:58.665 INFO Train - trainImages: loading image done
2022-04-01 07:03:58.665 INFO Train - trainImages: finding the encoding of image
2022-04-01 07:03:58.745 INFO Train - trainImages: finding encoding of image is done
2022-04-01 07:03:58.745 INFO Train - trainImages: loading image
2022-04-01 07:03:58.746 DEBUG Train - trainImages: /home/vikasjoshis001/Desktop/Gestures/images_to_train/hyiuyi-2022-04-01 07:03:36.475633/hyiuyi.c04848cc-b15b-11ec-ae44-cb6983774605.jpeg
2022-04-01 07:03:58.746 INFO Train - trainImages: loading image done
2022-04-01 07:03:58.746 INFO Train - trainImages: finding the encoding of image
2022-04-01 07:03:58.826 INFO Train - trainImages: finding encoding of image is done
2022-04-01 07:03:58.826 INFO Train - trainImages: loading image
2022-04-01 07:03:58.827 DEBUG Train - trainImages: /home/vikasjoshis001/Desktop/Gestures/images_to_train/hyiuyi-2022-04-01 07:03:36.475633/hyiuyi.c2ca9988-b15b-11ec-ae44-cb6983774605.jpeg
2022-04-01 07:03:58.827 INFO Train - trainImages: loading image done
2022-04-01 07:03:58.827 INFO Train - trainImages: finding the encoding of image
2022-04-01 07:03:58.908 INFO Train - trainImages: finding encoding of image is done
2022-04-01 07:03:58.908 INFO Train - trainImages: loading image
2022-04-01 07:03:58.909 DEBUG Train - trainImages: /home/vikasjoshis001/Desktop/Gestures/images_to_train/hyiuyi-2022-04-01 07:03:36.475633/hyiuyi.c195d2ee-b15b-11ec-ae44-cb6983774605.jpeg
2022-04-01 07:03:58.909 INFO Train - trainImages: loading image done
2022-04-01 07:03:58.909 INFO Train - trainImages: finding the encoding of image
2022-04-01 07:03:58.993 INFO Train - trainImages: finding encoding of image is done
2022-04-01 07:03:58.993 INFO Train - trainImages: getting average of encodings of loaded images
2022-04-01 07:03:58.993 INFO Train - trainImages: done with getting average encodings
2022-04-01 07:03:58.993 INFO Train - trainImages: storing the name and encoding in local dictionary
2022-04-01 07:03:58.993 INFO Train - trainImages: stored name and encodes in local dictionary
2022-04-01 07:03:58.993 INFO Train - trainImages: storing the name and encodings in mongodb
2022-04-01 07:03:58.994 INFO Train - trainImages: stored all name and encodes in mongodb
