2022-03-31 09:56:32.390 INFO Train - trainImages: MongoDB database connected successfully
2022-03-31 09:56:32.399 INFO Train - trainImages: collected all folders in known_people folder
2022-03-31 09:56:32.400 DEBUG Train - trainImages: ['tyrion lannister', 'vikas-2022-03-30 09:32:56.741130', 'denerys targeryan', 'A-2022-03-31 09:40:54.832441', 'E-2022-03-31 09:56:11.162643', 'cjkdvjkd-2022-03-30 09:30:32.968615', 'cersie lannister', 'king in the north', 'Hello-2022-03-31 09:44:00.946377', 'V-2022-03-31 09:38:29.130193', 'Dilip-2022-03-31 09:45:29.388540', 'fbfg-2022-03-31 09:37:47.861885', 'R-2022-03-31 09:54:30.551000', 'arya stark', 'W-2022-03-31 09:47:22.322369', 'Q-2022-03-31 09:48:35.134676', 'Vikas-2022-03-12 15:33:49.979215', 'G-2022-03-31 09:39:32.117826', 'Y-2022-03-31 09:46:03.675006']
2022-03-31 09:56:32.405 INFO Train - trainImages: collected all images from all folders in known_people folder
2022-03-31 09:56:32.405 DEBUG Train - trainImages: [['/home/vikasjoshis001/Desktop/Gestures/images_to_train/tyrion lannister/images5.jpeg', '/home/vikasjoshis001/Desktop/Gestures/images_to_train/tyrion lannister/index3.jpeg', '/home/vikasjoshis001/Desktop/Gestures/images_to_train/tyrion lannister/index1.jpeg', '/home/vikasjoshis001/Desktop/Gestures/images_to_train/tyrion lannister/index2.jpeg', '/home/vikasjoshis001/Desktop/Gestures/images_to_train/tyrion lannister/index4.jpeg'], [], ['/home/vikasjoshis001/Desktop/Gestures/images_to_train/denerys targeryan/index3.jpeg', '/home/vikasjoshis001/Desktop/Gestures/images_to_train/denerys targeryan/index5.jpeg', '/home/vikasjoshis001/Desktop/Gestures/images_to_train/denerys targeryan/index1.jpeg', '/home/vikasjoshis001/Desktop/Gestures/images_to_train/denerys targeryan/index2.jpeg', '/home/vikasjoshis001/Desktop/Gestures/images_to_train/denerys targeryan/index4.jpeg'], ['/home/vikasjoshis001/Desktop/Gestures/images_to_train/A-2022-03-31 09:40:54.832441/A.9266ad12-b0a8-11ec-9deb-653b24300c24.jpeg', '/home/vikasjoshis001/Desktop/Gestures/images_to_train/A-2022-03-31 09:40:54.832441/A.912d96f4-b0a8-11ec-9deb-653b24300c24.jpeg', '/home/vikasjoshis001/Desktop/Gestures/images_to_train/A-2022-03-31 09:40:54.832441/A.8fdd0e92-b0a8-11ec-9deb-653b24300c24.jpeg', '/home/vikasjoshis001/Desktop/Gestures/images_to_train/A-2022-03-31 09:40:54.832441/A.8fdd0e93-b0a8-11ec-9deb-653b24300c24.jpeg', '/home/vikasjoshis001/Desktop/Gestures/images_to_train/A-2022-03-31 09:40:54.832441/A.912d96f5-b0a8-11ec-9deb-653b24300c24.jpeg'], ['/home/vikasjoshis001/Desktop/Gestures/images_to_train/E-2022-03-31 09:56:11.162643/E.b706148a-b0aa-11ec-9deb-653b24300c24.jpeg', '/home/vikasjoshis001/Desktop/Gestures/images_to_train/E-2022-03-31 09:56:11.162643/E.b20a3a1a-b0aa-11ec-9deb-653b24300c24.jpeg', '/home/vikasjoshis001/Desktop/Gestures/images_to_train/E-2022-03-31 09:56:11.162643/E.b706148b-b0aa-11ec-9deb-653b24300c24.jpeg', '/home/vikasjoshis001/Desktop/Gestures/images_to_train/E-2022-03-31 09:56:11.162643/E.b490d9c4-b0aa-11ec-9deb-653b24300c24.jpeg', '/home/vikasjoshis001/Desktop/Gestures/images_to_train/E-2022-03-31 09:56:11.162643/E.b607720e-b0aa-11ec-9deb-653b24300c24.jpeg'], [], ['/home/vikasjoshis001/Desktop/Gestures/images_to_train/cersie lannister/index3.jpeg', '/home/vikasjoshis001/Desktop/Gestures/images_to_train/cersie lannister/index5.jpeg', '/home/vikasjoshis001/Desktop/Gestures/images_to_train/cersie lannister/index2.jpeg', '/home/vikasjoshis001/Desktop/Gestures/images_to_train/cersie lannister/index4.jpeg'], ['/home/vikasjoshis001/Desktop/Gestures/images_to_train/king in the north/index.jpeg', '/home/vikasjoshis001/Desktop/Gestures/images_to_train/king in the north/index3.jpeg', '/home/vikasjoshis001/Desktop/Gestures/images_to_train/king in the north/index5.jpeg', '/home/vikasjoshis001/Desktop/Gestures/images_to_train/king in the north/index2.jpeg', '/home/vikasjoshis001/Desktop/Gestures/images_to_train/king in the north/index4.jpeg'], [], [], [], [], [], ['/home/vikasjoshis001/Desktop/Gestures/images_to_train/arya stark/index.jpeg', '/home/vikasjoshis001/Desktop/Gestures/images_to_train/arya stark/index3.jpeg', '/home/vikasjoshis001/Desktop/Gestures/images_to_train/arya stark/index5.jpeg', '/home/vikasjoshis001/Desktop/Gestures/images_to_train/arya stark/index2.jpeg', '/home/vikasjoshis001/Desktop/Gestures/images_to_train/arya stark/images4.jpeg'], [], [], ['/home/vikasjoshis001/Desktop/Gestures/images_to_train/Vikas-2022-03-12 15:33:49.979215/Vikas.b761c802-a1eb-11ec-a348-e960390a4373.jpeg', '/home/vikasjoshis001/Desktop/Gestures/images_to_train/Vikas-2022-03-12 15:33:49.979215/Vikas.b9e21fbe-a1eb-11ec-a348-e960390a4373.jpeg', '/home/vikasjoshis001/Desktop/Gestures/images_to_train/Vikas-2022-03-12 15:33:49.979215/Vikas.b761c803-a1eb-11ec-a348-e960390a4373.jpeg', '/home/vikasjoshis001/Desktop/Gestures/images_to_train/Vikas-2022-03-12 15:33:49.979215/Vikas.b8aa7a74-a1eb-11ec-a348-e960390a4373.jpeg', '/home/vikasjoshis001/Desktop/Gestures/images_to_train/Vikas-2022-03-12 15:33:49.979215/Vikas.b8aa7a75-a1eb-11ec-a348-e960390a4373.jpeg'], ['/home/vikasjoshis001/Desktop/Gestures/images_to_train/G-2022-03-31 09:39:32.117826/G.603b2e26-b0a8-11ec-9deb-653b24300c24.jpeg', '/home/vikasjoshis001/Desktop/Gestures/images_to_train/G-2022-03-31 09:39:32.117826/G.6173ea9f-b0a8-11ec-9deb-653b24300c24.jpeg', '/home/vikasjoshis001/Desktop/Gestures/images_to_train/G-2022-03-31 09:39:32.117826/G.6173ea9e-b0a8-11ec-9deb-653b24300c24.jpeg', '/home/vikasjoshis001/Desktop/Gestures/images_to_train/G-2022-03-31 09:39:32.117826/G.603b2e27-b0a8-11ec-9deb-653b24300c24.jpeg', '/home/vikasjoshis001/Desktop/Gestures/images_to_train/G-2022-03-31 09:39:32.117826/G.5e8f5ca0-b0a8-11ec-9deb-653b24300c24.jpeg'], ['/home/vikasjoshis001/Desktop/Gestures/images_to_train/Y-2022-03-31 09:46:03.675006/Y.47f0f0c0-b0a9-11ec-9deb-653b24300c24.jpeg', '/home/vikasjoshis001/Desktop/Gestures/images_to_train/Y-2022-03-31 09:46:03.675006/Y.49252fe2-b0a9-11ec-9deb-653b24300c24.jpeg', '/home/vikasjoshis001/Desktop/Gestures/images_to_train/Y-2022-03-31 09:46:03.675006/Y.47f0f0c1-b0a9-11ec-9deb-653b24300c24.jpeg', '/home/vikasjoshis001/Desktop/Gestures/images_to_train/Y-2022-03-31 09:46:03.675006/Y.4a5cc758-b0a9-11ec-9deb-653b24300c24.jpeg', '/home/vikasjoshis001/Desktop/Gestures/images_to_train/Y-2022-03-31 09:46:03.675006/Y.49252fe3-b0a9-11ec-9deb-653b24300c24.jpeg']]
2022-03-31 09:56:32.406 INFO Train - trainImages: started loading images and finding their encodings
2022-03-31 09:56:32.406 INFO Train - trainImages: loading image
2022-03-31 09:56:32.430 DEBUG Train - trainImages: /home/vikasjoshis001/Desktop/Gestures/images_to_train/tyrion lannister/images5.jpeg
2022-03-31 09:56:32.431 INFO Train - trainImages: loading image done
2022-03-31 09:56:32.431 INFO Train - trainImages: finding the encoding of image
2022-03-31 09:56:32.565 INFO Train - trainImages: finding encoding of image is done
2022-03-31 09:56:32.565 INFO Train - trainImages: loading image
2022-03-31 09:56:32.565 DEBUG Train - trainImages: /home/vikasjoshis001/Desktop/Gestures/images_to_train/tyrion lannister/index3.jpeg
2022-03-31 09:56:32.565 INFO Train - trainImages: loading image done
2022-03-31 09:56:32.565 INFO Train - trainImages: finding the encoding of image
2022-03-31 09:56:32.633 INFO Train - trainImages: finding encoding of image is done
2022-03-31 09:56:32.633 INFO Train - trainImages: loading image
2022-03-31 09:56:32.634 DEBUG Train - trainImages: /home/vikasjoshis001/Desktop/Gestures/images_to_train/tyrion lannister/index1.jpeg
2022-03-31 09:56:32.634 INFO Train - trainImages: loading image done
2022-03-31 09:56:32.634 INFO Train - trainImages: finding the encoding of image
2022-03-31 09:56:32.702 INFO Train - trainImages: finding encoding of image is done
2022-03-31 09:56:32.702 INFO Train - trainImages: loading image
2022-03-31 09:56:32.702 DEBUG Train - trainImages: /home/vikasjoshis001/Desktop/Gestures/images_to_train/tyrion lannister/index2.jpeg
2022-03-31 09:56:32.702 INFO Train - trainImages: loading image done
2022-03-31 09:56:32.702 INFO Train - trainImages: finding the encoding of image
2022-03-31 09:56:32.770 INFO Train - trainImages: finding encoding of image is done
2022-03-31 09:56:32.771 INFO Train - trainImages: loading image
2022-03-31 09:56:32.771 DEBUG Train - trainImages: /home/vikasjoshis001/Desktop/Gestures/images_to_train/tyrion lannister/index4.jpeg
2022-03-31 09:56:32.771 INFO Train - trainImages: loading image done
2022-03-31 09:56:32.771 INFO Train - trainImages: finding the encoding of image
2022-03-31 09:56:32.838 INFO Train - trainImages: finding encoding of image is done
2022-03-31 09:56:32.838 INFO Train - trainImages: getting average of encodings of loaded images
2022-03-31 09:56:32.838 INFO Train - trainImages: done with getting average encodings
2022-03-31 09:56:32.838 INFO Train - trainImages: storing the name and encoding in local dictionary
2022-03-31 09:56:32.838 INFO Train - trainImages: stored name and encodes in local dictionary
2022-03-31 09:56:32.838 INFO Train - trainImages: storing the name and encodings in mongodb
2022-03-31 09:56:32.839 INFO Train - trainImages: stored all name and encodes in mongodb
2022-03-31 09:56:32.840 DEBUG Train - trainImages: vikas-2022-03-30 09:32:56.741130
2022-03-31 09:56:32.840 ERROR Train - trainImages: above folder is empty with no images
2022-03-31 09:56:32.840 INFO Train - trainImages: exiting the program with no updates in training
