2022-03-31 13:17:37.763 INFO Train - trainImages: MongoDB database connected successfully
2022-03-31 13:17:37.768 INFO Train - trainImages: collected all folders in known_people folder
2022-03-31 13:17:37.768 DEBUG Train - trainImages: ['tyrion lannister', 'denerys targeryan', 'cersie lannister', 'Vikas-2022-03-31 13:17:26.260103', 'king in the north', 'arya stark']
2022-03-31 13:17:37.770 INFO Train - trainImages: collected all images from all folders in known_people folder
2022-03-31 13:17:37.770 DEBUG Train - trainImages: [['/home/vikasjoshis001/Desktop/Gestures/images_to_train/tyrion lannister/images5.jpeg', '/home/vikasjoshis001/Desktop/Gestures/images_to_train/tyrion lannister/index3.jpeg', '/home/vikasjoshis001/Desktop/Gestures/images_to_train/tyrion lannister/index1.jpeg', '/home/vikasjoshis001/Desktop/Gestures/images_to_train/tyrion lannister/index2.jpeg', '/home/vikasjoshis001/Desktop/Gestures/images_to_train/tyrion lannister/index4.jpeg'], ['/home/vikasjoshis001/Desktop/Gestures/images_to_train/denerys targeryan/index3.jpeg', '/home/vikasjoshis001/Desktop/Gestures/images_to_train/denerys targeryan/index5.jpeg', '/home/vikasjoshis001/Desktop/Gestures/images_to_train/denerys targeryan/index1.jpeg', '/home/vikasjoshis001/Desktop/Gestures/images_to_train/denerys targeryan/index2.jpeg', '/home/vikasjoshis001/Desktop/Gestures/images_to_train/denerys targeryan/index4.jpeg'], ['/home/vikasjoshis001/Desktop/Gestures/images_to_train/cersie lannister/index3.jpeg', '/home/vikasjoshis001/Desktop/Gestures/images_to_train/cersie lannister/index5.jpeg', '/home/vikasjoshis001/Desktop/Gestures/images_to_train/cersie lannister/index2.jpeg', '/home/vikasjoshis001/Desktop/Gestures/images_to_train/cersie lannister/index4.jpeg'], ['/home/vikasjoshis001/Desktop/Gestures/images_to_train/Vikas-2022-03-31 13:17:26.260103/Vikas.d18bc824-b0c6-11ec-95c9-353773ec36e1.jpeg', '/home/vikasjoshis001/Desktop/Gestures/images_to_train/Vikas-2022-03-31 13:17:26.260103/Vikas.d056c17b-b0c6-11ec-95c9-353773ec36e1.jpeg', '/home/vikasjoshis001/Desktop/Gestures/images_to_train/Vikas-2022-03-31 13:17:26.260103/Vikas.cf0c4b78-b0c6-11ec-95c9-353773ec36e1.jpeg', '/home/vikasjoshis001/Desktop/Gestures/images_to_train/Vikas-2022-03-31 13:17:26.260103/Vikas.cf0c4b79-b0c6-11ec-95c9-353773ec36e1.jpeg', '/home/vikasjoshis001/Desktop/Gestures/images_to_train/Vikas-2022-03-31 13:17:26.260103/Vikas.d056c17a-b0c6-11ec-95c9-353773ec36e1.jpeg'], ['/home/vikasjoshis001/Desktop/Gestures/images_to_train/king in the north/index.jpeg', '/home/vikasjoshis001/Desktop/Gestures/images_to_train/king in the north/index3.jpeg', '/home/vikasjoshis001/Desktop/Gestures/images_to_train/king in the north/index5.jpeg', '/home/vikasjoshis001/Desktop/Gestures/images_to_train/king in the north/index2.jpeg', '/home/vikasjoshis001/Desktop/Gestures/images_to_train/king in the north/index4.jpeg'], ['/home/vikasjoshis001/Desktop/Gestures/images_to_train/arya stark/index.jpeg', '/home/vikasjoshis001/Desktop/Gestures/images_to_train/arya stark/index3.jpeg', '/home/vikasjoshis001/Desktop/Gestures/images_to_train/arya stark/index5.jpeg', '/home/vikasjoshis001/Desktop/Gestures/images_to_train/arya stark/index2.jpeg', '/home/vikasjoshis001/Desktop/Gestures/images_to_train/arya stark/images4.jpeg']]
2022-03-31 13:17:37.770 INFO Train - trainImages: started loading images and finding their encodings
2022-03-31 13:17:37.771 INFO Train - trainImages: loading image
2022-03-31 13:17:37.787 DEBUG Train - trainImages: /home/vikasjoshis001/Desktop/Gestures/images_to_train/tyrion lannister/images5.jpeg
2022-03-31 13:17:37.787 INFO Train - trainImages: loading image done
2022-03-31 13:17:37.787 INFO Train - trainImages: finding the encoding of image
2022-03-31 13:17:37.923 INFO Train - trainImages: finding encoding of image is done
2022-03-31 13:17:37.923 INFO Train - trainImages: loading image
2022-03-31 13:17:37.924 DEBUG Train - trainImages: /home/vikasjoshis001/Desktop/Gestures/images_to_train/tyrion lannister/index3.jpeg
2022-03-31 13:17:37.924 INFO Train - trainImages: loading image done
2022-03-31 13:17:37.924 INFO Train - trainImages: finding the encoding of image
2022-03-31 13:17:37.989 INFO Train - trainImages: finding encoding of image is done
2022-03-31 13:17:37.989 INFO Train - trainImages: loading image
2022-03-31 13:17:37.990 DEBUG Train - trainImages: /home/vikasjoshis001/Desktop/Gestures/images_to_train/tyrion lannister/index1.jpeg
2022-03-31 13:17:37.990 INFO Train - trainImages: loading image done
2022-03-31 13:17:37.990 INFO Train - trainImages: finding the encoding of image
2022-03-31 13:17:38.056 INFO Train - trainImages: finding encoding of image is done
2022-03-31 13:17:38.056 INFO Train - trainImages: loading image
2022-03-31 13:17:38.057 DEBUG Train - trainImages: /home/vikasjoshis001/Desktop/Gestures/images_to_train/tyrion lannister/index2.jpeg
2022-03-31 13:17:38.057 INFO Train - trainImages: loading image done
2022-03-31 13:17:38.057 INFO Train - trainImages: finding the encoding of image
2022-03-31 13:17:38.124 INFO Train - trainImages: finding encoding of image is done
2022-03-31 13:17:38.124 INFO Train - trainImages: loading image
2022-03-31 13:17:38.124 DEBUG Train - trainImages: /home/vikasjoshis001/Desktop/Gestures/images_to_train/tyrion lannister/index4.jpeg
2022-03-31 13:17:38.125 INFO Train - trainImages: loading image done
2022-03-31 13:17:38.125 INFO Train - trainImages: finding the encoding of image
2022-03-31 13:17:38.211 INFO Train - trainImages: finding encoding of image is done
2022-03-31 13:17:38.211 INFO Train - trainImages: getting average of encodings of loaded images
2022-03-31 13:17:38.212 INFO Train - trainImages: done with getting average encodings
2022-03-31 13:17:38.212 INFO Train - trainImages: storing the name and encoding in local dictionary
2022-03-31 13:17:38.212 INFO Train - trainImages: stored name and encodes in local dictionary
2022-03-31 13:17:38.212 INFO Train - trainImages: storing the name and encodings in mongodb
2022-03-31 13:17:38.220 INFO Train - trainImages: stored all name and encodes in mongodb
2022-03-31 13:17:38.221 INFO Train - trainImages: started loading images and finding their encodings
2022-03-31 13:17:38.221 INFO Train - trainImages: loading image
2022-03-31 13:17:38.221 DEBUG Train - trainImages: /home/vikasjoshis001/Desktop/Gestures/images_to_train/denerys targeryan/index3.jpeg
2022-03-31 13:17:38.221 INFO Train - trainImages: loading image done
2022-03-31 13:17:38.221 INFO Train - trainImages: finding the encoding of image
2022-03-31 13:17:38.319 INFO Train - trainImages: finding encoding of image is done
2022-03-31 13:17:38.319 INFO Train - trainImages: loading image
2022-03-31 13:17:38.319 DEBUG Train - trainImages: /home/vikasjoshis001/Desktop/Gestures/images_to_train/denerys targeryan/index5.jpeg
2022-03-31 13:17:38.319 INFO Train - trainImages: loading image done
2022-03-31 13:17:38.319 INFO Train - trainImages: finding the encoding of image
2022-03-31 13:17:38.392 INFO Train - trainImages: finding encoding of image is done
2022-03-31 13:17:38.392 INFO Train - trainImages: loading image
2022-03-31 13:17:38.392 DEBUG Train - trainImages: /home/vikasjoshis001/Desktop/Gestures/images_to_train/denerys targeryan/index1.jpeg
2022-03-31 13:17:38.393 INFO Train - trainImages: loading image done
2022-03-31 13:17:38.393 INFO Train - trainImages: finding the encoding of image
2022-03-31 13:17:38.459 INFO Train - trainImages: finding encoding of image is done
2022-03-31 13:17:38.459 INFO Train - trainImages: loading image
2022-03-31 13:17:38.460 DEBUG Train - trainImages: /home/vikasjoshis001/Desktop/Gestures/images_to_train/denerys targeryan/index2.jpeg
2022-03-31 13:17:38.460 INFO Train - trainImages: loading image done
2022-03-31 13:17:38.460 INFO Train - trainImages: finding the encoding of image
2022-03-31 13:17:38.528 INFO Train - trainImages: finding encoding of image is done
2022-03-31 13:17:38.528 INFO Train - trainImages: loading image
2022-03-31 13:17:38.528 DEBUG Train - trainImages: /home/vikasjoshis001/Desktop/Gestures/images_to_train/denerys targeryan/index4.jpeg
2022-03-31 13:17:38.528 INFO Train - trainImages: loading image done
2022-03-31 13:17:38.528 INFO Train - trainImages: finding the encoding of image
2022-03-31 13:17:38.593 INFO Train - trainImages: finding encoding of image is done
2022-03-31 13:17:38.593 INFO Train - trainImages: getting average of encodings of loaded images
2022-03-31 13:17:38.594 INFO Train - trainImages: done with getting average encodings
2022-03-31 13:17:38.594 INFO Train - trainImages: storing the name and encoding in local dictionary
2022-03-31 13:17:38.594 INFO Train - trainImages: stored name and encodes in local dictionary
2022-03-31 13:17:38.594 INFO Train - trainImages: storing the name and encodings in mongodb
2022-03-31 13:17:38.594 INFO Train - trainImages: stored all name and encodes in mongodb
2022-03-31 13:17:38.595 INFO Train - trainImages: started loading images and finding their encodings
2022-03-31 13:17:38.595 INFO Train - trainImages: loading image
2022-03-31 13:17:38.595 DEBUG Train - trainImages: /home/vikasjoshis001/Desktop/Gestures/images_to_train/cersie lannister/index3.jpeg
2022-03-31 13:17:38.595 INFO Train - trainImages: loading image done
2022-03-31 13:17:38.595 INFO Train - trainImages: finding the encoding of image
2022-03-31 13:17:38.660 INFO Train - trainImages: finding encoding of image is done
2022-03-31 13:17:38.660 INFO Train - trainImages: loading image
2022-03-31 13:17:38.660 DEBUG Train - trainImages: /home/vikasjoshis001/Desktop/Gestures/images_to_train/cersie lannister/index5.jpeg
2022-03-31 13:17:38.661 INFO Train - trainImages: loading image done
2022-03-31 13:17:38.661 INFO Train - trainImages: finding the encoding of image
2022-03-31 13:17:38.725 INFO Train - trainImages: finding encoding of image is done
2022-03-31 13:17:38.725 INFO Train - trainImages: loading image
2022-03-31 13:17:38.726 DEBUG Train - trainImages: /home/vikasjoshis001/Desktop/Gestures/images_to_train/cersie lannister/index2.jpeg
2022-03-31 13:17:38.726 INFO Train - trainImages: loading image done
2022-03-31 13:17:38.726 INFO Train - trainImages: finding the encoding of image
2022-03-31 13:17:38.793 INFO Train - trainImages: finding encoding of image is done
2022-03-31 13:17:38.793 INFO Train - trainImages: loading image
2022-03-31 13:17:38.793 DEBUG Train - trainImages: /home/vikasjoshis001/Desktop/Gestures/images_to_train/cersie lannister/index4.jpeg
2022-03-31 13:17:38.793 INFO Train - trainImages: loading image done
2022-03-31 13:17:38.793 INFO Train - trainImages: finding the encoding of image
2022-03-31 13:17:38.860 INFO Train - trainImages: finding encoding of image is done
2022-03-31 13:17:38.860 INFO Train - trainImages: getting average of encodings of loaded images
2022-03-31 13:17:38.860 INFO Train - trainImages: done with getting average encodings
2022-03-31 13:17:38.860 INFO Train - trainImages: storing the name and encoding in local dictionary
2022-03-31 13:17:38.860 INFO Train - trainImages: stored name and encodes in local dictionary
2022-03-31 13:17:38.860 INFO Train - trainImages: storing the name and encodings in mongodb
2022-03-31 13:17:38.861 INFO Train - trainImages: stored all name and encodes in mongodb
2022-03-31 13:17:38.861 INFO Train - trainImages: started loading images and finding their encodings
2022-03-31 13:17:38.861 INFO Train - trainImages: loading image
2022-03-31 13:17:38.864 DEBUG Train - trainImages: /home/vikasjoshis001/Desktop/Gestures/images_to_train/Vikas-2022-03-31 13:17:26.260103/Vikas.d18bc824-b0c6-11ec-95c9-353773ec36e1.jpeg
2022-03-31 13:17:38.864 INFO Train - trainImages: loading image done
2022-03-31 13:17:38.864 INFO Train - trainImages: finding the encoding of image
2022-03-31 13:17:39.043 INFO Train - trainImages: finding encoding of image is done
2022-03-31 13:17:39.044 INFO Train - trainImages: loading image
2022-03-31 13:17:39.046 DEBUG Train - trainImages: /home/vikasjoshis001/Desktop/Gestures/images_to_train/Vikas-2022-03-31 13:17:26.260103/Vikas.d056c17b-b0c6-11ec-95c9-353773ec36e1.jpeg
2022-03-31 13:17:39.046 INFO Train - trainImages: loading image done
2022-03-31 13:17:39.046 INFO Train - trainImages: finding the encoding of image
2022-03-31 13:17:39.224 INFO Train - trainImages: finding encoding of image is done
2022-03-31 13:17:39.224 INFO Train - trainImages: loading image
2022-03-31 13:17:39.227 DEBUG Train - trainImages: /home/vikasjoshis001/Desktop/Gestures/images_to_train/Vikas-2022-03-31 13:17:26.260103/Vikas.cf0c4b78-b0c6-11ec-95c9-353773ec36e1.jpeg
2022-03-31 13:17:39.227 INFO Train - trainImages: loading image done
2022-03-31 13:17:39.227 INFO Train - trainImages: finding the encoding of image
2022-03-31 13:17:39.403 INFO Train - trainImages: finding encoding of image is done
2022-03-31 13:17:39.403 INFO Train - trainImages: loading image
2022-03-31 13:17:39.406 DEBUG Train - trainImages: /home/vikasjoshis001/Desktop/Gestures/images_to_train/Vikas-2022-03-31 13:17:26.260103/Vikas.cf0c4b79-b0c6-11ec-95c9-353773ec36e1.jpeg
2022-03-31 13:17:39.406 INFO Train - trainImages: loading image done
2022-03-31 13:17:39.406 INFO Train - trainImages: finding the encoding of image
2022-03-31 13:17:39.584 INFO Train - trainImages: finding encoding of image is done
2022-03-31 13:17:39.584 INFO Train - trainImages: loading image
2022-03-31 13:17:39.586 DEBUG Train - trainImages: /home/vikasjoshis001/Desktop/Gestures/images_to_train/Vikas-2022-03-31 13:17:26.260103/Vikas.d056c17a-b0c6-11ec-95c9-353773ec36e1.jpeg
2022-03-31 13:17:39.586 INFO Train - trainImages: loading image done
2022-03-31 13:17:39.586 INFO Train - trainImages: finding the encoding of image
2022-03-31 13:17:39.763 INFO Train - trainImages: finding encoding of image is done
2022-03-31 13:17:39.764 INFO Train - trainImages: getting average of encodings of loaded images
2022-03-31 13:17:39.764 INFO Train - trainImages: done with getting average encodings
2022-03-31 13:17:39.764 INFO Train - trainImages: storing the name and encoding in local dictionary
2022-03-31 13:17:39.764 INFO Train - trainImages: stored name and encodes in local dictionary
2022-03-31 13:17:39.764 INFO Train - trainImages: storing the name and encodings in mongodb
2022-03-31 13:17:39.765 INFO Train - trainImages: stored all name and encodes in mongodb
2022-03-31 13:17:39.765 INFO Train - trainImages: started loading images and finding their encodings
2022-03-31 13:17:39.765 INFO Train - trainImages: loading image
2022-03-31 13:17:39.765 DEBUG Train - trainImages: /home/vikasjoshis001/Desktop/Gestures/images_to_train/king in the north/index.jpeg
2022-03-31 13:17:39.765 INFO Train - trainImages: loading image done
2022-03-31 13:17:39.766 INFO Train - trainImages: finding the encoding of image
2022-03-31 13:17:39.832 INFO Train - trainImages: finding encoding of image is done
2022-03-31 13:17:39.832 INFO Train - trainImages: loading image
2022-03-31 13:17:39.833 DEBUG Train - trainImages: /home/vikasjoshis001/Desktop/Gestures/images_to_train/king in the north/index3.jpeg
2022-03-31 13:17:39.833 INFO Train - trainImages: loading image done
2022-03-31 13:17:39.833 INFO Train - trainImages: finding the encoding of image
2022-03-31 13:17:39.902 INFO Train - trainImages: finding encoding of image is done
2022-03-31 13:17:39.902 INFO Train - trainImages: loading image
2022-03-31 13:17:39.903 DEBUG Train - trainImages: /home/vikasjoshis001/Desktop/Gestures/images_to_train/king in the north/index5.jpeg
2022-03-31 13:17:39.903 INFO Train - trainImages: loading image done
2022-03-31 13:17:39.903 INFO Train - trainImages: finding the encoding of image
2022-03-31 13:17:39.969 INFO Train - trainImages: finding encoding of image is done
2022-03-31 13:17:39.970 INFO Train - trainImages: loading image
2022-03-31 13:17:39.970 DEBUG Train - trainImages: /home/vikasjoshis001/Desktop/Gestures/images_to_train/king in the north/index2.jpeg
2022-03-31 13:17:39.970 INFO Train - trainImages: loading image done
2022-03-31 13:17:39.970 INFO Train - trainImages: finding the encoding of image
2022-03-31 13:17:40.037 INFO Train - trainImages: finding encoding of image is done
2022-03-31 13:17:40.037 INFO Train - trainImages: loading image
2022-03-31 13:17:40.038 DEBUG Train - trainImages: /home/vikasjoshis001/Desktop/Gestures/images_to_train/king in the north/index4.jpeg
2022-03-31 13:17:40.038 INFO Train - trainImages: loading image done
2022-03-31 13:17:40.038 INFO Train - trainImages: finding the encoding of image
2022-03-31 13:17:40.108 INFO Train - trainImages: finding encoding of image is done
2022-03-31 13:17:40.108 INFO Train - trainImages: getting average of encodings of loaded images
2022-03-31 13:17:40.108 INFO Train - trainImages: done with getting average encodings
2022-03-31 13:17:40.108 INFO Train - trainImages: storing the name and encoding in local dictionary
2022-03-31 13:17:40.108 INFO Train - trainImages: stored name and encodes in local dictionary
2022-03-31 13:17:40.108 INFO Train - trainImages: storing the name and encodings in mongodb
2022-03-31 13:17:40.109 INFO Train - trainImages: stored all name and encodes in mongodb
2022-03-31 13:17:40.109 INFO Train - trainImages: started loading images and finding their encodings
2022-03-31 13:17:40.109 INFO Train - trainImages: loading image
2022-03-31 13:17:40.110 DEBUG Train - trainImages: /home/vikasjoshis001/Desktop/Gestures/images_to_train/arya stark/index.jpeg
2022-03-31 13:17:40.110 INFO Train - trainImages: loading image done
2022-03-31 13:17:40.110 INFO Train - trainImages: finding the encoding of image
2022-03-31 13:17:40.176 INFO Train - trainImages: finding encoding of image is done
2022-03-31 13:17:40.177 INFO Train - trainImages: loading image
2022-03-31 13:17:40.177 DEBUG Train - trainImages: /home/vikasjoshis001/Desktop/Gestures/images_to_train/arya stark/index3.jpeg
2022-03-31 13:17:40.177 INFO Train - trainImages: loading image done
2022-03-31 13:17:40.177 INFO Train - trainImages: finding the encoding of image
2022-03-31 13:17:40.242 INFO Train - trainImages: finding encoding of image is done
2022-03-31 13:17:40.243 INFO Train - trainImages: loading image
2022-03-31 13:17:40.243 DEBUG Train - trainImages: /home/vikasjoshis001/Desktop/Gestures/images_to_train/arya stark/index5.jpeg
2022-03-31 13:17:40.243 INFO Train - trainImages: loading image done
2022-03-31 13:17:40.243 INFO Train - trainImages: finding the encoding of image
2022-03-31 13:17:40.311 INFO Train - trainImages: finding encoding of image is done
2022-03-31 13:17:40.311 INFO Train - trainImages: loading image
2022-03-31 13:17:40.312 DEBUG Train - trainImages: /home/vikasjoshis001/Desktop/Gestures/images_to_train/arya stark/index2.jpeg
2022-03-31 13:17:40.312 INFO Train - trainImages: loading image done
2022-03-31 13:17:40.312 INFO Train - trainImages: finding the encoding of image
2022-03-31 13:17:40.378 INFO Train - trainImages: finding encoding of image is done
2022-03-31 13:17:40.378 INFO Train - trainImages: loading image
2022-03-31 13:17:40.378 DEBUG Train - trainImages: /home/vikasjoshis001/Desktop/Gestures/images_to_train/arya stark/images4.jpeg
2022-03-31 13:17:40.378 INFO Train - trainImages: loading image done
2022-03-31 13:17:40.378 INFO Train - trainImages: finding the encoding of image
2022-03-31 13:17:40.444 INFO Train - trainImages: finding encoding of image is done
2022-03-31 13:17:40.444 INFO Train - trainImages: getting average of encodings of loaded images
2022-03-31 13:17:40.444 INFO Train - trainImages: done with getting average encodings
2022-03-31 13:17:40.444 INFO Train - trainImages: storing the name and encoding in local dictionary
2022-03-31 13:17:40.444 INFO Train - trainImages: stored name and encodes in local dictionary
2022-03-31 13:17:40.444 INFO Train - trainImages: storing the name and encodings in mongodb
2022-03-31 13:17:40.445 INFO Train - trainImages: stored all name and encodes in mongodb
