2022-11-12 20:04:07.848 INFO Train - trainImages: MongoDB database connected successfully
2022-11-12 20:04:07.853 INFO Train - trainImages: collected all folders in known_people folder
2022-11-12 20:04:07.854 DEBUG Train - trainImages: ['cersie lannister', 'Vikas-2022-11-12 20:03:56.340043', 'tyrion lannister', 'denerys targeryan', 'king in the north', 'arya stark']
2022-11-12 20:04:07.856 INFO Train - trainImages: collected all images from all folders in known_people folder
2022-11-12 20:04:07.856 DEBUG Train - trainImages: [['/home/vikasjoshis001/Files/Projects/My_Projects/Gestures/images_to_train/cersie lannister/index2.jpeg', '/home/vikasjoshis001/Files/Projects/My_Projects/Gestures/images_to_train/cersie lannister/index5.jpeg', '/home/vikasjoshis001/Files/Projects/My_Projects/Gestures/images_to_train/cersie lannister/index4.jpeg', '/home/vikasjoshis001/Files/Projects/My_Projects/Gestures/images_to_train/cersie lannister/index3.jpeg'], ['/home/vikasjoshis001/Files/Projects/My_Projects/Gestures/images_to_train/Vikas-2022-11-12 20:03:56.340043/Vikas.0a0b59bc-6297-11ed-83c0-251bdbbb889b.jpeg', '/home/vikasjoshis001/Files/Projects/My_Projects/Gestures/images_to_train/Vikas-2022-11-12 20:03:56.340043/Vikas.0c84b968-6297-11ed-83c0-251bdbbb889b.jpeg', '/home/vikasjoshis001/Files/Projects/My_Projects/Gestures/images_to_train/Vikas-2022-11-12 20:03:56.340043/Vikas.0b4f4cf3-6297-11ed-83c0-251bdbbb889b.jpeg', '/home/vikasjoshis001/Files/Projects/My_Projects/Gestures/images_to_train/Vikas-2022-11-12 20:03:56.340043/Vikas.0b4f4cf2-6297-11ed-83c0-251bdbbb889b.jpeg', '/home/vikasjoshis001/Files/Projects/My_Projects/Gestures/images_to_train/Vikas-2022-11-12 20:03:56.340043/Vikas.0a0b59bd-6297-11ed-83c0-251bdbbb889b.jpeg'], ['/home/vikasjoshis001/Files/Projects/My_Projects/Gestures/images_to_train/tyrion lannister/index2.jpeg', '/home/vikasjoshis001/Files/Projects/My_Projects/Gestures/images_to_train/tyrion lannister/index4.jpeg', '/home/vikasjoshis001/Files/Projects/My_Projects/Gestures/images_to_train/tyrion lannister/index1.jpeg', '/home/vikasjoshis001/Files/Projects/My_Projects/Gestures/images_to_train/tyrion lannister/index3.jpeg', '/home/vikasjoshis001/Files/Projects/My_Projects/Gestures/images_to_train/tyrion lannister/images5.jpeg'], ['/home/vikasjoshis001/Files/Projects/My_Projects/Gestures/images_to_train/denerys targeryan/index2.jpeg', '/home/vikasjoshis001/Files/Projects/My_Projects/Gestures/images_to_train/denerys targeryan/index5.jpeg', '/home/vikasjoshis001/Files/Projects/My_Projects/Gestures/images_to_train/denerys targeryan/index4.jpeg', '/home/vikasjoshis001/Files/Projects/My_Projects/Gestures/images_to_train/denerys targeryan/index1.jpeg', '/home/vikasjoshis001/Files/Projects/My_Projects/Gestures/images_to_train/denerys targeryan/index3.jpeg'], ['/home/vikasjoshis001/Files/Projects/My_Projects/Gestures/images_to_train/king in the north/index2.jpeg', '/home/vikasjoshis001/Files/Projects/My_Projects/Gestures/images_to_train/king in the north/index5.jpeg', '/home/vikasjoshis001/Files/Projects/My_Projects/Gestures/images_to_train/king in the north/index4.jpeg', '/home/vikasjoshis001/Files/Projects/My_Projects/Gestures/images_to_train/king in the north/index3.jpeg', '/home/vikasjoshis001/Files/Projects/My_Projects/Gestures/images_to_train/king in the north/index.jpeg'], ['/home/vikasjoshis001/Files/Projects/My_Projects/Gestures/images_to_train/arya stark/images4.jpeg', '/home/vikasjoshis001/Files/Projects/My_Projects/Gestures/images_to_train/arya stark/index2.jpeg', '/home/vikasjoshis001/Files/Projects/My_Projects/Gestures/images_to_train/arya stark/index5.jpeg', '/home/vikasjoshis001/Files/Projects/My_Projects/Gestures/images_to_train/arya stark/index3.jpeg', '/home/vikasjoshis001/Files/Projects/My_Projects/Gestures/images_to_train/arya stark/index.jpeg']]
2022-11-12 20:04:07.856 INFO Train - trainImages: started loading images and finding their encodings
2022-11-12 20:04:07.856 INFO Train - trainImages: loading image
2022-11-12 20:04:07.863 DEBUG Train - trainImages: /home/vikasjoshis001/Files/Projects/My_Projects/Gestures/images_to_train/cersie lannister/index2.jpeg
2022-11-12 20:04:07.863 INFO Train - trainImages: loading image done
2022-11-12 20:04:07.863 INFO Train - trainImages: finding the encoding of image
2022-11-12 20:04:07.988 INFO Train - trainImages: finding encoding of image is done
2022-11-12 20:04:07.988 INFO Train - trainImages: loading image
2022-11-12 20:04:07.989 DEBUG Train - trainImages: /home/vikasjoshis001/Files/Projects/My_Projects/Gestures/images_to_train/cersie lannister/index5.jpeg
2022-11-12 20:04:07.989 INFO Train - trainImages: loading image done
2022-11-12 20:04:07.989 INFO Train - trainImages: finding the encoding of image
2022-11-12 20:04:08.112 INFO Train - trainImages: finding encoding of image is done
2022-11-12 20:04:08.112 INFO Train - trainImages: loading image
2022-11-12 20:04:08.113 DEBUG Train - trainImages: /home/vikasjoshis001/Files/Projects/My_Projects/Gestures/images_to_train/cersie lannister/index4.jpeg
2022-11-12 20:04:08.113 INFO Train - trainImages: loading image done
2022-11-12 20:04:08.113 INFO Train - trainImages: finding the encoding of image
2022-11-12 20:04:08.236 INFO Train - trainImages: finding encoding of image is done
2022-11-12 20:04:08.236 INFO Train - trainImages: loading image
2022-11-12 20:04:08.236 DEBUG Train - trainImages: /home/vikasjoshis001/Files/Projects/My_Projects/Gestures/images_to_train/cersie lannister/index3.jpeg
2022-11-12 20:04:08.236 INFO Train - trainImages: loading image done
2022-11-12 20:04:08.236 INFO Train - trainImages: finding the encoding of image
2022-11-12 20:04:08.358 INFO Train - trainImages: finding encoding of image is done
2022-11-12 20:04:08.358 INFO Train - trainImages: getting average of encodings of loaded images
2022-11-12 20:04:08.359 INFO Train - trainImages: done with getting average encodings
2022-11-12 20:04:08.359 INFO Train - trainImages: storing the name and encoding in local dictionary
2022-11-12 20:04:08.359 INFO Train - trainImages: stored name and encodes in local dictionary
2022-11-12 20:04:08.359 INFO Train - trainImages: storing the name and encodings in mongodb
2022-11-12 20:04:08.360 INFO Train - trainImages: stored all name and encodes in mongodb
2022-11-12 20:04:08.360 INFO Train - trainImages: started loading images and finding their encodings
2022-11-12 20:04:08.361 INFO Train - trainImages: loading image
2022-11-12 20:04:08.361 DEBUG Train - trainImages: /home/vikasjoshis001/Files/Projects/My_Projects/Gestures/images_to_train/Vikas-2022-11-12 20:03:56.340043/Vikas.0a0b59bc-6297-11ed-83c0-251bdbbb889b.jpeg
2022-11-12 20:04:08.361 INFO Train - trainImages: loading image done
2022-11-12 20:04:08.361 INFO Train - trainImages: finding the encoding of image
2022-11-12 20:04:08.501 INFO Train - trainImages: finding encoding of image is done
2022-11-12 20:04:08.501 INFO Train - trainImages: loading image
2022-11-12 20:04:08.502 DEBUG Train - trainImages: /home/vikasjoshis001/Files/Projects/My_Projects/Gestures/images_to_train/Vikas-2022-11-12 20:03:56.340043/Vikas.0c84b968-6297-11ed-83c0-251bdbbb889b.jpeg
2022-11-12 20:04:08.502 INFO Train - trainImages: loading image done
2022-11-12 20:04:08.502 INFO Train - trainImages: finding the encoding of image
2022-11-12 20:04:08.636 INFO Train - trainImages: finding encoding of image is done
2022-11-12 20:04:08.636 INFO Train - trainImages: loading image
2022-11-12 20:04:08.637 DEBUG Train - trainImages: /home/vikasjoshis001/Files/Projects/My_Projects/Gestures/images_to_train/Vikas-2022-11-12 20:03:56.340043/Vikas.0b4f4cf3-6297-11ed-83c0-251bdbbb889b.jpeg
2022-11-12 20:04:08.637 INFO Train - trainImages: loading image done
2022-11-12 20:04:08.637 INFO Train - trainImages: finding the encoding of image
2022-11-12 20:04:08.771 INFO Train - trainImages: finding encoding of image is done
2022-11-12 20:04:08.771 INFO Train - trainImages: loading image
2022-11-12 20:04:08.772 DEBUG Train - trainImages: /home/vikasjoshis001/Files/Projects/My_Projects/Gestures/images_to_train/Vikas-2022-11-12 20:03:56.340043/Vikas.0b4f4cf2-6297-11ed-83c0-251bdbbb889b.jpeg
2022-11-12 20:04:08.772 INFO Train - trainImages: loading image done
2022-11-12 20:04:08.772 INFO Train - trainImages: finding the encoding of image
2022-11-12 20:04:08.906 INFO Train - trainImages: finding encoding of image is done
2022-11-12 20:04:08.907 INFO Train - trainImages: loading image
2022-11-12 20:04:08.907 DEBUG Train - trainImages: /home/vikasjoshis001/Files/Projects/My_Projects/Gestures/images_to_train/Vikas-2022-11-12 20:03:56.340043/Vikas.0a0b59bd-6297-11ed-83c0-251bdbbb889b.jpeg
2022-11-12 20:04:08.907 INFO Train - trainImages: loading image done
2022-11-12 20:04:08.907 INFO Train - trainImages: finding the encoding of image
2022-11-12 20:04:09.045 INFO Train - trainImages: finding encoding of image is done
2022-11-12 20:04:09.045 INFO Train - trainImages: getting average of encodings of loaded images
2022-11-12 20:04:09.045 INFO Train - trainImages: done with getting average encodings
2022-11-12 20:04:09.045 INFO Train - trainImages: storing the name and encoding in local dictionary
2022-11-12 20:04:09.045 INFO Train - trainImages: stored name and encodes in local dictionary
2022-11-12 20:04:09.045 INFO Train - trainImages: storing the name and encodings in mongodb
2022-11-12 20:04:09.046 INFO Train - trainImages: stored all name and encodes in mongodb
2022-11-12 20:04:09.046 INFO Train - trainImages: started loading images and finding their encodings
2022-11-12 20:04:09.046 INFO Train - trainImages: loading image
2022-11-12 20:04:09.047 DEBUG Train - trainImages: /home/vikasjoshis001/Files/Projects/My_Projects/Gestures/images_to_train/tyrion lannister/index2.jpeg
2022-11-12 20:04:09.047 INFO Train - trainImages: loading image done
2022-11-12 20:04:09.047 INFO Train - trainImages: finding the encoding of image
2022-11-12 20:04:09.171 INFO Train - trainImages: finding encoding of image is done
2022-11-12 20:04:09.171 INFO Train - trainImages: loading image
2022-11-12 20:04:09.171 DEBUG Train - trainImages: /home/vikasjoshis001/Files/Projects/My_Projects/Gestures/images_to_train/tyrion lannister/index4.jpeg
2022-11-12 20:04:09.171 INFO Train - trainImages: loading image done
2022-11-12 20:04:09.171 INFO Train - trainImages: finding the encoding of image
2022-11-12 20:04:09.293 INFO Train - trainImages: finding encoding of image is done
2022-11-12 20:04:09.293 INFO Train - trainImages: loading image
2022-11-12 20:04:09.293 DEBUG Train - trainImages: /home/vikasjoshis001/Files/Projects/My_Projects/Gestures/images_to_train/tyrion lannister/index1.jpeg
2022-11-12 20:04:09.293 INFO Train - trainImages: loading image done
2022-11-12 20:04:09.293 INFO Train - trainImages: finding the encoding of image
2022-11-12 20:04:09.415 INFO Train - trainImages: finding encoding of image is done
2022-11-12 20:04:09.415 INFO Train - trainImages: loading image
2022-11-12 20:04:09.416 DEBUG Train - trainImages: /home/vikasjoshis001/Files/Projects/My_Projects/Gestures/images_to_train/tyrion lannister/index3.jpeg
2022-11-12 20:04:09.416 INFO Train - trainImages: loading image done
2022-11-12 20:04:09.416 INFO Train - trainImages: finding the encoding of image
2022-11-12 20:04:09.537 INFO Train - trainImages: finding encoding of image is done
2022-11-12 20:04:09.537 INFO Train - trainImages: loading image
2022-11-12 20:04:09.538 DEBUG Train - trainImages: /home/vikasjoshis001/Files/Projects/My_Projects/Gestures/images_to_train/tyrion lannister/images5.jpeg
2022-11-12 20:04:09.538 INFO Train - trainImages: loading image done
2022-11-12 20:04:09.538 INFO Train - trainImages: finding the encoding of image
2022-11-12 20:04:09.661 INFO Train - trainImages: finding encoding of image is done
2022-11-12 20:04:09.661 INFO Train - trainImages: getting average of encodings of loaded images
2022-11-12 20:04:09.662 INFO Train - trainImages: done with getting average encodings
2022-11-12 20:04:09.662 INFO Train - trainImages: storing the name and encoding in local dictionary
2022-11-12 20:04:09.662 INFO Train - trainImages: stored name and encodes in local dictionary
2022-11-12 20:04:09.662 INFO Train - trainImages: storing the name and encodings in mongodb
2022-11-12 20:04:09.663 INFO Train - trainImages: stored all name and encodes in mongodb
2022-11-12 20:04:09.663 INFO Train - trainImages: started loading images and finding their encodings
2022-11-12 20:04:09.663 INFO Train - trainImages: loading image
2022-11-12 20:04:09.663 DEBUG Train - trainImages: /home/vikasjoshis001/Files/Projects/My_Projects/Gestures/images_to_train/denerys targeryan/index2.jpeg
2022-11-12 20:04:09.663 INFO Train - trainImages: loading image done
2022-11-12 20:04:09.663 INFO Train - trainImages: finding the encoding of image
2022-11-12 20:04:09.788 INFO Train - trainImages: finding encoding of image is done
2022-11-12 20:04:09.788 INFO Train - trainImages: loading image
2022-11-12 20:04:09.788 DEBUG Train - trainImages: /home/vikasjoshis001/Files/Projects/My_Projects/Gestures/images_to_train/denerys targeryan/index5.jpeg
2022-11-12 20:04:09.788 INFO Train - trainImages: loading image done
2022-11-12 20:04:09.788 INFO Train - trainImages: finding the encoding of image
2022-11-12 20:04:09.912 INFO Train - trainImages: finding encoding of image is done
2022-11-12 20:04:09.912 INFO Train - trainImages: loading image
2022-11-12 20:04:09.913 DEBUG Train - trainImages: /home/vikasjoshis001/Files/Projects/My_Projects/Gestures/images_to_train/denerys targeryan/index4.jpeg
2022-11-12 20:04:09.913 INFO Train - trainImages: loading image done
2022-11-12 20:04:09.913 INFO Train - trainImages: finding the encoding of image
2022-11-12 20:04:10.036 INFO Train - trainImages: finding encoding of image is done
2022-11-12 20:04:10.036 INFO Train - trainImages: loading image
2022-11-12 20:04:10.036 DEBUG Train - trainImages: /home/vikasjoshis001/Files/Projects/My_Projects/Gestures/images_to_train/denerys targeryan/index1.jpeg
2022-11-12 20:04:10.036 INFO Train - trainImages: loading image done
2022-11-12 20:04:10.036 INFO Train - trainImages: finding the encoding of image
2022-11-12 20:04:10.160 INFO Train - trainImages: finding encoding of image is done
2022-11-12 20:04:10.160 INFO Train - trainImages: loading image
2022-11-12 20:04:10.161 DEBUG Train - trainImages: /home/vikasjoshis001/Files/Projects/My_Projects/Gestures/images_to_train/denerys targeryan/index3.jpeg
2022-11-12 20:04:10.161 INFO Train - trainImages: loading image done
2022-11-12 20:04:10.161 INFO Train - trainImages: finding the encoding of image
2022-11-12 20:04:10.284 INFO Train - trainImages: finding encoding of image is done
2022-11-12 20:04:10.284 INFO Train - trainImages: getting average of encodings of loaded images
2022-11-12 20:04:10.285 INFO Train - trainImages: done with getting average encodings
2022-11-12 20:04:10.285 INFO Train - trainImages: storing the name and encoding in local dictionary
2022-11-12 20:04:10.285 INFO Train - trainImages: stored name and encodes in local dictionary
2022-11-12 20:04:10.285 INFO Train - trainImages: storing the name and encodings in mongodb
2022-11-12 20:04:10.286 INFO Train - trainImages: stored all name and encodes in mongodb
2022-11-12 20:04:10.286 INFO Train - trainImages: started loading images and finding their encodings
2022-11-12 20:04:10.286 INFO Train - trainImages: loading image
2022-11-12 20:04:10.286 DEBUG Train - trainImages: /home/vikasjoshis001/Files/Projects/My_Projects/Gestures/images_to_train/king in the north/index2.jpeg
2022-11-12 20:04:10.286 INFO Train - trainImages: loading image done
2022-11-12 20:04:10.286 INFO Train - trainImages: finding the encoding of image
2022-11-12 20:04:10.410 INFO Train - trainImages: finding encoding of image is done
2022-11-12 20:04:10.410 INFO Train - trainImages: loading image
2022-11-12 20:04:10.410 DEBUG Train - trainImages: /home/vikasjoshis001/Files/Projects/My_Projects/Gestures/images_to_train/king in the north/index5.jpeg
2022-11-12 20:04:10.410 INFO Train - trainImages: loading image done
2022-11-12 20:04:10.410 INFO Train - trainImages: finding the encoding of image
2022-11-12 20:04:10.534 INFO Train - trainImages: finding encoding of image is done
2022-11-12 20:04:10.534 INFO Train - trainImages: loading image
2022-11-12 20:04:10.534 DEBUG Train - trainImages: /home/vikasjoshis001/Files/Projects/My_Projects/Gestures/images_to_train/king in the north/index4.jpeg
2022-11-12 20:04:10.534 INFO Train - trainImages: loading image done
2022-11-12 20:04:10.534 INFO Train - trainImages: finding the encoding of image
2022-11-12 20:04:10.659 INFO Train - trainImages: finding encoding of image is done
2022-11-12 20:04:10.659 INFO Train - trainImages: loading image
2022-11-12 20:04:10.659 DEBUG Train - trainImages: /home/vikasjoshis001/Files/Projects/My_Projects/Gestures/images_to_train/king in the north/index3.jpeg
2022-11-12 20:04:10.659 INFO Train - trainImages: loading image done
2022-11-12 20:04:10.659 INFO Train - trainImages: finding the encoding of image
2022-11-12 20:04:10.784 INFO Train - trainImages: finding encoding of image is done
2022-11-12 20:04:10.785 INFO Train - trainImages: loading image
2022-11-12 20:04:10.785 DEBUG Train - trainImages: /home/vikasjoshis001/Files/Projects/My_Projects/Gestures/images_to_train/king in the north/index.jpeg
2022-11-12 20:04:10.785 INFO Train - trainImages: loading image done
2022-11-12 20:04:10.785 INFO Train - trainImages: finding the encoding of image
2022-11-12 20:04:10.908 INFO Train - trainImages: finding encoding of image is done
2022-11-12 20:04:10.908 INFO Train - trainImages: getting average of encodings of loaded images
2022-11-12 20:04:10.909 INFO Train - trainImages: done with getting average encodings
2022-11-12 20:04:10.909 INFO Train - trainImages: storing the name and encoding in local dictionary
2022-11-12 20:04:10.909 INFO Train - trainImages: stored name and encodes in local dictionary
2022-11-12 20:04:10.909 INFO Train - trainImages: storing the name and encodings in mongodb
2022-11-12 20:04:10.910 INFO Train - trainImages: stored all name and encodes in mongodb
2022-11-12 20:04:10.910 INFO Train - trainImages: started loading images and finding their encodings
2022-11-12 20:04:10.910 INFO Train - trainImages: loading image
2022-11-12 20:04:10.910 DEBUG Train - trainImages: /home/vikasjoshis001/Files/Projects/My_Projects/Gestures/images_to_train/arya stark/images4.jpeg
2022-11-12 20:04:10.910 INFO Train - trainImages: loading image done
2022-11-12 20:04:10.910 INFO Train - trainImages: finding the encoding of image
2022-11-12 20:04:11.034 INFO Train - trainImages: finding encoding of image is done
2022-11-12 20:04:11.034 INFO Train - trainImages: loading image
2022-11-12 20:04:11.034 DEBUG Train - trainImages: /home/vikasjoshis001/Files/Projects/My_Projects/Gestures/images_to_train/arya stark/index2.jpeg
2022-11-12 20:04:11.034 INFO Train - trainImages: loading image done
2022-11-12 20:04:11.034 INFO Train - trainImages: finding the encoding of image
2022-11-12 20:04:11.157 INFO Train - trainImages: finding encoding of image is done
2022-11-12 20:04:11.157 INFO Train - trainImages: loading image
2022-11-12 20:04:11.158 DEBUG Train - trainImages: /home/vikasjoshis001/Files/Projects/My_Projects/Gestures/images_to_train/arya stark/index5.jpeg
2022-11-12 20:04:11.158 INFO Train - trainImages: loading image done
2022-11-12 20:04:11.158 INFO Train - trainImages: finding the encoding of image
2022-11-12 20:04:11.283 INFO Train - trainImages: finding encoding of image is done
2022-11-12 20:04:11.283 INFO Train - trainImages: loading image
2022-11-12 20:04:11.284 DEBUG Train - trainImages: /home/vikasjoshis001/Files/Projects/My_Projects/Gestures/images_to_train/arya stark/index3.jpeg
2022-11-12 20:04:11.284 INFO Train - trainImages: loading image done
2022-11-12 20:04:11.284 INFO Train - trainImages: finding the encoding of image
2022-11-12 20:04:11.406 INFO Train - trainImages: finding encoding of image is done
2022-11-12 20:04:11.406 INFO Train - trainImages: loading image
2022-11-12 20:04:11.407 DEBUG Train - trainImages: /home/vikasjoshis001/Files/Projects/My_Projects/Gestures/images_to_train/arya stark/index.jpeg
2022-11-12 20:04:11.407 INFO Train - trainImages: loading image done
2022-11-12 20:04:11.407 INFO Train - trainImages: finding the encoding of image
2022-11-12 20:04:11.535 INFO Train - trainImages: finding encoding of image is done
2022-11-12 20:04:11.535 INFO Train - trainImages: getting average of encodings of loaded images
2022-11-12 20:04:11.536 INFO Train - trainImages: done with getting average encodings
2022-11-12 20:04:11.536 INFO Train - trainImages: storing the name and encoding in local dictionary
2022-11-12 20:04:11.536 INFO Train - trainImages: stored name and encodes in local dictionary
2022-11-12 20:04:11.536 INFO Train - trainImages: storing the name and encodings in mongodb
2022-11-12 20:04:11.537 INFO Train - trainImages: stored all name and encodes in mongodb
