2022-03-31 12:49:06.040 INFO Train - trainImages: MongoDB database connected successfully
2022-03-31 12:49:06.044 INFO Train - trainImages: collected all folders in known_people folder
2022-03-31 12:49:06.044 DEBUG Train - trainImages: ['tyrion lannister', 'Shubham-2022-03-31 12:14:08.769566', 'jhvxfgh-2022-03-31 12:32:20.012113', 'denerys targeryan', 'cersie lannister', 'cdvbxd-2022-03-31 12:29:01.669747', 'king in the north', 'vhm-2022-03-31 12:22:16.839677', 'fdf-2022-03-31 12:47:24.940166', 'Chai-2022-03-31 12:20:10.218479', 'arya stark', 'gh-2022-03-31 12:23:19.211189', 'Sad-2022-03-31 12:16:52.952750', 'Vikas-2022-03-12 15:33:49.979215', 'csdzcz-2022-03-31 12:31:31.420705']
2022-03-31 12:49:06.045 INFO Train - trainImages: collected all images from all folders in known_people folder
2022-03-31 12:49:06.045 DEBUG Train - trainImages: [['/home/vikasjoshis001/Desktop/Gestures/images_to_train/tyrion lannister/images5.jpeg', '/home/vikasjoshis001/Desktop/Gestures/images_to_train/tyrion lannister/index3.jpeg', '/home/vikasjoshis001/Desktop/Gestures/images_to_train/tyrion lannister/index1.jpeg', '/home/vikasjoshis001/Desktop/Gestures/images_to_train/tyrion lannister/index2.jpeg', '/home/vikasjoshis001/Desktop/Gestures/images_to_train/tyrion lannister/index4.jpeg'], ['/home/vikasjoshis001/Desktop/Gestures/images_to_train/Shubham-2022-03-31 12:14:08.769566/Shubham.f8cc63d4-b0bd-11ec-95c9-353773ec36e1.jpeg'], ['/home/vikasjoshis001/Desktop/Gestures/images_to_train/jhvxfgh-2022-03-31 12:32:20.012113/jhvxfgh.81ffab14-b0c0-11ec-95c9-353773ec36e1.jpeg', '/home/vikasjoshis001/Desktop/Gestures/images_to_train/jhvxfgh-2022-03-31 12:32:20.012113/jhvxfgh.84860fae-b0c0-11ec-95c9-353773ec36e1.jpeg', '/home/vikasjoshis001/Desktop/Gestures/images_to_train/jhvxfgh-2022-03-31 12:32:20.012113/jhvxfgh.834cff26-b0c0-11ec-95c9-353773ec36e1.jpeg', '/home/vikasjoshis001/Desktop/Gestures/images_to_train/jhvxfgh-2022-03-31 12:32:20.012113/jhvxfgh.834cff27-b0c0-11ec-95c9-353773ec36e1.jpeg', '/home/vikasjoshis001/Desktop/Gestures/images_to_train/jhvxfgh-2022-03-31 12:32:20.012113/jhvxfgh.81ffab15-b0c0-11ec-95c9-353773ec36e1.jpeg'], ['/home/vikasjoshis001/Desktop/Gestures/images_to_train/denerys targeryan/index3.jpeg', '/home/vikasjoshis001/Desktop/Gestures/images_to_train/denerys targeryan/index5.jpeg', '/home/vikasjoshis001/Desktop/Gestures/images_to_train/denerys targeryan/index1.jpeg', '/home/vikasjoshis001/Desktop/Gestures/images_to_train/denerys targeryan/index2.jpeg', '/home/vikasjoshis001/Desktop/Gestures/images_to_train/denerys targeryan/index4.jpeg'], ['/home/vikasjoshis001/Desktop/Gestures/images_to_train/cersie lannister/index3.jpeg', '/home/vikasjoshis001/Desktop/Gestures/images_to_train/cersie lannister/index5.jpeg', '/home/vikasjoshis001/Desktop/Gestures/images_to_train/cersie lannister/index2.jpeg', '/home/vikasjoshis001/Desktop/Gestures/images_to_train/cersie lannister/index4.jpeg'], ['/home/vikasjoshis001/Desktop/Gestures/images_to_train/cdvbxd-2022-03-31 12:29:01.669747/cdvbxd.0dac1d9d-b0c0-11ec-95c9-353773ec36e1.jpeg', '/home/vikasjoshis001/Desktop/Gestures/images_to_train/cdvbxd-2022-03-31 12:29:01.669747/cdvbxd.0dac1d9c-b0c0-11ec-95c9-353773ec36e1.jpeg', '/home/vikasjoshis001/Desktop/Gestures/images_to_train/cdvbxd-2022-03-31 12:29:01.669747/cdvbxd.0c763945-b0c0-11ec-95c9-353773ec36e1.jpeg', '/home/vikasjoshis001/Desktop/Gestures/images_to_train/cdvbxd-2022-03-31 12:29:01.669747/cdvbxd.0bc67946-b0c0-11ec-95c9-353773ec36e1.jpeg', '/home/vikasjoshis001/Desktop/Gestures/images_to_train/cdvbxd-2022-03-31 12:29:01.669747/cdvbxd.0c763944-b0c0-11ec-95c9-353773ec36e1.jpeg'], ['/home/vikasjoshis001/Desktop/Gestures/images_to_train/king in the north/index.jpeg', '/home/vikasjoshis001/Desktop/Gestures/images_to_train/king in the north/index3.jpeg', '/home/vikasjoshis001/Desktop/Gestures/images_to_train/king in the north/index5.jpeg', '/home/vikasjoshis001/Desktop/Gestures/images_to_train/king in the north/index2.jpeg', '/home/vikasjoshis001/Desktop/Gestures/images_to_train/king in the north/index4.jpeg'], ['/home/vikasjoshis001/Desktop/Gestures/images_to_train/vhm-2022-03-31 12:22:16.839677/vhm.1a7afe73-b0bf-11ec-95c9-353773ec36e1.jpeg', '/home/vikasjoshis001/Desktop/Gestures/images_to_train/vhm-2022-03-31 12:22:16.839677/vhm.1a7afe72-b0bf-11ec-95c9-353773ec36e1.jpeg', '/home/vikasjoshis001/Desktop/Gestures/images_to_train/vhm-2022-03-31 12:22:16.839677/vhm.1a7afe75-b0bf-11ec-95c9-353773ec36e1.jpeg', '/home/vikasjoshis001/Desktop/Gestures/images_to_train/vhm-2022-03-31 12:22:16.839677/vhm.1a7afe74-b0bf-11ec-95c9-353773ec36e1.jpeg', '/home/vikasjoshis001/Desktop/Gestures/images_to_train/vhm-2022-03-31 12:22:16.839677/vhm.1a7afe76-b0bf-11ec-95c9-353773ec36e1.jpeg'], ['/home/vikasjoshis001/Desktop/Gestures/images_to_train/fdf-2022-03-31 12:47:24.940166/fdf.9eae153d-b0c2-11ec-95c9-353773ec36e1.jpeg', '/home/vikasjoshis001/Desktop/Gestures/images_to_train/fdf-2022-03-31 12:47:24.940166/fdf.9fe743ec-b0c2-11ec-95c9-353773ec36e1.jpeg', '/home/vikasjoshis001/Desktop/Gestures/images_to_train/fdf-2022-03-31 12:47:24.940166/fdf.9d60e8ee-b0c2-11ec-95c9-353773ec36e1.jpeg', '/home/vikasjoshis001/Desktop/Gestures/images_to_train/fdf-2022-03-31 12:47:24.940166/fdf.9d60e8ef-b0c2-11ec-95c9-353773ec36e1.jpeg', '/home/vikasjoshis001/Desktop/Gestures/images_to_train/fdf-2022-03-31 12:47:24.940166/fdf.9eae153c-b0c2-11ec-95c9-353773ec36e1.jpeg'], ['/home/vikasjoshis001/Desktop/Gestures/images_to_train/Chai-2022-03-31 12:20:10.218479/Chai.cf03ab39-b0be-11ec-95c9-353773ec36e1.jpeg', '/home/vikasjoshis001/Desktop/Gestures/images_to_train/Chai-2022-03-31 12:20:10.218479/Chai.cf03ab3b-b0be-11ec-95c9-353773ec36e1.jpeg', '/home/vikasjoshis001/Desktop/Gestures/images_to_train/Chai-2022-03-31 12:20:10.218479/Chai.cf03ab38-b0be-11ec-95c9-353773ec36e1.jpeg', '/home/vikasjoshis001/Desktop/Gestures/images_to_train/Chai-2022-03-31 12:20:10.218479/Chai.cf03ab3c-b0be-11ec-95c9-353773ec36e1.jpeg', '/home/vikasjoshis001/Desktop/Gestures/images_to_train/Chai-2022-03-31 12:20:10.218479/Chai.cf03ab3a-b0be-11ec-95c9-353773ec36e1.jpeg'], ['/home/vikasjoshis001/Desktop/Gestures/images_to_train/arya stark/index.jpeg', '/home/vikasjoshis001/Desktop/Gestures/images_to_train/arya stark/index3.jpeg', '/home/vikasjoshis001/Desktop/Gestures/images_to_train/arya stark/index5.jpeg', '/home/vikasjoshis001/Desktop/Gestures/images_to_train/arya stark/index2.jpeg', '/home/vikasjoshis001/Desktop/Gestures/images_to_train/arya stark/images4.jpeg'], ['/home/vikasjoshis001/Desktop/Gestures/images_to_train/gh-2022-03-31 12:23:19.211189/gh.3fa9801e-b0bf-11ec-95c9-353773ec36e1.jpeg', '/home/vikasjoshis001/Desktop/Gestures/images_to_train/gh-2022-03-31 12:23:19.211189/gh.3fa9801b-b0bf-11ec-95c9-353773ec36e1.jpeg', '/home/vikasjoshis001/Desktop/Gestures/images_to_train/gh-2022-03-31 12:23:19.211189/gh.3fa9801a-b0bf-11ec-95c9-353773ec36e1.jpeg', '/home/vikasjoshis001/Desktop/Gestures/images_to_train/gh-2022-03-31 12:23:19.211189/gh.3fa9801d-b0bf-11ec-95c9-353773ec36e1.jpeg', '/home/vikasjoshis001/Desktop/Gestures/images_to_train/gh-2022-03-31 12:23:19.211189/gh.3fa9801c-b0bf-11ec-95c9-353773ec36e1.jpeg'], ['/home/vikasjoshis001/Desktop/Gestures/images_to_train/Sad-2022-03-31 12:16:52.952750/Sad.596d38de-b0be-11ec-95c9-353773ec36e1.jpeg', '/home/vikasjoshis001/Desktop/Gestures/images_to_train/Sad-2022-03-31 12:16:52.952750/Sad.596d38dd-b0be-11ec-95c9-353773ec36e1.jpeg', '/home/vikasjoshis001/Desktop/Gestures/images_to_train/Sad-2022-03-31 12:16:52.952750/Sad.596d38da-b0be-11ec-95c9-353773ec36e1.jpeg', '/home/vikasjoshis001/Desktop/Gestures/images_to_train/Sad-2022-03-31 12:16:52.952750/Sad.596d38db-b0be-11ec-95c9-353773ec36e1.jpeg', '/home/vikasjoshis001/Desktop/Gestures/images_to_train/Sad-2022-03-31 12:16:52.952750/Sad.596d38dc-b0be-11ec-95c9-353773ec36e1.jpeg'], ['/home/vikasjoshis001/Desktop/Gestures/images_to_train/Vikas-2022-03-12 15:33:49.979215/Vikas.b761c802-a1eb-11ec-a348-e960390a4373.jpeg', '/home/vikasjoshis001/Desktop/Gestures/images_to_train/Vikas-2022-03-12 15:33:49.979215/Vikas.b9e21fbe-a1eb-11ec-a348-e960390a4373.jpeg', '/home/vikasjoshis001/Desktop/Gestures/images_to_train/Vikas-2022-03-12 15:33:49.979215/Vikas.b761c803-a1eb-11ec-a348-e960390a4373.jpeg', '/home/vikasjoshis001/Desktop/Gestures/images_to_train/Vikas-2022-03-12 15:33:49.979215/Vikas.b8aa7a74-a1eb-11ec-a348-e960390a4373.jpeg', '/home/vikasjoshis001/Desktop/Gestures/images_to_train/Vikas-2022-03-12 15:33:49.979215/Vikas.b8aa7a75-a1eb-11ec-a348-e960390a4373.jpeg'], ['/home/vikasjoshis001/Desktop/Gestures/images_to_train/csdzcz-2022-03-31 12:31:31.420705/csdzcz.6792ab96-b0c0-11ec-95c9-353773ec36e1.jpeg', '/home/vikasjoshis001/Desktop/Gestures/images_to_train/csdzcz-2022-03-31 12:31:31.420705/csdzcz.66593e70-b0c0-11ec-95c9-353773ec36e1.jpeg', '/home/vikasjoshis001/Desktop/Gestures/images_to_train/csdzcz-2022-03-31 12:31:31.420705/csdzcz.65091bb2-b0c0-11ec-95c9-353773ec36e1.jpeg', '/home/vikasjoshis001/Desktop/Gestures/images_to_train/csdzcz-2022-03-31 12:31:31.420705/csdzcz.65091bb3-b0c0-11ec-95c9-353773ec36e1.jpeg', '/home/vikasjoshis001/Desktop/Gestures/images_to_train/csdzcz-2022-03-31 12:31:31.420705/csdzcz.66593e71-b0c0-11ec-95c9-353773ec36e1.jpeg']]
2022-03-31 12:49:06.045 INFO Train - trainImages: started loading images and finding their encodings
2022-03-31 12:49:06.045 INFO Train - trainImages: loading image
2022-03-31 12:49:06.052 DEBUG Train - trainImages: /home/vikasjoshis001/Desktop/Gestures/images_to_train/tyrion lannister/images5.jpeg
2022-03-31 12:49:06.053 INFO Train - trainImages: loading image done
2022-03-31 12:49:06.053 INFO Train - trainImages: finding the encoding of image
2022-03-31 12:49:06.139 INFO Train - trainImages: finding encoding of image is done
2022-03-31 12:49:06.139 INFO Train - trainImages: loading image
2022-03-31 12:49:06.140 DEBUG Train - trainImages: /home/vikasjoshis001/Desktop/Gestures/images_to_train/tyrion lannister/index3.jpeg
2022-03-31 12:49:06.140 INFO Train - trainImages: loading image done
2022-03-31 12:49:06.140 INFO Train - trainImages: finding the encoding of image
2022-03-31 12:49:06.247 INFO Train - trainImages: finding encoding of image is done
2022-03-31 12:49:06.247 INFO Train - trainImages: loading image
2022-03-31 12:49:06.248 DEBUG Train - trainImages: /home/vikasjoshis001/Desktop/Gestures/images_to_train/tyrion lannister/index1.jpeg
2022-03-31 12:49:06.248 INFO Train - trainImages: loading image done
2022-03-31 12:49:06.248 INFO Train - trainImages: finding the encoding of image
2022-03-31 12:49:06.352 INFO Train - trainImages: finding encoding of image is done
2022-03-31 12:49:06.353 INFO Train - trainImages: loading image
2022-03-31 12:49:06.353 DEBUG Train - trainImages: /home/vikasjoshis001/Desktop/Gestures/images_to_train/tyrion lannister/index2.jpeg
2022-03-31 12:49:06.353 INFO Train - trainImages: loading image done
2022-03-31 12:49:06.353 INFO Train - trainImages: finding the encoding of image
2022-03-31 12:49:06.434 INFO Train - trainImages: finding encoding of image is done
2022-03-31 12:49:06.434 INFO Train - trainImages: loading image
2022-03-31 12:49:06.435 DEBUG Train - trainImages: /home/vikasjoshis001/Desktop/Gestures/images_to_train/tyrion lannister/index4.jpeg
2022-03-31 12:49:06.435 INFO Train - trainImages: loading image done
2022-03-31 12:49:06.435 INFO Train - trainImages: finding the encoding of image
2022-03-31 12:49:06.516 INFO Train - trainImages: finding encoding of image is done
2022-03-31 12:49:06.516 INFO Train - trainImages: getting average of encodings of loaded images
2022-03-31 12:49:06.516 INFO Train - trainImages: done with getting average encodings
2022-03-31 12:49:06.516 INFO Train - trainImages: storing the name and encoding in local dictionary
2022-03-31 12:49:06.516 INFO Train - trainImages: stored name and encodes in local dictionary
2022-03-31 12:49:06.516 INFO Train - trainImages: storing the name and encodings in mongodb
2022-03-31 12:49:06.517 INFO Train - trainImages: stored all name and encodes in mongodb
2022-03-31 12:49:06.517 INFO Train - trainImages: started loading images and finding their encodings
2022-03-31 12:49:06.517 INFO Train - trainImages: loading image
2022-03-31 12:49:06.520 DEBUG Train - trainImages: /home/vikasjoshis001/Desktop/Gestures/images_to_train/Shubham-2022-03-31 12:14:08.769566/Shubham.f8cc63d4-b0bd-11ec-95c9-353773ec36e1.jpeg
2022-03-31 12:49:06.520 INFO Train - trainImages: loading image done
2022-03-31 12:49:06.520 INFO Train - trainImages: finding the encoding of image
2022-03-31 12:49:06.739 INFO Train - trainImages: finding encoding of image is done
2022-03-31 12:49:06.739 INFO Train - trainImages: getting average of encodings of loaded images
2022-03-31 12:49:06.739 INFO Train - trainImages: done with getting average encodings
2022-03-31 12:49:06.739 INFO Train - trainImages: storing the name and encoding in local dictionary
2022-03-31 12:49:06.739 INFO Train - trainImages: stored name and encodes in local dictionary
2022-03-31 12:49:06.739 INFO Train - trainImages: storing the name and encodings in mongodb
2022-03-31 12:49:06.740 INFO Train - trainImages: stored all name and encodes in mongodb
2022-03-31 12:49:06.740 INFO Train - trainImages: started loading images and finding their encodings
2022-03-31 12:49:06.740 INFO Train - trainImages: loading image
2022-03-31 12:49:06.743 DEBUG Train - trainImages: /home/vikasjoshis001/Desktop/Gestures/images_to_train/jhvxfgh-2022-03-31 12:32:20.012113/jhvxfgh.81ffab14-b0c0-11ec-95c9-353773ec36e1.jpeg
2022-03-31 12:49:06.743 INFO Train - trainImages: loading image done
2022-03-31 12:49:06.743 INFO Train - trainImages: finding the encoding of image
2022-03-31 12:49:06.943 INFO Train - trainImages: finding encoding of image is done
2022-03-31 12:49:06.943 INFO Train - trainImages: loading image
2022-03-31 12:49:06.946 DEBUG Train - trainImages: /home/vikasjoshis001/Desktop/Gestures/images_to_train/jhvxfgh-2022-03-31 12:32:20.012113/jhvxfgh.84860fae-b0c0-11ec-95c9-353773ec36e1.jpeg
2022-03-31 12:49:06.946 INFO Train - trainImages: loading image done
2022-03-31 12:49:06.946 INFO Train - trainImages: finding the encoding of image
2022-03-31 12:49:07.145 INFO Train - trainImages: finding encoding of image is done
2022-03-31 12:49:07.145 INFO Train - trainImages: loading image
2022-03-31 12:49:07.149 DEBUG Train - trainImages: /home/vikasjoshis001/Desktop/Gestures/images_to_train/jhvxfgh-2022-03-31 12:32:20.012113/jhvxfgh.834cff26-b0c0-11ec-95c9-353773ec36e1.jpeg
2022-03-31 12:49:07.149 INFO Train - trainImages: loading image done
2022-03-31 12:49:07.149 INFO Train - trainImages: finding the encoding of image
2022-03-31 12:49:07.339 INFO Train - trainImages: finding encoding of image is done
2022-03-31 12:49:07.339 INFO Train - trainImages: loading image
2022-03-31 12:49:07.342 DEBUG Train - trainImages: /home/vikasjoshis001/Desktop/Gestures/images_to_train/jhvxfgh-2022-03-31 12:32:20.012113/jhvxfgh.834cff27-b0c0-11ec-95c9-353773ec36e1.jpeg
2022-03-31 12:49:07.342 INFO Train - trainImages: loading image done
2022-03-31 12:49:07.342 INFO Train - trainImages: finding the encoding of image
2022-03-31 12:49:07.544 INFO Train - trainImages: finding encoding of image is done
2022-03-31 12:49:07.545 INFO Train - trainImages: loading image
2022-03-31 12:49:07.548 DEBUG Train - trainImages: /home/vikasjoshis001/Desktop/Gestures/images_to_train/jhvxfgh-2022-03-31 12:32:20.012113/jhvxfgh.81ffab15-b0c0-11ec-95c9-353773ec36e1.jpeg
2022-03-31 12:49:07.548 INFO Train - trainImages: loading image done
2022-03-31 12:49:07.549 INFO Train - trainImages: finding the encoding of image
2022-03-31 12:49:07.797 INFO Train - trainImages: finding encoding of image is done
2022-03-31 12:49:07.797 INFO Train - trainImages: getting average of encodings of loaded images
2022-03-31 12:49:07.797 INFO Train - trainImages: done with getting average encodings
2022-03-31 12:49:07.797 INFO Train - trainImages: storing the name and encoding in local dictionary
2022-03-31 12:49:07.797 INFO Train - trainImages: stored name and encodes in local dictionary
2022-03-31 12:49:07.797 INFO Train - trainImages: storing the name and encodings in mongodb
2022-03-31 12:49:07.798 INFO Train - trainImages: stored all name and encodes in mongodb
2022-03-31 12:49:07.798 INFO Train - trainImages: started loading images and finding their encodings
2022-03-31 12:49:07.798 INFO Train - trainImages: loading image
2022-03-31 12:49:07.799 DEBUG Train - trainImages: /home/vikasjoshis001/Desktop/Gestures/images_to_train/denerys targeryan/index3.jpeg
2022-03-31 12:49:07.799 INFO Train - trainImages: loading image done
2022-03-31 12:49:07.799 INFO Train - trainImages: finding the encoding of image
2022-03-31 12:49:07.908 INFO Train - trainImages: finding encoding of image is done
2022-03-31 12:49:07.908 INFO Train - trainImages: loading image
2022-03-31 12:49:07.909 DEBUG Train - trainImages: /home/vikasjoshis001/Desktop/Gestures/images_to_train/denerys targeryan/index5.jpeg
2022-03-31 12:49:07.909 INFO Train - trainImages: loading image done
2022-03-31 12:49:07.909 INFO Train - trainImages: finding the encoding of image
2022-03-31 12:49:08.013 INFO Train - trainImages: finding encoding of image is done
2022-03-31 12:49:08.013 INFO Train - trainImages: loading image
2022-03-31 12:49:08.014 DEBUG Train - trainImages: /home/vikasjoshis001/Desktop/Gestures/images_to_train/denerys targeryan/index1.jpeg
2022-03-31 12:49:08.014 INFO Train - trainImages: loading image done
2022-03-31 12:49:08.014 INFO Train - trainImages: finding the encoding of image
2022-03-31 12:49:08.104 INFO Train - trainImages: finding encoding of image is done
2022-03-31 12:49:08.105 INFO Train - trainImages: loading image
2022-03-31 12:49:08.105 DEBUG Train - trainImages: /home/vikasjoshis001/Desktop/Gestures/images_to_train/denerys targeryan/index2.jpeg
2022-03-31 12:49:08.105 INFO Train - trainImages: loading image done
2022-03-31 12:49:08.105 INFO Train - trainImages: finding the encoding of image
2022-03-31 12:49:08.188 INFO Train - trainImages: finding encoding of image is done
2022-03-31 12:49:08.188 INFO Train - trainImages: loading image
2022-03-31 12:49:08.189 DEBUG Train - trainImages: /home/vikasjoshis001/Desktop/Gestures/images_to_train/denerys targeryan/index4.jpeg
2022-03-31 12:49:08.189 INFO Train - trainImages: loading image done
2022-03-31 12:49:08.189 INFO Train - trainImages: finding the encoding of image
2022-03-31 12:49:08.258 INFO Train - trainImages: finding encoding of image is done
2022-03-31 12:49:08.258 INFO Train - trainImages: getting average of encodings of loaded images
2022-03-31 12:49:08.258 INFO Train - trainImages: done with getting average encodings
2022-03-31 12:49:08.258 INFO Train - trainImages: storing the name and encoding in local dictionary
2022-03-31 12:49:08.258 INFO Train - trainImages: stored name and encodes in local dictionary
2022-03-31 12:49:08.258 INFO Train - trainImages: storing the name and encodings in mongodb
2022-03-31 12:49:08.259 INFO Train - trainImages: stored all name and encodes in mongodb
2022-03-31 12:49:08.259 INFO Train - trainImages: started loading images and finding their encodings
2022-03-31 12:49:08.259 INFO Train - trainImages: loading image
2022-03-31 12:49:08.259 DEBUG Train - trainImages: /home/vikasjoshis001/Desktop/Gestures/images_to_train/cersie lannister/index3.jpeg
2022-03-31 12:49:08.260 INFO Train - trainImages: loading image done
2022-03-31 12:49:08.260 INFO Train - trainImages: finding the encoding of image
2022-03-31 12:49:08.328 INFO Train - trainImages: finding encoding of image is done
2022-03-31 12:49:08.328 INFO Train - trainImages: loading image
2022-03-31 12:49:08.329 DEBUG Train - trainImages: /home/vikasjoshis001/Desktop/Gestures/images_to_train/cersie lannister/index5.jpeg
2022-03-31 12:49:08.329 INFO Train - trainImages: loading image done
2022-03-31 12:49:08.329 INFO Train - trainImages: finding the encoding of image
2022-03-31 12:49:08.400 INFO Train - trainImages: finding encoding of image is done
2022-03-31 12:49:08.400 INFO Train - trainImages: loading image
2022-03-31 12:49:08.401 DEBUG Train - trainImages: /home/vikasjoshis001/Desktop/Gestures/images_to_train/cersie lannister/index2.jpeg
2022-03-31 12:49:08.401 INFO Train - trainImages: loading image done
2022-03-31 12:49:08.401 INFO Train - trainImages: finding the encoding of image
2022-03-31 12:49:08.474 INFO Train - trainImages: finding encoding of image is done
2022-03-31 12:49:08.474 INFO Train - trainImages: loading image
2022-03-31 12:49:08.475 DEBUG Train - trainImages: /home/vikasjoshis001/Desktop/Gestures/images_to_train/cersie lannister/index4.jpeg
2022-03-31 12:49:08.475 INFO Train - trainImages: loading image done
2022-03-31 12:49:08.475 INFO Train - trainImages: finding the encoding of image
2022-03-31 12:49:08.558 INFO Train - trainImages: finding encoding of image is done
2022-03-31 12:49:08.558 INFO Train - trainImages: getting average of encodings of loaded images
2022-03-31 12:49:08.559 INFO Train - trainImages: done with getting average encodings
2022-03-31 12:49:08.559 INFO Train - trainImages: storing the name and encoding in local dictionary
2022-03-31 12:49:08.559 INFO Train - trainImages: stored name and encodes in local dictionary
2022-03-31 12:49:08.559 INFO Train - trainImages: storing the name and encodings in mongodb
2022-03-31 12:49:08.560 INFO Train - trainImages: stored all name and encodes in mongodb
2022-03-31 12:49:08.560 INFO Train - trainImages: started loading images and finding their encodings
2022-03-31 12:49:08.560 INFO Train - trainImages: loading image
2022-03-31 12:49:08.563 DEBUG Train - trainImages: /home/vikasjoshis001/Desktop/Gestures/images_to_train/cdvbxd-2022-03-31 12:29:01.669747/cdvbxd.0dac1d9d-b0c0-11ec-95c9-353773ec36e1.jpeg
2022-03-31 12:49:08.563 INFO Train - trainImages: loading image done
2022-03-31 12:49:08.563 INFO Train - trainImages: finding the encoding of image
2022-03-31 12:49:08.782 INFO Train - trainImages: finding encoding of image is done
2022-03-31 12:49:08.782 INFO Train - trainImages: loading image
2022-03-31 12:49:08.785 DEBUG Train - trainImages: /home/vikasjoshis001/Desktop/Gestures/images_to_train/cdvbxd-2022-03-31 12:29:01.669747/cdvbxd.0dac1d9c-b0c0-11ec-95c9-353773ec36e1.jpeg
2022-03-31 12:49:08.785 INFO Train - trainImages: loading image done
2022-03-31 12:49:08.785 INFO Train - trainImages: finding the encoding of image
2022-03-31 12:49:08.999 INFO Train - trainImages: finding encoding of image is done
2022-03-31 12:49:08.999 INFO Train - trainImages: loading image
2022-03-31 12:49:09.002 DEBUG Train - trainImages: /home/vikasjoshis001/Desktop/Gestures/images_to_train/cdvbxd-2022-03-31 12:29:01.669747/cdvbxd.0c763945-b0c0-11ec-95c9-353773ec36e1.jpeg
2022-03-31 12:49:09.002 INFO Train - trainImages: loading image done
2022-03-31 12:49:09.002 INFO Train - trainImages: finding the encoding of image
2022-03-31 12:49:09.197 INFO Train - trainImages: finding encoding of image is done
2022-03-31 12:49:09.198 INFO Train - trainImages: loading image
2022-03-31 12:49:09.200 DEBUG Train - trainImages: /home/vikasjoshis001/Desktop/Gestures/images_to_train/cdvbxd-2022-03-31 12:29:01.669747/cdvbxd.0bc67946-b0c0-11ec-95c9-353773ec36e1.jpeg
2022-03-31 12:49:09.200 INFO Train - trainImages: loading image done
2022-03-31 12:49:09.200 INFO Train - trainImages: finding the encoding of image
2022-03-31 12:49:09.459 INFO Train - trainImages: finding encoding of image is done
2022-03-31 12:49:09.459 INFO Train - trainImages: loading image
2022-03-31 12:49:09.462 DEBUG Train - trainImages: /home/vikasjoshis001/Desktop/Gestures/images_to_train/cdvbxd-2022-03-31 12:29:01.669747/cdvbxd.0c763944-b0c0-11ec-95c9-353773ec36e1.jpeg
2022-03-31 12:49:09.462 INFO Train - trainImages: loading image done
2022-03-31 12:49:09.462 INFO Train - trainImages: finding the encoding of image
2022-03-31 12:49:09.663 INFO Train - trainImages: finding encoding of image is done
2022-03-31 12:49:09.663 INFO Train - trainImages: getting average of encodings of loaded images
2022-03-31 12:49:09.663 INFO Train - trainImages: done with getting average encodings
2022-03-31 12:49:09.663 INFO Train - trainImages: storing the name and encoding in local dictionary
2022-03-31 12:49:09.663 INFO Train - trainImages: stored name and encodes in local dictionary
2022-03-31 12:49:09.663 INFO Train - trainImages: storing the name and encodings in mongodb
2022-03-31 12:49:09.664 INFO Train - trainImages: stored all name and encodes in mongodb
2022-03-31 12:49:09.664 INFO Train - trainImages: started loading images and finding their encodings
2022-03-31 12:49:09.664 INFO Train - trainImages: loading image
2022-03-31 12:49:09.665 DEBUG Train - trainImages: /home/vikasjoshis001/Desktop/Gestures/images_to_train/king in the north/index.jpeg
2022-03-31 12:49:09.665 INFO Train - trainImages: loading image done
2022-03-31 12:49:09.665 INFO Train - trainImages: finding the encoding of image
2022-03-31 12:49:09.783 INFO Train - trainImages: finding encoding of image is done
2022-03-31 12:49:09.783 INFO Train - trainImages: loading image
2022-03-31 12:49:09.783 DEBUG Train - trainImages: /home/vikasjoshis001/Desktop/Gestures/images_to_train/king in the north/index3.jpeg
2022-03-31 12:49:09.784 INFO Train - trainImages: loading image done
2022-03-31 12:49:09.784 INFO Train - trainImages: finding the encoding of image
2022-03-31 12:49:09.864 INFO Train - trainImages: finding encoding of image is done
2022-03-31 12:49:09.864 INFO Train - trainImages: loading image
2022-03-31 12:49:09.865 DEBUG Train - trainImages: /home/vikasjoshis001/Desktop/Gestures/images_to_train/king in the north/index5.jpeg
2022-03-31 12:49:09.865 INFO Train - trainImages: loading image done
2022-03-31 12:49:09.865 INFO Train - trainImages: finding the encoding of image
2022-03-31 12:49:09.939 INFO Train - trainImages: finding encoding of image is done
2022-03-31 12:49:09.939 INFO Train - trainImages: loading image
2022-03-31 12:49:09.940 DEBUG Train - trainImages: /home/vikasjoshis001/Desktop/Gestures/images_to_train/king in the north/index2.jpeg
2022-03-31 12:49:09.940 INFO Train - trainImages: loading image done
2022-03-31 12:49:09.940 INFO Train - trainImages: finding the encoding of image
2022-03-31 12:49:10.012 INFO Train - trainImages: finding encoding of image is done
2022-03-31 12:49:10.012 INFO Train - trainImages: loading image
2022-03-31 12:49:10.013 DEBUG Train - trainImages: /home/vikasjoshis001/Desktop/Gestures/images_to_train/king in the north/index4.jpeg
2022-03-31 12:49:10.013 INFO Train - trainImages: loading image done
2022-03-31 12:49:10.013 INFO Train - trainImages: finding the encoding of image
2022-03-31 12:49:10.085 INFO Train - trainImages: finding encoding of image is done
2022-03-31 12:49:10.085 INFO Train - trainImages: getting average of encodings of loaded images
2022-03-31 12:49:10.085 INFO Train - trainImages: done with getting average encodings
2022-03-31 12:49:10.085 INFO Train - trainImages: storing the name and encoding in local dictionary
2022-03-31 12:49:10.086 INFO Train - trainImages: stored name and encodes in local dictionary
2022-03-31 12:49:10.086 INFO Train - trainImages: storing the name and encodings in mongodb
2022-03-31 12:49:10.086 INFO Train - trainImages: stored all name and encodes in mongodb
2022-03-31 12:49:10.086 INFO Train - trainImages: started loading images and finding their encodings
2022-03-31 12:49:10.086 INFO Train - trainImages: loading image
2022-03-31 12:49:10.089 DEBUG Train - trainImages: /home/vikasjoshis001/Desktop/Gestures/images_to_train/vhm-2022-03-31 12:22:16.839677/vhm.1a7afe73-b0bf-11ec-95c9-353773ec36e1.jpeg
2022-03-31 12:49:10.089 INFO Train - trainImages: loading image done
2022-03-31 12:49:10.089 INFO Train - trainImages: finding the encoding of image
2022-03-31 12:49:10.281 INFO Train - trainImages: finding encoding of image is done
2022-03-31 12:49:10.281 INFO Train - trainImages: loading image
2022-03-31 12:49:10.284 DEBUG Train - trainImages: /home/vikasjoshis001/Desktop/Gestures/images_to_train/vhm-2022-03-31 12:22:16.839677/vhm.1a7afe72-b0bf-11ec-95c9-353773ec36e1.jpeg
2022-03-31 12:49:10.284 INFO Train - trainImages: loading image done
2022-03-31 12:49:10.284 INFO Train - trainImages: finding the encoding of image
2022-03-31 12:49:10.498 INFO Train - trainImages: finding encoding of image is done
2022-03-31 12:49:10.498 INFO Train - trainImages: loading image
2022-03-31 12:49:10.502 DEBUG Train - trainImages: /home/vikasjoshis001/Desktop/Gestures/images_to_train/vhm-2022-03-31 12:22:16.839677/vhm.1a7afe75-b0bf-11ec-95c9-353773ec36e1.jpeg
2022-03-31 12:49:10.502 INFO Train - trainImages: loading image done
2022-03-31 12:49:10.502 INFO Train - trainImages: finding the encoding of image
2022-03-31 12:49:10.711 INFO Train - trainImages: finding encoding of image is done
2022-03-31 12:49:10.711 INFO Train - trainImages: loading image
2022-03-31 12:49:10.714 DEBUG Train - trainImages: /home/vikasjoshis001/Desktop/Gestures/images_to_train/vhm-2022-03-31 12:22:16.839677/vhm.1a7afe74-b0bf-11ec-95c9-353773ec36e1.jpeg
2022-03-31 12:49:10.714 INFO Train - trainImages: loading image done
2022-03-31 12:49:10.714 INFO Train - trainImages: finding the encoding of image
2022-03-31 12:49:10.919 INFO Train - trainImages: finding encoding of image is done
2022-03-31 12:49:10.919 INFO Train - trainImages: loading image
2022-03-31 12:49:10.922 DEBUG Train - trainImages: /home/vikasjoshis001/Desktop/Gestures/images_to_train/vhm-2022-03-31 12:22:16.839677/vhm.1a7afe76-b0bf-11ec-95c9-353773ec36e1.jpeg
2022-03-31 12:49:10.922 INFO Train - trainImages: loading image done
2022-03-31 12:49:10.922 INFO Train - trainImages: finding the encoding of image
2022-03-31 12:49:11.127 INFO Train - trainImages: finding encoding of image is done
2022-03-31 12:49:11.127 INFO Train - trainImages: getting average of encodings of loaded images
2022-03-31 12:49:11.128 INFO Train - trainImages: done with getting average encodings
2022-03-31 12:49:11.128 INFO Train - trainImages: storing the name and encoding in local dictionary
2022-03-31 12:49:11.128 INFO Train - trainImages: stored name and encodes in local dictionary
2022-03-31 12:49:11.128 INFO Train - trainImages: storing the name and encodings in mongodb
2022-03-31 12:49:11.129 INFO Train - trainImages: stored all name and encodes in mongodb
2022-03-31 12:49:11.129 INFO Train - trainImages: started loading images and finding their encodings
2022-03-31 12:49:11.129 INFO Train - trainImages: loading image
2022-03-31 12:49:11.132 DEBUG Train - trainImages: /home/vikasjoshis001/Desktop/Gestures/images_to_train/fdf-2022-03-31 12:47:24.940166/fdf.9eae153d-b0c2-11ec-95c9-353773ec36e1.jpeg
2022-03-31 12:49:11.133 INFO Train - trainImages: loading image done
2022-03-31 12:49:11.133 INFO Train - trainImages: finding the encoding of image
2022-03-31 12:49:11.322 INFO Train - trainImages: finding encoding of image is done
2022-03-31 12:49:11.322 INFO Train - trainImages: loading image
2022-03-31 12:49:11.324 DEBUG Train - trainImages: /home/vikasjoshis001/Desktop/Gestures/images_to_train/fdf-2022-03-31 12:47:24.940166/fdf.9fe743ec-b0c2-11ec-95c9-353773ec36e1.jpeg
2022-03-31 12:49:11.325 INFO Train - trainImages: loading image done
2022-03-31 12:49:11.325 INFO Train - trainImages: finding the encoding of image
2022-03-31 12:49:11.506 INFO Train - trainImages: finding encoding of image is done
2022-03-31 12:49:11.507 INFO Train - trainImages: loading image
2022-03-31 12:49:11.510 DEBUG Train - trainImages: /home/vikasjoshis001/Desktop/Gestures/images_to_train/fdf-2022-03-31 12:47:24.940166/fdf.9d60e8ee-b0c2-11ec-95c9-353773ec36e1.jpeg
2022-03-31 12:49:11.510 INFO Train - trainImages: loading image done
2022-03-31 12:49:11.510 INFO Train - trainImages: finding the encoding of image
2022-03-31 12:49:11.706 INFO Train - trainImages: finding encoding of image is done
2022-03-31 12:49:11.706 INFO Train - trainImages: loading image
2022-03-31 12:49:11.709 DEBUG Train - trainImages: /home/vikasjoshis001/Desktop/Gestures/images_to_train/fdf-2022-03-31 12:47:24.940166/fdf.9d60e8ef-b0c2-11ec-95c9-353773ec36e1.jpeg
2022-03-31 12:49:11.709 INFO Train - trainImages: loading image done
2022-03-31 12:49:11.710 INFO Train - trainImages: finding the encoding of image
2022-03-31 12:49:11.924 INFO Train - trainImages: finding encoding of image is done
2022-03-31 12:49:11.924 INFO Train - trainImages: loading image
2022-03-31 12:49:11.927 DEBUG Train - trainImages: /home/vikasjoshis001/Desktop/Gestures/images_to_train/fdf-2022-03-31 12:47:24.940166/fdf.9eae153c-b0c2-11ec-95c9-353773ec36e1.jpeg
2022-03-31 12:49:11.927 INFO Train - trainImages: loading image done
2022-03-31 12:49:11.927 INFO Train - trainImages: finding the encoding of image
2022-03-31 12:49:12.109 INFO Train - trainImages: finding encoding of image is done
2022-03-31 12:49:12.109 INFO Train - trainImages: getting average of encodings of loaded images
2022-03-31 12:49:12.109 INFO Train - trainImages: done with getting average encodings
2022-03-31 12:49:12.109 INFO Train - trainImages: storing the name and encoding in local dictionary
2022-03-31 12:49:12.109 INFO Train - trainImages: stored name and encodes in local dictionary
2022-03-31 12:49:12.109 INFO Train - trainImages: storing the name and encodings in mongodb
2022-03-31 12:49:12.110 INFO Train - trainImages: stored all name and encodes in mongodb
2022-03-31 12:49:12.110 INFO Train - trainImages: started loading images and finding their encodings
2022-03-31 12:49:12.110 INFO Train - trainImages: loading image
2022-03-31 12:49:12.113 DEBUG Train - trainImages: /home/vikasjoshis001/Desktop/Gestures/images_to_train/Chai-2022-03-31 12:20:10.218479/Chai.cf03ab39-b0be-11ec-95c9-353773ec36e1.jpeg
2022-03-31 12:49:12.113 INFO Train - trainImages: loading image done
2022-03-31 12:49:12.113 INFO Train - trainImages: finding the encoding of image
2022-03-31 12:49:12.295 INFO Train - trainImages: finding encoding of image is done
2022-03-31 12:49:12.295 INFO Train - trainImages: loading image
2022-03-31 12:49:12.297 DEBUG Train - trainImages: /home/vikasjoshis001/Desktop/Gestures/images_to_train/Chai-2022-03-31 12:20:10.218479/Chai.cf03ab3b-b0be-11ec-95c9-353773ec36e1.jpeg
2022-03-31 12:49:12.297 INFO Train - trainImages: loading image done
2022-03-31 12:49:12.298 INFO Train - trainImages: finding the encoding of image
2022-03-31 12:49:12.480 INFO Train - trainImages: finding encoding of image is done
2022-03-31 12:49:12.480 INFO Train - trainImages: loading image
2022-03-31 12:49:12.483 DEBUG Train - trainImages: /home/vikasjoshis001/Desktop/Gestures/images_to_train/Chai-2022-03-31 12:20:10.218479/Chai.cf03ab38-b0be-11ec-95c9-353773ec36e1.jpeg
2022-03-31 12:49:12.483 INFO Train - trainImages: loading image done
2022-03-31 12:49:12.483 INFO Train - trainImages: finding the encoding of image
2022-03-31 12:49:12.665 INFO Train - trainImages: finding encoding of image is done
2022-03-31 12:49:12.666 INFO Train - trainImages: loading image
2022-03-31 12:49:12.668 DEBUG Train - trainImages: /home/vikasjoshis001/Desktop/Gestures/images_to_train/Chai-2022-03-31 12:20:10.218479/Chai.cf03ab3c-b0be-11ec-95c9-353773ec36e1.jpeg
2022-03-31 12:49:12.668 INFO Train - trainImages: loading image done
2022-03-31 12:49:12.668 INFO Train - trainImages: finding the encoding of image
2022-03-31 12:49:12.846 INFO Train - trainImages: finding encoding of image is done
2022-03-31 12:49:12.847 INFO Train - trainImages: loading image
2022-03-31 12:49:12.849 DEBUG Train - trainImages: /home/vikasjoshis001/Desktop/Gestures/images_to_train/Chai-2022-03-31 12:20:10.218479/Chai.cf03ab3a-b0be-11ec-95c9-353773ec36e1.jpeg
2022-03-31 12:49:12.849 INFO Train - trainImages: loading image done
2022-03-31 12:49:12.849 INFO Train - trainImages: finding the encoding of image
2022-03-31 12:49:13.028 INFO Train - trainImages: finding encoding of image is done
2022-03-31 12:49:13.028 INFO Train - trainImages: getting average of encodings of loaded images
2022-03-31 12:49:13.029 INFO Train - trainImages: done with getting average encodings
2022-03-31 12:49:13.029 INFO Train - trainImages: storing the name and encoding in local dictionary
2022-03-31 12:49:13.029 INFO Train - trainImages: stored name and encodes in local dictionary
2022-03-31 12:49:13.029 INFO Train - trainImages: storing the name and encodings in mongodb
2022-03-31 12:49:13.029 INFO Train - trainImages: stored all name and encodes in mongodb
2022-03-31 12:49:13.030 INFO Train - trainImages: started loading images and finding their encodings
2022-03-31 12:49:13.030 INFO Train - trainImages: loading image
2022-03-31 12:49:13.030 DEBUG Train - trainImages: /home/vikasjoshis001/Desktop/Gestures/images_to_train/arya stark/index.jpeg
2022-03-31 12:49:13.030 INFO Train - trainImages: loading image done
2022-03-31 12:49:13.030 INFO Train - trainImages: finding the encoding of image
2022-03-31 12:49:13.097 INFO Train - trainImages: finding encoding of image is done
2022-03-31 12:49:13.097 INFO Train - trainImages: loading image
2022-03-31 12:49:13.098 DEBUG Train - trainImages: /home/vikasjoshis001/Desktop/Gestures/images_to_train/arya stark/index3.jpeg
2022-03-31 12:49:13.098 INFO Train - trainImages: loading image done
2022-03-31 12:49:13.098 INFO Train - trainImages: finding the encoding of image
2022-03-31 12:49:13.163 INFO Train - trainImages: finding encoding of image is done
2022-03-31 12:49:13.163 INFO Train - trainImages: loading image
2022-03-31 12:49:13.164 DEBUG Train - trainImages: /home/vikasjoshis001/Desktop/Gestures/images_to_train/arya stark/index5.jpeg
2022-03-31 12:49:13.164 INFO Train - trainImages: loading image done
2022-03-31 12:49:13.164 INFO Train - trainImages: finding the encoding of image
2022-03-31 12:49:13.230 INFO Train - trainImages: finding encoding of image is done
2022-03-31 12:49:13.230 INFO Train - trainImages: loading image
2022-03-31 12:49:13.231 DEBUG Train - trainImages: /home/vikasjoshis001/Desktop/Gestures/images_to_train/arya stark/index2.jpeg
2022-03-31 12:49:13.231 INFO Train - trainImages: loading image done
2022-03-31 12:49:13.231 INFO Train - trainImages: finding the encoding of image
2022-03-31 12:49:13.296 INFO Train - trainImages: finding encoding of image is done
2022-03-31 12:49:13.296 INFO Train - trainImages: loading image
2022-03-31 12:49:13.296 DEBUG Train - trainImages: /home/vikasjoshis001/Desktop/Gestures/images_to_train/arya stark/images4.jpeg
2022-03-31 12:49:13.297 INFO Train - trainImages: loading image done
2022-03-31 12:49:13.297 INFO Train - trainImages: finding the encoding of image
2022-03-31 12:49:13.360 INFO Train - trainImages: finding encoding of image is done
2022-03-31 12:49:13.360 INFO Train - trainImages: getting average of encodings of loaded images
2022-03-31 12:49:13.361 INFO Train - trainImages: done with getting average encodings
2022-03-31 12:49:13.361 INFO Train - trainImages: storing the name and encoding in local dictionary
2022-03-31 12:49:13.361 INFO Train - trainImages: stored name and encodes in local dictionary
2022-03-31 12:49:13.361 INFO Train - trainImages: storing the name and encodings in mongodb
2022-03-31 12:49:13.361 INFO Train - trainImages: stored all name and encodes in mongodb
2022-03-31 12:49:13.361 INFO Train - trainImages: started loading images and finding their encodings
2022-03-31 12:49:13.361 INFO Train - trainImages: loading image
2022-03-31 12:49:13.364 DEBUG Train - trainImages: /home/vikasjoshis001/Desktop/Gestures/images_to_train/gh-2022-03-31 12:23:19.211189/gh.3fa9801e-b0bf-11ec-95c9-353773ec36e1.jpeg
2022-03-31 12:49:13.364 INFO Train - trainImages: loading image done
2022-03-31 12:49:13.364 INFO Train - trainImages: finding the encoding of image
2022-03-31 12:49:13.583 INFO Train - trainImages: finding encoding of image is done
2022-03-31 12:49:13.583 INFO Train - trainImages: loading image
2022-03-31 12:49:13.586 DEBUG Train - trainImages: /home/vikasjoshis001/Desktop/Gestures/images_to_train/gh-2022-03-31 12:23:19.211189/gh.3fa9801b-b0bf-11ec-95c9-353773ec36e1.jpeg
2022-03-31 12:49:13.586 INFO Train - trainImages: loading image done
2022-03-31 12:49:13.586 INFO Train - trainImages: finding the encoding of image
2022-03-31 12:49:13.808 INFO Train - trainImages: finding encoding of image is done
2022-03-31 12:49:13.808 INFO Train - trainImages: loading image
2022-03-31 12:49:13.811 DEBUG Train - trainImages: /home/vikasjoshis001/Desktop/Gestures/images_to_train/gh-2022-03-31 12:23:19.211189/gh.3fa9801a-b0bf-11ec-95c9-353773ec36e1.jpeg
2022-03-31 12:49:13.811 INFO Train - trainImages: loading image done
2022-03-31 12:49:13.811 INFO Train - trainImages: finding the encoding of image
2022-03-31 12:49:14.034 INFO Train - trainImages: finding encoding of image is done
2022-03-31 12:49:14.034 INFO Train - trainImages: loading image
2022-03-31 12:49:14.037 DEBUG Train - trainImages: /home/vikasjoshis001/Desktop/Gestures/images_to_train/gh-2022-03-31 12:23:19.211189/gh.3fa9801d-b0bf-11ec-95c9-353773ec36e1.jpeg
2022-03-31 12:49:14.037 INFO Train - trainImages: loading image done
2022-03-31 12:49:14.037 INFO Train - trainImages: finding the encoding of image
2022-03-31 12:49:14.254 INFO Train - trainImages: finding encoding of image is done
2022-03-31 12:49:14.255 INFO Train - trainImages: loading image
2022-03-31 12:49:14.257 DEBUG Train - trainImages: /home/vikasjoshis001/Desktop/Gestures/images_to_train/gh-2022-03-31 12:23:19.211189/gh.3fa9801c-b0bf-11ec-95c9-353773ec36e1.jpeg
2022-03-31 12:49:14.257 INFO Train - trainImages: loading image done
2022-03-31 12:49:14.257 INFO Train - trainImages: finding the encoding of image
2022-03-31 12:49:14.476 INFO Train - trainImages: finding encoding of image is done
2022-03-31 12:49:14.476 INFO Train - trainImages: getting average of encodings of loaded images
2022-03-31 12:49:14.476 INFO Train - trainImages: done with getting average encodings
2022-03-31 12:49:14.476 INFO Train - trainImages: storing the name and encoding in local dictionary
2022-03-31 12:49:14.476 INFO Train - trainImages: stored name and encodes in local dictionary
2022-03-31 12:49:14.476 INFO Train - trainImages: storing the name and encodings in mongodb
2022-03-31 12:49:14.477 INFO Train - trainImages: stored all name and encodes in mongodb
2022-03-31 12:49:14.477 INFO Train - trainImages: started loading images and finding their encodings
2022-03-31 12:49:14.477 INFO Train - trainImages: loading image
2022-03-31 12:49:14.480 DEBUG Train - trainImages: /home/vikasjoshis001/Desktop/Gestures/images_to_train/Sad-2022-03-31 12:16:52.952750/Sad.596d38de-b0be-11ec-95c9-353773ec36e1.jpeg
2022-03-31 12:49:14.480 INFO Train - trainImages: loading image done
2022-03-31 12:49:14.480 INFO Train - trainImages: finding the encoding of image
2022-03-31 12:49:14.656 INFO Train - trainImages: finding encoding of image is done
2022-03-31 12:49:14.657 INFO Train - trainImages: loading image
2022-03-31 12:49:14.659 DEBUG Train - trainImages: /home/vikasjoshis001/Desktop/Gestures/images_to_train/Sad-2022-03-31 12:16:52.952750/Sad.596d38dd-b0be-11ec-95c9-353773ec36e1.jpeg
2022-03-31 12:49:14.659 INFO Train - trainImages: loading image done
2022-03-31 12:49:14.660 INFO Train - trainImages: finding the encoding of image
2022-03-31 12:49:14.837 INFO Train - trainImages: finding encoding of image is done
2022-03-31 12:49:14.837 INFO Train - trainImages: loading image
2022-03-31 12:49:14.840 DEBUG Train - trainImages: /home/vikasjoshis001/Desktop/Gestures/images_to_train/Sad-2022-03-31 12:16:52.952750/Sad.596d38da-b0be-11ec-95c9-353773ec36e1.jpeg
2022-03-31 12:49:14.840 INFO Train - trainImages: loading image done
2022-03-31 12:49:14.840 INFO Train - trainImages: finding the encoding of image
2022-03-31 12:49:15.027 INFO Train - trainImages: finding encoding of image is done
2022-03-31 12:49:15.027 INFO Train - trainImages: loading image
2022-03-31 12:49:15.030 DEBUG Train - trainImages: /home/vikasjoshis001/Desktop/Gestures/images_to_train/Sad-2022-03-31 12:16:52.952750/Sad.596d38db-b0be-11ec-95c9-353773ec36e1.jpeg
2022-03-31 12:49:15.030 INFO Train - trainImages: loading image done
2022-03-31 12:49:15.030 INFO Train - trainImages: finding the encoding of image
2022-03-31 12:49:15.214 INFO Train - trainImages: finding encoding of image is done
2022-03-31 12:49:15.214 INFO Train - trainImages: loading image
2022-03-31 12:49:15.217 DEBUG Train - trainImages: /home/vikasjoshis001/Desktop/Gestures/images_to_train/Sad-2022-03-31 12:16:52.952750/Sad.596d38dc-b0be-11ec-95c9-353773ec36e1.jpeg
2022-03-31 12:49:15.217 INFO Train - trainImages: loading image done
2022-03-31 12:49:15.217 INFO Train - trainImages: finding the encoding of image
2022-03-31 12:49:15.398 INFO Train - trainImages: finding encoding of image is done
2022-03-31 12:49:15.398 INFO Train - trainImages: getting average of encodings of loaded images
2022-03-31 12:49:15.398 INFO Train - trainImages: done with getting average encodings
2022-03-31 12:49:15.398 INFO Train - trainImages: storing the name and encoding in local dictionary
2022-03-31 12:49:15.398 INFO Train - trainImages: stored name and encodes in local dictionary
2022-03-31 12:49:15.398 INFO Train - trainImages: storing the name and encodings in mongodb
2022-03-31 12:49:15.399 INFO Train - trainImages: stored all name and encodes in mongodb
2022-03-31 12:49:15.399 INFO Train - trainImages: started loading images and finding their encodings
2022-03-31 12:49:15.399 INFO Train - trainImages: loading image
2022-03-31 12:49:15.401 DEBUG Train - trainImages: /home/vikasjoshis001/Desktop/Gestures/images_to_train/Vikas-2022-03-12 15:33:49.979215/Vikas.b761c802-a1eb-11ec-a348-e960390a4373.jpeg
2022-03-31 12:49:15.402 INFO Train - trainImages: loading image done
2022-03-31 12:49:15.402 INFO Train - trainImages: finding the encoding of image
2022-03-31 12:49:15.585 INFO Train - trainImages: finding encoding of image is done
2022-03-31 12:49:15.585 INFO Train - trainImages: loading image
2022-03-31 12:49:15.588 DEBUG Train - trainImages: /home/vikasjoshis001/Desktop/Gestures/images_to_train/Vikas-2022-03-12 15:33:49.979215/Vikas.b9e21fbe-a1eb-11ec-a348-e960390a4373.jpeg
2022-03-31 12:49:15.588 INFO Train - trainImages: loading image done
2022-03-31 12:49:15.588 INFO Train - trainImages: finding the encoding of image
2022-03-31 12:49:15.768 INFO Train - trainImages: finding encoding of image is done
2022-03-31 12:49:15.768 INFO Train - trainImages: loading image
2022-03-31 12:49:15.770 DEBUG Train - trainImages: /home/vikasjoshis001/Desktop/Gestures/images_to_train/Vikas-2022-03-12 15:33:49.979215/Vikas.b761c803-a1eb-11ec-a348-e960390a4373.jpeg
2022-03-31 12:49:15.771 INFO Train - trainImages: loading image done
2022-03-31 12:49:15.771 INFO Train - trainImages: finding the encoding of image
2022-03-31 12:49:15.950 INFO Train - trainImages: finding encoding of image is done
2022-03-31 12:49:15.950 INFO Train - trainImages: loading image
2022-03-31 12:49:15.953 DEBUG Train - trainImages: /home/vikasjoshis001/Desktop/Gestures/images_to_train/Vikas-2022-03-12 15:33:49.979215/Vikas.b8aa7a74-a1eb-11ec-a348-e960390a4373.jpeg
2022-03-31 12:49:15.953 INFO Train - trainImages: loading image done
2022-03-31 12:49:15.953 INFO Train - trainImages: finding the encoding of image
2022-03-31 12:49:16.131 INFO Train - trainImages: finding encoding of image is done
2022-03-31 12:49:16.131 INFO Train - trainImages: loading image
2022-03-31 12:49:16.134 DEBUG Train - trainImages: /home/vikasjoshis001/Desktop/Gestures/images_to_train/Vikas-2022-03-12 15:33:49.979215/Vikas.b8aa7a75-a1eb-11ec-a348-e960390a4373.jpeg
2022-03-31 12:49:16.134 INFO Train - trainImages: loading image done
2022-03-31 12:49:16.134 INFO Train - trainImages: finding the encoding of image
2022-03-31 12:49:16.311 INFO Train - trainImages: finding encoding of image is done
2022-03-31 12:49:16.311 INFO Train - trainImages: getting average of encodings of loaded images
2022-03-31 12:49:16.311 INFO Train - trainImages: done with getting average encodings
2022-03-31 12:49:16.311 INFO Train - trainImages: storing the name and encoding in local dictionary
2022-03-31 12:49:16.312 INFO Train - trainImages: stored name and encodes in local dictionary
2022-03-31 12:49:16.312 INFO Train - trainImages: storing the name and encodings in mongodb
2022-03-31 12:49:16.312 INFO Train - trainImages: stored all name and encodes in mongodb
2022-03-31 12:49:16.312 INFO Train - trainImages: started loading images and finding their encodings
2022-03-31 12:49:16.312 INFO Train - trainImages: loading image
2022-03-31 12:49:16.316 DEBUG Train - trainImages: /home/vikasjoshis001/Desktop/Gestures/images_to_train/csdzcz-2022-03-31 12:31:31.420705/csdzcz.6792ab96-b0c0-11ec-95c9-353773ec36e1.jpeg
2022-03-31 12:49:16.316 INFO Train - trainImages: loading image done
2022-03-31 12:49:16.316 INFO Train - trainImages: finding the encoding of image
2022-03-31 12:49:16.494 INFO Train - trainImages: finding encoding of image is done
2022-03-31 12:49:16.494 INFO Train - trainImages: loading image
2022-03-31 12:49:16.497 DEBUG Train - trainImages: /home/vikasjoshis001/Desktop/Gestures/images_to_train/csdzcz-2022-03-31 12:31:31.420705/csdzcz.66593e70-b0c0-11ec-95c9-353773ec36e1.jpeg
2022-03-31 12:49:16.497 INFO Train - trainImages: loading image done
2022-03-31 12:49:16.497 INFO Train - trainImages: finding the encoding of image
2022-03-31 12:49:16.679 INFO Train - trainImages: finding encoding of image is done
2022-03-31 12:49:16.679 INFO Train - trainImages: loading image
2022-03-31 12:49:16.682 DEBUG Train - trainImages: /home/vikasjoshis001/Desktop/Gestures/images_to_train/csdzcz-2022-03-31 12:31:31.420705/csdzcz.65091bb2-b0c0-11ec-95c9-353773ec36e1.jpeg
2022-03-31 12:49:16.682 INFO Train - trainImages: loading image done
2022-03-31 12:49:16.682 INFO Train - trainImages: finding the encoding of image
2022-03-31 12:49:16.865 INFO Train - trainImages: finding encoding of image is done
2022-03-31 12:49:16.865 INFO Train - trainImages: loading image
2022-03-31 12:49:16.868 DEBUG Train - trainImages: /home/vikasjoshis001/Desktop/Gestures/images_to_train/csdzcz-2022-03-31 12:31:31.420705/csdzcz.65091bb3-b0c0-11ec-95c9-353773ec36e1.jpeg
2022-03-31 12:49:16.868 INFO Train - trainImages: loading image done
2022-03-31 12:49:16.868 INFO Train - trainImages: finding the encoding of image
2022-03-31 12:49:17.048 INFO Train - trainImages: finding encoding of image is done
2022-03-31 12:49:17.049 INFO Train - trainImages: loading image
2022-03-31 12:49:17.052 DEBUG Train - trainImages: /home/vikasjoshis001/Desktop/Gestures/images_to_train/csdzcz-2022-03-31 12:31:31.420705/csdzcz.66593e71-b0c0-11ec-95c9-353773ec36e1.jpeg
2022-03-31 12:49:17.052 INFO Train - trainImages: loading image done
2022-03-31 12:49:17.052 INFO Train - trainImages: finding the encoding of image
2022-03-31 12:49:17.236 INFO Train - trainImages: finding encoding of image is done
2022-03-31 12:49:17.236 INFO Train - trainImages: getting average of encodings of loaded images
2022-03-31 12:49:17.236 INFO Train - trainImages: done with getting average encodings
2022-03-31 12:49:17.236 INFO Train - trainImages: storing the name and encoding in local dictionary
2022-03-31 12:49:17.236 INFO Train - trainImages: stored name and encodes in local dictionary
2022-03-31 12:49:17.236 INFO Train - trainImages: storing the name and encodings in mongodb
2022-03-31 12:49:17.237 INFO Train - trainImages: stored all name and encodes in mongodb
