2022-04-01 06:35:44.533 INFO Train - trainImages: MongoDB database connected successfully
2022-04-01 06:35:44.538 INFO Train - trainImages: collected all folders in known_people folder
2022-04-01 06:35:44.539 DEBUG Train - trainImages: ['tyrion lannister', 'denerys targeryan', 'vfbgfhg-2022-04-01 06:34:43.835860', 'Hello-2022-04-01 06:06:43.242173', 'fedsgfvdhg-2022-04-01 06:29:54.369493', 'Vikasafd-2022-04-01 06:18:02.414298', 'cersie lannister', 'Vikas-2022-03-31 13:17:26.260103', 'king in the north', 'fdsfg-2022-04-01 06:31:00.007557', 'UIO-2022-04-01 06:08:24.896094', 'arya stark', 'bgcnhgnvbngh-2022-04-01 06:34:02.139502', 'nnhm-2022-04-01 06:35:32.890275']
2022-04-01 06:35:44.544 INFO Train - trainImages: collected all images from all folders in known_people folder
2022-04-01 06:35:44.545 DEBUG Train - trainImages: [['/home/vikasjoshis001/Desktop/Gestures/images_to_train/tyrion lannister/images5.jpeg', '/home/vikasjoshis001/Desktop/Gestures/images_to_train/tyrion lannister/index3.jpeg', '/home/vikasjoshis001/Desktop/Gestures/images_to_train/tyrion lannister/index1.jpeg', '/home/vikasjoshis001/Desktop/Gestures/images_to_train/tyrion lannister/index2.jpeg', '/home/vikasjoshis001/Desktop/Gestures/images_to_train/tyrion lannister/index4.jpeg'], ['/home/vikasjoshis001/Desktop/Gestures/images_to_train/denerys targeryan/index3.jpeg', '/home/vikasjoshis001/Desktop/Gestures/images_to_train/denerys targeryan/index5.jpeg', '/home/vikasjoshis001/Desktop/Gestures/images_to_train/denerys targeryan/index1.jpeg', '/home/vikasjoshis001/Desktop/Gestures/images_to_train/denerys targeryan/index2.jpeg', '/home/vikasjoshis001/Desktop/Gestures/images_to_train/denerys targeryan/index4.jpeg'], ['/home/vikasjoshis001/Desktop/Gestures/images_to_train/vfbgfhg-2022-04-01 06:34:43.835860/vfbgfhg.b78c50d8-b157-11ec-ae44-cb6983774605.jpeg', '/home/vikasjoshis001/Desktop/Gestures/images_to_train/vfbgfhg-2022-04-01 06:34:43.835860/vfbgfhg.b8d4b701-b157-11ec-ae44-cb6983774605.jpeg', '/home/vikasjoshis001/Desktop/Gestures/images_to_train/vfbgfhg-2022-04-01 06:34:43.835860/vfbgfhg.ba0b01b0-b157-11ec-ae44-cb6983774605.jpeg', '/home/vikasjoshis001/Desktop/Gestures/images_to_train/vfbgfhg-2022-04-01 06:34:43.835860/vfbgfhg.b78c50d9-b157-11ec-ae44-cb6983774605.jpeg', '/home/vikasjoshis001/Desktop/Gestures/images_to_train/vfbgfhg-2022-04-01 06:34:43.835860/vfbgfhg.b8d4b700-b157-11ec-ae44-cb6983774605.jpeg'], ['/home/vikasjoshis001/Desktop/Gestures/images_to_train/Hello-2022-04-01 06:06:43.242173/Hello.cdd62f53-b153-11ec-ae44-cb6983774605.jpeg', '/home/vikasjoshis001/Desktop/Gestures/images_to_train/Hello-2022-04-01 06:06:43.242173/Hello.cf21c952-b153-11ec-ae44-cb6983774605.jpeg', '/home/vikasjoshis001/Desktop/Gestures/images_to_train/Hello-2022-04-01 06:06:43.242173/Hello.d0570634-b153-11ec-ae44-cb6983774605.jpeg', '/home/vikasjoshis001/Desktop/Gestures/images_to_train/Hello-2022-04-01 06:06:43.242173/Hello.cdd62f52-b153-11ec-ae44-cb6983774605.jpeg', '/home/vikasjoshis001/Desktop/Gestures/images_to_train/Hello-2022-04-01 06:06:43.242173/Hello.cf21c953-b153-11ec-ae44-cb6983774605.jpeg'], ['/home/vikasjoshis001/Desktop/Gestures/images_to_train/fedsgfvdhg-2022-04-01 06:29:54.369493/fedsgfvdhg.0c47a2ae-b157-11ec-ae44-cb6983774605.jpeg', '/home/vikasjoshis001/Desktop/Gestures/images_to_train/fedsgfvdhg-2022-04-01 06:29:54.369493/fedsgfvdhg.0c47a2af-b157-11ec-ae44-cb6983774605.jpeg', '/home/vikasjoshis001/Desktop/Gestures/images_to_train/fedsgfvdhg-2022-04-01 06:29:54.369493/fedsgfvdhg.0b0382a1-b157-11ec-ae44-cb6983774605.jpeg', '/home/vikasjoshis001/Desktop/Gestures/images_to_train/fedsgfvdhg-2022-04-01 06:29:54.369493/fedsgfvdhg.0b0382a0-b157-11ec-ae44-cb6983774605.jpeg', '/home/vikasjoshis001/Desktop/Gestures/images_to_train/fedsgfvdhg-2022-04-01 06:29:54.369493/fedsgfvdhg.0d7c29f6-b157-11ec-ae44-cb6983774605.jpeg'], ['/home/vikasjoshis001/Desktop/Gestures/images_to_train/Vikasafd-2022-04-01 06:18:02.414298/Vikasafd.63ec76ee-b155-11ec-ae44-cb6983774605.jpeg', '/home/vikasjoshis001/Desktop/Gestures/images_to_train/Vikasafd-2022-04-01 06:18:02.414298/Vikasafd.6520d1ae-b155-11ec-ae44-cb6983774605.jpeg', '/home/vikasjoshis001/Desktop/Gestures/images_to_train/Vikasafd-2022-04-01 06:18:02.414298/Vikasafd.62a72799-b155-11ec-ae44-cb6983774605.jpeg', '/home/vikasjoshis001/Desktop/Gestures/images_to_train/Vikasafd-2022-04-01 06:18:02.414298/Vikasafd.63ec76ef-b155-11ec-ae44-cb6983774605.jpeg', '/home/vikasjoshis001/Desktop/Gestures/images_to_train/Vikasafd-2022-04-01 06:18:02.414298/Vikasafd.62a72798-b155-11ec-ae44-cb6983774605.jpeg'], ['/home/vikasjoshis001/Desktop/Gestures/images_to_train/cersie lannister/index3.jpeg', '/home/vikasjoshis001/Desktop/Gestures/images_to_train/cersie lannister/index5.jpeg', '/home/vikasjoshis001/Desktop/Gestures/images_to_train/cersie lannister/index2.jpeg', '/home/vikasjoshis001/Desktop/Gestures/images_to_train/cersie lannister/index4.jpeg'], ['/home/vikasjoshis001/Desktop/Gestures/images_to_train/Vikas-2022-03-31 13:17:26.260103/Vikas.d18bc824-b0c6-11ec-95c9-353773ec36e1.jpeg', '/home/vikasjoshis001/Desktop/Gestures/images_to_train/Vikas-2022-03-31 13:17:26.260103/Vikas.d056c17b-b0c6-11ec-95c9-353773ec36e1.jpeg', '/home/vikasjoshis001/Desktop/Gestures/images_to_train/Vikas-2022-03-31 13:17:26.260103/Vikas.cf0c4b78-b0c6-11ec-95c9-353773ec36e1.jpeg', '/home/vikasjoshis001/Desktop/Gestures/images_to_train/Vikas-2022-03-31 13:17:26.260103/Vikas.cf0c4b79-b0c6-11ec-95c9-353773ec36e1.jpeg', '/home/vikasjoshis001/Desktop/Gestures/images_to_train/Vikas-2022-03-31 13:17:26.260103/Vikas.d056c17a-b0c6-11ec-95c9-353773ec36e1.jpeg'], ['/home/vikasjoshis001/Desktop/Gestures/images_to_train/king in the north/index.jpeg', '/home/vikasjoshis001/Desktop/Gestures/images_to_train/king in the north/index3.jpeg', '/home/vikasjoshis001/Desktop/Gestures/images_to_train/king in the north/index5.jpeg', '/home/vikasjoshis001/Desktop/Gestures/images_to_train/king in the north/index2.jpeg', '/home/vikasjoshis001/Desktop/Gestures/images_to_train/king in the north/index4.jpeg'], ['/home/vikasjoshis001/Desktop/Gestures/images_to_train/fdsfg-2022-04-01 06:31:00.007557/fdsfg.3222a709-b157-11ec-ae44-cb6983774605.jpeg', '/home/vikasjoshis001/Desktop/Gestures/images_to_train/fdsfg-2022-04-01 06:31:00.007557/fdsfg.33671982-b157-11ec-ae44-cb6983774605.jpeg', '/home/vikasjoshis001/Desktop/Gestures/images_to_train/fdsfg-2022-04-01 06:31:00.007557/fdsfg.33671983-b157-11ec-ae44-cb6983774605.jpeg', '/home/vikasjoshis001/Desktop/Gestures/images_to_train/fdsfg-2022-04-01 06:31:00.007557/fdsfg.349ba318-b157-11ec-ae44-cb6983774605.jpeg', '/home/vikasjoshis001/Desktop/Gestures/images_to_train/fdsfg-2022-04-01 06:31:00.007557/fdsfg.3222a708-b157-11ec-ae44-cb6983774605.jpeg'], ['/home/vikasjoshis001/Desktop/Gestures/images_to_train/UIO-2022-04-01 06:08:24.896094/UIO.0a6d3245-b154-11ec-ae44-cb6983774605.jpeg', '/home/vikasjoshis001/Desktop/Gestures/images_to_train/UIO-2022-04-01 06:08:24.896094/UIO.0bbc7cb9-b154-11ec-ae44-cb6983774605.jpeg', '/home/vikasjoshis001/Desktop/Gestures/images_to_train/UIO-2022-04-01 06:08:24.896094/UIO.0bbc7cb8-b154-11ec-ae44-cb6983774605.jpeg', '/home/vikasjoshis001/Desktop/Gestures/images_to_train/UIO-2022-04-01 06:08:24.896094/UIO.0a6d3244-b154-11ec-ae44-cb6983774605.jpeg', '/home/vikasjoshis001/Desktop/Gestures/images_to_train/UIO-2022-04-01 06:08:24.896094/UIO.0cf136d2-b154-11ec-ae44-cb6983774605.jpeg'], ['/home/vikasjoshis001/Desktop/Gestures/images_to_train/arya stark/index.jpeg', '/home/vikasjoshis001/Desktop/Gestures/images_to_train/arya stark/index3.jpeg', '/home/vikasjoshis001/Desktop/Gestures/images_to_train/arya stark/index5.jpeg', '/home/vikasjoshis001/Desktop/Gestures/images_to_train/arya stark/index2.jpeg', '/home/vikasjoshis001/Desktop/Gestures/images_to_train/arya stark/images4.jpeg'], ['/home/vikasjoshis001/Desktop/Gestures/images_to_train/bgcnhgnvbngh-2022-04-01 06:34:02.139502/bgcnhgnvbngh.a134ebc4-b157-11ec-ae44-cb6983774605.jpeg', '/home/vikasjoshis001/Desktop/Gestures/images_to_train/bgcnhgnvbngh-2022-04-01 06:34:02.139502/bgcnhgnvbngh.9fff80f2-b157-11ec-ae44-cb6983774605.jpeg', '/home/vikasjoshis001/Desktop/Gestures/images_to_train/bgcnhgnvbngh-2022-04-01 06:34:02.139502/bgcnhgnvbngh.9eb230f1-b157-11ec-ae44-cb6983774605.jpeg', '/home/vikasjoshis001/Desktop/Gestures/images_to_train/bgcnhgnvbngh-2022-04-01 06:34:02.139502/bgcnhgnvbngh.9fff80f3-b157-11ec-ae44-cb6983774605.jpeg', '/home/vikasjoshis001/Desktop/Gestures/images_to_train/bgcnhgnvbngh-2022-04-01 06:34:02.139502/bgcnhgnvbngh.9eb230f0-b157-11ec-ae44-cb6983774605.jpeg'], ['/home/vikasjoshis001/Desktop/Gestures/images_to_train/nnhm-2022-04-01 06:35:32.890275/nnhm.d6127e06-b157-11ec-ae44-cb6983774605.jpeg', '/home/vikasjoshis001/Desktop/Gestures/images_to_train/nnhm-2022-04-01 06:35:32.890275/nnhm.d6127e07-b157-11ec-ae44-cb6983774605.jpeg', '/home/vikasjoshis001/Desktop/Gestures/images_to_train/nnhm-2022-04-01 06:35:32.890275/nnhm.d4c9f9b6-b157-11ec-ae44-cb6983774605.jpeg', '/home/vikasjoshis001/Desktop/Gestures/images_to_train/nnhm-2022-04-01 06:35:32.890275/nnhm.d4c9f9b7-b157-11ec-ae44-cb6983774605.jpeg', '/home/vikasjoshis001/Desktop/Gestures/images_to_train/nnhm-2022-04-01 06:35:32.890275/nnhm.d7475ac6-b157-11ec-ae44-cb6983774605.jpeg']]
2022-04-01 06:35:44.548 INFO Train - trainImages: started loading images and finding their encodings
2022-04-01 06:35:44.550 INFO Train - trainImages: loading image
2022-04-01 06:35:44.569 DEBUG Train - trainImages: /home/vikasjoshis001/Desktop/Gestures/images_to_train/tyrion lannister/images5.jpeg
2022-04-01 06:35:44.570 INFO Train - trainImages: loading image done
2022-04-01 06:35:44.570 INFO Train - trainImages: finding the encoding of image
2022-04-01 06:35:44.722 INFO Train - trainImages: finding encoding of image is done
2022-04-01 06:35:44.722 INFO Train - trainImages: loading image
2022-04-01 06:35:44.723 DEBUG Train - trainImages: /home/vikasjoshis001/Desktop/Gestures/images_to_train/tyrion lannister/index3.jpeg
2022-04-01 06:35:44.723 INFO Train - trainImages: loading image done
2022-04-01 06:35:44.723 INFO Train - trainImages: finding the encoding of image
2022-04-01 06:35:44.791 INFO Train - trainImages: finding encoding of image is done
2022-04-01 06:35:44.791 INFO Train - trainImages: loading image
2022-04-01 06:35:44.791 DEBUG Train - trainImages: /home/vikasjoshis001/Desktop/Gestures/images_to_train/tyrion lannister/index1.jpeg
2022-04-01 06:35:44.792 INFO Train - trainImages: loading image done
2022-04-01 06:35:44.792 INFO Train - trainImages: finding the encoding of image
2022-04-01 06:35:44.859 INFO Train - trainImages: finding encoding of image is done
2022-04-01 06:35:44.859 INFO Train - trainImages: loading image
2022-04-01 06:35:44.860 DEBUG Train - trainImages: /home/vikasjoshis001/Desktop/Gestures/images_to_train/tyrion lannister/index2.jpeg
2022-04-01 06:35:44.860 INFO Train - trainImages: loading image done
2022-04-01 06:35:44.861 INFO Train - trainImages: finding the encoding of image
2022-04-01 06:35:44.930 INFO Train - trainImages: finding encoding of image is done
2022-04-01 06:35:44.930 INFO Train - trainImages: loading image
2022-04-01 06:35:44.931 DEBUG Train - trainImages: /home/vikasjoshis001/Desktop/Gestures/images_to_train/tyrion lannister/index4.jpeg
2022-04-01 06:35:44.931 INFO Train - trainImages: loading image done
2022-04-01 06:35:44.931 INFO Train - trainImages: finding the encoding of image
2022-04-01 06:35:44.998 INFO Train - trainImages: finding encoding of image is done
2022-04-01 06:35:44.998 INFO Train - trainImages: getting average of encodings of loaded images
2022-04-01 06:35:44.998 INFO Train - trainImages: done with getting average encodings
2022-04-01 06:35:44.998 INFO Train - trainImages: storing the name and encoding in local dictionary
2022-04-01 06:35:44.998 INFO Train - trainImages: stored name and encodes in local dictionary
2022-04-01 06:35:44.998 INFO Train - trainImages: storing the name and encodings in mongodb
2022-04-01 06:35:45.000 INFO Train - trainImages: stored all name and encodes in mongodb
2022-04-01 06:35:45.000 INFO Train - trainImages: started loading images and finding their encodings
2022-04-01 06:35:45.000 INFO Train - trainImages: loading image
2022-04-01 06:35:45.000 DEBUG Train - trainImages: /home/vikasjoshis001/Desktop/Gestures/images_to_train/denerys targeryan/index3.jpeg
2022-04-01 06:35:45.000 INFO Train - trainImages: loading image done
2022-04-01 06:35:45.000 INFO Train - trainImages: finding the encoding of image
2022-04-01 06:35:45.070 INFO Train - trainImages: finding encoding of image is done
2022-04-01 06:35:45.070 INFO Train - trainImages: loading image
2022-04-01 06:35:45.071 DEBUG Train - trainImages: /home/vikasjoshis001/Desktop/Gestures/images_to_train/denerys targeryan/index5.jpeg
2022-04-01 06:35:45.071 INFO Train - trainImages: loading image done
2022-04-01 06:35:45.071 INFO Train - trainImages: finding the encoding of image
2022-04-01 06:35:45.141 INFO Train - trainImages: finding encoding of image is done
2022-04-01 06:35:45.141 INFO Train - trainImages: loading image
2022-04-01 06:35:45.142 DEBUG Train - trainImages: /home/vikasjoshis001/Desktop/Gestures/images_to_train/denerys targeryan/index1.jpeg
2022-04-01 06:35:45.142 INFO Train - trainImages: loading image done
2022-04-01 06:35:45.142 INFO Train - trainImages: finding the encoding of image
2022-04-01 06:35:45.226 INFO Train - trainImages: finding encoding of image is done
2022-04-01 06:35:45.226 INFO Train - trainImages: loading image
2022-04-01 06:35:45.227 DEBUG Train - trainImages: /home/vikasjoshis001/Desktop/Gestures/images_to_train/denerys targeryan/index2.jpeg
2022-04-01 06:35:45.227 INFO Train - trainImages: loading image done
2022-04-01 06:35:45.227 INFO Train - trainImages: finding the encoding of image
2022-04-01 06:35:45.297 INFO Train - trainImages: finding encoding of image is done
2022-04-01 06:35:45.297 INFO Train - trainImages: loading image
2022-04-01 06:35:45.298 DEBUG Train - trainImages: /home/vikasjoshis001/Desktop/Gestures/images_to_train/denerys targeryan/index4.jpeg
2022-04-01 06:35:45.298 INFO Train - trainImages: loading image done
2022-04-01 06:35:45.298 INFO Train - trainImages: finding the encoding of image
2022-04-01 06:35:45.366 INFO Train - trainImages: finding encoding of image is done
2022-04-01 06:35:45.366 INFO Train - trainImages: getting average of encodings of loaded images
2022-04-01 06:35:45.366 INFO Train - trainImages: done with getting average encodings
2022-04-01 06:35:45.366 INFO Train - trainImages: storing the name and encoding in local dictionary
2022-04-01 06:35:45.366 INFO Train - trainImages: stored name and encodes in local dictionary
2022-04-01 06:35:45.366 INFO Train - trainImages: storing the name and encodings in mongodb
2022-04-01 06:35:45.367 INFO Train - trainImages: stored all name and encodes in mongodb
2022-04-01 06:35:45.367 INFO Train - trainImages: started loading images and finding their encodings
2022-04-01 06:35:45.367 INFO Train - trainImages: loading image
2022-04-01 06:35:45.368 DEBUG Train - trainImages: /home/vikasjoshis001/Desktop/Gestures/images_to_train/vfbgfhg-2022-04-01 06:34:43.835860/vfbgfhg.b78c50d8-b157-11ec-ae44-cb6983774605.jpeg
2022-04-01 06:35:45.368 INFO Train - trainImages: loading image done
2022-04-01 06:35:45.368 INFO Train - trainImages: finding the encoding of image
2022-04-01 06:35:45.449 INFO Train - trainImages: finding encoding of image is done
2022-04-01 06:35:45.449 INFO Train - trainImages: loading image
2022-04-01 06:35:45.450 DEBUG Train - trainImages: /home/vikasjoshis001/Desktop/Gestures/images_to_train/vfbgfhg-2022-04-01 06:34:43.835860/vfbgfhg.b8d4b701-b157-11ec-ae44-cb6983774605.jpeg
2022-04-01 06:35:45.450 INFO Train - trainImages: loading image done
2022-04-01 06:35:45.450 INFO Train - trainImages: finding the encoding of image
2022-04-01 06:35:45.530 INFO Train - trainImages: finding encoding of image is done
2022-04-01 06:35:45.530 INFO Train - trainImages: loading image
2022-04-01 06:35:45.531 DEBUG Train - trainImages: /home/vikasjoshis001/Desktop/Gestures/images_to_train/vfbgfhg-2022-04-01 06:34:43.835860/vfbgfhg.ba0b01b0-b157-11ec-ae44-cb6983774605.jpeg
2022-04-01 06:35:45.531 INFO Train - trainImages: loading image done
2022-04-01 06:35:45.531 INFO Train - trainImages: finding the encoding of image
2022-04-01 06:35:45.615 INFO Train - trainImages: finding encoding of image is done
2022-04-01 06:35:45.615 INFO Train - trainImages: loading image
2022-04-01 06:35:45.616 DEBUG Train - trainImages: /home/vikasjoshis001/Desktop/Gestures/images_to_train/vfbgfhg-2022-04-01 06:34:43.835860/vfbgfhg.b78c50d9-b157-11ec-ae44-cb6983774605.jpeg
2022-04-01 06:35:45.616 INFO Train - trainImages: loading image done
2022-04-01 06:35:45.616 INFO Train - trainImages: finding the encoding of image
2022-04-01 06:35:45.697 INFO Train - trainImages: finding encoding of image is done
2022-04-01 06:35:45.697 INFO Train - trainImages: loading image
2022-04-01 06:35:45.698 DEBUG Train - trainImages: /home/vikasjoshis001/Desktop/Gestures/images_to_train/vfbgfhg-2022-04-01 06:34:43.835860/vfbgfhg.b8d4b700-b157-11ec-ae44-cb6983774605.jpeg
2022-04-01 06:35:45.698 INFO Train - trainImages: loading image done
2022-04-01 06:35:45.698 INFO Train - trainImages: finding the encoding of image
2022-04-01 06:35:45.779 INFO Train - trainImages: finding encoding of image is done
2022-04-01 06:35:45.779 INFO Train - trainImages: getting average of encodings of loaded images
2022-04-01 06:35:45.779 INFO Train - trainImages: done with getting average encodings
2022-04-01 06:35:45.779 INFO Train - trainImages: storing the name and encoding in local dictionary
2022-04-01 06:35:45.779 INFO Train - trainImages: stored name and encodes in local dictionary
2022-04-01 06:35:45.779 INFO Train - trainImages: storing the name and encodings in mongodb
2022-04-01 06:35:45.780 INFO Train - trainImages: stored all name and encodes in mongodb
2022-04-01 06:35:45.780 INFO Train - trainImages: started loading images and finding their encodings
2022-04-01 06:35:45.780 INFO Train - trainImages: loading image
2022-04-01 06:35:45.781 DEBUG Train - trainImages: /home/vikasjoshis001/Desktop/Gestures/images_to_train/Hello-2022-04-01 06:06:43.242173/Hello.cdd62f53-b153-11ec-ae44-cb6983774605.jpeg
2022-04-01 06:35:45.781 INFO Train - trainImages: loading image done
2022-04-01 06:35:45.781 INFO Train - trainImages: finding the encoding of image
2022-04-01 06:35:45.862 INFO Train - trainImages: finding encoding of image is done
2022-04-01 06:35:45.862 INFO Train - trainImages: loading image
2022-04-01 06:35:45.863 DEBUG Train - trainImages: /home/vikasjoshis001/Desktop/Gestures/images_to_train/Hello-2022-04-01 06:06:43.242173/Hello.cf21c952-b153-11ec-ae44-cb6983774605.jpeg
2022-04-01 06:35:45.863 INFO Train - trainImages: loading image done
2022-04-01 06:35:45.863 INFO Train - trainImages: finding the encoding of image
2022-04-01 06:35:45.945 INFO Train - trainImages: finding encoding of image is done
2022-04-01 06:35:45.945 INFO Train - trainImages: loading image
2022-04-01 06:35:45.946 DEBUG Train - trainImages: /home/vikasjoshis001/Desktop/Gestures/images_to_train/Hello-2022-04-01 06:06:43.242173/Hello.d0570634-b153-11ec-ae44-cb6983774605.jpeg
2022-04-01 06:35:45.946 INFO Train - trainImages: loading image done
2022-04-01 06:35:45.946 INFO Train - trainImages: finding the encoding of image
2022-04-01 06:35:46.026 INFO Train - trainImages: finding encoding of image is done
2022-04-01 06:35:46.026 INFO Train - trainImages: loading image
2022-04-01 06:35:46.028 DEBUG Train - trainImages: /home/vikasjoshis001/Desktop/Gestures/images_to_train/Hello-2022-04-01 06:06:43.242173/Hello.cdd62f52-b153-11ec-ae44-cb6983774605.jpeg
2022-04-01 06:35:46.028 INFO Train - trainImages: loading image done
2022-04-01 06:35:46.028 INFO Train - trainImages: finding the encoding of image
2022-04-01 06:35:46.108 INFO Train - trainImages: finding encoding of image is done
2022-04-01 06:35:46.108 INFO Train - trainImages: loading image
2022-04-01 06:35:46.109 DEBUG Train - trainImages: /home/vikasjoshis001/Desktop/Gestures/images_to_train/Hello-2022-04-01 06:06:43.242173/Hello.cf21c953-b153-11ec-ae44-cb6983774605.jpeg
2022-04-01 06:35:46.110 INFO Train - trainImages: loading image done
2022-04-01 06:35:46.110 INFO Train - trainImages: finding the encoding of image
2022-04-01 06:35:46.190 INFO Train - trainImages: finding encoding of image is done
2022-04-01 06:35:46.190 INFO Train - trainImages: getting average of encodings of loaded images
2022-04-01 06:35:46.191 INFO Train - trainImages: done with getting average encodings
2022-04-01 06:35:46.191 INFO Train - trainImages: storing the name and encoding in local dictionary
2022-04-01 06:35:46.191 INFO Train - trainImages: stored name and encodes in local dictionary
2022-04-01 06:35:46.191 INFO Train - trainImages: storing the name and encodings in mongodb
2022-04-01 06:35:46.191 INFO Train - trainImages: stored all name and encodes in mongodb
2022-04-01 06:35:46.192 INFO Train - trainImages: started loading images and finding their encodings
2022-04-01 06:35:46.192 INFO Train - trainImages: loading image
2022-04-01 06:35:46.192 DEBUG Train - trainImages: /home/vikasjoshis001/Desktop/Gestures/images_to_train/fedsgfvdhg-2022-04-01 06:29:54.369493/fedsgfvdhg.0c47a2ae-b157-11ec-ae44-cb6983774605.jpeg
2022-04-01 06:35:46.193 INFO Train - trainImages: loading image done
2022-04-01 06:35:46.193 INFO Train - trainImages: finding the encoding of image
2022-04-01 06:35:46.273 INFO Train - trainImages: finding encoding of image is done
2022-04-01 06:35:46.273 INFO Train - trainImages: loading image
2022-04-01 06:35:46.274 DEBUG Train - trainImages: /home/vikasjoshis001/Desktop/Gestures/images_to_train/fedsgfvdhg-2022-04-01 06:29:54.369493/fedsgfvdhg.0c47a2af-b157-11ec-ae44-cb6983774605.jpeg
2022-04-01 06:35:46.274 INFO Train - trainImages: loading image done
2022-04-01 06:35:46.274 INFO Train - trainImages: finding the encoding of image
2022-04-01 06:35:46.355 INFO Train - trainImages: finding encoding of image is done
2022-04-01 06:35:46.355 INFO Train - trainImages: loading image
2022-04-01 06:35:46.356 DEBUG Train - trainImages: /home/vikasjoshis001/Desktop/Gestures/images_to_train/fedsgfvdhg-2022-04-01 06:29:54.369493/fedsgfvdhg.0b0382a1-b157-11ec-ae44-cb6983774605.jpeg
2022-04-01 06:35:46.356 INFO Train - trainImages: loading image done
2022-04-01 06:35:46.356 INFO Train - trainImages: finding the encoding of image
2022-04-01 06:35:46.437 INFO Train - trainImages: finding encoding of image is done
2022-04-01 06:35:46.437 INFO Train - trainImages: loading image
2022-04-01 06:35:46.438 DEBUG Train - trainImages: /home/vikasjoshis001/Desktop/Gestures/images_to_train/fedsgfvdhg-2022-04-01 06:29:54.369493/fedsgfvdhg.0b0382a0-b157-11ec-ae44-cb6983774605.jpeg
2022-04-01 06:35:46.438 INFO Train - trainImages: loading image done
2022-04-01 06:35:46.438 INFO Train - trainImages: finding the encoding of image
2022-04-01 06:35:46.520 INFO Train - trainImages: finding encoding of image is done
2022-04-01 06:35:46.520 INFO Train - trainImages: loading image
2022-04-01 06:35:46.521 DEBUG Train - trainImages: /home/vikasjoshis001/Desktop/Gestures/images_to_train/fedsgfvdhg-2022-04-01 06:29:54.369493/fedsgfvdhg.0d7c29f6-b157-11ec-ae44-cb6983774605.jpeg
2022-04-01 06:35:46.521 INFO Train - trainImages: loading image done
2022-04-01 06:35:46.521 INFO Train - trainImages: finding the encoding of image
2022-04-01 06:35:46.604 INFO Train - trainImages: finding encoding of image is done
2022-04-01 06:35:46.604 INFO Train - trainImages: getting average of encodings of loaded images
2022-04-01 06:35:46.604 INFO Train - trainImages: done with getting average encodings
2022-04-01 06:35:46.604 INFO Train - trainImages: storing the name and encoding in local dictionary
2022-04-01 06:35:46.604 INFO Train - trainImages: stored name and encodes in local dictionary
2022-04-01 06:35:46.604 INFO Train - trainImages: storing the name and encodings in mongodb
2022-04-01 06:35:46.605 INFO Train - trainImages: stored all name and encodes in mongodb
2022-04-01 06:35:46.605 INFO Train - trainImages: started loading images and finding their encodings
2022-04-01 06:35:46.605 INFO Train - trainImages: loading image
2022-04-01 06:35:46.606 DEBUG Train - trainImages: /home/vikasjoshis001/Desktop/Gestures/images_to_train/Vikasafd-2022-04-01 06:18:02.414298/Vikasafd.63ec76ee-b155-11ec-ae44-cb6983774605.jpeg
2022-04-01 06:35:46.606 INFO Train - trainImages: loading image done
2022-04-01 06:35:46.606 INFO Train - trainImages: finding the encoding of image
2022-04-01 06:35:46.687 INFO Train - trainImages: finding encoding of image is done
2022-04-01 06:35:46.687 INFO Train - trainImages: loading image
2022-04-01 06:35:46.688 DEBUG Train - trainImages: /home/vikasjoshis001/Desktop/Gestures/images_to_train/Vikasafd-2022-04-01 06:18:02.414298/Vikasafd.6520d1ae-b155-11ec-ae44-cb6983774605.jpeg
2022-04-01 06:35:46.688 INFO Train - trainImages: loading image done
2022-04-01 06:35:46.688 INFO Train - trainImages: finding the encoding of image
2022-04-01 06:35:46.769 INFO Train - trainImages: finding encoding of image is done
2022-04-01 06:35:46.769 INFO Train - trainImages: loading image
2022-04-01 06:35:46.770 DEBUG Train - trainImages: /home/vikasjoshis001/Desktop/Gestures/images_to_train/Vikasafd-2022-04-01 06:18:02.414298/Vikasafd.62a72799-b155-11ec-ae44-cb6983774605.jpeg
2022-04-01 06:35:46.770 INFO Train - trainImages: loading image done
2022-04-01 06:35:46.770 INFO Train - trainImages: finding the encoding of image
2022-04-01 06:35:46.850 INFO Train - trainImages: finding encoding of image is done
2022-04-01 06:35:46.850 INFO Train - trainImages: loading image
2022-04-01 06:35:46.851 DEBUG Train - trainImages: /home/vikasjoshis001/Desktop/Gestures/images_to_train/Vikasafd-2022-04-01 06:18:02.414298/Vikasafd.63ec76ef-b155-11ec-ae44-cb6983774605.jpeg
2022-04-01 06:35:46.851 INFO Train - trainImages: loading image done
2022-04-01 06:35:46.851 INFO Train - trainImages: finding the encoding of image
2022-04-01 06:35:46.932 INFO Train - trainImages: finding encoding of image is done
2022-04-01 06:35:46.932 INFO Train - trainImages: loading image
2022-04-01 06:35:46.933 DEBUG Train - trainImages: /home/vikasjoshis001/Desktop/Gestures/images_to_train/Vikasafd-2022-04-01 06:18:02.414298/Vikasafd.62a72798-b155-11ec-ae44-cb6983774605.jpeg
2022-04-01 06:35:46.933 INFO Train - trainImages: loading image done
2022-04-01 06:35:46.933 INFO Train - trainImages: finding the encoding of image
2022-04-01 06:35:47.014 INFO Train - trainImages: finding encoding of image is done
2022-04-01 06:35:47.014 INFO Train - trainImages: getting average of encodings of loaded images
2022-04-01 06:35:47.014 INFO Train - trainImages: done with getting average encodings
2022-04-01 06:35:47.014 INFO Train - trainImages: storing the name and encoding in local dictionary
2022-04-01 06:35:47.014 INFO Train - trainImages: stored name and encodes in local dictionary
2022-04-01 06:35:47.014 INFO Train - trainImages: storing the name and encodings in mongodb
2022-04-01 06:35:47.015 INFO Train - trainImages: stored all name and encodes in mongodb
2022-04-01 06:35:47.015 INFO Train - trainImages: started loading images and finding their encodings
2022-04-01 06:35:47.015 INFO Train - trainImages: loading image
2022-04-01 06:35:47.015 DEBUG Train - trainImages: /home/vikasjoshis001/Desktop/Gestures/images_to_train/cersie lannister/index3.jpeg
2022-04-01 06:35:47.015 INFO Train - trainImages: loading image done
2022-04-01 06:35:47.015 INFO Train - trainImages: finding the encoding of image
2022-04-01 06:35:47.083 INFO Train - trainImages: finding encoding of image is done
2022-04-01 06:35:47.083 INFO Train - trainImages: loading image
2022-04-01 06:35:47.084 DEBUG Train - trainImages: /home/vikasjoshis001/Desktop/Gestures/images_to_train/cersie lannister/index5.jpeg
2022-04-01 06:35:47.084 INFO Train - trainImages: loading image done
2022-04-01 06:35:47.084 INFO Train - trainImages: finding the encoding of image
2022-04-01 06:35:47.150 INFO Train - trainImages: finding encoding of image is done
2022-04-01 06:35:47.150 INFO Train - trainImages: loading image
2022-04-01 06:35:47.151 DEBUG Train - trainImages: /home/vikasjoshis001/Desktop/Gestures/images_to_train/cersie lannister/index2.jpeg
2022-04-01 06:35:47.151 INFO Train - trainImages: loading image done
2022-04-01 06:35:47.151 INFO Train - trainImages: finding the encoding of image
2022-04-01 06:35:47.219 INFO Train - trainImages: finding encoding of image is done
2022-04-01 06:35:47.219 INFO Train - trainImages: loading image
2022-04-01 06:35:47.220 DEBUG Train - trainImages: /home/vikasjoshis001/Desktop/Gestures/images_to_train/cersie lannister/index4.jpeg
2022-04-01 06:35:47.220 INFO Train - trainImages: loading image done
2022-04-01 06:35:47.220 INFO Train - trainImages: finding the encoding of image
2022-04-01 06:35:47.288 INFO Train - trainImages: finding encoding of image is done
2022-04-01 06:35:47.288 INFO Train - trainImages: getting average of encodings of loaded images
2022-04-01 06:35:47.289 INFO Train - trainImages: done with getting average encodings
2022-04-01 06:35:47.289 INFO Train - trainImages: storing the name and encoding in local dictionary
2022-04-01 06:35:47.289 INFO Train - trainImages: stored name and encodes in local dictionary
2022-04-01 06:35:47.289 INFO Train - trainImages: storing the name and encodings in mongodb
2022-04-01 06:35:47.289 INFO Train - trainImages: stored all name and encodes in mongodb
2022-04-01 06:35:47.289 INFO Train - trainImages: started loading images and finding their encodings
2022-04-01 06:35:47.290 INFO Train - trainImages: loading image
2022-04-01 06:35:47.292 DEBUG Train - trainImages: /home/vikasjoshis001/Desktop/Gestures/images_to_train/Vikas-2022-03-31 13:17:26.260103/Vikas.d18bc824-b0c6-11ec-95c9-353773ec36e1.jpeg
2022-04-01 06:35:47.292 INFO Train - trainImages: loading image done
2022-04-01 06:35:47.292 INFO Train - trainImages: finding the encoding of image
2022-04-01 06:35:47.475 INFO Train - trainImages: finding encoding of image is done
2022-04-01 06:35:47.475 INFO Train - trainImages: loading image
2022-04-01 06:35:47.478 DEBUG Train - trainImages: /home/vikasjoshis001/Desktop/Gestures/images_to_train/Vikas-2022-03-31 13:17:26.260103/Vikas.d056c17b-b0c6-11ec-95c9-353773ec36e1.jpeg
2022-04-01 06:35:47.478 INFO Train - trainImages: loading image done
2022-04-01 06:35:47.478 INFO Train - trainImages: finding the encoding of image
2022-04-01 06:35:47.660 INFO Train - trainImages: finding encoding of image is done
2022-04-01 06:35:47.660 INFO Train - trainImages: loading image
2022-04-01 06:35:47.662 DEBUG Train - trainImages: /home/vikasjoshis001/Desktop/Gestures/images_to_train/Vikas-2022-03-31 13:17:26.260103/Vikas.cf0c4b78-b0c6-11ec-95c9-353773ec36e1.jpeg
2022-04-01 06:35:47.662 INFO Train - trainImages: loading image done
2022-04-01 06:35:47.662 INFO Train - trainImages: finding the encoding of image
2022-04-01 06:35:47.843 INFO Train - trainImages: finding encoding of image is done
2022-04-01 06:35:47.843 INFO Train - trainImages: loading image
2022-04-01 06:35:47.846 DEBUG Train - trainImages: /home/vikasjoshis001/Desktop/Gestures/images_to_train/Vikas-2022-03-31 13:17:26.260103/Vikas.cf0c4b79-b0c6-11ec-95c9-353773ec36e1.jpeg
2022-04-01 06:35:47.846 INFO Train - trainImages: loading image done
2022-04-01 06:35:47.846 INFO Train - trainImages: finding the encoding of image
2022-04-01 06:35:48.029 INFO Train - trainImages: finding encoding of image is done
2022-04-01 06:35:48.029 INFO Train - trainImages: loading image
2022-04-01 06:35:48.031 DEBUG Train - trainImages: /home/vikasjoshis001/Desktop/Gestures/images_to_train/Vikas-2022-03-31 13:17:26.260103/Vikas.d056c17a-b0c6-11ec-95c9-353773ec36e1.jpeg
2022-04-01 06:35:48.032 INFO Train - trainImages: loading image done
2022-04-01 06:35:48.032 INFO Train - trainImages: finding the encoding of image
2022-04-01 06:35:48.213 INFO Train - trainImages: finding encoding of image is done
2022-04-01 06:35:48.213 INFO Train - trainImages: getting average of encodings of loaded images
2022-04-01 06:35:48.213 INFO Train - trainImages: done with getting average encodings
2022-04-01 06:35:48.213 INFO Train - trainImages: storing the name and encoding in local dictionary
2022-04-01 06:35:48.213 INFO Train - trainImages: stored name and encodes in local dictionary
2022-04-01 06:35:48.213 INFO Train - trainImages: storing the name and encodings in mongodb
2022-04-01 06:35:48.214 INFO Train - trainImages: stored all name and encodes in mongodb
2022-04-01 06:35:48.214 INFO Train - trainImages: started loading images and finding their encodings
2022-04-01 06:35:48.214 INFO Train - trainImages: loading image
2022-04-01 06:35:48.215 DEBUG Train - trainImages: /home/vikasjoshis001/Desktop/Gestures/images_to_train/king in the north/index.jpeg
2022-04-01 06:35:48.215 INFO Train - trainImages: loading image done
2022-04-01 06:35:48.215 INFO Train - trainImages: finding the encoding of image
2022-04-01 06:35:48.284 INFO Train - trainImages: finding encoding of image is done
2022-04-01 06:35:48.284 INFO Train - trainImages: loading image
2022-04-01 06:35:48.285 DEBUG Train - trainImages: /home/vikasjoshis001/Desktop/Gestures/images_to_train/king in the north/index3.jpeg
2022-04-01 06:35:48.285 INFO Train - trainImages: loading image done
2022-04-01 06:35:48.285 INFO Train - trainImages: finding the encoding of image
2022-04-01 06:35:48.354 INFO Train - trainImages: finding encoding of image is done
2022-04-01 06:35:48.354 INFO Train - trainImages: loading image
2022-04-01 06:35:48.355 DEBUG Train - trainImages: /home/vikasjoshis001/Desktop/Gestures/images_to_train/king in the north/index5.jpeg
2022-04-01 06:35:48.355 INFO Train - trainImages: loading image done
2022-04-01 06:35:48.355 INFO Train - trainImages: finding the encoding of image
2022-04-01 06:35:48.424 INFO Train - trainImages: finding encoding of image is done
2022-04-01 06:35:48.424 INFO Train - trainImages: loading image
2022-04-01 06:35:48.425 DEBUG Train - trainImages: /home/vikasjoshis001/Desktop/Gestures/images_to_train/king in the north/index2.jpeg
2022-04-01 06:35:48.425 INFO Train - trainImages: loading image done
2022-04-01 06:35:48.425 INFO Train - trainImages: finding the encoding of image
2022-04-01 06:35:48.493 INFO Train - trainImages: finding encoding of image is done
2022-04-01 06:35:48.494 INFO Train - trainImages: loading image
2022-04-01 06:35:48.494 DEBUG Train - trainImages: /home/vikasjoshis001/Desktop/Gestures/images_to_train/king in the north/index4.jpeg
2022-04-01 06:35:48.494 INFO Train - trainImages: loading image done
2022-04-01 06:35:48.494 INFO Train - trainImages: finding the encoding of image
2022-04-01 06:35:48.565 INFO Train - trainImages: finding encoding of image is done
2022-04-01 06:35:48.565 INFO Train - trainImages: getting average of encodings of loaded images
2022-04-01 06:35:48.566 INFO Train - trainImages: done with getting average encodings
2022-04-01 06:35:48.566 INFO Train - trainImages: storing the name and encoding in local dictionary
2022-04-01 06:35:48.566 INFO Train - trainImages: stored name and encodes in local dictionary
2022-04-01 06:35:48.566 INFO Train - trainImages: storing the name and encodings in mongodb
2022-04-01 06:35:48.566 INFO Train - trainImages: stored all name and encodes in mongodb
2022-04-01 06:35:48.566 INFO Train - trainImages: started loading images and finding their encodings
2022-04-01 06:35:48.566 INFO Train - trainImages: loading image
2022-04-01 06:35:48.567 DEBUG Train - trainImages: /home/vikasjoshis001/Desktop/Gestures/images_to_train/fdsfg-2022-04-01 06:31:00.007557/fdsfg.3222a709-b157-11ec-ae44-cb6983774605.jpeg
2022-04-01 06:35:48.567 INFO Train - trainImages: loading image done
2022-04-01 06:35:48.567 INFO Train - trainImages: finding the encoding of image
2022-04-01 06:35:48.648 INFO Train - trainImages: finding encoding of image is done
2022-04-01 06:35:48.648 INFO Train - trainImages: loading image
2022-04-01 06:35:48.649 DEBUG Train - trainImages: /home/vikasjoshis001/Desktop/Gestures/images_to_train/fdsfg-2022-04-01 06:31:00.007557/fdsfg.33671982-b157-11ec-ae44-cb6983774605.jpeg
2022-04-01 06:35:48.649 INFO Train - trainImages: loading image done
2022-04-01 06:35:48.649 INFO Train - trainImages: finding the encoding of image
2022-04-01 06:35:48.730 INFO Train - trainImages: finding encoding of image is done
2022-04-01 06:35:48.730 INFO Train - trainImages: loading image
2022-04-01 06:35:48.731 DEBUG Train - trainImages: /home/vikasjoshis001/Desktop/Gestures/images_to_train/fdsfg-2022-04-01 06:31:00.007557/fdsfg.33671983-b157-11ec-ae44-cb6983774605.jpeg
2022-04-01 06:35:48.731 INFO Train - trainImages: loading image done
2022-04-01 06:35:48.731 INFO Train - trainImages: finding the encoding of image
2022-04-01 06:35:48.812 INFO Train - trainImages: finding encoding of image is done
2022-04-01 06:35:48.812 INFO Train - trainImages: loading image
2022-04-01 06:35:48.813 DEBUG Train - trainImages: /home/vikasjoshis001/Desktop/Gestures/images_to_train/fdsfg-2022-04-01 06:31:00.007557/fdsfg.349ba318-b157-11ec-ae44-cb6983774605.jpeg
2022-04-01 06:35:48.813 INFO Train - trainImages: loading image done
2022-04-01 06:35:48.813 INFO Train - trainImages: finding the encoding of image
2022-04-01 06:35:48.894 INFO Train - trainImages: finding encoding of image is done
2022-04-01 06:35:48.894 INFO Train - trainImages: loading image
2022-04-01 06:35:48.895 DEBUG Train - trainImages: /home/vikasjoshis001/Desktop/Gestures/images_to_train/fdsfg-2022-04-01 06:31:00.007557/fdsfg.3222a708-b157-11ec-ae44-cb6983774605.jpeg
2022-04-01 06:35:48.895 INFO Train - trainImages: loading image done
2022-04-01 06:35:48.895 INFO Train - trainImages: finding the encoding of image
2022-04-01 06:35:48.976 INFO Train - trainImages: finding encoding of image is done
2022-04-01 06:35:48.976 INFO Train - trainImages: getting average of encodings of loaded images
2022-04-01 06:35:48.976 INFO Train - trainImages: done with getting average encodings
2022-04-01 06:35:48.976 INFO Train - trainImages: storing the name and encoding in local dictionary
2022-04-01 06:35:48.976 INFO Train - trainImages: stored name and encodes in local dictionary
2022-04-01 06:35:48.976 INFO Train - trainImages: storing the name and encodings in mongodb
2022-04-01 06:35:48.977 INFO Train - trainImages: stored all name and encodes in mongodb
2022-04-01 06:35:48.977 INFO Train - trainImages: started loading images and finding their encodings
2022-04-01 06:35:48.977 INFO Train - trainImages: loading image
2022-04-01 06:35:48.978 DEBUG Train - trainImages: /home/vikasjoshis001/Desktop/Gestures/images_to_train/UIO-2022-04-01 06:08:24.896094/UIO.0a6d3245-b154-11ec-ae44-cb6983774605.jpeg
2022-04-01 06:35:48.978 INFO Train - trainImages: loading image done
2022-04-01 06:35:48.978 INFO Train - trainImages: finding the encoding of image
2022-04-01 06:35:49.064 INFO Train - trainImages: finding encoding of image is done
2022-04-01 06:35:49.064 INFO Train - trainImages: loading image
2022-04-01 06:35:49.065 DEBUG Train - trainImages: /home/vikasjoshis001/Desktop/Gestures/images_to_train/UIO-2022-04-01 06:08:24.896094/UIO.0bbc7cb9-b154-11ec-ae44-cb6983774605.jpeg
2022-04-01 06:35:49.065 INFO Train - trainImages: loading image done
2022-04-01 06:35:49.065 INFO Train - trainImages: finding the encoding of image
2022-04-01 06:35:49.146 INFO Train - trainImages: finding encoding of image is done
2022-04-01 06:35:49.146 INFO Train - trainImages: loading image
2022-04-01 06:35:49.147 DEBUG Train - trainImages: /home/vikasjoshis001/Desktop/Gestures/images_to_train/UIO-2022-04-01 06:08:24.896094/UIO.0bbc7cb8-b154-11ec-ae44-cb6983774605.jpeg
2022-04-01 06:35:49.147 INFO Train - trainImages: loading image done
2022-04-01 06:35:49.147 INFO Train - trainImages: finding the encoding of image
2022-04-01 06:35:49.231 INFO Train - trainImages: finding encoding of image is done
2022-04-01 06:35:49.231 INFO Train - trainImages: loading image
2022-04-01 06:35:49.232 DEBUG Train - trainImages: /home/vikasjoshis001/Desktop/Gestures/images_to_train/UIO-2022-04-01 06:08:24.896094/UIO.0a6d3244-b154-11ec-ae44-cb6983774605.jpeg
2022-04-01 06:35:49.232 INFO Train - trainImages: loading image done
2022-04-01 06:35:49.232 INFO Train - trainImages: finding the encoding of image
2022-04-01 06:35:49.313 INFO Train - trainImages: finding encoding of image is done
2022-04-01 06:35:49.313 INFO Train - trainImages: loading image
2022-04-01 06:35:49.314 DEBUG Train - trainImages: /home/vikasjoshis001/Desktop/Gestures/images_to_train/UIO-2022-04-01 06:08:24.896094/UIO.0cf136d2-b154-11ec-ae44-cb6983774605.jpeg
2022-04-01 06:35:49.314 INFO Train - trainImages: loading image done
2022-04-01 06:35:49.314 INFO Train - trainImages: finding the encoding of image
2022-04-01 06:35:49.395 INFO Train - trainImages: finding encoding of image is done
2022-04-01 06:35:49.395 INFO Train - trainImages: getting average of encodings of loaded images
2022-04-01 06:35:49.396 INFO Train - trainImages: done with getting average encodings
2022-04-01 06:35:49.396 INFO Train - trainImages: storing the name and encoding in local dictionary
2022-04-01 06:35:49.396 INFO Train - trainImages: stored name and encodes in local dictionary
2022-04-01 06:35:49.396 INFO Train - trainImages: storing the name and encodings in mongodb
2022-04-01 06:35:49.396 INFO Train - trainImages: stored all name and encodes in mongodb
2022-04-01 06:35:49.396 INFO Train - trainImages: started loading images and finding their encodings
2022-04-01 06:35:49.397 INFO Train - trainImages: loading image
2022-04-01 06:35:49.397 DEBUG Train - trainImages: /home/vikasjoshis001/Desktop/Gestures/images_to_train/arya stark/index.jpeg
2022-04-01 06:35:49.397 INFO Train - trainImages: loading image done
2022-04-01 06:35:49.397 INFO Train - trainImages: finding the encoding of image
2022-04-01 06:35:49.468 INFO Train - trainImages: finding encoding of image is done
2022-04-01 06:35:49.468 INFO Train - trainImages: loading image
2022-04-01 06:35:49.469 DEBUG Train - trainImages: /home/vikasjoshis001/Desktop/Gestures/images_to_train/arya stark/index3.jpeg
2022-04-01 06:35:49.469 INFO Train - trainImages: loading image done
2022-04-01 06:35:49.469 INFO Train - trainImages: finding the encoding of image
2022-04-01 06:35:49.538 INFO Train - trainImages: finding encoding of image is done
2022-04-01 06:35:49.538 INFO Train - trainImages: loading image
2022-04-01 06:35:49.539 DEBUG Train - trainImages: /home/vikasjoshis001/Desktop/Gestures/images_to_train/arya stark/index5.jpeg
2022-04-01 06:35:49.539 INFO Train - trainImages: loading image done
2022-04-01 06:35:49.539 INFO Train - trainImages: finding the encoding of image
2022-04-01 06:35:49.609 INFO Train - trainImages: finding encoding of image is done
2022-04-01 06:35:49.610 INFO Train - trainImages: loading image
2022-04-01 06:35:49.610 DEBUG Train - trainImages: /home/vikasjoshis001/Desktop/Gestures/images_to_train/arya stark/index2.jpeg
2022-04-01 06:35:49.611 INFO Train - trainImages: loading image done
2022-04-01 06:35:49.611 INFO Train - trainImages: finding the encoding of image
2022-04-01 06:35:49.679 INFO Train - trainImages: finding encoding of image is done
2022-04-01 06:35:49.679 INFO Train - trainImages: loading image
2022-04-01 06:35:49.680 DEBUG Train - trainImages: /home/vikasjoshis001/Desktop/Gestures/images_to_train/arya stark/images4.jpeg
2022-04-01 06:35:49.680 INFO Train - trainImages: loading image done
2022-04-01 06:35:49.680 INFO Train - trainImages: finding the encoding of image
2022-04-01 06:35:49.747 INFO Train - trainImages: finding encoding of image is done
2022-04-01 06:35:49.748 INFO Train - trainImages: getting average of encodings of loaded images
2022-04-01 06:35:49.748 INFO Train - trainImages: done with getting average encodings
2022-04-01 06:35:49.748 INFO Train - trainImages: storing the name and encoding in local dictionary
2022-04-01 06:35:49.748 INFO Train - trainImages: stored name and encodes in local dictionary
2022-04-01 06:35:49.748 INFO Train - trainImages: storing the name and encodings in mongodb
2022-04-01 06:35:49.749 INFO Train - trainImages: stored all name and encodes in mongodb
2022-04-01 06:35:49.749 INFO Train - trainImages: started loading images and finding their encodings
2022-04-01 06:35:49.749 INFO Train - trainImages: loading image
2022-04-01 06:35:49.750 DEBUG Train - trainImages: /home/vikasjoshis001/Desktop/Gestures/images_to_train/bgcnhgnvbngh-2022-04-01 06:34:02.139502/bgcnhgnvbngh.a134ebc4-b157-11ec-ae44-cb6983774605.jpeg
2022-04-01 06:35:49.750 INFO Train - trainImages: loading image done
2022-04-01 06:35:49.750 INFO Train - trainImages: finding the encoding of image
2022-04-01 06:35:49.830 INFO Train - trainImages: finding encoding of image is done
2022-04-01 06:35:49.830 INFO Train - trainImages: loading image
2022-04-01 06:35:49.831 DEBUG Train - trainImages: /home/vikasjoshis001/Desktop/Gestures/images_to_train/bgcnhgnvbngh-2022-04-01 06:34:02.139502/bgcnhgnvbngh.9fff80f2-b157-11ec-ae44-cb6983774605.jpeg
2022-04-01 06:35:49.831 INFO Train - trainImages: loading image done
2022-04-01 06:35:49.831 INFO Train - trainImages: finding the encoding of image
2022-04-01 06:35:49.913 INFO Train - trainImages: finding encoding of image is done
2022-04-01 06:35:49.913 INFO Train - trainImages: loading image
2022-04-01 06:35:49.914 DEBUG Train - trainImages: /home/vikasjoshis001/Desktop/Gestures/images_to_train/bgcnhgnvbngh-2022-04-01 06:34:02.139502/bgcnhgnvbngh.9eb230f1-b157-11ec-ae44-cb6983774605.jpeg
2022-04-01 06:35:49.914 INFO Train - trainImages: loading image done
2022-04-01 06:35:49.914 INFO Train - trainImages: finding the encoding of image
2022-04-01 06:35:49.996 INFO Train - trainImages: finding encoding of image is done
2022-04-01 06:35:49.996 INFO Train - trainImages: loading image
2022-04-01 06:35:49.997 DEBUG Train - trainImages: /home/vikasjoshis001/Desktop/Gestures/images_to_train/bgcnhgnvbngh-2022-04-01 06:34:02.139502/bgcnhgnvbngh.9fff80f3-b157-11ec-ae44-cb6983774605.jpeg
2022-04-01 06:35:49.997 INFO Train - trainImages: loading image done
2022-04-01 06:35:49.997 INFO Train - trainImages: finding the encoding of image
2022-04-01 06:35:50.079 INFO Train - trainImages: finding encoding of image is done
2022-04-01 06:35:50.079 INFO Train - trainImages: loading image
2022-04-01 06:35:50.080 DEBUG Train - trainImages: /home/vikasjoshis001/Desktop/Gestures/images_to_train/bgcnhgnvbngh-2022-04-01 06:34:02.139502/bgcnhgnvbngh.9eb230f0-b157-11ec-ae44-cb6983774605.jpeg
2022-04-01 06:35:50.080 INFO Train - trainImages: loading image done
2022-04-01 06:35:50.080 INFO Train - trainImages: finding the encoding of image
2022-04-01 06:35:50.161 INFO Train - trainImages: finding encoding of image is done
2022-04-01 06:35:50.161 INFO Train - trainImages: getting average of encodings of loaded images
2022-04-01 06:35:50.161 INFO Train - trainImages: done with getting average encodings
2022-04-01 06:35:50.161 INFO Train - trainImages: storing the name and encoding in local dictionary
2022-04-01 06:35:50.161 INFO Train - trainImages: stored name and encodes in local dictionary
2022-04-01 06:35:50.161 INFO Train - trainImages: storing the name and encodings in mongodb
2022-04-01 06:35:50.162 INFO Train - trainImages: stored all name and encodes in mongodb
2022-04-01 06:35:50.162 INFO Train - trainImages: started loading images and finding their encodings
2022-04-01 06:35:50.162 INFO Train - trainImages: loading image
2022-04-01 06:35:50.163 DEBUG Train - trainImages: /home/vikasjoshis001/Desktop/Gestures/images_to_train/nnhm-2022-04-01 06:35:32.890275/nnhm.d6127e06-b157-11ec-ae44-cb6983774605.jpeg
2022-04-01 06:35:50.163 INFO Train - trainImages: loading image done
2022-04-01 06:35:50.163 INFO Train - trainImages: finding the encoding of image
2022-04-01 06:35:50.244 INFO Train - trainImages: finding encoding of image is done
2022-04-01 06:35:50.245 INFO Train - trainImages: loading image
2022-04-01 06:35:50.246 DEBUG Train - trainImages: /home/vikasjoshis001/Desktop/Gestures/images_to_train/nnhm-2022-04-01 06:35:32.890275/nnhm.d6127e07-b157-11ec-ae44-cb6983774605.jpeg
2022-04-01 06:35:50.246 INFO Train - trainImages: loading image done
2022-04-01 06:35:50.246 INFO Train - trainImages: finding the encoding of image
2022-04-01 06:35:50.327 INFO Train - trainImages: finding encoding of image is done
2022-04-01 06:35:50.327 INFO Train - trainImages: loading image
2022-04-01 06:35:50.328 DEBUG Train - trainImages: /home/vikasjoshis001/Desktop/Gestures/images_to_train/nnhm-2022-04-01 06:35:32.890275/nnhm.d4c9f9b6-b157-11ec-ae44-cb6983774605.jpeg
2022-04-01 06:35:50.328 INFO Train - trainImages: loading image done
2022-04-01 06:35:50.328 INFO Train - trainImages: finding the encoding of image
2022-04-01 06:35:50.411 INFO Train - trainImages: finding encoding of image is done
2022-04-01 06:35:50.411 INFO Train - trainImages: loading image
2022-04-01 06:35:50.412 DEBUG Train - trainImages: /home/vikasjoshis001/Desktop/Gestures/images_to_train/nnhm-2022-04-01 06:35:32.890275/nnhm.d4c9f9b7-b157-11ec-ae44-cb6983774605.jpeg
2022-04-01 06:35:50.412 INFO Train - trainImages: loading image done
2022-04-01 06:35:50.412 INFO Train - trainImages: finding the encoding of image
2022-04-01 06:35:50.493 INFO Train - trainImages: finding encoding of image is done
2022-04-01 06:35:50.493 INFO Train - trainImages: loading image
2022-04-01 06:35:50.494 DEBUG Train - trainImages: /home/vikasjoshis001/Desktop/Gestures/images_to_train/nnhm-2022-04-01 06:35:32.890275/nnhm.d7475ac6-b157-11ec-ae44-cb6983774605.jpeg
2022-04-01 06:35:50.495 INFO Train - trainImages: loading image done
2022-04-01 06:35:50.495 INFO Train - trainImages: finding the encoding of image
2022-04-01 06:35:50.578 INFO Train - trainImages: finding encoding of image is done
2022-04-01 06:35:50.578 INFO Train - trainImages: getting average of encodings of loaded images
2022-04-01 06:35:50.578 INFO Train - trainImages: done with getting average encodings
2022-04-01 06:35:50.578 INFO Train - trainImages: storing the name and encoding in local dictionary
2022-04-01 06:35:50.578 INFO Train - trainImages: stored name and encodes in local dictionary
2022-04-01 06:35:50.578 INFO Train - trainImages: storing the name and encodings in mongodb
2022-04-01 06:35:50.579 INFO Train - trainImages: stored all name and encodes in mongodb
