2022-04-01 06:11:30.922 INFO Train - trainImages: MongoDB database connected successfully
2022-04-01 06:11:30.935 INFO Train - trainImages: collected all folders in known_people folder
2022-04-01 06:11:30.936 DEBUG Train - trainImages: ['tyrion lannister', 'denerys targeryan', 'Hello-2022-04-01 06:06:43.242173', 'cersie lannister', 'Vikas-2022-03-31 13:17:26.260103', 'king in the north', 'UIO-2022-04-01 06:08:24.896094', 'arya stark']
2022-04-01 06:11:30.940 INFO Train - trainImages: collected all images from all folders in known_people folder
2022-04-01 06:11:30.940 DEBUG Train - trainImages: [['/home/vikasjoshis001/Desktop/Gestures/images_to_train/tyrion lannister/images5.jpeg', '/home/vikasjoshis001/Desktop/Gestures/images_to_train/tyrion lannister/index3.jpeg', '/home/vikasjoshis001/Desktop/Gestures/images_to_train/tyrion lannister/index1.jpeg', '/home/vikasjoshis001/Desktop/Gestures/images_to_train/tyrion lannister/index2.jpeg', '/home/vikasjoshis001/Desktop/Gestures/images_to_train/tyrion lannister/index4.jpeg'], ['/home/vikasjoshis001/Desktop/Gestures/images_to_train/denerys targeryan/index3.jpeg', '/home/vikasjoshis001/Desktop/Gestures/images_to_train/denerys targeryan/index5.jpeg', '/home/vikasjoshis001/Desktop/Gestures/images_to_train/denerys targeryan/index1.jpeg', '/home/vikasjoshis001/Desktop/Gestures/images_to_train/denerys targeryan/index2.jpeg', '/home/vikasjoshis001/Desktop/Gestures/images_to_train/denerys targeryan/index4.jpeg'], ['/home/vikasjoshis001/Desktop/Gestures/images_to_train/Hello-2022-04-01 06:06:43.242173/Hello.cdd62f53-b153-11ec-ae44-cb6983774605.jpeg', '/home/vikasjoshis001/Desktop/Gestures/images_to_train/Hello-2022-04-01 06:06:43.242173/Hello.cf21c952-b153-11ec-ae44-cb6983774605.jpeg', '/home/vikasjoshis001/Desktop/Gestures/images_to_train/Hello-2022-04-01 06:06:43.242173/Hello.d0570634-b153-11ec-ae44-cb6983774605.jpeg', '/home/vikasjoshis001/Desktop/Gestures/images_to_train/Hello-2022-04-01 06:06:43.242173/Hello.cdd62f52-b153-11ec-ae44-cb6983774605.jpeg', '/home/vikasjoshis001/Desktop/Gestures/images_to_train/Hello-2022-04-01 06:06:43.242173/Hello.cf21c953-b153-11ec-ae44-cb6983774605.jpeg'], ['/home/vikasjoshis001/Desktop/Gestures/images_to_train/cersie lannister/index3.jpeg', '/home/vikasjoshis001/Desktop/Gestures/images_to_train/cersie lannister/index5.jpeg', '/home/vikasjoshis001/Desktop/Gestures/images_to_train/cersie lannister/index2.jpeg', '/home/vikasjoshis001/Desktop/Gestures/images_to_train/cersie lannister/index4.jpeg'], ['/home/vikasjoshis001/Desktop/Gestures/images_to_train/Vikas-2022-03-31 13:17:26.260103/Vikas.d18bc824-b0c6-11ec-95c9-353773ec36e1.jpeg', '/home/vikasjoshis001/Desktop/Gestures/images_to_train/Vikas-2022-03-31 13:17:26.260103/Vikas.d056c17b-b0c6-11ec-95c9-353773ec36e1.jpeg', '/home/vikasjoshis001/Desktop/Gestures/images_to_train/Vikas-2022-03-31 13:17:26.260103/Vikas.cf0c4b78-b0c6-11ec-95c9-353773ec36e1.jpeg', '/home/vikasjoshis001/Desktop/Gestures/images_to_train/Vikas-2022-03-31 13:17:26.260103/Vikas.cf0c4b79-b0c6-11ec-95c9-353773ec36e1.jpeg', '/home/vikasjoshis001/Desktop/Gestures/images_to_train/Vikas-2022-03-31 13:17:26.260103/Vikas.d056c17a-b0c6-11ec-95c9-353773ec36e1.jpeg'], ['/home/vikasjoshis001/Desktop/Gestures/images_to_train/king in the north/index.jpeg', '/home/vikasjoshis001/Desktop/Gestures/images_to_train/king in the north/index3.jpeg', '/home/vikasjoshis001/Desktop/Gestures/images_to_train/king in the north/index5.jpeg', '/home/vikasjoshis001/Desktop/Gestures/images_to_train/king in the north/index2.jpeg', '/home/vikasjoshis001/Desktop/Gestures/images_to_train/king in the north/index4.jpeg'], ['/home/vikasjoshis001/Desktop/Gestures/images_to_train/UIO-2022-04-01 06:08:24.896094/UIO.0a6d3245-b154-11ec-ae44-cb6983774605.jpeg', '/home/vikasjoshis001/Desktop/Gestures/images_to_train/UIO-2022-04-01 06:08:24.896094/UIO.0bbc7cb9-b154-11ec-ae44-cb6983774605.jpeg', '/home/vikasjoshis001/Desktop/Gestures/images_to_train/UIO-2022-04-01 06:08:24.896094/UIO.0bbc7cb8-b154-11ec-ae44-cb6983774605.jpeg', '/home/vikasjoshis001/Desktop/Gestures/images_to_train/UIO-2022-04-01 06:08:24.896094/UIO.0a6d3244-b154-11ec-ae44-cb6983774605.jpeg', '/home/vikasjoshis001/Desktop/Gestures/images_to_train/UIO-2022-04-01 06:08:24.896094/UIO.0cf136d2-b154-11ec-ae44-cb6983774605.jpeg'], ['/home/vikasjoshis001/Desktop/Gestures/images_to_train/arya stark/index.jpeg', '/home/vikasjoshis001/Desktop/Gestures/images_to_train/arya stark/index3.jpeg', '/home/vikasjoshis001/Desktop/Gestures/images_to_train/arya stark/index5.jpeg', '/home/vikasjoshis001/Desktop/Gestures/images_to_train/arya stark/index2.jpeg', '/home/vikasjoshis001/Desktop/Gestures/images_to_train/arya stark/images4.jpeg']]
2022-04-01 06:11:30.941 INFO Train - trainImages: started loading images and finding their encodings
2022-04-01 06:11:30.942 INFO Train - trainImages: loading image
2022-04-01 06:11:30.960 DEBUG Train - trainImages: /home/vikasjoshis001/Desktop/Gestures/images_to_train/tyrion lannister/images5.jpeg
2022-04-01 06:11:30.960 INFO Train - trainImages: loading image done
2022-04-01 06:11:30.961 INFO Train - trainImages: finding the encoding of image
2022-04-01 06:11:31.063 INFO Train - trainImages: finding encoding of image is done
2022-04-01 06:11:31.063 INFO Train - trainImages: loading image
2022-04-01 06:11:31.064 DEBUG Train - trainImages: /home/vikasjoshis001/Desktop/Gestures/images_to_train/tyrion lannister/index3.jpeg
2022-04-01 06:11:31.064 INFO Train - trainImages: loading image done
2022-04-01 06:11:31.064 INFO Train - trainImages: finding the encoding of image
2022-04-01 06:11:31.141 INFO Train - trainImages: finding encoding of image is done
2022-04-01 06:11:31.141 INFO Train - trainImages: loading image
2022-04-01 06:11:31.141 DEBUG Train - trainImages: /home/vikasjoshis001/Desktop/Gestures/images_to_train/tyrion lannister/index1.jpeg
2022-04-01 06:11:31.141 INFO Train - trainImages: loading image done
2022-04-01 06:11:31.141 INFO Train - trainImages: finding the encoding of image
2022-04-01 06:11:31.217 INFO Train - trainImages: finding encoding of image is done
2022-04-01 06:11:31.217 INFO Train - trainImages: loading image
2022-04-01 06:11:31.218 DEBUG Train - trainImages: /home/vikasjoshis001/Desktop/Gestures/images_to_train/tyrion lannister/index2.jpeg
2022-04-01 06:11:31.218 INFO Train - trainImages: loading image done
2022-04-01 06:11:31.218 INFO Train - trainImages: finding the encoding of image
2022-04-01 06:11:31.295 INFO Train - trainImages: finding encoding of image is done
2022-04-01 06:11:31.295 INFO Train - trainImages: loading image
2022-04-01 06:11:31.296 DEBUG Train - trainImages: /home/vikasjoshis001/Desktop/Gestures/images_to_train/tyrion lannister/index4.jpeg
2022-04-01 06:11:31.296 INFO Train - trainImages: loading image done
2022-04-01 06:11:31.296 INFO Train - trainImages: finding the encoding of image
2022-04-01 06:11:31.370 INFO Train - trainImages: finding encoding of image is done
2022-04-01 06:11:31.371 INFO Train - trainImages: getting average of encodings of loaded images
2022-04-01 06:11:31.371 INFO Train - trainImages: done with getting average encodings
2022-04-01 06:11:31.371 INFO Train - trainImages: storing the name and encoding in local dictionary
2022-04-01 06:11:31.371 INFO Train - trainImages: stored name and encodes in local dictionary
2022-04-01 06:11:31.371 INFO Train - trainImages: storing the name and encodings in mongodb
2022-04-01 06:11:31.372 INFO Train - trainImages: stored all name and encodes in mongodb
2022-04-01 06:11:31.372 INFO Train - trainImages: started loading images and finding their encodings
2022-04-01 06:11:31.372 INFO Train - trainImages: loading image
2022-04-01 06:11:31.373 DEBUG Train - trainImages: /home/vikasjoshis001/Desktop/Gestures/images_to_train/denerys targeryan/index3.jpeg
2022-04-01 06:11:31.373 INFO Train - trainImages: loading image done
2022-04-01 06:11:31.373 INFO Train - trainImages: finding the encoding of image
2022-04-01 06:11:31.450 INFO Train - trainImages: finding encoding of image is done
2022-04-01 06:11:31.450 INFO Train - trainImages: loading image
2022-04-01 06:11:31.451 DEBUG Train - trainImages: /home/vikasjoshis001/Desktop/Gestures/images_to_train/denerys targeryan/index5.jpeg
2022-04-01 06:11:31.451 INFO Train - trainImages: loading image done
2022-04-01 06:11:31.451 INFO Train - trainImages: finding the encoding of image
2022-04-01 06:11:31.530 INFO Train - trainImages: finding encoding of image is done
2022-04-01 06:11:31.530 INFO Train - trainImages: loading image
2022-04-01 06:11:31.531 DEBUG Train - trainImages: /home/vikasjoshis001/Desktop/Gestures/images_to_train/denerys targeryan/index1.jpeg
2022-04-01 06:11:31.531 INFO Train - trainImages: loading image done
2022-04-01 06:11:31.531 INFO Train - trainImages: finding the encoding of image
2022-04-01 06:11:31.610 INFO Train - trainImages: finding encoding of image is done
2022-04-01 06:11:31.610 INFO Train - trainImages: loading image
2022-04-01 06:11:31.610 DEBUG Train - trainImages: /home/vikasjoshis001/Desktop/Gestures/images_to_train/denerys targeryan/index2.jpeg
2022-04-01 06:11:31.610 INFO Train - trainImages: loading image done
2022-04-01 06:11:31.610 INFO Train - trainImages: finding the encoding of image
2022-04-01 06:11:31.689 INFO Train - trainImages: finding encoding of image is done
2022-04-01 06:11:31.689 INFO Train - trainImages: loading image
2022-04-01 06:11:31.690 DEBUG Train - trainImages: /home/vikasjoshis001/Desktop/Gestures/images_to_train/denerys targeryan/index4.jpeg
2022-04-01 06:11:31.690 INFO Train - trainImages: loading image done
2022-04-01 06:11:31.690 INFO Train - trainImages: finding the encoding of image
2022-04-01 06:11:31.766 INFO Train - trainImages: finding encoding of image is done
2022-04-01 06:11:31.766 INFO Train - trainImages: getting average of encodings of loaded images
2022-04-01 06:11:31.766 INFO Train - trainImages: done with getting average encodings
2022-04-01 06:11:31.766 INFO Train - trainImages: storing the name and encoding in local dictionary
2022-04-01 06:11:31.766 INFO Train - trainImages: stored name and encodes in local dictionary
2022-04-01 06:11:31.766 INFO Train - trainImages: storing the name and encodings in mongodb
2022-04-01 06:11:31.767 INFO Train - trainImages: stored all name and encodes in mongodb
2022-04-01 06:11:31.767 INFO Train - trainImages: started loading images and finding their encodings
2022-04-01 06:11:31.767 INFO Train - trainImages: loading image
2022-04-01 06:11:31.768 DEBUG Train - trainImages: /home/vikasjoshis001/Desktop/Gestures/images_to_train/Hello-2022-04-01 06:06:43.242173/Hello.cdd62f53-b153-11ec-ae44-cb6983774605.jpeg
2022-04-01 06:11:31.768 INFO Train - trainImages: loading image done
2022-04-01 06:11:31.768 INFO Train - trainImages: finding the encoding of image
2022-04-01 06:11:31.855 INFO Train - trainImages: finding encoding of image is done
2022-04-01 06:11:31.855 INFO Train - trainImages: loading image
2022-04-01 06:11:31.856 DEBUG Train - trainImages: /home/vikasjoshis001/Desktop/Gestures/images_to_train/Hello-2022-04-01 06:06:43.242173/Hello.cf21c952-b153-11ec-ae44-cb6983774605.jpeg
2022-04-01 06:11:31.856 INFO Train - trainImages: loading image done
2022-04-01 06:11:31.856 INFO Train - trainImages: finding the encoding of image
2022-04-01 06:11:31.943 INFO Train - trainImages: finding encoding of image is done
2022-04-01 06:11:31.943 INFO Train - trainImages: loading image
2022-04-01 06:11:31.944 DEBUG Train - trainImages: /home/vikasjoshis001/Desktop/Gestures/images_to_train/Hello-2022-04-01 06:06:43.242173/Hello.d0570634-b153-11ec-ae44-cb6983774605.jpeg
2022-04-01 06:11:31.944 INFO Train - trainImages: loading image done
2022-04-01 06:11:31.944 INFO Train - trainImages: finding the encoding of image
2022-04-01 06:11:32.032 INFO Train - trainImages: finding encoding of image is done
2022-04-01 06:11:32.032 INFO Train - trainImages: loading image
2022-04-01 06:11:32.033 DEBUG Train - trainImages: /home/vikasjoshis001/Desktop/Gestures/images_to_train/Hello-2022-04-01 06:06:43.242173/Hello.cdd62f52-b153-11ec-ae44-cb6983774605.jpeg
2022-04-01 06:11:32.033 INFO Train - trainImages: loading image done
2022-04-01 06:11:32.033 INFO Train - trainImages: finding the encoding of image
2022-04-01 06:11:32.120 INFO Train - trainImages: finding encoding of image is done
2022-04-01 06:11:32.120 INFO Train - trainImages: loading image
2022-04-01 06:11:32.121 DEBUG Train - trainImages: /home/vikasjoshis001/Desktop/Gestures/images_to_train/Hello-2022-04-01 06:06:43.242173/Hello.cf21c953-b153-11ec-ae44-cb6983774605.jpeg
2022-04-01 06:11:32.121 INFO Train - trainImages: loading image done
2022-04-01 06:11:32.121 INFO Train - trainImages: finding the encoding of image
2022-04-01 06:11:32.209 INFO Train - trainImages: finding encoding of image is done
2022-04-01 06:11:32.209 INFO Train - trainImages: getting average of encodings of loaded images
2022-04-01 06:11:32.209 INFO Train - trainImages: done with getting average encodings
2022-04-01 06:11:32.209 INFO Train - trainImages: storing the name and encoding in local dictionary
2022-04-01 06:11:32.209 INFO Train - trainImages: stored name and encodes in local dictionary
2022-04-01 06:11:32.209 INFO Train - trainImages: storing the name and encodings in mongodb
2022-04-01 06:11:32.210 INFO Train - trainImages: stored all name and encodes in mongodb
2022-04-01 06:11:32.210 INFO Train - trainImages: started loading images and finding their encodings
2022-04-01 06:11:32.210 INFO Train - trainImages: loading image
2022-04-01 06:11:32.211 DEBUG Train - trainImages: /home/vikasjoshis001/Desktop/Gestures/images_to_train/cersie lannister/index3.jpeg
2022-04-01 06:11:32.211 INFO Train - trainImages: loading image done
2022-04-01 06:11:32.211 INFO Train - trainImages: finding the encoding of image
2022-04-01 06:11:32.286 INFO Train - trainImages: finding encoding of image is done
2022-04-01 06:11:32.286 INFO Train - trainImages: loading image
2022-04-01 06:11:32.287 DEBUG Train - trainImages: /home/vikasjoshis001/Desktop/Gestures/images_to_train/cersie lannister/index5.jpeg
2022-04-01 06:11:32.287 INFO Train - trainImages: loading image done
2022-04-01 06:11:32.287 INFO Train - trainImages: finding the encoding of image
2022-04-01 06:11:32.362 INFO Train - trainImages: finding encoding of image is done
2022-04-01 06:11:32.362 INFO Train - trainImages: loading image
2022-04-01 06:11:32.363 DEBUG Train - trainImages: /home/vikasjoshis001/Desktop/Gestures/images_to_train/cersie lannister/index2.jpeg
2022-04-01 06:11:32.363 INFO Train - trainImages: loading image done
2022-04-01 06:11:32.363 INFO Train - trainImages: finding the encoding of image
2022-04-01 06:11:32.440 INFO Train - trainImages: finding encoding of image is done
2022-04-01 06:11:32.440 INFO Train - trainImages: loading image
2022-04-01 06:11:32.441 DEBUG Train - trainImages: /home/vikasjoshis001/Desktop/Gestures/images_to_train/cersie lannister/index4.jpeg
2022-04-01 06:11:32.441 INFO Train - trainImages: loading image done
2022-04-01 06:11:32.441 INFO Train - trainImages: finding the encoding of image
2022-04-01 06:11:32.517 INFO Train - trainImages: finding encoding of image is done
2022-04-01 06:11:32.517 INFO Train - trainImages: getting average of encodings of loaded images
2022-04-01 06:11:32.517 INFO Train - trainImages: done with getting average encodings
2022-04-01 06:11:32.517 INFO Train - trainImages: storing the name and encoding in local dictionary
2022-04-01 06:11:32.517 INFO Train - trainImages: stored name and encodes in local dictionary
2022-04-01 06:11:32.517 INFO Train - trainImages: storing the name and encodings in mongodb
2022-04-01 06:11:32.518 INFO Train - trainImages: stored all name and encodes in mongodb
2022-04-01 06:11:32.518 INFO Train - trainImages: started loading images and finding their encodings
2022-04-01 06:11:32.518 INFO Train - trainImages: loading image
2022-04-01 06:11:32.521 DEBUG Train - trainImages: /home/vikasjoshis001/Desktop/Gestures/images_to_train/Vikas-2022-03-31 13:17:26.260103/Vikas.d18bc824-b0c6-11ec-95c9-353773ec36e1.jpeg
2022-04-01 06:11:32.521 INFO Train - trainImages: loading image done
2022-04-01 06:11:32.521 INFO Train - trainImages: finding the encoding of image
2022-04-01 06:11:32.707 INFO Train - trainImages: finding encoding of image is done
2022-04-01 06:11:32.707 INFO Train - trainImages: loading image
2022-04-01 06:11:32.710 DEBUG Train - trainImages: /home/vikasjoshis001/Desktop/Gestures/images_to_train/Vikas-2022-03-31 13:17:26.260103/Vikas.d056c17b-b0c6-11ec-95c9-353773ec36e1.jpeg
2022-04-01 06:11:32.710 INFO Train - trainImages: loading image done
2022-04-01 06:11:32.710 INFO Train - trainImages: finding the encoding of image
2022-04-01 06:11:32.895 INFO Train - trainImages: finding encoding of image is done
2022-04-01 06:11:32.895 INFO Train - trainImages: loading image
2022-04-01 06:11:32.898 DEBUG Train - trainImages: /home/vikasjoshis001/Desktop/Gestures/images_to_train/Vikas-2022-03-31 13:17:26.260103/Vikas.cf0c4b78-b0c6-11ec-95c9-353773ec36e1.jpeg
2022-04-01 06:11:32.898 INFO Train - trainImages: loading image done
2022-04-01 06:11:32.898 INFO Train - trainImages: finding the encoding of image
2022-04-01 06:11:33.083 INFO Train - trainImages: finding encoding of image is done
2022-04-01 06:11:33.083 INFO Train - trainImages: loading image
2022-04-01 06:11:33.086 DEBUG Train - trainImages: /home/vikasjoshis001/Desktop/Gestures/images_to_train/Vikas-2022-03-31 13:17:26.260103/Vikas.cf0c4b79-b0c6-11ec-95c9-353773ec36e1.jpeg
2022-04-01 06:11:33.086 INFO Train - trainImages: loading image done
2022-04-01 06:11:33.086 INFO Train - trainImages: finding the encoding of image
2022-04-01 06:11:33.268 INFO Train - trainImages: finding encoding of image is done
2022-04-01 06:11:33.268 INFO Train - trainImages: loading image
2022-04-01 06:11:33.271 DEBUG Train - trainImages: /home/vikasjoshis001/Desktop/Gestures/images_to_train/Vikas-2022-03-31 13:17:26.260103/Vikas.d056c17a-b0c6-11ec-95c9-353773ec36e1.jpeg
2022-04-01 06:11:33.271 INFO Train - trainImages: loading image done
2022-04-01 06:11:33.271 INFO Train - trainImages: finding the encoding of image
2022-04-01 06:11:33.453 INFO Train - trainImages: finding encoding of image is done
2022-04-01 06:11:33.454 INFO Train - trainImages: getting average of encodings of loaded images
2022-04-01 06:11:33.454 INFO Train - trainImages: done with getting average encodings
2022-04-01 06:11:33.454 INFO Train - trainImages: storing the name and encoding in local dictionary
2022-04-01 06:11:33.454 INFO Train - trainImages: stored name and encodes in local dictionary
2022-04-01 06:11:33.454 INFO Train - trainImages: storing the name and encodings in mongodb
2022-04-01 06:11:33.455 INFO Train - trainImages: stored all name and encodes in mongodb
2022-04-01 06:11:33.455 INFO Train - trainImages: started loading images and finding their encodings
2022-04-01 06:11:33.455 INFO Train - trainImages: loading image
2022-04-01 06:11:33.456 DEBUG Train - trainImages: /home/vikasjoshis001/Desktop/Gestures/images_to_train/king in the north/index.jpeg
2022-04-01 06:11:33.456 INFO Train - trainImages: loading image done
2022-04-01 06:11:33.456 INFO Train - trainImages: finding the encoding of image
2022-04-01 06:11:33.532 INFO Train - trainImages: finding encoding of image is done
2022-04-01 06:11:33.532 INFO Train - trainImages: loading image
2022-04-01 06:11:33.533 DEBUG Train - trainImages: /home/vikasjoshis001/Desktop/Gestures/images_to_train/king in the north/index3.jpeg
2022-04-01 06:11:33.533 INFO Train - trainImages: loading image done
2022-04-01 06:11:33.533 INFO Train - trainImages: finding the encoding of image
2022-04-01 06:11:33.610 INFO Train - trainImages: finding encoding of image is done
2022-04-01 06:11:33.610 INFO Train - trainImages: loading image
2022-04-01 06:11:33.611 DEBUG Train - trainImages: /home/vikasjoshis001/Desktop/Gestures/images_to_train/king in the north/index5.jpeg
2022-04-01 06:11:33.611 INFO Train - trainImages: loading image done
2022-04-01 06:11:33.611 INFO Train - trainImages: finding the encoding of image
2022-04-01 06:11:33.686 INFO Train - trainImages: finding encoding of image is done
2022-04-01 06:11:33.686 INFO Train - trainImages: loading image
2022-04-01 06:11:33.687 DEBUG Train - trainImages: /home/vikasjoshis001/Desktop/Gestures/images_to_train/king in the north/index2.jpeg
2022-04-01 06:11:33.687 INFO Train - trainImages: loading image done
2022-04-01 06:11:33.687 INFO Train - trainImages: finding the encoding of image
2022-04-01 06:11:33.764 INFO Train - trainImages: finding encoding of image is done
2022-04-01 06:11:33.764 INFO Train - trainImages: loading image
2022-04-01 06:11:33.764 DEBUG Train - trainImages: /home/vikasjoshis001/Desktop/Gestures/images_to_train/king in the north/index4.jpeg
2022-04-01 06:11:33.764 INFO Train - trainImages: loading image done
2022-04-01 06:11:33.764 INFO Train - trainImages: finding the encoding of image
2022-04-01 06:11:33.841 INFO Train - trainImages: finding encoding of image is done
2022-04-01 06:11:33.841 INFO Train - trainImages: getting average of encodings of loaded images
2022-04-01 06:11:33.841 INFO Train - trainImages: done with getting average encodings
2022-04-01 06:11:33.841 INFO Train - trainImages: storing the name and encoding in local dictionary
2022-04-01 06:11:33.841 INFO Train - trainImages: stored name and encodes in local dictionary
2022-04-01 06:11:33.841 INFO Train - trainImages: storing the name and encodings in mongodb
2022-04-01 06:11:33.842 INFO Train - trainImages: stored all name and encodes in mongodb
2022-04-01 06:11:33.842 INFO Train - trainImages: started loading images and finding their encodings
2022-04-01 06:11:33.842 INFO Train - trainImages: loading image
2022-04-01 06:11:33.843 DEBUG Train - trainImages: /home/vikasjoshis001/Desktop/Gestures/images_to_train/UIO-2022-04-01 06:08:24.896094/UIO.0a6d3245-b154-11ec-ae44-cb6983774605.jpeg
2022-04-01 06:11:33.843 INFO Train - trainImages: loading image done
2022-04-01 06:11:33.843 INFO Train - trainImages: finding the encoding of image
2022-04-01 06:11:33.929 INFO Train - trainImages: finding encoding of image is done
2022-04-01 06:11:33.929 INFO Train - trainImages: loading image
2022-04-01 06:11:33.930 DEBUG Train - trainImages: /home/vikasjoshis001/Desktop/Gestures/images_to_train/UIO-2022-04-01 06:08:24.896094/UIO.0bbc7cb9-b154-11ec-ae44-cb6983774605.jpeg
2022-04-01 06:11:33.930 INFO Train - trainImages: loading image done
2022-04-01 06:11:33.930 INFO Train - trainImages: finding the encoding of image
2022-04-01 06:11:34.017 INFO Train - trainImages: finding encoding of image is done
2022-04-01 06:11:34.018 INFO Train - trainImages: loading image
2022-04-01 06:11:34.018 DEBUG Train - trainImages: /home/vikasjoshis001/Desktop/Gestures/images_to_train/UIO-2022-04-01 06:08:24.896094/UIO.0bbc7cb8-b154-11ec-ae44-cb6983774605.jpeg
2022-04-01 06:11:34.019 INFO Train - trainImages: loading image done
2022-04-01 06:11:34.019 INFO Train - trainImages: finding the encoding of image
2022-04-01 06:11:34.107 INFO Train - trainImages: finding encoding of image is done
2022-04-01 06:11:34.107 INFO Train - trainImages: loading image
2022-04-01 06:11:34.108 DEBUG Train - trainImages: /home/vikasjoshis001/Desktop/Gestures/images_to_train/UIO-2022-04-01 06:08:24.896094/UIO.0a6d3244-b154-11ec-ae44-cb6983774605.jpeg
2022-04-01 06:11:34.108 INFO Train - trainImages: loading image done
2022-04-01 06:11:34.108 INFO Train - trainImages: finding the encoding of image
2022-04-01 06:11:34.198 INFO Train - trainImages: finding encoding of image is done
2022-04-01 06:11:34.198 INFO Train - trainImages: loading image
2022-04-01 06:11:34.199 DEBUG Train - trainImages: /home/vikasjoshis001/Desktop/Gestures/images_to_train/UIO-2022-04-01 06:08:24.896094/UIO.0cf136d2-b154-11ec-ae44-cb6983774605.jpeg
2022-04-01 06:11:34.199 INFO Train - trainImages: loading image done
2022-04-01 06:11:34.199 INFO Train - trainImages: finding the encoding of image
2022-04-01 06:11:34.287 INFO Train - trainImages: finding encoding of image is done
2022-04-01 06:11:34.288 INFO Train - trainImages: getting average of encodings of loaded images
2022-04-01 06:11:34.288 INFO Train - trainImages: done with getting average encodings
2022-04-01 06:11:34.288 INFO Train - trainImages: storing the name and encoding in local dictionary
2022-04-01 06:11:34.288 INFO Train - trainImages: stored name and encodes in local dictionary
2022-04-01 06:11:34.288 INFO Train - trainImages: storing the name and encodings in mongodb
2022-04-01 06:11:34.289 INFO Train - trainImages: stored all name and encodes in mongodb
2022-04-01 06:11:34.289 INFO Train - trainImages: started loading images and finding their encodings
2022-04-01 06:11:34.289 INFO Train - trainImages: loading image
2022-04-01 06:11:34.290 DEBUG Train - trainImages: /home/vikasjoshis001/Desktop/Gestures/images_to_train/arya stark/index.jpeg
2022-04-01 06:11:34.290 INFO Train - trainImages: loading image done
2022-04-01 06:11:34.290 INFO Train - trainImages: finding the encoding of image
2022-04-01 06:11:34.372 INFO Train - trainImages: finding encoding of image is done
2022-04-01 06:11:34.372 INFO Train - trainImages: loading image
2022-04-01 06:11:34.373 DEBUG Train - trainImages: /home/vikasjoshis001/Desktop/Gestures/images_to_train/arya stark/index3.jpeg
2022-04-01 06:11:34.373 INFO Train - trainImages: loading image done
2022-04-01 06:11:34.373 INFO Train - trainImages: finding the encoding of image
2022-04-01 06:11:34.452 INFO Train - trainImages: finding encoding of image is done
2022-04-01 06:11:34.452 INFO Train - trainImages: loading image
2022-04-01 06:11:34.453 DEBUG Train - trainImages: /home/vikasjoshis001/Desktop/Gestures/images_to_train/arya stark/index5.jpeg
2022-04-01 06:11:34.453 INFO Train - trainImages: loading image done
2022-04-01 06:11:34.453 INFO Train - trainImages: finding the encoding of image
2022-04-01 06:11:34.533 INFO Train - trainImages: finding encoding of image is done
2022-04-01 06:11:34.533 INFO Train - trainImages: loading image
2022-04-01 06:11:34.534 DEBUG Train - trainImages: /home/vikasjoshis001/Desktop/Gestures/images_to_train/arya stark/index2.jpeg
2022-04-01 06:11:34.534 INFO Train - trainImages: loading image done
2022-04-01 06:11:34.534 INFO Train - trainImages: finding the encoding of image
2022-04-01 06:11:34.610 INFO Train - trainImages: finding encoding of image is done
2022-04-01 06:11:34.611 INFO Train - trainImages: loading image
2022-04-01 06:11:34.611 DEBUG Train - trainImages: /home/vikasjoshis001/Desktop/Gestures/images_to_train/arya stark/images4.jpeg
2022-04-01 06:11:34.611 INFO Train - trainImages: loading image done
2022-04-01 06:11:34.611 INFO Train - trainImages: finding the encoding of image
2022-04-01 06:11:34.690 INFO Train - trainImages: finding encoding of image is done
2022-04-01 06:11:34.691 INFO Train - trainImages: getting average of encodings of loaded images
2022-04-01 06:11:34.691 INFO Train - trainImages: done with getting average encodings
2022-04-01 06:11:34.691 INFO Train - trainImages: storing the name and encoding in local dictionary
2022-04-01 06:11:34.691 INFO Train - trainImages: stored name and encodes in local dictionary
2022-04-01 06:11:34.691 INFO Train - trainImages: storing the name and encodings in mongodb
2022-04-01 06:11:34.692 INFO Train - trainImages: stored all name and encodes in mongodb
