2022-11-12 19:39:02.014 INFO train - <module>: MongoDB database connected successfully
2022-11-12 19:39:02.015 INFO train - <module>: collected all folders in known_people folder
2022-11-12 19:39:02.016 DEBUG train - <module>: ['cersie lannister', 'tyrion lannister', 'denerys targeryan', 'king in the north', 'Vikas-2022-11-12 18:46:44.426386', 'arya stark']
2022-11-12 19:39:02.016 INFO train - <module>: collected all images from all folders in known_people folder
2022-11-12 19:39:02.016 DEBUG train - <module>: [['/home/vikasjoshis001/Files/Projects/My_Projects/Gestures/images_to_train/cersie lannister/index2.jpeg', '/home/vikasjoshis001/Files/Projects/My_Projects/Gestures/images_to_train/cersie lannister/index5.jpeg', '/home/vikasjoshis001/Files/Projects/My_Projects/Gestures/images_to_train/cersie lannister/index4.jpeg', '/home/vikasjoshis001/Files/Projects/My_Projects/Gestures/images_to_train/cersie lannister/index3.jpeg'], ['/home/vikasjoshis001/Files/Projects/My_Projects/Gestures/images_to_train/tyrion lannister/index2.jpeg', '/home/vikasjoshis001/Files/Projects/My_Projects/Gestures/images_to_train/tyrion lannister/index4.jpeg', '/home/vikasjoshis001/Files/Projects/My_Projects/Gestures/images_to_train/tyrion lannister/index1.jpeg', '/home/vikasjoshis001/Files/Projects/My_Projects/Gestures/images_to_train/tyrion lannister/index3.jpeg', '/home/vikasjoshis001/Files/Projects/My_Projects/Gestures/images_to_train/tyrion lannister/images5.jpeg'], ['/home/vikasjoshis001/Files/Projects/My_Projects/Gestures/images_to_train/denerys targeryan/index2.jpeg', '/home/vikasjoshis001/Files/Projects/My_Projects/Gestures/images_to_train/denerys targeryan/index5.jpeg', '/home/vikasjoshis001/Files/Projects/My_Projects/Gestures/images_to_train/denerys targeryan/index4.jpeg', '/home/vikasjoshis001/Files/Projects/My_Projects/Gestures/images_to_train/denerys targeryan/index1.jpeg', '/home/vikasjoshis001/Files/Projects/My_Projects/Gestures/images_to_train/denerys targeryan/index3.jpeg'], ['/home/vikasjoshis001/Files/Projects/My_Projects/Gestures/images_to_train/king in the north/index2.jpeg', '/home/vikasjoshis001/Files/Projects/My_Projects/Gestures/images_to_train/king in the north/index5.jpeg', '/home/vikasjoshis001/Files/Projects/My_Projects/Gestures/images_to_train/king in the north/index4.jpeg', '/home/vikasjoshis001/Files/Projects/My_Projects/Gestures/images_to_train/king in the north/index3.jpeg', '/home/vikasjoshis001/Files/Projects/My_Projects/Gestures/images_to_train/king in the north/index.jpeg'], [], ['/home/vikasjoshis001/Files/Projects/My_Projects/Gestures/images_to_train/arya stark/images4.jpeg', '/home/vikasjoshis001/Files/Projects/My_Projects/Gestures/images_to_train/arya stark/index2.jpeg', '/home/vikasjoshis001/Files/Projects/My_Projects/Gestures/images_to_train/arya stark/index5.jpeg', '/home/vikasjoshis001/Files/Projects/My_Projects/Gestures/images_to_train/arya stark/index3.jpeg', '/home/vikasjoshis001/Files/Projects/My_Projects/Gestures/images_to_train/arya stark/index.jpeg']]
2022-11-12 19:39:02.016 INFO train - <module>: started loading images and finding their encodings
2022-11-12 19:39:02.016 INFO train - <module>: loading image
2022-11-12 19:39:02.021 DEBUG train - <module>: /home/vikasjoshis001/Files/Projects/My_Projects/Gestures/images_to_train/cersie lannister/index2.jpeg
2022-11-12 19:39:02.021 INFO train - <module>: loading image done
2022-11-12 19:39:02.022 INFO train - <module>: finding the encoding of image
2022-11-12 19:39:02.144 INFO train - <module>: finding encoding of image is done
2022-11-12 19:39:02.144 INFO train - <module>: loading image
2022-11-12 19:39:02.144 DEBUG train - <module>: /home/vikasjoshis001/Files/Projects/My_Projects/Gestures/images_to_train/cersie lannister/index5.jpeg
2022-11-12 19:39:02.144 INFO train - <module>: loading image done
2022-11-12 19:39:02.145 INFO train - <module>: finding the encoding of image
2022-11-12 19:39:02.265 INFO train - <module>: finding encoding of image is done
2022-11-12 19:39:02.265 INFO train - <module>: loading image
2022-11-12 19:39:02.266 DEBUG train - <module>: /home/vikasjoshis001/Files/Projects/My_Projects/Gestures/images_to_train/cersie lannister/index4.jpeg
2022-11-12 19:39:02.266 INFO train - <module>: loading image done
2022-11-12 19:39:02.266 INFO train - <module>: finding the encoding of image
2022-11-12 19:39:02.387 INFO train - <module>: finding encoding of image is done
2022-11-12 19:39:02.388 INFO train - <module>: loading image
2022-11-12 19:39:02.388 DEBUG train - <module>: /home/vikasjoshis001/Files/Projects/My_Projects/Gestures/images_to_train/cersie lannister/index3.jpeg
2022-11-12 19:39:02.388 INFO train - <module>: loading image done
2022-11-12 19:39:02.388 INFO train - <module>: finding the encoding of image
2022-11-12 19:39:02.507 INFO train - <module>: finding encoding of image is done
2022-11-12 19:39:02.507 INFO train - <module>: getting average of encodings of loaded images
2022-11-12 19:39:02.508 INFO train - <module>: done with getting average encodings
2022-11-12 19:39:02.508 INFO train - <module>: storing the name and encoding in local dictionary
2022-11-12 19:39:02.508 INFO train - <module>: stored name and encodes in local dictionary
2022-11-12 19:39:02.508 INFO train - <module>: storing the name and encodings in mongodb
2022-11-12 19:39:02.509 INFO train - <module>: stored all name and encodes in mongodb
2022-11-12 19:39:02.510 INFO train - <module>: started loading images and finding their encodings
2022-11-12 19:39:02.510 INFO train - <module>: loading image
2022-11-12 19:39:02.510 DEBUG train - <module>: /home/vikasjoshis001/Files/Projects/My_Projects/Gestures/images_to_train/tyrion lannister/index2.jpeg
2022-11-12 19:39:02.510 INFO train - <module>: loading image done
2022-11-12 19:39:02.510 INFO train - <module>: finding the encoding of image
2022-11-12 19:39:02.655 INFO train - <module>: finding encoding of image is done
2022-11-12 19:39:02.655 INFO train - <module>: loading image
2022-11-12 19:39:02.656 DEBUG train - <module>: /home/vikasjoshis001/Files/Projects/My_Projects/Gestures/images_to_train/tyrion lannister/index4.jpeg
2022-11-12 19:39:02.656 INFO train - <module>: loading image done
2022-11-12 19:39:02.656 INFO train - <module>: finding the encoding of image
2022-11-12 19:39:02.777 INFO train - <module>: finding encoding of image is done
2022-11-12 19:39:02.777 INFO train - <module>: loading image
2022-11-12 19:39:02.777 DEBUG train - <module>: /home/vikasjoshis001/Files/Projects/My_Projects/Gestures/images_to_train/tyrion lannister/index1.jpeg
2022-11-12 19:39:02.777 INFO train - <module>: loading image done
2022-11-12 19:39:02.777 INFO train - <module>: finding the encoding of image
2022-11-12 19:39:02.899 INFO train - <module>: finding encoding of image is done
2022-11-12 19:39:02.899 INFO train - <module>: loading image
2022-11-12 19:39:02.900 DEBUG train - <module>: /home/vikasjoshis001/Files/Projects/My_Projects/Gestures/images_to_train/tyrion lannister/index3.jpeg
2022-11-12 19:39:02.900 INFO train - <module>: loading image done
2022-11-12 19:39:02.900 INFO train - <module>: finding the encoding of image
2022-11-12 19:39:03.022 INFO train - <module>: finding encoding of image is done
2022-11-12 19:39:03.023 INFO train - <module>: loading image
2022-11-12 19:39:03.023 DEBUG train - <module>: /home/vikasjoshis001/Files/Projects/My_Projects/Gestures/images_to_train/tyrion lannister/images5.jpeg
2022-11-12 19:39:03.023 INFO train - <module>: loading image done
2022-11-12 19:39:03.023 INFO train - <module>: finding the encoding of image
2022-11-12 19:39:03.148 INFO train - <module>: finding encoding of image is done
2022-11-12 19:39:03.148 INFO train - <module>: getting average of encodings of loaded images
2022-11-12 19:39:03.148 INFO train - <module>: done with getting average encodings
2022-11-12 19:39:03.148 INFO train - <module>: storing the name and encoding in local dictionary
2022-11-12 19:39:03.148 INFO train - <module>: stored name and encodes in local dictionary
2022-11-12 19:39:03.148 INFO train - <module>: storing the name and encodings in mongodb
2022-11-12 19:39:03.149 INFO train - <module>: stored all name and encodes in mongodb
2022-11-12 19:39:03.149 INFO train - <module>: started loading images and finding their encodings
2022-11-12 19:39:03.149 INFO train - <module>: loading image
2022-11-12 19:39:03.150 DEBUG train - <module>: /home/vikasjoshis001/Files/Projects/My_Projects/Gestures/images_to_train/denerys targeryan/index2.jpeg
2022-11-12 19:39:03.150 INFO train - <module>: loading image done
2022-11-12 19:39:03.150 INFO train - <module>: finding the encoding of image
2022-11-12 19:39:03.278 INFO train - <module>: finding encoding of image is done
2022-11-12 19:39:03.278 INFO train - <module>: loading image
2022-11-12 19:39:03.279 DEBUG train - <module>: /home/vikasjoshis001/Files/Projects/My_Projects/Gestures/images_to_train/denerys targeryan/index5.jpeg
2022-11-12 19:39:03.279 INFO train - <module>: loading image done
2022-11-12 19:39:03.279 INFO train - <module>: finding the encoding of image
2022-11-12 19:39:03.402 INFO train - <module>: finding encoding of image is done
2022-11-12 19:39:03.402 INFO train - <module>: loading image
2022-11-12 19:39:03.402 DEBUG train - <module>: /home/vikasjoshis001/Files/Projects/My_Projects/Gestures/images_to_train/denerys targeryan/index4.jpeg
2022-11-12 19:39:03.402 INFO train - <module>: loading image done
2022-11-12 19:39:03.402 INFO train - <module>: finding the encoding of image
2022-11-12 19:39:03.532 INFO train - <module>: finding encoding of image is done
2022-11-12 19:39:03.532 INFO train - <module>: loading image
2022-11-12 19:39:03.532 DEBUG train - <module>: /home/vikasjoshis001/Files/Projects/My_Projects/Gestures/images_to_train/denerys targeryan/index1.jpeg
2022-11-12 19:39:03.532 INFO train - <module>: loading image done
2022-11-12 19:39:03.532 INFO train - <module>: finding the encoding of image
2022-11-12 19:39:03.655 INFO train - <module>: finding encoding of image is done
2022-11-12 19:39:03.655 INFO train - <module>: loading image
2022-11-12 19:39:03.656 DEBUG train - <module>: /home/vikasjoshis001/Files/Projects/My_Projects/Gestures/images_to_train/denerys targeryan/index3.jpeg
2022-11-12 19:39:03.656 INFO train - <module>: loading image done
2022-11-12 19:39:03.656 INFO train - <module>: finding the encoding of image
2022-11-12 19:39:03.779 INFO train - <module>: finding encoding of image is done
2022-11-12 19:39:03.779 INFO train - <module>: getting average of encodings of loaded images
2022-11-12 19:39:03.779 INFO train - <module>: done with getting average encodings
2022-11-12 19:39:03.779 INFO train - <module>: storing the name and encoding in local dictionary
2022-11-12 19:39:03.780 INFO train - <module>: stored name and encodes in local dictionary
2022-11-12 19:39:03.780 INFO train - <module>: storing the name and encodings in mongodb
2022-11-12 19:39:03.780 INFO train - <module>: stored all name and encodes in mongodb
2022-11-12 19:39:03.781 INFO train - <module>: started loading images and finding their encodings
2022-11-12 19:39:03.781 INFO train - <module>: loading image
2022-11-12 19:39:03.781 DEBUG train - <module>: /home/vikasjoshis001/Files/Projects/My_Projects/Gestures/images_to_train/king in the north/index2.jpeg
2022-11-12 19:39:03.781 INFO train - <module>: loading image done
2022-11-12 19:39:03.781 INFO train - <module>: finding the encoding of image
2022-11-12 19:39:03.902 INFO train - <module>: finding encoding of image is done
2022-11-12 19:39:03.902 INFO train - <module>: loading image
2022-11-12 19:39:03.903 DEBUG train - <module>: /home/vikasjoshis001/Files/Projects/My_Projects/Gestures/images_to_train/king in the north/index5.jpeg
2022-11-12 19:39:03.903 INFO train - <module>: loading image done
2022-11-12 19:39:03.903 INFO train - <module>: finding the encoding of image
2022-11-12 19:39:04.025 INFO train - <module>: finding encoding of image is done
2022-11-12 19:39:04.025 INFO train - <module>: loading image
2022-11-12 19:39:04.026 DEBUG train - <module>: /home/vikasjoshis001/Files/Projects/My_Projects/Gestures/images_to_train/king in the north/index4.jpeg
2022-11-12 19:39:04.026 INFO train - <module>: loading image done
2022-11-12 19:39:04.026 INFO train - <module>: finding the encoding of image
2022-11-12 19:39:04.151 INFO train - <module>: finding encoding of image is done
2022-11-12 19:39:04.151 INFO train - <module>: loading image
2022-11-12 19:39:04.151 DEBUG train - <module>: /home/vikasjoshis001/Files/Projects/My_Projects/Gestures/images_to_train/king in the north/index3.jpeg
2022-11-12 19:39:04.151 INFO train - <module>: loading image done
2022-11-12 19:39:04.151 INFO train - <module>: finding the encoding of image
2022-11-12 19:39:04.276 INFO train - <module>: finding encoding of image is done
2022-11-12 19:39:04.277 INFO train - <module>: loading image
2022-11-12 19:39:04.277 DEBUG train - <module>: /home/vikasjoshis001/Files/Projects/My_Projects/Gestures/images_to_train/king in the north/index.jpeg
2022-11-12 19:39:04.277 INFO train - <module>: loading image done
2022-11-12 19:39:04.277 INFO train - <module>: finding the encoding of image
2022-11-12 19:39:04.404 INFO train - <module>: finding encoding of image is done
2022-11-12 19:39:04.404 INFO train - <module>: getting average of encodings of loaded images
2022-11-12 19:39:04.405 INFO train - <module>: done with getting average encodings
2022-11-12 19:39:04.405 INFO train - <module>: storing the name and encoding in local dictionary
2022-11-12 19:39:04.405 INFO train - <module>: stored name and encodes in local dictionary
2022-11-12 19:39:04.405 INFO train - <module>: storing the name and encodings in mongodb
2022-11-12 19:39:04.406 INFO train - <module>: stored all name and encodes in mongodb
2022-11-12 19:39:04.406 DEBUG train - <module>: Vikas-2022-11-12 18:46:44.426386
2022-11-12 19:39:04.406 ERROR train - <module>: above folder is empty with no images
2022-11-12 19:39:04.406 INFO train - <module>: exiting the program with no updates in training
