2022-04-01 04:39:23.677 INFO Train - trainImages: MongoDB database connected successfully
2022-04-01 04:39:23.680 INFO Train - trainImages: collected all folders in known_people folder
2022-04-01 04:39:23.680 DEBUG Train - trainImages: ['FSRG-2022-03-31 21:45:46.139376', 'tyrion lannister', 'CFG-2022-04-01 04:39:09.597251', 'denerys targeryan', 'Fe-2022-03-31 21:29:28.266217', 'xvfgb-2022-03-31 21:35:53.865947', 'vi-2022-03-31 15:41:30.461338', 'ws-2022-03-31 21:31:10.432193', 'FHTFH-2022-03-31 21:46:46.208323', 'CD-2022-03-31 21:46:08.063035', 'cersie lannister', 'Vikas-2022-03-31 13:17:26.260103', 'king in the north', 'vxbvcb-2022-03-31 21:35:34.604041', 'htfjuykj-2022-03-31 21:39:07.212646', 'arya stark', 'cdgf-2022-03-31 21:36:27.346228', 'CDSGFRF-2022-03-31 21:43:47.409374', 'hfjghjk-2022-03-31 21:42:10.265917', 'hbdhjvbxbh-2022-03-31 13:55:24.952640', 'Hello-2022-03-31 21:24:36.282713', 'VDFGBFD-2022-03-31 21:43:20.375870', 'fdfds-2022-03-31 21:32:12.815087']
2022-04-01 04:39:23.682 INFO Train - trainImages: collected all images from all folders in known_people folder
2022-04-01 04:39:23.683 DEBUG Train - trainImages: [['/home/vikasjoshis001/Desktop/Gestures/images_to_train/FSRG-2022-03-31 21:45:46.139376/FSRG.d3b1a0c8-b10d-11ec-9ef1-cb4f7634f54e.jpeg', '/home/vikasjoshis001/Desktop/Gestures/images_to_train/FSRG-2022-03-31 21:45:46.139376/FSRG.d268f0e0-b10d-11ec-9ef1-cb4f7634f54e.jpeg', '/home/vikasjoshis001/Desktop/Gestures/images_to_train/FSRG-2022-03-31 21:45:46.139376/FSRG.d268f0e1-b10d-11ec-9ef1-cb4f7634f54e.jpeg', '/home/vikasjoshis001/Desktop/Gestures/images_to_train/FSRG-2022-03-31 21:45:46.139376/FSRG.d3b1a0c9-b10d-11ec-9ef1-cb4f7634f54e.jpeg', '/home/vikasjoshis001/Desktop/Gestures/images_to_train/FSRG-2022-03-31 21:45:46.139376/FSRG.d4e6ac90-b10d-11ec-9ef1-cb4f7634f54e.jpeg'], ['/home/vikasjoshis001/Desktop/Gestures/images_to_train/tyrion lannister/images5.jpeg', '/home/vikasjoshis001/Desktop/Gestures/images_to_train/tyrion lannister/index3.jpeg', '/home/vikasjoshis001/Desktop/Gestures/images_to_train/tyrion lannister/index1.jpeg', '/home/vikasjoshis001/Desktop/Gestures/images_to_train/tyrion lannister/index2.jpeg', '/home/vikasjoshis001/Desktop/Gestures/images_to_train/tyrion lannister/index4.jpeg'], ['/home/vikasjoshis001/Desktop/Gestures/images_to_train/CFG-2022-04-01 04:39:09.597251/CFG.94a3e744-b147-11ec-ae44-cb6983774605.jpeg', '/home/vikasjoshis001/Desktop/Gestures/images_to_train/CFG-2022-04-01 04:39:09.597251/CFG.928d2e20-b147-11ec-ae44-cb6983774605.jpeg', '/home/vikasjoshis001/Desktop/Gestures/images_to_train/CFG-2022-04-01 04:39:09.597251/CFG.95d7727b-b147-11ec-ae44-cb6983774605.jpeg', '/home/vikasjoshis001/Desktop/Gestures/images_to_train/CFG-2022-04-01 04:39:09.597251/CFG.94a3e745-b147-11ec-ae44-cb6983774605.jpeg', '/home/vikasjoshis001/Desktop/Gestures/images_to_train/CFG-2022-04-01 04:39:09.597251/CFG.95d7727a-b147-11ec-ae44-cb6983774605.jpeg'], ['/home/vikasjoshis001/Desktop/Gestures/images_to_train/denerys targeryan/index3.jpeg', '/home/vikasjoshis001/Desktop/Gestures/images_to_train/denerys targeryan/index5.jpeg', '/home/vikasjoshis001/Desktop/Gestures/images_to_train/denerys targeryan/index1.jpeg', '/home/vikasjoshis001/Desktop/Gestures/images_to_train/denerys targeryan/index2.jpeg', '/home/vikasjoshis001/Desktop/Gestures/images_to_train/denerys targeryan/index4.jpeg'], [], ['/home/vikasjoshis001/Desktop/Gestures/images_to_train/xvfgb-2022-03-31 21:35:53.865947/xvfgb.73ed539a-b10c-11ec-9ef1-cb4f7634f54e.jpeg', '/home/vikasjoshis001/Desktop/Gestures/images_to_train/xvfgb-2022-03-31 21:35:53.865947/xvfgb.72ba2674-b10c-11ec-9ef1-cb4f7634f54e.jpeg', '/home/vikasjoshis001/Desktop/Gestures/images_to_train/xvfgb-2022-03-31 21:35:53.865947/xvfgb.72ba2675-b10c-11ec-9ef1-cb4f7634f54e.jpeg', '/home/vikasjoshis001/Desktop/Gestures/images_to_train/xvfgb-2022-03-31 21:35:53.865947/xvfgb.7162adb5-b10c-11ec-9ef1-cb4f7634f54e.jpeg', '/home/vikasjoshis001/Desktop/Gestures/images_to_train/xvfgb-2022-03-31 21:35:53.865947/xvfgb.7162adb4-b10c-11ec-9ef1-cb4f7634f54e.jpeg'], ['/home/vikasjoshis001/Desktop/Gestures/images_to_train/vi-2022-03-31 15:41:30.461338/vi.f0661862-b0da-11ec-95c9-353773ec36e1.jpeg', '/home/vikasjoshis001/Desktop/Gestures/images_to_train/vi-2022-03-31 15:41:30.461338/vi.f19f811e-b0da-11ec-95c9-353773ec36e1.jpeg', '/home/vikasjoshis001/Desktop/Gestures/images_to_train/vi-2022-03-31 15:41:30.461338/vi.ef6445f6-b0da-11ec-95c9-353773ec36e1.jpeg', '/home/vikasjoshis001/Desktop/Gestures/images_to_train/vi-2022-03-31 15:41:30.461338/vi.f0661863-b0da-11ec-95c9-353773ec36e1.jpeg', '/home/vikasjoshis001/Desktop/Gestures/images_to_train/vi-2022-03-31 15:41:30.461338/vi.f19f811f-b0da-11ec-95c9-353773ec36e1.jpeg'], [], ['/home/vikasjoshis001/Desktop/Gestures/images_to_train/FHTFH-2022-03-31 21:46:46.208323/FHTFH.f7822ce8-b10d-11ec-9ef1-cb4f7634f54e.jpeg', '/home/vikasjoshis001/Desktop/Gestures/images_to_train/FHTFH-2022-03-31 21:46:46.208323/FHTFH.f7822ce9-b10d-11ec-9ef1-cb4f7634f54e.jpeg', '/home/vikasjoshis001/Desktop/Gestures/images_to_train/FHTFH-2022-03-31 21:46:46.208323/FHTFH.f8b6eec8-b10d-11ec-9ef1-cb4f7634f54e.jpeg', '/home/vikasjoshis001/Desktop/Gestures/images_to_train/FHTFH-2022-03-31 21:46:46.208323/FHTFH.f636c1d3-b10d-11ec-9ef1-cb4f7634f54e.jpeg', '/home/vikasjoshis001/Desktop/Gestures/images_to_train/FHTFH-2022-03-31 21:46:46.208323/FHTFH.f636c1d2-b10d-11ec-9ef1-cb4f7634f54e.jpeg'], ['/home/vikasjoshis001/Desktop/Gestures/images_to_train/CD-2022-03-31 21:46:08.063035/CD.df7a12e6-b10d-11ec-9ef1-cb4f7634f54e.jpeg', '/home/vikasjoshis001/Desktop/Gestures/images_to_train/CD-2022-03-31 21:46:08.063035/CD.e0c36897-b10d-11ec-9ef1-cb4f7634f54e.jpeg', '/home/vikasjoshis001/Desktop/Gestures/images_to_train/CD-2022-03-31 21:46:08.063035/CD.e1f89682-b10d-11ec-9ef1-cb4f7634f54e.jpeg', '/home/vikasjoshis001/Desktop/Gestures/images_to_train/CD-2022-03-31 21:46:08.063035/CD.df7a12e7-b10d-11ec-9ef1-cb4f7634f54e.jpeg', '/home/vikasjoshis001/Desktop/Gestures/images_to_train/CD-2022-03-31 21:46:08.063035/CD.e0c36896-b10d-11ec-9ef1-cb4f7634f54e.jpeg'], ['/home/vikasjoshis001/Desktop/Gestures/images_to_train/cersie lannister/index3.jpeg', '/home/vikasjoshis001/Desktop/Gestures/images_to_train/cersie lannister/index5.jpeg', '/home/vikasjoshis001/Desktop/Gestures/images_to_train/cersie lannister/index2.jpeg', '/home/vikasjoshis001/Desktop/Gestures/images_to_train/cersie lannister/index4.jpeg'], ['/home/vikasjoshis001/Desktop/Gestures/images_to_train/Vikas-2022-03-31 13:17:26.260103/Vikas.d18bc824-b0c6-11ec-95c9-353773ec36e1.jpeg', '/home/vikasjoshis001/Desktop/Gestures/images_to_train/Vikas-2022-03-31 13:17:26.260103/Vikas.d056c17b-b0c6-11ec-95c9-353773ec36e1.jpeg', '/home/vikasjoshis001/Desktop/Gestures/images_to_train/Vikas-2022-03-31 13:17:26.260103/Vikas.cf0c4b78-b0c6-11ec-95c9-353773ec36e1.jpeg', '/home/vikasjoshis001/Desktop/Gestures/images_to_train/Vikas-2022-03-31 13:17:26.260103/Vikas.cf0c4b79-b0c6-11ec-95c9-353773ec36e1.jpeg', '/home/vikasjoshis001/Desktop/Gestures/images_to_train/Vikas-2022-03-31 13:17:26.260103/Vikas.d056c17a-b0c6-11ec-95c9-353773ec36e1.jpeg'], ['/home/vikasjoshis001/Desktop/Gestures/images_to_train/king in the north/index.jpeg', '/home/vikasjoshis001/Desktop/Gestures/images_to_train/king in the north/index3.jpeg', '/home/vikasjoshis001/Desktop/Gestures/images_to_train/king in the north/index5.jpeg', '/home/vikasjoshis001/Desktop/Gestures/images_to_train/king in the north/index2.jpeg', '/home/vikasjoshis001/Desktop/Gestures/images_to_train/king in the north/index4.jpeg'], [], ['/home/vikasjoshis001/Desktop/Gestures/images_to_train/htfjuykj-2022-03-31 21:39:07.212646/htfjuykj.e72bd3a4-b10c-11ec-9ef1-cb4f7634f54e.jpeg', '/home/vikasjoshis001/Desktop/Gestures/images_to_train/htfjuykj-2022-03-31 21:39:07.212646/htfjuykj.e5f7207f-b10c-11ec-9ef1-cb4f7634f54e.jpeg', '/home/vikasjoshis001/Desktop/Gestures/images_to_train/htfjuykj-2022-03-31 21:39:07.212646/htfjuykj.e5f7207e-b10c-11ec-9ef1-cb4f7634f54e.jpeg', '/home/vikasjoshis001/Desktop/Gestures/images_to_train/htfjuykj-2022-03-31 21:39:07.212646/htfjuykj.e4a12167-b10c-11ec-9ef1-cb4f7634f54e.jpeg', '/home/vikasjoshis001/Desktop/Gestures/images_to_train/htfjuykj-2022-03-31 21:39:07.212646/htfjuykj.e4a12166-b10c-11ec-9ef1-cb4f7634f54e.jpeg'], ['/home/vikasjoshis001/Desktop/Gestures/images_to_train/arya stark/index.jpeg', '/home/vikasjoshis001/Desktop/Gestures/images_to_train/arya stark/index3.jpeg', '/home/vikasjoshis001/Desktop/Gestures/images_to_train/arya stark/index5.jpeg', '/home/vikasjoshis001/Desktop/Gestures/images_to_train/arya stark/index2.jpeg', '/home/vikasjoshis001/Desktop/Gestures/images_to_train/arya stark/images4.jpeg'], ['/home/vikasjoshis001/Desktop/Gestures/images_to_train/cdgf-2022-03-31 21:36:27.346228/cdgf.85578c72-b10c-11ec-9ef1-cb4f7634f54e.jpeg', '/home/vikasjoshis001/Desktop/Gestures/images_to_train/cdgf-2022-03-31 21:36:27.346228/cdgf.87d815f2-b10c-11ec-9ef1-cb4f7634f54e.jpeg', '/home/vikasjoshis001/Desktop/Gestures/images_to_train/cdgf-2022-03-31 21:36:27.346228/cdgf.85578c73-b10c-11ec-9ef1-cb4f7634f54e.jpeg', '/home/vikasjoshis001/Desktop/Gestures/images_to_train/cdgf-2022-03-31 21:36:27.346228/cdgf.86a3b421-b10c-11ec-9ef1-cb4f7634f54e.jpeg', '/home/vikasjoshis001/Desktop/Gestures/images_to_train/cdgf-2022-03-31 21:36:27.346228/cdgf.86a3b420-b10c-11ec-9ef1-cb4f7634f54e.jpeg'], ['/home/vikasjoshis001/Desktop/Gestures/images_to_train/CDSGFRF-2022-03-31 21:43:47.409374/CDSGFRF.8cf119f2-b10d-11ec-9ef1-cb4f7634f54e.jpeg', '/home/vikasjoshis001/Desktop/Gestures/images_to_train/CDSGFRF-2022-03-31 21:43:47.409374/CDSGFRF.8ba3c96f-b10d-11ec-9ef1-cb4f7634f54e.jpeg', '/home/vikasjoshis001/Desktop/Gestures/images_to_train/CDSGFRF-2022-03-31 21:43:47.409374/CDSGFRF.8cf119f3-b10d-11ec-9ef1-cb4f7634f54e.jpeg', '/home/vikasjoshis001/Desktop/Gestures/images_to_train/CDSGFRF-2022-03-31 21:43:47.409374/CDSGFRF.8ba3c96e-b10d-11ec-9ef1-cb4f7634f54e.jpeg', '/home/vikasjoshis001/Desktop/Gestures/images_to_train/CDSGFRF-2022-03-31 21:43:47.409374/CDSGFRF.8e261750-b10d-11ec-9ef1-cb4f7634f54e.jpeg'], ['/home/vikasjoshis001/Desktop/Gestures/images_to_train/hfjghjk-2022-03-31 21:42:10.265917/hfjghjk.51bcb918-b10d-11ec-9ef1-cb4f7634f54e.jpeg', '/home/vikasjoshis001/Desktop/Gestures/images_to_train/hfjghjk-2022-03-31 21:42:10.265917/hfjghjk.543d4090-b10d-11ec-9ef1-cb4f7634f54e.jpeg', '/home/vikasjoshis001/Desktop/Gestures/images_to_train/hfjghjk-2022-03-31 21:42:10.265917/hfjghjk.5307cb14-b10d-11ec-9ef1-cb4f7634f54e.jpeg', '/home/vikasjoshis001/Desktop/Gestures/images_to_train/hfjghjk-2022-03-31 21:42:10.265917/hfjghjk.5307cb15-b10d-11ec-9ef1-cb4f7634f54e.jpeg', '/home/vikasjoshis001/Desktop/Gestures/images_to_train/hfjghjk-2022-03-31 21:42:10.265917/hfjghjk.51bcb919-b10d-11ec-9ef1-cb4f7634f54e.jpeg'], ['/home/vikasjoshis001/Desktop/Gestures/images_to_train/hbdhjvbxbh-2022-03-31 13:55:24.952640/hbdhjvbxbh.1fc00190-b0cc-11ec-95c9-353773ec36e1.jpeg', '/home/vikasjoshis001/Desktop/Gestures/images_to_train/hbdhjvbxbh-2022-03-31 13:55:24.952640/hbdhjvbxbh.1d3f745b-b0cc-11ec-95c9-353773ec36e1.jpeg', '/home/vikasjoshis001/Desktop/Gestures/images_to_train/hbdhjvbxbh-2022-03-31 13:55:24.952640/hbdhjvbxbh.1e898a3b-b0cc-11ec-95c9-353773ec36e1.jpeg', '/home/vikasjoshis001/Desktop/Gestures/images_to_train/hbdhjvbxbh-2022-03-31 13:55:24.952640/hbdhjvbxbh.1e898a3a-b0cc-11ec-95c9-353773ec36e1.jpeg', '/home/vikasjoshis001/Desktop/Gestures/images_to_train/hbdhjvbxbh-2022-03-31 13:55:24.952640/hbdhjvbxbh.1d3f745a-b0cc-11ec-95c9-353773ec36e1.jpeg'], ['/home/vikasjoshis001/Desktop/Gestures/images_to_train/Hello-2022-03-31 21:24:36.282713/Hello.e06c311f-b10a-11ec-9ef1-cb4f7634f54e.jpeg', '/home/vikasjoshis001/Desktop/Gestures/images_to_train/Hello-2022-03-31 21:24:36.282713/Hello.dd908b34-b10a-11ec-9ef1-cb4f7634f54e.jpeg', '/home/vikasjoshis001/Desktop/Gestures/images_to_train/Hello-2022-03-31 21:24:36.282713/Hello.df350b72-b10a-11ec-9ef1-cb4f7634f54e.jpeg', '/home/vikasjoshis001/Desktop/Gestures/images_to_train/Hello-2022-03-31 21:24:36.282713/Hello.e06c311e-b10a-11ec-9ef1-cb4f7634f54e.jpeg', '/home/vikasjoshis001/Desktop/Gestures/images_to_train/Hello-2022-03-31 21:24:36.282713/Hello.df350b73-b10a-11ec-9ef1-cb4f7634f54e.jpeg'], ['/home/vikasjoshis001/Desktop/Gestures/images_to_train/VDFGBFD-2022-03-31 21:43:20.375870/VDFGBFD.7b868581-b10d-11ec-9ef1-cb4f7634f54e.jpeg', '/home/vikasjoshis001/Desktop/Gestures/images_to_train/VDFGBFD-2022-03-31 21:43:20.375870/VDFGBFD.7cd0ff6a-b10d-11ec-9ef1-cb4f7634f54e.jpeg', '/home/vikasjoshis001/Desktop/Gestures/images_to_train/VDFGBFD-2022-03-31 21:43:20.375870/VDFGBFD.7cd0ff6b-b10d-11ec-9ef1-cb4f7634f54e.jpeg', '/home/vikasjoshis001/Desktop/Gestures/images_to_train/VDFGBFD-2022-03-31 21:43:20.375870/VDFGBFD.7e0657cc-b10d-11ec-9ef1-cb4f7634f54e.jpeg', '/home/vikasjoshis001/Desktop/Gestures/images_to_train/VDFGBFD-2022-03-31 21:43:20.375870/VDFGBFD.7b868580-b10d-11ec-9ef1-cb4f7634f54e.jpeg'], []]
2022-04-01 04:39:23.684 INFO Train - trainImages: started loading images and finding their encodings
2022-04-01 04:39:23.685 INFO Train - trainImages: loading image
2022-04-01 04:39:23.700 DEBUG Train - trainImages: /home/vikasjoshis001/Desktop/Gestures/images_to_train/FSRG-2022-03-31 21:45:46.139376/FSRG.d3b1a0c8-b10d-11ec-9ef1-cb4f7634f54e.jpeg
2022-04-01 04:39:23.700 INFO Train - trainImages: loading image done
2022-04-01 04:39:23.700 INFO Train - trainImages: finding the encoding of image
2022-04-01 04:39:23.829 INFO Train - trainImages: finding encoding of image is done
2022-04-01 04:39:23.829 INFO Train - trainImages: loading image
2022-04-01 04:39:23.831 DEBUG Train - trainImages: /home/vikasjoshis001/Desktop/Gestures/images_to_train/FSRG-2022-03-31 21:45:46.139376/FSRG.d268f0e0-b10d-11ec-9ef1-cb4f7634f54e.jpeg
2022-04-01 04:39:23.831 INFO Train - trainImages: loading image done
2022-04-01 04:39:23.831 INFO Train - trainImages: finding the encoding of image
2022-04-01 04:39:23.953 INFO Train - trainImages: finding encoding of image is done
2022-04-01 04:39:23.954 INFO Train - trainImages: loading image
2022-04-01 04:39:23.964 DEBUG Train - trainImages: /home/vikasjoshis001/Desktop/Gestures/images_to_train/FSRG-2022-03-31 21:45:46.139376/FSRG.d268f0e1-b10d-11ec-9ef1-cb4f7634f54e.jpeg
2022-04-01 04:39:23.964 INFO Train - trainImages: loading image done
2022-04-01 04:39:23.964 INFO Train - trainImages: finding the encoding of image
2022-04-01 04:39:24.083 INFO Train - trainImages: finding encoding of image is done
2022-04-01 04:39:24.083 INFO Train - trainImages: loading image
2022-04-01 04:39:24.093 DEBUG Train - trainImages: /home/vikasjoshis001/Desktop/Gestures/images_to_train/FSRG-2022-03-31 21:45:46.139376/FSRG.d3b1a0c9-b10d-11ec-9ef1-cb4f7634f54e.jpeg
2022-04-01 04:39:24.093 INFO Train - trainImages: loading image done
2022-04-01 04:39:24.093 INFO Train - trainImages: finding the encoding of image
2022-04-01 04:39:24.221 INFO Train - trainImages: finding encoding of image is done
2022-04-01 04:39:24.222 INFO Train - trainImages: loading image
2022-04-01 04:39:24.229 DEBUG Train - trainImages: /home/vikasjoshis001/Desktop/Gestures/images_to_train/FSRG-2022-03-31 21:45:46.139376/FSRG.d4e6ac90-b10d-11ec-9ef1-cb4f7634f54e.jpeg
2022-04-01 04:39:24.229 INFO Train - trainImages: loading image done
2022-04-01 04:39:24.229 INFO Train - trainImages: finding the encoding of image
2022-04-01 04:39:24.366 INFO Train - trainImages: finding encoding of image is done
2022-04-01 04:39:24.366 INFO Train - trainImages: getting average of encodings of loaded images
2022-04-01 04:39:24.366 INFO Train - trainImages: done with getting average encodings
2022-04-01 04:39:24.367 INFO Train - trainImages: storing the name and encoding in local dictionary
2022-04-01 04:39:24.367 INFO Train - trainImages: stored name and encodes in local dictionary
2022-04-01 04:39:24.367 INFO Train - trainImages: storing the name and encodings in mongodb
2022-04-01 04:39:24.389 INFO Train - trainImages: stored all name and encodes in mongodb
2022-04-01 04:39:24.389 INFO Train - trainImages: started loading images and finding their encodings
2022-04-01 04:39:24.389 INFO Train - trainImages: loading image
2022-04-01 04:39:24.390 DEBUG Train - trainImages: /home/vikasjoshis001/Desktop/Gestures/images_to_train/tyrion lannister/images5.jpeg
2022-04-01 04:39:24.390 INFO Train - trainImages: loading image done
2022-04-01 04:39:24.390 INFO Train - trainImages: finding the encoding of image
2022-04-01 04:39:24.520 INFO Train - trainImages: finding encoding of image is done
2022-04-01 04:39:24.520 INFO Train - trainImages: loading image
2022-04-01 04:39:24.523 DEBUG Train - trainImages: /home/vikasjoshis001/Desktop/Gestures/images_to_train/tyrion lannister/index3.jpeg
2022-04-01 04:39:24.523 INFO Train - trainImages: loading image done
2022-04-01 04:39:24.523 INFO Train - trainImages: finding the encoding of image
2022-04-01 04:39:24.643 INFO Train - trainImages: finding encoding of image is done
2022-04-01 04:39:24.643 INFO Train - trainImages: loading image
2022-04-01 04:39:24.648 DEBUG Train - trainImages: /home/vikasjoshis001/Desktop/Gestures/images_to_train/tyrion lannister/index1.jpeg
2022-04-01 04:39:24.648 INFO Train - trainImages: loading image done
2022-04-01 04:39:24.648 INFO Train - trainImages: finding the encoding of image
2022-04-01 04:39:24.771 INFO Train - trainImages: finding encoding of image is done
2022-04-01 04:39:24.771 INFO Train - trainImages: loading image
2022-04-01 04:39:24.773 DEBUG Train - trainImages: /home/vikasjoshis001/Desktop/Gestures/images_to_train/tyrion lannister/index2.jpeg
2022-04-01 04:39:24.773 INFO Train - trainImages: loading image done
2022-04-01 04:39:24.773 INFO Train - trainImages: finding the encoding of image
2022-04-01 04:39:24.899 INFO Train - trainImages: finding encoding of image is done
2022-04-01 04:39:24.899 INFO Train - trainImages: loading image
2022-04-01 04:39:24.902 DEBUG Train - trainImages: /home/vikasjoshis001/Desktop/Gestures/images_to_train/tyrion lannister/index4.jpeg
2022-04-01 04:39:24.903 INFO Train - trainImages: loading image done
2022-04-01 04:39:24.903 INFO Train - trainImages: finding the encoding of image
2022-04-01 04:39:25.018 INFO Train - trainImages: finding encoding of image is done
2022-04-01 04:39:25.018 INFO Train - trainImages: getting average of encodings of loaded images
2022-04-01 04:39:25.018 INFO Train - trainImages: done with getting average encodings
2022-04-01 04:39:25.018 INFO Train - trainImages: storing the name and encoding in local dictionary
2022-04-01 04:39:25.018 INFO Train - trainImages: stored name and encodes in local dictionary
2022-04-01 04:39:25.018 INFO Train - trainImages: storing the name and encodings in mongodb
2022-04-01 04:39:25.022 INFO Train - trainImages: stored all name and encodes in mongodb
2022-04-01 04:39:25.023 INFO Train - trainImages: started loading images and finding their encodings
2022-04-01 04:39:25.023 INFO Train - trainImages: loading image
2022-04-01 04:39:25.024 DEBUG Train - trainImages: /home/vikasjoshis001/Desktop/Gestures/images_to_train/CFG-2022-04-01 04:39:09.597251/CFG.94a3e744-b147-11ec-ae44-cb6983774605.jpeg
2022-04-01 04:39:25.024 INFO Train - trainImages: loading image done
2022-04-01 04:39:25.024 INFO Train - trainImages: finding the encoding of image
2022-04-01 04:39:25.155 INFO Train - trainImages: finding encoding of image is done
2022-04-01 04:39:25.155 INFO Train - trainImages: loading image
2022-04-01 04:39:25.156 DEBUG Train - trainImages: /home/vikasjoshis001/Desktop/Gestures/images_to_train/CFG-2022-04-01 04:39:09.597251/CFG.928d2e20-b147-11ec-ae44-cb6983774605.jpeg
2022-04-01 04:39:25.156 INFO Train - trainImages: loading image done
2022-04-01 04:39:25.156 INFO Train - trainImages: finding the encoding of image
2022-04-01 04:39:25.278 INFO Train - trainImages: finding encoding of image is done
2022-04-01 04:39:25.279 INFO Train - trainImages: loading image
2022-04-01 04:39:25.280 DEBUG Train - trainImages: /home/vikasjoshis001/Desktop/Gestures/images_to_train/CFG-2022-04-01 04:39:09.597251/CFG.95d7727b-b147-11ec-ae44-cb6983774605.jpeg
2022-04-01 04:39:25.280 INFO Train - trainImages: loading image done
2022-04-01 04:39:25.280 INFO Train - trainImages: finding the encoding of image
2022-04-01 04:39:25.438 INFO Train - trainImages: finding encoding of image is done
2022-04-01 04:39:25.438 INFO Train - trainImages: loading image
2022-04-01 04:39:25.440 DEBUG Train - trainImages: /home/vikasjoshis001/Desktop/Gestures/images_to_train/CFG-2022-04-01 04:39:09.597251/CFG.94a3e745-b147-11ec-ae44-cb6983774605.jpeg
2022-04-01 04:39:25.440 INFO Train - trainImages: loading image done
2022-04-01 04:39:25.440 INFO Train - trainImages: finding the encoding of image
2022-04-01 04:39:25.595 INFO Train - trainImages: finding encoding of image is done
2022-04-01 04:39:25.595 INFO Train - trainImages: loading image
2022-04-01 04:39:25.596 DEBUG Train - trainImages: /home/vikasjoshis001/Desktop/Gestures/images_to_train/CFG-2022-04-01 04:39:09.597251/CFG.95d7727a-b147-11ec-ae44-cb6983774605.jpeg
2022-04-01 04:39:25.596 INFO Train - trainImages: loading image done
2022-04-01 04:39:25.597 INFO Train - trainImages: finding the encoding of image
2022-04-01 04:39:25.741 INFO Train - trainImages: finding encoding of image is done
2022-04-01 04:39:25.741 INFO Train - trainImages: getting average of encodings of loaded images
2022-04-01 04:39:25.741 INFO Train - trainImages: done with getting average encodings
2022-04-01 04:39:25.741 INFO Train - trainImages: storing the name and encoding in local dictionary
2022-04-01 04:39:25.741 INFO Train - trainImages: stored name and encodes in local dictionary
2022-04-01 04:39:25.741 INFO Train - trainImages: storing the name and encodings in mongodb
2022-04-01 04:39:25.742 INFO Train - trainImages: stored all name and encodes in mongodb
2022-04-01 04:39:25.742 INFO Train - trainImages: started loading images and finding their encodings
2022-04-01 04:39:25.743 INFO Train - trainImages: loading image
2022-04-01 04:39:25.749 DEBUG Train - trainImages: /home/vikasjoshis001/Desktop/Gestures/images_to_train/denerys targeryan/index3.jpeg
2022-04-01 04:39:25.749 INFO Train - trainImages: loading image done
2022-04-01 04:39:25.749 INFO Train - trainImages: finding the encoding of image
2022-04-01 04:39:25.874 INFO Train - trainImages: finding encoding of image is done
2022-04-01 04:39:25.874 INFO Train - trainImages: loading image
2022-04-01 04:39:25.876 DEBUG Train - trainImages: /home/vikasjoshis001/Desktop/Gestures/images_to_train/denerys targeryan/index5.jpeg
2022-04-01 04:39:25.876 INFO Train - trainImages: loading image done
2022-04-01 04:39:25.876 INFO Train - trainImages: finding the encoding of image
2022-04-01 04:39:25.986 INFO Train - trainImages: finding encoding of image is done
2022-04-01 04:39:25.986 INFO Train - trainImages: loading image
2022-04-01 04:39:25.989 DEBUG Train - trainImages: /home/vikasjoshis001/Desktop/Gestures/images_to_train/denerys targeryan/index1.jpeg
2022-04-01 04:39:25.989 INFO Train - trainImages: loading image done
2022-04-01 04:39:25.989 INFO Train - trainImages: finding the encoding of image
2022-04-01 04:39:26.097 INFO Train - trainImages: finding encoding of image is done
2022-04-01 04:39:26.097 INFO Train - trainImages: loading image
2022-04-01 04:39:26.098 DEBUG Train - trainImages: /home/vikasjoshis001/Desktop/Gestures/images_to_train/denerys targeryan/index2.jpeg
2022-04-01 04:39:26.098 INFO Train - trainImages: loading image done
2022-04-01 04:39:26.098 INFO Train - trainImages: finding the encoding of image
2022-04-01 04:39:26.202 INFO Train - trainImages: finding encoding of image is done
2022-04-01 04:39:26.202 INFO Train - trainImages: loading image
2022-04-01 04:39:26.203 DEBUG Train - trainImages: /home/vikasjoshis001/Desktop/Gestures/images_to_train/denerys targeryan/index4.jpeg
2022-04-01 04:39:26.203 INFO Train - trainImages: loading image done
2022-04-01 04:39:26.203 INFO Train - trainImages: finding the encoding of image
2022-04-01 04:39:26.302 INFO Train - trainImages: finding encoding of image is done
2022-04-01 04:39:26.302 INFO Train - trainImages: getting average of encodings of loaded images
2022-04-01 04:39:26.302 INFO Train - trainImages: done with getting average encodings
2022-04-01 04:39:26.302 INFO Train - trainImages: storing the name and encoding in local dictionary
2022-04-01 04:39:26.302 INFO Train - trainImages: stored name and encodes in local dictionary
2022-04-01 04:39:26.302 INFO Train - trainImages: storing the name and encodings in mongodb
2022-04-01 04:39:26.303 INFO Train - trainImages: stored all name and encodes in mongodb
2022-04-01 04:39:26.303 DEBUG Train - trainImages: Fe-2022-03-31 21:29:28.266217
2022-04-01 04:39:26.303 ERROR Train - trainImages: above folder is empty with no images
2022-04-01 04:39:26.303 INFO Train - trainImages: exiting the program with no updates in training
