2022-02-25 11:14:51.319 INFO Train - <module>: MongoDB database connected successfully
2022-02-25 11:14:51.319 INFO Train - <module>: collected all folders in known_people folder
2022-02-25 11:14:51.319 DEBUG Train - <module>: ['tyrion lannister', 'denerys targeryan', 'cersie lannister', 'king in the north', 'arya stark']
2022-02-25 11:14:51.320 INFO Train - <module>: collected all images from all folders in known_people folder
2022-02-25 11:14:51.320 DEBUG Train - <module>: [['/home/vikasjoshis001/Desktop/FaceRecognition/images_to_train/tyrion lannister/images5.jpeg', '/home/vikasjoshis001/Desktop/FaceRecognition/images_to_train/tyrion lannister/index3.jpeg', '/home/vikasjoshis001/Desktop/FaceRecognition/images_to_train/tyrion lannister/index1.jpeg', '/home/vikasjoshis001/Desktop/FaceRecognition/images_to_train/tyrion lannister/index2.jpeg', '/home/vikasjoshis001/Desktop/FaceRecognition/images_to_train/tyrion lannister/index4.jpeg'], ['/home/vikasjoshis001/Desktop/FaceRecognition/images_to_train/denerys targeryan/index3.jpeg', '/home/vikasjoshis001/Desktop/FaceRecognition/images_to_train/denerys targeryan/index5.jpeg', '/home/vikasjoshis001/Desktop/FaceRecognition/images_to_train/denerys targeryan/index1.jpeg', '/home/vikasjoshis001/Desktop/FaceRecognition/images_to_train/denerys targeryan/index2.jpeg', '/home/vikasjoshis001/Desktop/FaceRecognition/images_to_train/denerys targeryan/index4.jpeg'], ['/home/vikasjoshis001/Desktop/FaceRecognition/images_to_train/cersie lannister/index3.jpeg', '/home/vikasjoshis001/Desktop/FaceRecognition/images_to_train/cersie lannister/index5.jpeg', '/home/vikasjoshis001/Desktop/FaceRecognition/images_to_train/cersie lannister/index2.jpeg', '/home/vikasjoshis001/Desktop/FaceRecognition/images_to_train/cersie lannister/index4.jpeg'], ['/home/vikasjoshis001/Desktop/FaceRecognition/images_to_train/king in the north/index.jpeg', '/home/vikasjoshis001/Desktop/FaceRecognition/images_to_train/king in the north/index3.jpeg', '/home/vikasjoshis001/Desktop/FaceRecognition/images_to_train/king in the north/index5.jpeg', '/home/vikasjoshis001/Desktop/FaceRecognition/images_to_train/king in the north/index2.jpeg', '/home/vikasjoshis001/Desktop/FaceRecognition/images_to_train/king in the north/index4.jpeg'], ['/home/vikasjoshis001/Desktop/FaceRecognition/images_to_train/arya stark/index.jpeg', '/home/vikasjoshis001/Desktop/FaceRecognition/images_to_train/arya stark/index3.jpeg', '/home/vikasjoshis001/Desktop/FaceRecognition/images_to_train/arya stark/index5.jpeg', '/home/vikasjoshis001/Desktop/FaceRecognition/images_to_train/arya stark/index2.jpeg', '/home/vikasjoshis001/Desktop/FaceRecognition/images_to_train/arya stark/images4.jpeg']]
2022-02-25 11:14:51.320 INFO Train - <module>: started loading images and finding their encodings
2022-02-25 11:14:51.320 INFO Train - <module>: loading image
2022-02-25 11:14:51.326 DEBUG Train - <module>: /home/vikasjoshis001/Desktop/FaceRecognition/images_to_train/tyrion lannister/images5.jpeg
2022-02-25 11:14:51.326 INFO Train - <module>: loading image done
2022-02-25 11:14:51.326 INFO Train - <module>: finding the encoding of image
2022-02-25 11:14:51.405 INFO Train - <module>: finding encoding of image is done
2022-02-25 11:14:51.405 INFO Train - <module>: loading image
2022-02-25 11:14:51.406 DEBUG Train - <module>: /home/vikasjoshis001/Desktop/FaceRecognition/images_to_train/tyrion lannister/index3.jpeg
2022-02-25 11:14:51.406 INFO Train - <module>: loading image done
2022-02-25 11:14:51.406 INFO Train - <module>: finding the encoding of image
2022-02-25 11:14:51.489 INFO Train - <module>: finding encoding of image is done
2022-02-25 11:14:51.489 INFO Train - <module>: loading image
2022-02-25 11:14:51.490 DEBUG Train - <module>: /home/vikasjoshis001/Desktop/FaceRecognition/images_to_train/tyrion lannister/index1.jpeg
2022-02-25 11:14:51.490 INFO Train - <module>: loading image done
2022-02-25 11:14:51.490 INFO Train - <module>: finding the encoding of image
2022-02-25 11:14:51.572 INFO Train - <module>: finding encoding of image is done
2022-02-25 11:14:51.573 INFO Train - <module>: loading image
2022-02-25 11:14:51.573 DEBUG Train - <module>: /home/vikasjoshis001/Desktop/FaceRecognition/images_to_train/tyrion lannister/index2.jpeg
2022-02-25 11:14:51.573 INFO Train - <module>: loading image done
2022-02-25 11:14:51.574 INFO Train - <module>: finding the encoding of image
2022-02-25 11:14:51.660 INFO Train - <module>: finding encoding of image is done
2022-02-25 11:14:51.660 INFO Train - <module>: loading image
2022-02-25 11:14:51.661 DEBUG Train - <module>: /home/vikasjoshis001/Desktop/FaceRecognition/images_to_train/tyrion lannister/index4.jpeg
2022-02-25 11:14:51.661 INFO Train - <module>: loading image done
2022-02-25 11:14:51.661 INFO Train - <module>: finding the encoding of image
2022-02-25 11:14:51.745 INFO Train - <module>: finding encoding of image is done
2022-02-25 11:14:51.745 INFO Train - <module>: getting average of encodings of loaded images
2022-02-25 11:14:51.745 INFO Train - <module>: done with getting average encodings
2022-02-25 11:14:51.745 INFO Train - <module>: storing the name and encoding in local dictionary
2022-02-25 11:14:51.745 INFO Train - <module>: stored name and encodes in local dictionary
2022-02-25 11:14:51.745 INFO Train - <module>: storing the name and encodings in mongodb
2022-02-25 11:14:51.748 INFO Train - <module>: stored all name and encodes in mongodb
2022-02-25 11:14:51.749 INFO Train - <module>: started loading images and finding their encodings
2022-02-25 11:14:51.749 INFO Train - <module>: loading image
2022-02-25 11:14:51.750 DEBUG Train - <module>: /home/vikasjoshis001/Desktop/FaceRecognition/images_to_train/denerys targeryan/index3.jpeg
2022-02-25 11:14:51.750 INFO Train - <module>: loading image done
2022-02-25 11:14:51.750 INFO Train - <module>: finding the encoding of image
2022-02-25 11:14:51.852 INFO Train - <module>: finding encoding of image is done
2022-02-25 11:14:51.852 INFO Train - <module>: loading image
2022-02-25 11:14:51.853 DEBUG Train - <module>: /home/vikasjoshis001/Desktop/FaceRecognition/images_to_train/denerys targeryan/index5.jpeg
2022-02-25 11:14:51.853 INFO Train - <module>: loading image done
2022-02-25 11:14:51.853 INFO Train - <module>: finding the encoding of image
2022-02-25 11:14:51.962 INFO Train - <module>: finding encoding of image is done
2022-02-25 11:14:51.963 INFO Train - <module>: loading image
2022-02-25 11:14:51.963 DEBUG Train - <module>: /home/vikasjoshis001/Desktop/FaceRecognition/images_to_train/denerys targeryan/index1.jpeg
2022-02-25 11:14:51.963 INFO Train - <module>: loading image done
2022-02-25 11:14:51.963 INFO Train - <module>: finding the encoding of image
2022-02-25 11:14:52.064 INFO Train - <module>: finding encoding of image is done
2022-02-25 11:14:52.065 INFO Train - <module>: loading image
2022-02-25 11:14:52.065 DEBUG Train - <module>: /home/vikasjoshis001/Desktop/FaceRecognition/images_to_train/denerys targeryan/index2.jpeg
2022-02-25 11:14:52.066 INFO Train - <module>: loading image done
2022-02-25 11:14:52.066 INFO Train - <module>: finding the encoding of image
2022-02-25 11:14:52.165 INFO Train - <module>: finding encoding of image is done
2022-02-25 11:14:52.165 INFO Train - <module>: loading image
2022-02-25 11:14:52.166 DEBUG Train - <module>: /home/vikasjoshis001/Desktop/FaceRecognition/images_to_train/denerys targeryan/index4.jpeg
2022-02-25 11:14:52.166 INFO Train - <module>: loading image done
2022-02-25 11:14:52.166 INFO Train - <module>: finding the encoding of image
2022-02-25 11:14:52.252 INFO Train - <module>: finding encoding of image is done
2022-02-25 11:14:52.253 INFO Train - <module>: getting average of encodings of loaded images
2022-02-25 11:14:52.253 INFO Train - <module>: done with getting average encodings
2022-02-25 11:14:52.253 INFO Train - <module>: storing the name and encoding in local dictionary
2022-02-25 11:14:52.253 INFO Train - <module>: stored name and encodes in local dictionary
2022-02-25 11:14:52.253 INFO Train - <module>: storing the name and encodings in mongodb
2022-02-25 11:14:52.254 INFO Train - <module>: stored all name and encodes in mongodb
2022-02-25 11:14:52.254 INFO Train - <module>: started loading images and finding their encodings
2022-02-25 11:14:52.254 INFO Train - <module>: loading image
2022-02-25 11:14:52.255 DEBUG Train - <module>: /home/vikasjoshis001/Desktop/FaceRecognition/images_to_train/cersie lannister/index3.jpeg
2022-02-25 11:14:52.255 INFO Train - <module>: loading image done
2022-02-25 11:14:52.255 INFO Train - <module>: finding the encoding of image
2022-02-25 11:14:52.343 INFO Train - <module>: finding encoding of image is done
2022-02-25 11:14:52.343 INFO Train - <module>: loading image
2022-02-25 11:14:52.344 DEBUG Train - <module>: /home/vikasjoshis001/Desktop/FaceRecognition/images_to_train/cersie lannister/index5.jpeg
2022-02-25 11:14:52.344 INFO Train - <module>: loading image done
2022-02-25 11:14:52.344 INFO Train - <module>: finding the encoding of image
2022-02-25 11:14:52.438 INFO Train - <module>: finding encoding of image is done
2022-02-25 11:14:52.438 INFO Train - <module>: loading image
2022-02-25 11:14:52.439 DEBUG Train - <module>: /home/vikasjoshis001/Desktop/FaceRecognition/images_to_train/cersie lannister/index2.jpeg
2022-02-25 11:14:52.439 INFO Train - <module>: loading image done
2022-02-25 11:14:52.439 INFO Train - <module>: finding the encoding of image
2022-02-25 11:14:52.579 INFO Train - <module>: finding encoding of image is done
2022-02-25 11:14:52.580 INFO Train - <module>: loading image
2022-02-25 11:14:52.580 DEBUG Train - <module>: /home/vikasjoshis001/Desktop/FaceRecognition/images_to_train/cersie lannister/index4.jpeg
2022-02-25 11:14:52.580 INFO Train - <module>: loading image done
2022-02-25 11:14:52.580 INFO Train - <module>: finding the encoding of image
2022-02-25 11:14:52.690 INFO Train - <module>: finding encoding of image is done
2022-02-25 11:14:52.690 INFO Train - <module>: getting average of encodings of loaded images
2022-02-25 11:14:52.691 INFO Train - <module>: done with getting average encodings
2022-02-25 11:14:52.691 INFO Train - <module>: storing the name and encoding in local dictionary
2022-02-25 11:14:52.691 INFO Train - <module>: stored name and encodes in local dictionary
2022-02-25 11:14:52.691 INFO Train - <module>: storing the name and encodings in mongodb
2022-02-25 11:14:52.692 INFO Train - <module>: stored all name and encodes in mongodb
2022-02-25 11:14:52.692 INFO Train - <module>: started loading images and finding their encodings
2022-02-25 11:14:52.692 INFO Train - <module>: loading image
2022-02-25 11:14:52.693 DEBUG Train - <module>: /home/vikasjoshis001/Desktop/FaceRecognition/images_to_train/king in the north/index.jpeg
2022-02-25 11:14:52.693 INFO Train - <module>: loading image done
2022-02-25 11:14:52.693 INFO Train - <module>: finding the encoding of image
2022-02-25 11:14:52.808 INFO Train - <module>: finding encoding of image is done
2022-02-25 11:14:52.808 INFO Train - <module>: loading image
2022-02-25 11:14:52.808 DEBUG Train - <module>: /home/vikasjoshis001/Desktop/FaceRecognition/images_to_train/king in the north/index3.jpeg
2022-02-25 11:14:52.808 INFO Train - <module>: loading image done
2022-02-25 11:14:52.808 INFO Train - <module>: finding the encoding of image
2022-02-25 11:14:52.875 INFO Train - <module>: finding encoding of image is done
2022-02-25 11:14:52.875 INFO Train - <module>: loading image
2022-02-25 11:14:52.875 DEBUG Train - <module>: /home/vikasjoshis001/Desktop/FaceRecognition/images_to_train/king in the north/index5.jpeg
2022-02-25 11:14:52.876 INFO Train - <module>: loading image done
2022-02-25 11:14:52.876 INFO Train - <module>: finding the encoding of image
2022-02-25 11:14:52.940 INFO Train - <module>: finding encoding of image is done
2022-02-25 11:14:52.941 INFO Train - <module>: loading image
2022-02-25 11:14:52.941 DEBUG Train - <module>: /home/vikasjoshis001/Desktop/FaceRecognition/images_to_train/king in the north/index2.jpeg
2022-02-25 11:14:52.941 INFO Train - <module>: loading image done
2022-02-25 11:14:52.941 INFO Train - <module>: finding the encoding of image
2022-02-25 11:14:53.006 INFO Train - <module>: finding encoding of image is done
2022-02-25 11:14:53.006 INFO Train - <module>: loading image
2022-02-25 11:14:53.007 DEBUG Train - <module>: /home/vikasjoshis001/Desktop/FaceRecognition/images_to_train/king in the north/index4.jpeg
2022-02-25 11:14:53.007 INFO Train - <module>: loading image done
2022-02-25 11:14:53.007 INFO Train - <module>: finding the encoding of image
2022-02-25 11:14:53.077 INFO Train - <module>: finding encoding of image is done
2022-02-25 11:14:53.077 INFO Train - <module>: getting average of encodings of loaded images
2022-02-25 11:14:53.078 INFO Train - <module>: done with getting average encodings
2022-02-25 11:14:53.078 INFO Train - <module>: storing the name and encoding in local dictionary
2022-02-25 11:14:53.078 INFO Train - <module>: stored name and encodes in local dictionary
2022-02-25 11:14:53.078 INFO Train - <module>: storing the name and encodings in mongodb
2022-02-25 11:14:53.078 INFO Train - <module>: stored all name and encodes in mongodb
2022-02-25 11:14:53.078 INFO Train - <module>: started loading images and finding their encodings
2022-02-25 11:14:53.079 INFO Train - <module>: loading image
2022-02-25 11:14:53.079 DEBUG Train - <module>: /home/vikasjoshis001/Desktop/FaceRecognition/images_to_train/arya stark/index.jpeg
2022-02-25 11:14:53.079 INFO Train - <module>: loading image done
2022-02-25 11:14:53.079 INFO Train - <module>: finding the encoding of image
2022-02-25 11:14:53.149 INFO Train - <module>: finding encoding of image is done
2022-02-25 11:14:53.149 INFO Train - <module>: loading image
2022-02-25 11:14:53.150 DEBUG Train - <module>: /home/vikasjoshis001/Desktop/FaceRecognition/images_to_train/arya stark/index3.jpeg
2022-02-25 11:14:53.150 INFO Train - <module>: loading image done
2022-02-25 11:14:53.150 INFO Train - <module>: finding the encoding of image
2022-02-25 11:14:53.215 INFO Train - <module>: finding encoding of image is done
2022-02-25 11:14:53.215 INFO Train - <module>: loading image
2022-02-25 11:14:53.216 DEBUG Train - <module>: /home/vikasjoshis001/Desktop/FaceRecognition/images_to_train/arya stark/index5.jpeg
2022-02-25 11:14:53.216 INFO Train - <module>: loading image done
2022-02-25 11:14:53.216 INFO Train - <module>: finding the encoding of image
2022-02-25 11:14:53.288 INFO Train - <module>: finding encoding of image is done
2022-02-25 11:14:53.288 INFO Train - <module>: loading image
2022-02-25 11:14:53.288 DEBUG Train - <module>: /home/vikasjoshis001/Desktop/FaceRecognition/images_to_train/arya stark/index2.jpeg
2022-02-25 11:14:53.288 INFO Train - <module>: loading image done
2022-02-25 11:14:53.288 INFO Train - <module>: finding the encoding of image
2022-02-25 11:14:53.356 INFO Train - <module>: finding encoding of image is done
2022-02-25 11:14:53.356 INFO Train - <module>: loading image
2022-02-25 11:14:53.357 DEBUG Train - <module>: /home/vikasjoshis001/Desktop/FaceRecognition/images_to_train/arya stark/images4.jpeg
2022-02-25 11:14:53.357 INFO Train - <module>: loading image done
2022-02-25 11:14:53.357 INFO Train - <module>: finding the encoding of image
2022-02-25 11:14:53.422 INFO Train - <module>: finding encoding of image is done
2022-02-25 11:14:53.422 INFO Train - <module>: getting average of encodings of loaded images
2022-02-25 11:14:53.422 INFO Train - <module>: done with getting average encodings
2022-02-25 11:14:53.422 INFO Train - <module>: storing the name and encoding in local dictionary
2022-02-25 11:14:53.422 INFO Train - <module>: stored name and encodes in local dictionary
2022-02-25 11:14:53.422 INFO Train - <module>: storing the name and encodings in mongodb
2022-02-25 11:14:53.423 INFO Train - <module>: stored all name and encodes in mongodb
