2022-03-01 12:40:40.443 INFO Train - trainImages: MongoDB database connected successfully
2022-03-01 12:40:40.451 INFO Train - trainImages: collected all folders in known_people folder
2022-03-01 12:40:40.451 DEBUG Train - trainImages: ['Vikas-2022-03-01 12:40:33.978231', 'tyrion lannister', 'denerys targeryan', 'Mangesh', 'cersie lannister', 'king in the north', 'arya stark']
2022-03-01 12:40:40.454 INFO Train - trainImages: collected all images from all folders in known_people folder
2022-03-01 12:40:40.454 DEBUG Train - trainImages: [['/home/vikasjoshis001/Desktop/Handtracking/FaceRecognition/images_to_train/Vikas-2022-03-01 12:40:33.978231/Vikas.b19e27fb-992e-11ec-8011-33f0d9e9c1a4.jpeg', '/home/vikasjoshis001/Desktop/Handtracking/FaceRecognition/images_to_train/Vikas-2022-03-01 12:40:33.978231/Vikas.b0572bc6-992e-11ec-8011-33f0d9e9c1a4.jpeg', '/home/vikasjoshis001/Desktop/Handtracking/FaceRecognition/images_to_train/Vikas-2022-03-01 12:40:33.978231/Vikas.b2d5e55e-992e-11ec-8011-33f0d9e9c1a4.jpeg', '/home/vikasjoshis001/Desktop/Handtracking/FaceRecognition/images_to_train/Vikas-2022-03-01 12:40:33.978231/Vikas.b19e27fa-992e-11ec-8011-33f0d9e9c1a4.jpeg', '/home/vikasjoshis001/Desktop/Handtracking/FaceRecognition/images_to_train/Vikas-2022-03-01 12:40:33.978231/Vikas.b0572bc7-992e-11ec-8011-33f0d9e9c1a4.jpeg'], ['/home/vikasjoshis001/Desktop/Handtracking/FaceRecognition/images_to_train/tyrion lannister/images5.jpeg', '/home/vikasjoshis001/Desktop/Handtracking/FaceRecognition/images_to_train/tyrion lannister/index3.jpeg', '/home/vikasjoshis001/Desktop/Handtracking/FaceRecognition/images_to_train/tyrion lannister/index1.jpeg', '/home/vikasjoshis001/Desktop/Handtracking/FaceRecognition/images_to_train/tyrion lannister/index2.jpeg', '/home/vikasjoshis001/Desktop/Handtracking/FaceRecognition/images_to_train/tyrion lannister/index4.jpeg'], ['/home/vikasjoshis001/Desktop/Handtracking/FaceRecognition/images_to_train/denerys targeryan/index3.jpeg', '/home/vikasjoshis001/Desktop/Handtracking/FaceRecognition/images_to_train/denerys targeryan/index5.jpeg', '/home/vikasjoshis001/Desktop/Handtracking/FaceRecognition/images_to_train/denerys targeryan/index1.jpeg', '/home/vikasjoshis001/Desktop/Handtracking/FaceRecognition/images_to_train/denerys targeryan/index2.jpeg', '/home/vikasjoshis001/Desktop/Handtracking/FaceRecognition/images_to_train/denerys targeryan/index4.jpeg'], ['/home/vikasjoshis001/Desktop/Handtracking/FaceRecognition/images_to_train/Mangesh/Mangesh.3000c093-960c-11ec-a6b1-2f237028861a.jpeg', '/home/vikasjoshis001/Desktop/Handtracking/FaceRecognition/images_to_train/Mangesh/Mangesh.3283bb58-960c-11ec-a6b1-2f237028861a.jpeg', '/home/vikasjoshis001/Desktop/Handtracking/FaceRecognition/images_to_train/Mangesh/Mangesh.314bc26c-960c-11ec-a6b1-2f237028861a.jpeg', '/home/vikasjoshis001/Desktop/Handtracking/FaceRecognition/images_to_train/Mangesh/Mangesh.314bc26d-960c-11ec-a6b1-2f237028861a.jpeg', '/home/vikasjoshis001/Desktop/Handtracking/FaceRecognition/images_to_train/Mangesh/Mangesh.3000c092-960c-11ec-a6b1-2f237028861a.jpeg'], ['/home/vikasjoshis001/Desktop/Handtracking/FaceRecognition/images_to_train/cersie lannister/index3.jpeg', '/home/vikasjoshis001/Desktop/Handtracking/FaceRecognition/images_to_train/cersie lannister/index5.jpeg', '/home/vikasjoshis001/Desktop/Handtracking/FaceRecognition/images_to_train/cersie lannister/index2.jpeg', '/home/vikasjoshis001/Desktop/Handtracking/FaceRecognition/images_to_train/cersie lannister/index4.jpeg'], ['/home/vikasjoshis001/Desktop/Handtracking/FaceRecognition/images_to_train/king in the north/index.jpeg', '/home/vikasjoshis001/Desktop/Handtracking/FaceRecognition/images_to_train/king in the north/index3.jpeg', '/home/vikasjoshis001/Desktop/Handtracking/FaceRecognition/images_to_train/king in the north/index5.jpeg', '/home/vikasjoshis001/Desktop/Handtracking/FaceRecognition/images_to_train/king in the north/index2.jpeg', '/home/vikasjoshis001/Desktop/Handtracking/FaceRecognition/images_to_train/king in the north/index4.jpeg'], ['/home/vikasjoshis001/Desktop/Handtracking/FaceRecognition/images_to_train/arya stark/index.jpeg', '/home/vikasjoshis001/Desktop/Handtracking/FaceRecognition/images_to_train/arya stark/index3.jpeg', '/home/vikasjoshis001/Desktop/Handtracking/FaceRecognition/images_to_train/arya stark/index5.jpeg', '/home/vikasjoshis001/Desktop/Handtracking/FaceRecognition/images_to_train/arya stark/index2.jpeg', '/home/vikasjoshis001/Desktop/Handtracking/FaceRecognition/images_to_train/arya stark/images4.jpeg']]
2022-03-01 12:40:40.455 INFO Train - trainImages: started loading images and finding their encodings
2022-03-01 12:40:40.455 INFO Train - trainImages: loading image
2022-03-01 12:40:40.487 DEBUG Train - trainImages: /home/vikasjoshis001/Desktop/Handtracking/FaceRecognition/images_to_train/Vikas-2022-03-01 12:40:33.978231/Vikas.b19e27fb-992e-11ec-8011-33f0d9e9c1a4.jpeg
2022-03-01 12:40:40.487 INFO Train - trainImages: loading image done
2022-03-01 12:40:40.487 INFO Train - trainImages: finding the encoding of image
2022-03-01 12:40:40.678 INFO Train - trainImages: finding encoding of image is done
2022-03-01 12:40:40.678 INFO Train - trainImages: loading image
2022-03-01 12:40:40.681 DEBUG Train - trainImages: /home/vikasjoshis001/Desktop/Handtracking/FaceRecognition/images_to_train/Vikas-2022-03-01 12:40:33.978231/Vikas.b0572bc6-992e-11ec-8011-33f0d9e9c1a4.jpeg
2022-03-01 12:40:40.681 INFO Train - trainImages: loading image done
2022-03-01 12:40:40.681 INFO Train - trainImages: finding the encoding of image
2022-03-01 12:40:40.915 INFO Train - trainImages: finding encoding of image is done
2022-03-01 12:40:40.915 INFO Train - trainImages: loading image
2022-03-01 12:40:40.917 DEBUG Train - trainImages: /home/vikasjoshis001/Desktop/Handtracking/FaceRecognition/images_to_train/Vikas-2022-03-01 12:40:33.978231/Vikas.b2d5e55e-992e-11ec-8011-33f0d9e9c1a4.jpeg
2022-03-01 12:40:40.918 INFO Train - trainImages: loading image done
2022-03-01 12:40:40.918 INFO Train - trainImages: finding the encoding of image
2022-03-01 12:40:41.101 INFO Train - trainImages: finding encoding of image is done
2022-03-01 12:40:41.101 INFO Train - trainImages: loading image
2022-03-01 12:40:41.104 DEBUG Train - trainImages: /home/vikasjoshis001/Desktop/Handtracking/FaceRecognition/images_to_train/Vikas-2022-03-01 12:40:33.978231/Vikas.b19e27fa-992e-11ec-8011-33f0d9e9c1a4.jpeg
2022-03-01 12:40:41.104 INFO Train - trainImages: loading image done
2022-03-01 12:40:41.104 INFO Train - trainImages: finding the encoding of image
2022-03-01 12:40:41.386 INFO Train - trainImages: finding encoding of image is done
2022-03-01 12:40:41.386 INFO Train - trainImages: loading image
2022-03-01 12:40:41.390 DEBUG Train - trainImages: /home/vikasjoshis001/Desktop/Handtracking/FaceRecognition/images_to_train/Vikas-2022-03-01 12:40:33.978231/Vikas.b0572bc7-992e-11ec-8011-33f0d9e9c1a4.jpeg
2022-03-01 12:40:41.390 INFO Train - trainImages: loading image done
2022-03-01 12:40:41.390 INFO Train - trainImages: finding the encoding of image
2022-03-01 12:40:41.707 INFO Train - trainImages: finding encoding of image is done
2022-03-01 12:40:41.707 INFO Train - trainImages: getting average of encodings of loaded images
2022-03-01 12:40:41.707 INFO Train - trainImages: done with getting average encodings
2022-03-01 12:40:41.707 INFO Train - trainImages: storing the name and encoding in local dictionary
2022-03-01 12:40:41.707 INFO Train - trainImages: stored name and encodes in local dictionary
2022-03-01 12:40:41.707 INFO Train - trainImages: storing the name and encodings in mongodb
2022-03-01 12:40:41.709 INFO Train - trainImages: stored all name and encodes in mongodb
2022-03-01 12:40:41.709 INFO Train - trainImages: started loading images and finding their encodings
2022-03-01 12:40:41.709 INFO Train - trainImages: loading image
2022-03-01 12:40:41.710 DEBUG Train - trainImages: /home/vikasjoshis001/Desktop/Handtracking/FaceRecognition/images_to_train/tyrion lannister/images5.jpeg
2022-03-01 12:40:41.710 INFO Train - trainImages: loading image done
2022-03-01 12:40:41.710 INFO Train - trainImages: finding the encoding of image
2022-03-01 12:40:41.822 INFO Train - trainImages: finding encoding of image is done
2022-03-01 12:40:41.822 INFO Train - trainImages: loading image
2022-03-01 12:40:41.823 DEBUG Train - trainImages: /home/vikasjoshis001/Desktop/Handtracking/FaceRecognition/images_to_train/tyrion lannister/index3.jpeg
2022-03-01 12:40:41.823 INFO Train - trainImages: loading image done
2022-03-01 12:40:41.823 INFO Train - trainImages: finding the encoding of image
2022-03-01 12:40:41.923 INFO Train - trainImages: finding encoding of image is done
2022-03-01 12:40:41.924 INFO Train - trainImages: loading image
2022-03-01 12:40:41.924 DEBUG Train - trainImages: /home/vikasjoshis001/Desktop/Handtracking/FaceRecognition/images_to_train/tyrion lannister/index1.jpeg
2022-03-01 12:40:41.925 INFO Train - trainImages: loading image done
2022-03-01 12:40:41.925 INFO Train - trainImages: finding the encoding of image
2022-03-01 12:40:42.022 INFO Train - trainImages: finding encoding of image is done
2022-03-01 12:40:42.022 INFO Train - trainImages: loading image
2022-03-01 12:40:42.022 DEBUG Train - trainImages: /home/vikasjoshis001/Desktop/Handtracking/FaceRecognition/images_to_train/tyrion lannister/index2.jpeg
2022-03-01 12:40:42.022 INFO Train - trainImages: loading image done
2022-03-01 12:40:42.022 INFO Train - trainImages: finding the encoding of image
2022-03-01 12:40:42.105 INFO Train - trainImages: finding encoding of image is done
2022-03-01 12:40:42.105 INFO Train - trainImages: loading image
2022-03-01 12:40:42.106 DEBUG Train - trainImages: /home/vikasjoshis001/Desktop/Handtracking/FaceRecognition/images_to_train/tyrion lannister/index4.jpeg
2022-03-01 12:40:42.106 INFO Train - trainImages: loading image done
2022-03-01 12:40:42.106 INFO Train - trainImages: finding the encoding of image
2022-03-01 12:40:42.208 INFO Train - trainImages: finding encoding of image is done
2022-03-01 12:40:42.208 INFO Train - trainImages: getting average of encodings of loaded images
2022-03-01 12:40:42.208 INFO Train - trainImages: done with getting average encodings
2022-03-01 12:40:42.208 INFO Train - trainImages: storing the name and encoding in local dictionary
2022-03-01 12:40:42.208 INFO Train - trainImages: stored name and encodes in local dictionary
2022-03-01 12:40:42.208 INFO Train - trainImages: storing the name and encodings in mongodb
2022-03-01 12:40:42.209 INFO Train - trainImages: stored all name and encodes in mongodb
2022-03-01 12:40:42.209 INFO Train - trainImages: started loading images and finding their encodings
2022-03-01 12:40:42.209 INFO Train - trainImages: loading image
2022-03-01 12:40:42.210 DEBUG Train - trainImages: /home/vikasjoshis001/Desktop/Handtracking/FaceRecognition/images_to_train/denerys targeryan/index3.jpeg
2022-03-01 12:40:42.210 INFO Train - trainImages: loading image done
2022-03-01 12:40:42.210 INFO Train - trainImages: finding the encoding of image
2022-03-01 12:40:42.275 INFO Train - trainImages: finding encoding of image is done
2022-03-01 12:40:42.275 INFO Train - trainImages: loading image
2022-03-01 12:40:42.275 DEBUG Train - trainImages: /home/vikasjoshis001/Desktop/Handtracking/FaceRecognition/images_to_train/denerys targeryan/index5.jpeg
2022-03-01 12:40:42.275 INFO Train - trainImages: loading image done
2022-03-01 12:40:42.275 INFO Train - trainImages: finding the encoding of image
2022-03-01 12:40:42.341 INFO Train - trainImages: finding encoding of image is done
2022-03-01 12:40:42.341 INFO Train - trainImages: loading image
2022-03-01 12:40:42.342 DEBUG Train - trainImages: /home/vikasjoshis001/Desktop/Handtracking/FaceRecognition/images_to_train/denerys targeryan/index1.jpeg
2022-03-01 12:40:42.342 INFO Train - trainImages: loading image done
2022-03-01 12:40:42.342 INFO Train - trainImages: finding the encoding of image
2022-03-01 12:40:42.409 INFO Train - trainImages: finding encoding of image is done
2022-03-01 12:40:42.410 INFO Train - trainImages: loading image
2022-03-01 12:40:42.410 DEBUG Train - trainImages: /home/vikasjoshis001/Desktop/Handtracking/FaceRecognition/images_to_train/denerys targeryan/index2.jpeg
2022-03-01 12:40:42.410 INFO Train - trainImages: loading image done
2022-03-01 12:40:42.410 INFO Train - trainImages: finding the encoding of image
2022-03-01 12:40:42.477 INFO Train - trainImages: finding encoding of image is done
2022-03-01 12:40:42.477 INFO Train - trainImages: loading image
2022-03-01 12:40:42.478 DEBUG Train - trainImages: /home/vikasjoshis001/Desktop/Handtracking/FaceRecognition/images_to_train/denerys targeryan/index4.jpeg
2022-03-01 12:40:42.478 INFO Train - trainImages: loading image done
2022-03-01 12:40:42.478 INFO Train - trainImages: finding the encoding of image
2022-03-01 12:40:42.542 INFO Train - trainImages: finding encoding of image is done
2022-03-01 12:40:42.542 INFO Train - trainImages: getting average of encodings of loaded images
2022-03-01 12:40:42.543 INFO Train - trainImages: done with getting average encodings
2022-03-01 12:40:42.543 INFO Train - trainImages: storing the name and encoding in local dictionary
2022-03-01 12:40:42.543 INFO Train - trainImages: stored name and encodes in local dictionary
2022-03-01 12:40:42.543 INFO Train - trainImages: storing the name and encodings in mongodb
2022-03-01 12:40:42.544 INFO Train - trainImages: stored all name and encodes in mongodb
2022-03-01 12:40:42.544 INFO Train - trainImages: started loading images and finding their encodings
2022-03-01 12:40:42.544 INFO Train - trainImages: loading image
2022-03-01 12:40:42.546 DEBUG Train - trainImages: /home/vikasjoshis001/Desktop/Handtracking/FaceRecognition/images_to_train/Mangesh/Mangesh.3000c093-960c-11ec-a6b1-2f237028861a.jpeg
2022-03-01 12:40:42.546 INFO Train - trainImages: loading image done
2022-03-01 12:40:42.546 INFO Train - trainImages: finding the encoding of image
2022-03-01 12:40:42.722 INFO Train - trainImages: finding encoding of image is done
2022-03-01 12:40:42.722 INFO Train - trainImages: loading image
2022-03-01 12:40:42.724 DEBUG Train - trainImages: /home/vikasjoshis001/Desktop/Handtracking/FaceRecognition/images_to_train/Mangesh/Mangesh.3283bb58-960c-11ec-a6b1-2f237028861a.jpeg
2022-03-01 12:40:42.724 INFO Train - trainImages: loading image done
2022-03-01 12:40:42.724 INFO Train - trainImages: finding the encoding of image
2022-03-01 12:40:42.900 INFO Train - trainImages: finding encoding of image is done
2022-03-01 12:40:42.900 INFO Train - trainImages: loading image
2022-03-01 12:40:42.902 DEBUG Train - trainImages: /home/vikasjoshis001/Desktop/Handtracking/FaceRecognition/images_to_train/Mangesh/Mangesh.314bc26c-960c-11ec-a6b1-2f237028861a.jpeg
2022-03-01 12:40:42.902 INFO Train - trainImages: loading image done
2022-03-01 12:40:42.902 INFO Train - trainImages: finding the encoding of image
2022-03-01 12:40:43.079 INFO Train - trainImages: finding encoding of image is done
2022-03-01 12:40:43.079 INFO Train - trainImages: loading image
2022-03-01 12:40:43.081 DEBUG Train - trainImages: /home/vikasjoshis001/Desktop/Handtracking/FaceRecognition/images_to_train/Mangesh/Mangesh.314bc26d-960c-11ec-a6b1-2f237028861a.jpeg
2022-03-01 12:40:43.081 INFO Train - trainImages: loading image done
2022-03-01 12:40:43.081 INFO Train - trainImages: finding the encoding of image
2022-03-01 12:40:43.257 INFO Train - trainImages: finding encoding of image is done
2022-03-01 12:40:43.257 INFO Train - trainImages: loading image
2022-03-01 12:40:43.260 DEBUG Train - trainImages: /home/vikasjoshis001/Desktop/Handtracking/FaceRecognition/images_to_train/Mangesh/Mangesh.3000c092-960c-11ec-a6b1-2f237028861a.jpeg
2022-03-01 12:40:43.260 INFO Train - trainImages: loading image done
2022-03-01 12:40:43.260 INFO Train - trainImages: finding the encoding of image
2022-03-01 12:40:43.436 INFO Train - trainImages: finding encoding of image is done
2022-03-01 12:40:43.437 INFO Train - trainImages: getting average of encodings of loaded images
2022-03-01 12:40:43.437 INFO Train - trainImages: done with getting average encodings
2022-03-01 12:40:43.437 INFO Train - trainImages: storing the name and encoding in local dictionary
2022-03-01 12:40:43.437 INFO Train - trainImages: stored name and encodes in local dictionary
2022-03-01 12:40:43.437 INFO Train - trainImages: storing the name and encodings in mongodb
2022-03-01 12:40:43.438 INFO Train - trainImages: stored all name and encodes in mongodb
2022-03-01 12:40:43.438 INFO Train - trainImages: started loading images and finding their encodings
2022-03-01 12:40:43.438 INFO Train - trainImages: loading image
2022-03-01 12:40:43.438 DEBUG Train - trainImages: /home/vikasjoshis001/Desktop/Handtracking/FaceRecognition/images_to_train/cersie lannister/index3.jpeg
2022-03-01 12:40:43.438 INFO Train - trainImages: loading image done
2022-03-01 12:40:43.438 INFO Train - trainImages: finding the encoding of image
2022-03-01 12:40:43.503 INFO Train - trainImages: finding encoding of image is done
2022-03-01 12:40:43.503 INFO Train - trainImages: loading image
2022-03-01 12:40:43.504 DEBUG Train - trainImages: /home/vikasjoshis001/Desktop/Handtracking/FaceRecognition/images_to_train/cersie lannister/index5.jpeg
2022-03-01 12:40:43.504 INFO Train - trainImages: loading image done
2022-03-01 12:40:43.504 INFO Train - trainImages: finding the encoding of image
2022-03-01 12:40:43.567 INFO Train - trainImages: finding encoding of image is done
2022-03-01 12:40:43.568 INFO Train - trainImages: loading image
2022-03-01 12:40:43.568 DEBUG Train - trainImages: /home/vikasjoshis001/Desktop/Handtracking/FaceRecognition/images_to_train/cersie lannister/index2.jpeg
2022-03-01 12:40:43.568 INFO Train - trainImages: loading image done
2022-03-01 12:40:43.568 INFO Train - trainImages: finding the encoding of image
2022-03-01 12:40:43.634 INFO Train - trainImages: finding encoding of image is done
2022-03-01 12:40:43.634 INFO Train - trainImages: loading image
2022-03-01 12:40:43.634 DEBUG Train - trainImages: /home/vikasjoshis001/Desktop/Handtracking/FaceRecognition/images_to_train/cersie lannister/index4.jpeg
2022-03-01 12:40:43.635 INFO Train - trainImages: loading image done
2022-03-01 12:40:43.635 INFO Train - trainImages: finding the encoding of image
2022-03-01 12:40:43.699 INFO Train - trainImages: finding encoding of image is done
2022-03-01 12:40:43.699 INFO Train - trainImages: getting average of encodings of loaded images
2022-03-01 12:40:43.699 INFO Train - trainImages: done with getting average encodings
2022-03-01 12:40:43.699 INFO Train - trainImages: storing the name and encoding in local dictionary
2022-03-01 12:40:43.699 INFO Train - trainImages: stored name and encodes in local dictionary
2022-03-01 12:40:43.699 INFO Train - trainImages: storing the name and encodings in mongodb
2022-03-01 12:40:43.700 INFO Train - trainImages: stored all name and encodes in mongodb
2022-03-01 12:40:43.700 INFO Train - trainImages: started loading images and finding their encodings
2022-03-01 12:40:43.700 INFO Train - trainImages: loading image
2022-03-01 12:40:43.701 DEBUG Train - trainImages: /home/vikasjoshis001/Desktop/Handtracking/FaceRecognition/images_to_train/king in the north/index.jpeg
2022-03-01 12:40:43.701 INFO Train - trainImages: loading image done
2022-03-01 12:40:43.701 INFO Train - trainImages: finding the encoding of image
2022-03-01 12:40:43.767 INFO Train - trainImages: finding encoding of image is done
2022-03-01 12:40:43.767 INFO Train - trainImages: loading image
2022-03-01 12:40:43.767 DEBUG Train - trainImages: /home/vikasjoshis001/Desktop/Handtracking/FaceRecognition/images_to_train/king in the north/index3.jpeg
2022-03-01 12:40:43.767 INFO Train - trainImages: loading image done
2022-03-01 12:40:43.767 INFO Train - trainImages: finding the encoding of image
2022-03-01 12:40:43.834 INFO Train - trainImages: finding encoding of image is done
2022-03-01 12:40:43.834 INFO Train - trainImages: loading image
2022-03-01 12:40:43.834 DEBUG Train - trainImages: /home/vikasjoshis001/Desktop/Handtracking/FaceRecognition/images_to_train/king in the north/index5.jpeg
2022-03-01 12:40:43.834 INFO Train - trainImages: loading image done
2022-03-01 12:40:43.835 INFO Train - trainImages: finding the encoding of image
2022-03-01 12:40:43.899 INFO Train - trainImages: finding encoding of image is done
2022-03-01 12:40:43.899 INFO Train - trainImages: loading image
2022-03-01 12:40:43.900 DEBUG Train - trainImages: /home/vikasjoshis001/Desktop/Handtracking/FaceRecognition/images_to_train/king in the north/index2.jpeg
2022-03-01 12:40:43.900 INFO Train - trainImages: loading image done
2022-03-01 12:40:43.900 INFO Train - trainImages: finding the encoding of image
2022-03-01 12:40:43.964 INFO Train - trainImages: finding encoding of image is done
2022-03-01 12:40:43.964 INFO Train - trainImages: loading image
2022-03-01 12:40:43.965 DEBUG Train - trainImages: /home/vikasjoshis001/Desktop/Handtracking/FaceRecognition/images_to_train/king in the north/index4.jpeg
2022-03-01 12:40:43.965 INFO Train - trainImages: loading image done
2022-03-01 12:40:43.965 INFO Train - trainImages: finding the encoding of image
2022-03-01 12:40:44.033 INFO Train - trainImages: finding encoding of image is done
2022-03-01 12:40:44.033 INFO Train - trainImages: getting average of encodings of loaded images
2022-03-01 12:40:44.033 INFO Train - trainImages: done with getting average encodings
2022-03-01 12:40:44.034 INFO Train - trainImages: storing the name and encoding in local dictionary
2022-03-01 12:40:44.034 INFO Train - trainImages: stored name and encodes in local dictionary
2022-03-01 12:40:44.034 INFO Train - trainImages: storing the name and encodings in mongodb
2022-03-01 12:40:44.034 INFO Train - trainImages: stored all name and encodes in mongodb
2022-03-01 12:40:44.034 INFO Train - trainImages: started loading images and finding their encodings
2022-03-01 12:40:44.034 INFO Train - trainImages: loading image
2022-03-01 12:40:44.035 DEBUG Train - trainImages: /home/vikasjoshis001/Desktop/Handtracking/FaceRecognition/images_to_train/arya stark/index.jpeg
2022-03-01 12:40:44.035 INFO Train - trainImages: loading image done
2022-03-01 12:40:44.035 INFO Train - trainImages: finding the encoding of image
2022-03-01 12:40:44.101 INFO Train - trainImages: finding encoding of image is done
2022-03-01 12:40:44.101 INFO Train - trainImages: loading image
2022-03-01 12:40:44.102 DEBUG Train - trainImages: /home/vikasjoshis001/Desktop/Handtracking/FaceRecognition/images_to_train/arya stark/index3.jpeg
2022-03-01 12:40:44.102 INFO Train - trainImages: loading image done
2022-03-01 12:40:44.102 INFO Train - trainImages: finding the encoding of image
2022-03-01 12:40:44.172 INFO Train - trainImages: finding encoding of image is done
2022-03-01 12:40:44.172 INFO Train - trainImages: loading image
2022-03-01 12:40:44.172 DEBUG Train - trainImages: /home/vikasjoshis001/Desktop/Handtracking/FaceRecognition/images_to_train/arya stark/index5.jpeg
2022-03-01 12:40:44.173 INFO Train - trainImages: loading image done
2022-03-01 12:40:44.173 INFO Train - trainImages: finding the encoding of image
2022-03-01 12:40:44.239 INFO Train - trainImages: finding encoding of image is done
2022-03-01 12:40:44.239 INFO Train - trainImages: loading image
2022-03-01 12:40:44.240 DEBUG Train - trainImages: /home/vikasjoshis001/Desktop/Handtracking/FaceRecognition/images_to_train/arya stark/index2.jpeg
2022-03-01 12:40:44.240 INFO Train - trainImages: loading image done
2022-03-01 12:40:44.240 INFO Train - trainImages: finding the encoding of image
2022-03-01 12:40:44.305 INFO Train - trainImages: finding encoding of image is done
2022-03-01 12:40:44.305 INFO Train - trainImages: loading image
2022-03-01 12:40:44.306 DEBUG Train - trainImages: /home/vikasjoshis001/Desktop/Handtracking/FaceRecognition/images_to_train/arya stark/images4.jpeg
2022-03-01 12:40:44.306 INFO Train - trainImages: loading image done
2022-03-01 12:40:44.306 INFO Train - trainImages: finding the encoding of image
2022-03-01 12:40:44.369 INFO Train - trainImages: finding encoding of image is done
2022-03-01 12:40:44.369 INFO Train - trainImages: getting average of encodings of loaded images
2022-03-01 12:40:44.370 INFO Train - trainImages: done with getting average encodings
2022-03-01 12:40:44.370 INFO Train - trainImages: storing the name and encoding in local dictionary
2022-03-01 12:40:44.370 INFO Train - trainImages: stored name and encodes in local dictionary
2022-03-01 12:40:44.370 INFO Train - trainImages: storing the name and encodings in mongodb
2022-03-01 12:40:44.370 INFO Train - trainImages: stored all name and encodes in mongodb
