2022-04-01 07:01:58.038 INFO Train - trainImages: MongoDB database connected successfully
2022-04-01 07:01:58.045 INFO Train - trainImages: collected all folders in known_people folder
2022-04-01 07:01:58.046 DEBUG Train - trainImages: ['tyrion lannister', 'denerys targeryan', 'fhtjg-2022-04-01 06:53:48.420305', 'vfbgfhg-2022-04-01 06:34:43.835860', 'Hello-2022-04-01 06:06:43.242173', 'ghfh-2022-04-01 06:36:12.128100', 'y-2022-04-01 07:01:46.303390', 'fedsgfvdhg-2022-04-01 06:29:54.369493', 'Vikasafd-2022-04-01 06:18:02.414298', 'cersie lannister', 'Vikas-2022-03-31 13:17:26.260103', 'king in the north', 'jhgkm-2022-04-01 06:52:01.222160', ',j-2022-04-01 06:52:52.475946', 'fdbgf-2022-04-01 06:51:09.169578', 'hmjmjm-2022-04-01 06:49:03.851652', 'OJdihfj-2022-04-01 06:41:45.047193', 'jfhkjg-2022-04-01 06:37:04.905084', 'fdsfg-2022-04-01 06:31:00.007557', 'UIO-2022-04-01 06:08:24.896094', 'arya stark', 'hhh-2022-04-01 06:44:57.963327', 'lvkn;lhk-2022-04-01 06:42:39.157330', 'bgcnhgnvbngh-2022-04-01 06:34:02.139502', 'nnhm-2022-04-01 06:35:32.890275']
2022-04-01 07:01:58.049 INFO Train - trainImages: collected all images from all folders in known_people folder
2022-04-01 07:01:58.050 DEBUG Train - trainImages: [['/home/vikasjoshis001/Desktop/Gestures/images_to_train/tyrion lannister/images5.jpeg', '/home/vikasjoshis001/Desktop/Gestures/images_to_train/tyrion lannister/index3.jpeg', '/home/vikasjoshis001/Desktop/Gestures/images_to_train/tyrion lannister/index1.jpeg', '/home/vikasjoshis001/Desktop/Gestures/images_to_train/tyrion lannister/index2.jpeg', '/home/vikasjoshis001/Desktop/Gestures/images_to_train/tyrion lannister/index4.jpeg'], ['/home/vikasjoshis001/Desktop/Gestures/images_to_train/denerys targeryan/index3.jpeg', '/home/vikasjoshis001/Desktop/Gestures/images_to_train/denerys targeryan/index5.jpeg', '/home/vikasjoshis001/Desktop/Gestures/images_to_train/denerys targeryan/index1.jpeg', '/home/vikasjoshis001/Desktop/Gestures/images_to_train/denerys targeryan/index2.jpeg', '/home/vikasjoshis001/Desktop/Gestures/images_to_train/denerys targeryan/index4.jpeg'], ['/home/vikasjoshis001/Desktop/Gestures/images_to_train/fhtjg-2022-04-01 06:53:48.420305/fhtjg.6309b458-b15a-11ec-ae44-cb6983774605.jpeg', '/home/vikasjoshis001/Desktop/Gestures/images_to_train/fhtjg-2022-04-01 06:53:48.420305/fhtjg.61c5cfd3-b15a-11ec-ae44-cb6983774605.jpeg', '/home/vikasjoshis001/Desktop/Gestures/images_to_train/fhtjg-2022-04-01 06:53:48.420305/fhtjg.643dda70-b15a-11ec-ae44-cb6983774605.jpeg', '/home/vikasjoshis001/Desktop/Gestures/images_to_train/fhtjg-2022-04-01 06:53:48.420305/fhtjg.61c5cfd2-b15a-11ec-ae44-cb6983774605.jpeg', '/home/vikasjoshis001/Desktop/Gestures/images_to_train/fhtjg-2022-04-01 06:53:48.420305/fhtjg.6309b459-b15a-11ec-ae44-cb6983774605.jpeg'], ['/home/vikasjoshis001/Desktop/Gestures/images_to_train/vfbgfhg-2022-04-01 06:34:43.835860/vfbgfhg.b78c50d8-b157-11ec-ae44-cb6983774605.jpeg', '/home/vikasjoshis001/Desktop/Gestures/images_to_train/vfbgfhg-2022-04-01 06:34:43.835860/vfbgfhg.b8d4b701-b157-11ec-ae44-cb6983774605.jpeg', '/home/vikasjoshis001/Desktop/Gestures/images_to_train/vfbgfhg-2022-04-01 06:34:43.835860/vfbgfhg.ba0b01b0-b157-11ec-ae44-cb6983774605.jpeg', '/home/vikasjoshis001/Desktop/Gestures/images_to_train/vfbgfhg-2022-04-01 06:34:43.835860/vfbgfhg.b78c50d9-b157-11ec-ae44-cb6983774605.jpeg', '/home/vikasjoshis001/Desktop/Gestures/images_to_train/vfbgfhg-2022-04-01 06:34:43.835860/vfbgfhg.b8d4b700-b157-11ec-ae44-cb6983774605.jpeg'], ['/home/vikasjoshis001/Desktop/Gestures/images_to_train/Hello-2022-04-01 06:06:43.242173/Hello.cdd62f53-b153-11ec-ae44-cb6983774605.jpeg', '/home/vikasjoshis001/Desktop/Gestures/images_to_train/Hello-2022-04-01 06:06:43.242173/Hello.cf21c952-b153-11ec-ae44-cb6983774605.jpeg', '/home/vikasjoshis001/Desktop/Gestures/images_to_train/Hello-2022-04-01 06:06:43.242173/Hello.d0570634-b153-11ec-ae44-cb6983774605.jpeg', '/home/vikasjoshis001/Desktop/Gestures/images_to_train/Hello-2022-04-01 06:06:43.242173/Hello.cdd62f52-b153-11ec-ae44-cb6983774605.jpeg', '/home/vikasjoshis001/Desktop/Gestures/images_to_train/Hello-2022-04-01 06:06:43.242173/Hello.cf21c953-b153-11ec-ae44-cb6983774605.jpeg'], ['/home/vikasjoshis001/Desktop/Gestures/images_to_train/ghfh-2022-04-01 06:36:12.128100/ghfh.ed712782-b157-11ec-ae44-cb6983774605.jpeg', '/home/vikasjoshis001/Desktop/Gestures/images_to_train/ghfh-2022-04-01 06:36:12.128100/ghfh.ec2c5a91-b157-11ec-ae44-cb6983774605.jpeg', '/home/vikasjoshis001/Desktop/Gestures/images_to_train/ghfh-2022-04-01 06:36:12.128100/ghfh.ec2c5a90-b157-11ec-ae44-cb6983774605.jpeg', '/home/vikasjoshis001/Desktop/Gestures/images_to_train/ghfh-2022-04-01 06:36:12.128100/ghfh.ed712783-b157-11ec-ae44-cb6983774605.jpeg', '/home/vikasjoshis001/Desktop/Gestures/images_to_train/ghfh-2022-04-01 06:36:12.128100/ghfh.eea60190-b157-11ec-ae44-cb6983774605.jpeg'], ['/home/vikasjoshis001/Desktop/Gestures/images_to_train/y-2022-04-01 07:01:46.303390/y.8137dfda-b15b-11ec-ae44-cb6983774605.jpeg', '/home/vikasjoshis001/Desktop/Gestures/images_to_train/y-2022-04-01 07:01:46.303390/y.7e9ce4bf-b15b-11ec-ae44-cb6983774605.jpeg', '/home/vikasjoshis001/Desktop/Gestures/images_to_train/y-2022-04-01 07:01:46.303390/y.7e9ce4be-b15b-11ec-ae44-cb6983774605.jpeg', '/home/vikasjoshis001/Desktop/Gestures/images_to_train/y-2022-04-01 07:01:46.303390/y.8002d23c-b15b-11ec-ae44-cb6983774605.jpeg', '/home/vikasjoshis001/Desktop/Gestures/images_to_train/y-2022-04-01 07:01:46.303390/y.8002d23d-b15b-11ec-ae44-cb6983774605.jpeg'], ['/home/vikasjoshis001/Desktop/Gestures/images_to_train/fedsgfvdhg-2022-04-01 06:29:54.369493/fedsgfvdhg.0c47a2ae-b157-11ec-ae44-cb6983774605.jpeg', '/home/vikasjoshis001/Desktop/Gestures/images_to_train/fedsgfvdhg-2022-04-01 06:29:54.369493/fedsgfvdhg.0c47a2af-b157-11ec-ae44-cb6983774605.jpeg', '/home/vikasjoshis001/Desktop/Gestures/images_to_train/fedsgfvdhg-2022-04-01 06:29:54.369493/fedsgfvdhg.0b0382a1-b157-11ec-ae44-cb6983774605.jpeg', '/home/vikasjoshis001/Desktop/Gestures/images_to_train/fedsgfvdhg-2022-04-01 06:29:54.369493/fedsgfvdhg.0b0382a0-b157-11ec-ae44-cb6983774605.jpeg', '/home/vikasjoshis001/Desktop/Gestures/images_to_train/fedsgfvdhg-2022-04-01 06:29:54.369493/fedsgfvdhg.0d7c29f6-b157-11ec-ae44-cb6983774605.jpeg'], ['/home/vikasjoshis001/Desktop/Gestures/images_to_train/Vikasafd-2022-04-01 06:18:02.414298/Vikasafd.63ec76ee-b155-11ec-ae44-cb6983774605.jpeg', '/home/vikasjoshis001/Desktop/Gestures/images_to_train/Vikasafd-2022-04-01 06:18:02.414298/Vikasafd.6520d1ae-b155-11ec-ae44-cb6983774605.jpeg', '/home/vikasjoshis001/Desktop/Gestures/images_to_train/Vikasafd-2022-04-01 06:18:02.414298/Vikasafd.62a72799-b155-11ec-ae44-cb6983774605.jpeg', '/home/vikasjoshis001/Desktop/Gestures/images_to_train/Vikasafd-2022-04-01 06:18:02.414298/Vikasafd.63ec76ef-b155-11ec-ae44-cb6983774605.jpeg', '/home/vikasjoshis001/Desktop/Gestures/images_to_train/Vikasafd-2022-04-01 06:18:02.414298/Vikasafd.62a72798-b155-11ec-ae44-cb6983774605.jpeg'], ['/home/vikasjoshis001/Desktop/Gestures/images_to_train/cersie lannister/index3.jpeg', '/home/vikasjoshis001/Desktop/Gestures/images_to_train/cersie lannister/index5.jpeg', '/home/vikasjoshis001/Desktop/Gestures/images_to_train/cersie lannister/index2.jpeg', '/home/vikasjoshis001/Desktop/Gestures/images_to_train/cersie lannister/index4.jpeg'], ['/home/vikasjoshis001/Desktop/Gestures/images_to_train/Vikas-2022-03-31 13:17:26.260103/Vikas.d18bc824-b0c6-11ec-95c9-353773ec36e1.jpeg', '/home/vikasjoshis001/Desktop/Gestures/images_to_train/Vikas-2022-03-31 13:17:26.260103/Vikas.d056c17b-b0c6-11ec-95c9-353773ec36e1.jpeg', '/home/vikasjoshis001/Desktop/Gestures/images_to_train/Vikas-2022-03-31 13:17:26.260103/Vikas.cf0c4b78-b0c6-11ec-95c9-353773ec36e1.jpeg', '/home/vikasjoshis001/Desktop/Gestures/images_to_train/Vikas-2022-03-31 13:17:26.260103/Vikas.cf0c4b79-b0c6-11ec-95c9-353773ec36e1.jpeg', '/home/vikasjoshis001/Desktop/Gestures/images_to_train/Vikas-2022-03-31 13:17:26.260103/Vikas.d056c17a-b0c6-11ec-95c9-353773ec36e1.jpeg'], ['/home/vikasjoshis001/Desktop/Gestures/images_to_train/king in the north/index.jpeg', '/home/vikasjoshis001/Desktop/Gestures/images_to_train/king in the north/index3.jpeg', '/home/vikasjoshis001/Desktop/Gestures/images_to_train/king in the north/index5.jpeg', '/home/vikasjoshis001/Desktop/Gestures/images_to_train/king in the north/index2.jpeg', '/home/vikasjoshis001/Desktop/Gestures/images_to_train/king in the north/index4.jpeg'], ['/home/vikasjoshis001/Desktop/Gestures/images_to_train/jhgkm-2022-04-01 06:52:01.222160/jhgkm.21e0f799-b15a-11ec-ae44-cb6983774605.jpeg', '/home/vikasjoshis001/Desktop/Gestures/images_to_train/jhgkm-2022-04-01 06:52:01.222160/jhgkm.2460b134-b15a-11ec-ae44-cb6983774605.jpeg', '/home/vikasjoshis001/Desktop/Gestures/images_to_train/jhgkm-2022-04-01 06:52:01.222160/jhgkm.232bd08d-b15a-11ec-ae44-cb6983774605.jpeg', '/home/vikasjoshis001/Desktop/Gestures/images_to_train/jhgkm-2022-04-01 06:52:01.222160/jhgkm.21e0f798-b15a-11ec-ae44-cb6983774605.jpeg', '/home/vikasjoshis001/Desktop/Gestures/images_to_train/jhgkm-2022-04-01 06:52:01.222160/jhgkm.232bd08c-b15a-11ec-ae44-cb6983774605.jpeg'], ['/home/vikasjoshis001/Desktop/Gestures/images_to_train/,j-2022-04-01 06:52:52.475946/,j.42e77444-b15a-11ec-ae44-cb6983774605.jpeg', '/home/vikasjoshis001/Desktop/Gestures/images_to_train/,j-2022-04-01 06:52:52.475946/,j.41b212f0-b15a-11ec-ae44-cb6983774605.jpeg', '/home/vikasjoshis001/Desktop/Gestures/images_to_train/,j-2022-04-01 06:52:52.475946/,j.406d70ce-b15a-11ec-ae44-cb6983774605.jpeg', '/home/vikasjoshis001/Desktop/Gestures/images_to_train/,j-2022-04-01 06:52:52.475946/,j.41b212f1-b15a-11ec-ae44-cb6983774605.jpeg', '/home/vikasjoshis001/Desktop/Gestures/images_to_train/,j-2022-04-01 06:52:52.475946/,j.406d70cf-b15a-11ec-ae44-cb6983774605.jpeg'], ['/home/vikasjoshis001/Desktop/Gestures/images_to_train/fdbgf-2022-04-01 06:51:09.169578/fdbgf.02dad211-b15a-11ec-ae44-cb6983774605.jpeg', '/home/vikasjoshis001/Desktop/Gestures/images_to_train/fdbgf-2022-04-01 06:51:09.169578/fdbgf.02dad210-b15a-11ec-ae44-cb6983774605.jpeg', '/home/vikasjoshis001/Desktop/Gestures/images_to_train/fdbgf-2022-04-01 06:51:09.169578/fdbgf.041ff704-b15a-11ec-ae44-cb6983774605.jpeg', '/home/vikasjoshis001/Desktop/Gestures/images_to_train/fdbgf-2022-04-01 06:51:09.169578/fdbgf.055446f2-b15a-11ec-ae44-cb6983774605.jpeg', '/home/vikasjoshis001/Desktop/Gestures/images_to_train/fdbgf-2022-04-01 06:51:09.169578/fdbgf.041ff705-b15a-11ec-ae44-cb6983774605.jpeg'], ['/home/vikasjoshis001/Desktop/Gestures/images_to_train/hmjmjm-2022-04-01 06:49:03.851652/hmjmjm.b96e0642-b159-11ec-ae44-cb6983774605.jpeg', '/home/vikasjoshis001/Desktop/Gestures/images_to_train/hmjmjm-2022-04-01 06:49:03.851652/hmjmjm.baa2aba8-b159-11ec-ae44-cb6983774605.jpeg', '/home/vikasjoshis001/Desktop/Gestures/images_to_train/hmjmjm-2022-04-01 06:49:03.851652/hmjmjm.b8283122-b159-11ec-ae44-cb6983774605.jpeg', '/home/vikasjoshis001/Desktop/Gestures/images_to_train/hmjmjm-2022-04-01 06:49:03.851652/hmjmjm.b8283123-b159-11ec-ae44-cb6983774605.jpeg', '/home/vikasjoshis001/Desktop/Gestures/images_to_train/hmjmjm-2022-04-01 06:49:03.851652/hmjmjm.b96e0643-b159-11ec-ae44-cb6983774605.jpeg'], ['/home/vikasjoshis001/Desktop/Gestures/images_to_train/OJdihfj-2022-04-01 06:41:45.047193/OJdihfj.b29c3dbd-b158-11ec-ae44-cb6983774605.jpeg', '/home/vikasjoshis001/Desktop/Gestures/images_to_train/OJdihfj-2022-04-01 06:41:45.047193/OJdihfj.b51c4758-b158-11ec-ae44-cb6983774605.jpeg', '/home/vikasjoshis001/Desktop/Gestures/images_to_train/OJdihfj-2022-04-01 06:41:45.047193/OJdihfj.b29c3dbc-b158-11ec-ae44-cb6983774605.jpeg', '/home/vikasjoshis001/Desktop/Gestures/images_to_train/OJdihfj-2022-04-01 06:41:45.047193/OJdihfj.b3e76661-b158-11ec-ae44-cb6983774605.jpeg', '/home/vikasjoshis001/Desktop/Gestures/images_to_train/OJdihfj-2022-04-01 06:41:45.047193/OJdihfj.b3e76660-b158-11ec-ae44-cb6983774605.jpeg'], ['/home/vikasjoshis001/Desktop/Gestures/images_to_train/jfhkjg-2022-04-01 06:37:04.905084/jfhkjg.0ceab510-b158-11ec-ae44-cb6983774605.jpeg', '/home/vikasjoshis001/Desktop/Gestures/images_to_train/jfhkjg-2022-04-01 06:37:04.905084/jfhkjg.0ceab511-b158-11ec-ae44-cb6983774605.jpeg', '/home/vikasjoshis001/Desktop/Gestures/images_to_train/jfhkjg-2022-04-01 06:37:04.905084/jfhkjg.0e1fb85e-b158-11ec-ae44-cb6983774605.jpeg', '/home/vikasjoshis001/Desktop/Gestures/images_to_train/jfhkjg-2022-04-01 06:37:04.905084/jfhkjg.0ba1782e-b158-11ec-ae44-cb6983774605.jpeg', '/home/vikasjoshis001/Desktop/Gestures/images_to_train/jfhkjg-2022-04-01 06:37:04.905084/jfhkjg.0ba1782f-b158-11ec-ae44-cb6983774605.jpeg'], ['/home/vikasjoshis001/Desktop/Gestures/images_to_train/fdsfg-2022-04-01 06:31:00.007557/fdsfg.3222a709-b157-11ec-ae44-cb6983774605.jpeg', '/home/vikasjoshis001/Desktop/Gestures/images_to_train/fdsfg-2022-04-01 06:31:00.007557/fdsfg.33671982-b157-11ec-ae44-cb6983774605.jpeg', '/home/vikasjoshis001/Desktop/Gestures/images_to_train/fdsfg-2022-04-01 06:31:00.007557/fdsfg.33671983-b157-11ec-ae44-cb6983774605.jpeg', '/home/vikasjoshis001/Desktop/Gestures/images_to_train/fdsfg-2022-04-01 06:31:00.007557/fdsfg.349ba318-b157-11ec-ae44-cb6983774605.jpeg', '/home/vikasjoshis001/Desktop/Gestures/images_to_train/fdsfg-2022-04-01 06:31:00.007557/fdsfg.3222a708-b157-11ec-ae44-cb6983774605.jpeg'], ['/home/vikasjoshis001/Desktop/Gestures/images_to_train/UIO-2022-04-01 06:08:24.896094/UIO.0a6d3245-b154-11ec-ae44-cb6983774605.jpeg', '/home/vikasjoshis001/Desktop/Gestures/images_to_train/UIO-2022-04-01 06:08:24.896094/UIO.0bbc7cb9-b154-11ec-ae44-cb6983774605.jpeg', '/home/vikasjoshis001/Desktop/Gestures/images_to_train/UIO-2022-04-01 06:08:24.896094/UIO.0bbc7cb8-b154-11ec-ae44-cb6983774605.jpeg', '/home/vikasjoshis001/Desktop/Gestures/images_to_train/UIO-2022-04-01 06:08:24.896094/UIO.0a6d3244-b154-11ec-ae44-cb6983774605.jpeg', '/home/vikasjoshis001/Desktop/Gestures/images_to_train/UIO-2022-04-01 06:08:24.896094/UIO.0cf136d2-b154-11ec-ae44-cb6983774605.jpeg'], ['/home/vikasjoshis001/Desktop/Gestures/images_to_train/arya stark/index.jpeg', '/home/vikasjoshis001/Desktop/Gestures/images_to_train/arya stark/index3.jpeg', '/home/vikasjoshis001/Desktop/Gestures/images_to_train/arya stark/index5.jpeg', '/home/vikasjoshis001/Desktop/Gestures/images_to_train/arya stark/index2.jpeg', '/home/vikasjoshis001/Desktop/Gestures/images_to_train/arya stark/images4.jpeg'], ['/home/vikasjoshis001/Desktop/Gestures/images_to_train/hhh-2022-04-01 06:44:57.963327/hhh.25986278-b159-11ec-ae44-cb6983774605.jpeg', '/home/vikasjoshis001/Desktop/Gestures/images_to_train/hhh-2022-04-01 06:44:57.963327/hhh.26dc8538-b159-11ec-ae44-cb6983774605.jpeg', '/home/vikasjoshis001/Desktop/Gestures/images_to_train/hhh-2022-04-01 06:44:57.963327/hhh.28114740-b159-11ec-ae44-cb6983774605.jpeg', '/home/vikasjoshis001/Desktop/Gestures/images_to_train/hhh-2022-04-01 06:44:57.963327/hhh.26dc8539-b159-11ec-ae44-cb6983774605.jpeg', '/home/vikasjoshis001/Desktop/Gestures/images_to_train/hhh-2022-04-01 06:44:57.963327/hhh.25986279-b159-11ec-ae44-cb6983774605.jpeg'], ['/home/vikasjoshis001/Desktop/Gestures/images_to_train/lvkn;lhk-2022-04-01 06:42:39.157330/lvkn;lhk.d2dc65ac-b158-11ec-ae44-cb6983774605.jpeg', '/home/vikasjoshis001/Desktop/Gestures/images_to_train/lvkn;lhk-2022-04-01 06:42:39.157330/lvkn;lhk.d4222b36-b158-11ec-ae44-cb6983774605.jpeg', '/home/vikasjoshis001/Desktop/Gestures/images_to_train/lvkn;lhk-2022-04-01 06:42:39.157330/lvkn;lhk.d5570328-b158-11ec-ae44-cb6983774605.jpeg', '/home/vikasjoshis001/Desktop/Gestures/images_to_train/lvkn;lhk-2022-04-01 06:42:39.157330/lvkn;lhk.d4222b37-b158-11ec-ae44-cb6983774605.jpeg', '/home/vikasjoshis001/Desktop/Gestures/images_to_train/lvkn;lhk-2022-04-01 06:42:39.157330/lvkn;lhk.d2dc65ad-b158-11ec-ae44-cb6983774605.jpeg'], ['/home/vikasjoshis001/Desktop/Gestures/images_to_train/bgcnhgnvbngh-2022-04-01 06:34:02.139502/bgcnhgnvbngh.a134ebc4-b157-11ec-ae44-cb6983774605.jpeg', '/home/vikasjoshis001/Desktop/Gestures/images_to_train/bgcnhgnvbngh-2022-04-01 06:34:02.139502/bgcnhgnvbngh.9fff80f2-b157-11ec-ae44-cb6983774605.jpeg', '/home/vikasjoshis001/Desktop/Gestures/images_to_train/bgcnhgnvbngh-2022-04-01 06:34:02.139502/bgcnhgnvbngh.9eb230f1-b157-11ec-ae44-cb6983774605.jpeg', '/home/vikasjoshis001/Desktop/Gestures/images_to_train/bgcnhgnvbngh-2022-04-01 06:34:02.139502/bgcnhgnvbngh.9fff80f3-b157-11ec-ae44-cb6983774605.jpeg', '/home/vikasjoshis001/Desktop/Gestures/images_to_train/bgcnhgnvbngh-2022-04-01 06:34:02.139502/bgcnhgnvbngh.9eb230f0-b157-11ec-ae44-cb6983774605.jpeg'], ['/home/vikasjoshis001/Desktop/Gestures/images_to_train/nnhm-2022-04-01 06:35:32.890275/nnhm.d6127e06-b157-11ec-ae44-cb6983774605.jpeg', '/home/vikasjoshis001/Desktop/Gestures/images_to_train/nnhm-2022-04-01 06:35:32.890275/nnhm.d6127e07-b157-11ec-ae44-cb6983774605.jpeg', '/home/vikasjoshis001/Desktop/Gestures/images_to_train/nnhm-2022-04-01 06:35:32.890275/nnhm.d4c9f9b6-b157-11ec-ae44-cb6983774605.jpeg', '/home/vikasjoshis001/Desktop/Gestures/images_to_train/nnhm-2022-04-01 06:35:32.890275/nnhm.d4c9f9b7-b157-11ec-ae44-cb6983774605.jpeg', '/home/vikasjoshis001/Desktop/Gestures/images_to_train/nnhm-2022-04-01 06:35:32.890275/nnhm.d7475ac6-b157-11ec-ae44-cb6983774605.jpeg']]
2022-04-01 07:01:58.050 INFO Train - trainImages: started loading images and finding their encodings
2022-04-01 07:01:58.050 INFO Train - trainImages: loading image
2022-04-01 07:01:58.059 DEBUG Train - trainImages: /home/vikasjoshis001/Desktop/Gestures/images_to_train/tyrion lannister/images5.jpeg
2022-04-01 07:01:58.059 INFO Train - trainImages: loading image done
2022-04-01 07:01:58.059 INFO Train - trainImages: finding the encoding of image
2022-04-01 07:01:58.140 INFO Train - trainImages: finding encoding of image is done
2022-04-01 07:01:58.140 INFO Train - trainImages: loading image
2022-04-01 07:01:58.140 DEBUG Train - trainImages: /home/vikasjoshis001/Desktop/Gestures/images_to_train/tyrion lannister/index3.jpeg
2022-04-01 07:01:58.140 INFO Train - trainImages: loading image done
2022-04-01 07:01:58.140 INFO Train - trainImages: finding the encoding of image
2022-04-01 07:01:58.208 INFO Train - trainImages: finding encoding of image is done
2022-04-01 07:01:58.209 INFO Train - trainImages: loading image
2022-04-01 07:01:58.209 DEBUG Train - trainImages: /home/vikasjoshis001/Desktop/Gestures/images_to_train/tyrion lannister/index1.jpeg
2022-04-01 07:01:58.209 INFO Train - trainImages: loading image done
2022-04-01 07:01:58.209 INFO Train - trainImages: finding the encoding of image
2022-04-01 07:01:58.277 INFO Train - trainImages: finding encoding of image is done
2022-04-01 07:01:58.277 INFO Train - trainImages: loading image
2022-04-01 07:01:58.278 DEBUG Train - trainImages: /home/vikasjoshis001/Desktop/Gestures/images_to_train/tyrion lannister/index2.jpeg
2022-04-01 07:01:58.279 INFO Train - trainImages: loading image done
2022-04-01 07:01:58.279 INFO Train - trainImages: finding the encoding of image
2022-04-01 07:01:58.347 INFO Train - trainImages: finding encoding of image is done
2022-04-01 07:01:58.347 INFO Train - trainImages: loading image
2022-04-01 07:01:58.347 DEBUG Train - trainImages: /home/vikasjoshis001/Desktop/Gestures/images_to_train/tyrion lannister/index4.jpeg
2022-04-01 07:01:58.347 INFO Train - trainImages: loading image done
2022-04-01 07:01:58.347 INFO Train - trainImages: finding the encoding of image
2022-04-01 07:01:58.414 INFO Train - trainImages: finding encoding of image is done
2022-04-01 07:01:58.414 INFO Train - trainImages: getting average of encodings of loaded images
2022-04-01 07:01:58.414 INFO Train - trainImages: done with getting average encodings
2022-04-01 07:01:58.414 INFO Train - trainImages: storing the name and encoding in local dictionary
2022-04-01 07:01:58.414 INFO Train - trainImages: stored name and encodes in local dictionary
2022-04-01 07:01:58.414 INFO Train - trainImages: storing the name and encodings in mongodb
2022-04-01 07:01:58.416 INFO Train - trainImages: stored all name and encodes in mongodb
2022-04-01 07:01:58.416 INFO Train - trainImages: started loading images and finding their encodings
2022-04-01 07:01:58.416 INFO Train - trainImages: loading image
2022-04-01 07:01:58.417 DEBUG Train - trainImages: /home/vikasjoshis001/Desktop/Gestures/images_to_train/denerys targeryan/index3.jpeg
2022-04-01 07:01:58.417 INFO Train - trainImages: loading image done
2022-04-01 07:01:58.417 INFO Train - trainImages: finding the encoding of image
2022-04-01 07:01:58.484 INFO Train - trainImages: finding encoding of image is done
2022-04-01 07:01:58.484 INFO Train - trainImages: loading image
2022-04-01 07:01:58.485 DEBUG Train - trainImages: /home/vikasjoshis001/Desktop/Gestures/images_to_train/denerys targeryan/index5.jpeg
2022-04-01 07:01:58.485 INFO Train - trainImages: loading image done
2022-04-01 07:01:58.485 INFO Train - trainImages: finding the encoding of image
2022-04-01 07:01:58.556 INFO Train - trainImages: finding encoding of image is done
2022-04-01 07:01:58.556 INFO Train - trainImages: loading image
2022-04-01 07:01:58.556 DEBUG Train - trainImages: /home/vikasjoshis001/Desktop/Gestures/images_to_train/denerys targeryan/index1.jpeg
2022-04-01 07:01:58.556 INFO Train - trainImages: loading image done
2022-04-01 07:01:58.556 INFO Train - trainImages: finding the encoding of image
2022-04-01 07:01:58.635 INFO Train - trainImages: finding encoding of image is done
2022-04-01 07:01:58.636 INFO Train - trainImages: loading image
2022-04-01 07:01:58.637 DEBUG Train - trainImages: /home/vikasjoshis001/Desktop/Gestures/images_to_train/denerys targeryan/index2.jpeg
2022-04-01 07:01:58.637 INFO Train - trainImages: loading image done
2022-04-01 07:01:58.637 INFO Train - trainImages: finding the encoding of image
2022-04-01 07:01:58.711 INFO Train - trainImages: finding encoding of image is done
2022-04-01 07:01:58.711 INFO Train - trainImages: loading image
2022-04-01 07:01:58.713 DEBUG Train - trainImages: /home/vikasjoshis001/Desktop/Gestures/images_to_train/denerys targeryan/index4.jpeg
2022-04-01 07:01:58.713 INFO Train - trainImages: loading image done
2022-04-01 07:01:58.713 INFO Train - trainImages: finding the encoding of image
2022-04-01 07:01:58.779 INFO Train - trainImages: finding encoding of image is done
2022-04-01 07:01:58.779 INFO Train - trainImages: getting average of encodings of loaded images
2022-04-01 07:01:58.779 INFO Train - trainImages: done with getting average encodings
2022-04-01 07:01:58.779 INFO Train - trainImages: storing the name and encoding in local dictionary
2022-04-01 07:01:58.779 INFO Train - trainImages: stored name and encodes in local dictionary
2022-04-01 07:01:58.779 INFO Train - trainImages: storing the name and encodings in mongodb
2022-04-01 07:01:58.780 INFO Train - trainImages: stored all name and encodes in mongodb
2022-04-01 07:01:58.780 INFO Train - trainImages: started loading images and finding their encodings
2022-04-01 07:01:58.780 INFO Train - trainImages: loading image
2022-04-01 07:01:58.781 DEBUG Train - trainImages: /home/vikasjoshis001/Desktop/Gestures/images_to_train/fhtjg-2022-04-01 06:53:48.420305/fhtjg.6309b458-b15a-11ec-ae44-cb6983774605.jpeg
2022-04-01 07:01:58.781 INFO Train - trainImages: loading image done
2022-04-01 07:01:58.781 INFO Train - trainImages: finding the encoding of image
2022-04-01 07:01:58.862 INFO Train - trainImages: finding encoding of image is done
2022-04-01 07:01:58.862 INFO Train - trainImages: loading image
2022-04-01 07:01:58.863 DEBUG Train - trainImages: /home/vikasjoshis001/Desktop/Gestures/images_to_train/fhtjg-2022-04-01 06:53:48.420305/fhtjg.61c5cfd3-b15a-11ec-ae44-cb6983774605.jpeg
2022-04-01 07:01:58.863 INFO Train - trainImages: loading image done
2022-04-01 07:01:58.863 INFO Train - trainImages: finding the encoding of image
2022-04-01 07:01:58.943 INFO Train - trainImages: finding encoding of image is done
2022-04-01 07:01:58.943 INFO Train - trainImages: loading image
2022-04-01 07:01:58.944 DEBUG Train - trainImages: /home/vikasjoshis001/Desktop/Gestures/images_to_train/fhtjg-2022-04-01 06:53:48.420305/fhtjg.643dda70-b15a-11ec-ae44-cb6983774605.jpeg
2022-04-01 07:01:58.945 INFO Train - trainImages: loading image done
2022-04-01 07:01:58.945 INFO Train - trainImages: finding the encoding of image
2022-04-01 07:01:59.026 INFO Train - trainImages: finding encoding of image is done
2022-04-01 07:01:59.026 INFO Train - trainImages: loading image
2022-04-01 07:01:59.027 DEBUG Train - trainImages: /home/vikasjoshis001/Desktop/Gestures/images_to_train/fhtjg-2022-04-01 06:53:48.420305/fhtjg.61c5cfd2-b15a-11ec-ae44-cb6983774605.jpeg
2022-04-01 07:01:59.027 INFO Train - trainImages: loading image done
2022-04-01 07:01:59.027 INFO Train - trainImages: finding the encoding of image
2022-04-01 07:01:59.109 INFO Train - trainImages: finding encoding of image is done
2022-04-01 07:01:59.109 INFO Train - trainImages: loading image
2022-04-01 07:01:59.110 DEBUG Train - trainImages: /home/vikasjoshis001/Desktop/Gestures/images_to_train/fhtjg-2022-04-01 06:53:48.420305/fhtjg.6309b459-b15a-11ec-ae44-cb6983774605.jpeg
2022-04-01 07:01:59.110 INFO Train - trainImages: loading image done
2022-04-01 07:01:59.110 INFO Train - trainImages: finding the encoding of image
2022-04-01 07:01:59.191 INFO Train - trainImages: finding encoding of image is done
2022-04-01 07:01:59.191 INFO Train - trainImages: getting average of encodings of loaded images
2022-04-01 07:01:59.191 INFO Train - trainImages: done with getting average encodings
2022-04-01 07:01:59.191 INFO Train - trainImages: storing the name and encoding in local dictionary
2022-04-01 07:01:59.191 INFO Train - trainImages: stored name and encodes in local dictionary
2022-04-01 07:01:59.191 INFO Train - trainImages: storing the name and encodings in mongodb
2022-04-01 07:01:59.192 INFO Train - trainImages: stored all name and encodes in mongodb
2022-04-01 07:01:59.192 INFO Train - trainImages: started loading images and finding their encodings
2022-04-01 07:01:59.192 INFO Train - trainImages: loading image
2022-04-01 07:01:59.193 DEBUG Train - trainImages: /home/vikasjoshis001/Desktop/Gestures/images_to_train/vfbgfhg-2022-04-01 06:34:43.835860/vfbgfhg.b78c50d8-b157-11ec-ae44-cb6983774605.jpeg
2022-04-01 07:01:59.193 INFO Train - trainImages: loading image done
2022-04-01 07:01:59.193 INFO Train - trainImages: finding the encoding of image
2022-04-01 07:01:59.273 INFO Train - trainImages: finding encoding of image is done
2022-04-01 07:01:59.273 INFO Train - trainImages: loading image
2022-04-01 07:01:59.274 DEBUG Train - trainImages: /home/vikasjoshis001/Desktop/Gestures/images_to_train/vfbgfhg-2022-04-01 06:34:43.835860/vfbgfhg.b8d4b701-b157-11ec-ae44-cb6983774605.jpeg
2022-04-01 07:01:59.274 INFO Train - trainImages: loading image done
2022-04-01 07:01:59.274 INFO Train - trainImages: finding the encoding of image
2022-04-01 07:01:59.355 INFO Train - trainImages: finding encoding of image is done
2022-04-01 07:01:59.355 INFO Train - trainImages: loading image
2022-04-01 07:01:59.356 DEBUG Train - trainImages: /home/vikasjoshis001/Desktop/Gestures/images_to_train/vfbgfhg-2022-04-01 06:34:43.835860/vfbgfhg.ba0b01b0-b157-11ec-ae44-cb6983774605.jpeg
2022-04-01 07:01:59.356 INFO Train - trainImages: loading image done
2022-04-01 07:01:59.356 INFO Train - trainImages: finding the encoding of image
2022-04-01 07:01:59.436 INFO Train - trainImages: finding encoding of image is done
2022-04-01 07:01:59.436 INFO Train - trainImages: loading image
2022-04-01 07:01:59.437 DEBUG Train - trainImages: /home/vikasjoshis001/Desktop/Gestures/images_to_train/vfbgfhg-2022-04-01 06:34:43.835860/vfbgfhg.b78c50d9-b157-11ec-ae44-cb6983774605.jpeg
2022-04-01 07:01:59.437 INFO Train - trainImages: loading image done
2022-04-01 07:01:59.437 INFO Train - trainImages: finding the encoding of image
2022-04-01 07:01:59.516 INFO Train - trainImages: finding encoding of image is done
2022-04-01 07:01:59.516 INFO Train - trainImages: loading image
2022-04-01 07:01:59.517 DEBUG Train - trainImages: /home/vikasjoshis001/Desktop/Gestures/images_to_train/vfbgfhg-2022-04-01 06:34:43.835860/vfbgfhg.b8d4b700-b157-11ec-ae44-cb6983774605.jpeg
2022-04-01 07:01:59.517 INFO Train - trainImages: loading image done
2022-04-01 07:01:59.517 INFO Train - trainImages: finding the encoding of image
2022-04-01 07:01:59.598 INFO Train - trainImages: finding encoding of image is done
2022-04-01 07:01:59.598 INFO Train - trainImages: getting average of encodings of loaded images
2022-04-01 07:01:59.598 INFO Train - trainImages: done with getting average encodings
2022-04-01 07:01:59.598 INFO Train - trainImages: storing the name and encoding in local dictionary
2022-04-01 07:01:59.598 INFO Train - trainImages: stored name and encodes in local dictionary
2022-04-01 07:01:59.598 INFO Train - trainImages: storing the name and encodings in mongodb
2022-04-01 07:01:59.599 INFO Train - trainImages: stored all name and encodes in mongodb
2022-04-01 07:01:59.599 INFO Train - trainImages: started loading images and finding their encodings
2022-04-01 07:01:59.599 INFO Train - trainImages: loading image
2022-04-01 07:01:59.600 DEBUG Train - trainImages: /home/vikasjoshis001/Desktop/Gestures/images_to_train/Hello-2022-04-01 06:06:43.242173/Hello.cdd62f53-b153-11ec-ae44-cb6983774605.jpeg
2022-04-01 07:01:59.600 INFO Train - trainImages: loading image done
2022-04-01 07:01:59.600 INFO Train - trainImages: finding the encoding of image
2022-04-01 07:01:59.682 INFO Train - trainImages: finding encoding of image is done
2022-04-01 07:01:59.682 INFO Train - trainImages: loading image
2022-04-01 07:01:59.683 DEBUG Train - trainImages: /home/vikasjoshis001/Desktop/Gestures/images_to_train/Hello-2022-04-01 06:06:43.242173/Hello.cf21c952-b153-11ec-ae44-cb6983774605.jpeg
2022-04-01 07:01:59.683 INFO Train - trainImages: loading image done
2022-04-01 07:01:59.683 INFO Train - trainImages: finding the encoding of image
2022-04-01 07:01:59.764 INFO Train - trainImages: finding encoding of image is done
2022-04-01 07:01:59.764 INFO Train - trainImages: loading image
2022-04-01 07:01:59.765 DEBUG Train - trainImages: /home/vikasjoshis001/Desktop/Gestures/images_to_train/Hello-2022-04-01 06:06:43.242173/Hello.d0570634-b153-11ec-ae44-cb6983774605.jpeg
2022-04-01 07:01:59.765 INFO Train - trainImages: loading image done
2022-04-01 07:01:59.765 INFO Train - trainImages: finding the encoding of image
2022-04-01 07:01:59.845 INFO Train - trainImages: finding encoding of image is done
2022-04-01 07:01:59.845 INFO Train - trainImages: loading image
2022-04-01 07:01:59.846 DEBUG Train - trainImages: /home/vikasjoshis001/Desktop/Gestures/images_to_train/Hello-2022-04-01 06:06:43.242173/Hello.cdd62f52-b153-11ec-ae44-cb6983774605.jpeg
2022-04-01 07:01:59.846 INFO Train - trainImages: loading image done
2022-04-01 07:01:59.846 INFO Train - trainImages: finding the encoding of image
2022-04-01 07:01:59.926 INFO Train - trainImages: finding encoding of image is done
2022-04-01 07:01:59.926 INFO Train - trainImages: loading image
2022-04-01 07:01:59.927 DEBUG Train - trainImages: /home/vikasjoshis001/Desktop/Gestures/images_to_train/Hello-2022-04-01 06:06:43.242173/Hello.cf21c953-b153-11ec-ae44-cb6983774605.jpeg
2022-04-01 07:01:59.927 INFO Train - trainImages: loading image done
2022-04-01 07:01:59.927 INFO Train - trainImages: finding the encoding of image
2022-04-01 07:02:00.008 INFO Train - trainImages: finding encoding of image is done
2022-04-01 07:02:00.008 INFO Train - trainImages: getting average of encodings of loaded images
2022-04-01 07:02:00.009 INFO Train - trainImages: done with getting average encodings
2022-04-01 07:02:00.009 INFO Train - trainImages: storing the name and encoding in local dictionary
2022-04-01 07:02:00.009 INFO Train - trainImages: stored name and encodes in local dictionary
2022-04-01 07:02:00.009 INFO Train - trainImages: storing the name and encodings in mongodb
2022-04-01 07:02:00.009 INFO Train - trainImages: stored all name and encodes in mongodb
2022-04-01 07:02:00.009 INFO Train - trainImages: started loading images and finding their encodings
2022-04-01 07:02:00.009 INFO Train - trainImages: loading image
2022-04-01 07:02:00.010 DEBUG Train - trainImages: /home/vikasjoshis001/Desktop/Gestures/images_to_train/ghfh-2022-04-01 06:36:12.128100/ghfh.ed712782-b157-11ec-ae44-cb6983774605.jpeg
2022-04-01 07:02:00.010 INFO Train - trainImages: loading image done
2022-04-01 07:02:00.010 INFO Train - trainImages: finding the encoding of image
2022-04-01 07:02:00.093 INFO Train - trainImages: finding encoding of image is done
2022-04-01 07:02:00.093 INFO Train - trainImages: loading image
2022-04-01 07:02:00.094 DEBUG Train - trainImages: /home/vikasjoshis001/Desktop/Gestures/images_to_train/ghfh-2022-04-01 06:36:12.128100/ghfh.ec2c5a91-b157-11ec-ae44-cb6983774605.jpeg
2022-04-01 07:02:00.094 INFO Train - trainImages: loading image done
2022-04-01 07:02:00.094 INFO Train - trainImages: finding the encoding of image
2022-04-01 07:02:00.176 INFO Train - trainImages: finding encoding of image is done
2022-04-01 07:02:00.176 INFO Train - trainImages: loading image
2022-04-01 07:02:00.177 DEBUG Train - trainImages: /home/vikasjoshis001/Desktop/Gestures/images_to_train/ghfh-2022-04-01 06:36:12.128100/ghfh.ec2c5a90-b157-11ec-ae44-cb6983774605.jpeg
2022-04-01 07:02:00.177 INFO Train - trainImages: loading image done
2022-04-01 07:02:00.177 INFO Train - trainImages: finding the encoding of image
2022-04-01 07:02:00.257 INFO Train - trainImages: finding encoding of image is done
2022-04-01 07:02:00.258 INFO Train - trainImages: loading image
2022-04-01 07:02:00.258 DEBUG Train - trainImages: /home/vikasjoshis001/Desktop/Gestures/images_to_train/ghfh-2022-04-01 06:36:12.128100/ghfh.ed712783-b157-11ec-ae44-cb6983774605.jpeg
2022-04-01 07:02:00.258 INFO Train - trainImages: loading image done
2022-04-01 07:02:00.259 INFO Train - trainImages: finding the encoding of image
2022-04-01 07:02:00.339 INFO Train - trainImages: finding encoding of image is done
2022-04-01 07:02:00.340 INFO Train - trainImages: loading image
2022-04-01 07:02:00.340 DEBUG Train - trainImages: /home/vikasjoshis001/Desktop/Gestures/images_to_train/ghfh-2022-04-01 06:36:12.128100/ghfh.eea60190-b157-11ec-ae44-cb6983774605.jpeg
2022-04-01 07:02:00.341 INFO Train - trainImages: loading image done
2022-04-01 07:02:00.341 INFO Train - trainImages: finding the encoding of image
2022-04-01 07:02:00.423 INFO Train - trainImages: finding encoding of image is done
2022-04-01 07:02:00.423 INFO Train - trainImages: getting average of encodings of loaded images
2022-04-01 07:02:00.423 INFO Train - trainImages: done with getting average encodings
2022-04-01 07:02:00.423 INFO Train - trainImages: storing the name and encoding in local dictionary
2022-04-01 07:02:00.423 INFO Train - trainImages: stored name and encodes in local dictionary
2022-04-01 07:02:00.423 INFO Train - trainImages: storing the name and encodings in mongodb
2022-04-01 07:02:00.424 INFO Train - trainImages: stored all name and encodes in mongodb
2022-04-01 07:02:00.424 INFO Train - trainImages: started loading images and finding their encodings
2022-04-01 07:02:00.424 INFO Train - trainImages: loading image
2022-04-01 07:02:00.425 DEBUG Train - trainImages: /home/vikasjoshis001/Desktop/Gestures/images_to_train/y-2022-04-01 07:01:46.303390/y.8137dfda-b15b-11ec-ae44-cb6983774605.jpeg
2022-04-01 07:02:00.425 INFO Train - trainImages: loading image done
2022-04-01 07:02:00.425 INFO Train - trainImages: finding the encoding of image
2022-04-01 07:02:00.506 INFO Train - trainImages: finding encoding of image is done
2022-04-01 07:02:00.506 INFO Train - trainImages: loading image
2022-04-01 07:02:00.507 DEBUG Train - trainImages: /home/vikasjoshis001/Desktop/Gestures/images_to_train/y-2022-04-01 07:01:46.303390/y.7e9ce4bf-b15b-11ec-ae44-cb6983774605.jpeg
2022-04-01 07:02:00.507 INFO Train - trainImages: loading image done
2022-04-01 07:02:00.507 INFO Train - trainImages: finding the encoding of image
2022-04-01 07:02:00.589 INFO Train - trainImages: finding encoding of image is done
2022-04-01 07:02:00.589 INFO Train - trainImages: loading image
2022-04-01 07:02:00.590 DEBUG Train - trainImages: /home/vikasjoshis001/Desktop/Gestures/images_to_train/y-2022-04-01 07:01:46.303390/y.7e9ce4be-b15b-11ec-ae44-cb6983774605.jpeg
2022-04-01 07:02:00.590 INFO Train - trainImages: loading image done
2022-04-01 07:02:00.590 INFO Train - trainImages: finding the encoding of image
2022-04-01 07:02:00.672 INFO Train - trainImages: finding encoding of image is done
2022-04-01 07:02:00.672 INFO Train - trainImages: loading image
2022-04-01 07:02:00.673 DEBUG Train - trainImages: /home/vikasjoshis001/Desktop/Gestures/images_to_train/y-2022-04-01 07:01:46.303390/y.8002d23c-b15b-11ec-ae44-cb6983774605.jpeg
2022-04-01 07:02:00.673 INFO Train - trainImages: loading image done
2022-04-01 07:02:00.673 INFO Train - trainImages: finding the encoding of image
2022-04-01 07:02:00.755 INFO Train - trainImages: finding encoding of image is done
2022-04-01 07:02:00.755 INFO Train - trainImages: loading image
2022-04-01 07:02:00.756 DEBUG Train - trainImages: /home/vikasjoshis001/Desktop/Gestures/images_to_train/y-2022-04-01 07:01:46.303390/y.8002d23d-b15b-11ec-ae44-cb6983774605.jpeg
2022-04-01 07:02:00.756 INFO Train - trainImages: loading image done
2022-04-01 07:02:00.756 INFO Train - trainImages: finding the encoding of image
2022-04-01 07:02:00.838 INFO Train - trainImages: finding encoding of image is done
2022-04-01 07:02:00.838 INFO Train - trainImages: getting average of encodings of loaded images
2022-04-01 07:02:00.838 INFO Train - trainImages: done with getting average encodings
2022-04-01 07:02:00.838 INFO Train - trainImages: storing the name and encoding in local dictionary
2022-04-01 07:02:00.838 INFO Train - trainImages: stored name and encodes in local dictionary
2022-04-01 07:02:00.838 INFO Train - trainImages: storing the name and encodings in mongodb
2022-04-01 07:02:00.839 INFO Train - trainImages: stored all name and encodes in mongodb
2022-04-01 07:02:00.839 INFO Train - trainImages: started loading images and finding their encodings
2022-04-01 07:02:00.839 INFO Train - trainImages: loading image
2022-04-01 07:02:00.840 DEBUG Train - trainImages: /home/vikasjoshis001/Desktop/Gestures/images_to_train/fedsgfvdhg-2022-04-01 06:29:54.369493/fedsgfvdhg.0c47a2ae-b157-11ec-ae44-cb6983774605.jpeg
2022-04-01 07:02:00.840 INFO Train - trainImages: loading image done
2022-04-01 07:02:00.840 INFO Train - trainImages: finding the encoding of image
2022-04-01 07:02:00.921 INFO Train - trainImages: finding encoding of image is done
2022-04-01 07:02:00.921 INFO Train - trainImages: loading image
2022-04-01 07:02:00.922 DEBUG Train - trainImages: /home/vikasjoshis001/Desktop/Gestures/images_to_train/fedsgfvdhg-2022-04-01 06:29:54.369493/fedsgfvdhg.0c47a2af-b157-11ec-ae44-cb6983774605.jpeg
2022-04-01 07:02:00.922 INFO Train - trainImages: loading image done
2022-04-01 07:02:00.922 INFO Train - trainImages: finding the encoding of image
2022-04-01 07:02:01.002 INFO Train - trainImages: finding encoding of image is done
2022-04-01 07:02:01.002 INFO Train - trainImages: loading image
2022-04-01 07:02:01.003 DEBUG Train - trainImages: /home/vikasjoshis001/Desktop/Gestures/images_to_train/fedsgfvdhg-2022-04-01 06:29:54.369493/fedsgfvdhg.0b0382a1-b157-11ec-ae44-cb6983774605.jpeg
2022-04-01 07:02:01.003 INFO Train - trainImages: loading image done
2022-04-01 07:02:01.003 INFO Train - trainImages: finding the encoding of image
2022-04-01 07:02:01.084 INFO Train - trainImages: finding encoding of image is done
2022-04-01 07:02:01.084 INFO Train - trainImages: loading image
2022-04-01 07:02:01.085 DEBUG Train - trainImages: /home/vikasjoshis001/Desktop/Gestures/images_to_train/fedsgfvdhg-2022-04-01 06:29:54.369493/fedsgfvdhg.0b0382a0-b157-11ec-ae44-cb6983774605.jpeg
2022-04-01 07:02:01.085 INFO Train - trainImages: loading image done
2022-04-01 07:02:01.085 INFO Train - trainImages: finding the encoding of image
2022-04-01 07:02:01.165 INFO Train - trainImages: finding encoding of image is done
2022-04-01 07:02:01.165 INFO Train - trainImages: loading image
2022-04-01 07:02:01.166 DEBUG Train - trainImages: /home/vikasjoshis001/Desktop/Gestures/images_to_train/fedsgfvdhg-2022-04-01 06:29:54.369493/fedsgfvdhg.0d7c29f6-b157-11ec-ae44-cb6983774605.jpeg
2022-04-01 07:02:01.166 INFO Train - trainImages: loading image done
2022-04-01 07:02:01.166 INFO Train - trainImages: finding the encoding of image
2022-04-01 07:02:01.247 INFO Train - trainImages: finding encoding of image is done
2022-04-01 07:02:01.247 INFO Train - trainImages: getting average of encodings of loaded images
2022-04-01 07:02:01.247 INFO Train - trainImages: done with getting average encodings
2022-04-01 07:02:01.247 INFO Train - trainImages: storing the name and encoding in local dictionary
2022-04-01 07:02:01.247 INFO Train - trainImages: stored name and encodes in local dictionary
2022-04-01 07:02:01.247 INFO Train - trainImages: storing the name and encodings in mongodb
2022-04-01 07:02:01.248 INFO Train - trainImages: stored all name and encodes in mongodb
2022-04-01 07:02:01.248 INFO Train - trainImages: started loading images and finding their encodings
2022-04-01 07:02:01.248 INFO Train - trainImages: loading image
2022-04-01 07:02:01.249 DEBUG Train - trainImages: /home/vikasjoshis001/Desktop/Gestures/images_to_train/Vikasafd-2022-04-01 06:18:02.414298/Vikasafd.63ec76ee-b155-11ec-ae44-cb6983774605.jpeg
2022-04-01 07:02:01.249 INFO Train - trainImages: loading image done
2022-04-01 07:02:01.249 INFO Train - trainImages: finding the encoding of image
2022-04-01 07:02:01.330 INFO Train - trainImages: finding encoding of image is done
2022-04-01 07:02:01.330 INFO Train - trainImages: loading image
2022-04-01 07:02:01.331 DEBUG Train - trainImages: /home/vikasjoshis001/Desktop/Gestures/images_to_train/Vikasafd-2022-04-01 06:18:02.414298/Vikasafd.6520d1ae-b155-11ec-ae44-cb6983774605.jpeg
2022-04-01 07:02:01.331 INFO Train - trainImages: loading image done
2022-04-01 07:02:01.331 INFO Train - trainImages: finding the encoding of image
2022-04-01 07:02:01.413 INFO Train - trainImages: finding encoding of image is done
2022-04-01 07:02:01.413 INFO Train - trainImages: loading image
2022-04-01 07:02:01.414 DEBUG Train - trainImages: /home/vikasjoshis001/Desktop/Gestures/images_to_train/Vikasafd-2022-04-01 06:18:02.414298/Vikasafd.62a72799-b155-11ec-ae44-cb6983774605.jpeg
2022-04-01 07:02:01.414 INFO Train - trainImages: loading image done
2022-04-01 07:02:01.414 INFO Train - trainImages: finding the encoding of image
2022-04-01 07:02:01.494 INFO Train - trainImages: finding encoding of image is done
2022-04-01 07:02:01.495 INFO Train - trainImages: loading image
2022-04-01 07:02:01.496 DEBUG Train - trainImages: /home/vikasjoshis001/Desktop/Gestures/images_to_train/Vikasafd-2022-04-01 06:18:02.414298/Vikasafd.63ec76ef-b155-11ec-ae44-cb6983774605.jpeg
2022-04-01 07:02:01.496 INFO Train - trainImages: loading image done
2022-04-01 07:02:01.496 INFO Train - trainImages: finding the encoding of image
2022-04-01 07:02:01.576 INFO Train - trainImages: finding encoding of image is done
2022-04-01 07:02:01.576 INFO Train - trainImages: loading image
2022-04-01 07:02:01.577 DEBUG Train - trainImages: /home/vikasjoshis001/Desktop/Gestures/images_to_train/Vikasafd-2022-04-01 06:18:02.414298/Vikasafd.62a72798-b155-11ec-ae44-cb6983774605.jpeg
2022-04-01 07:02:01.577 INFO Train - trainImages: loading image done
2022-04-01 07:02:01.577 INFO Train - trainImages: finding the encoding of image
2022-04-01 07:02:01.657 INFO Train - trainImages: finding encoding of image is done
2022-04-01 07:02:01.657 INFO Train - trainImages: getting average of encodings of loaded images
2022-04-01 07:02:01.658 INFO Train - trainImages: done with getting average encodings
2022-04-01 07:02:01.658 INFO Train - trainImages: storing the name and encoding in local dictionary
2022-04-01 07:02:01.658 INFO Train - trainImages: stored name and encodes in local dictionary
2022-04-01 07:02:01.658 INFO Train - trainImages: storing the name and encodings in mongodb
2022-04-01 07:02:01.658 INFO Train - trainImages: stored all name and encodes in mongodb
2022-04-01 07:02:01.658 INFO Train - trainImages: started loading images and finding their encodings
2022-04-01 07:02:01.658 INFO Train - trainImages: loading image
2022-04-01 07:02:01.659 DEBUG Train - trainImages: /home/vikasjoshis001/Desktop/Gestures/images_to_train/cersie lannister/index3.jpeg
2022-04-01 07:02:01.659 INFO Train - trainImages: loading image done
2022-04-01 07:02:01.659 INFO Train - trainImages: finding the encoding of image
2022-04-01 07:02:01.726 INFO Train - trainImages: finding encoding of image is done
2022-04-01 07:02:01.726 INFO Train - trainImages: loading image
2022-04-01 07:02:01.727 DEBUG Train - trainImages: /home/vikasjoshis001/Desktop/Gestures/images_to_train/cersie lannister/index5.jpeg
2022-04-01 07:02:01.727 INFO Train - trainImages: loading image done
2022-04-01 07:02:01.727 INFO Train - trainImages: finding the encoding of image
2022-04-01 07:02:01.795 INFO Train - trainImages: finding encoding of image is done
2022-04-01 07:02:01.795 INFO Train - trainImages: loading image
2022-04-01 07:02:01.796 DEBUG Train - trainImages: /home/vikasjoshis001/Desktop/Gestures/images_to_train/cersie lannister/index2.jpeg
2022-04-01 07:02:01.796 INFO Train - trainImages: loading image done
2022-04-01 07:02:01.796 INFO Train - trainImages: finding the encoding of image
2022-04-01 07:02:01.864 INFO Train - trainImages: finding encoding of image is done
2022-04-01 07:02:01.864 INFO Train - trainImages: loading image
2022-04-01 07:02:01.865 DEBUG Train - trainImages: /home/vikasjoshis001/Desktop/Gestures/images_to_train/cersie lannister/index4.jpeg
2022-04-01 07:02:01.865 INFO Train - trainImages: loading image done
2022-04-01 07:02:01.865 INFO Train - trainImages: finding the encoding of image
2022-04-01 07:02:01.933 INFO Train - trainImages: finding encoding of image is done
2022-04-01 07:02:01.933 INFO Train - trainImages: getting average of encodings of loaded images
2022-04-01 07:02:01.933 INFO Train - trainImages: done with getting average encodings
2022-04-01 07:02:01.933 INFO Train - trainImages: storing the name and encoding in local dictionary
2022-04-01 07:02:01.933 INFO Train - trainImages: stored name and encodes in local dictionary
2022-04-01 07:02:01.933 INFO Train - trainImages: storing the name and encodings in mongodb
2022-04-01 07:02:01.934 INFO Train - trainImages: stored all name and encodes in mongodb
2022-04-01 07:02:01.934 INFO Train - trainImages: started loading images and finding their encodings
2022-04-01 07:02:01.934 INFO Train - trainImages: loading image
2022-04-01 07:02:01.936 DEBUG Train - trainImages: /home/vikasjoshis001/Desktop/Gestures/images_to_train/Vikas-2022-03-31 13:17:26.260103/Vikas.d18bc824-b0c6-11ec-95c9-353773ec36e1.jpeg
2022-04-01 07:02:01.936 INFO Train - trainImages: loading image done
2022-04-01 07:02:01.936 INFO Train - trainImages: finding the encoding of image
2022-04-01 07:02:02.120 INFO Train - trainImages: finding encoding of image is done
2022-04-01 07:02:02.120 INFO Train - trainImages: loading image
2022-04-01 07:02:02.123 DEBUG Train - trainImages: /home/vikasjoshis001/Desktop/Gestures/images_to_train/Vikas-2022-03-31 13:17:26.260103/Vikas.d056c17b-b0c6-11ec-95c9-353773ec36e1.jpeg
2022-04-01 07:02:02.123 INFO Train - trainImages: loading image done
2022-04-01 07:02:02.123 INFO Train - trainImages: finding the encoding of image
2022-04-01 07:02:02.304 INFO Train - trainImages: finding encoding of image is done
2022-04-01 07:02:02.304 INFO Train - trainImages: loading image
2022-04-01 07:02:02.307 DEBUG Train - trainImages: /home/vikasjoshis001/Desktop/Gestures/images_to_train/Vikas-2022-03-31 13:17:26.260103/Vikas.cf0c4b78-b0c6-11ec-95c9-353773ec36e1.jpeg
2022-04-01 07:02:02.307 INFO Train - trainImages: loading image done
2022-04-01 07:02:02.307 INFO Train - trainImages: finding the encoding of image
2022-04-01 07:02:02.487 INFO Train - trainImages: finding encoding of image is done
2022-04-01 07:02:02.487 INFO Train - trainImages: loading image
2022-04-01 07:02:02.490 DEBUG Train - trainImages: /home/vikasjoshis001/Desktop/Gestures/images_to_train/Vikas-2022-03-31 13:17:26.260103/Vikas.cf0c4b79-b0c6-11ec-95c9-353773ec36e1.jpeg
2022-04-01 07:02:02.490 INFO Train - trainImages: loading image done
2022-04-01 07:02:02.490 INFO Train - trainImages: finding the encoding of image
2022-04-01 07:02:02.670 INFO Train - trainImages: finding encoding of image is done
2022-04-01 07:02:02.670 INFO Train - trainImages: loading image
2022-04-01 07:02:02.673 DEBUG Train - trainImages: /home/vikasjoshis001/Desktop/Gestures/images_to_train/Vikas-2022-03-31 13:17:26.260103/Vikas.d056c17a-b0c6-11ec-95c9-353773ec36e1.jpeg
2022-04-01 07:02:02.673 INFO Train - trainImages: loading image done
2022-04-01 07:02:02.673 INFO Train - trainImages: finding the encoding of image
2022-04-01 07:02:02.852 INFO Train - trainImages: finding encoding of image is done
2022-04-01 07:02:02.853 INFO Train - trainImages: getting average of encodings of loaded images
2022-04-01 07:02:02.853 INFO Train - trainImages: done with getting average encodings
2022-04-01 07:02:02.853 INFO Train - trainImages: storing the name and encoding in local dictionary
2022-04-01 07:02:02.853 INFO Train - trainImages: stored name and encodes in local dictionary
2022-04-01 07:02:02.853 INFO Train - trainImages: storing the name and encodings in mongodb
2022-04-01 07:02:02.854 INFO Train - trainImages: stored all name and encodes in mongodb
2022-04-01 07:02:02.854 INFO Train - trainImages: started loading images and finding their encodings
2022-04-01 07:02:02.854 INFO Train - trainImages: loading image
2022-04-01 07:02:02.854 DEBUG Train - trainImages: /home/vikasjoshis001/Desktop/Gestures/images_to_train/king in the north/index.jpeg
2022-04-01 07:02:02.855 INFO Train - trainImages: loading image done
2022-04-01 07:02:02.855 INFO Train - trainImages: finding the encoding of image
2022-04-01 07:02:02.923 INFO Train - trainImages: finding encoding of image is done
2022-04-01 07:02:02.924 INFO Train - trainImages: loading image
2022-04-01 07:02:02.924 DEBUG Train - trainImages: /home/vikasjoshis001/Desktop/Gestures/images_to_train/king in the north/index3.jpeg
2022-04-01 07:02:02.924 INFO Train - trainImages: loading image done
2022-04-01 07:02:02.924 INFO Train - trainImages: finding the encoding of image
2022-04-01 07:02:02.994 INFO Train - trainImages: finding encoding of image is done
2022-04-01 07:02:02.994 INFO Train - trainImages: loading image
2022-04-01 07:02:02.995 DEBUG Train - trainImages: /home/vikasjoshis001/Desktop/Gestures/images_to_train/king in the north/index5.jpeg
2022-04-01 07:02:02.995 INFO Train - trainImages: loading image done
2022-04-01 07:02:02.995 INFO Train - trainImages: finding the encoding of image
2022-04-01 07:02:03.065 INFO Train - trainImages: finding encoding of image is done
2022-04-01 07:02:03.065 INFO Train - trainImages: loading image
2022-04-01 07:02:03.065 DEBUG Train - trainImages: /home/vikasjoshis001/Desktop/Gestures/images_to_train/king in the north/index2.jpeg
2022-04-01 07:02:03.065 INFO Train - trainImages: loading image done
2022-04-01 07:02:03.065 INFO Train - trainImages: finding the encoding of image
2022-04-01 07:02:03.134 INFO Train - trainImages: finding encoding of image is done
2022-04-01 07:02:03.134 INFO Train - trainImages: loading image
2022-04-01 07:02:03.134 DEBUG Train - trainImages: /home/vikasjoshis001/Desktop/Gestures/images_to_train/king in the north/index4.jpeg
2022-04-01 07:02:03.134 INFO Train - trainImages: loading image done
2022-04-01 07:02:03.134 INFO Train - trainImages: finding the encoding of image
2022-04-01 07:02:03.204 INFO Train - trainImages: finding encoding of image is done
2022-04-01 07:02:03.204 INFO Train - trainImages: getting average of encodings of loaded images
2022-04-01 07:02:03.204 INFO Train - trainImages: done with getting average encodings
2022-04-01 07:02:03.204 INFO Train - trainImages: storing the name and encoding in local dictionary
2022-04-01 07:02:03.204 INFO Train - trainImages: stored name and encodes in local dictionary
2022-04-01 07:02:03.204 INFO Train - trainImages: storing the name and encodings in mongodb
2022-04-01 07:02:03.205 INFO Train - trainImages: stored all name and encodes in mongodb
2022-04-01 07:02:03.205 INFO Train - trainImages: started loading images and finding their encodings
2022-04-01 07:02:03.205 INFO Train - trainImages: loading image
2022-04-01 07:02:03.206 DEBUG Train - trainImages: /home/vikasjoshis001/Desktop/Gestures/images_to_train/jhgkm-2022-04-01 06:52:01.222160/jhgkm.21e0f799-b15a-11ec-ae44-cb6983774605.jpeg
2022-04-01 07:02:03.206 INFO Train - trainImages: loading image done
2022-04-01 07:02:03.206 INFO Train - trainImages: finding the encoding of image
2022-04-01 07:02:03.286 INFO Train - trainImages: finding encoding of image is done
2022-04-01 07:02:03.286 INFO Train - trainImages: loading image
2022-04-01 07:02:03.287 DEBUG Train - trainImages: /home/vikasjoshis001/Desktop/Gestures/images_to_train/jhgkm-2022-04-01 06:52:01.222160/jhgkm.2460b134-b15a-11ec-ae44-cb6983774605.jpeg
2022-04-01 07:02:03.287 INFO Train - trainImages: loading image done
2022-04-01 07:02:03.287 INFO Train - trainImages: finding the encoding of image
2022-04-01 07:02:03.366 INFO Train - trainImages: finding encoding of image is done
2022-04-01 07:02:03.367 INFO Train - trainImages: loading image
2022-04-01 07:02:03.367 DEBUG Train - trainImages: /home/vikasjoshis001/Desktop/Gestures/images_to_train/jhgkm-2022-04-01 06:52:01.222160/jhgkm.232bd08d-b15a-11ec-ae44-cb6983774605.jpeg
2022-04-01 07:02:03.368 INFO Train - trainImages: loading image done
2022-04-01 07:02:03.368 INFO Train - trainImages: finding the encoding of image
2022-04-01 07:02:03.447 INFO Train - trainImages: finding encoding of image is done
2022-04-01 07:02:03.447 INFO Train - trainImages: loading image
2022-04-01 07:02:03.448 DEBUG Train - trainImages: /home/vikasjoshis001/Desktop/Gestures/images_to_train/jhgkm-2022-04-01 06:52:01.222160/jhgkm.21e0f798-b15a-11ec-ae44-cb6983774605.jpeg
2022-04-01 07:02:03.448 INFO Train - trainImages: loading image done
2022-04-01 07:02:03.448 INFO Train - trainImages: finding the encoding of image
2022-04-01 07:02:03.529 INFO Train - trainImages: finding encoding of image is done
2022-04-01 07:02:03.529 INFO Train - trainImages: loading image
2022-04-01 07:02:03.530 DEBUG Train - trainImages: /home/vikasjoshis001/Desktop/Gestures/images_to_train/jhgkm-2022-04-01 06:52:01.222160/jhgkm.232bd08c-b15a-11ec-ae44-cb6983774605.jpeg
2022-04-01 07:02:03.530 INFO Train - trainImages: loading image done
2022-04-01 07:02:03.530 INFO Train - trainImages: finding the encoding of image
2022-04-01 07:02:03.610 INFO Train - trainImages: finding encoding of image is done
2022-04-01 07:02:03.610 INFO Train - trainImages: getting average of encodings of loaded images
2022-04-01 07:02:03.610 INFO Train - trainImages: done with getting average encodings
2022-04-01 07:02:03.610 INFO Train - trainImages: storing the name and encoding in local dictionary
2022-04-01 07:02:03.610 INFO Train - trainImages: stored name and encodes in local dictionary
2022-04-01 07:02:03.610 INFO Train - trainImages: storing the name and encodings in mongodb
2022-04-01 07:02:03.611 INFO Train - trainImages: stored all name and encodes in mongodb
2022-04-01 07:02:03.611 INFO Train - trainImages: started loading images and finding their encodings
2022-04-01 07:02:03.611 INFO Train - trainImages: loading image
2022-04-01 07:02:03.612 DEBUG Train - trainImages: /home/vikasjoshis001/Desktop/Gestures/images_to_train/,j-2022-04-01 06:52:52.475946/,j.42e77444-b15a-11ec-ae44-cb6983774605.jpeg
2022-04-01 07:02:03.612 INFO Train - trainImages: loading image done
2022-04-01 07:02:03.612 INFO Train - trainImages: finding the encoding of image
2022-04-01 07:02:03.692 INFO Train - trainImages: finding encoding of image is done
2022-04-01 07:02:03.693 INFO Train - trainImages: loading image
2022-04-01 07:02:03.694 DEBUG Train - trainImages: /home/vikasjoshis001/Desktop/Gestures/images_to_train/,j-2022-04-01 06:52:52.475946/,j.41b212f0-b15a-11ec-ae44-cb6983774605.jpeg
2022-04-01 07:02:03.694 INFO Train - trainImages: loading image done
2022-04-01 07:02:03.694 INFO Train - trainImages: finding the encoding of image
2022-04-01 07:02:03.776 INFO Train - trainImages: finding encoding of image is done
2022-04-01 07:02:03.776 INFO Train - trainImages: loading image
2022-04-01 07:02:03.777 DEBUG Train - trainImages: /home/vikasjoshis001/Desktop/Gestures/images_to_train/,j-2022-04-01 06:52:52.475946/,j.406d70ce-b15a-11ec-ae44-cb6983774605.jpeg
2022-04-01 07:02:03.777 INFO Train - trainImages: loading image done
2022-04-01 07:02:03.777 INFO Train - trainImages: finding the encoding of image
2022-04-01 07:02:03.857 INFO Train - trainImages: finding encoding of image is done
2022-04-01 07:02:03.857 INFO Train - trainImages: loading image
2022-04-01 07:02:03.858 DEBUG Train - trainImages: /home/vikasjoshis001/Desktop/Gestures/images_to_train/,j-2022-04-01 06:52:52.475946/,j.41b212f1-b15a-11ec-ae44-cb6983774605.jpeg
2022-04-01 07:02:03.858 INFO Train - trainImages: loading image done
2022-04-01 07:02:03.858 INFO Train - trainImages: finding the encoding of image
2022-04-01 07:02:03.939 INFO Train - trainImages: finding encoding of image is done
2022-04-01 07:02:03.940 INFO Train - trainImages: loading image
2022-04-01 07:02:03.941 DEBUG Train - trainImages: /home/vikasjoshis001/Desktop/Gestures/images_to_train/,j-2022-04-01 06:52:52.475946/,j.406d70cf-b15a-11ec-ae44-cb6983774605.jpeg
2022-04-01 07:02:03.941 INFO Train - trainImages: loading image done
2022-04-01 07:02:03.941 INFO Train - trainImages: finding the encoding of image
2022-04-01 07:02:04.022 INFO Train - trainImages: finding encoding of image is done
2022-04-01 07:02:04.023 INFO Train - trainImages: getting average of encodings of loaded images
2022-04-01 07:02:04.023 INFO Train - trainImages: done with getting average encodings
2022-04-01 07:02:04.023 INFO Train - trainImages: storing the name and encoding in local dictionary
2022-04-01 07:02:04.023 INFO Train - trainImages: stored name and encodes in local dictionary
2022-04-01 07:02:04.023 INFO Train - trainImages: storing the name and encodings in mongodb
2022-04-01 07:02:04.024 INFO Train - trainImages: stored all name and encodes in mongodb
2022-04-01 07:02:04.024 INFO Train - trainImages: started loading images and finding their encodings
2022-04-01 07:02:04.024 INFO Train - trainImages: loading image
2022-04-01 07:02:04.025 DEBUG Train - trainImages: /home/vikasjoshis001/Desktop/Gestures/images_to_train/fdbgf-2022-04-01 06:51:09.169578/fdbgf.02dad211-b15a-11ec-ae44-cb6983774605.jpeg
2022-04-01 07:02:04.025 INFO Train - trainImages: loading image done
2022-04-01 07:02:04.025 INFO Train - trainImages: finding the encoding of image
2022-04-01 07:02:04.139 INFO Train - trainImages: finding encoding of image is done
2022-04-01 07:02:04.140 INFO Train - trainImages: loading image
2022-04-01 07:02:04.141 DEBUG Train - trainImages: /home/vikasjoshis001/Desktop/Gestures/images_to_train/fdbgf-2022-04-01 06:51:09.169578/fdbgf.02dad210-b15a-11ec-ae44-cb6983774605.jpeg
2022-04-01 07:02:04.141 INFO Train - trainImages: loading image done
2022-04-01 07:02:04.141 INFO Train - trainImages: finding the encoding of image
2022-04-01 07:02:04.242 INFO Train - trainImages: finding encoding of image is done
2022-04-01 07:02:04.242 INFO Train - trainImages: loading image
2022-04-01 07:02:04.243 DEBUG Train - trainImages: /home/vikasjoshis001/Desktop/Gestures/images_to_train/fdbgf-2022-04-01 06:51:09.169578/fdbgf.041ff704-b15a-11ec-ae44-cb6983774605.jpeg
2022-04-01 07:02:04.243 INFO Train - trainImages: loading image done
2022-04-01 07:02:04.243 INFO Train - trainImages: finding the encoding of image
2022-04-01 07:02:04.323 INFO Train - trainImages: finding encoding of image is done
2022-04-01 07:02:04.323 INFO Train - trainImages: loading image
2022-04-01 07:02:04.324 DEBUG Train - trainImages: /home/vikasjoshis001/Desktop/Gestures/images_to_train/fdbgf-2022-04-01 06:51:09.169578/fdbgf.055446f2-b15a-11ec-ae44-cb6983774605.jpeg
2022-04-01 07:02:04.324 INFO Train - trainImages: loading image done
2022-04-01 07:02:04.324 INFO Train - trainImages: finding the encoding of image
2022-04-01 07:02:04.405 INFO Train - trainImages: finding encoding of image is done
2022-04-01 07:02:04.405 INFO Train - trainImages: loading image
2022-04-01 07:02:04.406 DEBUG Train - trainImages: /home/vikasjoshis001/Desktop/Gestures/images_to_train/fdbgf-2022-04-01 06:51:09.169578/fdbgf.041ff705-b15a-11ec-ae44-cb6983774605.jpeg
2022-04-01 07:02:04.406 INFO Train - trainImages: loading image done
2022-04-01 07:02:04.406 INFO Train - trainImages: finding the encoding of image
2022-04-01 07:02:04.486 INFO Train - trainImages: finding encoding of image is done
2022-04-01 07:02:04.486 INFO Train - trainImages: getting average of encodings of loaded images
2022-04-01 07:02:04.486 INFO Train - trainImages: done with getting average encodings
2022-04-01 07:02:04.486 INFO Train - trainImages: storing the name and encoding in local dictionary
2022-04-01 07:02:04.486 INFO Train - trainImages: stored name and encodes in local dictionary
2022-04-01 07:02:04.486 INFO Train - trainImages: storing the name and encodings in mongodb
2022-04-01 07:02:04.487 INFO Train - trainImages: stored all name and encodes in mongodb
2022-04-01 07:02:04.487 INFO Train - trainImages: started loading images and finding their encodings
2022-04-01 07:02:04.487 INFO Train - trainImages: loading image
2022-04-01 07:02:04.488 DEBUG Train - trainImages: /home/vikasjoshis001/Desktop/Gestures/images_to_train/hmjmjm-2022-04-01 06:49:03.851652/hmjmjm.b96e0642-b159-11ec-ae44-cb6983774605.jpeg
2022-04-01 07:02:04.488 INFO Train - trainImages: loading image done
2022-04-01 07:02:04.488 INFO Train - trainImages: finding the encoding of image
2022-04-01 07:02:04.569 INFO Train - trainImages: finding encoding of image is done
2022-04-01 07:02:04.569 INFO Train - trainImages: loading image
2022-04-01 07:02:04.570 DEBUG Train - trainImages: /home/vikasjoshis001/Desktop/Gestures/images_to_train/hmjmjm-2022-04-01 06:49:03.851652/hmjmjm.baa2aba8-b159-11ec-ae44-cb6983774605.jpeg
2022-04-01 07:02:04.570 INFO Train - trainImages: loading image done
2022-04-01 07:02:04.570 INFO Train - trainImages: finding the encoding of image
2022-04-01 07:02:04.652 INFO Train - trainImages: finding encoding of image is done
2022-04-01 07:02:04.652 INFO Train - trainImages: loading image
2022-04-01 07:02:04.653 DEBUG Train - trainImages: /home/vikasjoshis001/Desktop/Gestures/images_to_train/hmjmjm-2022-04-01 06:49:03.851652/hmjmjm.b8283122-b159-11ec-ae44-cb6983774605.jpeg
2022-04-01 07:02:04.653 INFO Train - trainImages: loading image done
2022-04-01 07:02:04.653 INFO Train - trainImages: finding the encoding of image
2022-04-01 07:02:04.734 INFO Train - trainImages: finding encoding of image is done
2022-04-01 07:02:04.734 INFO Train - trainImages: loading image
2022-04-01 07:02:04.735 DEBUG Train - trainImages: /home/vikasjoshis001/Desktop/Gestures/images_to_train/hmjmjm-2022-04-01 06:49:03.851652/hmjmjm.b8283123-b159-11ec-ae44-cb6983774605.jpeg
2022-04-01 07:02:04.735 INFO Train - trainImages: loading image done
2022-04-01 07:02:04.735 INFO Train - trainImages: finding the encoding of image
2022-04-01 07:02:04.832 INFO Train - trainImages: finding encoding of image is done
2022-04-01 07:02:04.832 INFO Train - trainImages: loading image
2022-04-01 07:02:04.833 DEBUG Train - trainImages: /home/vikasjoshis001/Desktop/Gestures/images_to_train/hmjmjm-2022-04-01 06:49:03.851652/hmjmjm.b96e0643-b159-11ec-ae44-cb6983774605.jpeg
2022-04-01 07:02:04.833 INFO Train - trainImages: loading image done
2022-04-01 07:02:04.833 INFO Train - trainImages: finding the encoding of image
2022-04-01 07:02:04.940 INFO Train - trainImages: finding encoding of image is done
2022-04-01 07:02:04.940 INFO Train - trainImages: getting average of encodings of loaded images
2022-04-01 07:02:04.940 INFO Train - trainImages: done with getting average encodings
2022-04-01 07:02:04.940 INFO Train - trainImages: storing the name and encoding in local dictionary
2022-04-01 07:02:04.940 INFO Train - trainImages: stored name and encodes in local dictionary
2022-04-01 07:02:04.940 INFO Train - trainImages: storing the name and encodings in mongodb
2022-04-01 07:02:04.941 INFO Train - trainImages: stored all name and encodes in mongodb
2022-04-01 07:02:04.941 INFO Train - trainImages: started loading images and finding their encodings
2022-04-01 07:02:04.941 INFO Train - trainImages: loading image
2022-04-01 07:02:04.942 DEBUG Train - trainImages: /home/vikasjoshis001/Desktop/Gestures/images_to_train/OJdihfj-2022-04-01 06:41:45.047193/OJdihfj.b29c3dbd-b158-11ec-ae44-cb6983774605.jpeg
2022-04-01 07:02:04.942 INFO Train - trainImages: loading image done
2022-04-01 07:02:04.942 INFO Train - trainImages: finding the encoding of image
2022-04-01 07:02:05.022 INFO Train - trainImages: finding encoding of image is done
2022-04-01 07:02:05.022 INFO Train - trainImages: loading image
2022-04-01 07:02:05.023 DEBUG Train - trainImages: /home/vikasjoshis001/Desktop/Gestures/images_to_train/OJdihfj-2022-04-01 06:41:45.047193/OJdihfj.b51c4758-b158-11ec-ae44-cb6983774605.jpeg
2022-04-01 07:02:05.023 INFO Train - trainImages: loading image done
2022-04-01 07:02:05.023 INFO Train - trainImages: finding the encoding of image
2022-04-01 07:02:05.104 INFO Train - trainImages: finding encoding of image is done
2022-04-01 07:02:05.104 INFO Train - trainImages: loading image
2022-04-01 07:02:05.105 DEBUG Train - trainImages: /home/vikasjoshis001/Desktop/Gestures/images_to_train/OJdihfj-2022-04-01 06:41:45.047193/OJdihfj.b29c3dbc-b158-11ec-ae44-cb6983774605.jpeg
2022-04-01 07:02:05.105 INFO Train - trainImages: loading image done
2022-04-01 07:02:05.105 INFO Train - trainImages: finding the encoding of image
2022-04-01 07:02:05.185 INFO Train - trainImages: finding encoding of image is done
2022-04-01 07:02:05.185 INFO Train - trainImages: loading image
2022-04-01 07:02:05.186 DEBUG Train - trainImages: /home/vikasjoshis001/Desktop/Gestures/images_to_train/OJdihfj-2022-04-01 06:41:45.047193/OJdihfj.b3e76661-b158-11ec-ae44-cb6983774605.jpeg
2022-04-01 07:02:05.186 INFO Train - trainImages: loading image done
2022-04-01 07:02:05.186 INFO Train - trainImages: finding the encoding of image
2022-04-01 07:02:05.266 INFO Train - trainImages: finding encoding of image is done
2022-04-01 07:02:05.267 INFO Train - trainImages: loading image
2022-04-01 07:02:05.268 DEBUG Train - trainImages: /home/vikasjoshis001/Desktop/Gestures/images_to_train/OJdihfj-2022-04-01 06:41:45.047193/OJdihfj.b3e76660-b158-11ec-ae44-cb6983774605.jpeg
2022-04-01 07:02:05.268 INFO Train - trainImages: loading image done
2022-04-01 07:02:05.268 INFO Train - trainImages: finding the encoding of image
2022-04-01 07:02:05.348 INFO Train - trainImages: finding encoding of image is done
2022-04-01 07:02:05.348 INFO Train - trainImages: getting average of encodings of loaded images
2022-04-01 07:02:05.348 INFO Train - trainImages: done with getting average encodings
2022-04-01 07:02:05.348 INFO Train - trainImages: storing the name and encoding in local dictionary
2022-04-01 07:02:05.348 INFO Train - trainImages: stored name and encodes in local dictionary
2022-04-01 07:02:05.348 INFO Train - trainImages: storing the name and encodings in mongodb
2022-04-01 07:02:05.349 INFO Train - trainImages: stored all name and encodes in mongodb
2022-04-01 07:02:05.349 INFO Train - trainImages: started loading images and finding their encodings
2022-04-01 07:02:05.349 INFO Train - trainImages: loading image
2022-04-01 07:02:05.350 DEBUG Train - trainImages: /home/vikasjoshis001/Desktop/Gestures/images_to_train/jfhkjg-2022-04-01 06:37:04.905084/jfhkjg.0ceab510-b158-11ec-ae44-cb6983774605.jpeg
2022-04-01 07:02:05.350 INFO Train - trainImages: loading image done
2022-04-01 07:02:05.350 INFO Train - trainImages: finding the encoding of image
2022-04-01 07:02:05.430 INFO Train - trainImages: finding encoding of image is done
2022-04-01 07:02:05.430 INFO Train - trainImages: loading image
2022-04-01 07:02:05.431 DEBUG Train - trainImages: /home/vikasjoshis001/Desktop/Gestures/images_to_train/jfhkjg-2022-04-01 06:37:04.905084/jfhkjg.0ceab511-b158-11ec-ae44-cb6983774605.jpeg
2022-04-01 07:02:05.431 INFO Train - trainImages: loading image done
2022-04-01 07:02:05.431 INFO Train - trainImages: finding the encoding of image
2022-04-01 07:02:05.512 INFO Train - trainImages: finding encoding of image is done
2022-04-01 07:02:05.512 INFO Train - trainImages: loading image
2022-04-01 07:02:05.513 DEBUG Train - trainImages: /home/vikasjoshis001/Desktop/Gestures/images_to_train/jfhkjg-2022-04-01 06:37:04.905084/jfhkjg.0e1fb85e-b158-11ec-ae44-cb6983774605.jpeg
2022-04-01 07:02:05.513 INFO Train - trainImages: loading image done
2022-04-01 07:02:05.513 INFO Train - trainImages: finding the encoding of image
2022-04-01 07:02:05.593 INFO Train - trainImages: finding encoding of image is done
2022-04-01 07:02:05.593 INFO Train - trainImages: loading image
2022-04-01 07:02:05.594 DEBUG Train - trainImages: /home/vikasjoshis001/Desktop/Gestures/images_to_train/jfhkjg-2022-04-01 06:37:04.905084/jfhkjg.0ba1782e-b158-11ec-ae44-cb6983774605.jpeg
2022-04-01 07:02:05.594 INFO Train - trainImages: loading image done
2022-04-01 07:02:05.594 INFO Train - trainImages: finding the encoding of image
2022-04-01 07:02:05.674 INFO Train - trainImages: finding encoding of image is done
2022-04-01 07:02:05.674 INFO Train - trainImages: loading image
2022-04-01 07:02:05.675 DEBUG Train - trainImages: /home/vikasjoshis001/Desktop/Gestures/images_to_train/jfhkjg-2022-04-01 06:37:04.905084/jfhkjg.0ba1782f-b158-11ec-ae44-cb6983774605.jpeg
2022-04-01 07:02:05.675 INFO Train - trainImages: loading image done
2022-04-01 07:02:05.675 INFO Train - trainImages: finding the encoding of image
2022-04-01 07:02:05.755 INFO Train - trainImages: finding encoding of image is done
2022-04-01 07:02:05.756 INFO Train - trainImages: getting average of encodings of loaded images
2022-04-01 07:02:05.756 INFO Train - trainImages: done with getting average encodings
2022-04-01 07:02:05.756 INFO Train - trainImages: storing the name and encoding in local dictionary
2022-04-01 07:02:05.756 INFO Train - trainImages: stored name and encodes in local dictionary
2022-04-01 07:02:05.756 INFO Train - trainImages: storing the name and encodings in mongodb
2022-04-01 07:02:05.756 INFO Train - trainImages: stored all name and encodes in mongodb
2022-04-01 07:02:05.757 INFO Train - trainImages: started loading images and finding their encodings
2022-04-01 07:02:05.757 INFO Train - trainImages: loading image
2022-04-01 07:02:05.758 DEBUG Train - trainImages: /home/vikasjoshis001/Desktop/Gestures/images_to_train/fdsfg-2022-04-01 06:31:00.007557/fdsfg.3222a709-b157-11ec-ae44-cb6983774605.jpeg
2022-04-01 07:02:05.758 INFO Train - trainImages: loading image done
2022-04-01 07:02:05.758 INFO Train - trainImages: finding the encoding of image
2022-04-01 07:02:05.838 INFO Train - trainImages: finding encoding of image is done
2022-04-01 07:02:05.838 INFO Train - trainImages: loading image
2022-04-01 07:02:05.839 DEBUG Train - trainImages: /home/vikasjoshis001/Desktop/Gestures/images_to_train/fdsfg-2022-04-01 06:31:00.007557/fdsfg.33671982-b157-11ec-ae44-cb6983774605.jpeg
2022-04-01 07:02:05.839 INFO Train - trainImages: loading image done
2022-04-01 07:02:05.839 INFO Train - trainImages: finding the encoding of image
2022-04-01 07:02:05.919 INFO Train - trainImages: finding encoding of image is done
2022-04-01 07:02:05.919 INFO Train - trainImages: loading image
2022-04-01 07:02:05.920 DEBUG Train - trainImages: /home/vikasjoshis001/Desktop/Gestures/images_to_train/fdsfg-2022-04-01 06:31:00.007557/fdsfg.33671983-b157-11ec-ae44-cb6983774605.jpeg
2022-04-01 07:02:05.920 INFO Train - trainImages: loading image done
2022-04-01 07:02:05.920 INFO Train - trainImages: finding the encoding of image
2022-04-01 07:02:06.001 INFO Train - trainImages: finding encoding of image is done
2022-04-01 07:02:06.001 INFO Train - trainImages: loading image
2022-04-01 07:02:06.002 DEBUG Train - trainImages: /home/vikasjoshis001/Desktop/Gestures/images_to_train/fdsfg-2022-04-01 06:31:00.007557/fdsfg.349ba318-b157-11ec-ae44-cb6983774605.jpeg
2022-04-01 07:02:06.002 INFO Train - trainImages: loading image done
2022-04-01 07:02:06.002 INFO Train - trainImages: finding the encoding of image
2022-04-01 07:02:06.083 INFO Train - trainImages: finding encoding of image is done
2022-04-01 07:02:06.083 INFO Train - trainImages: loading image
2022-04-01 07:02:06.084 DEBUG Train - trainImages: /home/vikasjoshis001/Desktop/Gestures/images_to_train/fdsfg-2022-04-01 06:31:00.007557/fdsfg.3222a708-b157-11ec-ae44-cb6983774605.jpeg
2022-04-01 07:02:06.084 INFO Train - trainImages: loading image done
2022-04-01 07:02:06.084 INFO Train - trainImages: finding the encoding of image
2022-04-01 07:02:06.166 INFO Train - trainImages: finding encoding of image is done
2022-04-01 07:02:06.166 INFO Train - trainImages: getting average of encodings of loaded images
2022-04-01 07:02:06.166 INFO Train - trainImages: done with getting average encodings
2022-04-01 07:02:06.166 INFO Train - trainImages: storing the name and encoding in local dictionary
2022-04-01 07:02:06.166 INFO Train - trainImages: stored name and encodes in local dictionary
2022-04-01 07:02:06.166 INFO Train - trainImages: storing the name and encodings in mongodb
2022-04-01 07:02:06.167 INFO Train - trainImages: stored all name and encodes in mongodb
2022-04-01 07:02:06.167 INFO Train - trainImages: started loading images and finding their encodings
2022-04-01 07:02:06.167 INFO Train - trainImages: loading image
2022-04-01 07:02:06.168 DEBUG Train - trainImages: /home/vikasjoshis001/Desktop/Gestures/images_to_train/UIO-2022-04-01 06:08:24.896094/UIO.0a6d3245-b154-11ec-ae44-cb6983774605.jpeg
2022-04-01 07:02:06.168 INFO Train - trainImages: loading image done
2022-04-01 07:02:06.168 INFO Train - trainImages: finding the encoding of image
2022-04-01 07:02:06.248 INFO Train - trainImages: finding encoding of image is done
2022-04-01 07:02:06.249 INFO Train - trainImages: loading image
2022-04-01 07:02:06.249 DEBUG Train - trainImages: /home/vikasjoshis001/Desktop/Gestures/images_to_train/UIO-2022-04-01 06:08:24.896094/UIO.0bbc7cb9-b154-11ec-ae44-cb6983774605.jpeg
2022-04-01 07:02:06.250 INFO Train - trainImages: loading image done
2022-04-01 07:02:06.250 INFO Train - trainImages: finding the encoding of image
2022-04-01 07:02:06.330 INFO Train - trainImages: finding encoding of image is done
2022-04-01 07:02:06.330 INFO Train - trainImages: loading image
2022-04-01 07:02:06.331 DEBUG Train - trainImages: /home/vikasjoshis001/Desktop/Gestures/images_to_train/UIO-2022-04-01 06:08:24.896094/UIO.0bbc7cb8-b154-11ec-ae44-cb6983774605.jpeg
2022-04-01 07:02:06.331 INFO Train - trainImages: loading image done
2022-04-01 07:02:06.331 INFO Train - trainImages: finding the encoding of image
2022-04-01 07:02:06.411 INFO Train - trainImages: finding encoding of image is done
2022-04-01 07:02:06.411 INFO Train - trainImages: loading image
2022-04-01 07:02:06.412 DEBUG Train - trainImages: /home/vikasjoshis001/Desktop/Gestures/images_to_train/UIO-2022-04-01 06:08:24.896094/UIO.0a6d3244-b154-11ec-ae44-cb6983774605.jpeg
2022-04-01 07:02:06.412 INFO Train - trainImages: loading image done
2022-04-01 07:02:06.412 INFO Train - trainImages: finding the encoding of image
2022-04-01 07:02:06.495 INFO Train - trainImages: finding encoding of image is done
2022-04-01 07:02:06.495 INFO Train - trainImages: loading image
2022-04-01 07:02:06.496 DEBUG Train - trainImages: /home/vikasjoshis001/Desktop/Gestures/images_to_train/UIO-2022-04-01 06:08:24.896094/UIO.0cf136d2-b154-11ec-ae44-cb6983774605.jpeg
2022-04-01 07:02:06.496 INFO Train - trainImages: loading image done
2022-04-01 07:02:06.496 INFO Train - trainImages: finding the encoding of image
2022-04-01 07:02:06.577 INFO Train - trainImages: finding encoding of image is done
2022-04-01 07:02:06.577 INFO Train - trainImages: getting average of encodings of loaded images
2022-04-01 07:02:06.577 INFO Train - trainImages: done with getting average encodings
2022-04-01 07:02:06.577 INFO Train - trainImages: storing the name and encoding in local dictionary
2022-04-01 07:02:06.577 INFO Train - trainImages: stored name and encodes in local dictionary
2022-04-01 07:02:06.577 INFO Train - trainImages: storing the name and encodings in mongodb
2022-04-01 07:02:06.578 INFO Train - trainImages: stored all name and encodes in mongodb
2022-04-01 07:02:06.578 INFO Train - trainImages: started loading images and finding their encodings
2022-04-01 07:02:06.578 INFO Train - trainImages: loading image
2022-04-01 07:02:06.578 DEBUG Train - trainImages: /home/vikasjoshis001/Desktop/Gestures/images_to_train/arya stark/index.jpeg
2022-04-01 07:02:06.579 INFO Train - trainImages: loading image done
2022-04-01 07:02:06.579 INFO Train - trainImages: finding the encoding of image
2022-04-01 07:02:06.649 INFO Train - trainImages: finding encoding of image is done
2022-04-01 07:02:06.649 INFO Train - trainImages: loading image
2022-04-01 07:02:06.649 DEBUG Train - trainImages: /home/vikasjoshis001/Desktop/Gestures/images_to_train/arya stark/index3.jpeg
2022-04-01 07:02:06.650 INFO Train - trainImages: loading image done
2022-04-01 07:02:06.650 INFO Train - trainImages: finding the encoding of image
2022-04-01 07:02:06.717 INFO Train - trainImages: finding encoding of image is done
2022-04-01 07:02:06.717 INFO Train - trainImages: loading image
2022-04-01 07:02:06.718 DEBUG Train - trainImages: /home/vikasjoshis001/Desktop/Gestures/images_to_train/arya stark/index5.jpeg
2022-04-01 07:02:06.718 INFO Train - trainImages: loading image done
2022-04-01 07:02:06.718 INFO Train - trainImages: finding the encoding of image
2022-04-01 07:02:06.788 INFO Train - trainImages: finding encoding of image is done
2022-04-01 07:02:06.788 INFO Train - trainImages: loading image
2022-04-01 07:02:06.789 DEBUG Train - trainImages: /home/vikasjoshis001/Desktop/Gestures/images_to_train/arya stark/index2.jpeg
2022-04-01 07:02:06.789 INFO Train - trainImages: loading image done
2022-04-01 07:02:06.789 INFO Train - trainImages: finding the encoding of image
2022-04-01 07:02:06.858 INFO Train - trainImages: finding encoding of image is done
2022-04-01 07:02:06.858 INFO Train - trainImages: loading image
2022-04-01 07:02:06.859 DEBUG Train - trainImages: /home/vikasjoshis001/Desktop/Gestures/images_to_train/arya stark/images4.jpeg
2022-04-01 07:02:06.859 INFO Train - trainImages: loading image done
2022-04-01 07:02:06.859 INFO Train - trainImages: finding the encoding of image
2022-04-01 07:02:06.926 INFO Train - trainImages: finding encoding of image is done
2022-04-01 07:02:06.927 INFO Train - trainImages: getting average of encodings of loaded images
2022-04-01 07:02:06.927 INFO Train - trainImages: done with getting average encodings
2022-04-01 07:02:06.927 INFO Train - trainImages: storing the name and encoding in local dictionary
2022-04-01 07:02:06.927 INFO Train - trainImages: stored name and encodes in local dictionary
2022-04-01 07:02:06.927 INFO Train - trainImages: storing the name and encodings in mongodb
2022-04-01 07:02:06.928 INFO Train - trainImages: stored all name and encodes in mongodb
2022-04-01 07:02:06.928 INFO Train - trainImages: started loading images and finding their encodings
2022-04-01 07:02:06.928 INFO Train - trainImages: loading image
2022-04-01 07:02:06.929 DEBUG Train - trainImages: /home/vikasjoshis001/Desktop/Gestures/images_to_train/hhh-2022-04-01 06:44:57.963327/hhh.25986278-b159-11ec-ae44-cb6983774605.jpeg
2022-04-01 07:02:06.929 INFO Train - trainImages: loading image done
2022-04-01 07:02:06.929 INFO Train - trainImages: finding the encoding of image
2022-04-01 07:02:07.013 INFO Train - trainImages: finding encoding of image is done
2022-04-01 07:02:07.013 INFO Train - trainImages: loading image
2022-04-01 07:02:07.014 DEBUG Train - trainImages: /home/vikasjoshis001/Desktop/Gestures/images_to_train/hhh-2022-04-01 06:44:57.963327/hhh.26dc8538-b159-11ec-ae44-cb6983774605.jpeg
2022-04-01 07:02:07.014 INFO Train - trainImages: loading image done
2022-04-01 07:02:07.014 INFO Train - trainImages: finding the encoding of image
2022-04-01 07:02:07.095 INFO Train - trainImages: finding encoding of image is done
2022-04-01 07:02:07.095 INFO Train - trainImages: loading image
2022-04-01 07:02:07.096 DEBUG Train - trainImages: /home/vikasjoshis001/Desktop/Gestures/images_to_train/hhh-2022-04-01 06:44:57.963327/hhh.28114740-b159-11ec-ae44-cb6983774605.jpeg
2022-04-01 07:02:07.096 INFO Train - trainImages: loading image done
2022-04-01 07:02:07.096 INFO Train - trainImages: finding the encoding of image
2022-04-01 07:02:07.178 INFO Train - trainImages: finding encoding of image is done
2022-04-01 07:02:07.178 INFO Train - trainImages: loading image
2022-04-01 07:02:07.179 DEBUG Train - trainImages: /home/vikasjoshis001/Desktop/Gestures/images_to_train/hhh-2022-04-01 06:44:57.963327/hhh.26dc8539-b159-11ec-ae44-cb6983774605.jpeg
2022-04-01 07:02:07.179 INFO Train - trainImages: loading image done
2022-04-01 07:02:07.179 INFO Train - trainImages: finding the encoding of image
2022-04-01 07:02:07.261 INFO Train - trainImages: finding encoding of image is done
2022-04-01 07:02:07.261 INFO Train - trainImages: loading image
2022-04-01 07:02:07.262 DEBUG Train - trainImages: /home/vikasjoshis001/Desktop/Gestures/images_to_train/hhh-2022-04-01 06:44:57.963327/hhh.25986279-b159-11ec-ae44-cb6983774605.jpeg
2022-04-01 07:02:07.262 INFO Train - trainImages: loading image done
2022-04-01 07:02:07.262 INFO Train - trainImages: finding the encoding of image
2022-04-01 07:02:07.344 INFO Train - trainImages: finding encoding of image is done
2022-04-01 07:02:07.344 INFO Train - trainImages: getting average of encodings of loaded images
2022-04-01 07:02:07.344 INFO Train - trainImages: done with getting average encodings
2022-04-01 07:02:07.344 INFO Train - trainImages: storing the name and encoding in local dictionary
2022-04-01 07:02:07.344 INFO Train - trainImages: stored name and encodes in local dictionary
2022-04-01 07:02:07.344 INFO Train - trainImages: storing the name and encodings in mongodb
2022-04-01 07:02:07.345 INFO Train - trainImages: stored all name and encodes in mongodb
2022-04-01 07:02:07.345 INFO Train - trainImages: started loading images and finding their encodings
2022-04-01 07:02:07.345 INFO Train - trainImages: loading image
2022-04-01 07:02:07.346 DEBUG Train - trainImages: /home/vikasjoshis001/Desktop/Gestures/images_to_train/lvkn;lhk-2022-04-01 06:42:39.157330/lvkn;lhk.d2dc65ac-b158-11ec-ae44-cb6983774605.jpeg
2022-04-01 07:02:07.346 INFO Train - trainImages: loading image done
2022-04-01 07:02:07.346 INFO Train - trainImages: finding the encoding of image
2022-04-01 07:02:07.430 INFO Train - trainImages: finding encoding of image is done
2022-04-01 07:02:07.430 INFO Train - trainImages: loading image
2022-04-01 07:02:07.431 DEBUG Train - trainImages: /home/vikasjoshis001/Desktop/Gestures/images_to_train/lvkn;lhk-2022-04-01 06:42:39.157330/lvkn;lhk.d4222b36-b158-11ec-ae44-cb6983774605.jpeg
2022-04-01 07:02:07.431 INFO Train - trainImages: loading image done
2022-04-01 07:02:07.431 INFO Train - trainImages: finding the encoding of image
2022-04-01 07:02:07.512 INFO Train - trainImages: finding encoding of image is done
2022-04-01 07:02:07.512 INFO Train - trainImages: loading image
2022-04-01 07:02:07.513 DEBUG Train - trainImages: /home/vikasjoshis001/Desktop/Gestures/images_to_train/lvkn;lhk-2022-04-01 06:42:39.157330/lvkn;lhk.d5570328-b158-11ec-ae44-cb6983774605.jpeg
2022-04-01 07:02:07.513 INFO Train - trainImages: loading image done
2022-04-01 07:02:07.513 INFO Train - trainImages: finding the encoding of image
2022-04-01 07:02:07.595 INFO Train - trainImages: finding encoding of image is done
2022-04-01 07:02:07.595 INFO Train - trainImages: loading image
2022-04-01 07:02:07.596 DEBUG Train - trainImages: /home/vikasjoshis001/Desktop/Gestures/images_to_train/lvkn;lhk-2022-04-01 06:42:39.157330/lvkn;lhk.d4222b37-b158-11ec-ae44-cb6983774605.jpeg
2022-04-01 07:02:07.596 INFO Train - trainImages: loading image done
2022-04-01 07:02:07.596 INFO Train - trainImages: finding the encoding of image
2022-04-01 07:02:07.677 INFO Train - trainImages: finding encoding of image is done
2022-04-01 07:02:07.677 INFO Train - trainImages: loading image
2022-04-01 07:02:07.678 DEBUG Train - trainImages: /home/vikasjoshis001/Desktop/Gestures/images_to_train/lvkn;lhk-2022-04-01 06:42:39.157330/lvkn;lhk.d2dc65ad-b158-11ec-ae44-cb6983774605.jpeg
2022-04-01 07:02:07.678 INFO Train - trainImages: loading image done
2022-04-01 07:02:07.678 INFO Train - trainImages: finding the encoding of image
2022-04-01 07:02:07.758 INFO Train - trainImages: finding encoding of image is done
2022-04-01 07:02:07.758 INFO Train - trainImages: getting average of encodings of loaded images
2022-04-01 07:02:07.758 INFO Train - trainImages: done with getting average encodings
2022-04-01 07:02:07.758 INFO Train - trainImages: storing the name and encoding in local dictionary
2022-04-01 07:02:07.758 INFO Train - trainImages: stored name and encodes in local dictionary
2022-04-01 07:02:07.759 INFO Train - trainImages: storing the name and encodings in mongodb
2022-04-01 07:02:07.759 INFO Train - trainImages: stored all name and encodes in mongodb
2022-04-01 07:02:07.759 INFO Train - trainImages: started loading images and finding their encodings
2022-04-01 07:02:07.759 INFO Train - trainImages: loading image
2022-04-01 07:02:07.760 DEBUG Train - trainImages: /home/vikasjoshis001/Desktop/Gestures/images_to_train/bgcnhgnvbngh-2022-04-01 06:34:02.139502/bgcnhgnvbngh.a134ebc4-b157-11ec-ae44-cb6983774605.jpeg
2022-04-01 07:02:07.761 INFO Train - trainImages: loading image done
2022-04-01 07:02:07.761 INFO Train - trainImages: finding the encoding of image
2022-04-01 07:02:07.841 INFO Train - trainImages: finding encoding of image is done
2022-04-01 07:02:07.841 INFO Train - trainImages: loading image
2022-04-01 07:02:07.842 DEBUG Train - trainImages: /home/vikasjoshis001/Desktop/Gestures/images_to_train/bgcnhgnvbngh-2022-04-01 06:34:02.139502/bgcnhgnvbngh.9fff80f2-b157-11ec-ae44-cb6983774605.jpeg
2022-04-01 07:02:07.842 INFO Train - trainImages: loading image done
2022-04-01 07:02:07.842 INFO Train - trainImages: finding the encoding of image
2022-04-01 07:02:07.921 INFO Train - trainImages: finding encoding of image is done
2022-04-01 07:02:07.921 INFO Train - trainImages: loading image
2022-04-01 07:02:07.922 DEBUG Train - trainImages: /home/vikasjoshis001/Desktop/Gestures/images_to_train/bgcnhgnvbngh-2022-04-01 06:34:02.139502/bgcnhgnvbngh.9eb230f1-b157-11ec-ae44-cb6983774605.jpeg
2022-04-01 07:02:07.922 INFO Train - trainImages: loading image done
2022-04-01 07:02:07.922 INFO Train - trainImages: finding the encoding of image
2022-04-01 07:02:08.003 INFO Train - trainImages: finding encoding of image is done
2022-04-01 07:02:08.003 INFO Train - trainImages: loading image
2022-04-01 07:02:08.004 DEBUG Train - trainImages: /home/vikasjoshis001/Desktop/Gestures/images_to_train/bgcnhgnvbngh-2022-04-01 06:34:02.139502/bgcnhgnvbngh.9fff80f3-b157-11ec-ae44-cb6983774605.jpeg
2022-04-01 07:02:08.004 INFO Train - trainImages: loading image done
2022-04-01 07:02:08.004 INFO Train - trainImages: finding the encoding of image
2022-04-01 07:02:08.086 INFO Train - trainImages: finding encoding of image is done
2022-04-01 07:02:08.086 INFO Train - trainImages: loading image
2022-04-01 07:02:08.087 DEBUG Train - trainImages: /home/vikasjoshis001/Desktop/Gestures/images_to_train/bgcnhgnvbngh-2022-04-01 06:34:02.139502/bgcnhgnvbngh.9eb230f0-b157-11ec-ae44-cb6983774605.jpeg
2022-04-01 07:02:08.087 INFO Train - trainImages: loading image done
2022-04-01 07:02:08.087 INFO Train - trainImages: finding the encoding of image
2022-04-01 07:02:08.168 INFO Train - trainImages: finding encoding of image is done
2022-04-01 07:02:08.168 INFO Train - trainImages: getting average of encodings of loaded images
2022-04-01 07:02:08.168 INFO Train - trainImages: done with getting average encodings
2022-04-01 07:02:08.168 INFO Train - trainImages: storing the name and encoding in local dictionary
2022-04-01 07:02:08.168 INFO Train - trainImages: stored name and encodes in local dictionary
2022-04-01 07:02:08.168 INFO Train - trainImages: storing the name and encodings in mongodb
2022-04-01 07:02:08.169 INFO Train - trainImages: stored all name and encodes in mongodb
2022-04-01 07:02:08.169 INFO Train - trainImages: started loading images and finding their encodings
2022-04-01 07:02:08.169 INFO Train - trainImages: loading image
2022-04-01 07:02:08.170 DEBUG Train - trainImages: /home/vikasjoshis001/Desktop/Gestures/images_to_train/nnhm-2022-04-01 06:35:32.890275/nnhm.d6127e06-b157-11ec-ae44-cb6983774605.jpeg
2022-04-01 07:02:08.170 INFO Train - trainImages: loading image done
2022-04-01 07:02:08.170 INFO Train - trainImages: finding the encoding of image
2022-04-01 07:02:08.251 INFO Train - trainImages: finding encoding of image is done
2022-04-01 07:02:08.251 INFO Train - trainImages: loading image
2022-04-01 07:02:08.252 DEBUG Train - trainImages: /home/vikasjoshis001/Desktop/Gestures/images_to_train/nnhm-2022-04-01 06:35:32.890275/nnhm.d6127e07-b157-11ec-ae44-cb6983774605.jpeg
2022-04-01 07:02:08.252 INFO Train - trainImages: loading image done
2022-04-01 07:02:08.252 INFO Train - trainImages: finding the encoding of image
2022-04-01 07:02:08.332 INFO Train - trainImages: finding encoding of image is done
2022-04-01 07:02:08.332 INFO Train - trainImages: loading image
2022-04-01 07:02:08.333 DEBUG Train - trainImages: /home/vikasjoshis001/Desktop/Gestures/images_to_train/nnhm-2022-04-01 06:35:32.890275/nnhm.d4c9f9b6-b157-11ec-ae44-cb6983774605.jpeg
2022-04-01 07:02:08.334 INFO Train - trainImages: loading image done
2022-04-01 07:02:08.334 INFO Train - trainImages: finding the encoding of image
2022-04-01 07:02:08.414 INFO Train - trainImages: finding encoding of image is done
2022-04-01 07:02:08.414 INFO Train - trainImages: loading image
2022-04-01 07:02:08.415 DEBUG Train - trainImages: /home/vikasjoshis001/Desktop/Gestures/images_to_train/nnhm-2022-04-01 06:35:32.890275/nnhm.d4c9f9b7-b157-11ec-ae44-cb6983774605.jpeg
2022-04-01 07:02:08.415 INFO Train - trainImages: loading image done
2022-04-01 07:02:08.415 INFO Train - trainImages: finding the encoding of image
2022-04-01 07:02:08.496 INFO Train - trainImages: finding encoding of image is done
2022-04-01 07:02:08.496 INFO Train - trainImages: loading image
2022-04-01 07:02:08.497 DEBUG Train - trainImages: /home/vikasjoshis001/Desktop/Gestures/images_to_train/nnhm-2022-04-01 06:35:32.890275/nnhm.d7475ac6-b157-11ec-ae44-cb6983774605.jpeg
2022-04-01 07:02:08.497 INFO Train - trainImages: loading image done
2022-04-01 07:02:08.497 INFO Train - trainImages: finding the encoding of image
2022-04-01 07:02:08.578 INFO Train - trainImages: finding encoding of image is done
2022-04-01 07:02:08.578 INFO Train - trainImages: getting average of encodings of loaded images
2022-04-01 07:02:08.579 INFO Train - trainImages: done with getting average encodings
2022-04-01 07:02:08.579 INFO Train - trainImages: storing the name and encoding in local dictionary
2022-04-01 07:02:08.579 INFO Train - trainImages: stored name and encodes in local dictionary
2022-04-01 07:02:08.579 INFO Train - trainImages: storing the name and encodings in mongodb
2022-04-01 07:02:08.579 INFO Train - trainImages: stored all name and encodes in mongodb
