2022-03-31 13:13:29.853 INFO Train - trainImages: MongoDB database connected successfully
2022-03-31 13:13:29.856 INFO Train - trainImages: collected all folders in known_people folder
2022-03-31 13:13:29.856 DEBUG Train - trainImages: ['tyrion lannister', 'Shubham-2022-03-31 12:14:08.769566', 'jhvxfgh-2022-03-31 12:32:20.012113', 'denerys targeryan', 'kn knmf b-2022-03-31 12:51:51.962939', 'cersie lannister', 'cdvbxd-2022-03-31 12:29:01.669747', 'king in the north', 'vhm-2022-03-31 12:22:16.839677', 'vnkfdjznb-2022-03-31 12:50:03.756797', 'fdf-2022-03-31 12:47:24.940166', 'Chai-2022-03-31 12:20:10.218479', 'arya stark', 'gh-2022-03-31 12:23:19.211189', 'Sad-2022-03-31 12:16:52.952750', 'Vikas-2022-03-12 15:33:49.979215', 'csdzcz-2022-03-31 12:31:31.420705']
2022-03-31 13:13:29.857 INFO Train - trainImages: collected all images from all folders in known_people folder
2022-03-31 13:13:29.857 DEBUG Train - trainImages: [['/home/vikasjoshis001/Desktop/Gestures/images_to_train/tyrion lannister/images5.jpeg', '/home/vikasjoshis001/Desktop/Gestures/images_to_train/tyrion lannister/index3.jpeg', '/home/vikasjoshis001/Desktop/Gestures/images_to_train/tyrion lannister/index1.jpeg', '/home/vikasjoshis001/Desktop/Gestures/images_to_train/tyrion lannister/index2.jpeg', '/home/vikasjoshis001/Desktop/Gestures/images_to_train/tyrion lannister/index4.jpeg'], ['/home/vikasjoshis001/Desktop/Gestures/images_to_train/Shubham-2022-03-31 12:14:08.769566/Shubham.f8cc63d4-b0bd-11ec-95c9-353773ec36e1.jpeg'], ['/home/vikasjoshis001/Desktop/Gestures/images_to_train/jhvxfgh-2022-03-31 12:32:20.012113/jhvxfgh.81ffab14-b0c0-11ec-95c9-353773ec36e1.jpeg', '/home/vikasjoshis001/Desktop/Gestures/images_to_train/jhvxfgh-2022-03-31 12:32:20.012113/jhvxfgh.84860fae-b0c0-11ec-95c9-353773ec36e1.jpeg', '/home/vikasjoshis001/Desktop/Gestures/images_to_train/jhvxfgh-2022-03-31 12:32:20.012113/jhvxfgh.834cff26-b0c0-11ec-95c9-353773ec36e1.jpeg', '/home/vikasjoshis001/Desktop/Gestures/images_to_train/jhvxfgh-2022-03-31 12:32:20.012113/jhvxfgh.834cff27-b0c0-11ec-95c9-353773ec36e1.jpeg', '/home/vikasjoshis001/Desktop/Gestures/images_to_train/jhvxfgh-2022-03-31 12:32:20.012113/jhvxfgh.81ffab15-b0c0-11ec-95c9-353773ec36e1.jpeg'], ['/home/vikasjoshis001/Desktop/Gestures/images_to_train/denerys targeryan/index3.jpeg', '/home/vikasjoshis001/Desktop/Gestures/images_to_train/denerys targeryan/index5.jpeg', '/home/vikasjoshis001/Desktop/Gestures/images_to_train/denerys targeryan/index1.jpeg', '/home/vikasjoshis001/Desktop/Gestures/images_to_train/denerys targeryan/index2.jpeg', '/home/vikasjoshis001/Desktop/Gestures/images_to_train/denerys targeryan/index4.jpeg'], ['/home/vikasjoshis001/Desktop/Gestures/images_to_train/kn knmf b-2022-03-31 12:51:51.962939/kn knmf b.3f0ce562-b0c3-11ec-95c9-353773ec36e1.jpeg', '/home/vikasjoshis001/Desktop/Gestures/images_to_train/kn knmf b-2022-03-31 12:51:51.962939/kn knmf b.3c892346-b0c3-11ec-95c9-353773ec36e1.jpeg', '/home/vikasjoshis001/Desktop/Gestures/images_to_train/kn knmf b-2022-03-31 12:51:51.962939/kn knmf b.3dd2dfc6-b0c3-11ec-95c9-353773ec36e1.jpeg', '/home/vikasjoshis001/Desktop/Gestures/images_to_train/kn knmf b-2022-03-31 12:51:51.962939/kn knmf b.3c892347-b0c3-11ec-95c9-353773ec36e1.jpeg', '/home/vikasjoshis001/Desktop/Gestures/images_to_train/kn knmf b-2022-03-31 12:51:51.962939/kn knmf b.3dd2dfc7-b0c3-11ec-95c9-353773ec36e1.jpeg'], ['/home/vikasjoshis001/Desktop/Gestures/images_to_train/cersie lannister/index3.jpeg', '/home/vikasjoshis001/Desktop/Gestures/images_to_train/cersie lannister/index5.jpeg', '/home/vikasjoshis001/Desktop/Gestures/images_to_train/cersie lannister/index2.jpeg', '/home/vikasjoshis001/Desktop/Gestures/images_to_train/cersie lannister/index4.jpeg'], ['/home/vikasjoshis001/Desktop/Gestures/images_to_train/cdvbxd-2022-03-31 12:29:01.669747/cdvbxd.0dac1d9d-b0c0-11ec-95c9-353773ec36e1.jpeg', '/home/vikasjoshis001/Desktop/Gestures/images_to_train/cdvbxd-2022-03-31 12:29:01.669747/cdvbxd.0dac1d9c-b0c0-11ec-95c9-353773ec36e1.jpeg', '/home/vikasjoshis001/Desktop/Gestures/images_to_train/cdvbxd-2022-03-31 12:29:01.669747/cdvbxd.0c763945-b0c0-11ec-95c9-353773ec36e1.jpeg', '/home/vikasjoshis001/Desktop/Gestures/images_to_train/cdvbxd-2022-03-31 12:29:01.669747/cdvbxd.0bc67946-b0c0-11ec-95c9-353773ec36e1.jpeg', '/home/vikasjoshis001/Desktop/Gestures/images_to_train/cdvbxd-2022-03-31 12:29:01.669747/cdvbxd.0c763944-b0c0-11ec-95c9-353773ec36e1.jpeg'], ['/home/vikasjoshis001/Desktop/Gestures/images_to_train/king in the north/index.jpeg', '/home/vikasjoshis001/Desktop/Gestures/images_to_train/king in the north/index3.jpeg', '/home/vikasjoshis001/Desktop/Gestures/images_to_train/king in the north/index5.jpeg', '/home/vikasjoshis001/Desktop/Gestures/images_to_train/king in the north/index2.jpeg', '/home/vikasjoshis001/Desktop/Gestures/images_to_train/king in the north/index4.jpeg'], ['/home/vikasjoshis001/Desktop/Gestures/images_to_train/vhm-2022-03-31 12:22:16.839677/vhm.1a7afe73-b0bf-11ec-95c9-353773ec36e1.jpeg', '/home/vikasjoshis001/Desktop/Gestures/images_to_train/vhm-2022-03-31 12:22:16.839677/vhm.1a7afe72-b0bf-11ec-95c9-353773ec36e1.jpeg', '/home/vikasjoshis001/Desktop/Gestures/images_to_train/vhm-2022-03-31 12:22:16.839677/vhm.1a7afe75-b0bf-11ec-95c9-353773ec36e1.jpeg', '/home/vikasjoshis001/Desktop/Gestures/images_to_train/vhm-2022-03-31 12:22:16.839677/vhm.1a7afe74-b0bf-11ec-95c9-353773ec36e1.jpeg', '/home/vikasjoshis001/Desktop/Gestures/images_to_train/vhm-2022-03-31 12:22:16.839677/vhm.1a7afe76-b0bf-11ec-95c9-353773ec36e1.jpeg'], ['/home/vikasjoshis001/Desktop/Gestures/images_to_train/vnkfdjznb-2022-03-31 12:50:03.756797/vnkfdjznb.fc0a2ab9-b0c2-11ec-95c9-353773ec36e1.jpeg', '/home/vikasjoshis001/Desktop/Gestures/images_to_train/vnkfdjznb-2022-03-31 12:50:03.756797/vnkfdjznb.fe8e6812-b0c2-11ec-95c9-353773ec36e1.jpeg', '/home/vikasjoshis001/Desktop/Gestures/images_to_train/vnkfdjznb-2022-03-31 12:50:03.756797/vnkfdjznb.fc0a2ab8-b0c2-11ec-95c9-353773ec36e1.jpeg', '/home/vikasjoshis001/Desktop/Gestures/images_to_train/vnkfdjznb-2022-03-31 12:50:03.756797/vnkfdjznb.fd54f74b-b0c2-11ec-95c9-353773ec36e1.jpeg', '/home/vikasjoshis001/Desktop/Gestures/images_to_train/vnkfdjznb-2022-03-31 12:50:03.756797/vnkfdjznb.fd54f74a-b0c2-11ec-95c9-353773ec36e1.jpeg'], ['/home/vikasjoshis001/Desktop/Gestures/images_to_train/fdf-2022-03-31 12:47:24.940166/fdf.9eae153d-b0c2-11ec-95c9-353773ec36e1.jpeg', '/home/vikasjoshis001/Desktop/Gestures/images_to_train/fdf-2022-03-31 12:47:24.940166/fdf.9fe743ec-b0c2-11ec-95c9-353773ec36e1.jpeg', '/home/vikasjoshis001/Desktop/Gestures/images_to_train/fdf-2022-03-31 12:47:24.940166/fdf.9d60e8ee-b0c2-11ec-95c9-353773ec36e1.jpeg', '/home/vikasjoshis001/Desktop/Gestures/images_to_train/fdf-2022-03-31 12:47:24.940166/fdf.9d60e8ef-b0c2-11ec-95c9-353773ec36e1.jpeg', '/home/vikasjoshis001/Desktop/Gestures/images_to_train/fdf-2022-03-31 12:47:24.940166/fdf.9eae153c-b0c2-11ec-95c9-353773ec36e1.jpeg'], ['/home/vikasjoshis001/Desktop/Gestures/images_to_train/Chai-2022-03-31 12:20:10.218479/Chai.cf03ab39-b0be-11ec-95c9-353773ec36e1.jpeg', '/home/vikasjoshis001/Desktop/Gestures/images_to_train/Chai-2022-03-31 12:20:10.218479/Chai.cf03ab3b-b0be-11ec-95c9-353773ec36e1.jpeg', '/home/vikasjoshis001/Desktop/Gestures/images_to_train/Chai-2022-03-31 12:20:10.218479/Chai.cf03ab38-b0be-11ec-95c9-353773ec36e1.jpeg', '/home/vikasjoshis001/Desktop/Gestures/images_to_train/Chai-2022-03-31 12:20:10.218479/Chai.cf03ab3c-b0be-11ec-95c9-353773ec36e1.jpeg', '/home/vikasjoshis001/Desktop/Gestures/images_to_train/Chai-2022-03-31 12:20:10.218479/Chai.cf03ab3a-b0be-11ec-95c9-353773ec36e1.jpeg'], ['/home/vikasjoshis001/Desktop/Gestures/images_to_train/arya stark/index.jpeg', '/home/vikasjoshis001/Desktop/Gestures/images_to_train/arya stark/index3.jpeg', '/home/vikasjoshis001/Desktop/Gestures/images_to_train/arya stark/index5.jpeg', '/home/vikasjoshis001/Desktop/Gestures/images_to_train/arya stark/index2.jpeg', '/home/vikasjoshis001/Desktop/Gestures/images_to_train/arya stark/images4.jpeg'], ['/home/vikasjoshis001/Desktop/Gestures/images_to_train/gh-2022-03-31 12:23:19.211189/gh.3fa9801e-b0bf-11ec-95c9-353773ec36e1.jpeg', '/home/vikasjoshis001/Desktop/Gestures/images_to_train/gh-2022-03-31 12:23:19.211189/gh.3fa9801b-b0bf-11ec-95c9-353773ec36e1.jpeg', '/home/vikasjoshis001/Desktop/Gestures/images_to_train/gh-2022-03-31 12:23:19.211189/gh.3fa9801a-b0bf-11ec-95c9-353773ec36e1.jpeg', '/home/vikasjoshis001/Desktop/Gestures/images_to_train/gh-2022-03-31 12:23:19.211189/gh.3fa9801d-b0bf-11ec-95c9-353773ec36e1.jpeg', '/home/vikasjoshis001/Desktop/Gestures/images_to_train/gh-2022-03-31 12:23:19.211189/gh.3fa9801c-b0bf-11ec-95c9-353773ec36e1.jpeg'], ['/home/vikasjoshis001/Desktop/Gestures/images_to_train/Sad-2022-03-31 12:16:52.952750/Sad.596d38de-b0be-11ec-95c9-353773ec36e1.jpeg', '/home/vikasjoshis001/Desktop/Gestures/images_to_train/Sad-2022-03-31 12:16:52.952750/Sad.596d38dd-b0be-11ec-95c9-353773ec36e1.jpeg', '/home/vikasjoshis001/Desktop/Gestures/images_to_train/Sad-2022-03-31 12:16:52.952750/Sad.596d38da-b0be-11ec-95c9-353773ec36e1.jpeg', '/home/vikasjoshis001/Desktop/Gestures/images_to_train/Sad-2022-03-31 12:16:52.952750/Sad.596d38db-b0be-11ec-95c9-353773ec36e1.jpeg', '/home/vikasjoshis001/Desktop/Gestures/images_to_train/Sad-2022-03-31 12:16:52.952750/Sad.596d38dc-b0be-11ec-95c9-353773ec36e1.jpeg'], ['/home/vikasjoshis001/Desktop/Gestures/images_to_train/Vikas-2022-03-12 15:33:49.979215/Vikas.b761c802-a1eb-11ec-a348-e960390a4373.jpeg', '/home/vikasjoshis001/Desktop/Gestures/images_to_train/Vikas-2022-03-12 15:33:49.979215/Vikas.b9e21fbe-a1eb-11ec-a348-e960390a4373.jpeg', '/home/vikasjoshis001/Desktop/Gestures/images_to_train/Vikas-2022-03-12 15:33:49.979215/Vikas.b761c803-a1eb-11ec-a348-e960390a4373.jpeg', '/home/vikasjoshis001/Desktop/Gestures/images_to_train/Vikas-2022-03-12 15:33:49.979215/Vikas.b8aa7a74-a1eb-11ec-a348-e960390a4373.jpeg', '/home/vikasjoshis001/Desktop/Gestures/images_to_train/Vikas-2022-03-12 15:33:49.979215/Vikas.b8aa7a75-a1eb-11ec-a348-e960390a4373.jpeg'], ['/home/vikasjoshis001/Desktop/Gestures/images_to_train/csdzcz-2022-03-31 12:31:31.420705/csdzcz.6792ab96-b0c0-11ec-95c9-353773ec36e1.jpeg', '/home/vikasjoshis001/Desktop/Gestures/images_to_train/csdzcz-2022-03-31 12:31:31.420705/csdzcz.66593e70-b0c0-11ec-95c9-353773ec36e1.jpeg', '/home/vikasjoshis001/Desktop/Gestures/images_to_train/csdzcz-2022-03-31 12:31:31.420705/csdzcz.65091bb2-b0c0-11ec-95c9-353773ec36e1.jpeg', '/home/vikasjoshis001/Desktop/Gestures/images_to_train/csdzcz-2022-03-31 12:31:31.420705/csdzcz.65091bb3-b0c0-11ec-95c9-353773ec36e1.jpeg', '/home/vikasjoshis001/Desktop/Gestures/images_to_train/csdzcz-2022-03-31 12:31:31.420705/csdzcz.66593e71-b0c0-11ec-95c9-353773ec36e1.jpeg']]
2022-03-31 13:13:29.857 INFO Train - trainImages: started loading images and finding their encodings
2022-03-31 13:13:29.857 INFO Train - trainImages: loading image
2022-03-31 13:13:29.864 DEBUG Train - trainImages: /home/vikasjoshis001/Desktop/Gestures/images_to_train/tyrion lannister/images5.jpeg
2022-03-31 13:13:29.864 INFO Train - trainImages: loading image done
2022-03-31 13:13:29.864 INFO Train - trainImages: finding the encoding of image
2022-03-31 13:13:29.939 INFO Train - trainImages: finding encoding of image is done
2022-03-31 13:13:29.940 INFO Train - trainImages: loading image
2022-03-31 13:13:29.940 DEBUG Train - trainImages: /home/vikasjoshis001/Desktop/Gestures/images_to_train/tyrion lannister/index3.jpeg
2022-03-31 13:13:29.940 INFO Train - trainImages: loading image done
2022-03-31 13:13:29.940 INFO Train - trainImages: finding the encoding of image
2022-03-31 13:13:30.007 INFO Train - trainImages: finding encoding of image is done
2022-03-31 13:13:30.007 INFO Train - trainImages: loading image
2022-03-31 13:13:30.007 DEBUG Train - trainImages: /home/vikasjoshis001/Desktop/Gestures/images_to_train/tyrion lannister/index1.jpeg
2022-03-31 13:13:30.007 INFO Train - trainImages: loading image done
2022-03-31 13:13:30.007 INFO Train - trainImages: finding the encoding of image
2022-03-31 13:13:30.073 INFO Train - trainImages: finding encoding of image is done
2022-03-31 13:13:30.073 INFO Train - trainImages: loading image
2022-03-31 13:13:30.074 DEBUG Train - trainImages: /home/vikasjoshis001/Desktop/Gestures/images_to_train/tyrion lannister/index2.jpeg
2022-03-31 13:13:30.074 INFO Train - trainImages: loading image done
2022-03-31 13:13:30.074 INFO Train - trainImages: finding the encoding of image
2022-03-31 13:13:30.141 INFO Train - trainImages: finding encoding of image is done
2022-03-31 13:13:30.141 INFO Train - trainImages: loading image
2022-03-31 13:13:30.141 DEBUG Train - trainImages: /home/vikasjoshis001/Desktop/Gestures/images_to_train/tyrion lannister/index4.jpeg
2022-03-31 13:13:30.141 INFO Train - trainImages: loading image done
2022-03-31 13:13:30.141 INFO Train - trainImages: finding the encoding of image
2022-03-31 13:13:30.206 INFO Train - trainImages: finding encoding of image is done
2022-03-31 13:13:30.206 INFO Train - trainImages: getting average of encodings of loaded images
2022-03-31 13:13:30.206 INFO Train - trainImages: done with getting average encodings
2022-03-31 13:13:30.206 INFO Train - trainImages: storing the name and encoding in local dictionary
2022-03-31 13:13:30.206 INFO Train - trainImages: stored name and encodes in local dictionary
2022-03-31 13:13:30.206 INFO Train - trainImages: storing the name and encodings in mongodb
2022-03-31 13:13:30.208 INFO Train - trainImages: stored all name and encodes in mongodb
2022-03-31 13:13:30.208 INFO Train - trainImages: started loading images and finding their encodings
2022-03-31 13:13:30.208 INFO Train - trainImages: loading image
2022-03-31 13:13:30.210 DEBUG Train - trainImages: /home/vikasjoshis001/Desktop/Gestures/images_to_train/Shubham-2022-03-31 12:14:08.769566/Shubham.f8cc63d4-b0bd-11ec-95c9-353773ec36e1.jpeg
2022-03-31 13:13:30.210 INFO Train - trainImages: loading image done
2022-03-31 13:13:30.210 INFO Train - trainImages: finding the encoding of image
2022-03-31 13:13:30.389 INFO Train - trainImages: finding encoding of image is done
2022-03-31 13:13:30.389 INFO Train - trainImages: getting average of encodings of loaded images
2022-03-31 13:13:30.389 INFO Train - trainImages: done with getting average encodings
2022-03-31 13:13:30.389 INFO Train - trainImages: storing the name and encoding in local dictionary
2022-03-31 13:13:30.389 INFO Train - trainImages: stored name and encodes in local dictionary
2022-03-31 13:13:30.389 INFO Train - trainImages: storing the name and encodings in mongodb
2022-03-31 13:13:30.390 INFO Train - trainImages: stored all name and encodes in mongodb
2022-03-31 13:13:30.390 INFO Train - trainImages: started loading images and finding their encodings
2022-03-31 13:13:30.390 INFO Train - trainImages: loading image
2022-03-31 13:13:30.392 DEBUG Train - trainImages: /home/vikasjoshis001/Desktop/Gestures/images_to_train/jhvxfgh-2022-03-31 12:32:20.012113/jhvxfgh.81ffab14-b0c0-11ec-95c9-353773ec36e1.jpeg
2022-03-31 13:13:30.392 INFO Train - trainImages: loading image done
2022-03-31 13:13:30.392 INFO Train - trainImages: finding the encoding of image
2022-03-31 13:13:30.571 INFO Train - trainImages: finding encoding of image is done
2022-03-31 13:13:30.571 INFO Train - trainImages: loading image
2022-03-31 13:13:30.573 DEBUG Train - trainImages: /home/vikasjoshis001/Desktop/Gestures/images_to_train/jhvxfgh-2022-03-31 12:32:20.012113/jhvxfgh.84860fae-b0c0-11ec-95c9-353773ec36e1.jpeg
2022-03-31 13:13:30.573 INFO Train - trainImages: loading image done
2022-03-31 13:13:30.573 INFO Train - trainImages: finding the encoding of image
2022-03-31 13:13:30.750 INFO Train - trainImages: finding encoding of image is done
2022-03-31 13:13:30.750 INFO Train - trainImages: loading image
2022-03-31 13:13:30.752 DEBUG Train - trainImages: /home/vikasjoshis001/Desktop/Gestures/images_to_train/jhvxfgh-2022-03-31 12:32:20.012113/jhvxfgh.834cff26-b0c0-11ec-95c9-353773ec36e1.jpeg
2022-03-31 13:13:30.752 INFO Train - trainImages: loading image done
2022-03-31 13:13:30.752 INFO Train - trainImages: finding the encoding of image
2022-03-31 13:13:30.930 INFO Train - trainImages: finding encoding of image is done
2022-03-31 13:13:30.931 INFO Train - trainImages: loading image
2022-03-31 13:13:30.933 DEBUG Train - trainImages: /home/vikasjoshis001/Desktop/Gestures/images_to_train/jhvxfgh-2022-03-31 12:32:20.012113/jhvxfgh.834cff27-b0c0-11ec-95c9-353773ec36e1.jpeg
2022-03-31 13:13:30.933 INFO Train - trainImages: loading image done
2022-03-31 13:13:30.933 INFO Train - trainImages: finding the encoding of image
2022-03-31 13:13:31.110 INFO Train - trainImages: finding encoding of image is done
2022-03-31 13:13:31.110 INFO Train - trainImages: loading image
2022-03-31 13:13:31.113 DEBUG Train - trainImages: /home/vikasjoshis001/Desktop/Gestures/images_to_train/jhvxfgh-2022-03-31 12:32:20.012113/jhvxfgh.81ffab15-b0c0-11ec-95c9-353773ec36e1.jpeg
2022-03-31 13:13:31.113 INFO Train - trainImages: loading image done
2022-03-31 13:13:31.113 INFO Train - trainImages: finding the encoding of image
2022-03-31 13:13:31.289 INFO Train - trainImages: finding encoding of image is done
2022-03-31 13:13:31.289 INFO Train - trainImages: getting average of encodings of loaded images
2022-03-31 13:13:31.289 INFO Train - trainImages: done with getting average encodings
2022-03-31 13:13:31.289 INFO Train - trainImages: storing the name and encoding in local dictionary
2022-03-31 13:13:31.289 INFO Train - trainImages: stored name and encodes in local dictionary
2022-03-31 13:13:31.290 INFO Train - trainImages: storing the name and encodings in mongodb
2022-03-31 13:13:31.290 INFO Train - trainImages: stored all name and encodes in mongodb
2022-03-31 13:13:31.290 INFO Train - trainImages: started loading images and finding their encodings
2022-03-31 13:13:31.290 INFO Train - trainImages: loading image
2022-03-31 13:13:31.291 DEBUG Train - trainImages: /home/vikasjoshis001/Desktop/Gestures/images_to_train/denerys targeryan/index3.jpeg
2022-03-31 13:13:31.291 INFO Train - trainImages: loading image done
2022-03-31 13:13:31.291 INFO Train - trainImages: finding the encoding of image
2022-03-31 13:13:31.356 INFO Train - trainImages: finding encoding of image is done
2022-03-31 13:13:31.357 INFO Train - trainImages: loading image
2022-03-31 13:13:31.357 DEBUG Train - trainImages: /home/vikasjoshis001/Desktop/Gestures/images_to_train/denerys targeryan/index5.jpeg
2022-03-31 13:13:31.357 INFO Train - trainImages: loading image done
2022-03-31 13:13:31.357 INFO Train - trainImages: finding the encoding of image
2022-03-31 13:13:31.424 INFO Train - trainImages: finding encoding of image is done
2022-03-31 13:13:31.424 INFO Train - trainImages: loading image
2022-03-31 13:13:31.424 DEBUG Train - trainImages: /home/vikasjoshis001/Desktop/Gestures/images_to_train/denerys targeryan/index1.jpeg
2022-03-31 13:13:31.424 INFO Train - trainImages: loading image done
2022-03-31 13:13:31.424 INFO Train - trainImages: finding the encoding of image
2022-03-31 13:13:31.492 INFO Train - trainImages: finding encoding of image is done
2022-03-31 13:13:31.492 INFO Train - trainImages: loading image
2022-03-31 13:13:31.492 DEBUG Train - trainImages: /home/vikasjoshis001/Desktop/Gestures/images_to_train/denerys targeryan/index2.jpeg
2022-03-31 13:13:31.492 INFO Train - trainImages: loading image done
2022-03-31 13:13:31.492 INFO Train - trainImages: finding the encoding of image
2022-03-31 13:13:31.561 INFO Train - trainImages: finding encoding of image is done
2022-03-31 13:13:31.561 INFO Train - trainImages: loading image
2022-03-31 13:13:31.561 DEBUG Train - trainImages: /home/vikasjoshis001/Desktop/Gestures/images_to_train/denerys targeryan/index4.jpeg
2022-03-31 13:13:31.562 INFO Train - trainImages: loading image done
2022-03-31 13:13:31.562 INFO Train - trainImages: finding the encoding of image
2022-03-31 13:13:31.630 INFO Train - trainImages: finding encoding of image is done
2022-03-31 13:13:31.630 INFO Train - trainImages: getting average of encodings of loaded images
2022-03-31 13:13:31.630 INFO Train - trainImages: done with getting average encodings
2022-03-31 13:13:31.630 INFO Train - trainImages: storing the name and encoding in local dictionary
2022-03-31 13:13:31.630 INFO Train - trainImages: stored name and encodes in local dictionary
2022-03-31 13:13:31.630 INFO Train - trainImages: storing the name and encodings in mongodb
2022-03-31 13:13:31.631 INFO Train - trainImages: stored all name and encodes in mongodb
2022-03-31 13:13:31.631 INFO Train - trainImages: started loading images and finding their encodings
2022-03-31 13:13:31.631 INFO Train - trainImages: loading image
2022-03-31 13:13:31.633 DEBUG Train - trainImages: /home/vikasjoshis001/Desktop/Gestures/images_to_train/kn knmf b-2022-03-31 12:51:51.962939/kn knmf b.3f0ce562-b0c3-11ec-95c9-353773ec36e1.jpeg
2022-03-31 13:13:31.633 INFO Train - trainImages: loading image done
2022-03-31 13:13:31.633 INFO Train - trainImages: finding the encoding of image
2022-03-31 13:13:31.809 INFO Train - trainImages: finding encoding of image is done
2022-03-31 13:13:31.810 INFO Train - trainImages: loading image
2022-03-31 13:13:31.812 DEBUG Train - trainImages: /home/vikasjoshis001/Desktop/Gestures/images_to_train/kn knmf b-2022-03-31 12:51:51.962939/kn knmf b.3c892346-b0c3-11ec-95c9-353773ec36e1.jpeg
2022-03-31 13:13:31.812 INFO Train - trainImages: loading image done
2022-03-31 13:13:31.812 INFO Train - trainImages: finding the encoding of image
2022-03-31 13:13:31.988 INFO Train - trainImages: finding encoding of image is done
2022-03-31 13:13:31.988 INFO Train - trainImages: loading image
2022-03-31 13:13:31.990 DEBUG Train - trainImages: /home/vikasjoshis001/Desktop/Gestures/images_to_train/kn knmf b-2022-03-31 12:51:51.962939/kn knmf b.3dd2dfc6-b0c3-11ec-95c9-353773ec36e1.jpeg
2022-03-31 13:13:31.990 INFO Train - trainImages: loading image done
2022-03-31 13:13:31.990 INFO Train - trainImages: finding the encoding of image
2022-03-31 13:13:32.167 INFO Train - trainImages: finding encoding of image is done
2022-03-31 13:13:32.167 INFO Train - trainImages: loading image
2022-03-31 13:13:32.170 DEBUG Train - trainImages: /home/vikasjoshis001/Desktop/Gestures/images_to_train/kn knmf b-2022-03-31 12:51:51.962939/kn knmf b.3c892347-b0c3-11ec-95c9-353773ec36e1.jpeg
2022-03-31 13:13:32.170 INFO Train - trainImages: loading image done
2022-03-31 13:13:32.170 INFO Train - trainImages: finding the encoding of image
2022-03-31 13:13:32.346 INFO Train - trainImages: finding encoding of image is done
2022-03-31 13:13:32.346 INFO Train - trainImages: loading image
2022-03-31 13:13:32.349 DEBUG Train - trainImages: /home/vikasjoshis001/Desktop/Gestures/images_to_train/kn knmf b-2022-03-31 12:51:51.962939/kn knmf b.3dd2dfc7-b0c3-11ec-95c9-353773ec36e1.jpeg
2022-03-31 13:13:32.349 INFO Train - trainImages: loading image done
2022-03-31 13:13:32.349 INFO Train - trainImages: finding the encoding of image
2022-03-31 13:13:32.525 INFO Train - trainImages: finding encoding of image is done
2022-03-31 13:13:32.525 INFO Train - trainImages: getting average of encodings of loaded images
2022-03-31 13:13:32.525 INFO Train - trainImages: done with getting average encodings
2022-03-31 13:13:32.525 INFO Train - trainImages: storing the name and encoding in local dictionary
2022-03-31 13:13:32.525 INFO Train - trainImages: stored name and encodes in local dictionary
2022-03-31 13:13:32.525 INFO Train - trainImages: storing the name and encodings in mongodb
2022-03-31 13:13:32.526 INFO Train - trainImages: stored all name and encodes in mongodb
2022-03-31 13:13:32.526 INFO Train - trainImages: started loading images and finding their encodings
2022-03-31 13:13:32.526 INFO Train - trainImages: loading image
2022-03-31 13:13:32.527 DEBUG Train - trainImages: /home/vikasjoshis001/Desktop/Gestures/images_to_train/cersie lannister/index3.jpeg
2022-03-31 13:13:32.527 INFO Train - trainImages: loading image done
2022-03-31 13:13:32.527 INFO Train - trainImages: finding the encoding of image
2022-03-31 13:13:32.592 INFO Train - trainImages: finding encoding of image is done
2022-03-31 13:13:32.592 INFO Train - trainImages: loading image
2022-03-31 13:13:32.593 DEBUG Train - trainImages: /home/vikasjoshis001/Desktop/Gestures/images_to_train/cersie lannister/index5.jpeg
2022-03-31 13:13:32.593 INFO Train - trainImages: loading image done
2022-03-31 13:13:32.593 INFO Train - trainImages: finding the encoding of image
2022-03-31 13:13:32.657 INFO Train - trainImages: finding encoding of image is done
2022-03-31 13:13:32.657 INFO Train - trainImages: loading image
2022-03-31 13:13:32.658 DEBUG Train - trainImages: /home/vikasjoshis001/Desktop/Gestures/images_to_train/cersie lannister/index2.jpeg
2022-03-31 13:13:32.658 INFO Train - trainImages: loading image done
2022-03-31 13:13:32.658 INFO Train - trainImages: finding the encoding of image
2022-03-31 13:13:32.726 INFO Train - trainImages: finding encoding of image is done
2022-03-31 13:13:32.726 INFO Train - trainImages: loading image
2022-03-31 13:13:32.726 DEBUG Train - trainImages: /home/vikasjoshis001/Desktop/Gestures/images_to_train/cersie lannister/index4.jpeg
2022-03-31 13:13:32.726 INFO Train - trainImages: loading image done
2022-03-31 13:13:32.726 INFO Train - trainImages: finding the encoding of image
2022-03-31 13:13:32.793 INFO Train - trainImages: finding encoding of image is done
2022-03-31 13:13:32.793 INFO Train - trainImages: getting average of encodings of loaded images
2022-03-31 13:13:32.793 INFO Train - trainImages: done with getting average encodings
2022-03-31 13:13:32.793 INFO Train - trainImages: storing the name and encoding in local dictionary
2022-03-31 13:13:32.793 INFO Train - trainImages: stored name and encodes in local dictionary
2022-03-31 13:13:32.793 INFO Train - trainImages: storing the name and encodings in mongodb
2022-03-31 13:13:32.794 INFO Train - trainImages: stored all name and encodes in mongodb
2022-03-31 13:13:32.794 INFO Train - trainImages: started loading images and finding their encodings
2022-03-31 13:13:32.794 INFO Train - trainImages: loading image
2022-03-31 13:13:32.796 DEBUG Train - trainImages: /home/vikasjoshis001/Desktop/Gestures/images_to_train/cdvbxd-2022-03-31 12:29:01.669747/cdvbxd.0dac1d9d-b0c0-11ec-95c9-353773ec36e1.jpeg
2022-03-31 13:13:32.796 INFO Train - trainImages: loading image done
2022-03-31 13:13:32.796 INFO Train - trainImages: finding the encoding of image
2022-03-31 13:13:32.973 INFO Train - trainImages: finding encoding of image is done
2022-03-31 13:13:32.973 INFO Train - trainImages: loading image
2022-03-31 13:13:32.976 DEBUG Train - trainImages: /home/vikasjoshis001/Desktop/Gestures/images_to_train/cdvbxd-2022-03-31 12:29:01.669747/cdvbxd.0dac1d9c-b0c0-11ec-95c9-353773ec36e1.jpeg
2022-03-31 13:13:32.976 INFO Train - trainImages: loading image done
2022-03-31 13:13:32.976 INFO Train - trainImages: finding the encoding of image
2022-03-31 13:13:33.154 INFO Train - trainImages: finding encoding of image is done
2022-03-31 13:13:33.154 INFO Train - trainImages: loading image
2022-03-31 13:13:33.156 DEBUG Train - trainImages: /home/vikasjoshis001/Desktop/Gestures/images_to_train/cdvbxd-2022-03-31 12:29:01.669747/cdvbxd.0c763945-b0c0-11ec-95c9-353773ec36e1.jpeg
2022-03-31 13:13:33.156 INFO Train - trainImages: loading image done
2022-03-31 13:13:33.156 INFO Train - trainImages: finding the encoding of image
2022-03-31 13:13:33.333 INFO Train - trainImages: finding encoding of image is done
2022-03-31 13:13:33.333 INFO Train - trainImages: loading image
2022-03-31 13:13:33.335 DEBUG Train - trainImages: /home/vikasjoshis001/Desktop/Gestures/images_to_train/cdvbxd-2022-03-31 12:29:01.669747/cdvbxd.0bc67946-b0c0-11ec-95c9-353773ec36e1.jpeg
2022-03-31 13:13:33.335 INFO Train - trainImages: loading image done
2022-03-31 13:13:33.335 INFO Train - trainImages: finding the encoding of image
2022-03-31 13:13:33.511 INFO Train - trainImages: finding encoding of image is done
2022-03-31 13:13:33.512 INFO Train - trainImages: loading image
2022-03-31 13:13:33.514 DEBUG Train - trainImages: /home/vikasjoshis001/Desktop/Gestures/images_to_train/cdvbxd-2022-03-31 12:29:01.669747/cdvbxd.0c763944-b0c0-11ec-95c9-353773ec36e1.jpeg
2022-03-31 13:13:33.514 INFO Train - trainImages: loading image done
2022-03-31 13:13:33.514 INFO Train - trainImages: finding the encoding of image
2022-03-31 13:13:33.692 INFO Train - trainImages: finding encoding of image is done
2022-03-31 13:13:33.692 INFO Train - trainImages: getting average of encodings of loaded images
2022-03-31 13:13:33.692 INFO Train - trainImages: done with getting average encodings
2022-03-31 13:13:33.692 INFO Train - trainImages: storing the name and encoding in local dictionary
2022-03-31 13:13:33.692 INFO Train - trainImages: stored name and encodes in local dictionary
2022-03-31 13:13:33.693 INFO Train - trainImages: storing the name and encodings in mongodb
2022-03-31 13:13:33.693 INFO Train - trainImages: stored all name and encodes in mongodb
2022-03-31 13:13:33.693 INFO Train - trainImages: started loading images and finding their encodings
2022-03-31 13:13:33.693 INFO Train - trainImages: loading image
2022-03-31 13:13:33.694 DEBUG Train - trainImages: /home/vikasjoshis001/Desktop/Gestures/images_to_train/king in the north/index.jpeg
2022-03-31 13:13:33.694 INFO Train - trainImages: loading image done
2022-03-31 13:13:33.694 INFO Train - trainImages: finding the encoding of image
2022-03-31 13:13:33.760 INFO Train - trainImages: finding encoding of image is done
2022-03-31 13:13:33.760 INFO Train - trainImages: loading image
2022-03-31 13:13:33.761 DEBUG Train - trainImages: /home/vikasjoshis001/Desktop/Gestures/images_to_train/king in the north/index3.jpeg
2022-03-31 13:13:33.761 INFO Train - trainImages: loading image done
2022-03-31 13:13:33.761 INFO Train - trainImages: finding the encoding of image
2022-03-31 13:13:33.828 INFO Train - trainImages: finding encoding of image is done
2022-03-31 13:13:33.828 INFO Train - trainImages: loading image
2022-03-31 13:13:33.828 DEBUG Train - trainImages: /home/vikasjoshis001/Desktop/Gestures/images_to_train/king in the north/index5.jpeg
2022-03-31 13:13:33.828 INFO Train - trainImages: loading image done
2022-03-31 13:13:33.828 INFO Train - trainImages: finding the encoding of image
2022-03-31 13:13:33.894 INFO Train - trainImages: finding encoding of image is done
2022-03-31 13:13:33.894 INFO Train - trainImages: loading image
2022-03-31 13:13:33.895 DEBUG Train - trainImages: /home/vikasjoshis001/Desktop/Gestures/images_to_train/king in the north/index2.jpeg
2022-03-31 13:13:33.895 INFO Train - trainImages: loading image done
2022-03-31 13:13:33.895 INFO Train - trainImages: finding the encoding of image
2022-03-31 13:13:33.961 INFO Train - trainImages: finding encoding of image is done
2022-03-31 13:13:33.961 INFO Train - trainImages: loading image
2022-03-31 13:13:33.962 DEBUG Train - trainImages: /home/vikasjoshis001/Desktop/Gestures/images_to_train/king in the north/index4.jpeg
2022-03-31 13:13:33.962 INFO Train - trainImages: loading image done
2022-03-31 13:13:33.962 INFO Train - trainImages: finding the encoding of image
2022-03-31 13:13:34.030 INFO Train - trainImages: finding encoding of image is done
2022-03-31 13:13:34.031 INFO Train - trainImages: getting average of encodings of loaded images
2022-03-31 13:13:34.031 INFO Train - trainImages: done with getting average encodings
2022-03-31 13:13:34.031 INFO Train - trainImages: storing the name and encoding in local dictionary
2022-03-31 13:13:34.031 INFO Train - trainImages: stored name and encodes in local dictionary
2022-03-31 13:13:34.031 INFO Train - trainImages: storing the name and encodings in mongodb
2022-03-31 13:13:34.032 INFO Train - trainImages: stored all name and encodes in mongodb
2022-03-31 13:13:34.032 INFO Train - trainImages: started loading images and finding their encodings
2022-03-31 13:13:34.032 INFO Train - trainImages: loading image
2022-03-31 13:13:34.035 DEBUG Train - trainImages: /home/vikasjoshis001/Desktop/Gestures/images_to_train/vhm-2022-03-31 12:22:16.839677/vhm.1a7afe73-b0bf-11ec-95c9-353773ec36e1.jpeg
2022-03-31 13:13:34.035 INFO Train - trainImages: loading image done
2022-03-31 13:13:34.035 INFO Train - trainImages: finding the encoding of image
2022-03-31 13:13:34.222 INFO Train - trainImages: finding encoding of image is done
2022-03-31 13:13:34.222 INFO Train - trainImages: loading image
2022-03-31 13:13:34.224 DEBUG Train - trainImages: /home/vikasjoshis001/Desktop/Gestures/images_to_train/vhm-2022-03-31 12:22:16.839677/vhm.1a7afe72-b0bf-11ec-95c9-353773ec36e1.jpeg
2022-03-31 13:13:34.224 INFO Train - trainImages: loading image done
2022-03-31 13:13:34.224 INFO Train - trainImages: finding the encoding of image
2022-03-31 13:13:34.401 INFO Train - trainImages: finding encoding of image is done
2022-03-31 13:13:34.401 INFO Train - trainImages: loading image
2022-03-31 13:13:34.403 DEBUG Train - trainImages: /home/vikasjoshis001/Desktop/Gestures/images_to_train/vhm-2022-03-31 12:22:16.839677/vhm.1a7afe75-b0bf-11ec-95c9-353773ec36e1.jpeg
2022-03-31 13:13:34.404 INFO Train - trainImages: loading image done
2022-03-31 13:13:34.404 INFO Train - trainImages: finding the encoding of image
2022-03-31 13:13:34.580 INFO Train - trainImages: finding encoding of image is done
2022-03-31 13:13:34.580 INFO Train - trainImages: loading image
2022-03-31 13:13:34.583 DEBUG Train - trainImages: /home/vikasjoshis001/Desktop/Gestures/images_to_train/vhm-2022-03-31 12:22:16.839677/vhm.1a7afe74-b0bf-11ec-95c9-353773ec36e1.jpeg
2022-03-31 13:13:34.583 INFO Train - trainImages: loading image done
2022-03-31 13:13:34.583 INFO Train - trainImages: finding the encoding of image
2022-03-31 13:13:34.759 INFO Train - trainImages: finding encoding of image is done
2022-03-31 13:13:34.759 INFO Train - trainImages: loading image
2022-03-31 13:13:34.762 DEBUG Train - trainImages: /home/vikasjoshis001/Desktop/Gestures/images_to_train/vhm-2022-03-31 12:22:16.839677/vhm.1a7afe76-b0bf-11ec-95c9-353773ec36e1.jpeg
2022-03-31 13:13:34.762 INFO Train - trainImages: loading image done
2022-03-31 13:13:34.762 INFO Train - trainImages: finding the encoding of image
2022-03-31 13:13:34.938 INFO Train - trainImages: finding encoding of image is done
2022-03-31 13:13:34.938 INFO Train - trainImages: getting average of encodings of loaded images
2022-03-31 13:13:34.938 INFO Train - trainImages: done with getting average encodings
2022-03-31 13:13:34.938 INFO Train - trainImages: storing the name and encoding in local dictionary
2022-03-31 13:13:34.939 INFO Train - trainImages: stored name and encodes in local dictionary
2022-03-31 13:13:34.939 INFO Train - trainImages: storing the name and encodings in mongodb
2022-03-31 13:13:34.939 INFO Train - trainImages: stored all name and encodes in mongodb
2022-03-31 13:13:34.939 INFO Train - trainImages: started loading images and finding their encodings
2022-03-31 13:13:34.939 INFO Train - trainImages: loading image
2022-03-31 13:13:34.942 DEBUG Train - trainImages: /home/vikasjoshis001/Desktop/Gestures/images_to_train/vnkfdjznb-2022-03-31 12:50:03.756797/vnkfdjznb.fc0a2ab9-b0c2-11ec-95c9-353773ec36e1.jpeg
2022-03-31 13:13:34.942 INFO Train - trainImages: loading image done
2022-03-31 13:13:34.942 INFO Train - trainImages: finding the encoding of image
2022-03-31 13:13:35.119 INFO Train - trainImages: finding encoding of image is done
2022-03-31 13:13:35.119 INFO Train - trainImages: loading image
2022-03-31 13:13:35.121 DEBUG Train - trainImages: /home/vikasjoshis001/Desktop/Gestures/images_to_train/vnkfdjznb-2022-03-31 12:50:03.756797/vnkfdjznb.fe8e6812-b0c2-11ec-95c9-353773ec36e1.jpeg
2022-03-31 13:13:35.121 INFO Train - trainImages: loading image done
2022-03-31 13:13:35.121 INFO Train - trainImages: finding the encoding of image
2022-03-31 13:13:35.297 INFO Train - trainImages: finding encoding of image is done
2022-03-31 13:13:35.297 INFO Train - trainImages: loading image
2022-03-31 13:13:35.299 DEBUG Train - trainImages: /home/vikasjoshis001/Desktop/Gestures/images_to_train/vnkfdjznb-2022-03-31 12:50:03.756797/vnkfdjznb.fc0a2ab8-b0c2-11ec-95c9-353773ec36e1.jpeg
2022-03-31 13:13:35.299 INFO Train - trainImages: loading image done
2022-03-31 13:13:35.299 INFO Train - trainImages: finding the encoding of image
2022-03-31 13:13:35.476 INFO Train - trainImages: finding encoding of image is done
2022-03-31 13:13:35.476 INFO Train - trainImages: loading image
2022-03-31 13:13:35.478 DEBUG Train - trainImages: /home/vikasjoshis001/Desktop/Gestures/images_to_train/vnkfdjznb-2022-03-31 12:50:03.756797/vnkfdjznb.fd54f74b-b0c2-11ec-95c9-353773ec36e1.jpeg
2022-03-31 13:13:35.478 INFO Train - trainImages: loading image done
2022-03-31 13:13:35.478 INFO Train - trainImages: finding the encoding of image
2022-03-31 13:13:35.655 INFO Train - trainImages: finding encoding of image is done
2022-03-31 13:13:35.655 INFO Train - trainImages: loading image
2022-03-31 13:13:35.657 DEBUG Train - trainImages: /home/vikasjoshis001/Desktop/Gestures/images_to_train/vnkfdjznb-2022-03-31 12:50:03.756797/vnkfdjznb.fd54f74a-b0c2-11ec-95c9-353773ec36e1.jpeg
2022-03-31 13:13:35.657 INFO Train - trainImages: loading image done
2022-03-31 13:13:35.657 INFO Train - trainImages: finding the encoding of image
2022-03-31 13:13:35.834 INFO Train - trainImages: finding encoding of image is done
2022-03-31 13:13:35.834 INFO Train - trainImages: getting average of encodings of loaded images
2022-03-31 13:13:35.835 INFO Train - trainImages: done with getting average encodings
2022-03-31 13:13:35.835 INFO Train - trainImages: storing the name and encoding in local dictionary
2022-03-31 13:13:35.835 INFO Train - trainImages: stored name and encodes in local dictionary
2022-03-31 13:13:35.835 INFO Train - trainImages: storing the name and encodings in mongodb
2022-03-31 13:13:35.835 INFO Train - trainImages: stored all name and encodes in mongodb
2022-03-31 13:13:35.836 INFO Train - trainImages: started loading images and finding their encodings
2022-03-31 13:13:35.836 INFO Train - trainImages: loading image
2022-03-31 13:13:35.838 DEBUG Train - trainImages: /home/vikasjoshis001/Desktop/Gestures/images_to_train/fdf-2022-03-31 12:47:24.940166/fdf.9eae153d-b0c2-11ec-95c9-353773ec36e1.jpeg
2022-03-31 13:13:35.838 INFO Train - trainImages: loading image done
2022-03-31 13:13:35.838 INFO Train - trainImages: finding the encoding of image
2022-03-31 13:13:36.015 INFO Train - trainImages: finding encoding of image is done
2022-03-31 13:13:36.015 INFO Train - trainImages: loading image
2022-03-31 13:13:36.017 DEBUG Train - trainImages: /home/vikasjoshis001/Desktop/Gestures/images_to_train/fdf-2022-03-31 12:47:24.940166/fdf.9fe743ec-b0c2-11ec-95c9-353773ec36e1.jpeg
2022-03-31 13:13:36.017 INFO Train - trainImages: loading image done
2022-03-31 13:13:36.018 INFO Train - trainImages: finding the encoding of image
2022-03-31 13:13:36.194 INFO Train - trainImages: finding encoding of image is done
2022-03-31 13:13:36.194 INFO Train - trainImages: loading image
2022-03-31 13:13:36.196 DEBUG Train - trainImages: /home/vikasjoshis001/Desktop/Gestures/images_to_train/fdf-2022-03-31 12:47:24.940166/fdf.9d60e8ee-b0c2-11ec-95c9-353773ec36e1.jpeg
2022-03-31 13:13:36.196 INFO Train - trainImages: loading image done
2022-03-31 13:13:36.196 INFO Train - trainImages: finding the encoding of image
2022-03-31 13:13:36.373 INFO Train - trainImages: finding encoding of image is done
2022-03-31 13:13:36.373 INFO Train - trainImages: loading image
2022-03-31 13:13:36.375 DEBUG Train - trainImages: /home/vikasjoshis001/Desktop/Gestures/images_to_train/fdf-2022-03-31 12:47:24.940166/fdf.9d60e8ef-b0c2-11ec-95c9-353773ec36e1.jpeg
2022-03-31 13:13:36.375 INFO Train - trainImages: loading image done
2022-03-31 13:13:36.375 INFO Train - trainImages: finding the encoding of image
2022-03-31 13:13:36.555 INFO Train - trainImages: finding encoding of image is done
2022-03-31 13:13:36.555 INFO Train - trainImages: loading image
2022-03-31 13:13:36.557 DEBUG Train - trainImages: /home/vikasjoshis001/Desktop/Gestures/images_to_train/fdf-2022-03-31 12:47:24.940166/fdf.9eae153c-b0c2-11ec-95c9-353773ec36e1.jpeg
2022-03-31 13:13:36.557 INFO Train - trainImages: loading image done
2022-03-31 13:13:36.558 INFO Train - trainImages: finding the encoding of image
2022-03-31 13:13:36.736 INFO Train - trainImages: finding encoding of image is done
2022-03-31 13:13:36.736 INFO Train - trainImages: getting average of encodings of loaded images
2022-03-31 13:13:36.736 INFO Train - trainImages: done with getting average encodings
2022-03-31 13:13:36.736 INFO Train - trainImages: storing the name and encoding in local dictionary
2022-03-31 13:13:36.736 INFO Train - trainImages: stored name and encodes in local dictionary
2022-03-31 13:13:36.736 INFO Train - trainImages: storing the name and encodings in mongodb
2022-03-31 13:13:36.737 INFO Train - trainImages: stored all name and encodes in mongodb
2022-03-31 13:13:36.737 INFO Train - trainImages: started loading images and finding their encodings
2022-03-31 13:13:36.737 INFO Train - trainImages: loading image
2022-03-31 13:13:36.739 DEBUG Train - trainImages: /home/vikasjoshis001/Desktop/Gestures/images_to_train/Chai-2022-03-31 12:20:10.218479/Chai.cf03ab39-b0be-11ec-95c9-353773ec36e1.jpeg
2022-03-31 13:13:36.739 INFO Train - trainImages: loading image done
2022-03-31 13:13:36.739 INFO Train - trainImages: finding the encoding of image
2022-03-31 13:13:36.916 INFO Train - trainImages: finding encoding of image is done
2022-03-31 13:13:36.916 INFO Train - trainImages: loading image
2022-03-31 13:13:36.918 DEBUG Train - trainImages: /home/vikasjoshis001/Desktop/Gestures/images_to_train/Chai-2022-03-31 12:20:10.218479/Chai.cf03ab3b-b0be-11ec-95c9-353773ec36e1.jpeg
2022-03-31 13:13:36.918 INFO Train - trainImages: loading image done
2022-03-31 13:13:36.919 INFO Train - trainImages: finding the encoding of image
2022-03-31 13:13:37.097 INFO Train - trainImages: finding encoding of image is done
2022-03-31 13:13:37.097 INFO Train - trainImages: loading image
2022-03-31 13:13:37.099 DEBUG Train - trainImages: /home/vikasjoshis001/Desktop/Gestures/images_to_train/Chai-2022-03-31 12:20:10.218479/Chai.cf03ab38-b0be-11ec-95c9-353773ec36e1.jpeg
2022-03-31 13:13:37.099 INFO Train - trainImages: loading image done
2022-03-31 13:13:37.100 INFO Train - trainImages: finding the encoding of image
2022-03-31 13:13:37.279 INFO Train - trainImages: finding encoding of image is done
2022-03-31 13:13:37.279 INFO Train - trainImages: loading image
2022-03-31 13:13:37.281 DEBUG Train - trainImages: /home/vikasjoshis001/Desktop/Gestures/images_to_train/Chai-2022-03-31 12:20:10.218479/Chai.cf03ab3c-b0be-11ec-95c9-353773ec36e1.jpeg
2022-03-31 13:13:37.281 INFO Train - trainImages: loading image done
2022-03-31 13:13:37.281 INFO Train - trainImages: finding the encoding of image
2022-03-31 13:13:37.458 INFO Train - trainImages: finding encoding of image is done
2022-03-31 13:13:37.458 INFO Train - trainImages: loading image
2022-03-31 13:13:37.460 DEBUG Train - trainImages: /home/vikasjoshis001/Desktop/Gestures/images_to_train/Chai-2022-03-31 12:20:10.218479/Chai.cf03ab3a-b0be-11ec-95c9-353773ec36e1.jpeg
2022-03-31 13:13:37.460 INFO Train - trainImages: loading image done
2022-03-31 13:13:37.460 INFO Train - trainImages: finding the encoding of image
2022-03-31 13:13:37.636 INFO Train - trainImages: finding encoding of image is done
2022-03-31 13:13:37.636 INFO Train - trainImages: getting average of encodings of loaded images
2022-03-31 13:13:37.637 INFO Train - trainImages: done with getting average encodings
2022-03-31 13:13:37.637 INFO Train - trainImages: storing the name and encoding in local dictionary
2022-03-31 13:13:37.637 INFO Train - trainImages: stored name and encodes in local dictionary
2022-03-31 13:13:37.637 INFO Train - trainImages: storing the name and encodings in mongodb
2022-03-31 13:13:37.638 INFO Train - trainImages: stored all name and encodes in mongodb
2022-03-31 13:13:37.638 INFO Train - trainImages: started loading images and finding their encodings
2022-03-31 13:13:37.638 INFO Train - trainImages: loading image
2022-03-31 13:13:37.638 DEBUG Train - trainImages: /home/vikasjoshis001/Desktop/Gestures/images_to_train/arya stark/index.jpeg
2022-03-31 13:13:37.638 INFO Train - trainImages: loading image done
2022-03-31 13:13:37.638 INFO Train - trainImages: finding the encoding of image
2022-03-31 13:13:37.706 INFO Train - trainImages: finding encoding of image is done
2022-03-31 13:13:37.706 INFO Train - trainImages: loading image
2022-03-31 13:13:37.706 DEBUG Train - trainImages: /home/vikasjoshis001/Desktop/Gestures/images_to_train/arya stark/index3.jpeg
2022-03-31 13:13:37.706 INFO Train - trainImages: loading image done
2022-03-31 13:13:37.706 INFO Train - trainImages: finding the encoding of image
2022-03-31 13:13:37.774 INFO Train - trainImages: finding encoding of image is done
2022-03-31 13:13:37.774 INFO Train - trainImages: loading image
2022-03-31 13:13:37.775 DEBUG Train - trainImages: /home/vikasjoshis001/Desktop/Gestures/images_to_train/arya stark/index5.jpeg
2022-03-31 13:13:37.775 INFO Train - trainImages: loading image done
2022-03-31 13:13:37.775 INFO Train - trainImages: finding the encoding of image
2022-03-31 13:13:37.842 INFO Train - trainImages: finding encoding of image is done
2022-03-31 13:13:37.842 INFO Train - trainImages: loading image
2022-03-31 13:13:37.843 DEBUG Train - trainImages: /home/vikasjoshis001/Desktop/Gestures/images_to_train/arya stark/index2.jpeg
2022-03-31 13:13:37.843 INFO Train - trainImages: loading image done
2022-03-31 13:13:37.843 INFO Train - trainImages: finding the encoding of image
2022-03-31 13:13:37.909 INFO Train - trainImages: finding encoding of image is done
2022-03-31 13:13:37.909 INFO Train - trainImages: loading image
2022-03-31 13:13:37.909 DEBUG Train - trainImages: /home/vikasjoshis001/Desktop/Gestures/images_to_train/arya stark/images4.jpeg
2022-03-31 13:13:37.909 INFO Train - trainImages: loading image done
2022-03-31 13:13:37.909 INFO Train - trainImages: finding the encoding of image
2022-03-31 13:13:37.974 INFO Train - trainImages: finding encoding of image is done
2022-03-31 13:13:37.974 INFO Train - trainImages: getting average of encodings of loaded images
2022-03-31 13:13:37.974 INFO Train - trainImages: done with getting average encodings
2022-03-31 13:13:37.974 INFO Train - trainImages: storing the name and encoding in local dictionary
2022-03-31 13:13:37.974 INFO Train - trainImages: stored name and encodes in local dictionary
2022-03-31 13:13:37.974 INFO Train - trainImages: storing the name and encodings in mongodb
2022-03-31 13:13:37.975 INFO Train - trainImages: stored all name and encodes in mongodb
2022-03-31 13:13:37.975 INFO Train - trainImages: started loading images and finding their encodings
2022-03-31 13:13:37.975 INFO Train - trainImages: loading image
2022-03-31 13:13:37.978 DEBUG Train - trainImages: /home/vikasjoshis001/Desktop/Gestures/images_to_train/gh-2022-03-31 12:23:19.211189/gh.3fa9801e-b0bf-11ec-95c9-353773ec36e1.jpeg
2022-03-31 13:13:37.978 INFO Train - trainImages: loading image done
2022-03-31 13:13:37.978 INFO Train - trainImages: finding the encoding of image
2022-03-31 13:13:38.196 INFO Train - trainImages: finding encoding of image is done
2022-03-31 13:13:38.196 INFO Train - trainImages: loading image
2022-03-31 13:13:38.199 DEBUG Train - trainImages: /home/vikasjoshis001/Desktop/Gestures/images_to_train/gh-2022-03-31 12:23:19.211189/gh.3fa9801b-b0bf-11ec-95c9-353773ec36e1.jpeg
2022-03-31 13:13:38.199 INFO Train - trainImages: loading image done
2022-03-31 13:13:38.199 INFO Train - trainImages: finding the encoding of image
2022-03-31 13:13:38.417 INFO Train - trainImages: finding encoding of image is done
2022-03-31 13:13:38.417 INFO Train - trainImages: loading image
2022-03-31 13:13:38.419 DEBUG Train - trainImages: /home/vikasjoshis001/Desktop/Gestures/images_to_train/gh-2022-03-31 12:23:19.211189/gh.3fa9801a-b0bf-11ec-95c9-353773ec36e1.jpeg
2022-03-31 13:13:38.419 INFO Train - trainImages: loading image done
2022-03-31 13:13:38.419 INFO Train - trainImages: finding the encoding of image
2022-03-31 13:13:38.638 INFO Train - trainImages: finding encoding of image is done
2022-03-31 13:13:38.638 INFO Train - trainImages: loading image
2022-03-31 13:13:38.641 DEBUG Train - trainImages: /home/vikasjoshis001/Desktop/Gestures/images_to_train/gh-2022-03-31 12:23:19.211189/gh.3fa9801d-b0bf-11ec-95c9-353773ec36e1.jpeg
2022-03-31 13:13:38.641 INFO Train - trainImages: loading image done
2022-03-31 13:13:38.641 INFO Train - trainImages: finding the encoding of image
2022-03-31 13:13:38.861 INFO Train - trainImages: finding encoding of image is done
2022-03-31 13:13:38.861 INFO Train - trainImages: loading image
2022-03-31 13:13:38.863 DEBUG Train - trainImages: /home/vikasjoshis001/Desktop/Gestures/images_to_train/gh-2022-03-31 12:23:19.211189/gh.3fa9801c-b0bf-11ec-95c9-353773ec36e1.jpeg
2022-03-31 13:13:38.863 INFO Train - trainImages: loading image done
2022-03-31 13:13:38.863 INFO Train - trainImages: finding the encoding of image
2022-03-31 13:13:39.082 INFO Train - trainImages: finding encoding of image is done
2022-03-31 13:13:39.082 INFO Train - trainImages: getting average of encodings of loaded images
2022-03-31 13:13:39.082 INFO Train - trainImages: done with getting average encodings
2022-03-31 13:13:39.082 INFO Train - trainImages: storing the name and encoding in local dictionary
2022-03-31 13:13:39.082 INFO Train - trainImages: stored name and encodes in local dictionary
2022-03-31 13:13:39.082 INFO Train - trainImages: storing the name and encodings in mongodb
2022-03-31 13:13:39.083 INFO Train - trainImages: stored all name and encodes in mongodb
2022-03-31 13:13:39.083 INFO Train - trainImages: started loading images and finding their encodings
2022-03-31 13:13:39.083 INFO Train - trainImages: loading image
2022-03-31 13:13:39.086 DEBUG Train - trainImages: /home/vikasjoshis001/Desktop/Gestures/images_to_train/Sad-2022-03-31 12:16:52.952750/Sad.596d38de-b0be-11ec-95c9-353773ec36e1.jpeg
2022-03-31 13:13:39.086 INFO Train - trainImages: loading image done
2022-03-31 13:13:39.086 INFO Train - trainImages: finding the encoding of image
2022-03-31 13:13:39.262 INFO Train - trainImages: finding encoding of image is done
2022-03-31 13:13:39.262 INFO Train - trainImages: loading image
2022-03-31 13:13:39.265 DEBUG Train - trainImages: /home/vikasjoshis001/Desktop/Gestures/images_to_train/Sad-2022-03-31 12:16:52.952750/Sad.596d38dd-b0be-11ec-95c9-353773ec36e1.jpeg
2022-03-31 13:13:39.265 INFO Train - trainImages: loading image done
2022-03-31 13:13:39.265 INFO Train - trainImages: finding the encoding of image
2022-03-31 13:13:39.442 INFO Train - trainImages: finding encoding of image is done
2022-03-31 13:13:39.442 INFO Train - trainImages: loading image
2022-03-31 13:13:39.444 DEBUG Train - trainImages: /home/vikasjoshis001/Desktop/Gestures/images_to_train/Sad-2022-03-31 12:16:52.952750/Sad.596d38da-b0be-11ec-95c9-353773ec36e1.jpeg
2022-03-31 13:13:39.444 INFO Train - trainImages: loading image done
2022-03-31 13:13:39.444 INFO Train - trainImages: finding the encoding of image
2022-03-31 13:13:39.622 INFO Train - trainImages: finding encoding of image is done
2022-03-31 13:13:39.622 INFO Train - trainImages: loading image
2022-03-31 13:13:39.624 DEBUG Train - trainImages: /home/vikasjoshis001/Desktop/Gestures/images_to_train/Sad-2022-03-31 12:16:52.952750/Sad.596d38db-b0be-11ec-95c9-353773ec36e1.jpeg
2022-03-31 13:13:39.624 INFO Train - trainImages: loading image done
2022-03-31 13:13:39.624 INFO Train - trainImages: finding the encoding of image
2022-03-31 13:13:39.804 INFO Train - trainImages: finding encoding of image is done
2022-03-31 13:13:39.804 INFO Train - trainImages: loading image
2022-03-31 13:13:39.806 DEBUG Train - trainImages: /home/vikasjoshis001/Desktop/Gestures/images_to_train/Sad-2022-03-31 12:16:52.952750/Sad.596d38dc-b0be-11ec-95c9-353773ec36e1.jpeg
2022-03-31 13:13:39.806 INFO Train - trainImages: loading image done
2022-03-31 13:13:39.806 INFO Train - trainImages: finding the encoding of image
2022-03-31 13:13:39.984 INFO Train - trainImages: finding encoding of image is done
2022-03-31 13:13:39.984 INFO Train - trainImages: getting average of encodings of loaded images
2022-03-31 13:13:39.984 INFO Train - trainImages: done with getting average encodings
2022-03-31 13:13:39.984 INFO Train - trainImages: storing the name and encoding in local dictionary
2022-03-31 13:13:39.984 INFO Train - trainImages: stored name and encodes in local dictionary
2022-03-31 13:13:39.984 INFO Train - trainImages: storing the name and encodings in mongodb
2022-03-31 13:13:39.985 INFO Train - trainImages: stored all name and encodes in mongodb
2022-03-31 13:13:39.985 INFO Train - trainImages: started loading images and finding their encodings
2022-03-31 13:13:39.985 INFO Train - trainImages: loading image
2022-03-31 13:13:39.987 DEBUG Train - trainImages: /home/vikasjoshis001/Desktop/Gestures/images_to_train/Vikas-2022-03-12 15:33:49.979215/Vikas.b761c802-a1eb-11ec-a348-e960390a4373.jpeg
2022-03-31 13:13:39.987 INFO Train - trainImages: loading image done
2022-03-31 13:13:39.987 INFO Train - trainImages: finding the encoding of image
2022-03-31 13:13:40.166 INFO Train - trainImages: finding encoding of image is done
2022-03-31 13:13:40.166 INFO Train - trainImages: loading image
2022-03-31 13:13:40.168 DEBUG Train - trainImages: /home/vikasjoshis001/Desktop/Gestures/images_to_train/Vikas-2022-03-12 15:33:49.979215/Vikas.b9e21fbe-a1eb-11ec-a348-e960390a4373.jpeg
2022-03-31 13:13:40.168 INFO Train - trainImages: loading image done
2022-03-31 13:13:40.168 INFO Train - trainImages: finding the encoding of image
2022-03-31 13:13:40.346 INFO Train - trainImages: finding encoding of image is done
2022-03-31 13:13:40.346 INFO Train - trainImages: loading image
2022-03-31 13:13:40.348 DEBUG Train - trainImages: /home/vikasjoshis001/Desktop/Gestures/images_to_train/Vikas-2022-03-12 15:33:49.979215/Vikas.b761c803-a1eb-11ec-a348-e960390a4373.jpeg
2022-03-31 13:13:40.348 INFO Train - trainImages: loading image done
2022-03-31 13:13:40.348 INFO Train - trainImages: finding the encoding of image
2022-03-31 13:13:40.526 INFO Train - trainImages: finding encoding of image is done
2022-03-31 13:13:40.526 INFO Train - trainImages: loading image
2022-03-31 13:13:40.528 DEBUG Train - trainImages: /home/vikasjoshis001/Desktop/Gestures/images_to_train/Vikas-2022-03-12 15:33:49.979215/Vikas.b8aa7a74-a1eb-11ec-a348-e960390a4373.jpeg
2022-03-31 13:13:40.529 INFO Train - trainImages: loading image done
2022-03-31 13:13:40.529 INFO Train - trainImages: finding the encoding of image
2022-03-31 13:13:40.706 INFO Train - trainImages: finding encoding of image is done
2022-03-31 13:13:40.706 INFO Train - trainImages: loading image
2022-03-31 13:13:40.708 DEBUG Train - trainImages: /home/vikasjoshis001/Desktop/Gestures/images_to_train/Vikas-2022-03-12 15:33:49.979215/Vikas.b8aa7a75-a1eb-11ec-a348-e960390a4373.jpeg
2022-03-31 13:13:40.708 INFO Train - trainImages: loading image done
2022-03-31 13:13:40.708 INFO Train - trainImages: finding the encoding of image
2022-03-31 13:13:40.887 INFO Train - trainImages: finding encoding of image is done
2022-03-31 13:13:40.887 INFO Train - trainImages: getting average of encodings of loaded images
2022-03-31 13:13:40.887 INFO Train - trainImages: done with getting average encodings
2022-03-31 13:13:40.887 INFO Train - trainImages: storing the name and encoding in local dictionary
2022-03-31 13:13:40.887 INFO Train - trainImages: stored name and encodes in local dictionary
2022-03-31 13:13:40.887 INFO Train - trainImages: storing the name and encodings in mongodb
2022-03-31 13:13:40.888 INFO Train - trainImages: stored all name and encodes in mongodb
2022-03-31 13:13:40.888 INFO Train - trainImages: started loading images and finding their encodings
2022-03-31 13:13:40.888 INFO Train - trainImages: loading image
2022-03-31 13:13:40.890 DEBUG Train - trainImages: /home/vikasjoshis001/Desktop/Gestures/images_to_train/csdzcz-2022-03-31 12:31:31.420705/csdzcz.6792ab96-b0c0-11ec-95c9-353773ec36e1.jpeg
2022-03-31 13:13:40.890 INFO Train - trainImages: loading image done
2022-03-31 13:13:40.890 INFO Train - trainImages: finding the encoding of image
2022-03-31 13:13:41.078 INFO Train - trainImages: finding encoding of image is done
2022-03-31 13:13:41.079 INFO Train - trainImages: loading image
2022-03-31 13:13:41.081 DEBUG Train - trainImages: /home/vikasjoshis001/Desktop/Gestures/images_to_train/csdzcz-2022-03-31 12:31:31.420705/csdzcz.66593e70-b0c0-11ec-95c9-353773ec36e1.jpeg
2022-03-31 13:13:41.081 INFO Train - trainImages: loading image done
2022-03-31 13:13:41.081 INFO Train - trainImages: finding the encoding of image
2022-03-31 13:13:41.258 INFO Train - trainImages: finding encoding of image is done
2022-03-31 13:13:41.258 INFO Train - trainImages: loading image
2022-03-31 13:13:41.260 DEBUG Train - trainImages: /home/vikasjoshis001/Desktop/Gestures/images_to_train/csdzcz-2022-03-31 12:31:31.420705/csdzcz.65091bb2-b0c0-11ec-95c9-353773ec36e1.jpeg
2022-03-31 13:13:41.260 INFO Train - trainImages: loading image done
2022-03-31 13:13:41.260 INFO Train - trainImages: finding the encoding of image
2022-03-31 13:13:41.438 INFO Train - trainImages: finding encoding of image is done
2022-03-31 13:13:41.438 INFO Train - trainImages: loading image
2022-03-31 13:13:41.440 DEBUG Train - trainImages: /home/vikasjoshis001/Desktop/Gestures/images_to_train/csdzcz-2022-03-31 12:31:31.420705/csdzcz.65091bb3-b0c0-11ec-95c9-353773ec36e1.jpeg
2022-03-31 13:13:41.440 INFO Train - trainImages: loading image done
2022-03-31 13:13:41.440 INFO Train - trainImages: finding the encoding of image
2022-03-31 13:13:41.617 INFO Train - trainImages: finding encoding of image is done
2022-03-31 13:13:41.617 INFO Train - trainImages: loading image
2022-03-31 13:13:41.619 DEBUG Train - trainImages: /home/vikasjoshis001/Desktop/Gestures/images_to_train/csdzcz-2022-03-31 12:31:31.420705/csdzcz.66593e71-b0c0-11ec-95c9-353773ec36e1.jpeg
2022-03-31 13:13:41.619 INFO Train - trainImages: loading image done
2022-03-31 13:13:41.619 INFO Train - trainImages: finding the encoding of image
2022-03-31 13:13:41.796 INFO Train - trainImages: finding encoding of image is done
2022-03-31 13:13:41.796 INFO Train - trainImages: getting average of encodings of loaded images
2022-03-31 13:13:41.796 INFO Train - trainImages: done with getting average encodings
2022-03-31 13:13:41.796 INFO Train - trainImages: storing the name and encoding in local dictionary
2022-03-31 13:13:41.796 INFO Train - trainImages: stored name and encodes in local dictionary
2022-03-31 13:13:41.796 INFO Train - trainImages: storing the name and encodings in mongodb
2022-03-31 13:13:41.797 INFO Train - trainImages: stored all name and encodes in mongodb
