2022-11-21 11:38:31.090 INFO Train - trainImages: MongoDB database connected successfully
2022-11-21 11:38:31.096 INFO Train - trainImages: collected all folders in known_people folder
2022-11-21 11:38:31.096 DEBUG Train - trainImages: ['cersie lannister', 'tyrion lannister', 'denerys targeryan', 'king in the north', 'arya stark']
2022-11-21 11:38:31.097 INFO Train - trainImages: collected all images from all folders in known_people folder
2022-11-21 11:38:31.098 DEBUG Train - trainImages: [['/home/vikasjoshis001/Files/Projects/My_Projects/Gestures/images_to_train/cersie lannister/index2.jpeg', '/home/vikasjoshis001/Files/Projects/My_Projects/Gestures/images_to_train/cersie lannister/index5.jpeg', '/home/vikasjoshis001/Files/Projects/My_Projects/Gestures/images_to_train/cersie lannister/index4.jpeg', '/home/vikasjoshis001/Files/Projects/My_Projects/Gestures/images_to_train/cersie lannister/index3.jpeg'], ['/home/vikasjoshis001/Files/Projects/My_Projects/Gestures/images_to_train/tyrion lannister/index2.jpeg', '/home/vikasjoshis001/Files/Projects/My_Projects/Gestures/images_to_train/tyrion lannister/index4.jpeg', '/home/vikasjoshis001/Files/Projects/My_Projects/Gestures/images_to_train/tyrion lannister/index1.jpeg', '/home/vikasjoshis001/Files/Projects/My_Projects/Gestures/images_to_train/tyrion lannister/index3.jpeg', '/home/vikasjoshis001/Files/Projects/My_Projects/Gestures/images_to_train/tyrion lannister/images5.jpeg'], ['/home/vikasjoshis001/Files/Projects/My_Projects/Gestures/images_to_train/denerys targeryan/index2.jpeg', '/home/vikasjoshis001/Files/Projects/My_Projects/Gestures/images_to_train/denerys targeryan/index5.jpeg', '/home/vikasjoshis001/Files/Projects/My_Projects/Gestures/images_to_train/denerys targeryan/index4.jpeg', '/home/vikasjoshis001/Files/Projects/My_Projects/Gestures/images_to_train/denerys targeryan/index1.jpeg', '/home/vikasjoshis001/Files/Projects/My_Projects/Gestures/images_to_train/denerys targeryan/index3.jpeg'], ['/home/vikasjoshis001/Files/Projects/My_Projects/Gestures/images_to_train/king in the north/index2.jpeg', '/home/vikasjoshis001/Files/Projects/My_Projects/Gestures/images_to_train/king in the north/index5.jpeg', '/home/vikasjoshis001/Files/Projects/My_Projects/Gestures/images_to_train/king in the north/index4.jpeg', '/home/vikasjoshis001/Files/Projects/My_Projects/Gestures/images_to_train/king in the north/index3.jpeg', '/home/vikasjoshis001/Files/Projects/My_Projects/Gestures/images_to_train/king in the north/index.jpeg'], ['/home/vikasjoshis001/Files/Projects/My_Projects/Gestures/images_to_train/arya stark/images4.jpeg', '/home/vikasjoshis001/Files/Projects/My_Projects/Gestures/images_to_train/arya stark/index2.jpeg', '/home/vikasjoshis001/Files/Projects/My_Projects/Gestures/images_to_train/arya stark/index5.jpeg', '/home/vikasjoshis001/Files/Projects/My_Projects/Gestures/images_to_train/arya stark/index3.jpeg', '/home/vikasjoshis001/Files/Projects/My_Projects/Gestures/images_to_train/arya stark/index.jpeg']]
2022-11-21 11:38:31.098 INFO Train - trainImages: started loading images and finding their encodings
2022-11-21 11:38:31.098 INFO Train - trainImages: loading image
2022-11-21 11:38:31.150 DEBUG Train - trainImages: /home/vikasjoshis001/Files/Projects/My_Projects/Gestures/images_to_train/cersie lannister/index2.jpeg
2022-11-21 11:38:31.150 INFO Train - trainImages: loading image done
2022-11-21 11:38:31.150 INFO Train - trainImages: finding the encoding of image
2022-11-21 11:38:31.284 INFO Train - trainImages: finding encoding of image is done
2022-11-21 11:38:31.284 INFO Train - trainImages: loading image
2022-11-21 11:38:31.286 DEBUG Train - trainImages: /home/vikasjoshis001/Files/Projects/My_Projects/Gestures/images_to_train/cersie lannister/index5.jpeg
2022-11-21 11:38:31.286 INFO Train - trainImages: loading image done
2022-11-21 11:38:31.286 INFO Train - trainImages: finding the encoding of image
2022-11-21 11:38:31.407 INFO Train - trainImages: finding encoding of image is done
2022-11-21 11:38:31.407 INFO Train - trainImages: loading image
2022-11-21 11:38:31.409 DEBUG Train - trainImages: /home/vikasjoshis001/Files/Projects/My_Projects/Gestures/images_to_train/cersie lannister/index4.jpeg
2022-11-21 11:38:31.409 INFO Train - trainImages: loading image done
2022-11-21 11:38:31.409 INFO Train - trainImages: finding the encoding of image
2022-11-21 11:38:31.530 INFO Train - trainImages: finding encoding of image is done
2022-11-21 11:38:31.530 INFO Train - trainImages: loading image
2022-11-21 11:38:31.532 DEBUG Train - trainImages: /home/vikasjoshis001/Files/Projects/My_Projects/Gestures/images_to_train/cersie lannister/index3.jpeg
2022-11-21 11:38:31.532 INFO Train - trainImages: loading image done
2022-11-21 11:38:31.532 INFO Train - trainImages: finding the encoding of image
2022-11-21 11:38:31.652 INFO Train - trainImages: finding encoding of image is done
2022-11-21 11:38:31.652 INFO Train - trainImages: getting average of encodings of loaded images
2022-11-21 11:38:31.652 INFO Train - trainImages: done with getting average encodings
2022-11-21 11:38:31.652 INFO Train - trainImages: storing the name and encoding in local dictionary
2022-11-21 11:38:31.652 INFO Train - trainImages: stored name and encodes in local dictionary
2022-11-21 11:38:31.652 INFO Train - trainImages: storing the name and encodings in mongodb
2022-11-21 11:38:31.654 INFO Train - trainImages: stored all name and encodes in mongodb
2022-11-21 11:38:31.654 INFO Train - trainImages: started loading images and finding their encodings
2022-11-21 11:38:31.654 INFO Train - trainImages: loading image
2022-11-21 11:38:31.656 DEBUG Train - trainImages: /home/vikasjoshis001/Files/Projects/My_Projects/Gestures/images_to_train/tyrion lannister/index2.jpeg
2022-11-21 11:38:31.656 INFO Train - trainImages: loading image done
2022-11-21 11:38:31.656 INFO Train - trainImages: finding the encoding of image
2022-11-21 11:38:31.780 INFO Train - trainImages: finding encoding of image is done
2022-11-21 11:38:31.780 INFO Train - trainImages: loading image
2022-11-21 11:38:31.782 DEBUG Train - trainImages: /home/vikasjoshis001/Files/Projects/My_Projects/Gestures/images_to_train/tyrion lannister/index4.jpeg
2022-11-21 11:38:31.782 INFO Train - trainImages: loading image done
2022-11-21 11:38:31.782 INFO Train - trainImages: finding the encoding of image
2022-11-21 11:38:31.902 INFO Train - trainImages: finding encoding of image is done
2022-11-21 11:38:31.902 INFO Train - trainImages: loading image
2022-11-21 11:38:31.904 DEBUG Train - trainImages: /home/vikasjoshis001/Files/Projects/My_Projects/Gestures/images_to_train/tyrion lannister/index1.jpeg
2022-11-21 11:38:31.904 INFO Train - trainImages: loading image done
2022-11-21 11:38:31.905 INFO Train - trainImages: finding the encoding of image
2022-11-21 11:38:32.027 INFO Train - trainImages: finding encoding of image is done
2022-11-21 11:38:32.027 INFO Train - trainImages: loading image
2022-11-21 11:38:32.029 DEBUG Train - trainImages: /home/vikasjoshis001/Files/Projects/My_Projects/Gestures/images_to_train/tyrion lannister/index3.jpeg
2022-11-21 11:38:32.029 INFO Train - trainImages: loading image done
2022-11-21 11:38:32.029 INFO Train - trainImages: finding the encoding of image
2022-11-21 11:38:32.149 INFO Train - trainImages: finding encoding of image is done
2022-11-21 11:38:32.149 INFO Train - trainImages: loading image
2022-11-21 11:38:32.150 DEBUG Train - trainImages: /home/vikasjoshis001/Files/Projects/My_Projects/Gestures/images_to_train/tyrion lannister/images5.jpeg
2022-11-21 11:38:32.150 INFO Train - trainImages: loading image done
2022-11-21 11:38:32.150 INFO Train - trainImages: finding the encoding of image
2022-11-21 11:38:32.276 INFO Train - trainImages: finding encoding of image is done
2022-11-21 11:38:32.276 INFO Train - trainImages: getting average of encodings of loaded images
2022-11-21 11:38:32.277 INFO Train - trainImages: done with getting average encodings
2022-11-21 11:38:32.277 INFO Train - trainImages: storing the name and encoding in local dictionary
2022-11-21 11:38:32.277 INFO Train - trainImages: stored name and encodes in local dictionary
2022-11-21 11:38:32.277 INFO Train - trainImages: storing the name and encodings in mongodb
2022-11-21 11:38:32.278 INFO Train - trainImages: stored all name and encodes in mongodb
2022-11-21 11:38:32.279 INFO Train - trainImages: started loading images and finding their encodings
2022-11-21 11:38:32.279 INFO Train - trainImages: loading image
2022-11-21 11:38:32.280 DEBUG Train - trainImages: /home/vikasjoshis001/Files/Projects/My_Projects/Gestures/images_to_train/denerys targeryan/index2.jpeg
2022-11-21 11:38:32.280 INFO Train - trainImages: loading image done
2022-11-21 11:38:32.280 INFO Train - trainImages: finding the encoding of image
2022-11-21 11:38:32.404 INFO Train - trainImages: finding encoding of image is done
2022-11-21 11:38:32.404 INFO Train - trainImages: loading image
2022-11-21 11:38:32.406 DEBUG Train - trainImages: /home/vikasjoshis001/Files/Projects/My_Projects/Gestures/images_to_train/denerys targeryan/index5.jpeg
2022-11-21 11:38:32.406 INFO Train - trainImages: loading image done
2022-11-21 11:38:32.406 INFO Train - trainImages: finding the encoding of image
2022-11-21 11:38:32.530 INFO Train - trainImages: finding encoding of image is done
2022-11-21 11:38:32.530 INFO Train - trainImages: loading image
2022-11-21 11:38:32.532 DEBUG Train - trainImages: /home/vikasjoshis001/Files/Projects/My_Projects/Gestures/images_to_train/denerys targeryan/index4.jpeg
2022-11-21 11:38:32.532 INFO Train - trainImages: loading image done
2022-11-21 11:38:32.532 INFO Train - trainImages: finding the encoding of image
2022-11-21 11:38:32.656 INFO Train - trainImages: finding encoding of image is done
2022-11-21 11:38:32.656 INFO Train - trainImages: loading image
2022-11-21 11:38:32.658 DEBUG Train - trainImages: /home/vikasjoshis001/Files/Projects/My_Projects/Gestures/images_to_train/denerys targeryan/index1.jpeg
2022-11-21 11:38:32.658 INFO Train - trainImages: loading image done
2022-11-21 11:38:32.658 INFO Train - trainImages: finding the encoding of image
2022-11-21 11:38:32.781 INFO Train - trainImages: finding encoding of image is done
2022-11-21 11:38:32.781 INFO Train - trainImages: loading image
2022-11-21 11:38:32.783 DEBUG Train - trainImages: /home/vikasjoshis001/Files/Projects/My_Projects/Gestures/images_to_train/denerys targeryan/index3.jpeg
2022-11-21 11:38:32.784 INFO Train - trainImages: loading image done
2022-11-21 11:38:32.784 INFO Train - trainImages: finding the encoding of image
2022-11-21 11:38:32.917 INFO Train - trainImages: finding encoding of image is done
2022-11-21 11:38:32.917 INFO Train - trainImages: getting average of encodings of loaded images
2022-11-21 11:38:32.917 INFO Train - trainImages: done with getting average encodings
2022-11-21 11:38:32.917 INFO Train - trainImages: storing the name and encoding in local dictionary
2022-11-21 11:38:32.917 INFO Train - trainImages: stored name and encodes in local dictionary
2022-11-21 11:38:32.917 INFO Train - trainImages: storing the name and encodings in mongodb
2022-11-21 11:38:32.918 INFO Train - trainImages: stored all name and encodes in mongodb
2022-11-21 11:38:32.918 INFO Train - trainImages: started loading images and finding their encodings
2022-11-21 11:38:32.918 INFO Train - trainImages: loading image
2022-11-21 11:38:32.920 DEBUG Train - trainImages: /home/vikasjoshis001/Files/Projects/My_Projects/Gestures/images_to_train/king in the north/index2.jpeg
2022-11-21 11:38:32.920 INFO Train - trainImages: loading image done
2022-11-21 11:38:32.921 INFO Train - trainImages: finding the encoding of image
2022-11-21 11:38:33.046 INFO Train - trainImages: finding encoding of image is done
2022-11-21 11:38:33.046 INFO Train - trainImages: loading image
2022-11-21 11:38:33.048 DEBUG Train - trainImages: /home/vikasjoshis001/Files/Projects/My_Projects/Gestures/images_to_train/king in the north/index5.jpeg
2022-11-21 11:38:33.048 INFO Train - trainImages: loading image done
2022-11-21 11:38:33.048 INFO Train - trainImages: finding the encoding of image
2022-11-21 11:38:33.169 INFO Train - trainImages: finding encoding of image is done
2022-11-21 11:38:33.169 INFO Train - trainImages: loading image
2022-11-21 11:38:33.171 DEBUG Train - trainImages: /home/vikasjoshis001/Files/Projects/My_Projects/Gestures/images_to_train/king in the north/index4.jpeg
2022-11-21 11:38:33.171 INFO Train - trainImages: loading image done
2022-11-21 11:38:33.172 INFO Train - trainImages: finding the encoding of image
2022-11-21 11:38:33.297 INFO Train - trainImages: finding encoding of image is done
2022-11-21 11:38:33.297 INFO Train - trainImages: loading image
2022-11-21 11:38:33.299 DEBUG Train - trainImages: /home/vikasjoshis001/Files/Projects/My_Projects/Gestures/images_to_train/king in the north/index3.jpeg
2022-11-21 11:38:33.299 INFO Train - trainImages: loading image done
2022-11-21 11:38:33.299 INFO Train - trainImages: finding the encoding of image
2022-11-21 11:38:33.425 INFO Train - trainImages: finding encoding of image is done
2022-11-21 11:38:33.425 INFO Train - trainImages: loading image
2022-11-21 11:38:33.427 DEBUG Train - trainImages: /home/vikasjoshis001/Files/Projects/My_Projects/Gestures/images_to_train/king in the north/index.jpeg
2022-11-21 11:38:33.427 INFO Train - trainImages: loading image done
2022-11-21 11:38:33.427 INFO Train - trainImages: finding the encoding of image
2022-11-21 11:38:33.550 INFO Train - trainImages: finding encoding of image is done
2022-11-21 11:38:33.550 INFO Train - trainImages: getting average of encodings of loaded images
2022-11-21 11:38:33.550 INFO Train - trainImages: done with getting average encodings
2022-11-21 11:38:33.550 INFO Train - trainImages: storing the name and encoding in local dictionary
2022-11-21 11:38:33.550 INFO Train - trainImages: stored name and encodes in local dictionary
2022-11-21 11:38:33.550 INFO Train - trainImages: storing the name and encodings in mongodb
2022-11-21 11:38:33.551 INFO Train - trainImages: stored all name and encodes in mongodb
2022-11-21 11:38:33.551 INFO Train - trainImages: started loading images and finding their encodings
2022-11-21 11:38:33.551 INFO Train - trainImages: loading image
2022-11-21 11:38:33.553 DEBUG Train - trainImages: /home/vikasjoshis001/Files/Projects/My_Projects/Gestures/images_to_train/arya stark/images4.jpeg
2022-11-21 11:38:33.553 INFO Train - trainImages: loading image done
2022-11-21 11:38:33.553 INFO Train - trainImages: finding the encoding of image
2022-11-21 11:38:33.676 INFO Train - trainImages: finding encoding of image is done
2022-11-21 11:38:33.676 INFO Train - trainImages: loading image
2022-11-21 11:38:33.678 DEBUG Train - trainImages: /home/vikasjoshis001/Files/Projects/My_Projects/Gestures/images_to_train/arya stark/index2.jpeg
2022-11-21 11:38:33.678 INFO Train - trainImages: loading image done
2022-11-21 11:38:33.678 INFO Train - trainImages: finding the encoding of image
2022-11-21 11:38:33.801 INFO Train - trainImages: finding encoding of image is done
2022-11-21 11:38:33.801 INFO Train - trainImages: loading image
2022-11-21 11:38:33.803 DEBUG Train - trainImages: /home/vikasjoshis001/Files/Projects/My_Projects/Gestures/images_to_train/arya stark/index5.jpeg
2022-11-21 11:38:33.803 INFO Train - trainImages: loading image done
2022-11-21 11:38:33.803 INFO Train - trainImages: finding the encoding of image
2022-11-21 11:38:33.929 INFO Train - trainImages: finding encoding of image is done
2022-11-21 11:38:33.929 INFO Train - trainImages: loading image
2022-11-21 11:38:33.931 DEBUG Train - trainImages: /home/vikasjoshis001/Files/Projects/My_Projects/Gestures/images_to_train/arya stark/index3.jpeg
2022-11-21 11:38:33.931 INFO Train - trainImages: loading image done
2022-11-21 11:38:33.931 INFO Train - trainImages: finding the encoding of image
2022-11-21 11:38:34.055 INFO Train - trainImages: finding encoding of image is done
2022-11-21 11:38:34.055 INFO Train - trainImages: loading image
2022-11-21 11:38:34.057 DEBUG Train - trainImages: /home/vikasjoshis001/Files/Projects/My_Projects/Gestures/images_to_train/arya stark/index.jpeg
2022-11-21 11:38:34.057 INFO Train - trainImages: loading image done
2022-11-21 11:38:34.057 INFO Train - trainImages: finding the encoding of image
2022-11-21 11:38:34.182 INFO Train - trainImages: finding encoding of image is done
2022-11-21 11:38:34.182 INFO Train - trainImages: getting average of encodings of loaded images
2022-11-21 11:38:34.182 INFO Train - trainImages: done with getting average encodings
2022-11-21 11:38:34.182 INFO Train - trainImages: storing the name and encoding in local dictionary
2022-11-21 11:38:34.182 INFO Train - trainImages: stored name and encodes in local dictionary
2022-11-21 11:38:34.182 INFO Train - trainImages: storing the name and encodings in mongodb
2022-11-21 11:38:34.183 INFO Train - trainImages: stored all name and encodes in mongodb
