2022-03-03 05:09:49.884 INFO Train - trainImages: MongoDB database connected successfully
2022-03-03 05:09:49.890 INFO Train - trainImages: collected all folders in known_people folder
2022-03-03 05:09:49.890 DEBUG Train - trainImages: ['tyrion lannister', 'denerys targeryan', 'cersie lannister', 'king in the north', 'Vikas-2022-03-03 05:09:43.394367', 'arya stark']
2022-03-03 05:09:49.892 INFO Train - trainImages: collected all images from all folders in known_people folder
2022-03-03 05:09:49.892 DEBUG Train - trainImages: [['/home/vikasjoshis001/Desktop/Handtracking/FaceRecognition/images_to_train/tyrion lannister/images5.jpeg', '/home/vikasjoshis001/Desktop/Handtracking/FaceRecognition/images_to_train/tyrion lannister/index3.jpeg', '/home/vikasjoshis001/Desktop/Handtracking/FaceRecognition/images_to_train/tyrion lannister/index1.jpeg', '/home/vikasjoshis001/Desktop/Handtracking/FaceRecognition/images_to_train/tyrion lannister/index2.jpeg', '/home/vikasjoshis001/Desktop/Handtracking/FaceRecognition/images_to_train/tyrion lannister/index4.jpeg'], ['/home/vikasjoshis001/Desktop/Handtracking/FaceRecognition/images_to_train/denerys targeryan/index3.jpeg', '/home/vikasjoshis001/Desktop/Handtracking/FaceRecognition/images_to_train/denerys targeryan/index5.jpeg', '/home/vikasjoshis001/Desktop/Handtracking/FaceRecognition/images_to_train/denerys targeryan/index1.jpeg', '/home/vikasjoshis001/Desktop/Handtracking/FaceRecognition/images_to_train/denerys targeryan/index2.jpeg', '/home/vikasjoshis001/Desktop/Handtracking/FaceRecognition/images_to_train/denerys targeryan/index4.jpeg'], ['/home/vikasjoshis001/Desktop/Handtracking/FaceRecognition/images_to_train/cersie lannister/index3.jpeg', '/home/vikasjoshis001/Desktop/Handtracking/FaceRecognition/images_to_train/cersie lannister/index5.jpeg', '/home/vikasjoshis001/Desktop/Handtracking/FaceRecognition/images_to_train/cersie lannister/index2.jpeg', '/home/vikasjoshis001/Desktop/Handtracking/FaceRecognition/images_to_train/cersie lannister/index4.jpeg'], ['/home/vikasjoshis001/Desktop/Handtracking/FaceRecognition/images_to_train/king in the north/index.jpeg', '/home/vikasjoshis001/Desktop/Handtracking/FaceRecognition/images_to_train/king in the north/index3.jpeg', '/home/vikasjoshis001/Desktop/Handtracking/FaceRecognition/images_to_train/king in the north/index5.jpeg', '/home/vikasjoshis001/Desktop/Handtracking/FaceRecognition/images_to_train/king in the north/index2.jpeg', '/home/vikasjoshis001/Desktop/Handtracking/FaceRecognition/images_to_train/king in the north/index4.jpeg'], ['/home/vikasjoshis001/Desktop/Handtracking/FaceRecognition/images_to_train/Vikas-2022-03-03 05:09:43.394367/Vikas.0b0e76a6-9a82-11ec-b49d-67321ed6dc70.jpeg', '/home/vikasjoshis001/Desktop/Handtracking/FaceRecognition/images_to_train/Vikas-2022-03-03 05:09:43.394367/Vikas.0c45e996-9a82-11ec-b49d-67321ed6dc70.jpeg', '/home/vikasjoshis001/Desktop/Handtracking/FaceRecognition/images_to_train/Vikas-2022-03-03 05:09:43.394367/Vikas.0b0e76a7-9a82-11ec-b49d-67321ed6dc70.jpeg', '/home/vikasjoshis001/Desktop/Handtracking/FaceRecognition/images_to_train/Vikas-2022-03-03 05:09:43.394367/Vikas.09c32423-9a82-11ec-b49d-67321ed6dc70.jpeg', '/home/vikasjoshis001/Desktop/Handtracking/FaceRecognition/images_to_train/Vikas-2022-03-03 05:09:43.394367/Vikas.09c32422-9a82-11ec-b49d-67321ed6dc70.jpeg'], ['/home/vikasjoshis001/Desktop/Handtracking/FaceRecognition/images_to_train/arya stark/index.jpeg', '/home/vikasjoshis001/Desktop/Handtracking/FaceRecognition/images_to_train/arya stark/index3.jpeg', '/home/vikasjoshis001/Desktop/Handtracking/FaceRecognition/images_to_train/arya stark/index5.jpeg', '/home/vikasjoshis001/Desktop/Handtracking/FaceRecognition/images_to_train/arya stark/index2.jpeg', '/home/vikasjoshis001/Desktop/Handtracking/FaceRecognition/images_to_train/arya stark/images4.jpeg']]
2022-03-03 05:09:49.893 INFO Train - trainImages: started loading images and finding their encodings
2022-03-03 05:09:49.893 INFO Train - trainImages: loading image
2022-03-03 05:09:49.906 DEBUG Train - trainImages: /home/vikasjoshis001/Desktop/Handtracking/FaceRecognition/images_to_train/tyrion lannister/images5.jpeg
2022-03-03 05:09:49.906 INFO Train - trainImages: loading image done
2022-03-03 05:09:49.907 INFO Train - trainImages: finding the encoding of image
2022-03-03 05:09:49.994 INFO Train - trainImages: finding encoding of image is done
2022-03-03 05:09:49.995 INFO Train - trainImages: loading image
2022-03-03 05:09:49.995 DEBUG Train - trainImages: /home/vikasjoshis001/Desktop/Handtracking/FaceRecognition/images_to_train/tyrion lannister/index3.jpeg
2022-03-03 05:09:49.995 INFO Train - trainImages: loading image done
2022-03-03 05:09:49.995 INFO Train - trainImages: finding the encoding of image
2022-03-03 05:09:50.061 INFO Train - trainImages: finding encoding of image is done
2022-03-03 05:09:50.061 INFO Train - trainImages: loading image
2022-03-03 05:09:50.062 DEBUG Train - trainImages: /home/vikasjoshis001/Desktop/Handtracking/FaceRecognition/images_to_train/tyrion lannister/index1.jpeg
2022-03-03 05:09:50.062 INFO Train - trainImages: loading image done
2022-03-03 05:09:50.062 INFO Train - trainImages: finding the encoding of image
2022-03-03 05:09:50.129 INFO Train - trainImages: finding encoding of image is done
2022-03-03 05:09:50.129 INFO Train - trainImages: loading image
2022-03-03 05:09:50.129 DEBUG Train - trainImages: /home/vikasjoshis001/Desktop/Handtracking/FaceRecognition/images_to_train/tyrion lannister/index2.jpeg
2022-03-03 05:09:50.130 INFO Train - trainImages: loading image done
2022-03-03 05:09:50.130 INFO Train - trainImages: finding the encoding of image
2022-03-03 05:09:50.197 INFO Train - trainImages: finding encoding of image is done
2022-03-03 05:09:50.197 INFO Train - trainImages: loading image
2022-03-03 05:09:50.198 DEBUG Train - trainImages: /home/vikasjoshis001/Desktop/Handtracking/FaceRecognition/images_to_train/tyrion lannister/index4.jpeg
2022-03-03 05:09:50.198 INFO Train - trainImages: loading image done
2022-03-03 05:09:50.198 INFO Train - trainImages: finding the encoding of image
2022-03-03 05:09:50.286 INFO Train - trainImages: finding encoding of image is done
2022-03-03 05:09:50.286 INFO Train - trainImages: getting average of encodings of loaded images
2022-03-03 05:09:50.286 INFO Train - trainImages: done with getting average encodings
2022-03-03 05:09:50.286 INFO Train - trainImages: storing the name and encoding in local dictionary
2022-03-03 05:09:50.287 INFO Train - trainImages: stored name and encodes in local dictionary
2022-03-03 05:09:50.287 INFO Train - trainImages: storing the name and encodings in mongodb
2022-03-03 05:09:50.289 INFO Train - trainImages: stored all name and encodes in mongodb
2022-03-03 05:09:50.289 INFO Train - trainImages: started loading images and finding their encodings
2022-03-03 05:09:50.289 INFO Train - trainImages: loading image
2022-03-03 05:09:50.290 DEBUG Train - trainImages: /home/vikasjoshis001/Desktop/Handtracking/FaceRecognition/images_to_train/denerys targeryan/index3.jpeg
2022-03-03 05:09:50.290 INFO Train - trainImages: loading image done
2022-03-03 05:09:50.290 INFO Train - trainImages: finding the encoding of image
2022-03-03 05:09:50.392 INFO Train - trainImages: finding encoding of image is done
2022-03-03 05:09:50.392 INFO Train - trainImages: loading image
2022-03-03 05:09:50.393 DEBUG Train - trainImages: /home/vikasjoshis001/Desktop/Handtracking/FaceRecognition/images_to_train/denerys targeryan/index5.jpeg
2022-03-03 05:09:50.393 INFO Train - trainImages: loading image done
2022-03-03 05:09:50.393 INFO Train - trainImages: finding the encoding of image
2022-03-03 05:09:50.492 INFO Train - trainImages: finding encoding of image is done
2022-03-03 05:09:50.492 INFO Train - trainImages: loading image
2022-03-03 05:09:50.493 DEBUG Train - trainImages: /home/vikasjoshis001/Desktop/Handtracking/FaceRecognition/images_to_train/denerys targeryan/index1.jpeg
2022-03-03 05:09:50.493 INFO Train - trainImages: loading image done
2022-03-03 05:09:50.493 INFO Train - trainImages: finding the encoding of image
2022-03-03 05:09:50.562 INFO Train - trainImages: finding encoding of image is done
2022-03-03 05:09:50.562 INFO Train - trainImages: loading image
2022-03-03 05:09:50.562 DEBUG Train - trainImages: /home/vikasjoshis001/Desktop/Handtracking/FaceRecognition/images_to_train/denerys targeryan/index2.jpeg
2022-03-03 05:09:50.562 INFO Train - trainImages: loading image done
2022-03-03 05:09:50.562 INFO Train - trainImages: finding the encoding of image
2022-03-03 05:09:50.662 INFO Train - trainImages: finding encoding of image is done
2022-03-03 05:09:50.663 INFO Train - trainImages: loading image
2022-03-03 05:09:50.663 DEBUG Train - trainImages: /home/vikasjoshis001/Desktop/Handtracking/FaceRecognition/images_to_train/denerys targeryan/index4.jpeg
2022-03-03 05:09:50.663 INFO Train - trainImages: loading image done
2022-03-03 05:09:50.663 INFO Train - trainImages: finding the encoding of image
2022-03-03 05:09:50.779 INFO Train - trainImages: finding encoding of image is done
2022-03-03 05:09:50.779 INFO Train - trainImages: getting average of encodings of loaded images
2022-03-03 05:09:50.779 INFO Train - trainImages: done with getting average encodings
2022-03-03 05:09:50.779 INFO Train - trainImages: storing the name and encoding in local dictionary
2022-03-03 05:09:50.779 INFO Train - trainImages: stored name and encodes in local dictionary
2022-03-03 05:09:50.779 INFO Train - trainImages: storing the name and encodings in mongodb
2022-03-03 05:09:50.780 INFO Train - trainImages: stored all name and encodes in mongodb
2022-03-03 05:09:50.780 INFO Train - trainImages: started loading images and finding their encodings
2022-03-03 05:09:50.780 INFO Train - trainImages: loading image
2022-03-03 05:09:50.781 DEBUG Train - trainImages: /home/vikasjoshis001/Desktop/Handtracking/FaceRecognition/images_to_train/cersie lannister/index3.jpeg
2022-03-03 05:09:50.781 INFO Train - trainImages: loading image done
2022-03-03 05:09:50.781 INFO Train - trainImages: finding the encoding of image
2022-03-03 05:09:50.871 INFO Train - trainImages: finding encoding of image is done
2022-03-03 05:09:50.871 INFO Train - trainImages: loading image
2022-03-03 05:09:50.872 DEBUG Train - trainImages: /home/vikasjoshis001/Desktop/Handtracking/FaceRecognition/images_to_train/cersie lannister/index5.jpeg
2022-03-03 05:09:50.872 INFO Train - trainImages: loading image done
2022-03-03 05:09:50.872 INFO Train - trainImages: finding the encoding of image
2022-03-03 05:09:50.981 INFO Train - trainImages: finding encoding of image is done
2022-03-03 05:09:50.981 INFO Train - trainImages: loading image
2022-03-03 05:09:50.982 DEBUG Train - trainImages: /home/vikasjoshis001/Desktop/Handtracking/FaceRecognition/images_to_train/cersie lannister/index2.jpeg
2022-03-03 05:09:50.982 INFO Train - trainImages: loading image done
2022-03-03 05:09:50.982 INFO Train - trainImages: finding the encoding of image
2022-03-03 05:09:51.079 INFO Train - trainImages: finding encoding of image is done
2022-03-03 05:09:51.079 INFO Train - trainImages: loading image
2022-03-03 05:09:51.080 DEBUG Train - trainImages: /home/vikasjoshis001/Desktop/Handtracking/FaceRecognition/images_to_train/cersie lannister/index4.jpeg
2022-03-03 05:09:51.080 INFO Train - trainImages: loading image done
2022-03-03 05:09:51.080 INFO Train - trainImages: finding the encoding of image
2022-03-03 05:09:51.168 INFO Train - trainImages: finding encoding of image is done
2022-03-03 05:09:51.168 INFO Train - trainImages: getting average of encodings of loaded images
2022-03-03 05:09:51.168 INFO Train - trainImages: done with getting average encodings
2022-03-03 05:09:51.168 INFO Train - trainImages: storing the name and encoding in local dictionary
2022-03-03 05:09:51.168 INFO Train - trainImages: stored name and encodes in local dictionary
2022-03-03 05:09:51.168 INFO Train - trainImages: storing the name and encodings in mongodb
2022-03-03 05:09:51.169 INFO Train - trainImages: stored all name and encodes in mongodb
2022-03-03 05:09:51.170 INFO Train - trainImages: started loading images and finding their encodings
2022-03-03 05:09:51.170 INFO Train - trainImages: loading image
2022-03-03 05:09:51.170 DEBUG Train - trainImages: /home/vikasjoshis001/Desktop/Handtracking/FaceRecognition/images_to_train/king in the north/index.jpeg
2022-03-03 05:09:51.171 INFO Train - trainImages: loading image done
2022-03-03 05:09:51.171 INFO Train - trainImages: finding the encoding of image
2022-03-03 05:09:51.272 INFO Train - trainImages: finding encoding of image is done
2022-03-03 05:09:51.272 INFO Train - trainImages: loading image
2022-03-03 05:09:51.273 DEBUG Train - trainImages: /home/vikasjoshis001/Desktop/Handtracking/FaceRecognition/images_to_train/king in the north/index3.jpeg
2022-03-03 05:09:51.273 INFO Train - trainImages: loading image done
2022-03-03 05:09:51.273 INFO Train - trainImages: finding the encoding of image
2022-03-03 05:09:51.404 INFO Train - trainImages: finding encoding of image is done
2022-03-03 05:09:51.404 INFO Train - trainImages: loading image
2022-03-03 05:09:51.405 DEBUG Train - trainImages: /home/vikasjoshis001/Desktop/Handtracking/FaceRecognition/images_to_train/king in the north/index5.jpeg
2022-03-03 05:09:51.405 INFO Train - trainImages: loading image done
2022-03-03 05:09:51.405 INFO Train - trainImages: finding the encoding of image
2022-03-03 05:09:51.541 INFO Train - trainImages: finding encoding of image is done
2022-03-03 05:09:51.541 INFO Train - trainImages: loading image
2022-03-03 05:09:51.542 DEBUG Train - trainImages: /home/vikasjoshis001/Desktop/Handtracking/FaceRecognition/images_to_train/king in the north/index2.jpeg
2022-03-03 05:09:51.542 INFO Train - trainImages: loading image done
2022-03-03 05:09:51.542 INFO Train - trainImages: finding the encoding of image
2022-03-03 05:09:51.633 INFO Train - trainImages: finding encoding of image is done
2022-03-03 05:09:51.633 INFO Train - trainImages: loading image
2022-03-03 05:09:51.634 DEBUG Train - trainImages: /home/vikasjoshis001/Desktop/Handtracking/FaceRecognition/images_to_train/king in the north/index4.jpeg
2022-03-03 05:09:51.634 INFO Train - trainImages: loading image done
2022-03-03 05:09:51.634 INFO Train - trainImages: finding the encoding of image
2022-03-03 05:09:51.717 INFO Train - trainImages: finding encoding of image is done
2022-03-03 05:09:51.717 INFO Train - trainImages: getting average of encodings of loaded images
2022-03-03 05:09:51.717 INFO Train - trainImages: done with getting average encodings
2022-03-03 05:09:51.717 INFO Train - trainImages: storing the name and encoding in local dictionary
2022-03-03 05:09:51.717 INFO Train - trainImages: stored name and encodes in local dictionary
2022-03-03 05:09:51.718 INFO Train - trainImages: storing the name and encodings in mongodb
2022-03-03 05:09:51.718 INFO Train - trainImages: stored all name and encodes in mongodb
2022-03-03 05:09:51.718 INFO Train - trainImages: started loading images and finding their encodings
2022-03-03 05:09:51.718 INFO Train - trainImages: loading image
2022-03-03 05:09:51.721 DEBUG Train - trainImages: /home/vikasjoshis001/Desktop/Handtracking/FaceRecognition/images_to_train/Vikas-2022-03-03 05:09:43.394367/Vikas.0b0e76a6-9a82-11ec-b49d-67321ed6dc70.jpeg
2022-03-03 05:09:51.721 INFO Train - trainImages: loading image done
2022-03-03 05:09:51.721 INFO Train - trainImages: finding the encoding of image
2022-03-03 05:09:51.899 INFO Train - trainImages: finding encoding of image is done
2022-03-03 05:09:51.899 INFO Train - trainImages: loading image
2022-03-03 05:09:51.902 DEBUG Train - trainImages: /home/vikasjoshis001/Desktop/Handtracking/FaceRecognition/images_to_train/Vikas-2022-03-03 05:09:43.394367/Vikas.0c45e996-9a82-11ec-b49d-67321ed6dc70.jpeg
2022-03-03 05:09:51.902 INFO Train - trainImages: loading image done
2022-03-03 05:09:51.902 INFO Train - trainImages: finding the encoding of image
2022-03-03 05:09:52.080 INFO Train - trainImages: finding encoding of image is done
2022-03-03 05:09:52.081 INFO Train - trainImages: loading image
2022-03-03 05:09:52.083 DEBUG Train - trainImages: /home/vikasjoshis001/Desktop/Handtracking/FaceRecognition/images_to_train/Vikas-2022-03-03 05:09:43.394367/Vikas.0b0e76a7-9a82-11ec-b49d-67321ed6dc70.jpeg
2022-03-03 05:09:52.083 INFO Train - trainImages: loading image done
2022-03-03 05:09:52.083 INFO Train - trainImages: finding the encoding of image
2022-03-03 05:09:52.259 INFO Train - trainImages: finding encoding of image is done
2022-03-03 05:09:52.259 INFO Train - trainImages: loading image
2022-03-03 05:09:52.261 DEBUG Train - trainImages: /home/vikasjoshis001/Desktop/Handtracking/FaceRecognition/images_to_train/Vikas-2022-03-03 05:09:43.394367/Vikas.09c32423-9a82-11ec-b49d-67321ed6dc70.jpeg
2022-03-03 05:09:52.261 INFO Train - trainImages: loading image done
2022-03-03 05:09:52.261 INFO Train - trainImages: finding the encoding of image
2022-03-03 05:09:52.437 INFO Train - trainImages: finding encoding of image is done
2022-03-03 05:09:52.438 INFO Train - trainImages: loading image
2022-03-03 05:09:52.440 DEBUG Train - trainImages: /home/vikasjoshis001/Desktop/Handtracking/FaceRecognition/images_to_train/Vikas-2022-03-03 05:09:43.394367/Vikas.09c32422-9a82-11ec-b49d-67321ed6dc70.jpeg
2022-03-03 05:09:52.440 INFO Train - trainImages: loading image done
2022-03-03 05:09:52.440 INFO Train - trainImages: finding the encoding of image
2022-03-03 05:09:52.617 INFO Train - trainImages: finding encoding of image is done
2022-03-03 05:09:52.617 INFO Train - trainImages: getting average of encodings of loaded images
2022-03-03 05:09:52.618 INFO Train - trainImages: done with getting average encodings
2022-03-03 05:09:52.618 INFO Train - trainImages: storing the name and encoding in local dictionary
2022-03-03 05:09:52.618 INFO Train - trainImages: stored name and encodes in local dictionary
2022-03-03 05:09:52.618 INFO Train - trainImages: storing the name and encodings in mongodb
2022-03-03 05:09:52.618 INFO Train - trainImages: stored all name and encodes in mongodb
2022-03-03 05:09:52.618 INFO Train - trainImages: started loading images and finding their encodings
2022-03-03 05:09:52.618 INFO Train - trainImages: loading image
2022-03-03 05:09:52.619 DEBUG Train - trainImages: /home/vikasjoshis001/Desktop/Handtracking/FaceRecognition/images_to_train/arya stark/index.jpeg
2022-03-03 05:09:52.619 INFO Train - trainImages: loading image done
2022-03-03 05:09:52.619 INFO Train - trainImages: finding the encoding of image
2022-03-03 05:09:52.685 INFO Train - trainImages: finding encoding of image is done
2022-03-03 05:09:52.685 INFO Train - trainImages: loading image
2022-03-03 05:09:52.686 DEBUG Train - trainImages: /home/vikasjoshis001/Desktop/Handtracking/FaceRecognition/images_to_train/arya stark/index3.jpeg
2022-03-03 05:09:52.686 INFO Train - trainImages: loading image done
2022-03-03 05:09:52.686 INFO Train - trainImages: finding the encoding of image
2022-03-03 05:09:52.750 INFO Train - trainImages: finding encoding of image is done
2022-03-03 05:09:52.750 INFO Train - trainImages: loading image
2022-03-03 05:09:52.751 DEBUG Train - trainImages: /home/vikasjoshis001/Desktop/Handtracking/FaceRecognition/images_to_train/arya stark/index5.jpeg
2022-03-03 05:09:52.751 INFO Train - trainImages: loading image done
2022-03-03 05:09:52.751 INFO Train - trainImages: finding the encoding of image
2022-03-03 05:09:52.817 INFO Train - trainImages: finding encoding of image is done
2022-03-03 05:09:52.817 INFO Train - trainImages: loading image
2022-03-03 05:09:52.818 DEBUG Train - trainImages: /home/vikasjoshis001/Desktop/Handtracking/FaceRecognition/images_to_train/arya stark/index2.jpeg
2022-03-03 05:09:52.818 INFO Train - trainImages: loading image done
2022-03-03 05:09:52.818 INFO Train - trainImages: finding the encoding of image
2022-03-03 05:09:52.884 INFO Train - trainImages: finding encoding of image is done
2022-03-03 05:09:52.885 INFO Train - trainImages: loading image
2022-03-03 05:09:52.885 DEBUG Train - trainImages: /home/vikasjoshis001/Desktop/Handtracking/FaceRecognition/images_to_train/arya stark/images4.jpeg
2022-03-03 05:09:52.885 INFO Train - trainImages: loading image done
2022-03-03 05:09:52.885 INFO Train - trainImages: finding the encoding of image
2022-03-03 05:09:52.949 INFO Train - trainImages: finding encoding of image is done
2022-03-03 05:09:52.949 INFO Train - trainImages: getting average of encodings of loaded images
2022-03-03 05:09:52.950 INFO Train - trainImages: done with getting average encodings
2022-03-03 05:09:52.950 INFO Train - trainImages: storing the name and encoding in local dictionary
2022-03-03 05:09:52.950 INFO Train - trainImages: stored name and encodes in local dictionary
2022-03-03 05:09:52.950 INFO Train - trainImages: storing the name and encodings in mongodb
2022-03-03 05:09:52.950 INFO Train - trainImages: stored all name and encodes in mongodb
