2022-02-25 11:19:15.447 INFO Train - <module>: MongoDB database connected successfully
2022-02-25 11:19:15.448 INFO Train - <module>: collected all folders in known_people folder
2022-02-25 11:19:15.448 DEBUG Train - <module>: ['tyrion lannister', 'denerys targeryan', 'cersie lannister', 'king in the north', 'arya stark']
2022-02-25 11:19:15.449 INFO Train - <module>: collected all images from all folders in known_people folder
2022-02-25 11:19:15.449 DEBUG Train - <module>: [['/home/vikasjoshis001/Desktop/FaceRecognition/images_to_train/tyrion lannister/images5.jpeg', '/home/vikasjoshis001/Desktop/FaceRecognition/images_to_train/tyrion lannister/index3.jpeg', '/home/vikasjoshis001/Desktop/FaceRecognition/images_to_train/tyrion lannister/index1.jpeg', '/home/vikasjoshis001/Desktop/FaceRecognition/images_to_train/tyrion lannister/index2.jpeg', '/home/vikasjoshis001/Desktop/FaceRecognition/images_to_train/tyrion lannister/index4.jpeg'], ['/home/vikasjoshis001/Desktop/FaceRecognition/images_to_train/denerys targeryan/index3.jpeg', '/home/vikasjoshis001/Desktop/FaceRecognition/images_to_train/denerys targeryan/index5.jpeg', '/home/vikasjoshis001/Desktop/FaceRecognition/images_to_train/denerys targeryan/index1.jpeg', '/home/vikasjoshis001/Desktop/FaceRecognition/images_to_train/denerys targeryan/index2.jpeg', '/home/vikasjoshis001/Desktop/FaceRecognition/images_to_train/denerys targeryan/index4.jpeg'], ['/home/vikasjoshis001/Desktop/FaceRecognition/images_to_train/cersie lannister/index3.jpeg', '/home/vikasjoshis001/Desktop/FaceRecognition/images_to_train/cersie lannister/index5.jpeg', '/home/vikasjoshis001/Desktop/FaceRecognition/images_to_train/cersie lannister/index2.jpeg', '/home/vikasjoshis001/Desktop/FaceRecognition/images_to_train/cersie lannister/index4.jpeg'], ['/home/vikasjoshis001/Desktop/FaceRecognition/images_to_train/king in the north/index.jpeg', '/home/vikasjoshis001/Desktop/FaceRecognition/images_to_train/king in the north/index3.jpeg', '/home/vikasjoshis001/Desktop/FaceRecognition/images_to_train/king in the north/index5.jpeg', '/home/vikasjoshis001/Desktop/FaceRecognition/images_to_train/king in the north/index2.jpeg', '/home/vikasjoshis001/Desktop/FaceRecognition/images_to_train/king in the north/index4.jpeg'], ['/home/vikasjoshis001/Desktop/FaceRecognition/images_to_train/arya stark/index.jpeg', '/home/vikasjoshis001/Desktop/FaceRecognition/images_to_train/arya stark/index3.jpeg', '/home/vikasjoshis001/Desktop/FaceRecognition/images_to_train/arya stark/index5.jpeg', '/home/vikasjoshis001/Desktop/FaceRecognition/images_to_train/arya stark/index2.jpeg', '/home/vikasjoshis001/Desktop/FaceRecognition/images_to_train/arya stark/images4.jpeg']]
2022-02-25 11:19:15.449 INFO Train - <module>: started loading images and finding their encodings
2022-02-25 11:19:15.449 INFO Train - <module>: loading image
2022-02-25 11:19:15.455 DEBUG Train - <module>: /home/vikasjoshis001/Desktop/FaceRecognition/images_to_train/tyrion lannister/images5.jpeg
2022-02-25 11:19:15.455 INFO Train - <module>: loading image done
2022-02-25 11:19:15.455 INFO Train - <module>: finding the encoding of image
2022-02-25 11:19:15.525 INFO Train - <module>: finding encoding of image is done
2022-02-25 11:19:15.526 INFO Train - <module>: loading image
2022-02-25 11:19:15.526 DEBUG Train - <module>: /home/vikasjoshis001/Desktop/FaceRecognition/images_to_train/tyrion lannister/index3.jpeg
2022-02-25 11:19:15.526 INFO Train - <module>: loading image done
2022-02-25 11:19:15.526 INFO Train - <module>: finding the encoding of image
2022-02-25 11:19:15.591 INFO Train - <module>: finding encoding of image is done
2022-02-25 11:19:15.591 INFO Train - <module>: loading image
2022-02-25 11:19:15.592 DEBUG Train - <module>: /home/vikasjoshis001/Desktop/FaceRecognition/images_to_train/tyrion lannister/index1.jpeg
2022-02-25 11:19:15.592 INFO Train - <module>: loading image done
2022-02-25 11:19:15.592 INFO Train - <module>: finding the encoding of image
2022-02-25 11:19:15.657 INFO Train - <module>: finding encoding of image is done
2022-02-25 11:19:15.657 INFO Train - <module>: loading image
2022-02-25 11:19:15.658 DEBUG Train - <module>: /home/vikasjoshis001/Desktop/FaceRecognition/images_to_train/tyrion lannister/index2.jpeg
2022-02-25 11:19:15.658 INFO Train - <module>: loading image done
2022-02-25 11:19:15.658 INFO Train - <module>: finding the encoding of image
2022-02-25 11:19:15.723 INFO Train - <module>: finding encoding of image is done
2022-02-25 11:19:15.723 INFO Train - <module>: loading image
2022-02-25 11:19:15.724 DEBUG Train - <module>: /home/vikasjoshis001/Desktop/FaceRecognition/images_to_train/tyrion lannister/index4.jpeg
2022-02-25 11:19:15.724 INFO Train - <module>: loading image done
2022-02-25 11:19:15.724 INFO Train - <module>: finding the encoding of image
2022-02-25 11:19:15.788 INFO Train - <module>: finding encoding of image is done
2022-02-25 11:19:15.788 INFO Train - <module>: getting average of encodings of loaded images
2022-02-25 11:19:15.788 INFO Train - <module>: done with getting average encodings
2022-02-25 11:19:15.788 INFO Train - <module>: storing the name and encoding in local dictionary
2022-02-25 11:19:15.788 INFO Train - <module>: stored name and encodes in local dictionary
2022-02-25 11:19:15.788 INFO Train - <module>: storing the name and encodings in mongodb
2022-02-25 11:19:15.790 INFO Train - <module>: stored all name and encodes in mongodb
2022-02-25 11:19:15.790 INFO Train - <module>: started loading images and finding their encodings
2022-02-25 11:19:15.790 INFO Train - <module>: loading image
2022-02-25 11:19:15.790 DEBUG Train - <module>: /home/vikasjoshis001/Desktop/FaceRecognition/images_to_train/denerys targeryan/index3.jpeg
2022-02-25 11:19:15.790 INFO Train - <module>: loading image done
2022-02-25 11:19:15.790 INFO Train - <module>: finding the encoding of image
2022-02-25 11:19:15.855 INFO Train - <module>: finding encoding of image is done
2022-02-25 11:19:15.855 INFO Train - <module>: loading image
2022-02-25 11:19:15.855 DEBUG Train - <module>: /home/vikasjoshis001/Desktop/FaceRecognition/images_to_train/denerys targeryan/index5.jpeg
2022-02-25 11:19:15.855 INFO Train - <module>: loading image done
2022-02-25 11:19:15.855 INFO Train - <module>: finding the encoding of image
2022-02-25 11:19:15.921 INFO Train - <module>: finding encoding of image is done
2022-02-25 11:19:15.922 INFO Train - <module>: loading image
2022-02-25 11:19:15.922 DEBUG Train - <module>: /home/vikasjoshis001/Desktop/FaceRecognition/images_to_train/denerys targeryan/index1.jpeg
2022-02-25 11:19:15.922 INFO Train - <module>: loading image done
2022-02-25 11:19:15.922 INFO Train - <module>: finding the encoding of image
2022-02-25 11:19:15.991 INFO Train - <module>: finding encoding of image is done
2022-02-25 11:19:15.991 INFO Train - <module>: loading image
2022-02-25 11:19:15.991 DEBUG Train - <module>: /home/vikasjoshis001/Desktop/FaceRecognition/images_to_train/denerys targeryan/index2.jpeg
2022-02-25 11:19:15.991 INFO Train - <module>: loading image done
2022-02-25 11:19:15.991 INFO Train - <module>: finding the encoding of image
2022-02-25 11:19:16.058 INFO Train - <module>: finding encoding of image is done
2022-02-25 11:19:16.058 INFO Train - <module>: loading image
2022-02-25 11:19:16.059 DEBUG Train - <module>: /home/vikasjoshis001/Desktop/FaceRecognition/images_to_train/denerys targeryan/index4.jpeg
2022-02-25 11:19:16.059 INFO Train - <module>: loading image done
2022-02-25 11:19:16.059 INFO Train - <module>: finding the encoding of image
2022-02-25 11:19:16.122 INFO Train - <module>: finding encoding of image is done
2022-02-25 11:19:16.122 INFO Train - <module>: getting average of encodings of loaded images
2022-02-25 11:19:16.122 INFO Train - <module>: done with getting average encodings
2022-02-25 11:19:16.122 INFO Train - <module>: storing the name and encoding in local dictionary
2022-02-25 11:19:16.122 INFO Train - <module>: stored name and encodes in local dictionary
2022-02-25 11:19:16.122 INFO Train - <module>: storing the name and encodings in mongodb
2022-02-25 11:19:16.123 INFO Train - <module>: stored all name and encodes in mongodb
2022-02-25 11:19:16.123 INFO Train - <module>: started loading images and finding their encodings
2022-02-25 11:19:16.123 INFO Train - <module>: loading image
2022-02-25 11:19:16.124 DEBUG Train - <module>: /home/vikasjoshis001/Desktop/FaceRecognition/images_to_train/cersie lannister/index3.jpeg
2022-02-25 11:19:16.124 INFO Train - <module>: loading image done
2022-02-25 11:19:16.124 INFO Train - <module>: finding the encoding of image
2022-02-25 11:19:16.187 INFO Train - <module>: finding encoding of image is done
2022-02-25 11:19:16.187 INFO Train - <module>: loading image
2022-02-25 11:19:16.188 DEBUG Train - <module>: /home/vikasjoshis001/Desktop/FaceRecognition/images_to_train/cersie lannister/index5.jpeg
2022-02-25 11:19:16.188 INFO Train - <module>: loading image done
2022-02-25 11:19:16.188 INFO Train - <module>: finding the encoding of image
2022-02-25 11:19:16.251 INFO Train - <module>: finding encoding of image is done
2022-02-25 11:19:16.251 INFO Train - <module>: loading image
2022-02-25 11:19:16.252 DEBUG Train - <module>: /home/vikasjoshis001/Desktop/FaceRecognition/images_to_train/cersie lannister/index2.jpeg
2022-02-25 11:19:16.252 INFO Train - <module>: loading image done
2022-02-25 11:19:16.252 INFO Train - <module>: finding the encoding of image
2022-02-25 11:19:16.318 INFO Train - <module>: finding encoding of image is done
2022-02-25 11:19:16.318 INFO Train - <module>: loading image
2022-02-25 11:19:16.319 DEBUG Train - <module>: /home/vikasjoshis001/Desktop/FaceRecognition/images_to_train/cersie lannister/index4.jpeg
2022-02-25 11:19:16.319 INFO Train - <module>: loading image done
2022-02-25 11:19:16.319 INFO Train - <module>: finding the encoding of image
2022-02-25 11:19:16.384 INFO Train - <module>: finding encoding of image is done
2022-02-25 11:19:16.384 INFO Train - <module>: getting average of encodings of loaded images
2022-02-25 11:19:16.385 INFO Train - <module>: done with getting average encodings
2022-02-25 11:19:16.385 INFO Train - <module>: storing the name and encoding in local dictionary
2022-02-25 11:19:16.385 INFO Train - <module>: stored name and encodes in local dictionary
2022-02-25 11:19:16.385 INFO Train - <module>: storing the name and encodings in mongodb
2022-02-25 11:19:16.385 INFO Train - <module>: stored all name and encodes in mongodb
2022-02-25 11:19:16.385 INFO Train - <module>: started loading images and finding their encodings
2022-02-25 11:19:16.385 INFO Train - <module>: loading image
2022-02-25 11:19:16.386 DEBUG Train - <module>: /home/vikasjoshis001/Desktop/FaceRecognition/images_to_train/king in the north/index.jpeg
2022-02-25 11:19:16.386 INFO Train - <module>: loading image done
2022-02-25 11:19:16.386 INFO Train - <module>: finding the encoding of image
2022-02-25 11:19:16.450 INFO Train - <module>: finding encoding of image is done
2022-02-25 11:19:16.450 INFO Train - <module>: loading image
2022-02-25 11:19:16.451 DEBUG Train - <module>: /home/vikasjoshis001/Desktop/FaceRecognition/images_to_train/king in the north/index3.jpeg
2022-02-25 11:19:16.451 INFO Train - <module>: loading image done
2022-02-25 11:19:16.451 INFO Train - <module>: finding the encoding of image
2022-02-25 11:19:16.525 INFO Train - <module>: finding encoding of image is done
2022-02-25 11:19:16.525 INFO Train - <module>: loading image
2022-02-25 11:19:16.526 DEBUG Train - <module>: /home/vikasjoshis001/Desktop/FaceRecognition/images_to_train/king in the north/index5.jpeg
2022-02-25 11:19:16.526 INFO Train - <module>: loading image done
2022-02-25 11:19:16.526 INFO Train - <module>: finding the encoding of image
2022-02-25 11:19:16.590 INFO Train - <module>: finding encoding of image is done
2022-02-25 11:19:16.590 INFO Train - <module>: loading image
2022-02-25 11:19:16.591 DEBUG Train - <module>: /home/vikasjoshis001/Desktop/FaceRecognition/images_to_train/king in the north/index2.jpeg
2022-02-25 11:19:16.591 INFO Train - <module>: loading image done
2022-02-25 11:19:16.591 INFO Train - <module>: finding the encoding of image
2022-02-25 11:19:16.655 INFO Train - <module>: finding encoding of image is done
2022-02-25 11:19:16.655 INFO Train - <module>: loading image
2022-02-25 11:19:16.656 DEBUG Train - <module>: /home/vikasjoshis001/Desktop/FaceRecognition/images_to_train/king in the north/index4.jpeg
2022-02-25 11:19:16.656 INFO Train - <module>: loading image done
2022-02-25 11:19:16.656 INFO Train - <module>: finding the encoding of image
2022-02-25 11:19:16.722 INFO Train - <module>: finding encoding of image is done
2022-02-25 11:19:16.722 INFO Train - <module>: getting average of encodings of loaded images
2022-02-25 11:19:16.722 INFO Train - <module>: done with getting average encodings
2022-02-25 11:19:16.722 INFO Train - <module>: storing the name and encoding in local dictionary
2022-02-25 11:19:16.722 INFO Train - <module>: stored name and encodes in local dictionary
2022-02-25 11:19:16.722 INFO Train - <module>: storing the name and encodings in mongodb
2022-02-25 11:19:16.723 INFO Train - <module>: stored all name and encodes in mongodb
2022-02-25 11:19:16.723 INFO Train - <module>: started loading images and finding their encodings
2022-02-25 11:19:16.723 INFO Train - <module>: loading image
2022-02-25 11:19:16.724 DEBUG Train - <module>: /home/vikasjoshis001/Desktop/FaceRecognition/images_to_train/arya stark/index.jpeg
2022-02-25 11:19:16.724 INFO Train - <module>: loading image done
2022-02-25 11:19:16.724 INFO Train - <module>: finding the encoding of image
2022-02-25 11:19:16.790 INFO Train - <module>: finding encoding of image is done
2022-02-25 11:19:16.790 INFO Train - <module>: loading image
2022-02-25 11:19:16.790 DEBUG Train - <module>: /home/vikasjoshis001/Desktop/FaceRecognition/images_to_train/arya stark/index3.jpeg
2022-02-25 11:19:16.790 INFO Train - <module>: loading image done
2022-02-25 11:19:16.790 INFO Train - <module>: finding the encoding of image
2022-02-25 11:19:16.854 INFO Train - <module>: finding encoding of image is done
2022-02-25 11:19:16.854 INFO Train - <module>: loading image
2022-02-25 11:19:16.855 DEBUG Train - <module>: /home/vikasjoshis001/Desktop/FaceRecognition/images_to_train/arya stark/index5.jpeg
2022-02-25 11:19:16.855 INFO Train - <module>: loading image done
2022-02-25 11:19:16.855 INFO Train - <module>: finding the encoding of image
2022-02-25 11:19:16.922 INFO Train - <module>: finding encoding of image is done
2022-02-25 11:19:16.922 INFO Train - <module>: loading image
2022-02-25 11:19:16.922 DEBUG Train - <module>: /home/vikasjoshis001/Desktop/FaceRecognition/images_to_train/arya stark/index2.jpeg
2022-02-25 11:19:16.922 INFO Train - <module>: loading image done
2022-02-25 11:19:16.922 INFO Train - <module>: finding the encoding of image
2022-02-25 11:19:16.987 INFO Train - <module>: finding encoding of image is done
2022-02-25 11:19:16.987 INFO Train - <module>: loading image
2022-02-25 11:19:16.987 DEBUG Train - <module>: /home/vikasjoshis001/Desktop/FaceRecognition/images_to_train/arya stark/images4.jpeg
2022-02-25 11:19:16.987 INFO Train - <module>: loading image done
2022-02-25 11:19:16.987 INFO Train - <module>: finding the encoding of image
2022-02-25 11:19:17.051 INFO Train - <module>: finding encoding of image is done
2022-02-25 11:19:17.052 INFO Train - <module>: getting average of encodings of loaded images
2022-02-25 11:19:17.052 INFO Train - <module>: done with getting average encodings
2022-02-25 11:19:17.052 INFO Train - <module>: storing the name and encoding in local dictionary
2022-02-25 11:19:17.052 INFO Train - <module>: stored name and encodes in local dictionary
2022-02-25 11:19:17.052 INFO Train - <module>: storing the name and encodings in mongodb
2022-02-25 11:19:17.053 INFO Train - <module>: stored all name and encodes in mongodb
