2022-03-01 12:50:40.582 INFO Train - trainImages: MongoDB database connected successfully
2022-03-01 12:50:40.585 INFO Train - trainImages: collected all folders in known_people folder
2022-03-01 12:50:40.585 DEBUG Train - trainImages: ['Vikas-2022-03-01 12:40:33.978231', 'tyrion lannister', 'Vikas-2022-03-01 12:48:27.936858', 'denerys targeryan', 'Mangesh', 'cersie lannister', 'king in the north', 'Vikas-2022-03-01 12:50:34.129553', 'Vikas-2022-03-01 12:47:15.670368', 'arya stark', 'Vikas-2022-03-01 12:41:38.072531']
2022-03-01 12:50:40.586 INFO Train - trainImages: collected all images from all folders in known_people folder
2022-03-01 12:50:40.586 DEBUG Train - trainImages: [['/home/vikasjoshis001/Desktop/Handtracking/FaceRecognition/images_to_train/Vikas-2022-03-01 12:40:33.978231/Vikas.b19e27fb-992e-11ec-8011-33f0d9e9c1a4.jpeg', '/home/vikasjoshis001/Desktop/Handtracking/FaceRecognition/images_to_train/Vikas-2022-03-01 12:40:33.978231/Vikas.b0572bc6-992e-11ec-8011-33f0d9e9c1a4.jpeg', '/home/vikasjoshis001/Desktop/Handtracking/FaceRecognition/images_to_train/Vikas-2022-03-01 12:40:33.978231/Vikas.b2d5e55e-992e-11ec-8011-33f0d9e9c1a4.jpeg', '/home/vikasjoshis001/Desktop/Handtracking/FaceRecognition/images_to_train/Vikas-2022-03-01 12:40:33.978231/Vikas.b19e27fa-992e-11ec-8011-33f0d9e9c1a4.jpeg', '/home/vikasjoshis001/Desktop/Handtracking/FaceRecognition/images_to_train/Vikas-2022-03-01 12:40:33.978231/Vikas.b0572bc7-992e-11ec-8011-33f0d9e9c1a4.jpeg'], ['/home/vikasjoshis001/Desktop/Handtracking/FaceRecognition/images_to_train/tyrion lannister/images5.jpeg', '/home/vikasjoshis001/Desktop/Handtracking/FaceRecognition/images_to_train/tyrion lannister/index3.jpeg', '/home/vikasjoshis001/Desktop/Handtracking/FaceRecognition/images_to_train/tyrion lannister/index1.jpeg', '/home/vikasjoshis001/Desktop/Handtracking/FaceRecognition/images_to_train/tyrion lannister/index2.jpeg', '/home/vikasjoshis001/Desktop/Handtracking/FaceRecognition/images_to_train/tyrion lannister/index4.jpeg'], [], ['/home/vikasjoshis001/Desktop/Handtracking/FaceRecognition/images_to_train/denerys targeryan/index3.jpeg', '/home/vikasjoshis001/Desktop/Handtracking/FaceRecognition/images_to_train/denerys targeryan/index5.jpeg', '/home/vikasjoshis001/Desktop/Handtracking/FaceRecognition/images_to_train/denerys targeryan/index1.jpeg', '/home/vikasjoshis001/Desktop/Handtracking/FaceRecognition/images_to_train/denerys targeryan/index2.jpeg', '/home/vikasjoshis001/Desktop/Handtracking/FaceRecognition/images_to_train/denerys targeryan/index4.jpeg'], ['/home/vikasjoshis001/Desktop/Handtracking/FaceRecognition/images_to_train/Mangesh/Mangesh.3000c093-960c-11ec-a6b1-2f237028861a.jpeg', '/home/vikasjoshis001/Desktop/Handtracking/FaceRecognition/images_to_train/Mangesh/Mangesh.3283bb58-960c-11ec-a6b1-2f237028861a.jpeg', '/home/vikasjoshis001/Desktop/Handtracking/FaceRecognition/images_to_train/Mangesh/Mangesh.314bc26c-960c-11ec-a6b1-2f237028861a.jpeg', '/home/vikasjoshis001/Desktop/Handtracking/FaceRecognition/images_to_train/Mangesh/Mangesh.314bc26d-960c-11ec-a6b1-2f237028861a.jpeg', '/home/vikasjoshis001/Desktop/Handtracking/FaceRecognition/images_to_train/Mangesh/Mangesh.3000c092-960c-11ec-a6b1-2f237028861a.jpeg'], ['/home/vikasjoshis001/Desktop/Handtracking/FaceRecognition/images_to_train/cersie lannister/index3.jpeg', '/home/vikasjoshis001/Desktop/Handtracking/FaceRecognition/images_to_train/cersie lannister/index5.jpeg', '/home/vikasjoshis001/Desktop/Handtracking/FaceRecognition/images_to_train/cersie lannister/index2.jpeg', '/home/vikasjoshis001/Desktop/Handtracking/FaceRecognition/images_to_train/cersie lannister/index4.jpeg'], ['/home/vikasjoshis001/Desktop/Handtracking/FaceRecognition/images_to_train/king in the north/index.jpeg', '/home/vikasjoshis001/Desktop/Handtracking/FaceRecognition/images_to_train/king in the north/index3.jpeg', '/home/vikasjoshis001/Desktop/Handtracking/FaceRecognition/images_to_train/king in the north/index5.jpeg', '/home/vikasjoshis001/Desktop/Handtracking/FaceRecognition/images_to_train/king in the north/index2.jpeg', '/home/vikasjoshis001/Desktop/Handtracking/FaceRecognition/images_to_train/king in the north/index4.jpeg'], ['/home/vikasjoshis001/Desktop/Handtracking/FaceRecognition/images_to_train/Vikas-2022-03-01 12:50:34.129553/Vikas.17ef6ce8-9930-11ec-8011-33f0d9e9c1a4.jpeg', '/home/vikasjoshis001/Desktop/Handtracking/FaceRecognition/images_to_train/Vikas-2022-03-01 12:50:34.129553/Vikas.160e9d0e-9930-11ec-8011-33f0d9e9c1a4.jpeg', '/home/vikasjoshis001/Desktop/Handtracking/FaceRecognition/images_to_train/Vikas-2022-03-01 12:50:34.129553/Vikas.16b796e8-9930-11ec-8011-33f0d9e9c1a4.jpeg', '/home/vikasjoshis001/Desktop/Handtracking/FaceRecognition/images_to_train/Vikas-2022-03-01 12:50:34.129553/Vikas.16b796e9-9930-11ec-8011-33f0d9e9c1a4.jpeg', '/home/vikasjoshis001/Desktop/Handtracking/FaceRecognition/images_to_train/Vikas-2022-03-01 12:50:34.129553/Vikas.17ef6ce9-9930-11ec-8011-33f0d9e9c1a4.jpeg'], [], ['/home/vikasjoshis001/Desktop/Handtracking/FaceRecognition/images_to_train/arya stark/index.jpeg', '/home/vikasjoshis001/Desktop/Handtracking/FaceRecognition/images_to_train/arya stark/index3.jpeg', '/home/vikasjoshis001/Desktop/Handtracking/FaceRecognition/images_to_train/arya stark/index5.jpeg', '/home/vikasjoshis001/Desktop/Handtracking/FaceRecognition/images_to_train/arya stark/index2.jpeg', '/home/vikasjoshis001/Desktop/Handtracking/FaceRecognition/images_to_train/arya stark/images4.jpeg'], ['/home/vikasjoshis001/Desktop/Handtracking/FaceRecognition/images_to_train/Vikas-2022-03-01 12:41:38.072531/Vikas.d7d447e2-992e-11ec-8011-33f0d9e9c1a4.jpeg', '/home/vikasjoshis001/Desktop/Handtracking/FaceRecognition/images_to_train/Vikas-2022-03-01 12:41:38.072531/Vikas.d7d447e3-992e-11ec-8011-33f0d9e9c1a4.jpeg', '/home/vikasjoshis001/Desktop/Handtracking/FaceRecognition/images_to_train/Vikas-2022-03-01 12:41:38.072531/Vikas.d68af6ce-992e-11ec-8011-33f0d9e9c1a4.jpeg', '/home/vikasjoshis001/Desktop/Handtracking/FaceRecognition/images_to_train/Vikas-2022-03-01 12:41:38.072531/Vikas.d68af6cf-992e-11ec-8011-33f0d9e9c1a4.jpeg', '/home/vikasjoshis001/Desktop/Handtracking/FaceRecognition/images_to_train/Vikas-2022-03-01 12:41:38.072531/Vikas.d90d7f0c-992e-11ec-8011-33f0d9e9c1a4.jpeg']]
2022-03-01 12:50:40.586 INFO Train - trainImages: started loading images and finding their encodings
2022-03-01 12:50:40.586 INFO Train - trainImages: loading image
2022-03-01 12:50:40.598 DEBUG Train - trainImages: /home/vikasjoshis001/Desktop/Handtracking/FaceRecognition/images_to_train/Vikas-2022-03-01 12:40:33.978231/Vikas.b19e27fb-992e-11ec-8011-33f0d9e9c1a4.jpeg
2022-03-01 12:50:40.599 INFO Train - trainImages: loading image done
2022-03-01 12:50:40.599 INFO Train - trainImages: finding the encoding of image
2022-03-01 12:50:40.791 INFO Train - trainImages: finding encoding of image is done
2022-03-01 12:50:40.791 INFO Train - trainImages: loading image
2022-03-01 12:50:40.794 DEBUG Train - trainImages: /home/vikasjoshis001/Desktop/Handtracking/FaceRecognition/images_to_train/Vikas-2022-03-01 12:40:33.978231/Vikas.b0572bc6-992e-11ec-8011-33f0d9e9c1a4.jpeg
2022-03-01 12:50:40.794 INFO Train - trainImages: loading image done
2022-03-01 12:50:40.794 INFO Train - trainImages: finding the encoding of image
2022-03-01 12:50:41.032 INFO Train - trainImages: finding encoding of image is done
2022-03-01 12:50:41.032 INFO Train - trainImages: loading image
2022-03-01 12:50:41.035 DEBUG Train - trainImages: /home/vikasjoshis001/Desktop/Handtracking/FaceRecognition/images_to_train/Vikas-2022-03-01 12:40:33.978231/Vikas.b2d5e55e-992e-11ec-8011-33f0d9e9c1a4.jpeg
2022-03-01 12:50:41.035 INFO Train - trainImages: loading image done
2022-03-01 12:50:41.035 INFO Train - trainImages: finding the encoding of image
2022-03-01 12:50:41.226 INFO Train - trainImages: finding encoding of image is done
2022-03-01 12:50:41.226 INFO Train - trainImages: loading image
2022-03-01 12:50:41.229 DEBUG Train - trainImages: /home/vikasjoshis001/Desktop/Handtracking/FaceRecognition/images_to_train/Vikas-2022-03-01 12:40:33.978231/Vikas.b19e27fa-992e-11ec-8011-33f0d9e9c1a4.jpeg
2022-03-01 12:50:41.229 INFO Train - trainImages: loading image done
2022-03-01 12:50:41.229 INFO Train - trainImages: finding the encoding of image
2022-03-01 12:50:41.567 INFO Train - trainImages: finding encoding of image is done
2022-03-01 12:50:41.567 INFO Train - trainImages: loading image
2022-03-01 12:50:41.570 DEBUG Train - trainImages: /home/vikasjoshis001/Desktop/Handtracking/FaceRecognition/images_to_train/Vikas-2022-03-01 12:40:33.978231/Vikas.b0572bc7-992e-11ec-8011-33f0d9e9c1a4.jpeg
2022-03-01 12:50:41.570 INFO Train - trainImages: loading image done
2022-03-01 12:50:41.570 INFO Train - trainImages: finding the encoding of image
2022-03-01 12:50:41.866 INFO Train - trainImages: finding encoding of image is done
2022-03-01 12:50:41.866 INFO Train - trainImages: getting average of encodings of loaded images
2022-03-01 12:50:41.867 INFO Train - trainImages: done with getting average encodings
2022-03-01 12:50:41.867 INFO Train - trainImages: storing the name and encoding in local dictionary
2022-03-01 12:50:41.867 INFO Train - trainImages: stored name and encodes in local dictionary
2022-03-01 12:50:41.867 INFO Train - trainImages: storing the name and encodings in mongodb
2022-03-01 12:50:41.880 INFO Train - trainImages: stored all name and encodes in mongodb
2022-03-01 12:50:41.880 INFO Train - trainImages: started loading images and finding their encodings
2022-03-01 12:50:41.881 INFO Train - trainImages: loading image
2022-03-01 12:50:41.881 DEBUG Train - trainImages: /home/vikasjoshis001/Desktop/Handtracking/FaceRecognition/images_to_train/tyrion lannister/images5.jpeg
2022-03-01 12:50:41.881 INFO Train - trainImages: loading image done
2022-03-01 12:50:41.881 INFO Train - trainImages: finding the encoding of image
2022-03-01 12:50:42.012 INFO Train - trainImages: finding encoding of image is done
2022-03-01 12:50:42.012 INFO Train - trainImages: loading image
2022-03-01 12:50:42.013 DEBUG Train - trainImages: /home/vikasjoshis001/Desktop/Handtracking/FaceRecognition/images_to_train/tyrion lannister/index3.jpeg
2022-03-01 12:50:42.013 INFO Train - trainImages: loading image done
2022-03-01 12:50:42.013 INFO Train - trainImages: finding the encoding of image
2022-03-01 12:50:42.081 INFO Train - trainImages: finding encoding of image is done
2022-03-01 12:50:42.081 INFO Train - trainImages: loading image
2022-03-01 12:50:42.081 DEBUG Train - trainImages: /home/vikasjoshis001/Desktop/Handtracking/FaceRecognition/images_to_train/tyrion lannister/index1.jpeg
2022-03-01 12:50:42.082 INFO Train - trainImages: loading image done
2022-03-01 12:50:42.082 INFO Train - trainImages: finding the encoding of image
2022-03-01 12:50:42.166 INFO Train - trainImages: finding encoding of image is done
2022-03-01 12:50:42.167 INFO Train - trainImages: loading image
2022-03-01 12:50:42.167 DEBUG Train - trainImages: /home/vikasjoshis001/Desktop/Handtracking/FaceRecognition/images_to_train/tyrion lannister/index2.jpeg
2022-03-01 12:50:42.167 INFO Train - trainImages: loading image done
2022-03-01 12:50:42.167 INFO Train - trainImages: finding the encoding of image
2022-03-01 12:50:42.262 INFO Train - trainImages: finding encoding of image is done
2022-03-01 12:50:42.262 INFO Train - trainImages: loading image
2022-03-01 12:50:42.263 DEBUG Train - trainImages: /home/vikasjoshis001/Desktop/Handtracking/FaceRecognition/images_to_train/tyrion lannister/index4.jpeg
2022-03-01 12:50:42.263 INFO Train - trainImages: loading image done
2022-03-01 12:50:42.263 INFO Train - trainImages: finding the encoding of image
2022-03-01 12:50:42.332 INFO Train - trainImages: finding encoding of image is done
2022-03-01 12:50:42.332 INFO Train - trainImages: getting average of encodings of loaded images
2022-03-01 12:50:42.332 INFO Train - trainImages: done with getting average encodings
2022-03-01 12:50:42.332 INFO Train - trainImages: storing the name and encoding in local dictionary
2022-03-01 12:50:42.332 INFO Train - trainImages: stored name and encodes in local dictionary
2022-03-01 12:50:42.332 INFO Train - trainImages: storing the name and encodings in mongodb
2022-03-01 12:50:42.333 INFO Train - trainImages: stored all name and encodes in mongodb
2022-03-01 12:50:42.333 DEBUG Train - trainImages: Vikas-2022-03-01 12:48:27.936858
2022-03-01 12:50:42.333 ERROR Train - trainImages: above folder is empty with no images
2022-03-01 12:50:42.333 INFO Train - trainImages: exiting the program with no updates in training
