2022-04-01 06:34:13.810 INFO Train - trainImages: MongoDB database connected successfully
2022-04-01 06:34:13.820 INFO Train - trainImages: collected all folders in known_people folder
2022-04-01 06:34:13.821 DEBUG Train - trainImages: ['tyrion lannister', 'denerys targeryan', 'Hello-2022-04-01 06:06:43.242173', 'fedsgfvdhg-2022-04-01 06:29:54.369493', 'Vikasafd-2022-04-01 06:18:02.414298', 'cersie lannister', 'Vikas-2022-03-31 13:17:26.260103', 'king in the north', 'fdsfg-2022-04-01 06:31:00.007557', 'UIO-2022-04-01 06:08:24.896094', 'arya stark', 'bgcnhgnvbngh-2022-04-01 06:34:02.139502']
2022-04-01 06:34:13.830 INFO Train - trainImages: collected all images from all folders in known_people folder
2022-04-01 06:34:13.831 DEBUG Train - trainImages: [['/home/vikasjoshis001/Desktop/Gestures/images_to_train/tyrion lannister/images5.jpeg', '/home/vikasjoshis001/Desktop/Gestures/images_to_train/tyrion lannister/index3.jpeg', '/home/vikasjoshis001/Desktop/Gestures/images_to_train/tyrion lannister/index1.jpeg', '/home/vikasjoshis001/Desktop/Gestures/images_to_train/tyrion lannister/index2.jpeg', '/home/vikasjoshis001/Desktop/Gestures/images_to_train/tyrion lannister/index4.jpeg'], ['/home/vikasjoshis001/Desktop/Gestures/images_to_train/denerys targeryan/index3.jpeg', '/home/vikasjoshis001/Desktop/Gestures/images_to_train/denerys targeryan/index5.jpeg', '/home/vikasjoshis001/Desktop/Gestures/images_to_train/denerys targeryan/index1.jpeg', '/home/vikasjoshis001/Desktop/Gestures/images_to_train/denerys targeryan/index2.jpeg', '/home/vikasjoshis001/Desktop/Gestures/images_to_train/denerys targeryan/index4.jpeg'], ['/home/vikasjoshis001/Desktop/Gestures/images_to_train/Hello-2022-04-01 06:06:43.242173/Hello.cdd62f53-b153-11ec-ae44-cb6983774605.jpeg', '/home/vikasjoshis001/Desktop/Gestures/images_to_train/Hello-2022-04-01 06:06:43.242173/Hello.cf21c952-b153-11ec-ae44-cb6983774605.jpeg', '/home/vikasjoshis001/Desktop/Gestures/images_to_train/Hello-2022-04-01 06:06:43.242173/Hello.d0570634-b153-11ec-ae44-cb6983774605.jpeg', '/home/vikasjoshis001/Desktop/Gestures/images_to_train/Hello-2022-04-01 06:06:43.242173/Hello.cdd62f52-b153-11ec-ae44-cb6983774605.jpeg', '/home/vikasjoshis001/Desktop/Gestures/images_to_train/Hello-2022-04-01 06:06:43.242173/Hello.cf21c953-b153-11ec-ae44-cb6983774605.jpeg'], ['/home/vikasjoshis001/Desktop/Gestures/images_to_train/fedsgfvdhg-2022-04-01 06:29:54.369493/fedsgfvdhg.0c47a2ae-b157-11ec-ae44-cb6983774605.jpeg', '/home/vikasjoshis001/Desktop/Gestures/images_to_train/fedsgfvdhg-2022-04-01 06:29:54.369493/fedsgfvdhg.0c47a2af-b157-11ec-ae44-cb6983774605.jpeg', '/home/vikasjoshis001/Desktop/Gestures/images_to_train/fedsgfvdhg-2022-04-01 06:29:54.369493/fedsgfvdhg.0b0382a1-b157-11ec-ae44-cb6983774605.jpeg', '/home/vikasjoshis001/Desktop/Gestures/images_to_train/fedsgfvdhg-2022-04-01 06:29:54.369493/fedsgfvdhg.0b0382a0-b157-11ec-ae44-cb6983774605.jpeg', '/home/vikasjoshis001/Desktop/Gestures/images_to_train/fedsgfvdhg-2022-04-01 06:29:54.369493/fedsgfvdhg.0d7c29f6-b157-11ec-ae44-cb6983774605.jpeg'], ['/home/vikasjoshis001/Desktop/Gestures/images_to_train/Vikasafd-2022-04-01 06:18:02.414298/Vikasafd.63ec76ee-b155-11ec-ae44-cb6983774605.jpeg', '/home/vikasjoshis001/Desktop/Gestures/images_to_train/Vikasafd-2022-04-01 06:18:02.414298/Vikasafd.6520d1ae-b155-11ec-ae44-cb6983774605.jpeg', '/home/vikasjoshis001/Desktop/Gestures/images_to_train/Vikasafd-2022-04-01 06:18:02.414298/Vikasafd.62a72799-b155-11ec-ae44-cb6983774605.jpeg', '/home/vikasjoshis001/Desktop/Gestures/images_to_train/Vikasafd-2022-04-01 06:18:02.414298/Vikasafd.63ec76ef-b155-11ec-ae44-cb6983774605.jpeg', '/home/vikasjoshis001/Desktop/Gestures/images_to_train/Vikasafd-2022-04-01 06:18:02.414298/Vikasafd.62a72798-b155-11ec-ae44-cb6983774605.jpeg'], ['/home/vikasjoshis001/Desktop/Gestures/images_to_train/cersie lannister/index3.jpeg', '/home/vikasjoshis001/Desktop/Gestures/images_to_train/cersie lannister/index5.jpeg', '/home/vikasjoshis001/Desktop/Gestures/images_to_train/cersie lannister/index2.jpeg', '/home/vikasjoshis001/Desktop/Gestures/images_to_train/cersie lannister/index4.jpeg'], ['/home/vikasjoshis001/Desktop/Gestures/images_to_train/Vikas-2022-03-31 13:17:26.260103/Vikas.d18bc824-b0c6-11ec-95c9-353773ec36e1.jpeg', '/home/vikasjoshis001/Desktop/Gestures/images_to_train/Vikas-2022-03-31 13:17:26.260103/Vikas.d056c17b-b0c6-11ec-95c9-353773ec36e1.jpeg', '/home/vikasjoshis001/Desktop/Gestures/images_to_train/Vikas-2022-03-31 13:17:26.260103/Vikas.cf0c4b78-b0c6-11ec-95c9-353773ec36e1.jpeg', '/home/vikasjoshis001/Desktop/Gestures/images_to_train/Vikas-2022-03-31 13:17:26.260103/Vikas.cf0c4b79-b0c6-11ec-95c9-353773ec36e1.jpeg', '/home/vikasjoshis001/Desktop/Gestures/images_to_train/Vikas-2022-03-31 13:17:26.260103/Vikas.d056c17a-b0c6-11ec-95c9-353773ec36e1.jpeg'], ['/home/vikasjoshis001/Desktop/Gestures/images_to_train/king in the north/index.jpeg', '/home/vikasjoshis001/Desktop/Gestures/images_to_train/king in the north/index3.jpeg', '/home/vikasjoshis001/Desktop/Gestures/images_to_train/king in the north/index5.jpeg', '/home/vikasjoshis001/Desktop/Gestures/images_to_train/king in the north/index2.jpeg', '/home/vikasjoshis001/Desktop/Gestures/images_to_train/king in the north/index4.jpeg'], ['/home/vikasjoshis001/Desktop/Gestures/images_to_train/fdsfg-2022-04-01 06:31:00.007557/fdsfg.3222a709-b157-11ec-ae44-cb6983774605.jpeg', '/home/vikasjoshis001/Desktop/Gestures/images_to_train/fdsfg-2022-04-01 06:31:00.007557/fdsfg.33671982-b157-11ec-ae44-cb6983774605.jpeg', '/home/vikasjoshis001/Desktop/Gestures/images_to_train/fdsfg-2022-04-01 06:31:00.007557/fdsfg.33671983-b157-11ec-ae44-cb6983774605.jpeg', '/home/vikasjoshis001/Desktop/Gestures/images_to_train/fdsfg-2022-04-01 06:31:00.007557/fdsfg.349ba318-b157-11ec-ae44-cb6983774605.jpeg', '/home/vikasjoshis001/Desktop/Gestures/images_to_train/fdsfg-2022-04-01 06:31:00.007557/fdsfg.3222a708-b157-11ec-ae44-cb6983774605.jpeg'], ['/home/vikasjoshis001/Desktop/Gestures/images_to_train/UIO-2022-04-01 06:08:24.896094/UIO.0a6d3245-b154-11ec-ae44-cb6983774605.jpeg', '/home/vikasjoshis001/Desktop/Gestures/images_to_train/UIO-2022-04-01 06:08:24.896094/UIO.0bbc7cb9-b154-11ec-ae44-cb6983774605.jpeg', '/home/vikasjoshis001/Desktop/Gestures/images_to_train/UIO-2022-04-01 06:08:24.896094/UIO.0bbc7cb8-b154-11ec-ae44-cb6983774605.jpeg', '/home/vikasjoshis001/Desktop/Gestures/images_to_train/UIO-2022-04-01 06:08:24.896094/UIO.0a6d3244-b154-11ec-ae44-cb6983774605.jpeg', '/home/vikasjoshis001/Desktop/Gestures/images_to_train/UIO-2022-04-01 06:08:24.896094/UIO.0cf136d2-b154-11ec-ae44-cb6983774605.jpeg'], ['/home/vikasjoshis001/Desktop/Gestures/images_to_train/arya stark/index.jpeg', '/home/vikasjoshis001/Desktop/Gestures/images_to_train/arya stark/index3.jpeg', '/home/vikasjoshis001/Desktop/Gestures/images_to_train/arya stark/index5.jpeg', '/home/vikasjoshis001/Desktop/Gestures/images_to_train/arya stark/index2.jpeg', '/home/vikasjoshis001/Desktop/Gestures/images_to_train/arya stark/images4.jpeg'], ['/home/vikasjoshis001/Desktop/Gestures/images_to_train/bgcnhgnvbngh-2022-04-01 06:34:02.139502/bgcnhgnvbngh.a134ebc4-b157-11ec-ae44-cb6983774605.jpeg', '/home/vikasjoshis001/Desktop/Gestures/images_to_train/bgcnhgnvbngh-2022-04-01 06:34:02.139502/bgcnhgnvbngh.9fff80f2-b157-11ec-ae44-cb6983774605.jpeg', '/home/vikasjoshis001/Desktop/Gestures/images_to_train/bgcnhgnvbngh-2022-04-01 06:34:02.139502/bgcnhgnvbngh.9eb230f1-b157-11ec-ae44-cb6983774605.jpeg', '/home/vikasjoshis001/Desktop/Gestures/images_to_train/bgcnhgnvbngh-2022-04-01 06:34:02.139502/bgcnhgnvbngh.9fff80f3-b157-11ec-ae44-cb6983774605.jpeg', '/home/vikasjoshis001/Desktop/Gestures/images_to_train/bgcnhgnvbngh-2022-04-01 06:34:02.139502/bgcnhgnvbngh.9eb230f0-b157-11ec-ae44-cb6983774605.jpeg']]
2022-04-01 06:34:13.832 INFO Train - trainImages: started loading images and finding their encodings
2022-04-01 06:34:13.833 INFO Train - trainImages: loading image
2022-04-01 06:34:13.852 DEBUG Train - trainImages: /home/vikasjoshis001/Desktop/Gestures/images_to_train/tyrion lannister/images5.jpeg
2022-04-01 06:34:13.852 INFO Train - trainImages: loading image done
2022-04-01 06:34:13.852 INFO Train - trainImages: finding the encoding of image
2022-04-01 06:34:14.006 INFO Train - trainImages: finding encoding of image is done
2022-04-01 06:34:14.007 INFO Train - trainImages: loading image
2022-04-01 06:34:14.007 DEBUG Train - trainImages: /home/vikasjoshis001/Desktop/Gestures/images_to_train/tyrion lannister/index3.jpeg
2022-04-01 06:34:14.007 INFO Train - trainImages: loading image done
2022-04-01 06:34:14.007 INFO Train - trainImages: finding the encoding of image
2022-04-01 06:34:14.076 INFO Train - trainImages: finding encoding of image is done
2022-04-01 06:34:14.076 INFO Train - trainImages: loading image
2022-04-01 06:34:14.077 DEBUG Train - trainImages: /home/vikasjoshis001/Desktop/Gestures/images_to_train/tyrion lannister/index1.jpeg
2022-04-01 06:34:14.077 INFO Train - trainImages: loading image done
2022-04-01 06:34:14.077 INFO Train - trainImages: finding the encoding of image
2022-04-01 06:34:14.145 INFO Train - trainImages: finding encoding of image is done
2022-04-01 06:34:14.145 INFO Train - trainImages: loading image
2022-04-01 06:34:14.146 DEBUG Train - trainImages: /home/vikasjoshis001/Desktop/Gestures/images_to_train/tyrion lannister/index2.jpeg
2022-04-01 06:34:14.146 INFO Train - trainImages: loading image done
2022-04-01 06:34:14.146 INFO Train - trainImages: finding the encoding of image
2022-04-01 06:34:14.214 INFO Train - trainImages: finding encoding of image is done
2022-04-01 06:34:14.215 INFO Train - trainImages: loading image
2022-04-01 06:34:14.215 DEBUG Train - trainImages: /home/vikasjoshis001/Desktop/Gestures/images_to_train/tyrion lannister/index4.jpeg
2022-04-01 06:34:14.215 INFO Train - trainImages: loading image done
2022-04-01 06:34:14.215 INFO Train - trainImages: finding the encoding of image
2022-04-01 06:34:14.282 INFO Train - trainImages: finding encoding of image is done
2022-04-01 06:34:14.282 INFO Train - trainImages: getting average of encodings of loaded images
2022-04-01 06:34:14.283 INFO Train - trainImages: done with getting average encodings
2022-04-01 06:34:14.283 INFO Train - trainImages: storing the name and encoding in local dictionary
2022-04-01 06:34:14.283 INFO Train - trainImages: stored name and encodes in local dictionary
2022-04-01 06:34:14.283 INFO Train - trainImages: storing the name and encodings in mongodb
2022-04-01 06:34:14.284 INFO Train - trainImages: stored all name and encodes in mongodb
2022-04-01 06:34:14.284 INFO Train - trainImages: started loading images and finding their encodings
2022-04-01 06:34:14.284 INFO Train - trainImages: loading image
2022-04-01 06:34:14.285 DEBUG Train - trainImages: /home/vikasjoshis001/Desktop/Gestures/images_to_train/denerys targeryan/index3.jpeg
2022-04-01 06:34:14.285 INFO Train - trainImages: loading image done
2022-04-01 06:34:14.285 INFO Train - trainImages: finding the encoding of image
2022-04-01 06:34:14.353 INFO Train - trainImages: finding encoding of image is done
2022-04-01 06:34:14.353 INFO Train - trainImages: loading image
2022-04-01 06:34:14.354 DEBUG Train - trainImages: /home/vikasjoshis001/Desktop/Gestures/images_to_train/denerys targeryan/index5.jpeg
2022-04-01 06:34:14.354 INFO Train - trainImages: loading image done
2022-04-01 06:34:14.354 INFO Train - trainImages: finding the encoding of image
2022-04-01 06:34:14.425 INFO Train - trainImages: finding encoding of image is done
2022-04-01 06:34:14.425 INFO Train - trainImages: loading image
2022-04-01 06:34:14.425 DEBUG Train - trainImages: /home/vikasjoshis001/Desktop/Gestures/images_to_train/denerys targeryan/index1.jpeg
2022-04-01 06:34:14.426 INFO Train - trainImages: loading image done
2022-04-01 06:34:14.426 INFO Train - trainImages: finding the encoding of image
2022-04-01 06:34:14.498 INFO Train - trainImages: finding encoding of image is done
2022-04-01 06:34:14.498 INFO Train - trainImages: loading image
2022-04-01 06:34:14.498 DEBUG Train - trainImages: /home/vikasjoshis001/Desktop/Gestures/images_to_train/denerys targeryan/index2.jpeg
2022-04-01 06:34:14.498 INFO Train - trainImages: loading image done
2022-04-01 06:34:14.498 INFO Train - trainImages: finding the encoding of image
2022-04-01 06:34:14.569 INFO Train - trainImages: finding encoding of image is done
2022-04-01 06:34:14.569 INFO Train - trainImages: loading image
2022-04-01 06:34:14.570 DEBUG Train - trainImages: /home/vikasjoshis001/Desktop/Gestures/images_to_train/denerys targeryan/index4.jpeg
2022-04-01 06:34:14.570 INFO Train - trainImages: loading image done
2022-04-01 06:34:14.570 INFO Train - trainImages: finding the encoding of image
2022-04-01 06:34:14.637 INFO Train - trainImages: finding encoding of image is done
2022-04-01 06:34:14.637 INFO Train - trainImages: getting average of encodings of loaded images
2022-04-01 06:34:14.637 INFO Train - trainImages: done with getting average encodings
2022-04-01 06:34:14.637 INFO Train - trainImages: storing the name and encoding in local dictionary
2022-04-01 06:34:14.637 INFO Train - trainImages: stored name and encodes in local dictionary
2022-04-01 06:34:14.637 INFO Train - trainImages: storing the name and encodings in mongodb
2022-04-01 06:34:14.638 INFO Train - trainImages: stored all name and encodes in mongodb
2022-04-01 06:34:14.638 INFO Train - trainImages: started loading images and finding their encodings
2022-04-01 06:34:14.638 INFO Train - trainImages: loading image
2022-04-01 06:34:14.639 DEBUG Train - trainImages: /home/vikasjoshis001/Desktop/Gestures/images_to_train/Hello-2022-04-01 06:06:43.242173/Hello.cdd62f53-b153-11ec-ae44-cb6983774605.jpeg
2022-04-01 06:34:14.639 INFO Train - trainImages: loading image done
2022-04-01 06:34:14.639 INFO Train - trainImages: finding the encoding of image
2022-04-01 06:34:14.718 INFO Train - trainImages: finding encoding of image is done
2022-04-01 06:34:14.718 INFO Train - trainImages: loading image
2022-04-01 06:34:14.720 DEBUG Train - trainImages: /home/vikasjoshis001/Desktop/Gestures/images_to_train/Hello-2022-04-01 06:06:43.242173/Hello.cf21c952-b153-11ec-ae44-cb6983774605.jpeg
2022-04-01 06:34:14.720 INFO Train - trainImages: loading image done
2022-04-01 06:34:14.720 INFO Train - trainImages: finding the encoding of image
2022-04-01 06:34:14.801 INFO Train - trainImages: finding encoding of image is done
2022-04-01 06:34:14.801 INFO Train - trainImages: loading image
2022-04-01 06:34:14.802 DEBUG Train - trainImages: /home/vikasjoshis001/Desktop/Gestures/images_to_train/Hello-2022-04-01 06:06:43.242173/Hello.d0570634-b153-11ec-ae44-cb6983774605.jpeg
2022-04-01 06:34:14.802 INFO Train - trainImages: loading image done
2022-04-01 06:34:14.802 INFO Train - trainImages: finding the encoding of image
2022-04-01 06:34:14.885 INFO Train - trainImages: finding encoding of image is done
2022-04-01 06:34:14.885 INFO Train - trainImages: loading image
2022-04-01 06:34:14.886 DEBUG Train - trainImages: /home/vikasjoshis001/Desktop/Gestures/images_to_train/Hello-2022-04-01 06:06:43.242173/Hello.cdd62f52-b153-11ec-ae44-cb6983774605.jpeg
2022-04-01 06:34:14.886 INFO Train - trainImages: loading image done
2022-04-01 06:34:14.886 INFO Train - trainImages: finding the encoding of image
2022-04-01 06:34:14.967 INFO Train - trainImages: finding encoding of image is done
2022-04-01 06:34:14.967 INFO Train - trainImages: loading image
2022-04-01 06:34:14.968 DEBUG Train - trainImages: /home/vikasjoshis001/Desktop/Gestures/images_to_train/Hello-2022-04-01 06:06:43.242173/Hello.cf21c953-b153-11ec-ae44-cb6983774605.jpeg
2022-04-01 06:34:14.968 INFO Train - trainImages: loading image done
2022-04-01 06:34:14.968 INFO Train - trainImages: finding the encoding of image
2022-04-01 06:34:15.049 INFO Train - trainImages: finding encoding of image is done
2022-04-01 06:34:15.049 INFO Train - trainImages: getting average of encodings of loaded images
2022-04-01 06:34:15.049 INFO Train - trainImages: done with getting average encodings
2022-04-01 06:34:15.049 INFO Train - trainImages: storing the name and encoding in local dictionary
2022-04-01 06:34:15.049 INFO Train - trainImages: stored name and encodes in local dictionary
2022-04-01 06:34:15.049 INFO Train - trainImages: storing the name and encodings in mongodb
2022-04-01 06:34:15.050 INFO Train - trainImages: stored all name and encodes in mongodb
2022-04-01 06:34:15.050 INFO Train - trainImages: started loading images and finding their encodings
2022-04-01 06:34:15.050 INFO Train - trainImages: loading image
2022-04-01 06:34:15.051 DEBUG Train - trainImages: /home/vikasjoshis001/Desktop/Gestures/images_to_train/fedsgfvdhg-2022-04-01 06:29:54.369493/fedsgfvdhg.0c47a2ae-b157-11ec-ae44-cb6983774605.jpeg
2022-04-01 06:34:15.051 INFO Train - trainImages: loading image done
2022-04-01 06:34:15.051 INFO Train - trainImages: finding the encoding of image
2022-04-01 06:34:15.131 INFO Train - trainImages: finding encoding of image is done
2022-04-01 06:34:15.132 INFO Train - trainImages: loading image
2022-04-01 06:34:15.132 DEBUG Train - trainImages: /home/vikasjoshis001/Desktop/Gestures/images_to_train/fedsgfvdhg-2022-04-01 06:29:54.369493/fedsgfvdhg.0c47a2af-b157-11ec-ae44-cb6983774605.jpeg
2022-04-01 06:34:15.133 INFO Train - trainImages: loading image done
2022-04-01 06:34:15.133 INFO Train - trainImages: finding the encoding of image
2022-04-01 06:34:15.214 INFO Train - trainImages: finding encoding of image is done
2022-04-01 06:34:15.214 INFO Train - trainImages: loading image
2022-04-01 06:34:15.215 DEBUG Train - trainImages: /home/vikasjoshis001/Desktop/Gestures/images_to_train/fedsgfvdhg-2022-04-01 06:29:54.369493/fedsgfvdhg.0b0382a1-b157-11ec-ae44-cb6983774605.jpeg
2022-04-01 06:34:15.215 INFO Train - trainImages: loading image done
2022-04-01 06:34:15.215 INFO Train - trainImages: finding the encoding of image
2022-04-01 06:34:15.296 INFO Train - trainImages: finding encoding of image is done
2022-04-01 06:34:15.296 INFO Train - trainImages: loading image
2022-04-01 06:34:15.297 DEBUG Train - trainImages: /home/vikasjoshis001/Desktop/Gestures/images_to_train/fedsgfvdhg-2022-04-01 06:29:54.369493/fedsgfvdhg.0b0382a0-b157-11ec-ae44-cb6983774605.jpeg
2022-04-01 06:34:15.297 INFO Train - trainImages: loading image done
2022-04-01 06:34:15.297 INFO Train - trainImages: finding the encoding of image
2022-04-01 06:34:15.377 INFO Train - trainImages: finding encoding of image is done
2022-04-01 06:34:15.378 INFO Train - trainImages: loading image
2022-04-01 06:34:15.379 DEBUG Train - trainImages: /home/vikasjoshis001/Desktop/Gestures/images_to_train/fedsgfvdhg-2022-04-01 06:29:54.369493/fedsgfvdhg.0d7c29f6-b157-11ec-ae44-cb6983774605.jpeg
2022-04-01 06:34:15.379 INFO Train - trainImages: loading image done
2022-04-01 06:34:15.379 INFO Train - trainImages: finding the encoding of image
2022-04-01 06:34:15.458 INFO Train - trainImages: finding encoding of image is done
2022-04-01 06:34:15.458 INFO Train - trainImages: getting average of encodings of loaded images
2022-04-01 06:34:15.459 INFO Train - trainImages: done with getting average encodings
2022-04-01 06:34:15.459 INFO Train - trainImages: storing the name and encoding in local dictionary
2022-04-01 06:34:15.459 INFO Train - trainImages: stored name and encodes in local dictionary
2022-04-01 06:34:15.459 INFO Train - trainImages: storing the name and encodings in mongodb
2022-04-01 06:34:15.459 INFO Train - trainImages: stored all name and encodes in mongodb
2022-04-01 06:34:15.459 INFO Train - trainImages: started loading images and finding their encodings
2022-04-01 06:34:15.460 INFO Train - trainImages: loading image
2022-04-01 06:34:15.460 DEBUG Train - trainImages: /home/vikasjoshis001/Desktop/Gestures/images_to_train/Vikasafd-2022-04-01 06:18:02.414298/Vikasafd.63ec76ee-b155-11ec-ae44-cb6983774605.jpeg
2022-04-01 06:34:15.461 INFO Train - trainImages: loading image done
2022-04-01 06:34:15.461 INFO Train - trainImages: finding the encoding of image
2022-04-01 06:34:15.542 INFO Train - trainImages: finding encoding of image is done
2022-04-01 06:34:15.542 INFO Train - trainImages: loading image
2022-04-01 06:34:15.543 DEBUG Train - trainImages: /home/vikasjoshis001/Desktop/Gestures/images_to_train/Vikasafd-2022-04-01 06:18:02.414298/Vikasafd.6520d1ae-b155-11ec-ae44-cb6983774605.jpeg
2022-04-01 06:34:15.543 INFO Train - trainImages: loading image done
2022-04-01 06:34:15.543 INFO Train - trainImages: finding the encoding of image
2022-04-01 06:34:15.624 INFO Train - trainImages: finding encoding of image is done
2022-04-01 06:34:15.625 INFO Train - trainImages: loading image
2022-04-01 06:34:15.626 DEBUG Train - trainImages: /home/vikasjoshis001/Desktop/Gestures/images_to_train/Vikasafd-2022-04-01 06:18:02.414298/Vikasafd.62a72799-b155-11ec-ae44-cb6983774605.jpeg
2022-04-01 06:34:15.626 INFO Train - trainImages: loading image done
2022-04-01 06:34:15.626 INFO Train - trainImages: finding the encoding of image
2022-04-01 06:34:15.707 INFO Train - trainImages: finding encoding of image is done
2022-04-01 06:34:15.707 INFO Train - trainImages: loading image
2022-04-01 06:34:15.708 DEBUG Train - trainImages: /home/vikasjoshis001/Desktop/Gestures/images_to_train/Vikasafd-2022-04-01 06:18:02.414298/Vikasafd.63ec76ef-b155-11ec-ae44-cb6983774605.jpeg
2022-04-01 06:34:15.708 INFO Train - trainImages: loading image done
2022-04-01 06:34:15.708 INFO Train - trainImages: finding the encoding of image
2022-04-01 06:34:15.789 INFO Train - trainImages: finding encoding of image is done
2022-04-01 06:34:15.789 INFO Train - trainImages: loading image
2022-04-01 06:34:15.790 DEBUG Train - trainImages: /home/vikasjoshis001/Desktop/Gestures/images_to_train/Vikasafd-2022-04-01 06:18:02.414298/Vikasafd.62a72798-b155-11ec-ae44-cb6983774605.jpeg
2022-04-01 06:34:15.790 INFO Train - trainImages: loading image done
2022-04-01 06:34:15.790 INFO Train - trainImages: finding the encoding of image
2022-04-01 06:34:15.873 INFO Train - trainImages: finding encoding of image is done
2022-04-01 06:34:15.873 INFO Train - trainImages: getting average of encodings of loaded images
2022-04-01 06:34:15.874 INFO Train - trainImages: done with getting average encodings
2022-04-01 06:34:15.874 INFO Train - trainImages: storing the name and encoding in local dictionary
2022-04-01 06:34:15.874 INFO Train - trainImages: stored name and encodes in local dictionary
2022-04-01 06:34:15.874 INFO Train - trainImages: storing the name and encodings in mongodb
2022-04-01 06:34:15.874 INFO Train - trainImages: stored all name and encodes in mongodb
2022-04-01 06:34:15.874 INFO Train - trainImages: started loading images and finding their encodings
2022-04-01 06:34:15.874 INFO Train - trainImages: loading image
2022-04-01 06:34:15.875 DEBUG Train - trainImages: /home/vikasjoshis001/Desktop/Gestures/images_to_train/cersie lannister/index3.jpeg
2022-04-01 06:34:15.875 INFO Train - trainImages: loading image done
2022-04-01 06:34:15.875 INFO Train - trainImages: finding the encoding of image
2022-04-01 06:34:15.944 INFO Train - trainImages: finding encoding of image is done
2022-04-01 06:34:15.944 INFO Train - trainImages: loading image
2022-04-01 06:34:15.945 DEBUG Train - trainImages: /home/vikasjoshis001/Desktop/Gestures/images_to_train/cersie lannister/index5.jpeg
2022-04-01 06:34:15.945 INFO Train - trainImages: loading image done
2022-04-01 06:34:15.945 INFO Train - trainImages: finding the encoding of image
2022-04-01 06:34:16.011 INFO Train - trainImages: finding encoding of image is done
2022-04-01 06:34:16.011 INFO Train - trainImages: loading image
2022-04-01 06:34:16.012 DEBUG Train - trainImages: /home/vikasjoshis001/Desktop/Gestures/images_to_train/cersie lannister/index2.jpeg
2022-04-01 06:34:16.012 INFO Train - trainImages: loading image done
2022-04-01 06:34:16.012 INFO Train - trainImages: finding the encoding of image
2022-04-01 06:34:16.080 INFO Train - trainImages: finding encoding of image is done
2022-04-01 06:34:16.081 INFO Train - trainImages: loading image
2022-04-01 06:34:16.081 DEBUG Train - trainImages: /home/vikasjoshis001/Desktop/Gestures/images_to_train/cersie lannister/index4.jpeg
2022-04-01 06:34:16.081 INFO Train - trainImages: loading image done
2022-04-01 06:34:16.081 INFO Train - trainImages: finding the encoding of image
2022-04-01 06:34:16.150 INFO Train - trainImages: finding encoding of image is done
2022-04-01 06:34:16.150 INFO Train - trainImages: getting average of encodings of loaded images
2022-04-01 06:34:16.150 INFO Train - trainImages: done with getting average encodings
2022-04-01 06:34:16.150 INFO Train - trainImages: storing the name and encoding in local dictionary
2022-04-01 06:34:16.150 INFO Train - trainImages: stored name and encodes in local dictionary
2022-04-01 06:34:16.150 INFO Train - trainImages: storing the name and encodings in mongodb
2022-04-01 06:34:16.151 INFO Train - trainImages: stored all name and encodes in mongodb
2022-04-01 06:34:16.151 INFO Train - trainImages: started loading images and finding their encodings
2022-04-01 06:34:16.151 INFO Train - trainImages: loading image
2022-04-01 06:34:16.154 DEBUG Train - trainImages: /home/vikasjoshis001/Desktop/Gestures/images_to_train/Vikas-2022-03-31 13:17:26.260103/Vikas.d18bc824-b0c6-11ec-95c9-353773ec36e1.jpeg
2022-04-01 06:34:16.154 INFO Train - trainImages: loading image done
2022-04-01 06:34:16.154 INFO Train - trainImages: finding the encoding of image
2022-04-01 06:34:16.336 INFO Train - trainImages: finding encoding of image is done
2022-04-01 06:34:16.336 INFO Train - trainImages: loading image
2022-04-01 06:34:16.338 DEBUG Train - trainImages: /home/vikasjoshis001/Desktop/Gestures/images_to_train/Vikas-2022-03-31 13:17:26.260103/Vikas.d056c17b-b0c6-11ec-95c9-353773ec36e1.jpeg
2022-04-01 06:34:16.339 INFO Train - trainImages: loading image done
2022-04-01 06:34:16.339 INFO Train - trainImages: finding the encoding of image
2022-04-01 06:34:16.520 INFO Train - trainImages: finding encoding of image is done
2022-04-01 06:34:16.520 INFO Train - trainImages: loading image
2022-04-01 06:34:16.522 DEBUG Train - trainImages: /home/vikasjoshis001/Desktop/Gestures/images_to_train/Vikas-2022-03-31 13:17:26.260103/Vikas.cf0c4b78-b0c6-11ec-95c9-353773ec36e1.jpeg
2022-04-01 06:34:16.523 INFO Train - trainImages: loading image done
2022-04-01 06:34:16.523 INFO Train - trainImages: finding the encoding of image
2022-04-01 06:34:16.703 INFO Train - trainImages: finding encoding of image is done
2022-04-01 06:34:16.703 INFO Train - trainImages: loading image
2022-04-01 06:34:16.706 DEBUG Train - trainImages: /home/vikasjoshis001/Desktop/Gestures/images_to_train/Vikas-2022-03-31 13:17:26.260103/Vikas.cf0c4b79-b0c6-11ec-95c9-353773ec36e1.jpeg
2022-04-01 06:34:16.706 INFO Train - trainImages: loading image done
2022-04-01 06:34:16.706 INFO Train - trainImages: finding the encoding of image
2022-04-01 06:34:16.886 INFO Train - trainImages: finding encoding of image is done
2022-04-01 06:34:16.887 INFO Train - trainImages: loading image
2022-04-01 06:34:16.889 DEBUG Train - trainImages: /home/vikasjoshis001/Desktop/Gestures/images_to_train/Vikas-2022-03-31 13:17:26.260103/Vikas.d056c17a-b0c6-11ec-95c9-353773ec36e1.jpeg
2022-04-01 06:34:16.889 INFO Train - trainImages: loading image done
2022-04-01 06:34:16.889 INFO Train - trainImages: finding the encoding of image
2022-04-01 06:34:17.069 INFO Train - trainImages: finding encoding of image is done
2022-04-01 06:34:17.070 INFO Train - trainImages: getting average of encodings of loaded images
2022-04-01 06:34:17.070 INFO Train - trainImages: done with getting average encodings
2022-04-01 06:34:17.070 INFO Train - trainImages: storing the name and encoding in local dictionary
2022-04-01 06:34:17.070 INFO Train - trainImages: stored name and encodes in local dictionary
2022-04-01 06:34:17.070 INFO Train - trainImages: storing the name and encodings in mongodb
2022-04-01 06:34:17.071 INFO Train - trainImages: stored all name and encodes in mongodb
2022-04-01 06:34:17.071 INFO Train - trainImages: started loading images and finding their encodings
2022-04-01 06:34:17.071 INFO Train - trainImages: loading image
2022-04-01 06:34:17.072 DEBUG Train - trainImages: /home/vikasjoshis001/Desktop/Gestures/images_to_train/king in the north/index.jpeg
2022-04-01 06:34:17.072 INFO Train - trainImages: loading image done
2022-04-01 06:34:17.072 INFO Train - trainImages: finding the encoding of image
2022-04-01 06:34:17.141 INFO Train - trainImages: finding encoding of image is done
2022-04-01 06:34:17.141 INFO Train - trainImages: loading image
2022-04-01 06:34:17.142 DEBUG Train - trainImages: /home/vikasjoshis001/Desktop/Gestures/images_to_train/king in the north/index3.jpeg
2022-04-01 06:34:17.142 INFO Train - trainImages: loading image done
2022-04-01 06:34:17.142 INFO Train - trainImages: finding the encoding of image
2022-04-01 06:34:17.212 INFO Train - trainImages: finding encoding of image is done
2022-04-01 06:34:17.212 INFO Train - trainImages: loading image
2022-04-01 06:34:17.213 DEBUG Train - trainImages: /home/vikasjoshis001/Desktop/Gestures/images_to_train/king in the north/index5.jpeg
2022-04-01 06:34:17.213 INFO Train - trainImages: loading image done
2022-04-01 06:34:17.213 INFO Train - trainImages: finding the encoding of image
2022-04-01 06:34:17.282 INFO Train - trainImages: finding encoding of image is done
2022-04-01 06:34:17.282 INFO Train - trainImages: loading image
2022-04-01 06:34:17.283 DEBUG Train - trainImages: /home/vikasjoshis001/Desktop/Gestures/images_to_train/king in the north/index2.jpeg
2022-04-01 06:34:17.283 INFO Train - trainImages: loading image done
2022-04-01 06:34:17.283 INFO Train - trainImages: finding the encoding of image
2022-04-01 06:34:17.352 INFO Train - trainImages: finding encoding of image is done
2022-04-01 06:34:17.352 INFO Train - trainImages: loading image
2022-04-01 06:34:17.354 DEBUG Train - trainImages: /home/vikasjoshis001/Desktop/Gestures/images_to_train/king in the north/index4.jpeg
2022-04-01 06:34:17.354 INFO Train - trainImages: loading image done
2022-04-01 06:34:17.354 INFO Train - trainImages: finding the encoding of image
2022-04-01 06:34:17.424 INFO Train - trainImages: finding encoding of image is done
2022-04-01 06:34:17.425 INFO Train - trainImages: getting average of encodings of loaded images
2022-04-01 06:34:17.425 INFO Train - trainImages: done with getting average encodings
2022-04-01 06:34:17.425 INFO Train - trainImages: storing the name and encoding in local dictionary
2022-04-01 06:34:17.425 INFO Train - trainImages: stored name and encodes in local dictionary
2022-04-01 06:34:17.425 INFO Train - trainImages: storing the name and encodings in mongodb
2022-04-01 06:34:17.426 INFO Train - trainImages: stored all name and encodes in mongodb
2022-04-01 06:34:17.426 INFO Train - trainImages: started loading images and finding their encodings
2022-04-01 06:34:17.426 INFO Train - trainImages: loading image
2022-04-01 06:34:17.427 DEBUG Train - trainImages: /home/vikasjoshis001/Desktop/Gestures/images_to_train/fdsfg-2022-04-01 06:31:00.007557/fdsfg.3222a709-b157-11ec-ae44-cb6983774605.jpeg
2022-04-01 06:34:17.427 INFO Train - trainImages: loading image done
2022-04-01 06:34:17.427 INFO Train - trainImages: finding the encoding of image
2022-04-01 06:34:17.508 INFO Train - trainImages: finding encoding of image is done
2022-04-01 06:34:17.508 INFO Train - trainImages: loading image
2022-04-01 06:34:17.509 DEBUG Train - trainImages: /home/vikasjoshis001/Desktop/Gestures/images_to_train/fdsfg-2022-04-01 06:31:00.007557/fdsfg.33671982-b157-11ec-ae44-cb6983774605.jpeg
2022-04-01 06:34:17.509 INFO Train - trainImages: loading image done
2022-04-01 06:34:17.509 INFO Train - trainImages: finding the encoding of image
2022-04-01 06:34:17.591 INFO Train - trainImages: finding encoding of image is done
2022-04-01 06:34:17.591 INFO Train - trainImages: loading image
2022-04-01 06:34:17.592 DEBUG Train - trainImages: /home/vikasjoshis001/Desktop/Gestures/images_to_train/fdsfg-2022-04-01 06:31:00.007557/fdsfg.33671983-b157-11ec-ae44-cb6983774605.jpeg
2022-04-01 06:34:17.592 INFO Train - trainImages: loading image done
2022-04-01 06:34:17.592 INFO Train - trainImages: finding the encoding of image
2022-04-01 06:34:17.673 INFO Train - trainImages: finding encoding of image is done
2022-04-01 06:34:17.673 INFO Train - trainImages: loading image
2022-04-01 06:34:17.674 DEBUG Train - trainImages: /home/vikasjoshis001/Desktop/Gestures/images_to_train/fdsfg-2022-04-01 06:31:00.007557/fdsfg.349ba318-b157-11ec-ae44-cb6983774605.jpeg
2022-04-01 06:34:17.674 INFO Train - trainImages: loading image done
2022-04-01 06:34:17.674 INFO Train - trainImages: finding the encoding of image
2022-04-01 06:34:17.754 INFO Train - trainImages: finding encoding of image is done
2022-04-01 06:34:17.755 INFO Train - trainImages: loading image
2022-04-01 06:34:17.755 DEBUG Train - trainImages: /home/vikasjoshis001/Desktop/Gestures/images_to_train/fdsfg-2022-04-01 06:31:00.007557/fdsfg.3222a708-b157-11ec-ae44-cb6983774605.jpeg
2022-04-01 06:34:17.756 INFO Train - trainImages: loading image done
2022-04-01 06:34:17.756 INFO Train - trainImages: finding the encoding of image
2022-04-01 06:34:17.836 INFO Train - trainImages: finding encoding of image is done
2022-04-01 06:34:17.836 INFO Train - trainImages: getting average of encodings of loaded images
2022-04-01 06:34:17.836 INFO Train - trainImages: done with getting average encodings
2022-04-01 06:34:17.836 INFO Train - trainImages: storing the name and encoding in local dictionary
2022-04-01 06:34:17.836 INFO Train - trainImages: stored name and encodes in local dictionary
2022-04-01 06:34:17.836 INFO Train - trainImages: storing the name and encodings in mongodb
2022-04-01 06:34:17.837 INFO Train - trainImages: stored all name and encodes in mongodb
2022-04-01 06:34:17.837 INFO Train - trainImages: started loading images and finding their encodings
2022-04-01 06:34:17.837 INFO Train - trainImages: loading image
2022-04-01 06:34:17.838 DEBUG Train - trainImages: /home/vikasjoshis001/Desktop/Gestures/images_to_train/UIO-2022-04-01 06:08:24.896094/UIO.0a6d3245-b154-11ec-ae44-cb6983774605.jpeg
2022-04-01 06:34:17.838 INFO Train - trainImages: loading image done
2022-04-01 06:34:17.838 INFO Train - trainImages: finding the encoding of image
2022-04-01 06:34:17.922 INFO Train - trainImages: finding encoding of image is done
2022-04-01 06:34:17.922 INFO Train - trainImages: loading image
2022-04-01 06:34:17.923 DEBUG Train - trainImages: /home/vikasjoshis001/Desktop/Gestures/images_to_train/UIO-2022-04-01 06:08:24.896094/UIO.0bbc7cb9-b154-11ec-ae44-cb6983774605.jpeg
2022-04-01 06:34:17.923 INFO Train - trainImages: loading image done
2022-04-01 06:34:17.923 INFO Train - trainImages: finding the encoding of image
2022-04-01 06:34:18.005 INFO Train - trainImages: finding encoding of image is done
2022-04-01 06:34:18.005 INFO Train - trainImages: loading image
2022-04-01 06:34:18.006 DEBUG Train - trainImages: /home/vikasjoshis001/Desktop/Gestures/images_to_train/UIO-2022-04-01 06:08:24.896094/UIO.0bbc7cb8-b154-11ec-ae44-cb6983774605.jpeg
2022-04-01 06:34:18.006 INFO Train - trainImages: loading image done
2022-04-01 06:34:18.006 INFO Train - trainImages: finding the encoding of image
2022-04-01 06:34:18.087 INFO Train - trainImages: finding encoding of image is done
2022-04-01 06:34:18.087 INFO Train - trainImages: loading image
2022-04-01 06:34:18.088 DEBUG Train - trainImages: /home/vikasjoshis001/Desktop/Gestures/images_to_train/UIO-2022-04-01 06:08:24.896094/UIO.0a6d3244-b154-11ec-ae44-cb6983774605.jpeg
2022-04-01 06:34:18.088 INFO Train - trainImages: loading image done
2022-04-01 06:34:18.088 INFO Train - trainImages: finding the encoding of image
2022-04-01 06:34:18.169 INFO Train - trainImages: finding encoding of image is done
2022-04-01 06:34:18.170 INFO Train - trainImages: loading image
2022-04-01 06:34:18.171 DEBUG Train - trainImages: /home/vikasjoshis001/Desktop/Gestures/images_to_train/UIO-2022-04-01 06:08:24.896094/UIO.0cf136d2-b154-11ec-ae44-cb6983774605.jpeg
2022-04-01 06:34:18.171 INFO Train - trainImages: loading image done
2022-04-01 06:34:18.171 INFO Train - trainImages: finding the encoding of image
2022-04-01 06:34:18.251 INFO Train - trainImages: finding encoding of image is done
2022-04-01 06:34:18.251 INFO Train - trainImages: getting average of encodings of loaded images
2022-04-01 06:34:18.251 INFO Train - trainImages: done with getting average encodings
2022-04-01 06:34:18.251 INFO Train - trainImages: storing the name and encoding in local dictionary
2022-04-01 06:34:18.251 INFO Train - trainImages: stored name and encodes in local dictionary
2022-04-01 06:34:18.251 INFO Train - trainImages: storing the name and encodings in mongodb
2022-04-01 06:34:18.252 INFO Train - trainImages: stored all name and encodes in mongodb
2022-04-01 06:34:18.253 INFO Train - trainImages: started loading images and finding their encodings
2022-04-01 06:34:18.253 INFO Train - trainImages: loading image
2022-04-01 06:34:18.253 DEBUG Train - trainImages: /home/vikasjoshis001/Desktop/Gestures/images_to_train/arya stark/index.jpeg
2022-04-01 06:34:18.253 INFO Train - trainImages: loading image done
2022-04-01 06:34:18.253 INFO Train - trainImages: finding the encoding of image
2022-04-01 06:34:18.324 INFO Train - trainImages: finding encoding of image is done
2022-04-01 06:34:18.324 INFO Train - trainImages: loading image
2022-04-01 06:34:18.325 DEBUG Train - trainImages: /home/vikasjoshis001/Desktop/Gestures/images_to_train/arya stark/index3.jpeg
2022-04-01 06:34:18.325 INFO Train - trainImages: loading image done
2022-04-01 06:34:18.325 INFO Train - trainImages: finding the encoding of image
2022-04-01 06:34:18.394 INFO Train - trainImages: finding encoding of image is done
2022-04-01 06:34:18.394 INFO Train - trainImages: loading image
2022-04-01 06:34:18.395 DEBUG Train - trainImages: /home/vikasjoshis001/Desktop/Gestures/images_to_train/arya stark/index5.jpeg
2022-04-01 06:34:18.395 INFO Train - trainImages: loading image done
2022-04-01 06:34:18.395 INFO Train - trainImages: finding the encoding of image
2022-04-01 06:34:18.466 INFO Train - trainImages: finding encoding of image is done
2022-04-01 06:34:18.466 INFO Train - trainImages: loading image
2022-04-01 06:34:18.467 DEBUG Train - trainImages: /home/vikasjoshis001/Desktop/Gestures/images_to_train/arya stark/index2.jpeg
2022-04-01 06:34:18.467 INFO Train - trainImages: loading image done
2022-04-01 06:34:18.467 INFO Train - trainImages: finding the encoding of image
2022-04-01 06:34:18.537 INFO Train - trainImages: finding encoding of image is done
2022-04-01 06:34:18.537 INFO Train - trainImages: loading image
2022-04-01 06:34:18.538 DEBUG Train - trainImages: /home/vikasjoshis001/Desktop/Gestures/images_to_train/arya stark/images4.jpeg
2022-04-01 06:34:18.538 INFO Train - trainImages: loading image done
2022-04-01 06:34:18.538 INFO Train - trainImages: finding the encoding of image
2022-04-01 06:34:18.606 INFO Train - trainImages: finding encoding of image is done
2022-04-01 06:34:18.606 INFO Train - trainImages: getting average of encodings of loaded images
2022-04-01 06:34:18.606 INFO Train - trainImages: done with getting average encodings
2022-04-01 06:34:18.606 INFO Train - trainImages: storing the name and encoding in local dictionary
2022-04-01 06:34:18.606 INFO Train - trainImages: stored name and encodes in local dictionary
2022-04-01 06:34:18.606 INFO Train - trainImages: storing the name and encodings in mongodb
2022-04-01 06:34:18.607 INFO Train - trainImages: stored all name and encodes in mongodb
2022-04-01 06:34:18.607 INFO Train - trainImages: started loading images and finding their encodings
2022-04-01 06:34:18.607 INFO Train - trainImages: loading image
2022-04-01 06:34:18.608 DEBUG Train - trainImages: /home/vikasjoshis001/Desktop/Gestures/images_to_train/bgcnhgnvbngh-2022-04-01 06:34:02.139502/bgcnhgnvbngh.a134ebc4-b157-11ec-ae44-cb6983774605.jpeg
2022-04-01 06:34:18.608 INFO Train - trainImages: loading image done
2022-04-01 06:34:18.608 INFO Train - trainImages: finding the encoding of image
2022-04-01 06:34:18.689 INFO Train - trainImages: finding encoding of image is done
2022-04-01 06:34:18.689 INFO Train - trainImages: loading image
2022-04-01 06:34:18.690 DEBUG Train - trainImages: /home/vikasjoshis001/Desktop/Gestures/images_to_train/bgcnhgnvbngh-2022-04-01 06:34:02.139502/bgcnhgnvbngh.9fff80f2-b157-11ec-ae44-cb6983774605.jpeg
2022-04-01 06:34:18.690 INFO Train - trainImages: loading image done
2022-04-01 06:34:18.690 INFO Train - trainImages: finding the encoding of image
2022-04-01 06:34:18.772 INFO Train - trainImages: finding encoding of image is done
2022-04-01 06:34:18.772 INFO Train - trainImages: loading image
2022-04-01 06:34:18.773 DEBUG Train - trainImages: /home/vikasjoshis001/Desktop/Gestures/images_to_train/bgcnhgnvbngh-2022-04-01 06:34:02.139502/bgcnhgnvbngh.9eb230f1-b157-11ec-ae44-cb6983774605.jpeg
2022-04-01 06:34:18.773 INFO Train - trainImages: loading image done
2022-04-01 06:34:18.773 INFO Train - trainImages: finding the encoding of image
2022-04-01 06:34:18.854 INFO Train - trainImages: finding encoding of image is done
2022-04-01 06:34:18.854 INFO Train - trainImages: loading image
2022-04-01 06:34:18.855 DEBUG Train - trainImages: /home/vikasjoshis001/Desktop/Gestures/images_to_train/bgcnhgnvbngh-2022-04-01 06:34:02.139502/bgcnhgnvbngh.9fff80f3-b157-11ec-ae44-cb6983774605.jpeg
2022-04-01 06:34:18.855 INFO Train - trainImages: loading image done
2022-04-01 06:34:18.855 INFO Train - trainImages: finding the encoding of image
2022-04-01 06:34:18.936 INFO Train - trainImages: finding encoding of image is done
2022-04-01 06:34:18.936 INFO Train - trainImages: loading image
2022-04-01 06:34:18.937 DEBUG Train - trainImages: /home/vikasjoshis001/Desktop/Gestures/images_to_train/bgcnhgnvbngh-2022-04-01 06:34:02.139502/bgcnhgnvbngh.9eb230f0-b157-11ec-ae44-cb6983774605.jpeg
2022-04-01 06:34:18.937 INFO Train - trainImages: loading image done
2022-04-01 06:34:18.937 INFO Train - trainImages: finding the encoding of image
2022-04-01 06:34:19.018 INFO Train - trainImages: finding encoding of image is done
2022-04-01 06:34:19.018 INFO Train - trainImages: getting average of encodings of loaded images
2022-04-01 06:34:19.018 INFO Train - trainImages: done with getting average encodings
2022-04-01 06:34:19.018 INFO Train - trainImages: storing the name and encoding in local dictionary
2022-04-01 06:34:19.018 INFO Train - trainImages: stored name and encodes in local dictionary
2022-04-01 06:34:19.018 INFO Train - trainImages: storing the name and encodings in mongodb
2022-04-01 06:34:19.019 INFO Train - trainImages: stored all name and encodes in mongodb
