2022-04-01 06:30:05.893 INFO Train - trainImages: MongoDB database connected successfully
2022-04-01 06:30:05.896 INFO Train - trainImages: collected all folders in known_people folder
2022-04-01 06:30:05.896 DEBUG Train - trainImages: ['tyrion lannister', 'denerys targeryan', 'Hello-2022-04-01 06:06:43.242173', 'fedsgfvdhg-2022-04-01 06:29:54.369493', 'Vikasafd-2022-04-01 06:18:02.414298', 'cersie lannister', 'Vikas-2022-03-31 13:17:26.260103', 'king in the north', 'UIO-2022-04-01 06:08:24.896094', 'arya stark']
2022-04-01 06:30:05.897 INFO Train - trainImages: collected all images from all folders in known_people folder
2022-04-01 06:30:05.898 DEBUG Train - trainImages: [['/home/vikasjoshis001/Desktop/Gestures/images_to_train/tyrion lannister/images5.jpeg', '/home/vikasjoshis001/Desktop/Gestures/images_to_train/tyrion lannister/index3.jpeg', '/home/vikasjoshis001/Desktop/Gestures/images_to_train/tyrion lannister/index1.jpeg', '/home/vikasjoshis001/Desktop/Gestures/images_to_train/tyrion lannister/index2.jpeg', '/home/vikasjoshis001/Desktop/Gestures/images_to_train/tyrion lannister/index4.jpeg'], ['/home/vikasjoshis001/Desktop/Gestures/images_to_train/denerys targeryan/index3.jpeg', '/home/vikasjoshis001/Desktop/Gestures/images_to_train/denerys targeryan/index5.jpeg', '/home/vikasjoshis001/Desktop/Gestures/images_to_train/denerys targeryan/index1.jpeg', '/home/vikasjoshis001/Desktop/Gestures/images_to_train/denerys targeryan/index2.jpeg', '/home/vikasjoshis001/Desktop/Gestures/images_to_train/denerys targeryan/index4.jpeg'], ['/home/vikasjoshis001/Desktop/Gestures/images_to_train/Hello-2022-04-01 06:06:43.242173/Hello.cdd62f53-b153-11ec-ae44-cb6983774605.jpeg', '/home/vikasjoshis001/Desktop/Gestures/images_to_train/Hello-2022-04-01 06:06:43.242173/Hello.cf21c952-b153-11ec-ae44-cb6983774605.jpeg', '/home/vikasjoshis001/Desktop/Gestures/images_to_train/Hello-2022-04-01 06:06:43.242173/Hello.d0570634-b153-11ec-ae44-cb6983774605.jpeg', '/home/vikasjoshis001/Desktop/Gestures/images_to_train/Hello-2022-04-01 06:06:43.242173/Hello.cdd62f52-b153-11ec-ae44-cb6983774605.jpeg', '/home/vikasjoshis001/Desktop/Gestures/images_to_train/Hello-2022-04-01 06:06:43.242173/Hello.cf21c953-b153-11ec-ae44-cb6983774605.jpeg'], ['/home/vikasjoshis001/Desktop/Gestures/images_to_train/fedsgfvdhg-2022-04-01 06:29:54.369493/fedsgfvdhg.0c47a2ae-b157-11ec-ae44-cb6983774605.jpeg', '/home/vikasjoshis001/Desktop/Gestures/images_to_train/fedsgfvdhg-2022-04-01 06:29:54.369493/fedsgfvdhg.0c47a2af-b157-11ec-ae44-cb6983774605.jpeg', '/home/vikasjoshis001/Desktop/Gestures/images_to_train/fedsgfvdhg-2022-04-01 06:29:54.369493/fedsgfvdhg.0b0382a1-b157-11ec-ae44-cb6983774605.jpeg', '/home/vikasjoshis001/Desktop/Gestures/images_to_train/fedsgfvdhg-2022-04-01 06:29:54.369493/fedsgfvdhg.0b0382a0-b157-11ec-ae44-cb6983774605.jpeg', '/home/vikasjoshis001/Desktop/Gestures/images_to_train/fedsgfvdhg-2022-04-01 06:29:54.369493/fedsgfvdhg.0d7c29f6-b157-11ec-ae44-cb6983774605.jpeg'], ['/home/vikasjoshis001/Desktop/Gestures/images_to_train/Vikasafd-2022-04-01 06:18:02.414298/Vikasafd.63ec76ee-b155-11ec-ae44-cb6983774605.jpeg', '/home/vikasjoshis001/Desktop/Gestures/images_to_train/Vikasafd-2022-04-01 06:18:02.414298/Vikasafd.6520d1ae-b155-11ec-ae44-cb6983774605.jpeg', '/home/vikasjoshis001/Desktop/Gestures/images_to_train/Vikasafd-2022-04-01 06:18:02.414298/Vikasafd.62a72799-b155-11ec-ae44-cb6983774605.jpeg', '/home/vikasjoshis001/Desktop/Gestures/images_to_train/Vikasafd-2022-04-01 06:18:02.414298/Vikasafd.63ec76ef-b155-11ec-ae44-cb6983774605.jpeg', '/home/vikasjoshis001/Desktop/Gestures/images_to_train/Vikasafd-2022-04-01 06:18:02.414298/Vikasafd.62a72798-b155-11ec-ae44-cb6983774605.jpeg'], ['/home/vikasjoshis001/Desktop/Gestures/images_to_train/cersie lannister/index3.jpeg', '/home/vikasjoshis001/Desktop/Gestures/images_to_train/cersie lannister/index5.jpeg', '/home/vikasjoshis001/Desktop/Gestures/images_to_train/cersie lannister/index2.jpeg', '/home/vikasjoshis001/Desktop/Gestures/images_to_train/cersie lannister/index4.jpeg'], ['/home/vikasjoshis001/Desktop/Gestures/images_to_train/Vikas-2022-03-31 13:17:26.260103/Vikas.d18bc824-b0c6-11ec-95c9-353773ec36e1.jpeg', '/home/vikasjoshis001/Desktop/Gestures/images_to_train/Vikas-2022-03-31 13:17:26.260103/Vikas.d056c17b-b0c6-11ec-95c9-353773ec36e1.jpeg', '/home/vikasjoshis001/Desktop/Gestures/images_to_train/Vikas-2022-03-31 13:17:26.260103/Vikas.cf0c4b78-b0c6-11ec-95c9-353773ec36e1.jpeg', '/home/vikasjoshis001/Desktop/Gestures/images_to_train/Vikas-2022-03-31 13:17:26.260103/Vikas.cf0c4b79-b0c6-11ec-95c9-353773ec36e1.jpeg', '/home/vikasjoshis001/Desktop/Gestures/images_to_train/Vikas-2022-03-31 13:17:26.260103/Vikas.d056c17a-b0c6-11ec-95c9-353773ec36e1.jpeg'], ['/home/vikasjoshis001/Desktop/Gestures/images_to_train/king in the north/index.jpeg', '/home/vikasjoshis001/Desktop/Gestures/images_to_train/king in the north/index3.jpeg', '/home/vikasjoshis001/Desktop/Gestures/images_to_train/king in the north/index5.jpeg', '/home/vikasjoshis001/Desktop/Gestures/images_to_train/king in the north/index2.jpeg', '/home/vikasjoshis001/Desktop/Gestures/images_to_train/king in the north/index4.jpeg'], ['/home/vikasjoshis001/Desktop/Gestures/images_to_train/UIO-2022-04-01 06:08:24.896094/UIO.0a6d3245-b154-11ec-ae44-cb6983774605.jpeg', '/home/vikasjoshis001/Desktop/Gestures/images_to_train/UIO-2022-04-01 06:08:24.896094/UIO.0bbc7cb9-b154-11ec-ae44-cb6983774605.jpeg', '/home/vikasjoshis001/Desktop/Gestures/images_to_train/UIO-2022-04-01 06:08:24.896094/UIO.0bbc7cb8-b154-11ec-ae44-cb6983774605.jpeg', '/home/vikasjoshis001/Desktop/Gestures/images_to_train/UIO-2022-04-01 06:08:24.896094/UIO.0a6d3244-b154-11ec-ae44-cb6983774605.jpeg', '/home/vikasjoshis001/Desktop/Gestures/images_to_train/UIO-2022-04-01 06:08:24.896094/UIO.0cf136d2-b154-11ec-ae44-cb6983774605.jpeg'], ['/home/vikasjoshis001/Desktop/Gestures/images_to_train/arya stark/index.jpeg', '/home/vikasjoshis001/Desktop/Gestures/images_to_train/arya stark/index3.jpeg', '/home/vikasjoshis001/Desktop/Gestures/images_to_train/arya stark/index5.jpeg', '/home/vikasjoshis001/Desktop/Gestures/images_to_train/arya stark/index2.jpeg', '/home/vikasjoshis001/Desktop/Gestures/images_to_train/arya stark/images4.jpeg']]
2022-04-01 06:30:05.898 INFO Train - trainImages: started loading images and finding their encodings
2022-04-01 06:30:05.898 INFO Train - trainImages: loading image
2022-04-01 06:30:05.906 DEBUG Train - trainImages: /home/vikasjoshis001/Desktop/Gestures/images_to_train/tyrion lannister/images5.jpeg
2022-04-01 06:30:05.906 INFO Train - trainImages: loading image done
2022-04-01 06:30:05.906 INFO Train - trainImages: finding the encoding of image
2022-04-01 06:30:05.992 INFO Train - trainImages: finding encoding of image is done
2022-04-01 06:30:05.992 INFO Train - trainImages: loading image
2022-04-01 06:30:05.992 DEBUG Train - trainImages: /home/vikasjoshis001/Desktop/Gestures/images_to_train/tyrion lannister/index3.jpeg
2022-04-01 06:30:05.992 INFO Train - trainImages: loading image done
2022-04-01 06:30:05.992 INFO Train - trainImages: finding the encoding of image
2022-04-01 06:30:06.059 INFO Train - trainImages: finding encoding of image is done
2022-04-01 06:30:06.060 INFO Train - trainImages: loading image
2022-04-01 06:30:06.060 DEBUG Train - trainImages: /home/vikasjoshis001/Desktop/Gestures/images_to_train/tyrion lannister/index1.jpeg
2022-04-01 06:30:06.060 INFO Train - trainImages: loading image done
2022-04-01 06:30:06.060 INFO Train - trainImages: finding the encoding of image
2022-04-01 06:30:06.128 INFO Train - trainImages: finding encoding of image is done
2022-04-01 06:30:06.128 INFO Train - trainImages: loading image
2022-04-01 06:30:06.129 DEBUG Train - trainImages: /home/vikasjoshis001/Desktop/Gestures/images_to_train/tyrion lannister/index2.jpeg
2022-04-01 06:30:06.129 INFO Train - trainImages: loading image done
2022-04-01 06:30:06.129 INFO Train - trainImages: finding the encoding of image
2022-04-01 06:30:06.197 INFO Train - trainImages: finding encoding of image is done
2022-04-01 06:30:06.197 INFO Train - trainImages: loading image
2022-04-01 06:30:06.197 DEBUG Train - trainImages: /home/vikasjoshis001/Desktop/Gestures/images_to_train/tyrion lannister/index4.jpeg
2022-04-01 06:30:06.198 INFO Train - trainImages: loading image done
2022-04-01 06:30:06.198 INFO Train - trainImages: finding the encoding of image
2022-04-01 06:30:06.265 INFO Train - trainImages: finding encoding of image is done
2022-04-01 06:30:06.265 INFO Train - trainImages: getting average of encodings of loaded images
2022-04-01 06:30:06.265 INFO Train - trainImages: done with getting average encodings
2022-04-01 06:30:06.265 INFO Train - trainImages: storing the name and encoding in local dictionary
2022-04-01 06:30:06.265 INFO Train - trainImages: stored name and encodes in local dictionary
2022-04-01 06:30:06.265 INFO Train - trainImages: storing the name and encodings in mongodb
2022-04-01 06:30:06.266 INFO Train - trainImages: stored all name and encodes in mongodb
2022-04-01 06:30:06.266 INFO Train - trainImages: started loading images and finding their encodings
2022-04-01 06:30:06.267 INFO Train - trainImages: loading image
2022-04-01 06:30:06.267 DEBUG Train - trainImages: /home/vikasjoshis001/Desktop/Gestures/images_to_train/denerys targeryan/index3.jpeg
2022-04-01 06:30:06.267 INFO Train - trainImages: loading image done
2022-04-01 06:30:06.267 INFO Train - trainImages: finding the encoding of image
2022-04-01 06:30:06.335 INFO Train - trainImages: finding encoding of image is done
2022-04-01 06:30:06.335 INFO Train - trainImages: loading image
2022-04-01 06:30:06.336 DEBUG Train - trainImages: /home/vikasjoshis001/Desktop/Gestures/images_to_train/denerys targeryan/index5.jpeg
2022-04-01 06:30:06.336 INFO Train - trainImages: loading image done
2022-04-01 06:30:06.336 INFO Train - trainImages: finding the encoding of image
2022-04-01 06:30:06.406 INFO Train - trainImages: finding encoding of image is done
2022-04-01 06:30:06.406 INFO Train - trainImages: loading image
2022-04-01 06:30:06.407 DEBUG Train - trainImages: /home/vikasjoshis001/Desktop/Gestures/images_to_train/denerys targeryan/index1.jpeg
2022-04-01 06:30:06.407 INFO Train - trainImages: loading image done
2022-04-01 06:30:06.407 INFO Train - trainImages: finding the encoding of image
2022-04-01 06:30:06.489 INFO Train - trainImages: finding encoding of image is done
2022-04-01 06:30:06.489 INFO Train - trainImages: loading image
2022-04-01 06:30:06.490 DEBUG Train - trainImages: /home/vikasjoshis001/Desktop/Gestures/images_to_train/denerys targeryan/index2.jpeg
2022-04-01 06:30:06.490 INFO Train - trainImages: loading image done
2022-04-01 06:30:06.490 INFO Train - trainImages: finding the encoding of image
2022-04-01 06:30:06.562 INFO Train - trainImages: finding encoding of image is done
2022-04-01 06:30:06.562 INFO Train - trainImages: loading image
2022-04-01 06:30:06.563 DEBUG Train - trainImages: /home/vikasjoshis001/Desktop/Gestures/images_to_train/denerys targeryan/index4.jpeg
2022-04-01 06:30:06.563 INFO Train - trainImages: loading image done
2022-04-01 06:30:06.563 INFO Train - trainImages: finding the encoding of image
2022-04-01 06:30:06.630 INFO Train - trainImages: finding encoding of image is done
2022-04-01 06:30:06.630 INFO Train - trainImages: getting average of encodings of loaded images
2022-04-01 06:30:06.630 INFO Train - trainImages: done with getting average encodings
2022-04-01 06:30:06.630 INFO Train - trainImages: storing the name and encoding in local dictionary
2022-04-01 06:30:06.630 INFO Train - trainImages: stored name and encodes in local dictionary
2022-04-01 06:30:06.630 INFO Train - trainImages: storing the name and encodings in mongodb
2022-04-01 06:30:06.631 INFO Train - trainImages: stored all name and encodes in mongodb
2022-04-01 06:30:06.631 INFO Train - trainImages: started loading images and finding their encodings
2022-04-01 06:30:06.631 INFO Train - trainImages: loading image
2022-04-01 06:30:06.632 DEBUG Train - trainImages: /home/vikasjoshis001/Desktop/Gestures/images_to_train/Hello-2022-04-01 06:06:43.242173/Hello.cdd62f53-b153-11ec-ae44-cb6983774605.jpeg
2022-04-01 06:30:06.632 INFO Train - trainImages: loading image done
2022-04-01 06:30:06.632 INFO Train - trainImages: finding the encoding of image
2022-04-01 06:30:06.712 INFO Train - trainImages: finding encoding of image is done
2022-04-01 06:30:06.712 INFO Train - trainImages: loading image
2022-04-01 06:30:06.713 DEBUG Train - trainImages: /home/vikasjoshis001/Desktop/Gestures/images_to_train/Hello-2022-04-01 06:06:43.242173/Hello.cf21c952-b153-11ec-ae44-cb6983774605.jpeg
2022-04-01 06:30:06.713 INFO Train - trainImages: loading image done
2022-04-01 06:30:06.713 INFO Train - trainImages: finding the encoding of image
2022-04-01 06:30:06.793 INFO Train - trainImages: finding encoding of image is done
2022-04-01 06:30:06.793 INFO Train - trainImages: loading image
2022-04-01 06:30:06.794 DEBUG Train - trainImages: /home/vikasjoshis001/Desktop/Gestures/images_to_train/Hello-2022-04-01 06:06:43.242173/Hello.d0570634-b153-11ec-ae44-cb6983774605.jpeg
2022-04-01 06:30:06.794 INFO Train - trainImages: loading image done
2022-04-01 06:30:06.794 INFO Train - trainImages: finding the encoding of image
2022-04-01 06:30:06.874 INFO Train - trainImages: finding encoding of image is done
2022-04-01 06:30:06.874 INFO Train - trainImages: loading image
2022-04-01 06:30:06.875 DEBUG Train - trainImages: /home/vikasjoshis001/Desktop/Gestures/images_to_train/Hello-2022-04-01 06:06:43.242173/Hello.cdd62f52-b153-11ec-ae44-cb6983774605.jpeg
2022-04-01 06:30:06.875 INFO Train - trainImages: loading image done
2022-04-01 06:30:06.875 INFO Train - trainImages: finding the encoding of image
2022-04-01 06:30:06.959 INFO Train - trainImages: finding encoding of image is done
2022-04-01 06:30:06.959 INFO Train - trainImages: loading image
2022-04-01 06:30:06.960 DEBUG Train - trainImages: /home/vikasjoshis001/Desktop/Gestures/images_to_train/Hello-2022-04-01 06:06:43.242173/Hello.cf21c953-b153-11ec-ae44-cb6983774605.jpeg
2022-04-01 06:30:06.960 INFO Train - trainImages: loading image done
2022-04-01 06:30:06.960 INFO Train - trainImages: finding the encoding of image
2022-04-01 06:30:07.041 INFO Train - trainImages: finding encoding of image is done
2022-04-01 06:30:07.041 INFO Train - trainImages: getting average of encodings of loaded images
2022-04-01 06:30:07.041 INFO Train - trainImages: done with getting average encodings
2022-04-01 06:30:07.041 INFO Train - trainImages: storing the name and encoding in local dictionary
2022-04-01 06:30:07.041 INFO Train - trainImages: stored name and encodes in local dictionary
2022-04-01 06:30:07.042 INFO Train - trainImages: storing the name and encodings in mongodb
2022-04-01 06:30:07.042 INFO Train - trainImages: stored all name and encodes in mongodb
2022-04-01 06:30:07.042 INFO Train - trainImages: started loading images and finding their encodings
2022-04-01 06:30:07.042 INFO Train - trainImages: loading image
2022-04-01 06:30:07.043 DEBUG Train - trainImages: /home/vikasjoshis001/Desktop/Gestures/images_to_train/fedsgfvdhg-2022-04-01 06:29:54.369493/fedsgfvdhg.0c47a2ae-b157-11ec-ae44-cb6983774605.jpeg
2022-04-01 06:30:07.043 INFO Train - trainImages: loading image done
2022-04-01 06:30:07.043 INFO Train - trainImages: finding the encoding of image
2022-04-01 06:30:07.124 INFO Train - trainImages: finding encoding of image is done
2022-04-01 06:30:07.124 INFO Train - trainImages: loading image
2022-04-01 06:30:07.125 DEBUG Train - trainImages: /home/vikasjoshis001/Desktop/Gestures/images_to_train/fedsgfvdhg-2022-04-01 06:29:54.369493/fedsgfvdhg.0c47a2af-b157-11ec-ae44-cb6983774605.jpeg
2022-04-01 06:30:07.125 INFO Train - trainImages: loading image done
2022-04-01 06:30:07.125 INFO Train - trainImages: finding the encoding of image
2022-04-01 06:30:07.205 INFO Train - trainImages: finding encoding of image is done
2022-04-01 06:30:07.205 INFO Train - trainImages: loading image
2022-04-01 06:30:07.206 DEBUG Train - trainImages: /home/vikasjoshis001/Desktop/Gestures/images_to_train/fedsgfvdhg-2022-04-01 06:29:54.369493/fedsgfvdhg.0b0382a1-b157-11ec-ae44-cb6983774605.jpeg
2022-04-01 06:30:07.206 INFO Train - trainImages: loading image done
2022-04-01 06:30:07.206 INFO Train - trainImages: finding the encoding of image
2022-04-01 06:30:07.286 INFO Train - trainImages: finding encoding of image is done
2022-04-01 06:30:07.287 INFO Train - trainImages: loading image
2022-04-01 06:30:07.288 DEBUG Train - trainImages: /home/vikasjoshis001/Desktop/Gestures/images_to_train/fedsgfvdhg-2022-04-01 06:29:54.369493/fedsgfvdhg.0b0382a0-b157-11ec-ae44-cb6983774605.jpeg
2022-04-01 06:30:07.288 INFO Train - trainImages: loading image done
2022-04-01 06:30:07.288 INFO Train - trainImages: finding the encoding of image
2022-04-01 06:30:07.368 INFO Train - trainImages: finding encoding of image is done
2022-04-01 06:30:07.368 INFO Train - trainImages: loading image
2022-04-01 06:30:07.369 DEBUG Train - trainImages: /home/vikasjoshis001/Desktop/Gestures/images_to_train/fedsgfvdhg-2022-04-01 06:29:54.369493/fedsgfvdhg.0d7c29f6-b157-11ec-ae44-cb6983774605.jpeg
2022-04-01 06:30:07.369 INFO Train - trainImages: loading image done
2022-04-01 06:30:07.369 INFO Train - trainImages: finding the encoding of image
2022-04-01 06:30:07.450 INFO Train - trainImages: finding encoding of image is done
2022-04-01 06:30:07.450 INFO Train - trainImages: getting average of encodings of loaded images
2022-04-01 06:30:07.450 INFO Train - trainImages: done with getting average encodings
2022-04-01 06:30:07.450 INFO Train - trainImages: storing the name and encoding in local dictionary
2022-04-01 06:30:07.450 INFO Train - trainImages: stored name and encodes in local dictionary
2022-04-01 06:30:07.450 INFO Train - trainImages: storing the name and encodings in mongodb
2022-04-01 06:30:07.451 INFO Train - trainImages: stored all name and encodes in mongodb
2022-04-01 06:30:07.451 INFO Train - trainImages: started loading images and finding their encodings
2022-04-01 06:30:07.451 INFO Train - trainImages: loading image
2022-04-01 06:30:07.452 DEBUG Train - trainImages: /home/vikasjoshis001/Desktop/Gestures/images_to_train/Vikasafd-2022-04-01 06:18:02.414298/Vikasafd.63ec76ee-b155-11ec-ae44-cb6983774605.jpeg
2022-04-01 06:30:07.452 INFO Train - trainImages: loading image done
2022-04-01 06:30:07.452 INFO Train - trainImages: finding the encoding of image
2022-04-01 06:30:07.532 INFO Train - trainImages: finding encoding of image is done
2022-04-01 06:30:07.532 INFO Train - trainImages: loading image
2022-04-01 06:30:07.533 DEBUG Train - trainImages: /home/vikasjoshis001/Desktop/Gestures/images_to_train/Vikasafd-2022-04-01 06:18:02.414298/Vikasafd.6520d1ae-b155-11ec-ae44-cb6983774605.jpeg
2022-04-01 06:30:07.533 INFO Train - trainImages: loading image done
2022-04-01 06:30:07.533 INFO Train - trainImages: finding the encoding of image
2022-04-01 06:30:07.613 INFO Train - trainImages: finding encoding of image is done
2022-04-01 06:30:07.613 INFO Train - trainImages: loading image
2022-04-01 06:30:07.614 DEBUG Train - trainImages: /home/vikasjoshis001/Desktop/Gestures/images_to_train/Vikasafd-2022-04-01 06:18:02.414298/Vikasafd.62a72799-b155-11ec-ae44-cb6983774605.jpeg
2022-04-01 06:30:07.614 INFO Train - trainImages: loading image done
2022-04-01 06:30:07.614 INFO Train - trainImages: finding the encoding of image
2022-04-01 06:30:07.696 INFO Train - trainImages: finding encoding of image is done
2022-04-01 06:30:07.696 INFO Train - trainImages: loading image
2022-04-01 06:30:07.697 DEBUG Train - trainImages: /home/vikasjoshis001/Desktop/Gestures/images_to_train/Vikasafd-2022-04-01 06:18:02.414298/Vikasafd.63ec76ef-b155-11ec-ae44-cb6983774605.jpeg
2022-04-01 06:30:07.697 INFO Train - trainImages: loading image done
2022-04-01 06:30:07.697 INFO Train - trainImages: finding the encoding of image
2022-04-01 06:30:07.777 INFO Train - trainImages: finding encoding of image is done
2022-04-01 06:30:07.778 INFO Train - trainImages: loading image
2022-04-01 06:30:07.779 DEBUG Train - trainImages: /home/vikasjoshis001/Desktop/Gestures/images_to_train/Vikasafd-2022-04-01 06:18:02.414298/Vikasafd.62a72798-b155-11ec-ae44-cb6983774605.jpeg
2022-04-01 06:30:07.779 INFO Train - trainImages: loading image done
2022-04-01 06:30:07.779 INFO Train - trainImages: finding the encoding of image
2022-04-01 06:30:07.861 INFO Train - trainImages: finding encoding of image is done
2022-04-01 06:30:07.861 INFO Train - trainImages: getting average of encodings of loaded images
2022-04-01 06:30:07.861 INFO Train - trainImages: done with getting average encodings
2022-04-01 06:30:07.861 INFO Train - trainImages: storing the name and encoding in local dictionary
2022-04-01 06:30:07.861 INFO Train - trainImages: stored name and encodes in local dictionary
2022-04-01 06:30:07.861 INFO Train - trainImages: storing the name and encodings in mongodb
2022-04-01 06:30:07.862 INFO Train - trainImages: stored all name and encodes in mongodb
2022-04-01 06:30:07.862 INFO Train - trainImages: started loading images and finding their encodings
2022-04-01 06:30:07.862 INFO Train - trainImages: loading image
2022-04-01 06:30:07.863 DEBUG Train - trainImages: /home/vikasjoshis001/Desktop/Gestures/images_to_train/cersie lannister/index3.jpeg
2022-04-01 06:30:07.863 INFO Train - trainImages: loading image done
2022-04-01 06:30:07.863 INFO Train - trainImages: finding the encoding of image
2022-04-01 06:30:07.930 INFO Train - trainImages: finding encoding of image is done
2022-04-01 06:30:07.930 INFO Train - trainImages: loading image
2022-04-01 06:30:07.931 DEBUG Train - trainImages: /home/vikasjoshis001/Desktop/Gestures/images_to_train/cersie lannister/index5.jpeg
2022-04-01 06:30:07.931 INFO Train - trainImages: loading image done
2022-04-01 06:30:07.931 INFO Train - trainImages: finding the encoding of image
2022-04-01 06:30:07.999 INFO Train - trainImages: finding encoding of image is done
2022-04-01 06:30:07.999 INFO Train - trainImages: loading image
2022-04-01 06:30:08.000 DEBUG Train - trainImages: /home/vikasjoshis001/Desktop/Gestures/images_to_train/cersie lannister/index2.jpeg
2022-04-01 06:30:08.000 INFO Train - trainImages: loading image done
2022-04-01 06:30:08.000 INFO Train - trainImages: finding the encoding of image
2022-04-01 06:30:08.068 INFO Train - trainImages: finding encoding of image is done
2022-04-01 06:30:08.069 INFO Train - trainImages: loading image
2022-04-01 06:30:08.069 DEBUG Train - trainImages: /home/vikasjoshis001/Desktop/Gestures/images_to_train/cersie lannister/index4.jpeg
2022-04-01 06:30:08.069 INFO Train - trainImages: loading image done
2022-04-01 06:30:08.069 INFO Train - trainImages: finding the encoding of image
2022-04-01 06:30:08.137 INFO Train - trainImages: finding encoding of image is done
2022-04-01 06:30:08.138 INFO Train - trainImages: getting average of encodings of loaded images
2022-04-01 06:30:08.138 INFO Train - trainImages: done with getting average encodings
2022-04-01 06:30:08.138 INFO Train - trainImages: storing the name and encoding in local dictionary
2022-04-01 06:30:08.138 INFO Train - trainImages: stored name and encodes in local dictionary
2022-04-01 06:30:08.138 INFO Train - trainImages: storing the name and encodings in mongodb
2022-04-01 06:30:08.139 INFO Train - trainImages: stored all name and encodes in mongodb
2022-04-01 06:30:08.139 INFO Train - trainImages: started loading images and finding their encodings
2022-04-01 06:30:08.139 INFO Train - trainImages: loading image
2022-04-01 06:30:08.141 DEBUG Train - trainImages: /home/vikasjoshis001/Desktop/Gestures/images_to_train/Vikas-2022-03-31 13:17:26.260103/Vikas.d18bc824-b0c6-11ec-95c9-353773ec36e1.jpeg
2022-04-01 06:30:08.142 INFO Train - trainImages: loading image done
2022-04-01 06:30:08.142 INFO Train - trainImages: finding the encoding of image
2022-04-01 06:30:08.322 INFO Train - trainImages: finding encoding of image is done
2022-04-01 06:30:08.322 INFO Train - trainImages: loading image
2022-04-01 06:30:08.324 DEBUG Train - trainImages: /home/vikasjoshis001/Desktop/Gestures/images_to_train/Vikas-2022-03-31 13:17:26.260103/Vikas.d056c17b-b0c6-11ec-95c9-353773ec36e1.jpeg
2022-04-01 06:30:08.325 INFO Train - trainImages: loading image done
2022-04-01 06:30:08.325 INFO Train - trainImages: finding the encoding of image
2022-04-01 06:30:08.505 INFO Train - trainImages: finding encoding of image is done
2022-04-01 06:30:08.505 INFO Train - trainImages: loading image
2022-04-01 06:30:08.508 DEBUG Train - trainImages: /home/vikasjoshis001/Desktop/Gestures/images_to_train/Vikas-2022-03-31 13:17:26.260103/Vikas.cf0c4b78-b0c6-11ec-95c9-353773ec36e1.jpeg
2022-04-01 06:30:08.508 INFO Train - trainImages: loading image done
2022-04-01 06:30:08.508 INFO Train - trainImages: finding the encoding of image
2022-04-01 06:30:08.687 INFO Train - trainImages: finding encoding of image is done
2022-04-01 06:30:08.687 INFO Train - trainImages: loading image
2022-04-01 06:30:08.690 DEBUG Train - trainImages: /home/vikasjoshis001/Desktop/Gestures/images_to_train/Vikas-2022-03-31 13:17:26.260103/Vikas.cf0c4b79-b0c6-11ec-95c9-353773ec36e1.jpeg
2022-04-01 06:30:08.690 INFO Train - trainImages: loading image done
2022-04-01 06:30:08.690 INFO Train - trainImages: finding the encoding of image
2022-04-01 06:30:08.870 INFO Train - trainImages: finding encoding of image is done
2022-04-01 06:30:08.870 INFO Train - trainImages: loading image
2022-04-01 06:30:08.873 DEBUG Train - trainImages: /home/vikasjoshis001/Desktop/Gestures/images_to_train/Vikas-2022-03-31 13:17:26.260103/Vikas.d056c17a-b0c6-11ec-95c9-353773ec36e1.jpeg
2022-04-01 06:30:08.873 INFO Train - trainImages: loading image done
2022-04-01 06:30:08.873 INFO Train - trainImages: finding the encoding of image
2022-04-01 06:30:09.053 INFO Train - trainImages: finding encoding of image is done
2022-04-01 06:30:09.054 INFO Train - trainImages: getting average of encodings of loaded images
2022-04-01 06:30:09.054 INFO Train - trainImages: done with getting average encodings
2022-04-01 06:30:09.054 INFO Train - trainImages: storing the name and encoding in local dictionary
2022-04-01 06:30:09.054 INFO Train - trainImages: stored name and encodes in local dictionary
2022-04-01 06:30:09.054 INFO Train - trainImages: storing the name and encodings in mongodb
2022-04-01 06:30:09.055 INFO Train - trainImages: stored all name and encodes in mongodb
2022-04-01 06:30:09.055 INFO Train - trainImages: started loading images and finding their encodings
2022-04-01 06:30:09.055 INFO Train - trainImages: loading image
2022-04-01 06:30:09.056 DEBUG Train - trainImages: /home/vikasjoshis001/Desktop/Gestures/images_to_train/king in the north/index.jpeg
2022-04-01 06:30:09.056 INFO Train - trainImages: loading image done
2022-04-01 06:30:09.056 INFO Train - trainImages: finding the encoding of image
2022-04-01 06:30:09.123 INFO Train - trainImages: finding encoding of image is done
2022-04-01 06:30:09.124 INFO Train - trainImages: loading image
2022-04-01 06:30:09.124 DEBUG Train - trainImages: /home/vikasjoshis001/Desktop/Gestures/images_to_train/king in the north/index3.jpeg
2022-04-01 06:30:09.124 INFO Train - trainImages: loading image done
2022-04-01 06:30:09.124 INFO Train - trainImages: finding the encoding of image
2022-04-01 06:30:09.194 INFO Train - trainImages: finding encoding of image is done
2022-04-01 06:30:09.194 INFO Train - trainImages: loading image
2022-04-01 06:30:09.195 DEBUG Train - trainImages: /home/vikasjoshis001/Desktop/Gestures/images_to_train/king in the north/index5.jpeg
2022-04-01 06:30:09.195 INFO Train - trainImages: loading image done
2022-04-01 06:30:09.195 INFO Train - trainImages: finding the encoding of image
2022-04-01 06:30:09.264 INFO Train - trainImages: finding encoding of image is done
2022-04-01 06:30:09.264 INFO Train - trainImages: loading image
2022-04-01 06:30:09.265 DEBUG Train - trainImages: /home/vikasjoshis001/Desktop/Gestures/images_to_train/king in the north/index2.jpeg
2022-04-01 06:30:09.265 INFO Train - trainImages: loading image done
2022-04-01 06:30:09.265 INFO Train - trainImages: finding the encoding of image
2022-04-01 06:30:09.333 INFO Train - trainImages: finding encoding of image is done
2022-04-01 06:30:09.333 INFO Train - trainImages: loading image
2022-04-01 06:30:09.334 DEBUG Train - trainImages: /home/vikasjoshis001/Desktop/Gestures/images_to_train/king in the north/index4.jpeg
2022-04-01 06:30:09.334 INFO Train - trainImages: loading image done
2022-04-01 06:30:09.334 INFO Train - trainImages: finding the encoding of image
2022-04-01 06:30:09.403 INFO Train - trainImages: finding encoding of image is done
2022-04-01 06:30:09.403 INFO Train - trainImages: getting average of encodings of loaded images
2022-04-01 06:30:09.403 INFO Train - trainImages: done with getting average encodings
2022-04-01 06:30:09.403 INFO Train - trainImages: storing the name and encoding in local dictionary
2022-04-01 06:30:09.403 INFO Train - trainImages: stored name and encodes in local dictionary
2022-04-01 06:30:09.403 INFO Train - trainImages: storing the name and encodings in mongodb
2022-04-01 06:30:09.404 INFO Train - trainImages: stored all name and encodes in mongodb
2022-04-01 06:30:09.404 INFO Train - trainImages: started loading images and finding their encodings
2022-04-01 06:30:09.404 INFO Train - trainImages: loading image
2022-04-01 06:30:09.405 DEBUG Train - trainImages: /home/vikasjoshis001/Desktop/Gestures/images_to_train/UIO-2022-04-01 06:08:24.896094/UIO.0a6d3245-b154-11ec-ae44-cb6983774605.jpeg
2022-04-01 06:30:09.405 INFO Train - trainImages: loading image done
2022-04-01 06:30:09.405 INFO Train - trainImages: finding the encoding of image
2022-04-01 06:30:09.486 INFO Train - trainImages: finding encoding of image is done
2022-04-01 06:30:09.486 INFO Train - trainImages: loading image
2022-04-01 06:30:09.487 DEBUG Train - trainImages: /home/vikasjoshis001/Desktop/Gestures/images_to_train/UIO-2022-04-01 06:08:24.896094/UIO.0bbc7cb9-b154-11ec-ae44-cb6983774605.jpeg
2022-04-01 06:30:09.487 INFO Train - trainImages: loading image done
2022-04-01 06:30:09.487 INFO Train - trainImages: finding the encoding of image
2022-04-01 06:30:09.568 INFO Train - trainImages: finding encoding of image is done
2022-04-01 06:30:09.568 INFO Train - trainImages: loading image
2022-04-01 06:30:09.569 DEBUG Train - trainImages: /home/vikasjoshis001/Desktop/Gestures/images_to_train/UIO-2022-04-01 06:08:24.896094/UIO.0bbc7cb8-b154-11ec-ae44-cb6983774605.jpeg
2022-04-01 06:30:09.569 INFO Train - trainImages: loading image done
2022-04-01 06:30:09.569 INFO Train - trainImages: finding the encoding of image
2022-04-01 06:30:09.651 INFO Train - trainImages: finding encoding of image is done
2022-04-01 06:30:09.651 INFO Train - trainImages: loading image
2022-04-01 06:30:09.652 DEBUG Train - trainImages: /home/vikasjoshis001/Desktop/Gestures/images_to_train/UIO-2022-04-01 06:08:24.896094/UIO.0a6d3244-b154-11ec-ae44-cb6983774605.jpeg
2022-04-01 06:30:09.652 INFO Train - trainImages: loading image done
2022-04-01 06:30:09.652 INFO Train - trainImages: finding the encoding of image
2022-04-01 06:30:09.732 INFO Train - trainImages: finding encoding of image is done
2022-04-01 06:30:09.732 INFO Train - trainImages: loading image
2022-04-01 06:30:09.733 DEBUG Train - trainImages: /home/vikasjoshis001/Desktop/Gestures/images_to_train/UIO-2022-04-01 06:08:24.896094/UIO.0cf136d2-b154-11ec-ae44-cb6983774605.jpeg
2022-04-01 06:30:09.733 INFO Train - trainImages: loading image done
2022-04-01 06:30:09.733 INFO Train - trainImages: finding the encoding of image
2022-04-01 06:30:09.814 INFO Train - trainImages: finding encoding of image is done
2022-04-01 06:30:09.814 INFO Train - trainImages: getting average of encodings of loaded images
2022-04-01 06:30:09.814 INFO Train - trainImages: done with getting average encodings
2022-04-01 06:30:09.814 INFO Train - trainImages: storing the name and encoding in local dictionary
2022-04-01 06:30:09.814 INFO Train - trainImages: stored name and encodes in local dictionary
2022-04-01 06:30:09.814 INFO Train - trainImages: storing the name and encodings in mongodb
2022-04-01 06:30:09.815 INFO Train - trainImages: stored all name and encodes in mongodb
2022-04-01 06:30:09.815 INFO Train - trainImages: started loading images and finding their encodings
2022-04-01 06:30:09.815 INFO Train - trainImages: loading image
2022-04-01 06:30:09.816 DEBUG Train - trainImages: /home/vikasjoshis001/Desktop/Gestures/images_to_train/arya stark/index.jpeg
2022-04-01 06:30:09.816 INFO Train - trainImages: loading image done
2022-04-01 06:30:09.816 INFO Train - trainImages: finding the encoding of image
2022-04-01 06:30:09.886 INFO Train - trainImages: finding encoding of image is done
2022-04-01 06:30:09.886 INFO Train - trainImages: loading image
2022-04-01 06:30:09.887 DEBUG Train - trainImages: /home/vikasjoshis001/Desktop/Gestures/images_to_train/arya stark/index3.jpeg
2022-04-01 06:30:09.887 INFO Train - trainImages: loading image done
2022-04-01 06:30:09.887 INFO Train - trainImages: finding the encoding of image
2022-04-01 06:30:09.956 INFO Train - trainImages: finding encoding of image is done
2022-04-01 06:30:09.956 INFO Train - trainImages: loading image
2022-04-01 06:30:09.957 DEBUG Train - trainImages: /home/vikasjoshis001/Desktop/Gestures/images_to_train/arya stark/index5.jpeg
2022-04-01 06:30:09.957 INFO Train - trainImages: loading image done
2022-04-01 06:30:09.957 INFO Train - trainImages: finding the encoding of image
2022-04-01 06:30:10.026 INFO Train - trainImages: finding encoding of image is done
2022-04-01 06:30:10.026 INFO Train - trainImages: loading image
2022-04-01 06:30:10.027 DEBUG Train - trainImages: /home/vikasjoshis001/Desktop/Gestures/images_to_train/arya stark/index2.jpeg
2022-04-01 06:30:10.027 INFO Train - trainImages: loading image done
2022-04-01 06:30:10.027 INFO Train - trainImages: finding the encoding of image
2022-04-01 06:30:10.097 INFO Train - trainImages: finding encoding of image is done
2022-04-01 06:30:10.097 INFO Train - trainImages: loading image
2022-04-01 06:30:10.098 DEBUG Train - trainImages: /home/vikasjoshis001/Desktop/Gestures/images_to_train/arya stark/images4.jpeg
2022-04-01 06:30:10.098 INFO Train - trainImages: loading image done
2022-04-01 06:30:10.098 INFO Train - trainImages: finding the encoding of image
2022-04-01 06:30:10.164 INFO Train - trainImages: finding encoding of image is done
2022-04-01 06:30:10.164 INFO Train - trainImages: getting average of encodings of loaded images
2022-04-01 06:30:10.164 INFO Train - trainImages: done with getting average encodings
2022-04-01 06:30:10.164 INFO Train - trainImages: storing the name and encoding in local dictionary
2022-04-01 06:30:10.164 INFO Train - trainImages: stored name and encodes in local dictionary
2022-04-01 06:30:10.164 INFO Train - trainImages: storing the name and encodings in mongodb
2022-04-01 06:30:10.165 INFO Train - trainImages: stored all name and encodes in mongodb
