2022-11-12 19:28:44.830 INFO train - <module>: MongoDB database connected successfully
2022-11-12 19:28:44.831 INFO train - <module>: collected all folders in known_people folder
2022-11-12 19:28:44.831 DEBUG train - <module>: ['cersie lannister', 'tyrion lannister', 'denerys targeryan', 'king in the north', 'Vikas-2022-11-12 18:46:44.426386', 'arya stark']
2022-11-12 19:28:44.832 INFO train - <module>: collected all images from all folders in known_people folder
2022-11-12 19:28:44.832 DEBUG train - <module>: [['/home/vikasjoshis001/Files/Projects/My_Projects/Gestures/images_to_train/cersie lannister/index2.jpeg', '/home/vikasjoshis001/Files/Projects/My_Projects/Gestures/images_to_train/cersie lannister/index5.jpeg', '/home/vikasjoshis001/Files/Projects/My_Projects/Gestures/images_to_train/cersie lannister/index4.jpeg', '/home/vikasjoshis001/Files/Projects/My_Projects/Gestures/images_to_train/cersie lannister/index3.jpeg'], ['/home/vikasjoshis001/Files/Projects/My_Projects/Gestures/images_to_train/tyrion lannister/index2.jpeg', '/home/vikasjoshis001/Files/Projects/My_Projects/Gestures/images_to_train/tyrion lannister/index4.jpeg', '/home/vikasjoshis001/Files/Projects/My_Projects/Gestures/images_to_train/tyrion lannister/index1.jpeg', '/home/vikasjoshis001/Files/Projects/My_Projects/Gestures/images_to_train/tyrion lannister/index3.jpeg', '/home/vikasjoshis001/Files/Projects/My_Projects/Gestures/images_to_train/tyrion lannister/images5.jpeg'], ['/home/vikasjoshis001/Files/Projects/My_Projects/Gestures/images_to_train/denerys targeryan/index2.jpeg', '/home/vikasjoshis001/Files/Projects/My_Projects/Gestures/images_to_train/denerys targeryan/index5.jpeg', '/home/vikasjoshis001/Files/Projects/My_Projects/Gestures/images_to_train/denerys targeryan/index4.jpeg', '/home/vikasjoshis001/Files/Projects/My_Projects/Gestures/images_to_train/denerys targeryan/index1.jpeg', '/home/vikasjoshis001/Files/Projects/My_Projects/Gestures/images_to_train/denerys targeryan/index3.jpeg'], ['/home/vikasjoshis001/Files/Projects/My_Projects/Gestures/images_to_train/king in the north/index2.jpeg', '/home/vikasjoshis001/Files/Projects/My_Projects/Gestures/images_to_train/king in the north/index5.jpeg', '/home/vikasjoshis001/Files/Projects/My_Projects/Gestures/images_to_train/king in the north/index4.jpeg', '/home/vikasjoshis001/Files/Projects/My_Projects/Gestures/images_to_train/king in the north/index3.jpeg', '/home/vikasjoshis001/Files/Projects/My_Projects/Gestures/images_to_train/king in the north/index.jpeg'], [], ['/home/vikasjoshis001/Files/Projects/My_Projects/Gestures/images_to_train/arya stark/images4.jpeg', '/home/vikasjoshis001/Files/Projects/My_Projects/Gestures/images_to_train/arya stark/index2.jpeg', '/home/vikasjoshis001/Files/Projects/My_Projects/Gestures/images_to_train/arya stark/index5.jpeg', '/home/vikasjoshis001/Files/Projects/My_Projects/Gestures/images_to_train/arya stark/index3.jpeg', '/home/vikasjoshis001/Files/Projects/My_Projects/Gestures/images_to_train/arya stark/index.jpeg']]
2022-11-12 19:28:44.832 INFO train - <module>: started loading images and finding their encodings
2022-11-12 19:28:44.832 INFO train - <module>: loading image
2022-11-12 19:28:44.837 DEBUG train - <module>: /home/vikasjoshis001/Files/Projects/My_Projects/Gestures/images_to_train/cersie lannister/index2.jpeg
2022-11-12 19:28:44.837 INFO train - <module>: loading image done
2022-11-12 19:28:44.837 INFO train - <module>: finding the encoding of image
2022-11-12 19:28:44.960 INFO train - <module>: finding encoding of image is done
2022-11-12 19:28:44.960 INFO train - <module>: loading image
2022-11-12 19:28:44.961 DEBUG train - <module>: /home/vikasjoshis001/Files/Projects/My_Projects/Gestures/images_to_train/cersie lannister/index5.jpeg
2022-11-12 19:28:44.961 INFO train - <module>: loading image done
2022-11-12 19:28:44.961 INFO train - <module>: finding the encoding of image
2022-11-12 19:28:45.082 INFO train - <module>: finding encoding of image is done
2022-11-12 19:28:45.082 INFO train - <module>: loading image
2022-11-12 19:28:45.083 DEBUG train - <module>: /home/vikasjoshis001/Files/Projects/My_Projects/Gestures/images_to_train/cersie lannister/index4.jpeg
2022-11-12 19:28:45.083 INFO train - <module>: loading image done
2022-11-12 19:28:45.083 INFO train - <module>: finding the encoding of image
2022-11-12 19:28:45.206 INFO train - <module>: finding encoding of image is done
2022-11-12 19:28:45.206 INFO train - <module>: loading image
2022-11-12 19:28:45.207 DEBUG train - <module>: /home/vikasjoshis001/Files/Projects/My_Projects/Gestures/images_to_train/cersie lannister/index3.jpeg
2022-11-12 19:28:45.207 INFO train - <module>: loading image done
2022-11-12 19:28:45.207 INFO train - <module>: finding the encoding of image
2022-11-12 19:28:45.330 INFO train - <module>: finding encoding of image is done
2022-11-12 19:28:45.331 INFO train - <module>: getting average of encodings of loaded images
2022-11-12 19:28:45.331 INFO train - <module>: done with getting average encodings
2022-11-12 19:28:45.331 INFO train - <module>: storing the name and encoding in local dictionary
2022-11-12 19:28:45.331 INFO train - <module>: stored name and encodes in local dictionary
2022-11-12 19:28:45.331 INFO train - <module>: storing the name and encodings in mongodb
2022-11-12 19:28:45.333 INFO train - <module>: stored all name and encodes in mongodb
2022-11-12 19:28:45.333 INFO train - <module>: started loading images and finding their encodings
2022-11-12 19:28:45.333 INFO train - <module>: loading image
2022-11-12 19:28:45.333 DEBUG train - <module>: /home/vikasjoshis001/Files/Projects/My_Projects/Gestures/images_to_train/tyrion lannister/index2.jpeg
2022-11-12 19:28:45.333 INFO train - <module>: loading image done
2022-11-12 19:28:45.333 INFO train - <module>: finding the encoding of image
2022-11-12 19:28:45.476 INFO train - <module>: finding encoding of image is done
2022-11-12 19:28:45.476 INFO train - <module>: loading image
2022-11-12 19:28:45.476 DEBUG train - <module>: /home/vikasjoshis001/Files/Projects/My_Projects/Gestures/images_to_train/tyrion lannister/index4.jpeg
2022-11-12 19:28:45.477 INFO train - <module>: loading image done
2022-11-12 19:28:45.477 INFO train - <module>: finding the encoding of image
2022-11-12 19:28:45.598 INFO train - <module>: finding encoding of image is done
2022-11-12 19:28:45.598 INFO train - <module>: loading image
2022-11-12 19:28:45.599 DEBUG train - <module>: /home/vikasjoshis001/Files/Projects/My_Projects/Gestures/images_to_train/tyrion lannister/index1.jpeg
2022-11-12 19:28:45.599 INFO train - <module>: loading image done
2022-11-12 19:28:45.599 INFO train - <module>: finding the encoding of image
2022-11-12 19:28:45.721 INFO train - <module>: finding encoding of image is done
2022-11-12 19:28:45.721 INFO train - <module>: loading image
2022-11-12 19:28:45.722 DEBUG train - <module>: /home/vikasjoshis001/Files/Projects/My_Projects/Gestures/images_to_train/tyrion lannister/index3.jpeg
2022-11-12 19:28:45.722 INFO train - <module>: loading image done
2022-11-12 19:28:45.722 INFO train - <module>: finding the encoding of image
2022-11-12 19:28:45.845 INFO train - <module>: finding encoding of image is done
2022-11-12 19:28:45.845 INFO train - <module>: loading image
2022-11-12 19:28:45.846 DEBUG train - <module>: /home/vikasjoshis001/Files/Projects/My_Projects/Gestures/images_to_train/tyrion lannister/images5.jpeg
2022-11-12 19:28:45.846 INFO train - <module>: loading image done
2022-11-12 19:28:45.846 INFO train - <module>: finding the encoding of image
2022-11-12 19:28:45.970 INFO train - <module>: finding encoding of image is done
2022-11-12 19:28:45.970 INFO train - <module>: getting average of encodings of loaded images
2022-11-12 19:28:45.971 INFO train - <module>: done with getting average encodings
2022-11-12 19:28:45.971 INFO train - <module>: storing the name and encoding in local dictionary
2022-11-12 19:28:45.971 INFO train - <module>: stored name and encodes in local dictionary
2022-11-12 19:28:45.971 INFO train - <module>: storing the name and encodings in mongodb
2022-11-12 19:28:45.972 INFO train - <module>: stored all name and encodes in mongodb
2022-11-12 19:28:45.972 INFO train - <module>: started loading images and finding their encodings
2022-11-12 19:28:45.972 INFO train - <module>: loading image
2022-11-12 19:28:45.972 DEBUG train - <module>: /home/vikasjoshis001/Files/Projects/My_Projects/Gestures/images_to_train/denerys targeryan/index2.jpeg
2022-11-12 19:28:45.972 INFO train - <module>: loading image done
2022-11-12 19:28:45.972 INFO train - <module>: finding the encoding of image
2022-11-12 19:28:46.096 INFO train - <module>: finding encoding of image is done
2022-11-12 19:28:46.096 INFO train - <module>: loading image
2022-11-12 19:28:46.097 DEBUG train - <module>: /home/vikasjoshis001/Files/Projects/My_Projects/Gestures/images_to_train/denerys targeryan/index5.jpeg
2022-11-12 19:28:46.097 INFO train - <module>: loading image done
2022-11-12 19:28:46.097 INFO train - <module>: finding the encoding of image
2022-11-12 19:28:46.219 INFO train - <module>: finding encoding of image is done
2022-11-12 19:28:46.219 INFO train - <module>: loading image
2022-11-12 19:28:46.220 DEBUG train - <module>: /home/vikasjoshis001/Files/Projects/My_Projects/Gestures/images_to_train/denerys targeryan/index4.jpeg
2022-11-12 19:28:46.220 INFO train - <module>: loading image done
2022-11-12 19:28:46.220 INFO train - <module>: finding the encoding of image
2022-11-12 19:28:46.343 INFO train - <module>: finding encoding of image is done
2022-11-12 19:28:46.343 INFO train - <module>: loading image
2022-11-12 19:28:46.344 DEBUG train - <module>: /home/vikasjoshis001/Files/Projects/My_Projects/Gestures/images_to_train/denerys targeryan/index1.jpeg
2022-11-12 19:28:46.344 INFO train - <module>: loading image done
2022-11-12 19:28:46.344 INFO train - <module>: finding the encoding of image
2022-11-12 19:28:46.467 INFO train - <module>: finding encoding of image is done
2022-11-12 19:28:46.468 INFO train - <module>: loading image
2022-11-12 19:28:46.468 DEBUG train - <module>: /home/vikasjoshis001/Files/Projects/My_Projects/Gestures/images_to_train/denerys targeryan/index3.jpeg
2022-11-12 19:28:46.468 INFO train - <module>: loading image done
2022-11-12 19:28:46.468 INFO train - <module>: finding the encoding of image
2022-11-12 19:28:46.590 INFO train - <module>: finding encoding of image is done
2022-11-12 19:28:46.590 INFO train - <module>: getting average of encodings of loaded images
2022-11-12 19:28:46.590 INFO train - <module>: done with getting average encodings
2022-11-12 19:28:46.590 INFO train - <module>: storing the name and encoding in local dictionary
2022-11-12 19:28:46.591 INFO train - <module>: stored name and encodes in local dictionary
2022-11-12 19:28:46.591 INFO train - <module>: storing the name and encodings in mongodb
2022-11-12 19:28:46.591 INFO train - <module>: stored all name and encodes in mongodb
2022-11-12 19:28:46.592 INFO train - <module>: started loading images and finding their encodings
2022-11-12 19:28:46.592 INFO train - <module>: loading image
2022-11-12 19:28:46.592 DEBUG train - <module>: /home/vikasjoshis001/Files/Projects/My_Projects/Gestures/images_to_train/king in the north/index2.jpeg
2022-11-12 19:28:46.592 INFO train - <module>: loading image done
2022-11-12 19:28:46.592 INFO train - <module>: finding the encoding of image
2022-11-12 19:28:46.714 INFO train - <module>: finding encoding of image is done
2022-11-12 19:28:46.714 INFO train - <module>: loading image
2022-11-12 19:28:46.715 DEBUG train - <module>: /home/vikasjoshis001/Files/Projects/My_Projects/Gestures/images_to_train/king in the north/index5.jpeg
2022-11-12 19:28:46.715 INFO train - <module>: loading image done
2022-11-12 19:28:46.715 INFO train - <module>: finding the encoding of image
2022-11-12 19:28:46.837 INFO train - <module>: finding encoding of image is done
2022-11-12 19:28:46.837 INFO train - <module>: loading image
2022-11-12 19:28:46.837 DEBUG train - <module>: /home/vikasjoshis001/Files/Projects/My_Projects/Gestures/images_to_train/king in the north/index4.jpeg
2022-11-12 19:28:46.837 INFO train - <module>: loading image done
2022-11-12 19:28:46.837 INFO train - <module>: finding the encoding of image
2022-11-12 19:28:46.961 INFO train - <module>: finding encoding of image is done
2022-11-12 19:28:46.961 INFO train - <module>: loading image
2022-11-12 19:28:46.962 DEBUG train - <module>: /home/vikasjoshis001/Files/Projects/My_Projects/Gestures/images_to_train/king in the north/index3.jpeg
2022-11-12 19:28:46.962 INFO train - <module>: loading image done
2022-11-12 19:28:46.962 INFO train - <module>: finding the encoding of image
2022-11-12 19:28:47.085 INFO train - <module>: finding encoding of image is done
2022-11-12 19:28:47.085 INFO train - <module>: loading image
2022-11-12 19:28:47.086 DEBUG train - <module>: /home/vikasjoshis001/Files/Projects/My_Projects/Gestures/images_to_train/king in the north/index.jpeg
2022-11-12 19:28:47.086 INFO train - <module>: loading image done
2022-11-12 19:28:47.086 INFO train - <module>: finding the encoding of image
2022-11-12 19:28:47.208 INFO train - <module>: finding encoding of image is done
2022-11-12 19:28:47.208 INFO train - <module>: getting average of encodings of loaded images
2022-11-12 19:28:47.208 INFO train - <module>: done with getting average encodings
2022-11-12 19:28:47.208 INFO train - <module>: storing the name and encoding in local dictionary
2022-11-12 19:28:47.208 INFO train - <module>: stored name and encodes in local dictionary
2022-11-12 19:28:47.209 INFO train - <module>: storing the name and encodings in mongodb
2022-11-12 19:28:47.209 INFO train - <module>: stored all name and encodes in mongodb
2022-11-12 19:28:47.209 DEBUG train - <module>: Vikas-2022-11-12 18:46:44.426386
2022-11-12 19:28:47.209 ERROR train - <module>: above folder is empty with no images
2022-11-12 19:28:47.209 INFO train - <module>: exiting the program with no updates in training
