2022-02-25 15:46:59.090 INFO Train - trainImages: MongoDB database connected successfully
2022-02-25 15:46:59.091 INFO Train - trainImages: collected all folders in known_people folder
2022-02-25 15:46:59.091 DEBUG Train - trainImages: ['tyrion lannister', 'denerys targeryan', 'Vikas', 'Mangesh', 'cersie lannister', 'king in the north', 'arya stark']
2022-02-25 15:46:59.092 INFO Train - trainImages: collected all images from all folders in known_people folder
2022-02-25 15:46:59.092 DEBUG Train - trainImages: [['/home/vikasjoshis001/Desktop/FaceRecognition/images_to_train/tyrion lannister/images5.jpeg', '/home/vikasjoshis001/Desktop/FaceRecognition/images_to_train/tyrion lannister/index3.jpeg', '/home/vikasjoshis001/Desktop/FaceRecognition/images_to_train/tyrion lannister/index1.jpeg', '/home/vikasjoshis001/Desktop/FaceRecognition/images_to_train/tyrion lannister/index2.jpeg', '/home/vikasjoshis001/Desktop/FaceRecognition/images_to_train/tyrion lannister/index4.jpeg'], ['/home/vikasjoshis001/Desktop/FaceRecognition/images_to_train/denerys targeryan/index3.jpeg', '/home/vikasjoshis001/Desktop/FaceRecognition/images_to_train/denerys targeryan/index5.jpeg', '/home/vikasjoshis001/Desktop/FaceRecognition/images_to_train/denerys targeryan/index1.jpeg', '/home/vikasjoshis001/Desktop/FaceRecognition/images_to_train/denerys targeryan/index2.jpeg', '/home/vikasjoshis001/Desktop/FaceRecognition/images_to_train/denerys targeryan/index4.jpeg'], ['/home/vikasjoshis001/Desktop/FaceRecognition/images_to_train/Vikas/Vikas.0cae9160-9624-11ec-b187-831d1efd77ea.jpeg', '/home/vikasjoshis001/Desktop/FaceRecognition/images_to_train/Vikas/Vikas.0e55d546-9624-11ec-b187-831d1efd77ea.jpeg', '/home/vikasjoshis001/Desktop/FaceRecognition/images_to_train/Vikas/Vikas.0f8da75e-9624-11ec-b187-831d1efd77ea.jpeg', '/home/vikasjoshis001/Desktop/FaceRecognition/images_to_train/Vikas/Vikas.0f8da75f-9624-11ec-b187-831d1efd77ea.jpeg', '/home/vikasjoshis001/Desktop/FaceRecognition/images_to_train/Vikas/Vikas.0e55d547-9624-11ec-b187-831d1efd77ea.jpeg'], ['/home/vikasjoshis001/Desktop/FaceRecognition/images_to_train/Mangesh/Mangesh.3000c093-960c-11ec-a6b1-2f237028861a.jpeg', '/home/vikasjoshis001/Desktop/FaceRecognition/images_to_train/Mangesh/Mangesh.3283bb58-960c-11ec-a6b1-2f237028861a.jpeg', '/home/vikasjoshis001/Desktop/FaceRecognition/images_to_train/Mangesh/Mangesh.314bc26c-960c-11ec-a6b1-2f237028861a.jpeg', '/home/vikasjoshis001/Desktop/FaceRecognition/images_to_train/Mangesh/Mangesh.314bc26d-960c-11ec-a6b1-2f237028861a.jpeg', '/home/vikasjoshis001/Desktop/FaceRecognition/images_to_train/Mangesh/Mangesh.3000c092-960c-11ec-a6b1-2f237028861a.jpeg'], ['/home/vikasjoshis001/Desktop/FaceRecognition/images_to_train/cersie lannister/index3.jpeg', '/home/vikasjoshis001/Desktop/FaceRecognition/images_to_train/cersie lannister/index5.jpeg', '/home/vikasjoshis001/Desktop/FaceRecognition/images_to_train/cersie lannister/index2.jpeg', '/home/vikasjoshis001/Desktop/FaceRecognition/images_to_train/cersie lannister/index4.jpeg'], ['/home/vikasjoshis001/Desktop/FaceRecognition/images_to_train/king in the north/index.jpeg', '/home/vikasjoshis001/Desktop/FaceRecognition/images_to_train/king in the north/index3.jpeg', '/home/vikasjoshis001/Desktop/FaceRecognition/images_to_train/king in the north/index5.jpeg', '/home/vikasjoshis001/Desktop/FaceRecognition/images_to_train/king in the north/index2.jpeg', '/home/vikasjoshis001/Desktop/FaceRecognition/images_to_train/king in the north/index4.jpeg'], ['/home/vikasjoshis001/Desktop/FaceRecognition/images_to_train/arya stark/index.jpeg', '/home/vikasjoshis001/Desktop/FaceRecognition/images_to_train/arya stark/index3.jpeg', '/home/vikasjoshis001/Desktop/FaceRecognition/images_to_train/arya stark/index5.jpeg', '/home/vikasjoshis001/Desktop/FaceRecognition/images_to_train/arya stark/index2.jpeg', '/home/vikasjoshis001/Desktop/FaceRecognition/images_to_train/arya stark/images4.jpeg']]
2022-02-25 15:46:59.092 INFO Train - trainImages: started loading images and finding their encodings
2022-02-25 15:46:59.092 INFO Train - trainImages: loading image
2022-02-25 15:46:59.111 DEBUG Train - trainImages: /home/vikasjoshis001/Desktop/FaceRecognition/images_to_train/tyrion lannister/images5.jpeg
2022-02-25 15:46:59.111 INFO Train - trainImages: loading image done
2022-02-25 15:46:59.111 INFO Train - trainImages: finding the encoding of image
2022-02-25 15:46:59.234 INFO Train - trainImages: finding encoding of image is done
2022-02-25 15:46:59.234 INFO Train - trainImages: loading image
2022-02-25 15:46:59.236 DEBUG Train - trainImages: /home/vikasjoshis001/Desktop/FaceRecognition/images_to_train/tyrion lannister/index3.jpeg
2022-02-25 15:46:59.236 INFO Train - trainImages: loading image done
2022-02-25 15:46:59.236 INFO Train - trainImages: finding the encoding of image
2022-02-25 15:46:59.343 INFO Train - trainImages: finding encoding of image is done
2022-02-25 15:46:59.343 INFO Train - trainImages: loading image
2022-02-25 15:46:59.345 DEBUG Train - trainImages: /home/vikasjoshis001/Desktop/FaceRecognition/images_to_train/tyrion lannister/index1.jpeg
2022-02-25 15:46:59.345 INFO Train - trainImages: loading image done
2022-02-25 15:46:59.345 INFO Train - trainImages: finding the encoding of image
2022-02-25 15:46:59.449 INFO Train - trainImages: finding encoding of image is done
2022-02-25 15:46:59.450 INFO Train - trainImages: loading image
2022-02-25 15:46:59.451 DEBUG Train - trainImages: /home/vikasjoshis001/Desktop/FaceRecognition/images_to_train/tyrion lannister/index2.jpeg
2022-02-25 15:46:59.451 INFO Train - trainImages: loading image done
2022-02-25 15:46:59.451 INFO Train - trainImages: finding the encoding of image
2022-02-25 15:46:59.554 INFO Train - trainImages: finding encoding of image is done
2022-02-25 15:46:59.554 INFO Train - trainImages: loading image
2022-02-25 15:46:59.556 DEBUG Train - trainImages: /home/vikasjoshis001/Desktop/FaceRecognition/images_to_train/tyrion lannister/index4.jpeg
2022-02-25 15:46:59.556 INFO Train - trainImages: loading image done
2022-02-25 15:46:59.556 INFO Train - trainImages: finding the encoding of image
2022-02-25 15:46:59.661 INFO Train - trainImages: finding encoding of image is done
2022-02-25 15:46:59.661 INFO Train - trainImages: getting average of encodings of loaded images
2022-02-25 15:46:59.661 INFO Train - trainImages: done with getting average encodings
2022-02-25 15:46:59.662 INFO Train - trainImages: storing the name and encoding in local dictionary
2022-02-25 15:46:59.662 INFO Train - trainImages: stored name and encodes in local dictionary
2022-02-25 15:46:59.662 INFO Train - trainImages: storing the name and encodings in mongodb
2022-02-25 15:46:59.667 INFO Train - trainImages: stored all name and encodes in mongodb
2022-02-25 15:46:59.667 INFO Train - trainImages: started loading images and finding their encodings
2022-02-25 15:46:59.667 INFO Train - trainImages: loading image
2022-02-25 15:46:59.669 DEBUG Train - trainImages: /home/vikasjoshis001/Desktop/FaceRecognition/images_to_train/denerys targeryan/index3.jpeg
2022-02-25 15:46:59.669 INFO Train - trainImages: loading image done
2022-02-25 15:46:59.669 INFO Train - trainImages: finding the encoding of image
2022-02-25 15:46:59.782 INFO Train - trainImages: finding encoding of image is done
2022-02-25 15:46:59.783 INFO Train - trainImages: loading image
2022-02-25 15:46:59.784 DEBUG Train - trainImages: /home/vikasjoshis001/Desktop/FaceRecognition/images_to_train/denerys targeryan/index5.jpeg
2022-02-25 15:46:59.784 INFO Train - trainImages: loading image done
2022-02-25 15:46:59.784 INFO Train - trainImages: finding the encoding of image
2022-02-25 15:46:59.871 INFO Train - trainImages: finding encoding of image is done
2022-02-25 15:46:59.872 INFO Train - trainImages: loading image
2022-02-25 15:46:59.873 DEBUG Train - trainImages: /home/vikasjoshis001/Desktop/FaceRecognition/images_to_train/denerys targeryan/index1.jpeg
2022-02-25 15:46:59.873 INFO Train - trainImages: loading image done
2022-02-25 15:46:59.873 INFO Train - trainImages: finding the encoding of image
2022-02-25 15:46:59.973 INFO Train - trainImages: finding encoding of image is done
2022-02-25 15:46:59.973 INFO Train - trainImages: loading image
2022-02-25 15:46:59.975 DEBUG Train - trainImages: /home/vikasjoshis001/Desktop/FaceRecognition/images_to_train/denerys targeryan/index2.jpeg
2022-02-25 15:46:59.975 INFO Train - trainImages: loading image done
2022-02-25 15:46:59.975 INFO Train - trainImages: finding the encoding of image
2022-02-25 15:47:00.082 INFO Train - trainImages: finding encoding of image is done
2022-02-25 15:47:00.083 INFO Train - trainImages: loading image
2022-02-25 15:47:00.084 DEBUG Train - trainImages: /home/vikasjoshis001/Desktop/FaceRecognition/images_to_train/denerys targeryan/index4.jpeg
2022-02-25 15:47:00.084 INFO Train - trainImages: loading image done
2022-02-25 15:47:00.085 INFO Train - trainImages: finding the encoding of image
2022-02-25 15:47:00.177 INFO Train - trainImages: finding encoding of image is done
2022-02-25 15:47:00.177 INFO Train - trainImages: getting average of encodings of loaded images
2022-02-25 15:47:00.178 INFO Train - trainImages: done with getting average encodings
2022-02-25 15:47:00.178 INFO Train - trainImages: storing the name and encoding in local dictionary
2022-02-25 15:47:00.178 INFO Train - trainImages: stored name and encodes in local dictionary
2022-02-25 15:47:00.178 INFO Train - trainImages: storing the name and encodings in mongodb
2022-02-25 15:47:00.179 INFO Train - trainImages: stored all name and encodes in mongodb
2022-02-25 15:47:00.179 INFO Train - trainImages: started loading images and finding their encodings
2022-02-25 15:47:00.179 INFO Train - trainImages: loading image
2022-02-25 15:47:00.182 DEBUG Train - trainImages: /home/vikasjoshis001/Desktop/FaceRecognition/images_to_train/Vikas/Vikas.0cae9160-9624-11ec-b187-831d1efd77ea.jpeg
2022-02-25 15:47:00.183 INFO Train - trainImages: loading image done
2022-02-25 15:47:00.183 INFO Train - trainImages: finding the encoding of image
2022-02-25 15:47:00.488 INFO Train - trainImages: finding encoding of image is done
2022-02-25 15:47:00.488 INFO Train - trainImages: loading image
2022-02-25 15:47:00.492 DEBUG Train - trainImages: /home/vikasjoshis001/Desktop/FaceRecognition/images_to_train/Vikas/Vikas.0e55d546-9624-11ec-b187-831d1efd77ea.jpeg
2022-02-25 15:47:00.492 INFO Train - trainImages: loading image done
2022-02-25 15:47:00.492 INFO Train - trainImages: finding the encoding of image
2022-02-25 15:47:00.820 INFO Train - trainImages: finding encoding of image is done
2022-02-25 15:47:00.820 INFO Train - trainImages: loading image
2022-02-25 15:47:00.823 DEBUG Train - trainImages: /home/vikasjoshis001/Desktop/FaceRecognition/images_to_train/Vikas/Vikas.0f8da75e-9624-11ec-b187-831d1efd77ea.jpeg
2022-02-25 15:47:00.824 INFO Train - trainImages: loading image done
2022-02-25 15:47:00.824 INFO Train - trainImages: finding the encoding of image
2022-02-25 15:47:01.134 INFO Train - trainImages: finding encoding of image is done
2022-02-25 15:47:01.134 INFO Train - trainImages: loading image
2022-02-25 15:47:01.137 DEBUG Train - trainImages: /home/vikasjoshis001/Desktop/FaceRecognition/images_to_train/Vikas/Vikas.0f8da75f-9624-11ec-b187-831d1efd77ea.jpeg
2022-02-25 15:47:01.137 INFO Train - trainImages: loading image done
2022-02-25 15:47:01.137 INFO Train - trainImages: finding the encoding of image
2022-02-25 15:47:01.420 INFO Train - trainImages: finding encoding of image is done
2022-02-25 15:47:01.420 INFO Train - trainImages: loading image
2022-02-25 15:47:01.424 DEBUG Train - trainImages: /home/vikasjoshis001/Desktop/FaceRecognition/images_to_train/Vikas/Vikas.0e55d547-9624-11ec-b187-831d1efd77ea.jpeg
2022-02-25 15:47:01.424 INFO Train - trainImages: loading image done
2022-02-25 15:47:01.424 INFO Train - trainImages: finding the encoding of image
2022-02-25 15:47:01.723 INFO Train - trainImages: finding encoding of image is done
2022-02-25 15:47:01.723 INFO Train - trainImages: getting average of encodings of loaded images
2022-02-25 15:47:01.724 INFO Train - trainImages: done with getting average encodings
2022-02-25 15:47:01.724 INFO Train - trainImages: storing the name and encoding in local dictionary
2022-02-25 15:47:01.724 INFO Train - trainImages: stored name and encodes in local dictionary
2022-02-25 15:47:01.724 INFO Train - trainImages: storing the name and encodings in mongodb
2022-02-25 15:47:01.726 INFO Train - trainImages: stored all name and encodes in mongodb
2022-02-25 15:47:01.726 INFO Train - trainImages: started loading images and finding their encodings
2022-02-25 15:47:01.727 INFO Train - trainImages: loading image
2022-02-25 15:47:01.732 DEBUG Train - trainImages: /home/vikasjoshis001/Desktop/FaceRecognition/images_to_train/Mangesh/Mangesh.3000c093-960c-11ec-a6b1-2f237028861a.jpeg
2022-02-25 15:47:01.732 INFO Train - trainImages: loading image done
2022-02-25 15:47:01.733 INFO Train - trainImages: finding the encoding of image
2022-02-25 15:47:02.056 INFO Train - trainImages: finding encoding of image is done
2022-02-25 15:47:02.056 INFO Train - trainImages: loading image
2022-02-25 15:47:02.060 DEBUG Train - trainImages: /home/vikasjoshis001/Desktop/FaceRecognition/images_to_train/Mangesh/Mangesh.3283bb58-960c-11ec-a6b1-2f237028861a.jpeg
2022-02-25 15:47:02.061 INFO Train - trainImages: loading image done
2022-02-25 15:47:02.061 INFO Train - trainImages: finding the encoding of image
2022-02-25 15:47:02.309 INFO Train - trainImages: finding encoding of image is done
2022-02-25 15:47:02.309 INFO Train - trainImages: loading image
2022-02-25 15:47:02.313 DEBUG Train - trainImages: /home/vikasjoshis001/Desktop/FaceRecognition/images_to_train/Mangesh/Mangesh.314bc26c-960c-11ec-a6b1-2f237028861a.jpeg
2022-02-25 15:47:02.313 INFO Train - trainImages: loading image done
2022-02-25 15:47:02.313 INFO Train - trainImages: finding the encoding of image
2022-02-25 15:47:02.496 INFO Train - trainImages: finding encoding of image is done
2022-02-25 15:47:02.496 INFO Train - trainImages: loading image
2022-02-25 15:47:02.503 DEBUG Train - trainImages: /home/vikasjoshis001/Desktop/FaceRecognition/images_to_train/Mangesh/Mangesh.314bc26d-960c-11ec-a6b1-2f237028861a.jpeg
2022-02-25 15:47:02.503 INFO Train - trainImages: loading image done
2022-02-25 15:47:02.504 INFO Train - trainImages: finding the encoding of image
2022-02-25 15:47:02.731 INFO Train - trainImages: finding encoding of image is done
2022-02-25 15:47:02.731 INFO Train - trainImages: loading image
2022-02-25 15:47:02.735 DEBUG Train - trainImages: /home/vikasjoshis001/Desktop/FaceRecognition/images_to_train/Mangesh/Mangesh.3000c092-960c-11ec-a6b1-2f237028861a.jpeg
2022-02-25 15:47:02.735 INFO Train - trainImages: loading image done
2022-02-25 15:47:02.735 INFO Train - trainImages: finding the encoding of image
2022-02-25 15:47:02.919 INFO Train - trainImages: finding encoding of image is done
2022-02-25 15:47:02.919 INFO Train - trainImages: getting average of encodings of loaded images
2022-02-25 15:47:02.919 INFO Train - trainImages: done with getting average encodings
2022-02-25 15:47:02.919 INFO Train - trainImages: storing the name and encoding in local dictionary
2022-02-25 15:47:02.919 INFO Train - trainImages: stored name and encodes in local dictionary
2022-02-25 15:47:02.919 INFO Train - trainImages: storing the name and encodings in mongodb
2022-02-25 15:47:02.920 INFO Train - trainImages: stored all name and encodes in mongodb
2022-02-25 15:47:02.920 INFO Train - trainImages: started loading images and finding their encodings
2022-02-25 15:47:02.920 INFO Train - trainImages: loading image
2022-02-25 15:47:02.922 DEBUG Train - trainImages: /home/vikasjoshis001/Desktop/FaceRecognition/images_to_train/cersie lannister/index3.jpeg
2022-02-25 15:47:02.922 INFO Train - trainImages: loading image done
2022-02-25 15:47:02.922 INFO Train - trainImages: finding the encoding of image
2022-02-25 15:47:02.996 INFO Train - trainImages: finding encoding of image is done
2022-02-25 15:47:02.996 INFO Train - trainImages: loading image
2022-02-25 15:47:02.998 DEBUG Train - trainImages: /home/vikasjoshis001/Desktop/FaceRecognition/images_to_train/cersie lannister/index5.jpeg
2022-02-25 15:47:02.998 INFO Train - trainImages: loading image done
2022-02-25 15:47:02.998 INFO Train - trainImages: finding the encoding of image
2022-02-25 15:47:03.066 INFO Train - trainImages: finding encoding of image is done
2022-02-25 15:47:03.066 INFO Train - trainImages: loading image
2022-02-25 15:47:03.067 DEBUG Train - trainImages: /home/vikasjoshis001/Desktop/FaceRecognition/images_to_train/cersie lannister/index2.jpeg
2022-02-25 15:47:03.067 INFO Train - trainImages: loading image done
2022-02-25 15:47:03.067 INFO Train - trainImages: finding the encoding of image
2022-02-25 15:47:03.137 INFO Train - trainImages: finding encoding of image is done
2022-02-25 15:47:03.137 INFO Train - trainImages: loading image
2022-02-25 15:47:03.139 DEBUG Train - trainImages: /home/vikasjoshis001/Desktop/FaceRecognition/images_to_train/cersie lannister/index4.jpeg
2022-02-25 15:47:03.139 INFO Train - trainImages: loading image done
2022-02-25 15:47:03.139 INFO Train - trainImages: finding the encoding of image
2022-02-25 15:47:03.212 INFO Train - trainImages: finding encoding of image is done
2022-02-25 15:47:03.212 INFO Train - trainImages: getting average of encodings of loaded images
2022-02-25 15:47:03.212 INFO Train - trainImages: done with getting average encodings
2022-02-25 15:47:03.213 INFO Train - trainImages: storing the name and encoding in local dictionary
2022-02-25 15:47:03.213 INFO Train - trainImages: stored name and encodes in local dictionary
2022-02-25 15:47:03.213 INFO Train - trainImages: storing the name and encodings in mongodb
2022-02-25 15:47:03.213 INFO Train - trainImages: stored all name and encodes in mongodb
2022-02-25 15:47:03.214 INFO Train - trainImages: started loading images and finding their encodings
2022-02-25 15:47:03.214 INFO Train - trainImages: loading image
2022-02-25 15:47:03.215 DEBUG Train - trainImages: /home/vikasjoshis001/Desktop/FaceRecognition/images_to_train/king in the north/index.jpeg
2022-02-25 15:47:03.215 INFO Train - trainImages: loading image done
2022-02-25 15:47:03.215 INFO Train - trainImages: finding the encoding of image
2022-02-25 15:47:03.285 INFO Train - trainImages: finding encoding of image is done
2022-02-25 15:47:03.285 INFO Train - trainImages: loading image
2022-02-25 15:47:03.287 DEBUG Train - trainImages: /home/vikasjoshis001/Desktop/FaceRecognition/images_to_train/king in the north/index3.jpeg
2022-02-25 15:47:03.287 INFO Train - trainImages: loading image done
2022-02-25 15:47:03.287 INFO Train - trainImages: finding the encoding of image
2022-02-25 15:47:03.357 INFO Train - trainImages: finding encoding of image is done
2022-02-25 15:47:03.357 INFO Train - trainImages: loading image
2022-02-25 15:47:03.359 DEBUG Train - trainImages: /home/vikasjoshis001/Desktop/FaceRecognition/images_to_train/king in the north/index5.jpeg
2022-02-25 15:47:03.359 INFO Train - trainImages: loading image done
2022-02-25 15:47:03.359 INFO Train - trainImages: finding the encoding of image
2022-02-25 15:47:03.432 INFO Train - trainImages: finding encoding of image is done
2022-02-25 15:47:03.432 INFO Train - trainImages: loading image
2022-02-25 15:47:03.433 DEBUG Train - trainImages: /home/vikasjoshis001/Desktop/FaceRecognition/images_to_train/king in the north/index2.jpeg
2022-02-25 15:47:03.433 INFO Train - trainImages: loading image done
2022-02-25 15:47:03.434 INFO Train - trainImages: finding the encoding of image
2022-02-25 15:47:03.543 INFO Train - trainImages: finding encoding of image is done
2022-02-25 15:47:03.543 INFO Train - trainImages: loading image
2022-02-25 15:47:03.545 DEBUG Train - trainImages: /home/vikasjoshis001/Desktop/FaceRecognition/images_to_train/king in the north/index4.jpeg
2022-02-25 15:47:03.545 INFO Train - trainImages: loading image done
2022-02-25 15:47:03.545 INFO Train - trainImages: finding the encoding of image
2022-02-25 15:47:03.617 INFO Train - trainImages: finding encoding of image is done
2022-02-25 15:47:03.617 INFO Train - trainImages: getting average of encodings of loaded images
2022-02-25 15:47:03.618 INFO Train - trainImages: done with getting average encodings
2022-02-25 15:47:03.618 INFO Train - trainImages: storing the name and encoding in local dictionary
2022-02-25 15:47:03.618 INFO Train - trainImages: stored name and encodes in local dictionary
2022-02-25 15:47:03.618 INFO Train - trainImages: storing the name and encodings in mongodb
2022-02-25 15:47:03.619 INFO Train - trainImages: stored all name and encodes in mongodb
2022-02-25 15:47:03.619 INFO Train - trainImages: started loading images and finding their encodings
2022-02-25 15:47:03.619 INFO Train - trainImages: loading image
2022-02-25 15:47:03.620 DEBUG Train - trainImages: /home/vikasjoshis001/Desktop/FaceRecognition/images_to_train/arya stark/index.jpeg
2022-02-25 15:47:03.620 INFO Train - trainImages: loading image done
2022-02-25 15:47:03.620 INFO Train - trainImages: finding the encoding of image
2022-02-25 15:47:03.695 INFO Train - trainImages: finding encoding of image is done
2022-02-25 15:47:03.695 INFO Train - trainImages: loading image
2022-02-25 15:47:03.696 DEBUG Train - trainImages: /home/vikasjoshis001/Desktop/FaceRecognition/images_to_train/arya stark/index3.jpeg
2022-02-25 15:47:03.696 INFO Train - trainImages: loading image done
2022-02-25 15:47:03.696 INFO Train - trainImages: finding the encoding of image
2022-02-25 15:47:03.766 INFO Train - trainImages: finding encoding of image is done
2022-02-25 15:47:03.766 INFO Train - trainImages: loading image
2022-02-25 15:47:03.767 DEBUG Train - trainImages: /home/vikasjoshis001/Desktop/FaceRecognition/images_to_train/arya stark/index5.jpeg
2022-02-25 15:47:03.767 INFO Train - trainImages: loading image done
2022-02-25 15:47:03.767 INFO Train - trainImages: finding the encoding of image
2022-02-25 15:47:03.840 INFO Train - trainImages: finding encoding of image is done
2022-02-25 15:47:03.840 INFO Train - trainImages: loading image
2022-02-25 15:47:03.842 DEBUG Train - trainImages: /home/vikasjoshis001/Desktop/FaceRecognition/images_to_train/arya stark/index2.jpeg
2022-02-25 15:47:03.842 INFO Train - trainImages: loading image done
2022-02-25 15:47:03.842 INFO Train - trainImages: finding the encoding of image
2022-02-25 15:47:03.917 INFO Train - trainImages: finding encoding of image is done
2022-02-25 15:47:03.918 INFO Train - trainImages: loading image
2022-02-25 15:47:03.919 DEBUG Train - trainImages: /home/vikasjoshis001/Desktop/FaceRecognition/images_to_train/arya stark/images4.jpeg
2022-02-25 15:47:03.919 INFO Train - trainImages: loading image done
2022-02-25 15:47:03.919 INFO Train - trainImages: finding the encoding of image
2022-02-25 15:47:04.007 INFO Train - trainImages: finding encoding of image is done
2022-02-25 15:47:04.007 INFO Train - trainImages: getting average of encodings of loaded images
2022-02-25 15:47:04.007 INFO Train - trainImages: done with getting average encodings
2022-02-25 15:47:04.007 INFO Train - trainImages: storing the name and encoding in local dictionary
2022-02-25 15:47:04.007 INFO Train - trainImages: stored name and encodes in local dictionary
2022-02-25 15:47:04.008 INFO Train - trainImages: storing the name and encodings in mongodb
2022-02-25 15:47:04.008 INFO Train - trainImages: stored all name and encodes in mongodb
