2022-02-25 12:38:11.034 INFO Train - trainImages: MongoDB database connected successfully
2022-02-25 12:38:11.041 INFO Train - trainImages: collected all folders in known_people folder
2022-02-25 12:38:11.041 DEBUG Train - trainImages: ['tyrion lannister', 'denerys targeryan', 'Vikas', 'cersie lannister', 'king in the north', 'arya stark']
2022-02-25 12:38:11.043 INFO Train - trainImages: collected all images from all folders in known_people folder
2022-02-25 12:38:11.043 DEBUG Train - trainImages: [['/home/vikasjoshis001/Desktop/FaceRecognition/images_to_train/tyrion lannister/images5.jpeg', '/home/vikasjoshis001/Desktop/FaceRecognition/images_to_train/tyrion lannister/index3.jpeg', '/home/vikasjoshis001/Desktop/FaceRecognition/images_to_train/tyrion lannister/index1.jpeg', '/home/vikasjoshis001/Desktop/FaceRecognition/images_to_train/tyrion lannister/index2.jpeg', '/home/vikasjoshis001/Desktop/FaceRecognition/images_to_train/tyrion lannister/index4.jpeg'], ['/home/vikasjoshis001/Desktop/FaceRecognition/images_to_train/denerys targeryan/index3.jpeg', '/home/vikasjoshis001/Desktop/FaceRecognition/images_to_train/denerys targeryan/index5.jpeg', '/home/vikasjoshis001/Desktop/FaceRecognition/images_to_train/denerys targeryan/index1.jpeg', '/home/vikasjoshis001/Desktop/FaceRecognition/images_to_train/denerys targeryan/index2.jpeg', '/home/vikasjoshis001/Desktop/FaceRecognition/images_to_train/denerys targeryan/index4.jpeg'], ['/home/vikasjoshis001/Desktop/FaceRecognition/images_to_train/Vikas/Vikas.aeecdb5b-9609-11ec-a6b1-2f237028861a.jpeg', '/home/vikasjoshis001/Desktop/FaceRecognition/images_to_train/Vikas/Vikas.ada30f8a-9609-11ec-a6b1-2f237028861a.jpeg', '/home/vikasjoshis001/Desktop/FaceRecognition/images_to_train/Vikas/Vikas.ada30f8b-9609-11ec-a6b1-2f237028861a.jpeg', '/home/vikasjoshis001/Desktop/FaceRecognition/images_to_train/Vikas/Vikas.aeecdb5a-9609-11ec-a6b1-2f237028861a.jpeg', '/home/vikasjoshis001/Desktop/FaceRecognition/images_to_train/Vikas/Vikas.b02538dc-9609-11ec-a6b1-2f237028861a.jpeg'], ['/home/vikasjoshis001/Desktop/FaceRecognition/images_to_train/cersie lannister/index3.jpeg', '/home/vikasjoshis001/Desktop/FaceRecognition/images_to_train/cersie lannister/index5.jpeg', '/home/vikasjoshis001/Desktop/FaceRecognition/images_to_train/cersie lannister/index2.jpeg', '/home/vikasjoshis001/Desktop/FaceRecognition/images_to_train/cersie lannister/index4.jpeg'], ['/home/vikasjoshis001/Desktop/FaceRecognition/images_to_train/king in the north/index.jpeg', '/home/vikasjoshis001/Desktop/FaceRecognition/images_to_train/king in the north/index3.jpeg', '/home/vikasjoshis001/Desktop/FaceRecognition/images_to_train/king in the north/index5.jpeg', '/home/vikasjoshis001/Desktop/FaceRecognition/images_to_train/king in the north/index2.jpeg', '/home/vikasjoshis001/Desktop/FaceRecognition/images_to_train/king in the north/index4.jpeg'], ['/home/vikasjoshis001/Desktop/FaceRecognition/images_to_train/arya stark/index.jpeg', '/home/vikasjoshis001/Desktop/FaceRecognition/images_to_train/arya stark/index3.jpeg', '/home/vikasjoshis001/Desktop/FaceRecognition/images_to_train/arya stark/index5.jpeg', '/home/vikasjoshis001/Desktop/FaceRecognition/images_to_train/arya stark/index2.jpeg', '/home/vikasjoshis001/Desktop/FaceRecognition/images_to_train/arya stark/images4.jpeg']]
2022-02-25 12:38:11.045 INFO Train - trainImages: started loading images and finding their encodings
2022-02-25 12:38:11.045 INFO Train - trainImages: loading image
2022-02-25 12:38:11.064 DEBUG Train - trainImages: /home/vikasjoshis001/Desktop/FaceRecognition/images_to_train/tyrion lannister/images5.jpeg
2022-02-25 12:38:11.064 INFO Train - trainImages: loading image done
2022-02-25 12:38:11.064 INFO Train - trainImages: finding the encoding of image
2022-02-25 12:38:11.144 INFO Train - trainImages: finding encoding of image is done
2022-02-25 12:38:11.144 INFO Train - trainImages: loading image
2022-02-25 12:38:11.145 DEBUG Train - trainImages: /home/vikasjoshis001/Desktop/FaceRecognition/images_to_train/tyrion lannister/index3.jpeg
2022-02-25 12:38:11.145 INFO Train - trainImages: loading image done
2022-02-25 12:38:11.145 INFO Train - trainImages: finding the encoding of image
2022-02-25 12:38:11.212 INFO Train - trainImages: finding encoding of image is done
2022-02-25 12:38:11.212 INFO Train - trainImages: loading image
2022-02-25 12:38:11.212 DEBUG Train - trainImages: /home/vikasjoshis001/Desktop/FaceRecognition/images_to_train/tyrion lannister/index1.jpeg
2022-02-25 12:38:11.213 INFO Train - trainImages: loading image done
2022-02-25 12:38:11.213 INFO Train - trainImages: finding the encoding of image
2022-02-25 12:38:11.280 INFO Train - trainImages: finding encoding of image is done
2022-02-25 12:38:11.280 INFO Train - trainImages: loading image
2022-02-25 12:38:11.281 DEBUG Train - trainImages: /home/vikasjoshis001/Desktop/FaceRecognition/images_to_train/tyrion lannister/index2.jpeg
2022-02-25 12:38:11.281 INFO Train - trainImages: loading image done
2022-02-25 12:38:11.281 INFO Train - trainImages: finding the encoding of image
2022-02-25 12:38:11.351 INFO Train - trainImages: finding encoding of image is done
2022-02-25 12:38:11.351 INFO Train - trainImages: loading image
2022-02-25 12:38:11.352 DEBUG Train - trainImages: /home/vikasjoshis001/Desktop/FaceRecognition/images_to_train/tyrion lannister/index4.jpeg
2022-02-25 12:38:11.352 INFO Train - trainImages: loading image done
2022-02-25 12:38:11.352 INFO Train - trainImages: finding the encoding of image
2022-02-25 12:38:11.430 INFO Train - trainImages: finding encoding of image is done
2022-02-25 12:38:11.430 INFO Train - trainImages: getting average of encodings of loaded images
2022-02-25 12:38:11.431 INFO Train - trainImages: done with getting average encodings
2022-02-25 12:38:11.431 INFO Train - trainImages: storing the name and encoding in local dictionary
2022-02-25 12:38:11.431 INFO Train - trainImages: stored name and encodes in local dictionary
2022-02-25 12:38:11.431 INFO Train - trainImages: storing the name and encodings in mongodb
2022-02-25 12:38:11.432 INFO Train - trainImages: stored all name and encodes in mongodb
2022-02-25 12:38:11.433 INFO Train - trainImages: started loading images and finding their encodings
2022-02-25 12:38:11.433 INFO Train - trainImages: loading image
2022-02-25 12:38:11.434 DEBUG Train - trainImages: /home/vikasjoshis001/Desktop/FaceRecognition/images_to_train/denerys targeryan/index3.jpeg
2022-02-25 12:38:11.434 INFO Train - trainImages: loading image done
2022-02-25 12:38:11.434 INFO Train - trainImages: finding the encoding of image
2022-02-25 12:38:11.501 INFO Train - trainImages: finding encoding of image is done
2022-02-25 12:38:11.501 INFO Train - trainImages: loading image
2022-02-25 12:38:11.501 DEBUG Train - trainImages: /home/vikasjoshis001/Desktop/FaceRecognition/images_to_train/denerys targeryan/index5.jpeg
2022-02-25 12:38:11.501 INFO Train - trainImages: loading image done
2022-02-25 12:38:11.501 INFO Train - trainImages: finding the encoding of image
2022-02-25 12:38:11.568 INFO Train - trainImages: finding encoding of image is done
2022-02-25 12:38:11.568 INFO Train - trainImages: loading image
2022-02-25 12:38:11.568 DEBUG Train - trainImages: /home/vikasjoshis001/Desktop/FaceRecognition/images_to_train/denerys targeryan/index1.jpeg
2022-02-25 12:38:11.568 INFO Train - trainImages: loading image done
2022-02-25 12:38:11.568 INFO Train - trainImages: finding the encoding of image
2022-02-25 12:38:11.636 INFO Train - trainImages: finding encoding of image is done
2022-02-25 12:38:11.636 INFO Train - trainImages: loading image
2022-02-25 12:38:11.637 DEBUG Train - trainImages: /home/vikasjoshis001/Desktop/FaceRecognition/images_to_train/denerys targeryan/index2.jpeg
2022-02-25 12:38:11.637 INFO Train - trainImages: loading image done
2022-02-25 12:38:11.637 INFO Train - trainImages: finding the encoding of image
2022-02-25 12:38:11.703 INFO Train - trainImages: finding encoding of image is done
2022-02-25 12:38:11.703 INFO Train - trainImages: loading image
2022-02-25 12:38:11.704 DEBUG Train - trainImages: /home/vikasjoshis001/Desktop/FaceRecognition/images_to_train/denerys targeryan/index4.jpeg
2022-02-25 12:38:11.704 INFO Train - trainImages: loading image done
2022-02-25 12:38:11.704 INFO Train - trainImages: finding the encoding of image
2022-02-25 12:38:11.796 INFO Train - trainImages: finding encoding of image is done
2022-02-25 12:38:11.796 INFO Train - trainImages: getting average of encodings of loaded images
2022-02-25 12:38:11.796 INFO Train - trainImages: done with getting average encodings
2022-02-25 12:38:11.796 INFO Train - trainImages: storing the name and encoding in local dictionary
2022-02-25 12:38:11.796 INFO Train - trainImages: stored name and encodes in local dictionary
2022-02-25 12:38:11.796 INFO Train - trainImages: storing the name and encodings in mongodb
2022-02-25 12:38:11.797 INFO Train - trainImages: stored all name and encodes in mongodb
2022-02-25 12:38:11.797 INFO Train - trainImages: started loading images and finding their encodings
2022-02-25 12:38:11.797 INFO Train - trainImages: loading image
2022-02-25 12:38:11.800 DEBUG Train - trainImages: /home/vikasjoshis001/Desktop/FaceRecognition/images_to_train/Vikas/Vikas.aeecdb5b-9609-11ec-a6b1-2f237028861a.jpeg
2022-02-25 12:38:11.800 INFO Train - trainImages: loading image done
2022-02-25 12:38:11.800 INFO Train - trainImages: finding the encoding of image
2022-02-25 12:38:12.095 INFO Train - trainImages: finding encoding of image is done
2022-02-25 12:38:12.095 INFO Train - trainImages: loading image
2022-02-25 12:38:12.098 DEBUG Train - trainImages: /home/vikasjoshis001/Desktop/FaceRecognition/images_to_train/Vikas/Vikas.ada30f8a-9609-11ec-a6b1-2f237028861a.jpeg
2022-02-25 12:38:12.098 INFO Train - trainImages: loading image done
2022-02-25 12:38:12.098 INFO Train - trainImages: finding the encoding of image
2022-02-25 12:38:12.461 INFO Train - trainImages: finding encoding of image is done
2022-02-25 12:38:12.461 INFO Train - trainImages: loading image
2022-02-25 12:38:12.464 DEBUG Train - trainImages: /home/vikasjoshis001/Desktop/FaceRecognition/images_to_train/Vikas/Vikas.ada30f8b-9609-11ec-a6b1-2f237028861a.jpeg
2022-02-25 12:38:12.464 INFO Train - trainImages: loading image done
2022-02-25 12:38:12.465 INFO Train - trainImages: finding the encoding of image
2022-02-25 12:38:12.776 INFO Train - trainImages: finding encoding of image is done
2022-02-25 12:38:12.776 INFO Train - trainImages: loading image
2022-02-25 12:38:12.779 DEBUG Train - trainImages: /home/vikasjoshis001/Desktop/FaceRecognition/images_to_train/Vikas/Vikas.aeecdb5a-9609-11ec-a6b1-2f237028861a.jpeg
2022-02-25 12:38:12.779 INFO Train - trainImages: loading image done
2022-02-25 12:38:12.779 INFO Train - trainImages: finding the encoding of image
2022-02-25 12:38:13.078 INFO Train - trainImages: finding encoding of image is done
2022-02-25 12:38:13.078 INFO Train - trainImages: loading image
2022-02-25 12:38:13.081 DEBUG Train - trainImages: /home/vikasjoshis001/Desktop/FaceRecognition/images_to_train/Vikas/Vikas.b02538dc-9609-11ec-a6b1-2f237028861a.jpeg
2022-02-25 12:38:13.081 INFO Train - trainImages: loading image done
2022-02-25 12:38:13.081 INFO Train - trainImages: finding the encoding of image
2022-02-25 12:38:13.262 INFO Train - trainImages: finding encoding of image is done
2022-02-25 12:38:13.262 INFO Train - trainImages: getting average of encodings of loaded images
2022-02-25 12:38:13.263 INFO Train - trainImages: done with getting average encodings
2022-02-25 12:38:13.263 INFO Train - trainImages: storing the name and encoding in local dictionary
2022-02-25 12:38:13.263 INFO Train - trainImages: stored name and encodes in local dictionary
2022-02-25 12:38:13.263 INFO Train - trainImages: storing the name and encodings in mongodb
2022-02-25 12:38:13.264 INFO Train - trainImages: stored all name and encodes in mongodb
2022-02-25 12:38:13.264 INFO Train - trainImages: started loading images and finding their encodings
2022-02-25 12:38:13.264 INFO Train - trainImages: loading image
2022-02-25 12:38:13.264 DEBUG Train - trainImages: /home/vikasjoshis001/Desktop/FaceRecognition/images_to_train/cersie lannister/index3.jpeg
2022-02-25 12:38:13.264 INFO Train - trainImages: loading image done
2022-02-25 12:38:13.264 INFO Train - trainImages: finding the encoding of image
2022-02-25 12:38:13.329 INFO Train - trainImages: finding encoding of image is done
2022-02-25 12:38:13.329 INFO Train - trainImages: loading image
2022-02-25 12:38:13.330 DEBUG Train - trainImages: /home/vikasjoshis001/Desktop/FaceRecognition/images_to_train/cersie lannister/index5.jpeg
2022-02-25 12:38:13.330 INFO Train - trainImages: loading image done
2022-02-25 12:38:13.330 INFO Train - trainImages: finding the encoding of image
2022-02-25 12:38:13.394 INFO Train - trainImages: finding encoding of image is done
2022-02-25 12:38:13.394 INFO Train - trainImages: loading image
2022-02-25 12:38:13.395 DEBUG Train - trainImages: /home/vikasjoshis001/Desktop/FaceRecognition/images_to_train/cersie lannister/index2.jpeg
2022-02-25 12:38:13.395 INFO Train - trainImages: loading image done
2022-02-25 12:38:13.395 INFO Train - trainImages: finding the encoding of image
2022-02-25 12:38:13.461 INFO Train - trainImages: finding encoding of image is done
2022-02-25 12:38:13.461 INFO Train - trainImages: loading image
2022-02-25 12:38:13.462 DEBUG Train - trainImages: /home/vikasjoshis001/Desktop/FaceRecognition/images_to_train/cersie lannister/index4.jpeg
2022-02-25 12:38:13.462 INFO Train - trainImages: loading image done
2022-02-25 12:38:13.462 INFO Train - trainImages: finding the encoding of image
2022-02-25 12:38:13.526 INFO Train - trainImages: finding encoding of image is done
2022-02-25 12:38:13.526 INFO Train - trainImages: getting average of encodings of loaded images
2022-02-25 12:38:13.527 INFO Train - trainImages: done with getting average encodings
2022-02-25 12:38:13.527 INFO Train - trainImages: storing the name and encoding in local dictionary
2022-02-25 12:38:13.527 INFO Train - trainImages: stored name and encodes in local dictionary
2022-02-25 12:38:13.527 INFO Train - trainImages: storing the name and encodings in mongodb
2022-02-25 12:38:13.527 INFO Train - trainImages: stored all name and encodes in mongodb
2022-02-25 12:38:13.527 INFO Train - trainImages: started loading images and finding their encodings
2022-02-25 12:38:13.527 INFO Train - trainImages: loading image
2022-02-25 12:38:13.528 DEBUG Train - trainImages: /home/vikasjoshis001/Desktop/FaceRecognition/images_to_train/king in the north/index.jpeg
2022-02-25 12:38:13.528 INFO Train - trainImages: loading image done
2022-02-25 12:38:13.528 INFO Train - trainImages: finding the encoding of image
2022-02-25 12:38:13.594 INFO Train - trainImages: finding encoding of image is done
2022-02-25 12:38:13.594 INFO Train - trainImages: loading image
2022-02-25 12:38:13.595 DEBUG Train - trainImages: /home/vikasjoshis001/Desktop/FaceRecognition/images_to_train/king in the north/index3.jpeg
2022-02-25 12:38:13.595 INFO Train - trainImages: loading image done
2022-02-25 12:38:13.595 INFO Train - trainImages: finding the encoding of image
2022-02-25 12:38:13.662 INFO Train - trainImages: finding encoding of image is done
2022-02-25 12:38:13.662 INFO Train - trainImages: loading image
2022-02-25 12:38:13.662 DEBUG Train - trainImages: /home/vikasjoshis001/Desktop/FaceRecognition/images_to_train/king in the north/index5.jpeg
2022-02-25 12:38:13.662 INFO Train - trainImages: loading image done
2022-02-25 12:38:13.662 INFO Train - trainImages: finding the encoding of image
2022-02-25 12:38:13.728 INFO Train - trainImages: finding encoding of image is done
2022-02-25 12:38:13.728 INFO Train - trainImages: loading image
2022-02-25 12:38:13.728 DEBUG Train - trainImages: /home/vikasjoshis001/Desktop/FaceRecognition/images_to_train/king in the north/index2.jpeg
2022-02-25 12:38:13.728 INFO Train - trainImages: loading image done
2022-02-25 12:38:13.728 INFO Train - trainImages: finding the encoding of image
2022-02-25 12:38:13.794 INFO Train - trainImages: finding encoding of image is done
2022-02-25 12:38:13.794 INFO Train - trainImages: loading image
2022-02-25 12:38:13.794 DEBUG Train - trainImages: /home/vikasjoshis001/Desktop/FaceRecognition/images_to_train/king in the north/index4.jpeg
2022-02-25 12:38:13.794 INFO Train - trainImages: loading image done
2022-02-25 12:38:13.794 INFO Train - trainImages: finding the encoding of image
2022-02-25 12:38:13.862 INFO Train - trainImages: finding encoding of image is done
2022-02-25 12:38:13.862 INFO Train - trainImages: getting average of encodings of loaded images
2022-02-25 12:38:13.862 INFO Train - trainImages: done with getting average encodings
2022-02-25 12:38:13.862 INFO Train - trainImages: storing the name and encoding in local dictionary
2022-02-25 12:38:13.862 INFO Train - trainImages: stored name and encodes in local dictionary
2022-02-25 12:38:13.862 INFO Train - trainImages: storing the name and encodings in mongodb
2022-02-25 12:38:13.863 INFO Train - trainImages: stored all name and encodes in mongodb
2022-02-25 12:38:13.863 INFO Train - trainImages: started loading images and finding their encodings
2022-02-25 12:38:13.863 INFO Train - trainImages: loading image
2022-02-25 12:38:13.864 DEBUG Train - trainImages: /home/vikasjoshis001/Desktop/FaceRecognition/images_to_train/arya stark/index.jpeg
2022-02-25 12:38:13.864 INFO Train - trainImages: loading image done
2022-02-25 12:38:13.864 INFO Train - trainImages: finding the encoding of image
2022-02-25 12:38:13.931 INFO Train - trainImages: finding encoding of image is done
2022-02-25 12:38:13.931 INFO Train - trainImages: loading image
2022-02-25 12:38:13.932 DEBUG Train - trainImages: /home/vikasjoshis001/Desktop/FaceRecognition/images_to_train/arya stark/index3.jpeg
2022-02-25 12:38:13.932 INFO Train - trainImages: loading image done
2022-02-25 12:38:13.932 INFO Train - trainImages: finding the encoding of image
2022-02-25 12:38:13.997 INFO Train - trainImages: finding encoding of image is done
2022-02-25 12:38:13.997 INFO Train - trainImages: loading image
2022-02-25 12:38:13.997 DEBUG Train - trainImages: /home/vikasjoshis001/Desktop/FaceRecognition/images_to_train/arya stark/index5.jpeg
2022-02-25 12:38:13.997 INFO Train - trainImages: loading image done
2022-02-25 12:38:13.997 INFO Train - trainImages: finding the encoding of image
2022-02-25 12:38:14.066 INFO Train - trainImages: finding encoding of image is done
2022-02-25 12:38:14.066 INFO Train - trainImages: loading image
2022-02-25 12:38:14.066 DEBUG Train - trainImages: /home/vikasjoshis001/Desktop/FaceRecognition/images_to_train/arya stark/index2.jpeg
2022-02-25 12:38:14.066 INFO Train - trainImages: loading image done
2022-02-25 12:38:14.066 INFO Train - trainImages: finding the encoding of image
2022-02-25 12:38:14.132 INFO Train - trainImages: finding encoding of image is done
2022-02-25 12:38:14.132 INFO Train - trainImages: loading image
2022-02-25 12:38:14.133 DEBUG Train - trainImages: /home/vikasjoshis001/Desktop/FaceRecognition/images_to_train/arya stark/images4.jpeg
2022-02-25 12:38:14.133 INFO Train - trainImages: loading image done
2022-02-25 12:38:14.133 INFO Train - trainImages: finding the encoding of image
2022-02-25 12:38:14.197 INFO Train - trainImages: finding encoding of image is done
2022-02-25 12:38:14.197 INFO Train - trainImages: getting average of encodings of loaded images
2022-02-25 12:38:14.197 INFO Train - trainImages: done with getting average encodings
2022-02-25 12:38:14.197 INFO Train - trainImages: storing the name and encoding in local dictionary
2022-02-25 12:38:14.197 INFO Train - trainImages: stored name and encodes in local dictionary
2022-02-25 12:38:14.197 INFO Train - trainImages: storing the name and encodings in mongodb
2022-02-25 12:38:14.198 INFO Train - trainImages: stored all name and encodes in mongodb
