2022-03-31 21:46:57.774 INFO Train - trainImages: MongoDB database connected successfully
2022-03-31 21:46:57.784 INFO Train - trainImages: collected all folders in known_people folder
2022-03-31 21:46:57.785 DEBUG Train - trainImages: ['FSRG-2022-03-31 21:45:46.139376', 'tyrion lannister', 'denerys targeryan', 'Fe-2022-03-31 21:29:28.266217', 'xvfgb-2022-03-31 21:35:53.865947', 'vi-2022-03-31 15:41:30.461338', 'ws-2022-03-31 21:31:10.432193', 'FHTFH-2022-03-31 21:46:46.208323', 'CD-2022-03-31 21:46:08.063035', 'cersie lannister', 'Vikas-2022-03-31 13:17:26.260103', 'king in the north', 'vxbvcb-2022-03-31 21:35:34.604041', 'htfjuykj-2022-03-31 21:39:07.212646', 'arya stark', 'cdgf-2022-03-31 21:36:27.346228', 'CDSGFRF-2022-03-31 21:43:47.409374', 'hfjghjk-2022-03-31 21:42:10.265917', 'hbdhjvbxbh-2022-03-31 13:55:24.952640', 'Hello-2022-03-31 21:24:36.282713', 'VDFGBFD-2022-03-31 21:43:20.375870', 'fdfds-2022-03-31 21:32:12.815087']
2022-03-31 21:46:57.791 INFO Train - trainImages: collected all images from all folders in known_people folder
2022-03-31 21:46:57.791 DEBUG Train - trainImages: [['/home/vikasjoshis001/Desktop/Gestures/images_to_train/FSRG-2022-03-31 21:45:46.139376/FSRG.d3b1a0c8-b10d-11ec-9ef1-cb4f7634f54e.jpeg', '/home/vikasjoshis001/Desktop/Gestures/images_to_train/FSRG-2022-03-31 21:45:46.139376/FSRG.d268f0e0-b10d-11ec-9ef1-cb4f7634f54e.jpeg', '/home/vikasjoshis001/Desktop/Gestures/images_to_train/FSRG-2022-03-31 21:45:46.139376/FSRG.d268f0e1-b10d-11ec-9ef1-cb4f7634f54e.jpeg', '/home/vikasjoshis001/Desktop/Gestures/images_to_train/FSRG-2022-03-31 21:45:46.139376/FSRG.d3b1a0c9-b10d-11ec-9ef1-cb4f7634f54e.jpeg', '/home/vikasjoshis001/Desktop/Gestures/images_to_train/FSRG-2022-03-31 21:45:46.139376/FSRG.d4e6ac90-b10d-11ec-9ef1-cb4f7634f54e.jpeg'], ['/home/vikasjoshis001/Desktop/Gestures/images_to_train/tyrion lannister/images5.jpeg', '/home/vikasjoshis001/Desktop/Gestures/images_to_train/tyrion lannister/index3.jpeg', '/home/vikasjoshis001/Desktop/Gestures/images_to_train/tyrion lannister/index1.jpeg', '/home/vikasjoshis001/Desktop/Gestures/images_to_train/tyrion lannister/index2.jpeg', '/home/vikasjoshis001/Desktop/Gestures/images_to_train/tyrion lannister/index4.jpeg'], ['/home/vikasjoshis001/Desktop/Gestures/images_to_train/denerys targeryan/index3.jpeg', '/home/vikasjoshis001/Desktop/Gestures/images_to_train/denerys targeryan/index5.jpeg', '/home/vikasjoshis001/Desktop/Gestures/images_to_train/denerys targeryan/index1.jpeg', '/home/vikasjoshis001/Desktop/Gestures/images_to_train/denerys targeryan/index2.jpeg', '/home/vikasjoshis001/Desktop/Gestures/images_to_train/denerys targeryan/index4.jpeg'], [], ['/home/vikasjoshis001/Desktop/Gestures/images_to_train/xvfgb-2022-03-31 21:35:53.865947/xvfgb.73ed539a-b10c-11ec-9ef1-cb4f7634f54e.jpeg', '/home/vikasjoshis001/Desktop/Gestures/images_to_train/xvfgb-2022-03-31 21:35:53.865947/xvfgb.72ba2674-b10c-11ec-9ef1-cb4f7634f54e.jpeg', '/home/vikasjoshis001/Desktop/Gestures/images_to_train/xvfgb-2022-03-31 21:35:53.865947/xvfgb.72ba2675-b10c-11ec-9ef1-cb4f7634f54e.jpeg', '/home/vikasjoshis001/Desktop/Gestures/images_to_train/xvfgb-2022-03-31 21:35:53.865947/xvfgb.7162adb5-b10c-11ec-9ef1-cb4f7634f54e.jpeg', '/home/vikasjoshis001/Desktop/Gestures/images_to_train/xvfgb-2022-03-31 21:35:53.865947/xvfgb.7162adb4-b10c-11ec-9ef1-cb4f7634f54e.jpeg'], ['/home/vikasjoshis001/Desktop/Gestures/images_to_train/vi-2022-03-31 15:41:30.461338/vi.f0661862-b0da-11ec-95c9-353773ec36e1.jpeg', '/home/vikasjoshis001/Desktop/Gestures/images_to_train/vi-2022-03-31 15:41:30.461338/vi.f19f811e-b0da-11ec-95c9-353773ec36e1.jpeg', '/home/vikasjoshis001/Desktop/Gestures/images_to_train/vi-2022-03-31 15:41:30.461338/vi.ef6445f6-b0da-11ec-95c9-353773ec36e1.jpeg', '/home/vikasjoshis001/Desktop/Gestures/images_to_train/vi-2022-03-31 15:41:30.461338/vi.f0661863-b0da-11ec-95c9-353773ec36e1.jpeg', '/home/vikasjoshis001/Desktop/Gestures/images_to_train/vi-2022-03-31 15:41:30.461338/vi.f19f811f-b0da-11ec-95c9-353773ec36e1.jpeg'], [], ['/home/vikasjoshis001/Desktop/Gestures/images_to_train/FHTFH-2022-03-31 21:46:46.208323/FHTFH.f7822ce8-b10d-11ec-9ef1-cb4f7634f54e.jpeg', '/home/vikasjoshis001/Desktop/Gestures/images_to_train/FHTFH-2022-03-31 21:46:46.208323/FHTFH.f7822ce9-b10d-11ec-9ef1-cb4f7634f54e.jpeg', '/home/vikasjoshis001/Desktop/Gestures/images_to_train/FHTFH-2022-03-31 21:46:46.208323/FHTFH.f8b6eec8-b10d-11ec-9ef1-cb4f7634f54e.jpeg', '/home/vikasjoshis001/Desktop/Gestures/images_to_train/FHTFH-2022-03-31 21:46:46.208323/FHTFH.f636c1d3-b10d-11ec-9ef1-cb4f7634f54e.jpeg', '/home/vikasjoshis001/Desktop/Gestures/images_to_train/FHTFH-2022-03-31 21:46:46.208323/FHTFH.f636c1d2-b10d-11ec-9ef1-cb4f7634f54e.jpeg'], ['/home/vikasjoshis001/Desktop/Gestures/images_to_train/CD-2022-03-31 21:46:08.063035/CD.df7a12e6-b10d-11ec-9ef1-cb4f7634f54e.jpeg', '/home/vikasjoshis001/Desktop/Gestures/images_to_train/CD-2022-03-31 21:46:08.063035/CD.e0c36897-b10d-11ec-9ef1-cb4f7634f54e.jpeg', '/home/vikasjoshis001/Desktop/Gestures/images_to_train/CD-2022-03-31 21:46:08.063035/CD.e1f89682-b10d-11ec-9ef1-cb4f7634f54e.jpeg', '/home/vikasjoshis001/Desktop/Gestures/images_to_train/CD-2022-03-31 21:46:08.063035/CD.df7a12e7-b10d-11ec-9ef1-cb4f7634f54e.jpeg', '/home/vikasjoshis001/Desktop/Gestures/images_to_train/CD-2022-03-31 21:46:08.063035/CD.e0c36896-b10d-11ec-9ef1-cb4f7634f54e.jpeg'], ['/home/vikasjoshis001/Desktop/Gestures/images_to_train/cersie lannister/index3.jpeg', '/home/vikasjoshis001/Desktop/Gestures/images_to_train/cersie lannister/index5.jpeg', '/home/vikasjoshis001/Desktop/Gestures/images_to_train/cersie lannister/index2.jpeg', '/home/vikasjoshis001/Desktop/Gestures/images_to_train/cersie lannister/index4.jpeg'], ['/home/vikasjoshis001/Desktop/Gestures/images_to_train/Vikas-2022-03-31 13:17:26.260103/Vikas.d18bc824-b0c6-11ec-95c9-353773ec36e1.jpeg', '/home/vikasjoshis001/Desktop/Gestures/images_to_train/Vikas-2022-03-31 13:17:26.260103/Vikas.d056c17b-b0c6-11ec-95c9-353773ec36e1.jpeg', '/home/vikasjoshis001/Desktop/Gestures/images_to_train/Vikas-2022-03-31 13:17:26.260103/Vikas.cf0c4b78-b0c6-11ec-95c9-353773ec36e1.jpeg', '/home/vikasjoshis001/Desktop/Gestures/images_to_train/Vikas-2022-03-31 13:17:26.260103/Vikas.cf0c4b79-b0c6-11ec-95c9-353773ec36e1.jpeg', '/home/vikasjoshis001/Desktop/Gestures/images_to_train/Vikas-2022-03-31 13:17:26.260103/Vikas.d056c17a-b0c6-11ec-95c9-353773ec36e1.jpeg'], ['/home/vikasjoshis001/Desktop/Gestures/images_to_train/king in the north/index.jpeg', '/home/vikasjoshis001/Desktop/Gestures/images_to_train/king in the north/index3.jpeg', '/home/vikasjoshis001/Desktop/Gestures/images_to_train/king in the north/index5.jpeg', '/home/vikasjoshis001/Desktop/Gestures/images_to_train/king in the north/index2.jpeg', '/home/vikasjoshis001/Desktop/Gestures/images_to_train/king in the north/index4.jpeg'], [], ['/home/vikasjoshis001/Desktop/Gestures/images_to_train/htfjuykj-2022-03-31 21:39:07.212646/htfjuykj.e72bd3a4-b10c-11ec-9ef1-cb4f7634f54e.jpeg', '/home/vikasjoshis001/Desktop/Gestures/images_to_train/htfjuykj-2022-03-31 21:39:07.212646/htfjuykj.e5f7207f-b10c-11ec-9ef1-cb4f7634f54e.jpeg', '/home/vikasjoshis001/Desktop/Gestures/images_to_train/htfjuykj-2022-03-31 21:39:07.212646/htfjuykj.e5f7207e-b10c-11ec-9ef1-cb4f7634f54e.jpeg', '/home/vikasjoshis001/Desktop/Gestures/images_to_train/htfjuykj-2022-03-31 21:39:07.212646/htfjuykj.e4a12167-b10c-11ec-9ef1-cb4f7634f54e.jpeg', '/home/vikasjoshis001/Desktop/Gestures/images_to_train/htfjuykj-2022-03-31 21:39:07.212646/htfjuykj.e4a12166-b10c-11ec-9ef1-cb4f7634f54e.jpeg'], ['/home/vikasjoshis001/Desktop/Gestures/images_to_train/arya stark/index.jpeg', '/home/vikasjoshis001/Desktop/Gestures/images_to_train/arya stark/index3.jpeg', '/home/vikasjoshis001/Desktop/Gestures/images_to_train/arya stark/index5.jpeg', '/home/vikasjoshis001/Desktop/Gestures/images_to_train/arya stark/index2.jpeg', '/home/vikasjoshis001/Desktop/Gestures/images_to_train/arya stark/images4.jpeg'], ['/home/vikasjoshis001/Desktop/Gestures/images_to_train/cdgf-2022-03-31 21:36:27.346228/cdgf.85578c72-b10c-11ec-9ef1-cb4f7634f54e.jpeg', '/home/vikasjoshis001/Desktop/Gestures/images_to_train/cdgf-2022-03-31 21:36:27.346228/cdgf.87d815f2-b10c-11ec-9ef1-cb4f7634f54e.jpeg', '/home/vikasjoshis001/Desktop/Gestures/images_to_train/cdgf-2022-03-31 21:36:27.346228/cdgf.85578c73-b10c-11ec-9ef1-cb4f7634f54e.jpeg', '/home/vikasjoshis001/Desktop/Gestures/images_to_train/cdgf-2022-03-31 21:36:27.346228/cdgf.86a3b421-b10c-11ec-9ef1-cb4f7634f54e.jpeg', '/home/vikasjoshis001/Desktop/Gestures/images_to_train/cdgf-2022-03-31 21:36:27.346228/cdgf.86a3b420-b10c-11ec-9ef1-cb4f7634f54e.jpeg'], ['/home/vikasjoshis001/Desktop/Gestures/images_to_train/CDSGFRF-2022-03-31 21:43:47.409374/CDSGFRF.8cf119f2-b10d-11ec-9ef1-cb4f7634f54e.jpeg', '/home/vikasjoshis001/Desktop/Gestures/images_to_train/CDSGFRF-2022-03-31 21:43:47.409374/CDSGFRF.8ba3c96f-b10d-11ec-9ef1-cb4f7634f54e.jpeg', '/home/vikasjoshis001/Desktop/Gestures/images_to_train/CDSGFRF-2022-03-31 21:43:47.409374/CDSGFRF.8cf119f3-b10d-11ec-9ef1-cb4f7634f54e.jpeg', '/home/vikasjoshis001/Desktop/Gestures/images_to_train/CDSGFRF-2022-03-31 21:43:47.409374/CDSGFRF.8ba3c96e-b10d-11ec-9ef1-cb4f7634f54e.jpeg', '/home/vikasjoshis001/Desktop/Gestures/images_to_train/CDSGFRF-2022-03-31 21:43:47.409374/CDSGFRF.8e261750-b10d-11ec-9ef1-cb4f7634f54e.jpeg'], ['/home/vikasjoshis001/Desktop/Gestures/images_to_train/hfjghjk-2022-03-31 21:42:10.265917/hfjghjk.51bcb918-b10d-11ec-9ef1-cb4f7634f54e.jpeg', '/home/vikasjoshis001/Desktop/Gestures/images_to_train/hfjghjk-2022-03-31 21:42:10.265917/hfjghjk.543d4090-b10d-11ec-9ef1-cb4f7634f54e.jpeg', '/home/vikasjoshis001/Desktop/Gestures/images_to_train/hfjghjk-2022-03-31 21:42:10.265917/hfjghjk.5307cb14-b10d-11ec-9ef1-cb4f7634f54e.jpeg', '/home/vikasjoshis001/Desktop/Gestures/images_to_train/hfjghjk-2022-03-31 21:42:10.265917/hfjghjk.5307cb15-b10d-11ec-9ef1-cb4f7634f54e.jpeg', '/home/vikasjoshis001/Desktop/Gestures/images_to_train/hfjghjk-2022-03-31 21:42:10.265917/hfjghjk.51bcb919-b10d-11ec-9ef1-cb4f7634f54e.jpeg'], ['/home/vikasjoshis001/Desktop/Gestures/images_to_train/hbdhjvbxbh-2022-03-31 13:55:24.952640/hbdhjvbxbh.1fc00190-b0cc-11ec-95c9-353773ec36e1.jpeg', '/home/vikasjoshis001/Desktop/Gestures/images_to_train/hbdhjvbxbh-2022-03-31 13:55:24.952640/hbdhjvbxbh.1d3f745b-b0cc-11ec-95c9-353773ec36e1.jpeg', '/home/vikasjoshis001/Desktop/Gestures/images_to_train/hbdhjvbxbh-2022-03-31 13:55:24.952640/hbdhjvbxbh.1e898a3b-b0cc-11ec-95c9-353773ec36e1.jpeg', '/home/vikasjoshis001/Desktop/Gestures/images_to_train/hbdhjvbxbh-2022-03-31 13:55:24.952640/hbdhjvbxbh.1e898a3a-b0cc-11ec-95c9-353773ec36e1.jpeg', '/home/vikasjoshis001/Desktop/Gestures/images_to_train/hbdhjvbxbh-2022-03-31 13:55:24.952640/hbdhjvbxbh.1d3f745a-b0cc-11ec-95c9-353773ec36e1.jpeg'], ['/home/vikasjoshis001/Desktop/Gestures/images_to_train/Hello-2022-03-31 21:24:36.282713/Hello.e06c311f-b10a-11ec-9ef1-cb4f7634f54e.jpeg', '/home/vikasjoshis001/Desktop/Gestures/images_to_train/Hello-2022-03-31 21:24:36.282713/Hello.dd908b34-b10a-11ec-9ef1-cb4f7634f54e.jpeg', '/home/vikasjoshis001/Desktop/Gestures/images_to_train/Hello-2022-03-31 21:24:36.282713/Hello.df350b72-b10a-11ec-9ef1-cb4f7634f54e.jpeg', '/home/vikasjoshis001/Desktop/Gestures/images_to_train/Hello-2022-03-31 21:24:36.282713/Hello.e06c311e-b10a-11ec-9ef1-cb4f7634f54e.jpeg', '/home/vikasjoshis001/Desktop/Gestures/images_to_train/Hello-2022-03-31 21:24:36.282713/Hello.df350b73-b10a-11ec-9ef1-cb4f7634f54e.jpeg'], ['/home/vikasjoshis001/Desktop/Gestures/images_to_train/VDFGBFD-2022-03-31 21:43:20.375870/VDFGBFD.7b868581-b10d-11ec-9ef1-cb4f7634f54e.jpeg', '/home/vikasjoshis001/Desktop/Gestures/images_to_train/VDFGBFD-2022-03-31 21:43:20.375870/VDFGBFD.7cd0ff6a-b10d-11ec-9ef1-cb4f7634f54e.jpeg', '/home/vikasjoshis001/Desktop/Gestures/images_to_train/VDFGBFD-2022-03-31 21:43:20.375870/VDFGBFD.7cd0ff6b-b10d-11ec-9ef1-cb4f7634f54e.jpeg', '/home/vikasjoshis001/Desktop/Gestures/images_to_train/VDFGBFD-2022-03-31 21:43:20.375870/VDFGBFD.7e0657cc-b10d-11ec-9ef1-cb4f7634f54e.jpeg', '/home/vikasjoshis001/Desktop/Gestures/images_to_train/VDFGBFD-2022-03-31 21:43:20.375870/VDFGBFD.7b868580-b10d-11ec-9ef1-cb4f7634f54e.jpeg'], []]
2022-03-31 21:46:57.792 INFO Train - trainImages: started loading images and finding their encodings
2022-03-31 21:46:57.792 INFO Train - trainImages: loading image
2022-03-31 21:46:57.807 DEBUG Train - trainImages: /home/vikasjoshis001/Desktop/Gestures/images_to_train/FSRG-2022-03-31 21:45:46.139376/FSRG.d3b1a0c8-b10d-11ec-9ef1-cb4f7634f54e.jpeg
2022-03-31 21:46:57.807 INFO Train - trainImages: loading image done
2022-03-31 21:46:57.807 INFO Train - trainImages: finding the encoding of image
2022-03-31 21:46:57.898 INFO Train - trainImages: finding encoding of image is done
2022-03-31 21:46:57.898 INFO Train - trainImages: loading image
2022-03-31 21:46:57.899 DEBUG Train - trainImages: /home/vikasjoshis001/Desktop/Gestures/images_to_train/FSRG-2022-03-31 21:45:46.139376/FSRG.d268f0e0-b10d-11ec-9ef1-cb4f7634f54e.jpeg
2022-03-31 21:46:57.899 INFO Train - trainImages: loading image done
2022-03-31 21:46:57.899 INFO Train - trainImages: finding the encoding of image
2022-03-31 21:46:57.978 INFO Train - trainImages: finding encoding of image is done
2022-03-31 21:46:57.978 INFO Train - trainImages: loading image
2022-03-31 21:46:57.979 DEBUG Train - trainImages: /home/vikasjoshis001/Desktop/Gestures/images_to_train/FSRG-2022-03-31 21:45:46.139376/FSRG.d268f0e1-b10d-11ec-9ef1-cb4f7634f54e.jpeg
2022-03-31 21:46:57.979 INFO Train - trainImages: loading image done
2022-03-31 21:46:57.979 INFO Train - trainImages: finding the encoding of image
2022-03-31 21:46:58.060 INFO Train - trainImages: finding encoding of image is done
2022-03-31 21:46:58.060 INFO Train - trainImages: loading image
2022-03-31 21:46:58.061 DEBUG Train - trainImages: /home/vikasjoshis001/Desktop/Gestures/images_to_train/FSRG-2022-03-31 21:45:46.139376/FSRG.d3b1a0c9-b10d-11ec-9ef1-cb4f7634f54e.jpeg
2022-03-31 21:46:58.061 INFO Train - trainImages: loading image done
2022-03-31 21:46:58.061 INFO Train - trainImages: finding the encoding of image
2022-03-31 21:46:58.142 INFO Train - trainImages: finding encoding of image is done
2022-03-31 21:46:58.142 INFO Train - trainImages: loading image
2022-03-31 21:46:58.143 DEBUG Train - trainImages: /home/vikasjoshis001/Desktop/Gestures/images_to_train/FSRG-2022-03-31 21:45:46.139376/FSRG.d4e6ac90-b10d-11ec-9ef1-cb4f7634f54e.jpeg
2022-03-31 21:46:58.143 INFO Train - trainImages: loading image done
2022-03-31 21:46:58.143 INFO Train - trainImages: finding the encoding of image
2022-03-31 21:46:58.224 INFO Train - trainImages: finding encoding of image is done
2022-03-31 21:46:58.224 INFO Train - trainImages: getting average of encodings of loaded images
2022-03-31 21:46:58.224 INFO Train - trainImages: done with getting average encodings
2022-03-31 21:46:58.224 INFO Train - trainImages: storing the name and encoding in local dictionary
2022-03-31 21:46:58.224 INFO Train - trainImages: stored name and encodes in local dictionary
2022-03-31 21:46:58.224 INFO Train - trainImages: storing the name and encodings in mongodb
2022-03-31 21:46:58.226 INFO Train - trainImages: stored all name and encodes in mongodb
2022-03-31 21:46:58.226 INFO Train - trainImages: started loading images and finding their encodings
2022-03-31 21:46:58.226 INFO Train - trainImages: loading image
2022-03-31 21:46:58.227 DEBUG Train - trainImages: /home/vikasjoshis001/Desktop/Gestures/images_to_train/tyrion lannister/images5.jpeg
2022-03-31 21:46:58.227 INFO Train - trainImages: loading image done
2022-03-31 21:46:58.227 INFO Train - trainImages: finding the encoding of image
2022-03-31 21:46:58.298 INFO Train - trainImages: finding encoding of image is done
2022-03-31 21:46:58.298 INFO Train - trainImages: loading image
2022-03-31 21:46:58.298 DEBUG Train - trainImages: /home/vikasjoshis001/Desktop/Gestures/images_to_train/tyrion lannister/index3.jpeg
2022-03-31 21:46:58.299 INFO Train - trainImages: loading image done
2022-03-31 21:46:58.299 INFO Train - trainImages: finding the encoding of image
2022-03-31 21:46:58.368 INFO Train - trainImages: finding encoding of image is done
2022-03-31 21:46:58.369 INFO Train - trainImages: loading image
2022-03-31 21:46:58.369 DEBUG Train - trainImages: /home/vikasjoshis001/Desktop/Gestures/images_to_train/tyrion lannister/index1.jpeg
2022-03-31 21:46:58.369 INFO Train - trainImages: loading image done
2022-03-31 21:46:58.369 INFO Train - trainImages: finding the encoding of image
2022-03-31 21:46:58.441 INFO Train - trainImages: finding encoding of image is done
2022-03-31 21:46:58.441 INFO Train - trainImages: loading image
2022-03-31 21:46:58.441 DEBUG Train - trainImages: /home/vikasjoshis001/Desktop/Gestures/images_to_train/tyrion lannister/index2.jpeg
2022-03-31 21:46:58.441 INFO Train - trainImages: loading image done
2022-03-31 21:46:58.441 INFO Train - trainImages: finding the encoding of image
2022-03-31 21:46:58.512 INFO Train - trainImages: finding encoding of image is done
2022-03-31 21:46:58.512 INFO Train - trainImages: loading image
2022-03-31 21:46:58.513 DEBUG Train - trainImages: /home/vikasjoshis001/Desktop/Gestures/images_to_train/tyrion lannister/index4.jpeg
2022-03-31 21:46:58.513 INFO Train - trainImages: loading image done
2022-03-31 21:46:58.513 INFO Train - trainImages: finding the encoding of image
2022-03-31 21:46:58.579 INFO Train - trainImages: finding encoding of image is done
2022-03-31 21:46:58.580 INFO Train - trainImages: getting average of encodings of loaded images
2022-03-31 21:46:58.580 INFO Train - trainImages: done with getting average encodings
2022-03-31 21:46:58.580 INFO Train - trainImages: storing the name and encoding in local dictionary
2022-03-31 21:46:58.580 INFO Train - trainImages: stored name and encodes in local dictionary
2022-03-31 21:46:58.580 INFO Train - trainImages: storing the name and encodings in mongodb
2022-03-31 21:46:58.581 INFO Train - trainImages: stored all name and encodes in mongodb
2022-03-31 21:46:58.581 INFO Train - trainImages: started loading images and finding their encodings
2022-03-31 21:46:58.581 INFO Train - trainImages: loading image
2022-03-31 21:46:58.581 DEBUG Train - trainImages: /home/vikasjoshis001/Desktop/Gestures/images_to_train/denerys targeryan/index3.jpeg
2022-03-31 21:46:58.581 INFO Train - trainImages: loading image done
2022-03-31 21:46:58.581 INFO Train - trainImages: finding the encoding of image
2022-03-31 21:46:58.649 INFO Train - trainImages: finding encoding of image is done
2022-03-31 21:46:58.649 INFO Train - trainImages: loading image
2022-03-31 21:46:58.650 DEBUG Train - trainImages: /home/vikasjoshis001/Desktop/Gestures/images_to_train/denerys targeryan/index5.jpeg
2022-03-31 21:46:58.650 INFO Train - trainImages: loading image done
2022-03-31 21:46:58.650 INFO Train - trainImages: finding the encoding of image
2022-03-31 21:46:58.718 INFO Train - trainImages: finding encoding of image is done
2022-03-31 21:46:58.718 INFO Train - trainImages: loading image
2022-03-31 21:46:58.719 DEBUG Train - trainImages: /home/vikasjoshis001/Desktop/Gestures/images_to_train/denerys targeryan/index1.jpeg
2022-03-31 21:46:58.719 INFO Train - trainImages: loading image done
2022-03-31 21:46:58.719 INFO Train - trainImages: finding the encoding of image
2022-03-31 21:46:58.788 INFO Train - trainImages: finding encoding of image is done
2022-03-31 21:46:58.788 INFO Train - trainImages: loading image
2022-03-31 21:46:58.789 DEBUG Train - trainImages: /home/vikasjoshis001/Desktop/Gestures/images_to_train/denerys targeryan/index2.jpeg
2022-03-31 21:46:58.789 INFO Train - trainImages: loading image done
2022-03-31 21:46:58.789 INFO Train - trainImages: finding the encoding of image
2022-03-31 21:46:58.861 INFO Train - trainImages: finding encoding of image is done
2022-03-31 21:46:58.861 INFO Train - trainImages: loading image
2022-03-31 21:46:58.862 DEBUG Train - trainImages: /home/vikasjoshis001/Desktop/Gestures/images_to_train/denerys targeryan/index4.jpeg
2022-03-31 21:46:58.862 INFO Train - trainImages: loading image done
2022-03-31 21:46:58.862 INFO Train - trainImages: finding the encoding of image
2022-03-31 21:46:58.929 INFO Train - trainImages: finding encoding of image is done
2022-03-31 21:46:58.929 INFO Train - trainImages: getting average of encodings of loaded images
2022-03-31 21:46:58.929 INFO Train - trainImages: done with getting average encodings
2022-03-31 21:46:58.929 INFO Train - trainImages: storing the name and encoding in local dictionary
2022-03-31 21:46:58.929 INFO Train - trainImages: stored name and encodes in local dictionary
2022-03-31 21:46:58.929 INFO Train - trainImages: storing the name and encodings in mongodb
2022-03-31 21:46:58.930 INFO Train - trainImages: stored all name and encodes in mongodb
2022-03-31 21:46:58.930 DEBUG Train - trainImages: Fe-2022-03-31 21:29:28.266217
2022-03-31 21:46:58.930 ERROR Train - trainImages: above folder is empty with no images
2022-03-31 21:46:58.930 INFO Train - trainImages: exiting the program with no updates in training
