2022-03-01 12:38:39.289 INFO Train - trainImages: MongoDB database connected successfully
2022-03-01 12:38:39.294 INFO Train - trainImages: collected all folders in known_people folder
2022-03-01 12:38:39.294 DEBUG Train - trainImages: ['tyrion lannister', 'denerys targeryan', 'Mangesh', 'cersie lannister', 'king in the north', 'Vikas-2022-03-01 12:38:32.793873', 'arya stark']
2022-03-01 12:38:39.295 INFO Train - trainImages: collected all images from all folders in known_people folder
2022-03-01 12:38:39.295 DEBUG Train - trainImages: [['/home/vikasjoshis001/Desktop/SIH-2022/FaceRecognition/images_to_train/tyrion lannister/images5.jpeg', '/home/vikasjoshis001/Desktop/SIH-2022/FaceRecognition/images_to_train/tyrion lannister/index3.jpeg', '/home/vikasjoshis001/Desktop/SIH-2022/FaceRecognition/images_to_train/tyrion lannister/index1.jpeg', '/home/vikasjoshis001/Desktop/SIH-2022/FaceRecognition/images_to_train/tyrion lannister/index2.jpeg', '/home/vikasjoshis001/Desktop/SIH-2022/FaceRecognition/images_to_train/tyrion lannister/index4.jpeg'], ['/home/vikasjoshis001/Desktop/SIH-2022/FaceRecognition/images_to_train/denerys targeryan/index3.jpeg', '/home/vikasjoshis001/Desktop/SIH-2022/FaceRecognition/images_to_train/denerys targeryan/index5.jpeg', '/home/vikasjoshis001/Desktop/SIH-2022/FaceRecognition/images_to_train/denerys targeryan/index1.jpeg', '/home/vikasjoshis001/Desktop/SIH-2022/FaceRecognition/images_to_train/denerys targeryan/index2.jpeg', '/home/vikasjoshis001/Desktop/SIH-2022/FaceRecognition/images_to_train/denerys targeryan/index4.jpeg'], ['/home/vikasjoshis001/Desktop/SIH-2022/FaceRecognition/images_to_train/Mangesh/Mangesh.3000c093-960c-11ec-a6b1-2f237028861a.jpeg', '/home/vikasjoshis001/Desktop/SIH-2022/FaceRecognition/images_to_train/Mangesh/Mangesh.3283bb58-960c-11ec-a6b1-2f237028861a.jpeg', '/home/vikasjoshis001/Desktop/SIH-2022/FaceRecognition/images_to_train/Mangesh/Mangesh.314bc26c-960c-11ec-a6b1-2f237028861a.jpeg', '/home/vikasjoshis001/Desktop/SIH-2022/FaceRecognition/images_to_train/Mangesh/Mangesh.314bc26d-960c-11ec-a6b1-2f237028861a.jpeg', '/home/vikasjoshis001/Desktop/SIH-2022/FaceRecognition/images_to_train/Mangesh/Mangesh.3000c092-960c-11ec-a6b1-2f237028861a.jpeg'], ['/home/vikasjoshis001/Desktop/SIH-2022/FaceRecognition/images_to_train/cersie lannister/index3.jpeg', '/home/vikasjoshis001/Desktop/SIH-2022/FaceRecognition/images_to_train/cersie lannister/index5.jpeg', '/home/vikasjoshis001/Desktop/SIH-2022/FaceRecognition/images_to_train/cersie lannister/index2.jpeg', '/home/vikasjoshis001/Desktop/SIH-2022/FaceRecognition/images_to_train/cersie lannister/index4.jpeg'], ['/home/vikasjoshis001/Desktop/SIH-2022/FaceRecognition/images_to_train/king in the north/index.jpeg', '/home/vikasjoshis001/Desktop/SIH-2022/FaceRecognition/images_to_train/king in the north/index3.jpeg', '/home/vikasjoshis001/Desktop/SIH-2022/FaceRecognition/images_to_train/king in the north/index5.jpeg', '/home/vikasjoshis001/Desktop/SIH-2022/FaceRecognition/images_to_train/king in the north/index2.jpeg', '/home/vikasjoshis001/Desktop/SIH-2022/FaceRecognition/images_to_train/king in the north/index4.jpeg'], ['/home/vikasjoshis001/Desktop/SIH-2022/FaceRecognition/images_to_train/Vikas-2022-03-01 12:38:32.793873/Vikas.681c70e7-992e-11ec-8011-33f0d9e9c1a4.jpeg', '/home/vikasjoshis001/Desktop/SIH-2022/FaceRecognition/images_to_train/Vikas-2022-03-01 12:38:32.793873/Vikas.6963b807-992e-11ec-8011-33f0d9e9c1a4.jpeg', '/home/vikasjoshis001/Desktop/SIH-2022/FaceRecognition/images_to_train/Vikas-2022-03-01 12:38:32.793873/Vikas.681c70e6-992e-11ec-8011-33f0d9e9c1a4.jpeg', '/home/vikasjoshis001/Desktop/SIH-2022/FaceRecognition/images_to_train/Vikas-2022-03-01 12:38:32.793873/Vikas.6a9b09e0-992e-11ec-8011-33f0d9e9c1a4.jpeg', '/home/vikasjoshis001/Desktop/SIH-2022/FaceRecognition/images_to_train/Vikas-2022-03-01 12:38:32.793873/Vikas.6963b806-992e-11ec-8011-33f0d9e9c1a4.jpeg'], ['/home/vikasjoshis001/Desktop/SIH-2022/FaceRecognition/images_to_train/arya stark/index.jpeg', '/home/vikasjoshis001/Desktop/SIH-2022/FaceRecognition/images_to_train/arya stark/index3.jpeg', '/home/vikasjoshis001/Desktop/SIH-2022/FaceRecognition/images_to_train/arya stark/index5.jpeg', '/home/vikasjoshis001/Desktop/SIH-2022/FaceRecognition/images_to_train/arya stark/index2.jpeg', '/home/vikasjoshis001/Desktop/SIH-2022/FaceRecognition/images_to_train/arya stark/images4.jpeg']]
2022-03-01 12:38:39.295 INFO Train - trainImages: started loading images and finding their encodings
2022-03-01 12:38:39.295 INFO Train - trainImages: loading image
2022-03-01 12:38:39.312 DEBUG Train - trainImages: /home/vikasjoshis001/Desktop/SIH-2022/FaceRecognition/images_to_train/tyrion lannister/images5.jpeg
2022-03-01 12:38:39.312 INFO Train - trainImages: loading image done
2022-03-01 12:38:39.312 INFO Train - trainImages: finding the encoding of image
2022-03-01 12:38:39.395 INFO Train - trainImages: finding encoding of image is done
2022-03-01 12:38:39.395 INFO Train - trainImages: loading image
2022-03-01 12:38:39.397 DEBUG Train - trainImages: /home/vikasjoshis001/Desktop/SIH-2022/FaceRecognition/images_to_train/tyrion lannister/index3.jpeg
2022-03-01 12:38:39.397 INFO Train - trainImages: loading image done
2022-03-01 12:38:39.397 INFO Train - trainImages: finding the encoding of image
2022-03-01 12:38:39.463 INFO Train - trainImages: finding encoding of image is done
2022-03-01 12:38:39.463 INFO Train - trainImages: loading image
2022-03-01 12:38:39.464 DEBUG Train - trainImages: /home/vikasjoshis001/Desktop/SIH-2022/FaceRecognition/images_to_train/tyrion lannister/index1.jpeg
2022-03-01 12:38:39.464 INFO Train - trainImages: loading image done
2022-03-01 12:38:39.464 INFO Train - trainImages: finding the encoding of image
2022-03-01 12:38:39.531 INFO Train - trainImages: finding encoding of image is done
2022-03-01 12:38:39.531 INFO Train - trainImages: loading image
2022-03-01 12:38:39.532 DEBUG Train - trainImages: /home/vikasjoshis001/Desktop/SIH-2022/FaceRecognition/images_to_train/tyrion lannister/index2.jpeg
2022-03-01 12:38:39.532 INFO Train - trainImages: loading image done
2022-03-01 12:38:39.532 INFO Train - trainImages: finding the encoding of image
2022-03-01 12:38:39.600 INFO Train - trainImages: finding encoding of image is done
2022-03-01 12:38:39.600 INFO Train - trainImages: loading image
2022-03-01 12:38:39.601 DEBUG Train - trainImages: /home/vikasjoshis001/Desktop/SIH-2022/FaceRecognition/images_to_train/tyrion lannister/index4.jpeg
2022-03-01 12:38:39.601 INFO Train - trainImages: loading image done
2022-03-01 12:38:39.601 INFO Train - trainImages: finding the encoding of image
2022-03-01 12:38:39.688 INFO Train - trainImages: finding encoding of image is done
2022-03-01 12:38:39.688 INFO Train - trainImages: getting average of encodings of loaded images
2022-03-01 12:38:39.688 INFO Train - trainImages: done with getting average encodings
2022-03-01 12:38:39.688 INFO Train - trainImages: storing the name and encoding in local dictionary
2022-03-01 12:38:39.688 INFO Train - trainImages: stored name and encodes in local dictionary
2022-03-01 12:38:39.688 INFO Train - trainImages: storing the name and encodings in mongodb
2022-03-01 12:38:39.690 INFO Train - trainImages: stored all name and encodes in mongodb
2022-03-01 12:38:39.691 INFO Train - trainImages: started loading images and finding their encodings
2022-03-01 12:38:39.691 INFO Train - trainImages: loading image
2022-03-01 12:38:39.692 DEBUG Train - trainImages: /home/vikasjoshis001/Desktop/SIH-2022/FaceRecognition/images_to_train/denerys targeryan/index3.jpeg
2022-03-01 12:38:39.692 INFO Train - trainImages: loading image done
2022-03-01 12:38:39.692 INFO Train - trainImages: finding the encoding of image
2022-03-01 12:38:39.766 INFO Train - trainImages: finding encoding of image is done
2022-03-01 12:38:39.766 INFO Train - trainImages: loading image
2022-03-01 12:38:39.767 DEBUG Train - trainImages: /home/vikasjoshis001/Desktop/SIH-2022/FaceRecognition/images_to_train/denerys targeryan/index5.jpeg
2022-03-01 12:38:39.767 INFO Train - trainImages: loading image done
2022-03-01 12:38:39.767 INFO Train - trainImages: finding the encoding of image
2022-03-01 12:38:39.835 INFO Train - trainImages: finding encoding of image is done
2022-03-01 12:38:39.835 INFO Train - trainImages: loading image
2022-03-01 12:38:39.836 DEBUG Train - trainImages: /home/vikasjoshis001/Desktop/SIH-2022/FaceRecognition/images_to_train/denerys targeryan/index1.jpeg
2022-03-01 12:38:39.837 INFO Train - trainImages: loading image done
2022-03-01 12:38:39.837 INFO Train - trainImages: finding the encoding of image
2022-03-01 12:38:39.903 INFO Train - trainImages: finding encoding of image is done
2022-03-01 12:38:39.903 INFO Train - trainImages: loading image
2022-03-01 12:38:39.905 DEBUG Train - trainImages: /home/vikasjoshis001/Desktop/SIH-2022/FaceRecognition/images_to_train/denerys targeryan/index2.jpeg
2022-03-01 12:38:39.905 INFO Train - trainImages: loading image done
2022-03-01 12:38:39.905 INFO Train - trainImages: finding the encoding of image
2022-03-01 12:38:39.983 INFO Train - trainImages: finding encoding of image is done
2022-03-01 12:38:39.983 INFO Train - trainImages: loading image
2022-03-01 12:38:39.985 DEBUG Train - trainImages: /home/vikasjoshis001/Desktop/SIH-2022/FaceRecognition/images_to_train/denerys targeryan/index4.jpeg
2022-03-01 12:38:39.985 INFO Train - trainImages: loading image done
2022-03-01 12:38:39.985 INFO Train - trainImages: finding the encoding of image
2022-03-01 12:38:40.087 INFO Train - trainImages: finding encoding of image is done
2022-03-01 12:38:40.087 INFO Train - trainImages: getting average of encodings of loaded images
2022-03-01 12:38:40.088 INFO Train - trainImages: done with getting average encodings
2022-03-01 12:38:40.088 INFO Train - trainImages: storing the name and encoding in local dictionary
2022-03-01 12:38:40.088 INFO Train - trainImages: stored name and encodes in local dictionary
2022-03-01 12:38:40.088 INFO Train - trainImages: storing the name and encodings in mongodb
2022-03-01 12:38:40.089 INFO Train - trainImages: stored all name and encodes in mongodb
2022-03-01 12:38:40.089 INFO Train - trainImages: started loading images and finding their encodings
2022-03-01 12:38:40.089 INFO Train - trainImages: loading image
2022-03-01 12:38:40.094 DEBUG Train - trainImages: /home/vikasjoshis001/Desktop/SIH-2022/FaceRecognition/images_to_train/Mangesh/Mangesh.3000c093-960c-11ec-a6b1-2f237028861a.jpeg
2022-03-01 12:38:40.094 INFO Train - trainImages: loading image done
2022-03-01 12:38:40.095 INFO Train - trainImages: finding the encoding of image
2022-03-01 12:38:40.387 INFO Train - trainImages: finding encoding of image is done
2022-03-01 12:38:40.387 INFO Train - trainImages: loading image
2022-03-01 12:38:40.395 DEBUG Train - trainImages: /home/vikasjoshis001/Desktop/SIH-2022/FaceRecognition/images_to_train/Mangesh/Mangesh.3283bb58-960c-11ec-a6b1-2f237028861a.jpeg
2022-03-01 12:38:40.395 INFO Train - trainImages: loading image done
2022-03-01 12:38:40.395 INFO Train - trainImages: finding the encoding of image
2022-03-01 12:38:40.825 INFO Train - trainImages: finding encoding of image is done
2022-03-01 12:38:40.825 INFO Train - trainImages: loading image
2022-03-01 12:38:40.835 DEBUG Train - trainImages: /home/vikasjoshis001/Desktop/SIH-2022/FaceRecognition/images_to_train/Mangesh/Mangesh.314bc26c-960c-11ec-a6b1-2f237028861a.jpeg
2022-03-01 12:38:40.835 INFO Train - trainImages: loading image done
2022-03-01 12:38:40.835 INFO Train - trainImages: finding the encoding of image
2022-03-01 12:38:41.103 INFO Train - trainImages: finding encoding of image is done
2022-03-01 12:38:41.103 INFO Train - trainImages: loading image
2022-03-01 12:38:41.118 DEBUG Train - trainImages: /home/vikasjoshis001/Desktop/SIH-2022/FaceRecognition/images_to_train/Mangesh/Mangesh.314bc26d-960c-11ec-a6b1-2f237028861a.jpeg
2022-03-01 12:38:41.119 INFO Train - trainImages: loading image done
2022-03-01 12:38:41.119 INFO Train - trainImages: finding the encoding of image
2022-03-01 12:38:41.299 INFO Train - trainImages: finding encoding of image is done
2022-03-01 12:38:41.299 INFO Train - trainImages: loading image
2022-03-01 12:38:41.303 DEBUG Train - trainImages: /home/vikasjoshis001/Desktop/SIH-2022/FaceRecognition/images_to_train/Mangesh/Mangesh.3000c092-960c-11ec-a6b1-2f237028861a.jpeg
2022-03-01 12:38:41.303 INFO Train - trainImages: loading image done
2022-03-01 12:38:41.303 INFO Train - trainImages: finding the encoding of image
2022-03-01 12:38:41.483 INFO Train - trainImages: finding encoding of image is done
2022-03-01 12:38:41.483 INFO Train - trainImages: getting average of encodings of loaded images
2022-03-01 12:38:41.484 INFO Train - trainImages: done with getting average encodings
2022-03-01 12:38:41.484 INFO Train - trainImages: storing the name and encoding in local dictionary
2022-03-01 12:38:41.484 INFO Train - trainImages: stored name and encodes in local dictionary
2022-03-01 12:38:41.484 INFO Train - trainImages: storing the name and encodings in mongodb
2022-03-01 12:38:41.484 INFO Train - trainImages: stored all name and encodes in mongodb
2022-03-01 12:38:41.485 INFO Train - trainImages: started loading images and finding their encodings
2022-03-01 12:38:41.485 INFO Train - trainImages: loading image
2022-03-01 12:38:41.486 DEBUG Train - trainImages: /home/vikasjoshis001/Desktop/SIH-2022/FaceRecognition/images_to_train/cersie lannister/index3.jpeg
2022-03-01 12:38:41.486 INFO Train - trainImages: loading image done
2022-03-01 12:38:41.486 INFO Train - trainImages: finding the encoding of image
2022-03-01 12:38:41.550 INFO Train - trainImages: finding encoding of image is done
2022-03-01 12:38:41.550 INFO Train - trainImages: loading image
2022-03-01 12:38:41.552 DEBUG Train - trainImages: /home/vikasjoshis001/Desktop/SIH-2022/FaceRecognition/images_to_train/cersie lannister/index5.jpeg
2022-03-01 12:38:41.552 INFO Train - trainImages: loading image done
2022-03-01 12:38:41.552 INFO Train - trainImages: finding the encoding of image
2022-03-01 12:38:41.615 INFO Train - trainImages: finding encoding of image is done
2022-03-01 12:38:41.615 INFO Train - trainImages: loading image
2022-03-01 12:38:41.617 DEBUG Train - trainImages: /home/vikasjoshis001/Desktop/SIH-2022/FaceRecognition/images_to_train/cersie lannister/index2.jpeg
2022-03-01 12:38:41.617 INFO Train - trainImages: loading image done
2022-03-01 12:38:41.617 INFO Train - trainImages: finding the encoding of image
2022-03-01 12:38:41.682 INFO Train - trainImages: finding encoding of image is done
2022-03-01 12:38:41.682 INFO Train - trainImages: loading image
2022-03-01 12:38:41.684 DEBUG Train - trainImages: /home/vikasjoshis001/Desktop/SIH-2022/FaceRecognition/images_to_train/cersie lannister/index4.jpeg
2022-03-01 12:38:41.684 INFO Train - trainImages: loading image done
2022-03-01 12:38:41.684 INFO Train - trainImages: finding the encoding of image
2022-03-01 12:38:41.748 INFO Train - trainImages: finding encoding of image is done
2022-03-01 12:38:41.748 INFO Train - trainImages: getting average of encodings of loaded images
2022-03-01 12:38:41.748 INFO Train - trainImages: done with getting average encodings
2022-03-01 12:38:41.748 INFO Train - trainImages: storing the name and encoding in local dictionary
2022-03-01 12:38:41.748 INFO Train - trainImages: stored name and encodes in local dictionary
2022-03-01 12:38:41.748 INFO Train - trainImages: storing the name and encodings in mongodb
2022-03-01 12:38:41.749 INFO Train - trainImages: stored all name and encodes in mongodb
2022-03-01 12:38:41.749 INFO Train - trainImages: started loading images and finding their encodings
2022-03-01 12:38:41.749 INFO Train - trainImages: loading image
2022-03-01 12:38:41.751 DEBUG Train - trainImages: /home/vikasjoshis001/Desktop/SIH-2022/FaceRecognition/images_to_train/king in the north/index.jpeg
2022-03-01 12:38:41.751 INFO Train - trainImages: loading image done
2022-03-01 12:38:41.751 INFO Train - trainImages: finding the encoding of image
2022-03-01 12:38:41.817 INFO Train - trainImages: finding encoding of image is done
2022-03-01 12:38:41.817 INFO Train - trainImages: loading image
2022-03-01 12:38:41.818 DEBUG Train - trainImages: /home/vikasjoshis001/Desktop/SIH-2022/FaceRecognition/images_to_train/king in the north/index3.jpeg
2022-03-01 12:38:41.818 INFO Train - trainImages: loading image done
2022-03-01 12:38:41.818 INFO Train - trainImages: finding the encoding of image
2022-03-01 12:38:41.884 INFO Train - trainImages: finding encoding of image is done
2022-03-01 12:38:41.885 INFO Train - trainImages: loading image
2022-03-01 12:38:41.886 DEBUG Train - trainImages: /home/vikasjoshis001/Desktop/SIH-2022/FaceRecognition/images_to_train/king in the north/index5.jpeg
2022-03-01 12:38:41.886 INFO Train - trainImages: loading image done
2022-03-01 12:38:41.886 INFO Train - trainImages: finding the encoding of image
2022-03-01 12:38:41.951 INFO Train - trainImages: finding encoding of image is done
2022-03-01 12:38:41.951 INFO Train - trainImages: loading image
2022-03-01 12:38:41.953 DEBUG Train - trainImages: /home/vikasjoshis001/Desktop/SIH-2022/FaceRecognition/images_to_train/king in the north/index2.jpeg
2022-03-01 12:38:41.953 INFO Train - trainImages: loading image done
2022-03-01 12:38:41.953 INFO Train - trainImages: finding the encoding of image
2022-03-01 12:38:42.017 INFO Train - trainImages: finding encoding of image is done
2022-03-01 12:38:42.017 INFO Train - trainImages: loading image
2022-03-01 12:38:42.019 DEBUG Train - trainImages: /home/vikasjoshis001/Desktop/SIH-2022/FaceRecognition/images_to_train/king in the north/index4.jpeg
2022-03-01 12:38:42.019 INFO Train - trainImages: loading image done
2022-03-01 12:38:42.019 INFO Train - trainImages: finding the encoding of image
2022-03-01 12:38:42.085 INFO Train - trainImages: finding encoding of image is done
2022-03-01 12:38:42.085 INFO Train - trainImages: getting average of encodings of loaded images
2022-03-01 12:38:42.086 INFO Train - trainImages: done with getting average encodings
2022-03-01 12:38:42.086 INFO Train - trainImages: storing the name and encoding in local dictionary
2022-03-01 12:38:42.086 INFO Train - trainImages: stored name and encodes in local dictionary
2022-03-01 12:38:42.086 INFO Train - trainImages: storing the name and encodings in mongodb
2022-03-01 12:38:42.087 INFO Train - trainImages: stored all name and encodes in mongodb
2022-03-01 12:38:42.087 INFO Train - trainImages: started loading images and finding their encodings
2022-03-01 12:38:42.087 INFO Train - trainImages: loading image
2022-03-01 12:38:42.089 DEBUG Train - trainImages: /home/vikasjoshis001/Desktop/SIH-2022/FaceRecognition/images_to_train/Vikas-2022-03-01 12:38:32.793873/Vikas.681c70e7-992e-11ec-8011-33f0d9e9c1a4.jpeg
2022-03-01 12:38:42.089 INFO Train - trainImages: loading image done
2022-03-01 12:38:42.089 INFO Train - trainImages: finding the encoding of image
2022-03-01 12:38:42.265 INFO Train - trainImages: finding encoding of image is done
2022-03-01 12:38:42.265 INFO Train - trainImages: loading image
2022-03-01 12:38:42.267 DEBUG Train - trainImages: /home/vikasjoshis001/Desktop/SIH-2022/FaceRecognition/images_to_train/Vikas-2022-03-01 12:38:32.793873/Vikas.6963b807-992e-11ec-8011-33f0d9e9c1a4.jpeg
2022-03-01 12:38:42.268 INFO Train - trainImages: loading image done
2022-03-01 12:38:42.268 INFO Train - trainImages: finding the encoding of image
2022-03-01 12:38:42.443 INFO Train - trainImages: finding encoding of image is done
2022-03-01 12:38:42.443 INFO Train - trainImages: loading image
2022-03-01 12:38:42.445 DEBUG Train - trainImages: /home/vikasjoshis001/Desktop/SIH-2022/FaceRecognition/images_to_train/Vikas-2022-03-01 12:38:32.793873/Vikas.681c70e6-992e-11ec-8011-33f0d9e9c1a4.jpeg
2022-03-01 12:38:42.445 INFO Train - trainImages: loading image done
2022-03-01 12:38:42.445 INFO Train - trainImages: finding the encoding of image
2022-03-01 12:38:42.622 INFO Train - trainImages: finding encoding of image is done
2022-03-01 12:38:42.622 INFO Train - trainImages: loading image
2022-03-01 12:38:42.624 DEBUG Train - trainImages: /home/vikasjoshis001/Desktop/SIH-2022/FaceRecognition/images_to_train/Vikas-2022-03-01 12:38:32.793873/Vikas.6a9b09e0-992e-11ec-8011-33f0d9e9c1a4.jpeg
2022-03-01 12:38:42.625 INFO Train - trainImages: loading image done
2022-03-01 12:38:42.625 INFO Train - trainImages: finding the encoding of image
2022-03-01 12:38:42.800 INFO Train - trainImages: finding encoding of image is done
2022-03-01 12:38:42.800 INFO Train - trainImages: loading image
2022-03-01 12:38:42.802 DEBUG Train - trainImages: /home/vikasjoshis001/Desktop/SIH-2022/FaceRecognition/images_to_train/Vikas-2022-03-01 12:38:32.793873/Vikas.6963b806-992e-11ec-8011-33f0d9e9c1a4.jpeg
2022-03-01 12:38:42.802 INFO Train - trainImages: loading image done
2022-03-01 12:38:42.803 INFO Train - trainImages: finding the encoding of image
2022-03-01 12:38:42.978 INFO Train - trainImages: finding encoding of image is done
2022-03-01 12:38:42.978 INFO Train - trainImages: getting average of encodings of loaded images
2022-03-01 12:38:42.979 INFO Train - trainImages: done with getting average encodings
2022-03-01 12:38:42.979 INFO Train - trainImages: storing the name and encoding in local dictionary
2022-03-01 12:38:42.979 INFO Train - trainImages: stored name and encodes in local dictionary
2022-03-01 12:38:42.979 INFO Train - trainImages: storing the name and encodings in mongodb
2022-03-01 12:38:42.980 INFO Train - trainImages: stored all name and encodes in mongodb
2022-03-01 12:38:42.980 INFO Train - trainImages: started loading images and finding their encodings
2022-03-01 12:38:42.980 INFO Train - trainImages: loading image
2022-03-01 12:38:42.981 DEBUG Train - trainImages: /home/vikasjoshis001/Desktop/SIH-2022/FaceRecognition/images_to_train/arya stark/index.jpeg
2022-03-01 12:38:42.981 INFO Train - trainImages: loading image done
2022-03-01 12:38:42.981 INFO Train - trainImages: finding the encoding of image
2022-03-01 12:38:43.047 INFO Train - trainImages: finding encoding of image is done
2022-03-01 12:38:43.047 INFO Train - trainImages: loading image
2022-03-01 12:38:43.049 DEBUG Train - trainImages: /home/vikasjoshis001/Desktop/SIH-2022/FaceRecognition/images_to_train/arya stark/index3.jpeg
2022-03-01 12:38:43.049 INFO Train - trainImages: loading image done
2022-03-01 12:38:43.049 INFO Train - trainImages: finding the encoding of image
2022-03-01 12:38:43.113 INFO Train - trainImages: finding encoding of image is done
2022-03-01 12:38:43.113 INFO Train - trainImages: loading image
2022-03-01 12:38:43.114 DEBUG Train - trainImages: /home/vikasjoshis001/Desktop/SIH-2022/FaceRecognition/images_to_train/arya stark/index5.jpeg
2022-03-01 12:38:43.114 INFO Train - trainImages: loading image done
2022-03-01 12:38:43.114 INFO Train - trainImages: finding the encoding of image
2022-03-01 12:38:43.181 INFO Train - trainImages: finding encoding of image is done
2022-03-01 12:38:43.181 INFO Train - trainImages: loading image
2022-03-01 12:38:43.182 DEBUG Train - trainImages: /home/vikasjoshis001/Desktop/SIH-2022/FaceRecognition/images_to_train/arya stark/index2.jpeg
2022-03-01 12:38:43.183 INFO Train - trainImages: loading image done
2022-03-01 12:38:43.183 INFO Train - trainImages: finding the encoding of image
2022-03-01 12:38:43.247 INFO Train - trainImages: finding encoding of image is done
2022-03-01 12:38:43.247 INFO Train - trainImages: loading image
2022-03-01 12:38:43.249 DEBUG Train - trainImages: /home/vikasjoshis001/Desktop/SIH-2022/FaceRecognition/images_to_train/arya stark/images4.jpeg
2022-03-01 12:38:43.249 INFO Train - trainImages: loading image done
2022-03-01 12:38:43.249 INFO Train - trainImages: finding the encoding of image
2022-03-01 12:38:43.313 INFO Train - trainImages: finding encoding of image is done
2022-03-01 12:38:43.313 INFO Train - trainImages: getting average of encodings of loaded images
2022-03-01 12:38:43.313 INFO Train - trainImages: done with getting average encodings
2022-03-01 12:38:43.313 INFO Train - trainImages: storing the name and encoding in local dictionary
2022-03-01 12:38:43.313 INFO Train - trainImages: stored name and encodes in local dictionary
2022-03-01 12:38:43.313 INFO Train - trainImages: storing the name and encodings in mongodb
2022-03-01 12:38:43.314 INFO Train - trainImages: stored all name and encodes in mongodb
