2022-04-01 06:45:09.477 INFO Train - trainImages: MongoDB database connected successfully
2022-04-01 06:45:09.486 INFO Train - trainImages: collected all folders in known_people folder
2022-04-01 06:45:09.486 DEBUG Train - trainImages: ['tyrion lannister', 'denerys targeryan', 'vfbgfhg-2022-04-01 06:34:43.835860', 'Hello-2022-04-01 06:06:43.242173', 'ghfh-2022-04-01 06:36:12.128100', 'fedsgfvdhg-2022-04-01 06:29:54.369493', 'Vikasafd-2022-04-01 06:18:02.414298', 'cersie lannister', 'Vikas-2022-03-31 13:17:26.260103', 'king in the north', 'OJdihfj-2022-04-01 06:41:45.047193', 'jfhkjg-2022-04-01 06:37:04.905084', 'fdsfg-2022-04-01 06:31:00.007557', 'UIO-2022-04-01 06:08:24.896094', 'arya stark', 'hhh-2022-04-01 06:44:57.963327', 'lvkn;lhk-2022-04-01 06:42:39.157330', 'bgcnhgnvbngh-2022-04-01 06:34:02.139502', 'nnhm-2022-04-01 06:35:32.890275']
2022-04-01 06:45:09.492 INFO Train - trainImages: collected all images from all folders in known_people folder
2022-04-01 06:45:09.492 DEBUG Train - trainImages: [['/home/vikasjoshis001/Desktop/Gestures/images_to_train/tyrion lannister/images5.jpeg', '/home/vikasjoshis001/Desktop/Gestures/images_to_train/tyrion lannister/index3.jpeg', '/home/vikasjoshis001/Desktop/Gestures/images_to_train/tyrion lannister/index1.jpeg', '/home/vikasjoshis001/Desktop/Gestures/images_to_train/tyrion lannister/index2.jpeg', '/home/vikasjoshis001/Desktop/Gestures/images_to_train/tyrion lannister/index4.jpeg'], ['/home/vikasjoshis001/Desktop/Gestures/images_to_train/denerys targeryan/index3.jpeg', '/home/vikasjoshis001/Desktop/Gestures/images_to_train/denerys targeryan/index5.jpeg', '/home/vikasjoshis001/Desktop/Gestures/images_to_train/denerys targeryan/index1.jpeg', '/home/vikasjoshis001/Desktop/Gestures/images_to_train/denerys targeryan/index2.jpeg', '/home/vikasjoshis001/Desktop/Gestures/images_to_train/denerys targeryan/index4.jpeg'], ['/home/vikasjoshis001/Desktop/Gestures/images_to_train/vfbgfhg-2022-04-01 06:34:43.835860/vfbgfhg.b78c50d8-b157-11ec-ae44-cb6983774605.jpeg', '/home/vikasjoshis001/Desktop/Gestures/images_to_train/vfbgfhg-2022-04-01 06:34:43.835860/vfbgfhg.b8d4b701-b157-11ec-ae44-cb6983774605.jpeg', '/home/vikasjoshis001/Desktop/Gestures/images_to_train/vfbgfhg-2022-04-01 06:34:43.835860/vfbgfhg.ba0b01b0-b157-11ec-ae44-cb6983774605.jpeg', '/home/vikasjoshis001/Desktop/Gestures/images_to_train/vfbgfhg-2022-04-01 06:34:43.835860/vfbgfhg.b78c50d9-b157-11ec-ae44-cb6983774605.jpeg', '/home/vikasjoshis001/Desktop/Gestures/images_to_train/vfbgfhg-2022-04-01 06:34:43.835860/vfbgfhg.b8d4b700-b157-11ec-ae44-cb6983774605.jpeg'], ['/home/vikasjoshis001/Desktop/Gestures/images_to_train/Hello-2022-04-01 06:06:43.242173/Hello.cdd62f53-b153-11ec-ae44-cb6983774605.jpeg', '/home/vikasjoshis001/Desktop/Gestures/images_to_train/Hello-2022-04-01 06:06:43.242173/Hello.cf21c952-b153-11ec-ae44-cb6983774605.jpeg', '/home/vikasjoshis001/Desktop/Gestures/images_to_train/Hello-2022-04-01 06:06:43.242173/Hello.d0570634-b153-11ec-ae44-cb6983774605.jpeg', '/home/vikasjoshis001/Desktop/Gestures/images_to_train/Hello-2022-04-01 06:06:43.242173/Hello.cdd62f52-b153-11ec-ae44-cb6983774605.jpeg', '/home/vikasjoshis001/Desktop/Gestures/images_to_train/Hello-2022-04-01 06:06:43.242173/Hello.cf21c953-b153-11ec-ae44-cb6983774605.jpeg'], ['/home/vikasjoshis001/Desktop/Gestures/images_to_train/ghfh-2022-04-01 06:36:12.128100/ghfh.ed712782-b157-11ec-ae44-cb6983774605.jpeg', '/home/vikasjoshis001/Desktop/Gestures/images_to_train/ghfh-2022-04-01 06:36:12.128100/ghfh.ec2c5a91-b157-11ec-ae44-cb6983774605.jpeg', '/home/vikasjoshis001/Desktop/Gestures/images_to_train/ghfh-2022-04-01 06:36:12.128100/ghfh.ec2c5a90-b157-11ec-ae44-cb6983774605.jpeg', '/home/vikasjoshis001/Desktop/Gestures/images_to_train/ghfh-2022-04-01 06:36:12.128100/ghfh.ed712783-b157-11ec-ae44-cb6983774605.jpeg', '/home/vikasjoshis001/Desktop/Gestures/images_to_train/ghfh-2022-04-01 06:36:12.128100/ghfh.eea60190-b157-11ec-ae44-cb6983774605.jpeg'], ['/home/vikasjoshis001/Desktop/Gestures/images_to_train/fedsgfvdhg-2022-04-01 06:29:54.369493/fedsgfvdhg.0c47a2ae-b157-11ec-ae44-cb6983774605.jpeg', '/home/vikasjoshis001/Desktop/Gestures/images_to_train/fedsgfvdhg-2022-04-01 06:29:54.369493/fedsgfvdhg.0c47a2af-b157-11ec-ae44-cb6983774605.jpeg', '/home/vikasjoshis001/Desktop/Gestures/images_to_train/fedsgfvdhg-2022-04-01 06:29:54.369493/fedsgfvdhg.0b0382a1-b157-11ec-ae44-cb6983774605.jpeg', '/home/vikasjoshis001/Desktop/Gestures/images_to_train/fedsgfvdhg-2022-04-01 06:29:54.369493/fedsgfvdhg.0b0382a0-b157-11ec-ae44-cb6983774605.jpeg', '/home/vikasjoshis001/Desktop/Gestures/images_to_train/fedsgfvdhg-2022-04-01 06:29:54.369493/fedsgfvdhg.0d7c29f6-b157-11ec-ae44-cb6983774605.jpeg'], ['/home/vikasjoshis001/Desktop/Gestures/images_to_train/Vikasafd-2022-04-01 06:18:02.414298/Vikasafd.63ec76ee-b155-11ec-ae44-cb6983774605.jpeg', '/home/vikasjoshis001/Desktop/Gestures/images_to_train/Vikasafd-2022-04-01 06:18:02.414298/Vikasafd.6520d1ae-b155-11ec-ae44-cb6983774605.jpeg', '/home/vikasjoshis001/Desktop/Gestures/images_to_train/Vikasafd-2022-04-01 06:18:02.414298/Vikasafd.62a72799-b155-11ec-ae44-cb6983774605.jpeg', '/home/vikasjoshis001/Desktop/Gestures/images_to_train/Vikasafd-2022-04-01 06:18:02.414298/Vikasafd.63ec76ef-b155-11ec-ae44-cb6983774605.jpeg', '/home/vikasjoshis001/Desktop/Gestures/images_to_train/Vikasafd-2022-04-01 06:18:02.414298/Vikasafd.62a72798-b155-11ec-ae44-cb6983774605.jpeg'], ['/home/vikasjoshis001/Desktop/Gestures/images_to_train/cersie lannister/index3.jpeg', '/home/vikasjoshis001/Desktop/Gestures/images_to_train/cersie lannister/index5.jpeg', '/home/vikasjoshis001/Desktop/Gestures/images_to_train/cersie lannister/index2.jpeg', '/home/vikasjoshis001/Desktop/Gestures/images_to_train/cersie lannister/index4.jpeg'], ['/home/vikasjoshis001/Desktop/Gestures/images_to_train/Vikas-2022-03-31 13:17:26.260103/Vikas.d18bc824-b0c6-11ec-95c9-353773ec36e1.jpeg', '/home/vikasjoshis001/Desktop/Gestures/images_to_train/Vikas-2022-03-31 13:17:26.260103/Vikas.d056c17b-b0c6-11ec-95c9-353773ec36e1.jpeg', '/home/vikasjoshis001/Desktop/Gestures/images_to_train/Vikas-2022-03-31 13:17:26.260103/Vikas.cf0c4b78-b0c6-11ec-95c9-353773ec36e1.jpeg', '/home/vikasjoshis001/Desktop/Gestures/images_to_train/Vikas-2022-03-31 13:17:26.260103/Vikas.cf0c4b79-b0c6-11ec-95c9-353773ec36e1.jpeg', '/home/vikasjoshis001/Desktop/Gestures/images_to_train/Vikas-2022-03-31 13:17:26.260103/Vikas.d056c17a-b0c6-11ec-95c9-353773ec36e1.jpeg'], ['/home/vikasjoshis001/Desktop/Gestures/images_to_train/king in the north/index.jpeg', '/home/vikasjoshis001/Desktop/Gestures/images_to_train/king in the north/index3.jpeg', '/home/vikasjoshis001/Desktop/Gestures/images_to_train/king in the north/index5.jpeg', '/home/vikasjoshis001/Desktop/Gestures/images_to_train/king in the north/index2.jpeg', '/home/vikasjoshis001/Desktop/Gestures/images_to_train/king in the north/index4.jpeg'], ['/home/vikasjoshis001/Desktop/Gestures/images_to_train/OJdihfj-2022-04-01 06:41:45.047193/OJdihfj.b29c3dbd-b158-11ec-ae44-cb6983774605.jpeg', '/home/vikasjoshis001/Desktop/Gestures/images_to_train/OJdihfj-2022-04-01 06:41:45.047193/OJdihfj.b51c4758-b158-11ec-ae44-cb6983774605.jpeg', '/home/vikasjoshis001/Desktop/Gestures/images_to_train/OJdihfj-2022-04-01 06:41:45.047193/OJdihfj.b29c3dbc-b158-11ec-ae44-cb6983774605.jpeg', '/home/vikasjoshis001/Desktop/Gestures/images_to_train/OJdihfj-2022-04-01 06:41:45.047193/OJdihfj.b3e76661-b158-11ec-ae44-cb6983774605.jpeg', '/home/vikasjoshis001/Desktop/Gestures/images_to_train/OJdihfj-2022-04-01 06:41:45.047193/OJdihfj.b3e76660-b158-11ec-ae44-cb6983774605.jpeg'], ['/home/vikasjoshis001/Desktop/Gestures/images_to_train/jfhkjg-2022-04-01 06:37:04.905084/jfhkjg.0ceab510-b158-11ec-ae44-cb6983774605.jpeg', '/home/vikasjoshis001/Desktop/Gestures/images_to_train/jfhkjg-2022-04-01 06:37:04.905084/jfhkjg.0ceab511-b158-11ec-ae44-cb6983774605.jpeg', '/home/vikasjoshis001/Desktop/Gestures/images_to_train/jfhkjg-2022-04-01 06:37:04.905084/jfhkjg.0e1fb85e-b158-11ec-ae44-cb6983774605.jpeg', '/home/vikasjoshis001/Desktop/Gestures/images_to_train/jfhkjg-2022-04-01 06:37:04.905084/jfhkjg.0ba1782e-b158-11ec-ae44-cb6983774605.jpeg', '/home/vikasjoshis001/Desktop/Gestures/images_to_train/jfhkjg-2022-04-01 06:37:04.905084/jfhkjg.0ba1782f-b158-11ec-ae44-cb6983774605.jpeg'], ['/home/vikasjoshis001/Desktop/Gestures/images_to_train/fdsfg-2022-04-01 06:31:00.007557/fdsfg.3222a709-b157-11ec-ae44-cb6983774605.jpeg', '/home/vikasjoshis001/Desktop/Gestures/images_to_train/fdsfg-2022-04-01 06:31:00.007557/fdsfg.33671982-b157-11ec-ae44-cb6983774605.jpeg', '/home/vikasjoshis001/Desktop/Gestures/images_to_train/fdsfg-2022-04-01 06:31:00.007557/fdsfg.33671983-b157-11ec-ae44-cb6983774605.jpeg', '/home/vikasjoshis001/Desktop/Gestures/images_to_train/fdsfg-2022-04-01 06:31:00.007557/fdsfg.349ba318-b157-11ec-ae44-cb6983774605.jpeg', '/home/vikasjoshis001/Desktop/Gestures/images_to_train/fdsfg-2022-04-01 06:31:00.007557/fdsfg.3222a708-b157-11ec-ae44-cb6983774605.jpeg'], ['/home/vikasjoshis001/Desktop/Gestures/images_to_train/UIO-2022-04-01 06:08:24.896094/UIO.0a6d3245-b154-11ec-ae44-cb6983774605.jpeg', '/home/vikasjoshis001/Desktop/Gestures/images_to_train/UIO-2022-04-01 06:08:24.896094/UIO.0bbc7cb9-b154-11ec-ae44-cb6983774605.jpeg', '/home/vikasjoshis001/Desktop/Gestures/images_to_train/UIO-2022-04-01 06:08:24.896094/UIO.0bbc7cb8-b154-11ec-ae44-cb6983774605.jpeg', '/home/vikasjoshis001/Desktop/Gestures/images_to_train/UIO-2022-04-01 06:08:24.896094/UIO.0a6d3244-b154-11ec-ae44-cb6983774605.jpeg', '/home/vikasjoshis001/Desktop/Gestures/images_to_train/UIO-2022-04-01 06:08:24.896094/UIO.0cf136d2-b154-11ec-ae44-cb6983774605.jpeg'], ['/home/vikasjoshis001/Desktop/Gestures/images_to_train/arya stark/index.jpeg', '/home/vikasjoshis001/Desktop/Gestures/images_to_train/arya stark/index3.jpeg', '/home/vikasjoshis001/Desktop/Gestures/images_to_train/arya stark/index5.jpeg', '/home/vikasjoshis001/Desktop/Gestures/images_to_train/arya stark/index2.jpeg', '/home/vikasjoshis001/Desktop/Gestures/images_to_train/arya stark/images4.jpeg'], ['/home/vikasjoshis001/Desktop/Gestures/images_to_train/hhh-2022-04-01 06:44:57.963327/hhh.25986278-b159-11ec-ae44-cb6983774605.jpeg', '/home/vikasjoshis001/Desktop/Gestures/images_to_train/hhh-2022-04-01 06:44:57.963327/hhh.26dc8538-b159-11ec-ae44-cb6983774605.jpeg', '/home/vikasjoshis001/Desktop/Gestures/images_to_train/hhh-2022-04-01 06:44:57.963327/hhh.28114740-b159-11ec-ae44-cb6983774605.jpeg', '/home/vikasjoshis001/Desktop/Gestures/images_to_train/hhh-2022-04-01 06:44:57.963327/hhh.26dc8539-b159-11ec-ae44-cb6983774605.jpeg', '/home/vikasjoshis001/Desktop/Gestures/images_to_train/hhh-2022-04-01 06:44:57.963327/hhh.25986279-b159-11ec-ae44-cb6983774605.jpeg'], ['/home/vikasjoshis001/Desktop/Gestures/images_to_train/lvkn;lhk-2022-04-01 06:42:39.157330/lvkn;lhk.d2dc65ac-b158-11ec-ae44-cb6983774605.jpeg', '/home/vikasjoshis001/Desktop/Gestures/images_to_train/lvkn;lhk-2022-04-01 06:42:39.157330/lvkn;lhk.d4222b36-b158-11ec-ae44-cb6983774605.jpeg', '/home/vikasjoshis001/Desktop/Gestures/images_to_train/lvkn;lhk-2022-04-01 06:42:39.157330/lvkn;lhk.d5570328-b158-11ec-ae44-cb6983774605.jpeg', '/home/vikasjoshis001/Desktop/Gestures/images_to_train/lvkn;lhk-2022-04-01 06:42:39.157330/lvkn;lhk.d4222b37-b158-11ec-ae44-cb6983774605.jpeg', '/home/vikasjoshis001/Desktop/Gestures/images_to_train/lvkn;lhk-2022-04-01 06:42:39.157330/lvkn;lhk.d2dc65ad-b158-11ec-ae44-cb6983774605.jpeg'], ['/home/vikasjoshis001/Desktop/Gestures/images_to_train/bgcnhgnvbngh-2022-04-01 06:34:02.139502/bgcnhgnvbngh.a134ebc4-b157-11ec-ae44-cb6983774605.jpeg', '/home/vikasjoshis001/Desktop/Gestures/images_to_train/bgcnhgnvbngh-2022-04-01 06:34:02.139502/bgcnhgnvbngh.9fff80f2-b157-11ec-ae44-cb6983774605.jpeg', '/home/vikasjoshis001/Desktop/Gestures/images_to_train/bgcnhgnvbngh-2022-04-01 06:34:02.139502/bgcnhgnvbngh.9eb230f1-b157-11ec-ae44-cb6983774605.jpeg', '/home/vikasjoshis001/Desktop/Gestures/images_to_train/bgcnhgnvbngh-2022-04-01 06:34:02.139502/bgcnhgnvbngh.9fff80f3-b157-11ec-ae44-cb6983774605.jpeg', '/home/vikasjoshis001/Desktop/Gestures/images_to_train/bgcnhgnvbngh-2022-04-01 06:34:02.139502/bgcnhgnvbngh.9eb230f0-b157-11ec-ae44-cb6983774605.jpeg'], ['/home/vikasjoshis001/Desktop/Gestures/images_to_train/nnhm-2022-04-01 06:35:32.890275/nnhm.d6127e06-b157-11ec-ae44-cb6983774605.jpeg', '/home/vikasjoshis001/Desktop/Gestures/images_to_train/nnhm-2022-04-01 06:35:32.890275/nnhm.d6127e07-b157-11ec-ae44-cb6983774605.jpeg', '/home/vikasjoshis001/Desktop/Gestures/images_to_train/nnhm-2022-04-01 06:35:32.890275/nnhm.d4c9f9b6-b157-11ec-ae44-cb6983774605.jpeg', '/home/vikasjoshis001/Desktop/Gestures/images_to_train/nnhm-2022-04-01 06:35:32.890275/nnhm.d4c9f9b7-b157-11ec-ae44-cb6983774605.jpeg', '/home/vikasjoshis001/Desktop/Gestures/images_to_train/nnhm-2022-04-01 06:35:32.890275/nnhm.d7475ac6-b157-11ec-ae44-cb6983774605.jpeg']]
2022-04-01 06:45:09.493 INFO Train - trainImages: started loading images and finding their encodings
2022-04-01 06:45:09.493 INFO Train - trainImages: loading image
2022-04-01 06:45:09.506 DEBUG Train - trainImages: /home/vikasjoshis001/Desktop/Gestures/images_to_train/tyrion lannister/images5.jpeg
2022-04-01 06:45:09.506 INFO Train - trainImages: loading image done
2022-04-01 06:45:09.506 INFO Train - trainImages: finding the encoding of image
2022-04-01 06:45:09.589 INFO Train - trainImages: finding encoding of image is done
2022-04-01 06:45:09.589 INFO Train - trainImages: loading image
2022-04-01 06:45:09.589 DEBUG Train - trainImages: /home/vikasjoshis001/Desktop/Gestures/images_to_train/tyrion lannister/index3.jpeg
2022-04-01 06:45:09.590 INFO Train - trainImages: loading image done
2022-04-01 06:45:09.590 INFO Train - trainImages: finding the encoding of image
2022-04-01 06:45:09.657 INFO Train - trainImages: finding encoding of image is done
2022-04-01 06:45:09.657 INFO Train - trainImages: loading image
2022-04-01 06:45:09.657 DEBUG Train - trainImages: /home/vikasjoshis001/Desktop/Gestures/images_to_train/tyrion lannister/index1.jpeg
2022-04-01 06:45:09.657 INFO Train - trainImages: loading image done
2022-04-01 06:45:09.657 INFO Train - trainImages: finding the encoding of image
2022-04-01 06:45:09.725 INFO Train - trainImages: finding encoding of image is done
2022-04-01 06:45:09.725 INFO Train - trainImages: loading image
2022-04-01 06:45:09.726 DEBUG Train - trainImages: /home/vikasjoshis001/Desktop/Gestures/images_to_train/tyrion lannister/index2.jpeg
2022-04-01 06:45:09.726 INFO Train - trainImages: loading image done
2022-04-01 06:45:09.726 INFO Train - trainImages: finding the encoding of image
2022-04-01 06:45:09.797 INFO Train - trainImages: finding encoding of image is done
2022-04-01 06:45:09.797 INFO Train - trainImages: loading image
2022-04-01 06:45:09.798 DEBUG Train - trainImages: /home/vikasjoshis001/Desktop/Gestures/images_to_train/tyrion lannister/index4.jpeg
2022-04-01 06:45:09.798 INFO Train - trainImages: loading image done
2022-04-01 06:45:09.798 INFO Train - trainImages: finding the encoding of image
2022-04-01 06:45:09.864 INFO Train - trainImages: finding encoding of image is done
2022-04-01 06:45:09.864 INFO Train - trainImages: getting average of encodings of loaded images
2022-04-01 06:45:09.864 INFO Train - trainImages: done with getting average encodings
2022-04-01 06:45:09.864 INFO Train - trainImages: storing the name and encoding in local dictionary
2022-04-01 06:45:09.864 INFO Train - trainImages: stored name and encodes in local dictionary
2022-04-01 06:45:09.864 INFO Train - trainImages: storing the name and encodings in mongodb
2022-04-01 06:45:09.865 INFO Train - trainImages: stored all name and encodes in mongodb
2022-04-01 06:45:09.866 INFO Train - trainImages: started loading images and finding their encodings
2022-04-01 06:45:09.866 INFO Train - trainImages: loading image
2022-04-01 06:45:09.866 DEBUG Train - trainImages: /home/vikasjoshis001/Desktop/Gestures/images_to_train/denerys targeryan/index3.jpeg
2022-04-01 06:45:09.866 INFO Train - trainImages: loading image done
2022-04-01 06:45:09.866 INFO Train - trainImages: finding the encoding of image
2022-04-01 06:45:09.934 INFO Train - trainImages: finding encoding of image is done
2022-04-01 06:45:09.934 INFO Train - trainImages: loading image
2022-04-01 06:45:09.935 DEBUG Train - trainImages: /home/vikasjoshis001/Desktop/Gestures/images_to_train/denerys targeryan/index5.jpeg
2022-04-01 06:45:09.935 INFO Train - trainImages: loading image done
2022-04-01 06:45:09.935 INFO Train - trainImages: finding the encoding of image
2022-04-01 06:45:10.005 INFO Train - trainImages: finding encoding of image is done
2022-04-01 06:45:10.005 INFO Train - trainImages: loading image
2022-04-01 06:45:10.006 DEBUG Train - trainImages: /home/vikasjoshis001/Desktop/Gestures/images_to_train/denerys targeryan/index1.jpeg
2022-04-01 06:45:10.006 INFO Train - trainImages: loading image done
2022-04-01 06:45:10.006 INFO Train - trainImages: finding the encoding of image
2022-04-01 06:45:10.085 INFO Train - trainImages: finding encoding of image is done
2022-04-01 06:45:10.086 INFO Train - trainImages: loading image
2022-04-01 06:45:10.086 DEBUG Train - trainImages: /home/vikasjoshis001/Desktop/Gestures/images_to_train/denerys targeryan/index2.jpeg
2022-04-01 06:45:10.086 INFO Train - trainImages: loading image done
2022-04-01 06:45:10.086 INFO Train - trainImages: finding the encoding of image
2022-04-01 06:45:10.158 INFO Train - trainImages: finding encoding of image is done
2022-04-01 06:45:10.158 INFO Train - trainImages: loading image
2022-04-01 06:45:10.159 DEBUG Train - trainImages: /home/vikasjoshis001/Desktop/Gestures/images_to_train/denerys targeryan/index4.jpeg
2022-04-01 06:45:10.159 INFO Train - trainImages: loading image done
2022-04-01 06:45:10.159 INFO Train - trainImages: finding the encoding of image
2022-04-01 06:45:10.226 INFO Train - trainImages: finding encoding of image is done
2022-04-01 06:45:10.226 INFO Train - trainImages: getting average of encodings of loaded images
2022-04-01 06:45:10.226 INFO Train - trainImages: done with getting average encodings
2022-04-01 06:45:10.226 INFO Train - trainImages: storing the name and encoding in local dictionary
2022-04-01 06:45:10.226 INFO Train - trainImages: stored name and encodes in local dictionary
2022-04-01 06:45:10.226 INFO Train - trainImages: storing the name and encodings in mongodb
2022-04-01 06:45:10.227 INFO Train - trainImages: stored all name and encodes in mongodb
2022-04-01 06:45:10.227 INFO Train - trainImages: started loading images and finding their encodings
2022-04-01 06:45:10.227 INFO Train - trainImages: loading image
2022-04-01 06:45:10.228 DEBUG Train - trainImages: /home/vikasjoshis001/Desktop/Gestures/images_to_train/vfbgfhg-2022-04-01 06:34:43.835860/vfbgfhg.b78c50d8-b157-11ec-ae44-cb6983774605.jpeg
2022-04-01 06:45:10.228 INFO Train - trainImages: loading image done
2022-04-01 06:45:10.228 INFO Train - trainImages: finding the encoding of image
2022-04-01 06:45:10.310 INFO Train - trainImages: finding encoding of image is done
2022-04-01 06:45:10.310 INFO Train - trainImages: loading image
2022-04-01 06:45:10.311 DEBUG Train - trainImages: /home/vikasjoshis001/Desktop/Gestures/images_to_train/vfbgfhg-2022-04-01 06:34:43.835860/vfbgfhg.b8d4b701-b157-11ec-ae44-cb6983774605.jpeg
2022-04-01 06:45:10.311 INFO Train - trainImages: loading image done
2022-04-01 06:45:10.311 INFO Train - trainImages: finding the encoding of image
2022-04-01 06:45:10.391 INFO Train - trainImages: finding encoding of image is done
2022-04-01 06:45:10.391 INFO Train - trainImages: loading image
2022-04-01 06:45:10.392 DEBUG Train - trainImages: /home/vikasjoshis001/Desktop/Gestures/images_to_train/vfbgfhg-2022-04-01 06:34:43.835860/vfbgfhg.ba0b01b0-b157-11ec-ae44-cb6983774605.jpeg
2022-04-01 06:45:10.393 INFO Train - trainImages: loading image done
2022-04-01 06:45:10.393 INFO Train - trainImages: finding the encoding of image
2022-04-01 06:45:10.473 INFO Train - trainImages: finding encoding of image is done
2022-04-01 06:45:10.473 INFO Train - trainImages: loading image
2022-04-01 06:45:10.474 DEBUG Train - trainImages: /home/vikasjoshis001/Desktop/Gestures/images_to_train/vfbgfhg-2022-04-01 06:34:43.835860/vfbgfhg.b78c50d9-b157-11ec-ae44-cb6983774605.jpeg
2022-04-01 06:45:10.474 INFO Train - trainImages: loading image done
2022-04-01 06:45:10.474 INFO Train - trainImages: finding the encoding of image
2022-04-01 06:45:10.557 INFO Train - trainImages: finding encoding of image is done
2022-04-01 06:45:10.557 INFO Train - trainImages: loading image
2022-04-01 06:45:10.558 DEBUG Train - trainImages: /home/vikasjoshis001/Desktop/Gestures/images_to_train/vfbgfhg-2022-04-01 06:34:43.835860/vfbgfhg.b8d4b700-b157-11ec-ae44-cb6983774605.jpeg
2022-04-01 06:45:10.558 INFO Train - trainImages: loading image done
2022-04-01 06:45:10.558 INFO Train - trainImages: finding the encoding of image
2022-04-01 06:45:10.638 INFO Train - trainImages: finding encoding of image is done
2022-04-01 06:45:10.638 INFO Train - trainImages: getting average of encodings of loaded images
2022-04-01 06:45:10.638 INFO Train - trainImages: done with getting average encodings
2022-04-01 06:45:10.638 INFO Train - trainImages: storing the name and encoding in local dictionary
2022-04-01 06:45:10.638 INFO Train - trainImages: stored name and encodes in local dictionary
2022-04-01 06:45:10.638 INFO Train - trainImages: storing the name and encodings in mongodb
2022-04-01 06:45:10.639 INFO Train - trainImages: stored all name and encodes in mongodb
2022-04-01 06:45:10.639 INFO Train - trainImages: started loading images and finding their encodings
2022-04-01 06:45:10.639 INFO Train - trainImages: loading image
2022-04-01 06:45:10.640 DEBUG Train - trainImages: /home/vikasjoshis001/Desktop/Gestures/images_to_train/Hello-2022-04-01 06:06:43.242173/Hello.cdd62f53-b153-11ec-ae44-cb6983774605.jpeg
2022-04-01 06:45:10.640 INFO Train - trainImages: loading image done
2022-04-01 06:45:10.640 INFO Train - trainImages: finding the encoding of image
2022-04-01 06:45:10.721 INFO Train - trainImages: finding encoding of image is done
2022-04-01 06:45:10.722 INFO Train - trainImages: loading image
2022-04-01 06:45:10.722 DEBUG Train - trainImages: /home/vikasjoshis001/Desktop/Gestures/images_to_train/Hello-2022-04-01 06:06:43.242173/Hello.cf21c952-b153-11ec-ae44-cb6983774605.jpeg
2022-04-01 06:45:10.723 INFO Train - trainImages: loading image done
2022-04-01 06:45:10.723 INFO Train - trainImages: finding the encoding of image
2022-04-01 06:45:10.802 INFO Train - trainImages: finding encoding of image is done
2022-04-01 06:45:10.802 INFO Train - trainImages: loading image
2022-04-01 06:45:10.803 DEBUG Train - trainImages: /home/vikasjoshis001/Desktop/Gestures/images_to_train/Hello-2022-04-01 06:06:43.242173/Hello.d0570634-b153-11ec-ae44-cb6983774605.jpeg
2022-04-01 06:45:10.803 INFO Train - trainImages: loading image done
2022-04-01 06:45:10.803 INFO Train - trainImages: finding the encoding of image
2022-04-01 06:45:10.883 INFO Train - trainImages: finding encoding of image is done
2022-04-01 06:45:10.883 INFO Train - trainImages: loading image
2022-04-01 06:45:10.884 DEBUG Train - trainImages: /home/vikasjoshis001/Desktop/Gestures/images_to_train/Hello-2022-04-01 06:06:43.242173/Hello.cdd62f52-b153-11ec-ae44-cb6983774605.jpeg
2022-04-01 06:45:10.884 INFO Train - trainImages: loading image done
2022-04-01 06:45:10.884 INFO Train - trainImages: finding the encoding of image
2022-04-01 06:45:10.964 INFO Train - trainImages: finding encoding of image is done
2022-04-01 06:45:10.964 INFO Train - trainImages: loading image
2022-04-01 06:45:10.965 DEBUG Train - trainImages: /home/vikasjoshis001/Desktop/Gestures/images_to_train/Hello-2022-04-01 06:06:43.242173/Hello.cf21c953-b153-11ec-ae44-cb6983774605.jpeg
2022-04-01 06:45:10.965 INFO Train - trainImages: loading image done
2022-04-01 06:45:10.966 INFO Train - trainImages: finding the encoding of image
2022-04-01 06:45:11.046 INFO Train - trainImages: finding encoding of image is done
2022-04-01 06:45:11.046 INFO Train - trainImages: getting average of encodings of loaded images
2022-04-01 06:45:11.047 INFO Train - trainImages: done with getting average encodings
2022-04-01 06:45:11.047 INFO Train - trainImages: storing the name and encoding in local dictionary
2022-04-01 06:45:11.047 INFO Train - trainImages: stored name and encodes in local dictionary
2022-04-01 06:45:11.047 INFO Train - trainImages: storing the name and encodings in mongodb
2022-04-01 06:45:11.048 INFO Train - trainImages: stored all name and encodes in mongodb
2022-04-01 06:45:11.048 INFO Train - trainImages: started loading images and finding their encodings
2022-04-01 06:45:11.048 INFO Train - trainImages: loading image
2022-04-01 06:45:11.049 DEBUG Train - trainImages: /home/vikasjoshis001/Desktop/Gestures/images_to_train/ghfh-2022-04-01 06:36:12.128100/ghfh.ed712782-b157-11ec-ae44-cb6983774605.jpeg
2022-04-01 06:45:11.049 INFO Train - trainImages: loading image done
2022-04-01 06:45:11.049 INFO Train - trainImages: finding the encoding of image
2022-04-01 06:45:11.129 INFO Train - trainImages: finding encoding of image is done
2022-04-01 06:45:11.129 INFO Train - trainImages: loading image
2022-04-01 06:45:11.130 DEBUG Train - trainImages: /home/vikasjoshis001/Desktop/Gestures/images_to_train/ghfh-2022-04-01 06:36:12.128100/ghfh.ec2c5a91-b157-11ec-ae44-cb6983774605.jpeg
2022-04-01 06:45:11.130 INFO Train - trainImages: loading image done
2022-04-01 06:45:11.131 INFO Train - trainImages: finding the encoding of image
2022-04-01 06:45:11.211 INFO Train - trainImages: finding encoding of image is done
2022-04-01 06:45:11.211 INFO Train - trainImages: loading image
2022-04-01 06:45:11.212 DEBUG Train - trainImages: /home/vikasjoshis001/Desktop/Gestures/images_to_train/ghfh-2022-04-01 06:36:12.128100/ghfh.ec2c5a90-b157-11ec-ae44-cb6983774605.jpeg
2022-04-01 06:45:11.212 INFO Train - trainImages: loading image done
2022-04-01 06:45:11.212 INFO Train - trainImages: finding the encoding of image
2022-04-01 06:45:11.292 INFO Train - trainImages: finding encoding of image is done
2022-04-01 06:45:11.292 INFO Train - trainImages: loading image
2022-04-01 06:45:11.293 DEBUG Train - trainImages: /home/vikasjoshis001/Desktop/Gestures/images_to_train/ghfh-2022-04-01 06:36:12.128100/ghfh.ed712783-b157-11ec-ae44-cb6983774605.jpeg
2022-04-01 06:45:11.293 INFO Train - trainImages: loading image done
2022-04-01 06:45:11.293 INFO Train - trainImages: finding the encoding of image
2022-04-01 06:45:11.374 INFO Train - trainImages: finding encoding of image is done
2022-04-01 06:45:11.374 INFO Train - trainImages: loading image
2022-04-01 06:45:11.375 DEBUG Train - trainImages: /home/vikasjoshis001/Desktop/Gestures/images_to_train/ghfh-2022-04-01 06:36:12.128100/ghfh.eea60190-b157-11ec-ae44-cb6983774605.jpeg
2022-04-01 06:45:11.375 INFO Train - trainImages: loading image done
2022-04-01 06:45:11.375 INFO Train - trainImages: finding the encoding of image
2022-04-01 06:45:11.455 INFO Train - trainImages: finding encoding of image is done
2022-04-01 06:45:11.455 INFO Train - trainImages: getting average of encodings of loaded images
2022-04-01 06:45:11.456 INFO Train - trainImages: done with getting average encodings
2022-04-01 06:45:11.456 INFO Train - trainImages: storing the name and encoding in local dictionary
2022-04-01 06:45:11.456 INFO Train - trainImages: stored name and encodes in local dictionary
2022-04-01 06:45:11.456 INFO Train - trainImages: storing the name and encodings in mongodb
2022-04-01 06:45:11.456 INFO Train - trainImages: stored all name and encodes in mongodb
2022-04-01 06:45:11.456 INFO Train - trainImages: started loading images and finding their encodings
2022-04-01 06:45:11.456 INFO Train - trainImages: loading image
2022-04-01 06:45:11.457 DEBUG Train - trainImages: /home/vikasjoshis001/Desktop/Gestures/images_to_train/fedsgfvdhg-2022-04-01 06:29:54.369493/fedsgfvdhg.0c47a2ae-b157-11ec-ae44-cb6983774605.jpeg
2022-04-01 06:45:11.458 INFO Train - trainImages: loading image done
2022-04-01 06:45:11.458 INFO Train - trainImages: finding the encoding of image
2022-04-01 06:45:11.539 INFO Train - trainImages: finding encoding of image is done
2022-04-01 06:45:11.539 INFO Train - trainImages: loading image
2022-04-01 06:45:11.540 DEBUG Train - trainImages: /home/vikasjoshis001/Desktop/Gestures/images_to_train/fedsgfvdhg-2022-04-01 06:29:54.369493/fedsgfvdhg.0c47a2af-b157-11ec-ae44-cb6983774605.jpeg
2022-04-01 06:45:11.540 INFO Train - trainImages: loading image done
2022-04-01 06:45:11.540 INFO Train - trainImages: finding the encoding of image
2022-04-01 06:45:11.620 INFO Train - trainImages: finding encoding of image is done
2022-04-01 06:45:11.620 INFO Train - trainImages: loading image
2022-04-01 06:45:11.621 DEBUG Train - trainImages: /home/vikasjoshis001/Desktop/Gestures/images_to_train/fedsgfvdhg-2022-04-01 06:29:54.369493/fedsgfvdhg.0b0382a1-b157-11ec-ae44-cb6983774605.jpeg
2022-04-01 06:45:11.621 INFO Train - trainImages: loading image done
2022-04-01 06:45:11.621 INFO Train - trainImages: finding the encoding of image
2022-04-01 06:45:11.702 INFO Train - trainImages: finding encoding of image is done
2022-04-01 06:45:11.702 INFO Train - trainImages: loading image
2022-04-01 06:45:11.703 DEBUG Train - trainImages: /home/vikasjoshis001/Desktop/Gestures/images_to_train/fedsgfvdhg-2022-04-01 06:29:54.369493/fedsgfvdhg.0b0382a0-b157-11ec-ae44-cb6983774605.jpeg
2022-04-01 06:45:11.703 INFO Train - trainImages: loading image done
2022-04-01 06:45:11.703 INFO Train - trainImages: finding the encoding of image
2022-04-01 06:45:11.783 INFO Train - trainImages: finding encoding of image is done
2022-04-01 06:45:11.783 INFO Train - trainImages: loading image
2022-04-01 06:45:11.784 DEBUG Train - trainImages: /home/vikasjoshis001/Desktop/Gestures/images_to_train/fedsgfvdhg-2022-04-01 06:29:54.369493/fedsgfvdhg.0d7c29f6-b157-11ec-ae44-cb6983774605.jpeg
2022-04-01 06:45:11.784 INFO Train - trainImages: loading image done
2022-04-01 06:45:11.784 INFO Train - trainImages: finding the encoding of image
2022-04-01 06:45:11.866 INFO Train - trainImages: finding encoding of image is done
2022-04-01 06:45:11.866 INFO Train - trainImages: getting average of encodings of loaded images
2022-04-01 06:45:11.867 INFO Train - trainImages: done with getting average encodings
2022-04-01 06:45:11.867 INFO Train - trainImages: storing the name and encoding in local dictionary
2022-04-01 06:45:11.867 INFO Train - trainImages: stored name and encodes in local dictionary
2022-04-01 06:45:11.867 INFO Train - trainImages: storing the name and encodings in mongodb
2022-04-01 06:45:11.867 INFO Train - trainImages: stored all name and encodes in mongodb
2022-04-01 06:45:11.867 INFO Train - trainImages: started loading images and finding their encodings
2022-04-01 06:45:11.867 INFO Train - trainImages: loading image
2022-04-01 06:45:11.868 DEBUG Train - trainImages: /home/vikasjoshis001/Desktop/Gestures/images_to_train/Vikasafd-2022-04-01 06:18:02.414298/Vikasafd.63ec76ee-b155-11ec-ae44-cb6983774605.jpeg
2022-04-01 06:45:11.869 INFO Train - trainImages: loading image done
2022-04-01 06:45:11.869 INFO Train - trainImages: finding the encoding of image
2022-04-01 06:45:11.949 INFO Train - trainImages: finding encoding of image is done
2022-04-01 06:45:11.949 INFO Train - trainImages: loading image
2022-04-01 06:45:11.950 DEBUG Train - trainImages: /home/vikasjoshis001/Desktop/Gestures/images_to_train/Vikasafd-2022-04-01 06:18:02.414298/Vikasafd.6520d1ae-b155-11ec-ae44-cb6983774605.jpeg
2022-04-01 06:45:11.950 INFO Train - trainImages: loading image done
2022-04-01 06:45:11.950 INFO Train - trainImages: finding the encoding of image
2022-04-01 06:45:12.031 INFO Train - trainImages: finding encoding of image is done
2022-04-01 06:45:12.032 INFO Train - trainImages: loading image
2022-04-01 06:45:12.032 DEBUG Train - trainImages: /home/vikasjoshis001/Desktop/Gestures/images_to_train/Vikasafd-2022-04-01 06:18:02.414298/Vikasafd.62a72799-b155-11ec-ae44-cb6983774605.jpeg
2022-04-01 06:45:12.033 INFO Train - trainImages: loading image done
2022-04-01 06:45:12.033 INFO Train - trainImages: finding the encoding of image
2022-04-01 06:45:12.113 INFO Train - trainImages: finding encoding of image is done
2022-04-01 06:45:12.113 INFO Train - trainImages: loading image
2022-04-01 06:45:12.114 DEBUG Train - trainImages: /home/vikasjoshis001/Desktop/Gestures/images_to_train/Vikasafd-2022-04-01 06:18:02.414298/Vikasafd.63ec76ef-b155-11ec-ae44-cb6983774605.jpeg
2022-04-01 06:45:12.114 INFO Train - trainImages: loading image done
2022-04-01 06:45:12.114 INFO Train - trainImages: finding the encoding of image
2022-04-01 06:45:12.194 INFO Train - trainImages: finding encoding of image is done
2022-04-01 06:45:12.194 INFO Train - trainImages: loading image
2022-04-01 06:45:12.195 DEBUG Train - trainImages: /home/vikasjoshis001/Desktop/Gestures/images_to_train/Vikasafd-2022-04-01 06:18:02.414298/Vikasafd.62a72798-b155-11ec-ae44-cb6983774605.jpeg
2022-04-01 06:45:12.195 INFO Train - trainImages: loading image done
2022-04-01 06:45:12.195 INFO Train - trainImages: finding the encoding of image
2022-04-01 06:45:12.275 INFO Train - trainImages: finding encoding of image is done
2022-04-01 06:45:12.275 INFO Train - trainImages: getting average of encodings of loaded images
2022-04-01 06:45:12.275 INFO Train - trainImages: done with getting average encodings
2022-04-01 06:45:12.275 INFO Train - trainImages: storing the name and encoding in local dictionary
2022-04-01 06:45:12.275 INFO Train - trainImages: stored name and encodes in local dictionary
2022-04-01 06:45:12.275 INFO Train - trainImages: storing the name and encodings in mongodb
2022-04-01 06:45:12.276 INFO Train - trainImages: stored all name and encodes in mongodb
2022-04-01 06:45:12.276 INFO Train - trainImages: started loading images and finding their encodings
2022-04-01 06:45:12.276 INFO Train - trainImages: loading image
2022-04-01 06:45:12.276 DEBUG Train - trainImages: /home/vikasjoshis001/Desktop/Gestures/images_to_train/cersie lannister/index3.jpeg
2022-04-01 06:45:12.277 INFO Train - trainImages: loading image done
2022-04-01 06:45:12.277 INFO Train - trainImages: finding the encoding of image
2022-04-01 06:45:12.343 INFO Train - trainImages: finding encoding of image is done
2022-04-01 06:45:12.343 INFO Train - trainImages: loading image
2022-04-01 06:45:12.344 DEBUG Train - trainImages: /home/vikasjoshis001/Desktop/Gestures/images_to_train/cersie lannister/index5.jpeg
2022-04-01 06:45:12.344 INFO Train - trainImages: loading image done
2022-04-01 06:45:12.344 INFO Train - trainImages: finding the encoding of image
2022-04-01 06:45:12.412 INFO Train - trainImages: finding encoding of image is done
2022-04-01 06:45:12.412 INFO Train - trainImages: loading image
2022-04-01 06:45:12.413 DEBUG Train - trainImages: /home/vikasjoshis001/Desktop/Gestures/images_to_train/cersie lannister/index2.jpeg
2022-04-01 06:45:12.413 INFO Train - trainImages: loading image done
2022-04-01 06:45:12.413 INFO Train - trainImages: finding the encoding of image
2022-04-01 06:45:12.481 INFO Train - trainImages: finding encoding of image is done
2022-04-01 06:45:12.481 INFO Train - trainImages: loading image
2022-04-01 06:45:12.482 DEBUG Train - trainImages: /home/vikasjoshis001/Desktop/Gestures/images_to_train/cersie lannister/index4.jpeg
2022-04-01 06:45:12.482 INFO Train - trainImages: loading image done
2022-04-01 06:45:12.482 INFO Train - trainImages: finding the encoding of image
2022-04-01 06:45:12.551 INFO Train - trainImages: finding encoding of image is done
2022-04-01 06:45:12.551 INFO Train - trainImages: getting average of encodings of loaded images
2022-04-01 06:45:12.552 INFO Train - trainImages: done with getting average encodings
2022-04-01 06:45:12.552 INFO Train - trainImages: storing the name and encoding in local dictionary
2022-04-01 06:45:12.552 INFO Train - trainImages: stored name and encodes in local dictionary
2022-04-01 06:45:12.552 INFO Train - trainImages: storing the name and encodings in mongodb
2022-04-01 06:45:12.553 INFO Train - trainImages: stored all name and encodes in mongodb
2022-04-01 06:45:12.553 INFO Train - trainImages: started loading images and finding their encodings
2022-04-01 06:45:12.553 INFO Train - trainImages: loading image
2022-04-01 06:45:12.555 DEBUG Train - trainImages: /home/vikasjoshis001/Desktop/Gestures/images_to_train/Vikas-2022-03-31 13:17:26.260103/Vikas.d18bc824-b0c6-11ec-95c9-353773ec36e1.jpeg
2022-04-01 06:45:12.555 INFO Train - trainImages: loading image done
2022-04-01 06:45:12.555 INFO Train - trainImages: finding the encoding of image
2022-04-01 06:45:12.736 INFO Train - trainImages: finding encoding of image is done
2022-04-01 06:45:12.736 INFO Train - trainImages: loading image
2022-04-01 06:45:12.739 DEBUG Train - trainImages: /home/vikasjoshis001/Desktop/Gestures/images_to_train/Vikas-2022-03-31 13:17:26.260103/Vikas.d056c17b-b0c6-11ec-95c9-353773ec36e1.jpeg
2022-04-01 06:45:12.739 INFO Train - trainImages: loading image done
2022-04-01 06:45:12.739 INFO Train - trainImages: finding the encoding of image
2022-04-01 06:45:12.921 INFO Train - trainImages: finding encoding of image is done
2022-04-01 06:45:12.921 INFO Train - trainImages: loading image
2022-04-01 06:45:12.923 DEBUG Train - trainImages: /home/vikasjoshis001/Desktop/Gestures/images_to_train/Vikas-2022-03-31 13:17:26.260103/Vikas.cf0c4b78-b0c6-11ec-95c9-353773ec36e1.jpeg
2022-04-01 06:45:12.923 INFO Train - trainImages: loading image done
2022-04-01 06:45:12.924 INFO Train - trainImages: finding the encoding of image
2022-04-01 06:45:13.105 INFO Train - trainImages: finding encoding of image is done
2022-04-01 06:45:13.105 INFO Train - trainImages: loading image
2022-04-01 06:45:13.108 DEBUG Train - trainImages: /home/vikasjoshis001/Desktop/Gestures/images_to_train/Vikas-2022-03-31 13:17:26.260103/Vikas.cf0c4b79-b0c6-11ec-95c9-353773ec36e1.jpeg
2022-04-01 06:45:13.108 INFO Train - trainImages: loading image done
2022-04-01 06:45:13.108 INFO Train - trainImages: finding the encoding of image
2022-04-01 06:45:13.287 INFO Train - trainImages: finding encoding of image is done
2022-04-01 06:45:13.288 INFO Train - trainImages: loading image
2022-04-01 06:45:13.290 DEBUG Train - trainImages: /home/vikasjoshis001/Desktop/Gestures/images_to_train/Vikas-2022-03-31 13:17:26.260103/Vikas.d056c17a-b0c6-11ec-95c9-353773ec36e1.jpeg
2022-04-01 06:45:13.290 INFO Train - trainImages: loading image done
2022-04-01 06:45:13.290 INFO Train - trainImages: finding the encoding of image
2022-04-01 06:45:13.475 INFO Train - trainImages: finding encoding of image is done
2022-04-01 06:45:13.475 INFO Train - trainImages: getting average of encodings of loaded images
2022-04-01 06:45:13.475 INFO Train - trainImages: done with getting average encodings
2022-04-01 06:45:13.475 INFO Train - trainImages: storing the name and encoding in local dictionary
2022-04-01 06:45:13.475 INFO Train - trainImages: stored name and encodes in local dictionary
2022-04-01 06:45:13.475 INFO Train - trainImages: storing the name and encodings in mongodb
2022-04-01 06:45:13.476 INFO Train - trainImages: stored all name and encodes in mongodb
2022-04-01 06:45:13.476 INFO Train - trainImages: started loading images and finding their encodings
2022-04-01 06:45:13.476 INFO Train - trainImages: loading image
2022-04-01 06:45:13.477 DEBUG Train - trainImages: /home/vikasjoshis001/Desktop/Gestures/images_to_train/king in the north/index.jpeg
2022-04-01 06:45:13.477 INFO Train - trainImages: loading image done
2022-04-01 06:45:13.477 INFO Train - trainImages: finding the encoding of image
2022-04-01 06:45:13.545 INFO Train - trainImages: finding encoding of image is done
2022-04-01 06:45:13.545 INFO Train - trainImages: loading image
2022-04-01 06:45:13.546 DEBUG Train - trainImages: /home/vikasjoshis001/Desktop/Gestures/images_to_train/king in the north/index3.jpeg
2022-04-01 06:45:13.546 INFO Train - trainImages: loading image done
2022-04-01 06:45:13.546 INFO Train - trainImages: finding the encoding of image
2022-04-01 06:45:13.616 INFO Train - trainImages: finding encoding of image is done
2022-04-01 06:45:13.616 INFO Train - trainImages: loading image
2022-04-01 06:45:13.616 DEBUG Train - trainImages: /home/vikasjoshis001/Desktop/Gestures/images_to_train/king in the north/index5.jpeg
2022-04-01 06:45:13.617 INFO Train - trainImages: loading image done
2022-04-01 06:45:13.617 INFO Train - trainImages: finding the encoding of image
2022-04-01 06:45:13.684 INFO Train - trainImages: finding encoding of image is done
2022-04-01 06:45:13.684 INFO Train - trainImages: loading image
2022-04-01 06:45:13.685 DEBUG Train - trainImages: /home/vikasjoshis001/Desktop/Gestures/images_to_train/king in the north/index2.jpeg
2022-04-01 06:45:13.685 INFO Train - trainImages: loading image done
2022-04-01 06:45:13.685 INFO Train - trainImages: finding the encoding of image
2022-04-01 06:45:13.752 INFO Train - trainImages: finding encoding of image is done
2022-04-01 06:45:13.753 INFO Train - trainImages: loading image
2022-04-01 06:45:13.753 DEBUG Train - trainImages: /home/vikasjoshis001/Desktop/Gestures/images_to_train/king in the north/index4.jpeg
2022-04-01 06:45:13.753 INFO Train - trainImages: loading image done
2022-04-01 06:45:13.753 INFO Train - trainImages: finding the encoding of image
2022-04-01 06:45:13.824 INFO Train - trainImages: finding encoding of image is done
2022-04-01 06:45:13.824 INFO Train - trainImages: getting average of encodings of loaded images
2022-04-01 06:45:13.824 INFO Train - trainImages: done with getting average encodings
2022-04-01 06:45:13.824 INFO Train - trainImages: storing the name and encoding in local dictionary
2022-04-01 06:45:13.824 INFO Train - trainImages: stored name and encodes in local dictionary
2022-04-01 06:45:13.824 INFO Train - trainImages: storing the name and encodings in mongodb
2022-04-01 06:45:13.825 INFO Train - trainImages: stored all name and encodes in mongodb
2022-04-01 06:45:13.825 INFO Train - trainImages: started loading images and finding their encodings
2022-04-01 06:45:13.825 INFO Train - trainImages: loading image
2022-04-01 06:45:13.826 DEBUG Train - trainImages: /home/vikasjoshis001/Desktop/Gestures/images_to_train/OJdihfj-2022-04-01 06:41:45.047193/OJdihfj.b29c3dbd-b158-11ec-ae44-cb6983774605.jpeg
2022-04-01 06:45:13.826 INFO Train - trainImages: loading image done
2022-04-01 06:45:13.826 INFO Train - trainImages: finding the encoding of image
2022-04-01 06:45:13.906 INFO Train - trainImages: finding encoding of image is done
2022-04-01 06:45:13.906 INFO Train - trainImages: loading image
2022-04-01 06:45:13.907 DEBUG Train - trainImages: /home/vikasjoshis001/Desktop/Gestures/images_to_train/OJdihfj-2022-04-01 06:41:45.047193/OJdihfj.b51c4758-b158-11ec-ae44-cb6983774605.jpeg
2022-04-01 06:45:13.907 INFO Train - trainImages: loading image done
2022-04-01 06:45:13.907 INFO Train - trainImages: finding the encoding of image
2022-04-01 06:45:13.987 INFO Train - trainImages: finding encoding of image is done
2022-04-01 06:45:13.987 INFO Train - trainImages: loading image
2022-04-01 06:45:13.988 DEBUG Train - trainImages: /home/vikasjoshis001/Desktop/Gestures/images_to_train/OJdihfj-2022-04-01 06:41:45.047193/OJdihfj.b29c3dbc-b158-11ec-ae44-cb6983774605.jpeg
2022-04-01 06:45:13.989 INFO Train - trainImages: loading image done
2022-04-01 06:45:13.989 INFO Train - trainImages: finding the encoding of image
2022-04-01 06:45:14.069 INFO Train - trainImages: finding encoding of image is done
2022-04-01 06:45:14.069 INFO Train - trainImages: loading image
2022-04-01 06:45:14.070 DEBUG Train - trainImages: /home/vikasjoshis001/Desktop/Gestures/images_to_train/OJdihfj-2022-04-01 06:41:45.047193/OJdihfj.b3e76661-b158-11ec-ae44-cb6983774605.jpeg
2022-04-01 06:45:14.070 INFO Train - trainImages: loading image done
2022-04-01 06:45:14.070 INFO Train - trainImages: finding the encoding of image
2022-04-01 06:45:14.151 INFO Train - trainImages: finding encoding of image is done
2022-04-01 06:45:14.151 INFO Train - trainImages: loading image
2022-04-01 06:45:14.152 DEBUG Train - trainImages: /home/vikasjoshis001/Desktop/Gestures/images_to_train/OJdihfj-2022-04-01 06:41:45.047193/OJdihfj.b3e76660-b158-11ec-ae44-cb6983774605.jpeg
2022-04-01 06:45:14.152 INFO Train - trainImages: loading image done
2022-04-01 06:45:14.152 INFO Train - trainImages: finding the encoding of image
2022-04-01 06:45:14.232 INFO Train - trainImages: finding encoding of image is done
2022-04-01 06:45:14.232 INFO Train - trainImages: getting average of encodings of loaded images
2022-04-01 06:45:14.233 INFO Train - trainImages: done with getting average encodings
2022-04-01 06:45:14.233 INFO Train - trainImages: storing the name and encoding in local dictionary
2022-04-01 06:45:14.233 INFO Train - trainImages: stored name and encodes in local dictionary
2022-04-01 06:45:14.233 INFO Train - trainImages: storing the name and encodings in mongodb
2022-04-01 06:45:14.233 INFO Train - trainImages: stored all name and encodes in mongodb
2022-04-01 06:45:14.233 INFO Train - trainImages: started loading images and finding their encodings
2022-04-01 06:45:14.233 INFO Train - trainImages: loading image
2022-04-01 06:45:14.234 DEBUG Train - trainImages: /home/vikasjoshis001/Desktop/Gestures/images_to_train/jfhkjg-2022-04-01 06:37:04.905084/jfhkjg.0ceab510-b158-11ec-ae44-cb6983774605.jpeg
2022-04-01 06:45:14.234 INFO Train - trainImages: loading image done
2022-04-01 06:45:14.234 INFO Train - trainImages: finding the encoding of image
2022-04-01 06:45:14.315 INFO Train - trainImages: finding encoding of image is done
2022-04-01 06:45:14.315 INFO Train - trainImages: loading image
2022-04-01 06:45:14.316 DEBUG Train - trainImages: /home/vikasjoshis001/Desktop/Gestures/images_to_train/jfhkjg-2022-04-01 06:37:04.905084/jfhkjg.0ceab511-b158-11ec-ae44-cb6983774605.jpeg
2022-04-01 06:45:14.316 INFO Train - trainImages: loading image done
2022-04-01 06:45:14.316 INFO Train - trainImages: finding the encoding of image
2022-04-01 06:45:14.395 INFO Train - trainImages: finding encoding of image is done
2022-04-01 06:45:14.396 INFO Train - trainImages: loading image
2022-04-01 06:45:14.397 DEBUG Train - trainImages: /home/vikasjoshis001/Desktop/Gestures/images_to_train/jfhkjg-2022-04-01 06:37:04.905084/jfhkjg.0e1fb85e-b158-11ec-ae44-cb6983774605.jpeg
2022-04-01 06:45:14.397 INFO Train - trainImages: loading image done
2022-04-01 06:45:14.397 INFO Train - trainImages: finding the encoding of image
2022-04-01 06:45:14.476 INFO Train - trainImages: finding encoding of image is done
2022-04-01 06:45:14.476 INFO Train - trainImages: loading image
2022-04-01 06:45:14.477 DEBUG Train - trainImages: /home/vikasjoshis001/Desktop/Gestures/images_to_train/jfhkjg-2022-04-01 06:37:04.905084/jfhkjg.0ba1782e-b158-11ec-ae44-cb6983774605.jpeg
2022-04-01 06:45:14.477 INFO Train - trainImages: loading image done
2022-04-01 06:45:14.478 INFO Train - trainImages: finding the encoding of image
2022-04-01 06:45:14.557 INFO Train - trainImages: finding encoding of image is done
2022-04-01 06:45:14.557 INFO Train - trainImages: loading image
2022-04-01 06:45:14.558 DEBUG Train - trainImages: /home/vikasjoshis001/Desktop/Gestures/images_to_train/jfhkjg-2022-04-01 06:37:04.905084/jfhkjg.0ba1782f-b158-11ec-ae44-cb6983774605.jpeg
2022-04-01 06:45:14.559 INFO Train - trainImages: loading image done
2022-04-01 06:45:14.559 INFO Train - trainImages: finding the encoding of image
2022-04-01 06:45:14.638 INFO Train - trainImages: finding encoding of image is done
2022-04-01 06:45:14.638 INFO Train - trainImages: getting average of encodings of loaded images
2022-04-01 06:45:14.638 INFO Train - trainImages: done with getting average encodings
2022-04-01 06:45:14.638 INFO Train - trainImages: storing the name and encoding in local dictionary
2022-04-01 06:45:14.638 INFO Train - trainImages: stored name and encodes in local dictionary
2022-04-01 06:45:14.638 INFO Train - trainImages: storing the name and encodings in mongodb
2022-04-01 06:45:14.639 INFO Train - trainImages: stored all name and encodes in mongodb
2022-04-01 06:45:14.639 INFO Train - trainImages: started loading images and finding their encodings
2022-04-01 06:45:14.639 INFO Train - trainImages: loading image
2022-04-01 06:45:14.640 DEBUG Train - trainImages: /home/vikasjoshis001/Desktop/Gestures/images_to_train/fdsfg-2022-04-01 06:31:00.007557/fdsfg.3222a709-b157-11ec-ae44-cb6983774605.jpeg
2022-04-01 06:45:14.640 INFO Train - trainImages: loading image done
2022-04-01 06:45:14.640 INFO Train - trainImages: finding the encoding of image
2022-04-01 06:45:14.720 INFO Train - trainImages: finding encoding of image is done
2022-04-01 06:45:14.720 INFO Train - trainImages: loading image
2022-04-01 06:45:14.721 DEBUG Train - trainImages: /home/vikasjoshis001/Desktop/Gestures/images_to_train/fdsfg-2022-04-01 06:31:00.007557/fdsfg.33671982-b157-11ec-ae44-cb6983774605.jpeg
2022-04-01 06:45:14.721 INFO Train - trainImages: loading image done
2022-04-01 06:45:14.721 INFO Train - trainImages: finding the encoding of image
2022-04-01 06:45:14.801 INFO Train - trainImages: finding encoding of image is done
2022-04-01 06:45:14.802 INFO Train - trainImages: loading image
2022-04-01 06:45:14.803 DEBUG Train - trainImages: /home/vikasjoshis001/Desktop/Gestures/images_to_train/fdsfg-2022-04-01 06:31:00.007557/fdsfg.33671983-b157-11ec-ae44-cb6983774605.jpeg
2022-04-01 06:45:14.803 INFO Train - trainImages: loading image done
2022-04-01 06:45:14.803 INFO Train - trainImages: finding the encoding of image
2022-04-01 06:45:14.882 INFO Train - trainImages: finding encoding of image is done
2022-04-01 06:45:14.882 INFO Train - trainImages: loading image
2022-04-01 06:45:14.883 DEBUG Train - trainImages: /home/vikasjoshis001/Desktop/Gestures/images_to_train/fdsfg-2022-04-01 06:31:00.007557/fdsfg.349ba318-b157-11ec-ae44-cb6983774605.jpeg
2022-04-01 06:45:14.883 INFO Train - trainImages: loading image done
2022-04-01 06:45:14.883 INFO Train - trainImages: finding the encoding of image
2022-04-01 06:45:14.963 INFO Train - trainImages: finding encoding of image is done
2022-04-01 06:45:14.963 INFO Train - trainImages: loading image
2022-04-01 06:45:14.964 DEBUG Train - trainImages: /home/vikasjoshis001/Desktop/Gestures/images_to_train/fdsfg-2022-04-01 06:31:00.007557/fdsfg.3222a708-b157-11ec-ae44-cb6983774605.jpeg
2022-04-01 06:45:14.964 INFO Train - trainImages: loading image done
2022-04-01 06:45:14.964 INFO Train - trainImages: finding the encoding of image
2022-04-01 06:45:15.045 INFO Train - trainImages: finding encoding of image is done
2022-04-01 06:45:15.045 INFO Train - trainImages: getting average of encodings of loaded images
2022-04-01 06:45:15.045 INFO Train - trainImages: done with getting average encodings
2022-04-01 06:45:15.045 INFO Train - trainImages: storing the name and encoding in local dictionary
2022-04-01 06:45:15.045 INFO Train - trainImages: stored name and encodes in local dictionary
2022-04-01 06:45:15.045 INFO Train - trainImages: storing the name and encodings in mongodb
2022-04-01 06:45:15.046 INFO Train - trainImages: stored all name and encodes in mongodb
2022-04-01 06:45:15.046 INFO Train - trainImages: started loading images and finding their encodings
2022-04-01 06:45:15.046 INFO Train - trainImages: loading image
2022-04-01 06:45:15.047 DEBUG Train - trainImages: /home/vikasjoshis001/Desktop/Gestures/images_to_train/UIO-2022-04-01 06:08:24.896094/UIO.0a6d3245-b154-11ec-ae44-cb6983774605.jpeg
2022-04-01 06:45:15.047 INFO Train - trainImages: loading image done
2022-04-01 06:45:15.047 INFO Train - trainImages: finding the encoding of image
2022-04-01 06:45:15.127 INFO Train - trainImages: finding encoding of image is done
2022-04-01 06:45:15.127 INFO Train - trainImages: loading image
2022-04-01 06:45:15.128 DEBUG Train - trainImages: /home/vikasjoshis001/Desktop/Gestures/images_to_train/UIO-2022-04-01 06:08:24.896094/UIO.0bbc7cb9-b154-11ec-ae44-cb6983774605.jpeg
2022-04-01 06:45:15.128 INFO Train - trainImages: loading image done
2022-04-01 06:45:15.128 INFO Train - trainImages: finding the encoding of image
2022-04-01 06:45:15.211 INFO Train - trainImages: finding encoding of image is done
2022-04-01 06:45:15.211 INFO Train - trainImages: loading image
2022-04-01 06:45:15.212 DEBUG Train - trainImages: /home/vikasjoshis001/Desktop/Gestures/images_to_train/UIO-2022-04-01 06:08:24.896094/UIO.0bbc7cb8-b154-11ec-ae44-cb6983774605.jpeg
2022-04-01 06:45:15.212 INFO Train - trainImages: loading image done
2022-04-01 06:45:15.212 INFO Train - trainImages: finding the encoding of image
2022-04-01 06:45:15.292 INFO Train - trainImages: finding encoding of image is done
2022-04-01 06:45:15.292 INFO Train - trainImages: loading image
2022-04-01 06:45:15.293 DEBUG Train - trainImages: /home/vikasjoshis001/Desktop/Gestures/images_to_train/UIO-2022-04-01 06:08:24.896094/UIO.0a6d3244-b154-11ec-ae44-cb6983774605.jpeg
2022-04-01 06:45:15.293 INFO Train - trainImages: loading image done
2022-04-01 06:45:15.293 INFO Train - trainImages: finding the encoding of image
2022-04-01 06:45:15.375 INFO Train - trainImages: finding encoding of image is done
2022-04-01 06:45:15.375 INFO Train - trainImages: loading image
2022-04-01 06:45:15.376 DEBUG Train - trainImages: /home/vikasjoshis001/Desktop/Gestures/images_to_train/UIO-2022-04-01 06:08:24.896094/UIO.0cf136d2-b154-11ec-ae44-cb6983774605.jpeg
2022-04-01 06:45:15.376 INFO Train - trainImages: loading image done
2022-04-01 06:45:15.376 INFO Train - trainImages: finding the encoding of image
2022-04-01 06:45:15.456 INFO Train - trainImages: finding encoding of image is done
2022-04-01 06:45:15.457 INFO Train - trainImages: getting average of encodings of loaded images
2022-04-01 06:45:15.457 INFO Train - trainImages: done with getting average encodings
2022-04-01 06:45:15.457 INFO Train - trainImages: storing the name and encoding in local dictionary
2022-04-01 06:45:15.457 INFO Train - trainImages: stored name and encodes in local dictionary
2022-04-01 06:45:15.457 INFO Train - trainImages: storing the name and encodings in mongodb
2022-04-01 06:45:15.458 INFO Train - trainImages: stored all name and encodes in mongodb
2022-04-01 06:45:15.458 INFO Train - trainImages: started loading images and finding their encodings
2022-04-01 06:45:15.458 INFO Train - trainImages: loading image
2022-04-01 06:45:15.458 DEBUG Train - trainImages: /home/vikasjoshis001/Desktop/Gestures/images_to_train/arya stark/index.jpeg
2022-04-01 06:45:15.458 INFO Train - trainImages: loading image done
2022-04-01 06:45:15.459 INFO Train - trainImages: finding the encoding of image
2022-04-01 06:45:15.532 INFO Train - trainImages: finding encoding of image is done
2022-04-01 06:45:15.532 INFO Train - trainImages: loading image
2022-04-01 06:45:15.532 DEBUG Train - trainImages: /home/vikasjoshis001/Desktop/Gestures/images_to_train/arya stark/index3.jpeg
2022-04-01 06:45:15.533 INFO Train - trainImages: loading image done
2022-04-01 06:45:15.533 INFO Train - trainImages: finding the encoding of image
2022-04-01 06:45:15.605 INFO Train - trainImages: finding encoding of image is done
2022-04-01 06:45:15.605 INFO Train - trainImages: loading image
2022-04-01 06:45:15.606 DEBUG Train - trainImages: /home/vikasjoshis001/Desktop/Gestures/images_to_train/arya stark/index5.jpeg
2022-04-01 06:45:15.606 INFO Train - trainImages: loading image done
2022-04-01 06:45:15.606 INFO Train - trainImages: finding the encoding of image
2022-04-01 06:45:15.676 INFO Train - trainImages: finding encoding of image is done
2022-04-01 06:45:15.677 INFO Train - trainImages: loading image
2022-04-01 06:45:15.677 DEBUG Train - trainImages: /home/vikasjoshis001/Desktop/Gestures/images_to_train/arya stark/index2.jpeg
2022-04-01 06:45:15.677 INFO Train - trainImages: loading image done
2022-04-01 06:45:15.677 INFO Train - trainImages: finding the encoding of image
2022-04-01 06:45:15.745 INFO Train - trainImages: finding encoding of image is done
2022-04-01 06:45:15.745 INFO Train - trainImages: loading image
2022-04-01 06:45:15.746 DEBUG Train - trainImages: /home/vikasjoshis001/Desktop/Gestures/images_to_train/arya stark/images4.jpeg
2022-04-01 06:45:15.746 INFO Train - trainImages: loading image done
2022-04-01 06:45:15.746 INFO Train - trainImages: finding the encoding of image
2022-04-01 06:45:15.812 INFO Train - trainImages: finding encoding of image is done
2022-04-01 06:45:15.813 INFO Train - trainImages: getting average of encodings of loaded images
2022-04-01 06:45:15.813 INFO Train - trainImages: done with getting average encodings
2022-04-01 06:45:15.813 INFO Train - trainImages: storing the name and encoding in local dictionary
2022-04-01 06:45:15.813 INFO Train - trainImages: stored name and encodes in local dictionary
2022-04-01 06:45:15.813 INFO Train - trainImages: storing the name and encodings in mongodb
2022-04-01 06:45:15.814 INFO Train - trainImages: stored all name and encodes in mongodb
2022-04-01 06:45:15.814 INFO Train - trainImages: started loading images and finding their encodings
2022-04-01 06:45:15.814 INFO Train - trainImages: loading image
2022-04-01 06:45:15.815 DEBUG Train - trainImages: /home/vikasjoshis001/Desktop/Gestures/images_to_train/hhh-2022-04-01 06:44:57.963327/hhh.25986278-b159-11ec-ae44-cb6983774605.jpeg
2022-04-01 06:45:15.815 INFO Train - trainImages: loading image done
2022-04-01 06:45:15.815 INFO Train - trainImages: finding the encoding of image
2022-04-01 06:45:15.895 INFO Train - trainImages: finding encoding of image is done
2022-04-01 06:45:15.895 INFO Train - trainImages: loading image
2022-04-01 06:45:15.896 DEBUG Train - trainImages: /home/vikasjoshis001/Desktop/Gestures/images_to_train/hhh-2022-04-01 06:44:57.963327/hhh.26dc8538-b159-11ec-ae44-cb6983774605.jpeg
2022-04-01 06:45:15.896 INFO Train - trainImages: loading image done
2022-04-01 06:45:15.896 INFO Train - trainImages: finding the encoding of image
2022-04-01 06:45:15.976 INFO Train - trainImages: finding encoding of image is done
2022-04-01 06:45:15.976 INFO Train - trainImages: loading image
2022-04-01 06:45:15.977 DEBUG Train - trainImages: /home/vikasjoshis001/Desktop/Gestures/images_to_train/hhh-2022-04-01 06:44:57.963327/hhh.28114740-b159-11ec-ae44-cb6983774605.jpeg
2022-04-01 06:45:15.977 INFO Train - trainImages: loading image done
2022-04-01 06:45:15.977 INFO Train - trainImages: finding the encoding of image
2022-04-01 06:45:16.057 INFO Train - trainImages: finding encoding of image is done
2022-04-01 06:45:16.057 INFO Train - trainImages: loading image
2022-04-01 06:45:16.058 DEBUG Train - trainImages: /home/vikasjoshis001/Desktop/Gestures/images_to_train/hhh-2022-04-01 06:44:57.963327/hhh.26dc8539-b159-11ec-ae44-cb6983774605.jpeg
2022-04-01 06:45:16.058 INFO Train - trainImages: loading image done
2022-04-01 06:45:16.059 INFO Train - trainImages: finding the encoding of image
2022-04-01 06:45:16.139 INFO Train - trainImages: finding encoding of image is done
2022-04-01 06:45:16.139 INFO Train - trainImages: loading image
2022-04-01 06:45:16.140 DEBUG Train - trainImages: /home/vikasjoshis001/Desktop/Gestures/images_to_train/hhh-2022-04-01 06:44:57.963327/hhh.25986279-b159-11ec-ae44-cb6983774605.jpeg
2022-04-01 06:45:16.140 INFO Train - trainImages: loading image done
2022-04-01 06:45:16.140 INFO Train - trainImages: finding the encoding of image
2022-04-01 06:45:16.221 INFO Train - trainImages: finding encoding of image is done
2022-04-01 06:45:16.221 INFO Train - trainImages: getting average of encodings of loaded images
2022-04-01 06:45:16.221 INFO Train - trainImages: done with getting average encodings
2022-04-01 06:45:16.221 INFO Train - trainImages: storing the name and encoding in local dictionary
2022-04-01 06:45:16.221 INFO Train - trainImages: stored name and encodes in local dictionary
2022-04-01 06:45:16.221 INFO Train - trainImages: storing the name and encodings in mongodb
2022-04-01 06:45:16.222 INFO Train - trainImages: stored all name and encodes in mongodb
2022-04-01 06:45:16.222 INFO Train - trainImages: started loading images and finding their encodings
2022-04-01 06:45:16.222 INFO Train - trainImages: loading image
2022-04-01 06:45:16.223 DEBUG Train - trainImages: /home/vikasjoshis001/Desktop/Gestures/images_to_train/lvkn;lhk-2022-04-01 06:42:39.157330/lvkn;lhk.d2dc65ac-b158-11ec-ae44-cb6983774605.jpeg
2022-04-01 06:45:16.223 INFO Train - trainImages: loading image done
2022-04-01 06:45:16.223 INFO Train - trainImages: finding the encoding of image
2022-04-01 06:45:16.304 INFO Train - trainImages: finding encoding of image is done
2022-04-01 06:45:16.304 INFO Train - trainImages: loading image
2022-04-01 06:45:16.305 DEBUG Train - trainImages: /home/vikasjoshis001/Desktop/Gestures/images_to_train/lvkn;lhk-2022-04-01 06:42:39.157330/lvkn;lhk.d4222b36-b158-11ec-ae44-cb6983774605.jpeg
2022-04-01 06:45:16.305 INFO Train - trainImages: loading image done
2022-04-01 06:45:16.305 INFO Train - trainImages: finding the encoding of image
2022-04-01 06:45:16.385 INFO Train - trainImages: finding encoding of image is done
2022-04-01 06:45:16.385 INFO Train - trainImages: loading image
2022-04-01 06:45:16.386 DEBUG Train - trainImages: /home/vikasjoshis001/Desktop/Gestures/images_to_train/lvkn;lhk-2022-04-01 06:42:39.157330/lvkn;lhk.d5570328-b158-11ec-ae44-cb6983774605.jpeg
2022-04-01 06:45:16.386 INFO Train - trainImages: loading image done
2022-04-01 06:45:16.386 INFO Train - trainImages: finding the encoding of image
2022-04-01 06:45:16.467 INFO Train - trainImages: finding encoding of image is done
2022-04-01 06:45:16.467 INFO Train - trainImages: loading image
2022-04-01 06:45:16.468 DEBUG Train - trainImages: /home/vikasjoshis001/Desktop/Gestures/images_to_train/lvkn;lhk-2022-04-01 06:42:39.157330/lvkn;lhk.d4222b37-b158-11ec-ae44-cb6983774605.jpeg
2022-04-01 06:45:16.468 INFO Train - trainImages: loading image done
2022-04-01 06:45:16.468 INFO Train - trainImages: finding the encoding of image
2022-04-01 06:45:16.548 INFO Train - trainImages: finding encoding of image is done
2022-04-01 06:45:16.548 INFO Train - trainImages: loading image
2022-04-01 06:45:16.549 DEBUG Train - trainImages: /home/vikasjoshis001/Desktop/Gestures/images_to_train/lvkn;lhk-2022-04-01 06:42:39.157330/lvkn;lhk.d2dc65ad-b158-11ec-ae44-cb6983774605.jpeg
2022-04-01 06:45:16.549 INFO Train - trainImages: loading image done
2022-04-01 06:45:16.549 INFO Train - trainImages: finding the encoding of image
2022-04-01 06:45:16.630 INFO Train - trainImages: finding encoding of image is done
2022-04-01 06:45:16.630 INFO Train - trainImages: getting average of encodings of loaded images
2022-04-01 06:45:16.631 INFO Train - trainImages: done with getting average encodings
2022-04-01 06:45:16.631 INFO Train - trainImages: storing the name and encoding in local dictionary
2022-04-01 06:45:16.631 INFO Train - trainImages: stored name and encodes in local dictionary
2022-04-01 06:45:16.631 INFO Train - trainImages: storing the name and encodings in mongodb
2022-04-01 06:45:16.631 INFO Train - trainImages: stored all name and encodes in mongodb
2022-04-01 06:45:16.631 INFO Train - trainImages: started loading images and finding their encodings
2022-04-01 06:45:16.632 INFO Train - trainImages: loading image
2022-04-01 06:45:16.633 DEBUG Train - trainImages: /home/vikasjoshis001/Desktop/Gestures/images_to_train/bgcnhgnvbngh-2022-04-01 06:34:02.139502/bgcnhgnvbngh.a134ebc4-b157-11ec-ae44-cb6983774605.jpeg
2022-04-01 06:45:16.633 INFO Train - trainImages: loading image done
2022-04-01 06:45:16.633 INFO Train - trainImages: finding the encoding of image
2022-04-01 06:45:16.712 INFO Train - trainImages: finding encoding of image is done
2022-04-01 06:45:16.712 INFO Train - trainImages: loading image
2022-04-01 06:45:16.713 DEBUG Train - trainImages: /home/vikasjoshis001/Desktop/Gestures/images_to_train/bgcnhgnvbngh-2022-04-01 06:34:02.139502/bgcnhgnvbngh.9fff80f2-b157-11ec-ae44-cb6983774605.jpeg
2022-04-01 06:45:16.714 INFO Train - trainImages: loading image done
2022-04-01 06:45:16.714 INFO Train - trainImages: finding the encoding of image
2022-04-01 06:45:16.793 INFO Train - trainImages: finding encoding of image is done
2022-04-01 06:45:16.793 INFO Train - trainImages: loading image
2022-04-01 06:45:16.794 DEBUG Train - trainImages: /home/vikasjoshis001/Desktop/Gestures/images_to_train/bgcnhgnvbngh-2022-04-01 06:34:02.139502/bgcnhgnvbngh.9eb230f1-b157-11ec-ae44-cb6983774605.jpeg
2022-04-01 06:45:16.794 INFO Train - trainImages: loading image done
2022-04-01 06:45:16.794 INFO Train - trainImages: finding the encoding of image
2022-04-01 06:45:16.874 INFO Train - trainImages: finding encoding of image is done
2022-04-01 06:45:16.875 INFO Train - trainImages: loading image
2022-04-01 06:45:16.875 DEBUG Train - trainImages: /home/vikasjoshis001/Desktop/Gestures/images_to_train/bgcnhgnvbngh-2022-04-01 06:34:02.139502/bgcnhgnvbngh.9fff80f3-b157-11ec-ae44-cb6983774605.jpeg
2022-04-01 06:45:16.876 INFO Train - trainImages: loading image done
2022-04-01 06:45:16.876 INFO Train - trainImages: finding the encoding of image
2022-04-01 06:45:16.955 INFO Train - trainImages: finding encoding of image is done
2022-04-01 06:45:16.955 INFO Train - trainImages: loading image
2022-04-01 06:45:16.956 DEBUG Train - trainImages: /home/vikasjoshis001/Desktop/Gestures/images_to_train/bgcnhgnvbngh-2022-04-01 06:34:02.139502/bgcnhgnvbngh.9eb230f0-b157-11ec-ae44-cb6983774605.jpeg
2022-04-01 06:45:16.956 INFO Train - trainImages: loading image done
2022-04-01 06:45:16.956 INFO Train - trainImages: finding the encoding of image
2022-04-01 06:45:17.037 INFO Train - trainImages: finding encoding of image is done
2022-04-01 06:45:17.037 INFO Train - trainImages: getting average of encodings of loaded images
2022-04-01 06:45:17.037 INFO Train - trainImages: done with getting average encodings
2022-04-01 06:45:17.037 INFO Train - trainImages: storing the name and encoding in local dictionary
2022-04-01 06:45:17.037 INFO Train - trainImages: stored name and encodes in local dictionary
2022-04-01 06:45:17.037 INFO Train - trainImages: storing the name and encodings in mongodb
2022-04-01 06:45:17.038 INFO Train - trainImages: stored all name and encodes in mongodb
2022-04-01 06:45:17.038 INFO Train - trainImages: started loading images and finding their encodings
2022-04-01 06:45:17.038 INFO Train - trainImages: loading image
2022-04-01 06:45:17.039 DEBUG Train - trainImages: /home/vikasjoshis001/Desktop/Gestures/images_to_train/nnhm-2022-04-01 06:35:32.890275/nnhm.d6127e06-b157-11ec-ae44-cb6983774605.jpeg
2022-04-01 06:45:17.039 INFO Train - trainImages: loading image done
2022-04-01 06:45:17.039 INFO Train - trainImages: finding the encoding of image
2022-04-01 06:45:17.120 INFO Train - trainImages: finding encoding of image is done
2022-04-01 06:45:17.120 INFO Train - trainImages: loading image
2022-04-01 06:45:17.121 DEBUG Train - trainImages: /home/vikasjoshis001/Desktop/Gestures/images_to_train/nnhm-2022-04-01 06:35:32.890275/nnhm.d6127e07-b157-11ec-ae44-cb6983774605.jpeg
2022-04-01 06:45:17.121 INFO Train - trainImages: loading image done
2022-04-01 06:45:17.121 INFO Train - trainImages: finding the encoding of image
2022-04-01 06:45:17.201 INFO Train - trainImages: finding encoding of image is done
2022-04-01 06:45:17.201 INFO Train - trainImages: loading image
2022-04-01 06:45:17.202 DEBUG Train - trainImages: /home/vikasjoshis001/Desktop/Gestures/images_to_train/nnhm-2022-04-01 06:35:32.890275/nnhm.d4c9f9b6-b157-11ec-ae44-cb6983774605.jpeg
2022-04-01 06:45:17.202 INFO Train - trainImages: loading image done
2022-04-01 06:45:17.202 INFO Train - trainImages: finding the encoding of image
2022-04-01 06:45:17.283 INFO Train - trainImages: finding encoding of image is done
2022-04-01 06:45:17.283 INFO Train - trainImages: loading image
2022-04-01 06:45:17.284 DEBUG Train - trainImages: /home/vikasjoshis001/Desktop/Gestures/images_to_train/nnhm-2022-04-01 06:35:32.890275/nnhm.d4c9f9b7-b157-11ec-ae44-cb6983774605.jpeg
2022-04-01 06:45:17.284 INFO Train - trainImages: loading image done
2022-04-01 06:45:17.284 INFO Train - trainImages: finding the encoding of image
2022-04-01 06:45:17.365 INFO Train - trainImages: finding encoding of image is done
2022-04-01 06:45:17.365 INFO Train - trainImages: loading image
2022-04-01 06:45:17.366 DEBUG Train - trainImages: /home/vikasjoshis001/Desktop/Gestures/images_to_train/nnhm-2022-04-01 06:35:32.890275/nnhm.d7475ac6-b157-11ec-ae44-cb6983774605.jpeg
2022-04-01 06:45:17.366 INFO Train - trainImages: loading image done
2022-04-01 06:45:17.366 INFO Train - trainImages: finding the encoding of image
2022-04-01 06:45:17.447 INFO Train - trainImages: finding encoding of image is done
2022-04-01 06:45:17.447 INFO Train - trainImages: getting average of encodings of loaded images
2022-04-01 06:45:17.447 INFO Train - trainImages: done with getting average encodings
2022-04-01 06:45:17.447 INFO Train - trainImages: storing the name and encoding in local dictionary
2022-04-01 06:45:17.447 INFO Train - trainImages: stored name and encodes in local dictionary
2022-04-01 06:45:17.447 INFO Train - trainImages: storing the name and encodings in mongodb
2022-04-01 06:45:17.448 INFO Train - trainImages: stored all name and encodes in mongodb
