2022-04-01 06:13:17.279 INFO Train - trainImages: MongoDB database connected successfully
2022-04-01 06:13:17.291 INFO Train - trainImages: collected all folders in known_people folder
2022-04-01 06:13:17.292 DEBUG Train - trainImages: ['tyrion lannister', 'denerys targeryan', 'Hello-2022-04-01 06:06:43.242173', 'cersie lannister', 'Vikas-2022-03-31 13:17:26.260103', 'king in the north', 'UIO-2022-04-01 06:08:24.896094', 'arya stark']
2022-04-01 06:13:17.296 INFO Train - trainImages: collected all images from all folders in known_people folder
2022-04-01 06:13:17.296 DEBUG Train - trainImages: [['/home/vikasjoshis001/Desktop/Gestures/images_to_train/tyrion lannister/images5.jpeg', '/home/vikasjoshis001/Desktop/Gestures/images_to_train/tyrion lannister/index3.jpeg', '/home/vikasjoshis001/Desktop/Gestures/images_to_train/tyrion lannister/index1.jpeg', '/home/vikasjoshis001/Desktop/Gestures/images_to_train/tyrion lannister/index2.jpeg', '/home/vikasjoshis001/Desktop/Gestures/images_to_train/tyrion lannister/index4.jpeg'], ['/home/vikasjoshis001/Desktop/Gestures/images_to_train/denerys targeryan/index3.jpeg', '/home/vikasjoshis001/Desktop/Gestures/images_to_train/denerys targeryan/index5.jpeg', '/home/vikasjoshis001/Desktop/Gestures/images_to_train/denerys targeryan/index1.jpeg', '/home/vikasjoshis001/Desktop/Gestures/images_to_train/denerys targeryan/index2.jpeg', '/home/vikasjoshis001/Desktop/Gestures/images_to_train/denerys targeryan/index4.jpeg'], ['/home/vikasjoshis001/Desktop/Gestures/images_to_train/Hello-2022-04-01 06:06:43.242173/Hello.cdd62f53-b153-11ec-ae44-cb6983774605.jpeg', '/home/vikasjoshis001/Desktop/Gestures/images_to_train/Hello-2022-04-01 06:06:43.242173/Hello.cf21c952-b153-11ec-ae44-cb6983774605.jpeg', '/home/vikasjoshis001/Desktop/Gestures/images_to_train/Hello-2022-04-01 06:06:43.242173/Hello.d0570634-b153-11ec-ae44-cb6983774605.jpeg', '/home/vikasjoshis001/Desktop/Gestures/images_to_train/Hello-2022-04-01 06:06:43.242173/Hello.cdd62f52-b153-11ec-ae44-cb6983774605.jpeg', '/home/vikasjoshis001/Desktop/Gestures/images_to_train/Hello-2022-04-01 06:06:43.242173/Hello.cf21c953-b153-11ec-ae44-cb6983774605.jpeg'], ['/home/vikasjoshis001/Desktop/Gestures/images_to_train/cersie lannister/index3.jpeg', '/home/vikasjoshis001/Desktop/Gestures/images_to_train/cersie lannister/index5.jpeg', '/home/vikasjoshis001/Desktop/Gestures/images_to_train/cersie lannister/index2.jpeg', '/home/vikasjoshis001/Desktop/Gestures/images_to_train/cersie lannister/index4.jpeg'], ['/home/vikasjoshis001/Desktop/Gestures/images_to_train/Vikas-2022-03-31 13:17:26.260103/Vikas.d18bc824-b0c6-11ec-95c9-353773ec36e1.jpeg', '/home/vikasjoshis001/Desktop/Gestures/images_to_train/Vikas-2022-03-31 13:17:26.260103/Vikas.d056c17b-b0c6-11ec-95c9-353773ec36e1.jpeg', '/home/vikasjoshis001/Desktop/Gestures/images_to_train/Vikas-2022-03-31 13:17:26.260103/Vikas.cf0c4b78-b0c6-11ec-95c9-353773ec36e1.jpeg', '/home/vikasjoshis001/Desktop/Gestures/images_to_train/Vikas-2022-03-31 13:17:26.260103/Vikas.cf0c4b79-b0c6-11ec-95c9-353773ec36e1.jpeg', '/home/vikasjoshis001/Desktop/Gestures/images_to_train/Vikas-2022-03-31 13:17:26.260103/Vikas.d056c17a-b0c6-11ec-95c9-353773ec36e1.jpeg'], ['/home/vikasjoshis001/Desktop/Gestures/images_to_train/king in the north/index.jpeg', '/home/vikasjoshis001/Desktop/Gestures/images_to_train/king in the north/index3.jpeg', '/home/vikasjoshis001/Desktop/Gestures/images_to_train/king in the north/index5.jpeg', '/home/vikasjoshis001/Desktop/Gestures/images_to_train/king in the north/index2.jpeg', '/home/vikasjoshis001/Desktop/Gestures/images_to_train/king in the north/index4.jpeg'], ['/home/vikasjoshis001/Desktop/Gestures/images_to_train/UIO-2022-04-01 06:08:24.896094/UIO.0a6d3245-b154-11ec-ae44-cb6983774605.jpeg', '/home/vikasjoshis001/Desktop/Gestures/images_to_train/UIO-2022-04-01 06:08:24.896094/UIO.0bbc7cb9-b154-11ec-ae44-cb6983774605.jpeg', '/home/vikasjoshis001/Desktop/Gestures/images_to_train/UIO-2022-04-01 06:08:24.896094/UIO.0bbc7cb8-b154-11ec-ae44-cb6983774605.jpeg', '/home/vikasjoshis001/Desktop/Gestures/images_to_train/UIO-2022-04-01 06:08:24.896094/UIO.0a6d3244-b154-11ec-ae44-cb6983774605.jpeg', '/home/vikasjoshis001/Desktop/Gestures/images_to_train/UIO-2022-04-01 06:08:24.896094/UIO.0cf136d2-b154-11ec-ae44-cb6983774605.jpeg'], ['/home/vikasjoshis001/Desktop/Gestures/images_to_train/arya stark/index.jpeg', '/home/vikasjoshis001/Desktop/Gestures/images_to_train/arya stark/index3.jpeg', '/home/vikasjoshis001/Desktop/Gestures/images_to_train/arya stark/index5.jpeg', '/home/vikasjoshis001/Desktop/Gestures/images_to_train/arya stark/index2.jpeg', '/home/vikasjoshis001/Desktop/Gestures/images_to_train/arya stark/images4.jpeg']]
2022-04-01 06:13:17.297 INFO Train - trainImages: started loading images and finding their encodings
2022-04-01 06:13:17.297 INFO Train - trainImages: loading image
2022-04-01 06:13:17.322 DEBUG Train - trainImages: /home/vikasjoshis001/Desktop/Gestures/images_to_train/tyrion lannister/images5.jpeg
2022-04-01 06:13:17.322 INFO Train - trainImages: loading image done
2022-04-01 06:13:17.322 INFO Train - trainImages: finding the encoding of image
2022-04-01 06:13:17.415 INFO Train - trainImages: finding encoding of image is done
2022-04-01 06:13:17.415 INFO Train - trainImages: loading image
2022-04-01 06:13:17.416 DEBUG Train - trainImages: /home/vikasjoshis001/Desktop/Gestures/images_to_train/tyrion lannister/index3.jpeg
2022-04-01 06:13:17.416 INFO Train - trainImages: loading image done
2022-04-01 06:13:17.416 INFO Train - trainImages: finding the encoding of image
2022-04-01 06:13:17.491 INFO Train - trainImages: finding encoding of image is done
2022-04-01 06:13:17.491 INFO Train - trainImages: loading image
2022-04-01 06:13:17.492 DEBUG Train - trainImages: /home/vikasjoshis001/Desktop/Gestures/images_to_train/tyrion lannister/index1.jpeg
2022-04-01 06:13:17.492 INFO Train - trainImages: loading image done
2022-04-01 06:13:17.492 INFO Train - trainImages: finding the encoding of image
2022-04-01 06:13:17.567 INFO Train - trainImages: finding encoding of image is done
2022-04-01 06:13:17.567 INFO Train - trainImages: loading image
2022-04-01 06:13:17.567 DEBUG Train - trainImages: /home/vikasjoshis001/Desktop/Gestures/images_to_train/tyrion lannister/index2.jpeg
2022-04-01 06:13:17.568 INFO Train - trainImages: loading image done
2022-04-01 06:13:17.568 INFO Train - trainImages: finding the encoding of image
2022-04-01 06:13:17.644 INFO Train - trainImages: finding encoding of image is done
2022-04-01 06:13:17.644 INFO Train - trainImages: loading image
2022-04-01 06:13:17.645 DEBUG Train - trainImages: /home/vikasjoshis001/Desktop/Gestures/images_to_train/tyrion lannister/index4.jpeg
2022-04-01 06:13:17.645 INFO Train - trainImages: loading image done
2022-04-01 06:13:17.645 INFO Train - trainImages: finding the encoding of image
2022-04-01 06:13:17.721 INFO Train - trainImages: finding encoding of image is done
2022-04-01 06:13:17.721 INFO Train - trainImages: getting average of encodings of loaded images
2022-04-01 06:13:17.721 INFO Train - trainImages: done with getting average encodings
2022-04-01 06:13:17.721 INFO Train - trainImages: storing the name and encoding in local dictionary
2022-04-01 06:13:17.721 INFO Train - trainImages: stored name and encodes in local dictionary
2022-04-01 06:13:17.721 INFO Train - trainImages: storing the name and encodings in mongodb
2022-04-01 06:13:17.722 INFO Train - trainImages: stored all name and encodes in mongodb
2022-04-01 06:13:17.723 INFO Train - trainImages: started loading images and finding their encodings
2022-04-01 06:13:17.723 INFO Train - trainImages: loading image
2022-04-01 06:13:17.723 DEBUG Train - trainImages: /home/vikasjoshis001/Desktop/Gestures/images_to_train/denerys targeryan/index3.jpeg
2022-04-01 06:13:17.723 INFO Train - trainImages: loading image done
2022-04-01 06:13:17.723 INFO Train - trainImages: finding the encoding of image
2022-04-01 06:13:17.799 INFO Train - trainImages: finding encoding of image is done
2022-04-01 06:13:17.799 INFO Train - trainImages: loading image
2022-04-01 06:13:17.800 DEBUG Train - trainImages: /home/vikasjoshis001/Desktop/Gestures/images_to_train/denerys targeryan/index5.jpeg
2022-04-01 06:13:17.800 INFO Train - trainImages: loading image done
2022-04-01 06:13:17.800 INFO Train - trainImages: finding the encoding of image
2022-04-01 06:13:17.877 INFO Train - trainImages: finding encoding of image is done
2022-04-01 06:13:17.877 INFO Train - trainImages: loading image
2022-04-01 06:13:17.878 DEBUG Train - trainImages: /home/vikasjoshis001/Desktop/Gestures/images_to_train/denerys targeryan/index1.jpeg
2022-04-01 06:13:17.878 INFO Train - trainImages: loading image done
2022-04-01 06:13:17.878 INFO Train - trainImages: finding the encoding of image
2022-04-01 06:13:17.954 INFO Train - trainImages: finding encoding of image is done
2022-04-01 06:13:17.954 INFO Train - trainImages: loading image
2022-04-01 06:13:17.955 DEBUG Train - trainImages: /home/vikasjoshis001/Desktop/Gestures/images_to_train/denerys targeryan/index2.jpeg
2022-04-01 06:13:17.955 INFO Train - trainImages: loading image done
2022-04-01 06:13:17.955 INFO Train - trainImages: finding the encoding of image
2022-04-01 06:13:18.033 INFO Train - trainImages: finding encoding of image is done
2022-04-01 06:13:18.033 INFO Train - trainImages: loading image
2022-04-01 06:13:18.034 DEBUG Train - trainImages: /home/vikasjoshis001/Desktop/Gestures/images_to_train/denerys targeryan/index4.jpeg
2022-04-01 06:13:18.034 INFO Train - trainImages: loading image done
2022-04-01 06:13:18.034 INFO Train - trainImages: finding the encoding of image
2022-04-01 06:13:18.108 INFO Train - trainImages: finding encoding of image is done
2022-04-01 06:13:18.109 INFO Train - trainImages: getting average of encodings of loaded images
2022-04-01 06:13:18.109 INFO Train - trainImages: done with getting average encodings
2022-04-01 06:13:18.109 INFO Train - trainImages: storing the name and encoding in local dictionary
2022-04-01 06:13:18.109 INFO Train - trainImages: stored name and encodes in local dictionary
2022-04-01 06:13:18.109 INFO Train - trainImages: storing the name and encodings in mongodb
2022-04-01 06:13:18.110 INFO Train - trainImages: stored all name and encodes in mongodb
2022-04-01 06:13:18.110 INFO Train - trainImages: started loading images and finding their encodings
2022-04-01 06:13:18.110 INFO Train - trainImages: loading image
2022-04-01 06:13:18.111 DEBUG Train - trainImages: /home/vikasjoshis001/Desktop/Gestures/images_to_train/Hello-2022-04-01 06:06:43.242173/Hello.cdd62f53-b153-11ec-ae44-cb6983774605.jpeg
2022-04-01 06:13:18.111 INFO Train - trainImages: loading image done
2022-04-01 06:13:18.111 INFO Train - trainImages: finding the encoding of image
2022-04-01 06:13:18.199 INFO Train - trainImages: finding encoding of image is done
2022-04-01 06:13:18.199 INFO Train - trainImages: loading image
2022-04-01 06:13:18.200 DEBUG Train - trainImages: /home/vikasjoshis001/Desktop/Gestures/images_to_train/Hello-2022-04-01 06:06:43.242173/Hello.cf21c952-b153-11ec-ae44-cb6983774605.jpeg
2022-04-01 06:13:18.200 INFO Train - trainImages: loading image done
2022-04-01 06:13:18.200 INFO Train - trainImages: finding the encoding of image
2022-04-01 06:13:18.288 INFO Train - trainImages: finding encoding of image is done
2022-04-01 06:13:18.288 INFO Train - trainImages: loading image
2022-04-01 06:13:18.289 DEBUG Train - trainImages: /home/vikasjoshis001/Desktop/Gestures/images_to_train/Hello-2022-04-01 06:06:43.242173/Hello.d0570634-b153-11ec-ae44-cb6983774605.jpeg
2022-04-01 06:13:18.289 INFO Train - trainImages: loading image done
2022-04-01 06:13:18.289 INFO Train - trainImages: finding the encoding of image
2022-04-01 06:13:18.376 INFO Train - trainImages: finding encoding of image is done
2022-04-01 06:13:18.376 INFO Train - trainImages: loading image
2022-04-01 06:13:18.377 DEBUG Train - trainImages: /home/vikasjoshis001/Desktop/Gestures/images_to_train/Hello-2022-04-01 06:06:43.242173/Hello.cdd62f52-b153-11ec-ae44-cb6983774605.jpeg
2022-04-01 06:13:18.378 INFO Train - trainImages: loading image done
2022-04-01 06:13:18.378 INFO Train - trainImages: finding the encoding of image
2022-04-01 06:13:18.464 INFO Train - trainImages: finding encoding of image is done
2022-04-01 06:13:18.464 INFO Train - trainImages: loading image
2022-04-01 06:13:18.465 DEBUG Train - trainImages: /home/vikasjoshis001/Desktop/Gestures/images_to_train/Hello-2022-04-01 06:06:43.242173/Hello.cf21c953-b153-11ec-ae44-cb6983774605.jpeg
2022-04-01 06:13:18.465 INFO Train - trainImages: loading image done
2022-04-01 06:13:18.465 INFO Train - trainImages: finding the encoding of image
2022-04-01 06:13:18.552 INFO Train - trainImages: finding encoding of image is done
2022-04-01 06:13:18.552 INFO Train - trainImages: getting average of encodings of loaded images
2022-04-01 06:13:18.552 INFO Train - trainImages: done with getting average encodings
2022-04-01 06:13:18.552 INFO Train - trainImages: storing the name and encoding in local dictionary
2022-04-01 06:13:18.552 INFO Train - trainImages: stored name and encodes in local dictionary
2022-04-01 06:13:18.552 INFO Train - trainImages: storing the name and encodings in mongodb
2022-04-01 06:13:18.553 INFO Train - trainImages: stored all name and encodes in mongodb
2022-04-01 06:13:18.553 INFO Train - trainImages: started loading images and finding their encodings
2022-04-01 06:13:18.553 INFO Train - trainImages: loading image
2022-04-01 06:13:18.554 DEBUG Train - trainImages: /home/vikasjoshis001/Desktop/Gestures/images_to_train/cersie lannister/index3.jpeg
2022-04-01 06:13:18.554 INFO Train - trainImages: loading image done
2022-04-01 06:13:18.554 INFO Train - trainImages: finding the encoding of image
2022-04-01 06:13:18.628 INFO Train - trainImages: finding encoding of image is done
2022-04-01 06:13:18.629 INFO Train - trainImages: loading image
2022-04-01 06:13:18.629 DEBUG Train - trainImages: /home/vikasjoshis001/Desktop/Gestures/images_to_train/cersie lannister/index5.jpeg
2022-04-01 06:13:18.629 INFO Train - trainImages: loading image done
2022-04-01 06:13:18.629 INFO Train - trainImages: finding the encoding of image
2022-04-01 06:13:18.702 INFO Train - trainImages: finding encoding of image is done
2022-04-01 06:13:18.702 INFO Train - trainImages: loading image
2022-04-01 06:13:18.703 DEBUG Train - trainImages: /home/vikasjoshis001/Desktop/Gestures/images_to_train/cersie lannister/index2.jpeg
2022-04-01 06:13:18.703 INFO Train - trainImages: loading image done
2022-04-01 06:13:18.703 INFO Train - trainImages: finding the encoding of image
2022-04-01 06:13:18.779 INFO Train - trainImages: finding encoding of image is done
2022-04-01 06:13:18.779 INFO Train - trainImages: loading image
2022-04-01 06:13:18.780 DEBUG Train - trainImages: /home/vikasjoshis001/Desktop/Gestures/images_to_train/cersie lannister/index4.jpeg
2022-04-01 06:13:18.780 INFO Train - trainImages: loading image done
2022-04-01 06:13:18.780 INFO Train - trainImages: finding the encoding of image
2022-04-01 06:13:18.855 INFO Train - trainImages: finding encoding of image is done
2022-04-01 06:13:18.855 INFO Train - trainImages: getting average of encodings of loaded images
2022-04-01 06:13:18.856 INFO Train - trainImages: done with getting average encodings
2022-04-01 06:13:18.856 INFO Train - trainImages: storing the name and encoding in local dictionary
2022-04-01 06:13:18.856 INFO Train - trainImages: stored name and encodes in local dictionary
2022-04-01 06:13:18.856 INFO Train - trainImages: storing the name and encodings in mongodb
2022-04-01 06:13:18.857 INFO Train - trainImages: stored all name and encodes in mongodb
2022-04-01 06:13:18.857 INFO Train - trainImages: started loading images and finding their encodings
2022-04-01 06:13:18.857 INFO Train - trainImages: loading image
2022-04-01 06:13:18.860 DEBUG Train - trainImages: /home/vikasjoshis001/Desktop/Gestures/images_to_train/Vikas-2022-03-31 13:17:26.260103/Vikas.d18bc824-b0c6-11ec-95c9-353773ec36e1.jpeg
2022-04-01 06:13:18.860 INFO Train - trainImages: loading image done
2022-04-01 06:13:18.860 INFO Train - trainImages: finding the encoding of image
2022-04-01 06:13:19.047 INFO Train - trainImages: finding encoding of image is done
2022-04-01 06:13:19.047 INFO Train - trainImages: loading image
2022-04-01 06:13:19.049 DEBUG Train - trainImages: /home/vikasjoshis001/Desktop/Gestures/images_to_train/Vikas-2022-03-31 13:17:26.260103/Vikas.d056c17b-b0c6-11ec-95c9-353773ec36e1.jpeg
2022-04-01 06:13:19.050 INFO Train - trainImages: loading image done
2022-04-01 06:13:19.050 INFO Train - trainImages: finding the encoding of image
2022-04-01 06:13:19.234 INFO Train - trainImages: finding encoding of image is done
2022-04-01 06:13:19.234 INFO Train - trainImages: loading image
2022-04-01 06:13:19.237 DEBUG Train - trainImages: /home/vikasjoshis001/Desktop/Gestures/images_to_train/Vikas-2022-03-31 13:17:26.260103/Vikas.cf0c4b78-b0c6-11ec-95c9-353773ec36e1.jpeg
2022-04-01 06:13:19.237 INFO Train - trainImages: loading image done
2022-04-01 06:13:19.237 INFO Train - trainImages: finding the encoding of image
2022-04-01 06:13:19.421 INFO Train - trainImages: finding encoding of image is done
2022-04-01 06:13:19.421 INFO Train - trainImages: loading image
2022-04-01 06:13:19.423 DEBUG Train - trainImages: /home/vikasjoshis001/Desktop/Gestures/images_to_train/Vikas-2022-03-31 13:17:26.260103/Vikas.cf0c4b79-b0c6-11ec-95c9-353773ec36e1.jpeg
2022-04-01 06:13:19.424 INFO Train - trainImages: loading image done
2022-04-01 06:13:19.424 INFO Train - trainImages: finding the encoding of image
2022-04-01 06:13:19.612 INFO Train - trainImages: finding encoding of image is done
2022-04-01 06:13:19.612 INFO Train - trainImages: loading image
2022-04-01 06:13:19.615 DEBUG Train - trainImages: /home/vikasjoshis001/Desktop/Gestures/images_to_train/Vikas-2022-03-31 13:17:26.260103/Vikas.d056c17a-b0c6-11ec-95c9-353773ec36e1.jpeg
2022-04-01 06:13:19.615 INFO Train - trainImages: loading image done
2022-04-01 06:13:19.615 INFO Train - trainImages: finding the encoding of image
2022-04-01 06:13:19.799 INFO Train - trainImages: finding encoding of image is done
2022-04-01 06:13:19.799 INFO Train - trainImages: getting average of encodings of loaded images
2022-04-01 06:13:19.800 INFO Train - trainImages: done with getting average encodings
2022-04-01 06:13:19.800 INFO Train - trainImages: storing the name and encoding in local dictionary
2022-04-01 06:13:19.800 INFO Train - trainImages: stored name and encodes in local dictionary
2022-04-01 06:13:19.800 INFO Train - trainImages: storing the name and encodings in mongodb
2022-04-01 06:13:19.801 INFO Train - trainImages: stored all name and encodes in mongodb
2022-04-01 06:13:19.801 INFO Train - trainImages: started loading images and finding their encodings
2022-04-01 06:13:19.801 INFO Train - trainImages: loading image
2022-04-01 06:13:19.801 DEBUG Train - trainImages: /home/vikasjoshis001/Desktop/Gestures/images_to_train/king in the north/index.jpeg
2022-04-01 06:13:19.802 INFO Train - trainImages: loading image done
2022-04-01 06:13:19.802 INFO Train - trainImages: finding the encoding of image
2022-04-01 06:13:19.883 INFO Train - trainImages: finding encoding of image is done
2022-04-01 06:13:19.883 INFO Train - trainImages: loading image
2022-04-01 06:13:19.884 DEBUG Train - trainImages: /home/vikasjoshis001/Desktop/Gestures/images_to_train/king in the north/index3.jpeg
2022-04-01 06:13:19.884 INFO Train - trainImages: loading image done
2022-04-01 06:13:19.884 INFO Train - trainImages: finding the encoding of image
2022-04-01 06:13:19.975 INFO Train - trainImages: finding encoding of image is done
2022-04-01 06:13:19.975 INFO Train - trainImages: loading image
2022-04-01 06:13:19.975 DEBUG Train - trainImages: /home/vikasjoshis001/Desktop/Gestures/images_to_train/king in the north/index5.jpeg
2022-04-01 06:13:19.976 INFO Train - trainImages: loading image done
2022-04-01 06:13:19.976 INFO Train - trainImages: finding the encoding of image
2022-04-01 06:13:20.052 INFO Train - trainImages: finding encoding of image is done
2022-04-01 06:13:20.052 INFO Train - trainImages: loading image
2022-04-01 06:13:20.053 DEBUG Train - trainImages: /home/vikasjoshis001/Desktop/Gestures/images_to_train/king in the north/index2.jpeg
2022-04-01 06:13:20.053 INFO Train - trainImages: loading image done
2022-04-01 06:13:20.053 INFO Train - trainImages: finding the encoding of image
2022-04-01 06:13:20.131 INFO Train - trainImages: finding encoding of image is done
2022-04-01 06:13:20.131 INFO Train - trainImages: loading image
2022-04-01 06:13:20.132 DEBUG Train - trainImages: /home/vikasjoshis001/Desktop/Gestures/images_to_train/king in the north/index4.jpeg
2022-04-01 06:13:20.132 INFO Train - trainImages: loading image done
2022-04-01 06:13:20.132 INFO Train - trainImages: finding the encoding of image
2022-04-01 06:13:20.210 INFO Train - trainImages: finding encoding of image is done
2022-04-01 06:13:20.211 INFO Train - trainImages: getting average of encodings of loaded images
2022-04-01 06:13:20.211 INFO Train - trainImages: done with getting average encodings
2022-04-01 06:13:20.211 INFO Train - trainImages: storing the name and encoding in local dictionary
2022-04-01 06:13:20.211 INFO Train - trainImages: stored name and encodes in local dictionary
2022-04-01 06:13:20.211 INFO Train - trainImages: storing the name and encodings in mongodb
2022-04-01 06:13:20.212 INFO Train - trainImages: stored all name and encodes in mongodb
2022-04-01 06:13:20.212 INFO Train - trainImages: started loading images and finding their encodings
2022-04-01 06:13:20.212 INFO Train - trainImages: loading image
2022-04-01 06:13:20.213 DEBUG Train - trainImages: /home/vikasjoshis001/Desktop/Gestures/images_to_train/UIO-2022-04-01 06:08:24.896094/UIO.0a6d3245-b154-11ec-ae44-cb6983774605.jpeg
2022-04-01 06:13:20.213 INFO Train - trainImages: loading image done
2022-04-01 06:13:20.213 INFO Train - trainImages: finding the encoding of image
2022-04-01 06:13:20.301 INFO Train - trainImages: finding encoding of image is done
2022-04-01 06:13:20.301 INFO Train - trainImages: loading image
2022-04-01 06:13:20.302 DEBUG Train - trainImages: /home/vikasjoshis001/Desktop/Gestures/images_to_train/UIO-2022-04-01 06:08:24.896094/UIO.0bbc7cb9-b154-11ec-ae44-cb6983774605.jpeg
2022-04-01 06:13:20.302 INFO Train - trainImages: loading image done
2022-04-01 06:13:20.302 INFO Train - trainImages: finding the encoding of image
2022-04-01 06:13:20.390 INFO Train - trainImages: finding encoding of image is done
2022-04-01 06:13:20.391 INFO Train - trainImages: loading image
2022-04-01 06:13:20.391 DEBUG Train - trainImages: /home/vikasjoshis001/Desktop/Gestures/images_to_train/UIO-2022-04-01 06:08:24.896094/UIO.0bbc7cb8-b154-11ec-ae44-cb6983774605.jpeg
2022-04-01 06:13:20.392 INFO Train - trainImages: loading image done
2022-04-01 06:13:20.392 INFO Train - trainImages: finding the encoding of image
2022-04-01 06:13:20.480 INFO Train - trainImages: finding encoding of image is done
2022-04-01 06:13:20.480 INFO Train - trainImages: loading image
2022-04-01 06:13:20.481 DEBUG Train - trainImages: /home/vikasjoshis001/Desktop/Gestures/images_to_train/UIO-2022-04-01 06:08:24.896094/UIO.0a6d3244-b154-11ec-ae44-cb6983774605.jpeg
2022-04-01 06:13:20.481 INFO Train - trainImages: loading image done
2022-04-01 06:13:20.481 INFO Train - trainImages: finding the encoding of image
2022-04-01 06:13:20.569 INFO Train - trainImages: finding encoding of image is done
2022-04-01 06:13:20.569 INFO Train - trainImages: loading image
2022-04-01 06:13:20.570 DEBUG Train - trainImages: /home/vikasjoshis001/Desktop/Gestures/images_to_train/UIO-2022-04-01 06:08:24.896094/UIO.0cf136d2-b154-11ec-ae44-cb6983774605.jpeg
2022-04-01 06:13:20.570 INFO Train - trainImages: loading image done
2022-04-01 06:13:20.571 INFO Train - trainImages: finding the encoding of image
2022-04-01 06:13:20.660 INFO Train - trainImages: finding encoding of image is done
2022-04-01 06:13:20.660 INFO Train - trainImages: getting average of encodings of loaded images
2022-04-01 06:13:20.660 INFO Train - trainImages: done with getting average encodings
2022-04-01 06:13:20.660 INFO Train - trainImages: storing the name and encoding in local dictionary
2022-04-01 06:13:20.660 INFO Train - trainImages: stored name and encodes in local dictionary
2022-04-01 06:13:20.660 INFO Train - trainImages: storing the name and encodings in mongodb
2022-04-01 06:13:20.661 INFO Train - trainImages: stored all name and encodes in mongodb
2022-04-01 06:13:20.661 INFO Train - trainImages: started loading images and finding their encodings
2022-04-01 06:13:20.661 INFO Train - trainImages: loading image
2022-04-01 06:13:20.662 DEBUG Train - trainImages: /home/vikasjoshis001/Desktop/Gestures/images_to_train/arya stark/index.jpeg
2022-04-01 06:13:20.662 INFO Train - trainImages: loading image done
2022-04-01 06:13:20.662 INFO Train - trainImages: finding the encoding of image
2022-04-01 06:13:20.741 INFO Train - trainImages: finding encoding of image is done
2022-04-01 06:13:20.742 INFO Train - trainImages: loading image
2022-04-01 06:13:20.742 DEBUG Train - trainImages: /home/vikasjoshis001/Desktop/Gestures/images_to_train/arya stark/index3.jpeg
2022-04-01 06:13:20.742 INFO Train - trainImages: loading image done
2022-04-01 06:13:20.742 INFO Train - trainImages: finding the encoding of image
2022-04-01 06:13:20.821 INFO Train - trainImages: finding encoding of image is done
2022-04-01 06:13:20.821 INFO Train - trainImages: loading image
2022-04-01 06:13:20.822 DEBUG Train - trainImages: /home/vikasjoshis001/Desktop/Gestures/images_to_train/arya stark/index5.jpeg
2022-04-01 06:13:20.822 INFO Train - trainImages: loading image done
2022-04-01 06:13:20.822 INFO Train - trainImages: finding the encoding of image
2022-04-01 06:13:20.903 INFO Train - trainImages: finding encoding of image is done
2022-04-01 06:13:20.903 INFO Train - trainImages: loading image
2022-04-01 06:13:20.904 DEBUG Train - trainImages: /home/vikasjoshis001/Desktop/Gestures/images_to_train/arya stark/index2.jpeg
2022-04-01 06:13:20.904 INFO Train - trainImages: loading image done
2022-04-01 06:13:20.904 INFO Train - trainImages: finding the encoding of image
2022-04-01 06:13:20.980 INFO Train - trainImages: finding encoding of image is done
2022-04-01 06:13:20.980 INFO Train - trainImages: loading image
2022-04-01 06:13:20.981 DEBUG Train - trainImages: /home/vikasjoshis001/Desktop/Gestures/images_to_train/arya stark/images4.jpeg
2022-04-01 06:13:20.981 INFO Train - trainImages: loading image done
2022-04-01 06:13:20.981 INFO Train - trainImages: finding the encoding of image
2022-04-01 06:13:21.060 INFO Train - trainImages: finding encoding of image is done
2022-04-01 06:13:21.060 INFO Train - trainImages: getting average of encodings of loaded images
2022-04-01 06:13:21.061 INFO Train - trainImages: done with getting average encodings
2022-04-01 06:13:21.061 INFO Train - trainImages: storing the name and encoding in local dictionary
2022-04-01 06:13:21.061 INFO Train - trainImages: stored name and encodes in local dictionary
2022-04-01 06:13:21.061 INFO Train - trainImages: storing the name and encodings in mongodb
2022-04-01 06:13:21.061 INFO Train - trainImages: stored all name and encodes in mongodb
