2022-02-25 12:54:48.344 INFO Train - trainImages: MongoDB database connected successfully
2022-02-25 12:54:48.346 INFO Train - trainImages: collected all folders in known_people folder
2022-02-25 12:54:48.346 DEBUG Train - trainImages: ['tyrion lannister', 'denerys targeryan', 'Vikas', 'Mangesh', 'cersie lannister', 'king in the north', 'arya stark']
2022-02-25 12:54:48.347 INFO Train - trainImages: collected all images from all folders in known_people folder
2022-02-25 12:54:48.347 DEBUG Train - trainImages: [['/home/vikasjoshis001/Desktop/FaceRecognition/images_to_train/tyrion lannister/images5.jpeg', '/home/vikasjoshis001/Desktop/FaceRecognition/images_to_train/tyrion lannister/index3.jpeg', '/home/vikasjoshis001/Desktop/FaceRecognition/images_to_train/tyrion lannister/index1.jpeg', '/home/vikasjoshis001/Desktop/FaceRecognition/images_to_train/tyrion lannister/index2.jpeg', '/home/vikasjoshis001/Desktop/FaceRecognition/images_to_train/tyrion lannister/index4.jpeg'], ['/home/vikasjoshis001/Desktop/FaceRecognition/images_to_train/denerys targeryan/index3.jpeg', '/home/vikasjoshis001/Desktop/FaceRecognition/images_to_train/denerys targeryan/index5.jpeg', '/home/vikasjoshis001/Desktop/FaceRecognition/images_to_train/denerys targeryan/index1.jpeg', '/home/vikasjoshis001/Desktop/FaceRecognition/images_to_train/denerys targeryan/index2.jpeg', '/home/vikasjoshis001/Desktop/FaceRecognition/images_to_train/denerys targeryan/index4.jpeg'], ['/home/vikasjoshis001/Desktop/FaceRecognition/images_to_train/Vikas/Vikas.ecc7ff53-960b-11ec-a6b1-2f237028861a.jpeg', '/home/vikasjoshis001/Desktop/FaceRecognition/images_to_train/Vikas/Vikas.ecc7ff52-960b-11ec-a6b1-2f237028861a.jpeg', '/home/vikasjoshis001/Desktop/FaceRecognition/images_to_train/Vikas/Vikas.eb80c283-960b-11ec-a6b1-2f237028861a.jpeg', '/home/vikasjoshis001/Desktop/FaceRecognition/images_to_train/Vikas/Vikas.edfdf6ce-960b-11ec-a6b1-2f237028861a.jpeg', '/home/vikasjoshis001/Desktop/FaceRecognition/images_to_train/Vikas/Vikas.eb80c282-960b-11ec-a6b1-2f237028861a.jpeg'], ['/home/vikasjoshis001/Desktop/FaceRecognition/images_to_train/Mangesh/Mangesh.0161279a-960c-11ec-a6b1-2f237028861a.jpeg', '/home/vikasjoshis001/Desktop/FaceRecognition/images_to_train/Mangesh/Mangesh.0161279b-960c-11ec-a6b1-2f237028861a.jpeg', '/home/vikasjoshis001/Desktop/FaceRecognition/images_to_train/Mangesh/Mangesh.02976426-960c-11ec-a6b1-2f237028861a.jpeg', '/home/vikasjoshis001/Desktop/FaceRecognition/images_to_train/Mangesh/Mangesh.001a017c-960c-11ec-a6b1-2f237028861a.jpeg', '/home/vikasjoshis001/Desktop/FaceRecognition/images_to_train/Mangesh/Mangesh.001a017d-960c-11ec-a6b1-2f237028861a.jpeg'], ['/home/vikasjoshis001/Desktop/FaceRecognition/images_to_train/cersie lannister/index3.jpeg', '/home/vikasjoshis001/Desktop/FaceRecognition/images_to_train/cersie lannister/index5.jpeg', '/home/vikasjoshis001/Desktop/FaceRecognition/images_to_train/cersie lannister/index2.jpeg', '/home/vikasjoshis001/Desktop/FaceRecognition/images_to_train/cersie lannister/index4.jpeg'], ['/home/vikasjoshis001/Desktop/FaceRecognition/images_to_train/king in the north/index.jpeg', '/home/vikasjoshis001/Desktop/FaceRecognition/images_to_train/king in the north/index3.jpeg', '/home/vikasjoshis001/Desktop/FaceRecognition/images_to_train/king in the north/index5.jpeg', '/home/vikasjoshis001/Desktop/FaceRecognition/images_to_train/king in the north/index2.jpeg', '/home/vikasjoshis001/Desktop/FaceRecognition/images_to_train/king in the north/index4.jpeg'], ['/home/vikasjoshis001/Desktop/FaceRecognition/images_to_train/arya stark/index.jpeg', '/home/vikasjoshis001/Desktop/FaceRecognition/images_to_train/arya stark/index3.jpeg', '/home/vikasjoshis001/Desktop/FaceRecognition/images_to_train/arya stark/index5.jpeg', '/home/vikasjoshis001/Desktop/FaceRecognition/images_to_train/arya stark/index2.jpeg', '/home/vikasjoshis001/Desktop/FaceRecognition/images_to_train/arya stark/images4.jpeg']]
2022-02-25 12:54:48.347 INFO Train - trainImages: started loading images and finding their encodings
2022-02-25 12:54:48.347 INFO Train - trainImages: loading image
2022-02-25 12:54:48.356 DEBUG Train - trainImages: /home/vikasjoshis001/Desktop/FaceRecognition/images_to_train/tyrion lannister/images5.jpeg
2022-02-25 12:54:48.357 INFO Train - trainImages: loading image done
2022-02-25 12:54:48.357 INFO Train - trainImages: finding the encoding of image
2022-02-25 12:54:48.437 INFO Train - trainImages: finding encoding of image is done
2022-02-25 12:54:48.438 INFO Train - trainImages: loading image
2022-02-25 12:54:48.438 DEBUG Train - trainImages: /home/vikasjoshis001/Desktop/FaceRecognition/images_to_train/tyrion lannister/index3.jpeg
2022-02-25 12:54:48.438 INFO Train - trainImages: loading image done
2022-02-25 12:54:48.438 INFO Train - trainImages: finding the encoding of image
2022-02-25 12:54:48.504 INFO Train - trainImages: finding encoding of image is done
2022-02-25 12:54:48.504 INFO Train - trainImages: loading image
2022-02-25 12:54:48.504 DEBUG Train - trainImages: /home/vikasjoshis001/Desktop/FaceRecognition/images_to_train/tyrion lannister/index1.jpeg
2022-02-25 12:54:48.504 INFO Train - trainImages: loading image done
2022-02-25 12:54:48.504 INFO Train - trainImages: finding the encoding of image
2022-02-25 12:54:48.570 INFO Train - trainImages: finding encoding of image is done
2022-02-25 12:54:48.570 INFO Train - trainImages: loading image
2022-02-25 12:54:48.570 DEBUG Train - trainImages: /home/vikasjoshis001/Desktop/FaceRecognition/images_to_train/tyrion lannister/index2.jpeg
2022-02-25 12:54:48.571 INFO Train - trainImages: loading image done
2022-02-25 12:54:48.571 INFO Train - trainImages: finding the encoding of image
2022-02-25 12:54:48.638 INFO Train - trainImages: finding encoding of image is done
2022-02-25 12:54:48.638 INFO Train - trainImages: loading image
2022-02-25 12:54:48.639 DEBUG Train - trainImages: /home/vikasjoshis001/Desktop/FaceRecognition/images_to_train/tyrion lannister/index4.jpeg
2022-02-25 12:54:48.639 INFO Train - trainImages: loading image done
2022-02-25 12:54:48.639 INFO Train - trainImages: finding the encoding of image
2022-02-25 12:54:48.717 INFO Train - trainImages: finding encoding of image is done
2022-02-25 12:54:48.717 INFO Train - trainImages: getting average of encodings of loaded images
2022-02-25 12:54:48.717 INFO Train - trainImages: done with getting average encodings
2022-02-25 12:54:48.718 INFO Train - trainImages: storing the name and encoding in local dictionary
2022-02-25 12:54:48.718 INFO Train - trainImages: stored name and encodes in local dictionary
2022-02-25 12:54:48.718 INFO Train - trainImages: storing the name and encodings in mongodb
2022-02-25 12:54:48.719 INFO Train - trainImages: stored all name and encodes in mongodb
2022-02-25 12:54:48.719 INFO Train - trainImages: started loading images and finding their encodings
2022-02-25 12:54:48.720 INFO Train - trainImages: loading image
2022-02-25 12:54:48.720 DEBUG Train - trainImages: /home/vikasjoshis001/Desktop/FaceRecognition/images_to_train/denerys targeryan/index3.jpeg
2022-02-25 12:54:48.720 INFO Train - trainImages: loading image done
2022-02-25 12:54:48.721 INFO Train - trainImages: finding the encoding of image
2022-02-25 12:54:48.792 INFO Train - trainImages: finding encoding of image is done
2022-02-25 12:54:48.792 INFO Train - trainImages: loading image
2022-02-25 12:54:48.792 DEBUG Train - trainImages: /home/vikasjoshis001/Desktop/FaceRecognition/images_to_train/denerys targeryan/index5.jpeg
2022-02-25 12:54:48.793 INFO Train - trainImages: loading image done
2022-02-25 12:54:48.793 INFO Train - trainImages: finding the encoding of image
2022-02-25 12:54:48.860 INFO Train - trainImages: finding encoding of image is done
2022-02-25 12:54:48.860 INFO Train - trainImages: loading image
2022-02-25 12:54:48.860 DEBUG Train - trainImages: /home/vikasjoshis001/Desktop/FaceRecognition/images_to_train/denerys targeryan/index1.jpeg
2022-02-25 12:54:48.861 INFO Train - trainImages: loading image done
2022-02-25 12:54:48.861 INFO Train - trainImages: finding the encoding of image
2022-02-25 12:54:48.928 INFO Train - trainImages: finding encoding of image is done
2022-02-25 12:54:48.928 INFO Train - trainImages: loading image
2022-02-25 12:54:48.928 DEBUG Train - trainImages: /home/vikasjoshis001/Desktop/FaceRecognition/images_to_train/denerys targeryan/index2.jpeg
2022-02-25 12:54:48.928 INFO Train - trainImages: loading image done
2022-02-25 12:54:48.928 INFO Train - trainImages: finding the encoding of image
2022-02-25 12:54:48.996 INFO Train - trainImages: finding encoding of image is done
2022-02-25 12:54:48.996 INFO Train - trainImages: loading image
2022-02-25 12:54:48.997 DEBUG Train - trainImages: /home/vikasjoshis001/Desktop/FaceRecognition/images_to_train/denerys targeryan/index4.jpeg
2022-02-25 12:54:48.997 INFO Train - trainImages: loading image done
2022-02-25 12:54:48.997 INFO Train - trainImages: finding the encoding of image
2022-02-25 12:54:49.097 INFO Train - trainImages: finding encoding of image is done
2022-02-25 12:54:49.097 INFO Train - trainImages: getting average of encodings of loaded images
2022-02-25 12:54:49.098 INFO Train - trainImages: done with getting average encodings
2022-02-25 12:54:49.098 INFO Train - trainImages: storing the name and encoding in local dictionary
2022-02-25 12:54:49.098 INFO Train - trainImages: stored name and encodes in local dictionary
2022-02-25 12:54:49.098 INFO Train - trainImages: storing the name and encodings in mongodb
2022-02-25 12:54:49.099 INFO Train - trainImages: stored all name and encodes in mongodb
2022-02-25 12:54:49.099 INFO Train - trainImages: started loading images and finding their encodings
2022-02-25 12:54:49.099 INFO Train - trainImages: loading image
2022-02-25 12:54:49.102 DEBUG Train - trainImages: /home/vikasjoshis001/Desktop/FaceRecognition/images_to_train/Vikas/Vikas.ecc7ff53-960b-11ec-a6b1-2f237028861a.jpeg
2022-02-25 12:54:49.102 INFO Train - trainImages: loading image done
2022-02-25 12:54:49.102 INFO Train - trainImages: finding the encoding of image
2022-02-25 12:54:49.375 INFO Train - trainImages: finding encoding of image is done
2022-02-25 12:54:49.375 INFO Train - trainImages: loading image
2022-02-25 12:54:49.379 DEBUG Train - trainImages: /home/vikasjoshis001/Desktop/FaceRecognition/images_to_train/Vikas/Vikas.ecc7ff52-960b-11ec-a6b1-2f237028861a.jpeg
2022-02-25 12:54:49.379 INFO Train - trainImages: loading image done
2022-02-25 12:54:49.379 INFO Train - trainImages: finding the encoding of image
2022-02-25 12:54:49.716 INFO Train - trainImages: finding encoding of image is done
2022-02-25 12:54:49.716 INFO Train - trainImages: loading image
2022-02-25 12:54:49.718 DEBUG Train - trainImages: /home/vikasjoshis001/Desktop/FaceRecognition/images_to_train/Vikas/Vikas.eb80c283-960b-11ec-a6b1-2f237028861a.jpeg
2022-02-25 12:54:49.718 INFO Train - trainImages: loading image done
2022-02-25 12:54:49.718 INFO Train - trainImages: finding the encoding of image
2022-02-25 12:54:49.927 INFO Train - trainImages: finding encoding of image is done
2022-02-25 12:54:49.927 INFO Train - trainImages: loading image
2022-02-25 12:54:49.932 DEBUG Train - trainImages: /home/vikasjoshis001/Desktop/FaceRecognition/images_to_train/Vikas/Vikas.edfdf6ce-960b-11ec-a6b1-2f237028861a.jpeg
2022-02-25 12:54:49.932 INFO Train - trainImages: loading image done
2022-02-25 12:54:49.932 INFO Train - trainImages: finding the encoding of image
2022-02-25 12:54:50.151 INFO Train - trainImages: finding encoding of image is done
2022-02-25 12:54:50.151 INFO Train - trainImages: loading image
2022-02-25 12:54:50.153 DEBUG Train - trainImages: /home/vikasjoshis001/Desktop/FaceRecognition/images_to_train/Vikas/Vikas.eb80c282-960b-11ec-a6b1-2f237028861a.jpeg
2022-02-25 12:54:50.153 INFO Train - trainImages: loading image done
2022-02-25 12:54:50.153 INFO Train - trainImages: finding the encoding of image
2022-02-25 12:54:50.288 ERROR Train - trainImages: no face is detected in image
2022-02-25 12:54:50.288 INFO Train - trainImages: skiping to find encodes of this image
2022-02-25 12:54:50.288 INFO Train - trainImages: getting average of encodings of loaded images
2022-02-25 12:54:50.289 INFO Train - trainImages: done with getting average encodings
2022-02-25 12:54:50.289 INFO Train - trainImages: storing the name and encoding in local dictionary
2022-02-25 12:54:50.289 INFO Train - trainImages: stored name and encodes in local dictionary
2022-02-25 12:54:50.289 INFO Train - trainImages: storing the name and encodings in mongodb
2022-02-25 12:54:50.289 INFO Train - trainImages: stored all name and encodes in mongodb
2022-02-25 12:54:50.289 INFO Train - trainImages: started loading images and finding their encodings
2022-02-25 12:54:50.289 INFO Train - trainImages: loading image
2022-02-25 12:54:50.292 DEBUG Train - trainImages: /home/vikasjoshis001/Desktop/FaceRecognition/images_to_train/Mangesh/Mangesh.0161279a-960c-11ec-a6b1-2f237028861a.jpeg
2022-02-25 12:54:50.292 INFO Train - trainImages: loading image done
2022-02-25 12:54:50.292 INFO Train - trainImages: finding the encoding of image
2022-02-25 12:54:50.508 INFO Train - trainImages: finding encoding of image is done
2022-02-25 12:54:50.509 INFO Train - trainImages: loading image
2022-02-25 12:54:50.511 DEBUG Train - trainImages: /home/vikasjoshis001/Desktop/FaceRecognition/images_to_train/Mangesh/Mangesh.0161279b-960c-11ec-a6b1-2f237028861a.jpeg
2022-02-25 12:54:50.511 INFO Train - trainImages: loading image done
2022-02-25 12:54:50.511 INFO Train - trainImages: finding the encoding of image
2022-02-25 12:54:50.690 INFO Train - trainImages: finding encoding of image is done
2022-02-25 12:54:50.690 INFO Train - trainImages: loading image
2022-02-25 12:54:50.692 DEBUG Train - trainImages: /home/vikasjoshis001/Desktop/FaceRecognition/images_to_train/Mangesh/Mangesh.02976426-960c-11ec-a6b1-2f237028861a.jpeg
2022-02-25 12:54:50.692 INFO Train - trainImages: loading image done
2022-02-25 12:54:50.692 INFO Train - trainImages: finding the encoding of image
2022-02-25 12:54:50.869 INFO Train - trainImages: finding encoding of image is done
2022-02-25 12:54:50.869 INFO Train - trainImages: loading image
2022-02-25 12:54:50.872 DEBUG Train - trainImages: /home/vikasjoshis001/Desktop/FaceRecognition/images_to_train/Mangesh/Mangesh.001a017c-960c-11ec-a6b1-2f237028861a.jpeg
2022-02-25 12:54:50.872 INFO Train - trainImages: loading image done
2022-02-25 12:54:50.872 INFO Train - trainImages: finding the encoding of image
2022-02-25 12:54:51.046 INFO Train - trainImages: finding encoding of image is done
2022-02-25 12:54:51.046 INFO Train - trainImages: loading image
2022-02-25 12:54:51.049 DEBUG Train - trainImages: /home/vikasjoshis001/Desktop/FaceRecognition/images_to_train/Mangesh/Mangesh.001a017d-960c-11ec-a6b1-2f237028861a.jpeg
2022-02-25 12:54:51.049 INFO Train - trainImages: loading image done
2022-02-25 12:54:51.049 INFO Train - trainImages: finding the encoding of image
2022-02-25 12:54:51.225 INFO Train - trainImages: finding encoding of image is done
2022-02-25 12:54:51.225 INFO Train - trainImages: getting average of encodings of loaded images
2022-02-25 12:54:51.226 INFO Train - trainImages: done with getting average encodings
2022-02-25 12:54:51.226 INFO Train - trainImages: storing the name and encoding in local dictionary
2022-02-25 12:54:51.226 INFO Train - trainImages: stored name and encodes in local dictionary
2022-02-25 12:54:51.226 INFO Train - trainImages: storing the name and encodings in mongodb
2022-02-25 12:54:51.226 INFO Train - trainImages: stored all name and encodes in mongodb
2022-02-25 12:54:51.227 INFO Train - trainImages: started loading images and finding their encodings
2022-02-25 12:54:51.227 INFO Train - trainImages: loading image
2022-02-25 12:54:51.227 DEBUG Train - trainImages: /home/vikasjoshis001/Desktop/FaceRecognition/images_to_train/cersie lannister/index3.jpeg
2022-02-25 12:54:51.227 INFO Train - trainImages: loading image done
2022-02-25 12:54:51.227 INFO Train - trainImages: finding the encoding of image
2022-02-25 12:54:51.290 INFO Train - trainImages: finding encoding of image is done
2022-02-25 12:54:51.290 INFO Train - trainImages: loading image
2022-02-25 12:54:51.291 DEBUG Train - trainImages: /home/vikasjoshis001/Desktop/FaceRecognition/images_to_train/cersie lannister/index5.jpeg
2022-02-25 12:54:51.291 INFO Train - trainImages: loading image done
2022-02-25 12:54:51.291 INFO Train - trainImages: finding the encoding of image
2022-02-25 12:54:51.354 INFO Train - trainImages: finding encoding of image is done
2022-02-25 12:54:51.354 INFO Train - trainImages: loading image
2022-02-25 12:54:51.355 DEBUG Train - trainImages: /home/vikasjoshis001/Desktop/FaceRecognition/images_to_train/cersie lannister/index2.jpeg
2022-02-25 12:54:51.355 INFO Train - trainImages: loading image done
2022-02-25 12:54:51.355 INFO Train - trainImages: finding the encoding of image
2022-02-25 12:54:51.420 INFO Train - trainImages: finding encoding of image is done
2022-02-25 12:54:51.420 INFO Train - trainImages: loading image
2022-02-25 12:54:51.420 DEBUG Train - trainImages: /home/vikasjoshis001/Desktop/FaceRecognition/images_to_train/cersie lannister/index4.jpeg
2022-02-25 12:54:51.420 INFO Train - trainImages: loading image done
2022-02-25 12:54:51.420 INFO Train - trainImages: finding the encoding of image
2022-02-25 12:54:51.486 INFO Train - trainImages: finding encoding of image is done
2022-02-25 12:54:51.487 INFO Train - trainImages: getting average of encodings of loaded images
2022-02-25 12:54:51.487 INFO Train - trainImages: done with getting average encodings
2022-02-25 12:54:51.487 INFO Train - trainImages: storing the name and encoding in local dictionary
2022-02-25 12:54:51.487 INFO Train - trainImages: stored name and encodes in local dictionary
2022-02-25 12:54:51.487 INFO Train - trainImages: storing the name and encodings in mongodb
2022-02-25 12:54:51.488 INFO Train - trainImages: stored all name and encodes in mongodb
2022-02-25 12:54:51.488 INFO Train - trainImages: started loading images and finding their encodings
2022-02-25 12:54:51.488 INFO Train - trainImages: loading image
2022-02-25 12:54:51.488 DEBUG Train - trainImages: /home/vikasjoshis001/Desktop/FaceRecognition/images_to_train/king in the north/index.jpeg
2022-02-25 12:54:51.488 INFO Train - trainImages: loading image done
2022-02-25 12:54:51.488 INFO Train - trainImages: finding the encoding of image
2022-02-25 12:54:51.554 INFO Train - trainImages: finding encoding of image is done
2022-02-25 12:54:51.554 INFO Train - trainImages: loading image
2022-02-25 12:54:51.554 DEBUG Train - trainImages: /home/vikasjoshis001/Desktop/FaceRecognition/images_to_train/king in the north/index3.jpeg
2022-02-25 12:54:51.554 INFO Train - trainImages: loading image done
2022-02-25 12:54:51.554 INFO Train - trainImages: finding the encoding of image
2022-02-25 12:54:51.620 INFO Train - trainImages: finding encoding of image is done
2022-02-25 12:54:51.620 INFO Train - trainImages: loading image
2022-02-25 12:54:51.621 DEBUG Train - trainImages: /home/vikasjoshis001/Desktop/FaceRecognition/images_to_train/king in the north/index5.jpeg
2022-02-25 12:54:51.621 INFO Train - trainImages: loading image done
2022-02-25 12:54:51.621 INFO Train - trainImages: finding the encoding of image
2022-02-25 12:54:51.685 INFO Train - trainImages: finding encoding of image is done
2022-02-25 12:54:51.685 INFO Train - trainImages: loading image
2022-02-25 12:54:51.686 DEBUG Train - trainImages: /home/vikasjoshis001/Desktop/FaceRecognition/images_to_train/king in the north/index2.jpeg
2022-02-25 12:54:51.686 INFO Train - trainImages: loading image done
2022-02-25 12:54:51.686 INFO Train - trainImages: finding the encoding of image
2022-02-25 12:54:51.751 INFO Train - trainImages: finding encoding of image is done
2022-02-25 12:54:51.752 INFO Train - trainImages: loading image
2022-02-25 12:54:51.752 DEBUG Train - trainImages: /home/vikasjoshis001/Desktop/FaceRecognition/images_to_train/king in the north/index4.jpeg
2022-02-25 12:54:51.752 INFO Train - trainImages: loading image done
2022-02-25 12:54:51.752 INFO Train - trainImages: finding the encoding of image
2022-02-25 12:54:51.819 INFO Train - trainImages: finding encoding of image is done
2022-02-25 12:54:51.819 INFO Train - trainImages: getting average of encodings of loaded images
2022-02-25 12:54:51.819 INFO Train - trainImages: done with getting average encodings
2022-02-25 12:54:51.819 INFO Train - trainImages: storing the name and encoding in local dictionary
2022-02-25 12:54:51.819 INFO Train - trainImages: stored name and encodes in local dictionary
2022-02-25 12:54:51.819 INFO Train - trainImages: storing the name and encodings in mongodb
2022-02-25 12:54:51.820 INFO Train - trainImages: stored all name and encodes in mongodb
2022-02-25 12:54:51.820 INFO Train - trainImages: started loading images and finding their encodings
2022-02-25 12:54:51.820 INFO Train - trainImages: loading image
2022-02-25 12:54:51.820 DEBUG Train - trainImages: /home/vikasjoshis001/Desktop/FaceRecognition/images_to_train/arya stark/index.jpeg
2022-02-25 12:54:51.820 INFO Train - trainImages: loading image done
2022-02-25 12:54:51.821 INFO Train - trainImages: finding the encoding of image
2022-02-25 12:54:51.887 INFO Train - trainImages: finding encoding of image is done
2022-02-25 12:54:51.887 INFO Train - trainImages: loading image
2022-02-25 12:54:51.887 DEBUG Train - trainImages: /home/vikasjoshis001/Desktop/FaceRecognition/images_to_train/arya stark/index3.jpeg
2022-02-25 12:54:51.887 INFO Train - trainImages: loading image done
2022-02-25 12:54:51.887 INFO Train - trainImages: finding the encoding of image
2022-02-25 12:54:51.953 INFO Train - trainImages: finding encoding of image is done
2022-02-25 12:54:51.953 INFO Train - trainImages: loading image
2022-02-25 12:54:51.953 DEBUG Train - trainImages: /home/vikasjoshis001/Desktop/FaceRecognition/images_to_train/arya stark/index5.jpeg
2022-02-25 12:54:51.953 INFO Train - trainImages: loading image done
2022-02-25 12:54:51.953 INFO Train - trainImages: finding the encoding of image
2022-02-25 12:54:52.019 INFO Train - trainImages: finding encoding of image is done
2022-02-25 12:54:52.020 INFO Train - trainImages: loading image
2022-02-25 12:54:52.020 DEBUG Train - trainImages: /home/vikasjoshis001/Desktop/FaceRecognition/images_to_train/arya stark/index2.jpeg
2022-02-25 12:54:52.020 INFO Train - trainImages: loading image done
2022-02-25 12:54:52.020 INFO Train - trainImages: finding the encoding of image
2022-02-25 12:54:52.084 INFO Train - trainImages: finding encoding of image is done
2022-02-25 12:54:52.084 INFO Train - trainImages: loading image
2022-02-25 12:54:52.085 DEBUG Train - trainImages: /home/vikasjoshis001/Desktop/FaceRecognition/images_to_train/arya stark/images4.jpeg
2022-02-25 12:54:52.085 INFO Train - trainImages: loading image done
2022-02-25 12:54:52.085 INFO Train - trainImages: finding the encoding of image
2022-02-25 12:54:52.150 INFO Train - trainImages: finding encoding of image is done
2022-02-25 12:54:52.150 INFO Train - trainImages: getting average of encodings of loaded images
2022-02-25 12:54:52.150 INFO Train - trainImages: done with getting average encodings
2022-02-25 12:54:52.150 INFO Train - trainImages: storing the name and encoding in local dictionary
2022-02-25 12:54:52.150 INFO Train - trainImages: stored name and encodes in local dictionary
2022-02-25 12:54:52.151 INFO Train - trainImages: storing the name and encodings in mongodb
2022-02-25 12:54:52.151 INFO Train - trainImages: stored all name and encodes in mongodb
