2022-03-31 12:50:15.347 INFO Train - trainImages: MongoDB database connected successfully
2022-03-31 12:50:15.350 INFO Train - trainImages: collected all folders in known_people folder
2022-03-31 12:50:15.350 DEBUG Train - trainImages: ['tyrion lannister', 'Shubham-2022-03-31 12:14:08.769566', 'jhvxfgh-2022-03-31 12:32:20.012113', 'denerys targeryan', 'cersie lannister', 'cdvbxd-2022-03-31 12:29:01.669747', 'king in the north', 'vhm-2022-03-31 12:22:16.839677', 'vnkfdjznb-2022-03-31 12:50:03.756797', 'fdf-2022-03-31 12:47:24.940166', 'Chai-2022-03-31 12:20:10.218479', 'arya stark', 'gh-2022-03-31 12:23:19.211189', 'Sad-2022-03-31 12:16:52.952750', 'Vikas-2022-03-12 15:33:49.979215', 'csdzcz-2022-03-31 12:31:31.420705']
2022-03-31 12:50:15.351 INFO Train - trainImages: collected all images from all folders in known_people folder
2022-03-31 12:50:15.351 DEBUG Train - trainImages: [['/home/vikasjoshis001/Desktop/Gestures/images_to_train/tyrion lannister/images5.jpeg', '/home/vikasjoshis001/Desktop/Gestures/images_to_train/tyrion lannister/index3.jpeg', '/home/vikasjoshis001/Desktop/Gestures/images_to_train/tyrion lannister/index1.jpeg', '/home/vikasjoshis001/Desktop/Gestures/images_to_train/tyrion lannister/index2.jpeg', '/home/vikasjoshis001/Desktop/Gestures/images_to_train/tyrion lannister/index4.jpeg'], ['/home/vikasjoshis001/Desktop/Gestures/images_to_train/Shubham-2022-03-31 12:14:08.769566/Shubham.f8cc63d4-b0bd-11ec-95c9-353773ec36e1.jpeg'], ['/home/vikasjoshis001/Desktop/Gestures/images_to_train/jhvxfgh-2022-03-31 12:32:20.012113/jhvxfgh.81ffab14-b0c0-11ec-95c9-353773ec36e1.jpeg', '/home/vikasjoshis001/Desktop/Gestures/images_to_train/jhvxfgh-2022-03-31 12:32:20.012113/jhvxfgh.84860fae-b0c0-11ec-95c9-353773ec36e1.jpeg', '/home/vikasjoshis001/Desktop/Gestures/images_to_train/jhvxfgh-2022-03-31 12:32:20.012113/jhvxfgh.834cff26-b0c0-11ec-95c9-353773ec36e1.jpeg', '/home/vikasjoshis001/Desktop/Gestures/images_to_train/jhvxfgh-2022-03-31 12:32:20.012113/jhvxfgh.834cff27-b0c0-11ec-95c9-353773ec36e1.jpeg', '/home/vikasjoshis001/Desktop/Gestures/images_to_train/jhvxfgh-2022-03-31 12:32:20.012113/jhvxfgh.81ffab15-b0c0-11ec-95c9-353773ec36e1.jpeg'], ['/home/vikasjoshis001/Desktop/Gestures/images_to_train/denerys targeryan/index3.jpeg', '/home/vikasjoshis001/Desktop/Gestures/images_to_train/denerys targeryan/index5.jpeg', '/home/vikasjoshis001/Desktop/Gestures/images_to_train/denerys targeryan/index1.jpeg', '/home/vikasjoshis001/Desktop/Gestures/images_to_train/denerys targeryan/index2.jpeg', '/home/vikasjoshis001/Desktop/Gestures/images_to_train/denerys targeryan/index4.jpeg'], ['/home/vikasjoshis001/Desktop/Gestures/images_to_train/cersie lannister/index3.jpeg', '/home/vikasjoshis001/Desktop/Gestures/images_to_train/cersie lannister/index5.jpeg', '/home/vikasjoshis001/Desktop/Gestures/images_to_train/cersie lannister/index2.jpeg', '/home/vikasjoshis001/Desktop/Gestures/images_to_train/cersie lannister/index4.jpeg'], ['/home/vikasjoshis001/Desktop/Gestures/images_to_train/cdvbxd-2022-03-31 12:29:01.669747/cdvbxd.0dac1d9d-b0c0-11ec-95c9-353773ec36e1.jpeg', '/home/vikasjoshis001/Desktop/Gestures/images_to_train/cdvbxd-2022-03-31 12:29:01.669747/cdvbxd.0dac1d9c-b0c0-11ec-95c9-353773ec36e1.jpeg', '/home/vikasjoshis001/Desktop/Gestures/images_to_train/cdvbxd-2022-03-31 12:29:01.669747/cdvbxd.0c763945-b0c0-11ec-95c9-353773ec36e1.jpeg', '/home/vikasjoshis001/Desktop/Gestures/images_to_train/cdvbxd-2022-03-31 12:29:01.669747/cdvbxd.0bc67946-b0c0-11ec-95c9-353773ec36e1.jpeg', '/home/vikasjoshis001/Desktop/Gestures/images_to_train/cdvbxd-2022-03-31 12:29:01.669747/cdvbxd.0c763944-b0c0-11ec-95c9-353773ec36e1.jpeg'], ['/home/vikasjoshis001/Desktop/Gestures/images_to_train/king in the north/index.jpeg', '/home/vikasjoshis001/Desktop/Gestures/images_to_train/king in the north/index3.jpeg', '/home/vikasjoshis001/Desktop/Gestures/images_to_train/king in the north/index5.jpeg', '/home/vikasjoshis001/Desktop/Gestures/images_to_train/king in the north/index2.jpeg', '/home/vikasjoshis001/Desktop/Gestures/images_to_train/king in the north/index4.jpeg'], ['/home/vikasjoshis001/Desktop/Gestures/images_to_train/vhm-2022-03-31 12:22:16.839677/vhm.1a7afe73-b0bf-11ec-95c9-353773ec36e1.jpeg', '/home/vikasjoshis001/Desktop/Gestures/images_to_train/vhm-2022-03-31 12:22:16.839677/vhm.1a7afe72-b0bf-11ec-95c9-353773ec36e1.jpeg', '/home/vikasjoshis001/Desktop/Gestures/images_to_train/vhm-2022-03-31 12:22:16.839677/vhm.1a7afe75-b0bf-11ec-95c9-353773ec36e1.jpeg', '/home/vikasjoshis001/Desktop/Gestures/images_to_train/vhm-2022-03-31 12:22:16.839677/vhm.1a7afe74-b0bf-11ec-95c9-353773ec36e1.jpeg', '/home/vikasjoshis001/Desktop/Gestures/images_to_train/vhm-2022-03-31 12:22:16.839677/vhm.1a7afe76-b0bf-11ec-95c9-353773ec36e1.jpeg'], ['/home/vikasjoshis001/Desktop/Gestures/images_to_train/vnkfdjznb-2022-03-31 12:50:03.756797/vnkfdjznb.fc0a2ab9-b0c2-11ec-95c9-353773ec36e1.jpeg', '/home/vikasjoshis001/Desktop/Gestures/images_to_train/vnkfdjznb-2022-03-31 12:50:03.756797/vnkfdjznb.fe8e6812-b0c2-11ec-95c9-353773ec36e1.jpeg', '/home/vikasjoshis001/Desktop/Gestures/images_to_train/vnkfdjznb-2022-03-31 12:50:03.756797/vnkfdjznb.fc0a2ab8-b0c2-11ec-95c9-353773ec36e1.jpeg', '/home/vikasjoshis001/Desktop/Gestures/images_to_train/vnkfdjznb-2022-03-31 12:50:03.756797/vnkfdjznb.fd54f74b-b0c2-11ec-95c9-353773ec36e1.jpeg', '/home/vikasjoshis001/Desktop/Gestures/images_to_train/vnkfdjznb-2022-03-31 12:50:03.756797/vnkfdjznb.fd54f74a-b0c2-11ec-95c9-353773ec36e1.jpeg'], ['/home/vikasjoshis001/Desktop/Gestures/images_to_train/fdf-2022-03-31 12:47:24.940166/fdf.9eae153d-b0c2-11ec-95c9-353773ec36e1.jpeg', '/home/vikasjoshis001/Desktop/Gestures/images_to_train/fdf-2022-03-31 12:47:24.940166/fdf.9fe743ec-b0c2-11ec-95c9-353773ec36e1.jpeg', '/home/vikasjoshis001/Desktop/Gestures/images_to_train/fdf-2022-03-31 12:47:24.940166/fdf.9d60e8ee-b0c2-11ec-95c9-353773ec36e1.jpeg', '/home/vikasjoshis001/Desktop/Gestures/images_to_train/fdf-2022-03-31 12:47:24.940166/fdf.9d60e8ef-b0c2-11ec-95c9-353773ec36e1.jpeg', '/home/vikasjoshis001/Desktop/Gestures/images_to_train/fdf-2022-03-31 12:47:24.940166/fdf.9eae153c-b0c2-11ec-95c9-353773ec36e1.jpeg'], ['/home/vikasjoshis001/Desktop/Gestures/images_to_train/Chai-2022-03-31 12:20:10.218479/Chai.cf03ab39-b0be-11ec-95c9-353773ec36e1.jpeg', '/home/vikasjoshis001/Desktop/Gestures/images_to_train/Chai-2022-03-31 12:20:10.218479/Chai.cf03ab3b-b0be-11ec-95c9-353773ec36e1.jpeg', '/home/vikasjoshis001/Desktop/Gestures/images_to_train/Chai-2022-03-31 12:20:10.218479/Chai.cf03ab38-b0be-11ec-95c9-353773ec36e1.jpeg', '/home/vikasjoshis001/Desktop/Gestures/images_to_train/Chai-2022-03-31 12:20:10.218479/Chai.cf03ab3c-b0be-11ec-95c9-353773ec36e1.jpeg', '/home/vikasjoshis001/Desktop/Gestures/images_to_train/Chai-2022-03-31 12:20:10.218479/Chai.cf03ab3a-b0be-11ec-95c9-353773ec36e1.jpeg'], ['/home/vikasjoshis001/Desktop/Gestures/images_to_train/arya stark/index.jpeg', '/home/vikasjoshis001/Desktop/Gestures/images_to_train/arya stark/index3.jpeg', '/home/vikasjoshis001/Desktop/Gestures/images_to_train/arya stark/index5.jpeg', '/home/vikasjoshis001/Desktop/Gestures/images_to_train/arya stark/index2.jpeg', '/home/vikasjoshis001/Desktop/Gestures/images_to_train/arya stark/images4.jpeg'], ['/home/vikasjoshis001/Desktop/Gestures/images_to_train/gh-2022-03-31 12:23:19.211189/gh.3fa9801e-b0bf-11ec-95c9-353773ec36e1.jpeg', '/home/vikasjoshis001/Desktop/Gestures/images_to_train/gh-2022-03-31 12:23:19.211189/gh.3fa9801b-b0bf-11ec-95c9-353773ec36e1.jpeg', '/home/vikasjoshis001/Desktop/Gestures/images_to_train/gh-2022-03-31 12:23:19.211189/gh.3fa9801a-b0bf-11ec-95c9-353773ec36e1.jpeg', '/home/vikasjoshis001/Desktop/Gestures/images_to_train/gh-2022-03-31 12:23:19.211189/gh.3fa9801d-b0bf-11ec-95c9-353773ec36e1.jpeg', '/home/vikasjoshis001/Desktop/Gestures/images_to_train/gh-2022-03-31 12:23:19.211189/gh.3fa9801c-b0bf-11ec-95c9-353773ec36e1.jpeg'], ['/home/vikasjoshis001/Desktop/Gestures/images_to_train/Sad-2022-03-31 12:16:52.952750/Sad.596d38de-b0be-11ec-95c9-353773ec36e1.jpeg', '/home/vikasjoshis001/Desktop/Gestures/images_to_train/Sad-2022-03-31 12:16:52.952750/Sad.596d38dd-b0be-11ec-95c9-353773ec36e1.jpeg', '/home/vikasjoshis001/Desktop/Gestures/images_to_train/Sad-2022-03-31 12:16:52.952750/Sad.596d38da-b0be-11ec-95c9-353773ec36e1.jpeg', '/home/vikasjoshis001/Desktop/Gestures/images_to_train/Sad-2022-03-31 12:16:52.952750/Sad.596d38db-b0be-11ec-95c9-353773ec36e1.jpeg', '/home/vikasjoshis001/Desktop/Gestures/images_to_train/Sad-2022-03-31 12:16:52.952750/Sad.596d38dc-b0be-11ec-95c9-353773ec36e1.jpeg'], ['/home/vikasjoshis001/Desktop/Gestures/images_to_train/Vikas-2022-03-12 15:33:49.979215/Vikas.b761c802-a1eb-11ec-a348-e960390a4373.jpeg', '/home/vikasjoshis001/Desktop/Gestures/images_to_train/Vikas-2022-03-12 15:33:49.979215/Vikas.b9e21fbe-a1eb-11ec-a348-e960390a4373.jpeg', '/home/vikasjoshis001/Desktop/Gestures/images_to_train/Vikas-2022-03-12 15:33:49.979215/Vikas.b761c803-a1eb-11ec-a348-e960390a4373.jpeg', '/home/vikasjoshis001/Desktop/Gestures/images_to_train/Vikas-2022-03-12 15:33:49.979215/Vikas.b8aa7a74-a1eb-11ec-a348-e960390a4373.jpeg', '/home/vikasjoshis001/Desktop/Gestures/images_to_train/Vikas-2022-03-12 15:33:49.979215/Vikas.b8aa7a75-a1eb-11ec-a348-e960390a4373.jpeg'], ['/home/vikasjoshis001/Desktop/Gestures/images_to_train/csdzcz-2022-03-31 12:31:31.420705/csdzcz.6792ab96-b0c0-11ec-95c9-353773ec36e1.jpeg', '/home/vikasjoshis001/Desktop/Gestures/images_to_train/csdzcz-2022-03-31 12:31:31.420705/csdzcz.66593e70-b0c0-11ec-95c9-353773ec36e1.jpeg', '/home/vikasjoshis001/Desktop/Gestures/images_to_train/csdzcz-2022-03-31 12:31:31.420705/csdzcz.65091bb2-b0c0-11ec-95c9-353773ec36e1.jpeg', '/home/vikasjoshis001/Desktop/Gestures/images_to_train/csdzcz-2022-03-31 12:31:31.420705/csdzcz.65091bb3-b0c0-11ec-95c9-353773ec36e1.jpeg', '/home/vikasjoshis001/Desktop/Gestures/images_to_train/csdzcz-2022-03-31 12:31:31.420705/csdzcz.66593e71-b0c0-11ec-95c9-353773ec36e1.jpeg']]
2022-03-31 12:50:15.351 INFO Train - trainImages: started loading images and finding their encodings
2022-03-31 12:50:15.351 INFO Train - trainImages: loading image
2022-03-31 12:50:15.358 DEBUG Train - trainImages: /home/vikasjoshis001/Desktop/Gestures/images_to_train/tyrion lannister/images5.jpeg
2022-03-31 12:50:15.358 INFO Train - trainImages: loading image done
2022-03-31 12:50:15.358 INFO Train - trainImages: finding the encoding of image
2022-03-31 12:50:15.447 INFO Train - trainImages: finding encoding of image is done
2022-03-31 12:50:15.447 INFO Train - trainImages: loading image
2022-03-31 12:50:15.448 DEBUG Train - trainImages: /home/vikasjoshis001/Desktop/Gestures/images_to_train/tyrion lannister/index3.jpeg
2022-03-31 12:50:15.448 INFO Train - trainImages: loading image done
2022-03-31 12:50:15.448 INFO Train - trainImages: finding the encoding of image
2022-03-31 12:50:15.512 INFO Train - trainImages: finding encoding of image is done
2022-03-31 12:50:15.513 INFO Train - trainImages: loading image
2022-03-31 12:50:15.513 DEBUG Train - trainImages: /home/vikasjoshis001/Desktop/Gestures/images_to_train/tyrion lannister/index1.jpeg
2022-03-31 12:50:15.513 INFO Train - trainImages: loading image done
2022-03-31 12:50:15.513 INFO Train - trainImages: finding the encoding of image
2022-03-31 12:50:15.580 INFO Train - trainImages: finding encoding of image is done
2022-03-31 12:50:15.580 INFO Train - trainImages: loading image
2022-03-31 12:50:15.581 DEBUG Train - trainImages: /home/vikasjoshis001/Desktop/Gestures/images_to_train/tyrion lannister/index2.jpeg
2022-03-31 12:50:15.581 INFO Train - trainImages: loading image done
2022-03-31 12:50:15.581 INFO Train - trainImages: finding the encoding of image
2022-03-31 12:50:15.648 INFO Train - trainImages: finding encoding of image is done
2022-03-31 12:50:15.648 INFO Train - trainImages: loading image
2022-03-31 12:50:15.648 DEBUG Train - trainImages: /home/vikasjoshis001/Desktop/Gestures/images_to_train/tyrion lannister/index4.jpeg
2022-03-31 12:50:15.648 INFO Train - trainImages: loading image done
2022-03-31 12:50:15.648 INFO Train - trainImages: finding the encoding of image
2022-03-31 12:50:15.714 INFO Train - trainImages: finding encoding of image is done
2022-03-31 12:50:15.714 INFO Train - trainImages: getting average of encodings of loaded images
2022-03-31 12:50:15.714 INFO Train - trainImages: done with getting average encodings
2022-03-31 12:50:15.714 INFO Train - trainImages: storing the name and encoding in local dictionary
2022-03-31 12:50:15.714 INFO Train - trainImages: stored name and encodes in local dictionary
2022-03-31 12:50:15.714 INFO Train - trainImages: storing the name and encodings in mongodb
2022-03-31 12:50:15.716 INFO Train - trainImages: stored all name and encodes in mongodb
2022-03-31 12:50:15.716 INFO Train - trainImages: started loading images and finding their encodings
2022-03-31 12:50:15.716 INFO Train - trainImages: loading image
2022-03-31 12:50:15.718 DEBUG Train - trainImages: /home/vikasjoshis001/Desktop/Gestures/images_to_train/Shubham-2022-03-31 12:14:08.769566/Shubham.f8cc63d4-b0bd-11ec-95c9-353773ec36e1.jpeg
2022-03-31 12:50:15.718 INFO Train - trainImages: loading image done
2022-03-31 12:50:15.718 INFO Train - trainImages: finding the encoding of image
2022-03-31 12:50:15.897 INFO Train - trainImages: finding encoding of image is done
2022-03-31 12:50:15.897 INFO Train - trainImages: getting average of encodings of loaded images
2022-03-31 12:50:15.897 INFO Train - trainImages: done with getting average encodings
2022-03-31 12:50:15.897 INFO Train - trainImages: storing the name and encoding in local dictionary
2022-03-31 12:50:15.897 INFO Train - trainImages: stored name and encodes in local dictionary
2022-03-31 12:50:15.897 INFO Train - trainImages: storing the name and encodings in mongodb
2022-03-31 12:50:15.898 INFO Train - trainImages: stored all name and encodes in mongodb
2022-03-31 12:50:15.898 INFO Train - trainImages: started loading images and finding their encodings
2022-03-31 12:50:15.898 INFO Train - trainImages: loading image
2022-03-31 12:50:15.900 DEBUG Train - trainImages: /home/vikasjoshis001/Desktop/Gestures/images_to_train/jhvxfgh-2022-03-31 12:32:20.012113/jhvxfgh.81ffab14-b0c0-11ec-95c9-353773ec36e1.jpeg
2022-03-31 12:50:15.900 INFO Train - trainImages: loading image done
2022-03-31 12:50:15.900 INFO Train - trainImages: finding the encoding of image
2022-03-31 12:50:16.079 INFO Train - trainImages: finding encoding of image is done
2022-03-31 12:50:16.079 INFO Train - trainImages: loading image
2022-03-31 12:50:16.081 DEBUG Train - trainImages: /home/vikasjoshis001/Desktop/Gestures/images_to_train/jhvxfgh-2022-03-31 12:32:20.012113/jhvxfgh.84860fae-b0c0-11ec-95c9-353773ec36e1.jpeg
2022-03-31 12:50:16.082 INFO Train - trainImages: loading image done
2022-03-31 12:50:16.082 INFO Train - trainImages: finding the encoding of image
2022-03-31 12:50:16.260 INFO Train - trainImages: finding encoding of image is done
2022-03-31 12:50:16.260 INFO Train - trainImages: loading image
2022-03-31 12:50:16.262 DEBUG Train - trainImages: /home/vikasjoshis001/Desktop/Gestures/images_to_train/jhvxfgh-2022-03-31 12:32:20.012113/jhvxfgh.834cff26-b0c0-11ec-95c9-353773ec36e1.jpeg
2022-03-31 12:50:16.262 INFO Train - trainImages: loading image done
2022-03-31 12:50:16.262 INFO Train - trainImages: finding the encoding of image
2022-03-31 12:50:16.440 INFO Train - trainImages: finding encoding of image is done
2022-03-31 12:50:16.440 INFO Train - trainImages: loading image
2022-03-31 12:50:16.442 DEBUG Train - trainImages: /home/vikasjoshis001/Desktop/Gestures/images_to_train/jhvxfgh-2022-03-31 12:32:20.012113/jhvxfgh.834cff27-b0c0-11ec-95c9-353773ec36e1.jpeg
2022-03-31 12:50:16.442 INFO Train - trainImages: loading image done
2022-03-31 12:50:16.442 INFO Train - trainImages: finding the encoding of image
2022-03-31 12:50:16.618 INFO Train - trainImages: finding encoding of image is done
2022-03-31 12:50:16.618 INFO Train - trainImages: loading image
2022-03-31 12:50:16.621 DEBUG Train - trainImages: /home/vikasjoshis001/Desktop/Gestures/images_to_train/jhvxfgh-2022-03-31 12:32:20.012113/jhvxfgh.81ffab15-b0c0-11ec-95c9-353773ec36e1.jpeg
2022-03-31 12:50:16.621 INFO Train - trainImages: loading image done
2022-03-31 12:50:16.621 INFO Train - trainImages: finding the encoding of image
2022-03-31 12:50:16.797 INFO Train - trainImages: finding encoding of image is done
2022-03-31 12:50:16.797 INFO Train - trainImages: getting average of encodings of loaded images
2022-03-31 12:50:16.797 INFO Train - trainImages: done with getting average encodings
2022-03-31 12:50:16.797 INFO Train - trainImages: storing the name and encoding in local dictionary
2022-03-31 12:50:16.798 INFO Train - trainImages: stored name and encodes in local dictionary
2022-03-31 12:50:16.798 INFO Train - trainImages: storing the name and encodings in mongodb
2022-03-31 12:50:16.798 INFO Train - trainImages: stored all name and encodes in mongodb
2022-03-31 12:50:16.798 INFO Train - trainImages: started loading images and finding their encodings
2022-03-31 12:50:16.798 INFO Train - trainImages: loading image
2022-03-31 12:50:16.799 DEBUG Train - trainImages: /home/vikasjoshis001/Desktop/Gestures/images_to_train/denerys targeryan/index3.jpeg
2022-03-31 12:50:16.799 INFO Train - trainImages: loading image done
2022-03-31 12:50:16.799 INFO Train - trainImages: finding the encoding of image
2022-03-31 12:50:16.865 INFO Train - trainImages: finding encoding of image is done
2022-03-31 12:50:16.865 INFO Train - trainImages: loading image
2022-03-31 12:50:16.866 DEBUG Train - trainImages: /home/vikasjoshis001/Desktop/Gestures/images_to_train/denerys targeryan/index5.jpeg
2022-03-31 12:50:16.866 INFO Train - trainImages: loading image done
2022-03-31 12:50:16.866 INFO Train - trainImages: finding the encoding of image
2022-03-31 12:50:16.933 INFO Train - trainImages: finding encoding of image is done
2022-03-31 12:50:16.933 INFO Train - trainImages: loading image
2022-03-31 12:50:16.934 DEBUG Train - trainImages: /home/vikasjoshis001/Desktop/Gestures/images_to_train/denerys targeryan/index1.jpeg
2022-03-31 12:50:16.934 INFO Train - trainImages: loading image done
2022-03-31 12:50:16.934 INFO Train - trainImages: finding the encoding of image
2022-03-31 12:50:17.002 INFO Train - trainImages: finding encoding of image is done
2022-03-31 12:50:17.002 INFO Train - trainImages: loading image
2022-03-31 12:50:17.002 DEBUG Train - trainImages: /home/vikasjoshis001/Desktop/Gestures/images_to_train/denerys targeryan/index2.jpeg
2022-03-31 12:50:17.002 INFO Train - trainImages: loading image done
2022-03-31 12:50:17.002 INFO Train - trainImages: finding the encoding of image
2022-03-31 12:50:17.071 INFO Train - trainImages: finding encoding of image is done
2022-03-31 12:50:17.071 INFO Train - trainImages: loading image
2022-03-31 12:50:17.072 DEBUG Train - trainImages: /home/vikasjoshis001/Desktop/Gestures/images_to_train/denerys targeryan/index4.jpeg
2022-03-31 12:50:17.072 INFO Train - trainImages: loading image done
2022-03-31 12:50:17.072 INFO Train - trainImages: finding the encoding of image
2022-03-31 12:50:17.136 INFO Train - trainImages: finding encoding of image is done
2022-03-31 12:50:17.136 INFO Train - trainImages: getting average of encodings of loaded images
2022-03-31 12:50:17.137 INFO Train - trainImages: done with getting average encodings
2022-03-31 12:50:17.137 INFO Train - trainImages: storing the name and encoding in local dictionary
2022-03-31 12:50:17.137 INFO Train - trainImages: stored name and encodes in local dictionary
2022-03-31 12:50:17.137 INFO Train - trainImages: storing the name and encodings in mongodb
2022-03-31 12:50:17.138 INFO Train - trainImages: stored all name and encodes in mongodb
2022-03-31 12:50:17.138 INFO Train - trainImages: started loading images and finding their encodings
2022-03-31 12:50:17.138 INFO Train - trainImages: loading image
2022-03-31 12:50:17.138 DEBUG Train - trainImages: /home/vikasjoshis001/Desktop/Gestures/images_to_train/cersie lannister/index3.jpeg
2022-03-31 12:50:17.138 INFO Train - trainImages: loading image done
2022-03-31 12:50:17.138 INFO Train - trainImages: finding the encoding of image
2022-03-31 12:50:17.203 INFO Train - trainImages: finding encoding of image is done
2022-03-31 12:50:17.203 INFO Train - trainImages: loading image
2022-03-31 12:50:17.204 DEBUG Train - trainImages: /home/vikasjoshis001/Desktop/Gestures/images_to_train/cersie lannister/index5.jpeg
2022-03-31 12:50:17.204 INFO Train - trainImages: loading image done
2022-03-31 12:50:17.204 INFO Train - trainImages: finding the encoding of image
2022-03-31 12:50:17.269 INFO Train - trainImages: finding encoding of image is done
2022-03-31 12:50:17.269 INFO Train - trainImages: loading image
2022-03-31 12:50:17.269 DEBUG Train - trainImages: /home/vikasjoshis001/Desktop/Gestures/images_to_train/cersie lannister/index2.jpeg
2022-03-31 12:50:17.270 INFO Train - trainImages: loading image done
2022-03-31 12:50:17.270 INFO Train - trainImages: finding the encoding of image
2022-03-31 12:50:17.337 INFO Train - trainImages: finding encoding of image is done
2022-03-31 12:50:17.337 INFO Train - trainImages: loading image
2022-03-31 12:50:17.337 DEBUG Train - trainImages: /home/vikasjoshis001/Desktop/Gestures/images_to_train/cersie lannister/index4.jpeg
2022-03-31 12:50:17.337 INFO Train - trainImages: loading image done
2022-03-31 12:50:17.338 INFO Train - trainImages: finding the encoding of image
2022-03-31 12:50:17.404 INFO Train - trainImages: finding encoding of image is done
2022-03-31 12:50:17.404 INFO Train - trainImages: getting average of encodings of loaded images
2022-03-31 12:50:17.404 INFO Train - trainImages: done with getting average encodings
2022-03-31 12:50:17.404 INFO Train - trainImages: storing the name and encoding in local dictionary
2022-03-31 12:50:17.404 INFO Train - trainImages: stored name and encodes in local dictionary
2022-03-31 12:50:17.404 INFO Train - trainImages: storing the name and encodings in mongodb
2022-03-31 12:50:17.405 INFO Train - trainImages: stored all name and encodes in mongodb
2022-03-31 12:50:17.405 INFO Train - trainImages: started loading images and finding their encodings
2022-03-31 12:50:17.405 INFO Train - trainImages: loading image
2022-03-31 12:50:17.407 DEBUG Train - trainImages: /home/vikasjoshis001/Desktop/Gestures/images_to_train/cdvbxd-2022-03-31 12:29:01.669747/cdvbxd.0dac1d9d-b0c0-11ec-95c9-353773ec36e1.jpeg
2022-03-31 12:50:17.407 INFO Train - trainImages: loading image done
2022-03-31 12:50:17.407 INFO Train - trainImages: finding the encoding of image
2022-03-31 12:50:17.585 INFO Train - trainImages: finding encoding of image is done
2022-03-31 12:50:17.585 INFO Train - trainImages: loading image
2022-03-31 12:50:17.587 DEBUG Train - trainImages: /home/vikasjoshis001/Desktop/Gestures/images_to_train/cdvbxd-2022-03-31 12:29:01.669747/cdvbxd.0dac1d9c-b0c0-11ec-95c9-353773ec36e1.jpeg
2022-03-31 12:50:17.587 INFO Train - trainImages: loading image done
2022-03-31 12:50:17.587 INFO Train - trainImages: finding the encoding of image
2022-03-31 12:50:17.763 INFO Train - trainImages: finding encoding of image is done
2022-03-31 12:50:17.763 INFO Train - trainImages: loading image
2022-03-31 12:50:17.765 DEBUG Train - trainImages: /home/vikasjoshis001/Desktop/Gestures/images_to_train/cdvbxd-2022-03-31 12:29:01.669747/cdvbxd.0c763945-b0c0-11ec-95c9-353773ec36e1.jpeg
2022-03-31 12:50:17.765 INFO Train - trainImages: loading image done
2022-03-31 12:50:17.765 INFO Train - trainImages: finding the encoding of image
2022-03-31 12:50:17.941 INFO Train - trainImages: finding encoding of image is done
2022-03-31 12:50:17.941 INFO Train - trainImages: loading image
2022-03-31 12:50:17.943 DEBUG Train - trainImages: /home/vikasjoshis001/Desktop/Gestures/images_to_train/cdvbxd-2022-03-31 12:29:01.669747/cdvbxd.0bc67946-b0c0-11ec-95c9-353773ec36e1.jpeg
2022-03-31 12:50:17.944 INFO Train - trainImages: loading image done
2022-03-31 12:50:17.944 INFO Train - trainImages: finding the encoding of image
2022-03-31 12:50:18.121 INFO Train - trainImages: finding encoding of image is done
2022-03-31 12:50:18.122 INFO Train - trainImages: loading image
2022-03-31 12:50:18.124 DEBUG Train - trainImages: /home/vikasjoshis001/Desktop/Gestures/images_to_train/cdvbxd-2022-03-31 12:29:01.669747/cdvbxd.0c763944-b0c0-11ec-95c9-353773ec36e1.jpeg
2022-03-31 12:50:18.124 INFO Train - trainImages: loading image done
2022-03-31 12:50:18.124 INFO Train - trainImages: finding the encoding of image
2022-03-31 12:50:18.303 INFO Train - trainImages: finding encoding of image is done
2022-03-31 12:50:18.303 INFO Train - trainImages: getting average of encodings of loaded images
2022-03-31 12:50:18.303 INFO Train - trainImages: done with getting average encodings
2022-03-31 12:50:18.303 INFO Train - trainImages: storing the name and encoding in local dictionary
2022-03-31 12:50:18.303 INFO Train - trainImages: stored name and encodes in local dictionary
2022-03-31 12:50:18.303 INFO Train - trainImages: storing the name and encodings in mongodb
2022-03-31 12:50:18.304 INFO Train - trainImages: stored all name and encodes in mongodb
2022-03-31 12:50:18.304 INFO Train - trainImages: started loading images and finding their encodings
2022-03-31 12:50:18.304 INFO Train - trainImages: loading image
2022-03-31 12:50:18.305 DEBUG Train - trainImages: /home/vikasjoshis001/Desktop/Gestures/images_to_train/king in the north/index.jpeg
2022-03-31 12:50:18.305 INFO Train - trainImages: loading image done
2022-03-31 12:50:18.305 INFO Train - trainImages: finding the encoding of image
2022-03-31 12:50:18.371 INFO Train - trainImages: finding encoding of image is done
2022-03-31 12:50:18.371 INFO Train - trainImages: loading image
2022-03-31 12:50:18.371 DEBUG Train - trainImages: /home/vikasjoshis001/Desktop/Gestures/images_to_train/king in the north/index3.jpeg
2022-03-31 12:50:18.371 INFO Train - trainImages: loading image done
2022-03-31 12:50:18.371 INFO Train - trainImages: finding the encoding of image
2022-03-31 12:50:18.438 INFO Train - trainImages: finding encoding of image is done
2022-03-31 12:50:18.438 INFO Train - trainImages: loading image
2022-03-31 12:50:18.439 DEBUG Train - trainImages: /home/vikasjoshis001/Desktop/Gestures/images_to_train/king in the north/index5.jpeg
2022-03-31 12:50:18.439 INFO Train - trainImages: loading image done
2022-03-31 12:50:18.439 INFO Train - trainImages: finding the encoding of image
2022-03-31 12:50:18.505 INFO Train - trainImages: finding encoding of image is done
2022-03-31 12:50:18.505 INFO Train - trainImages: loading image
2022-03-31 12:50:18.506 DEBUG Train - trainImages: /home/vikasjoshis001/Desktop/Gestures/images_to_train/king in the north/index2.jpeg
2022-03-31 12:50:18.506 INFO Train - trainImages: loading image done
2022-03-31 12:50:18.506 INFO Train - trainImages: finding the encoding of image
2022-03-31 12:50:18.572 INFO Train - trainImages: finding encoding of image is done
2022-03-31 12:50:18.572 INFO Train - trainImages: loading image
2022-03-31 12:50:18.572 DEBUG Train - trainImages: /home/vikasjoshis001/Desktop/Gestures/images_to_train/king in the north/index4.jpeg
2022-03-31 12:50:18.572 INFO Train - trainImages: loading image done
2022-03-31 12:50:18.573 INFO Train - trainImages: finding the encoding of image
2022-03-31 12:50:18.640 INFO Train - trainImages: finding encoding of image is done
2022-03-31 12:50:18.640 INFO Train - trainImages: getting average of encodings of loaded images
2022-03-31 12:50:18.640 INFO Train - trainImages: done with getting average encodings
2022-03-31 12:50:18.640 INFO Train - trainImages: storing the name and encoding in local dictionary
2022-03-31 12:50:18.641 INFO Train - trainImages: stored name and encodes in local dictionary
2022-03-31 12:50:18.641 INFO Train - trainImages: storing the name and encodings in mongodb
2022-03-31 12:50:18.641 INFO Train - trainImages: stored all name and encodes in mongodb
2022-03-31 12:50:18.641 INFO Train - trainImages: started loading images and finding their encodings
2022-03-31 12:50:18.641 INFO Train - trainImages: loading image
2022-03-31 12:50:18.644 DEBUG Train - trainImages: /home/vikasjoshis001/Desktop/Gestures/images_to_train/vhm-2022-03-31 12:22:16.839677/vhm.1a7afe73-b0bf-11ec-95c9-353773ec36e1.jpeg
2022-03-31 12:50:18.644 INFO Train - trainImages: loading image done
2022-03-31 12:50:18.644 INFO Train - trainImages: finding the encoding of image
2022-03-31 12:50:18.821 INFO Train - trainImages: finding encoding of image is done
2022-03-31 12:50:18.821 INFO Train - trainImages: loading image
2022-03-31 12:50:18.824 DEBUG Train - trainImages: /home/vikasjoshis001/Desktop/Gestures/images_to_train/vhm-2022-03-31 12:22:16.839677/vhm.1a7afe72-b0bf-11ec-95c9-353773ec36e1.jpeg
2022-03-31 12:50:18.824 INFO Train - trainImages: loading image done
2022-03-31 12:50:18.824 INFO Train - trainImages: finding the encoding of image
2022-03-31 12:50:19.001 INFO Train - trainImages: finding encoding of image is done
2022-03-31 12:50:19.001 INFO Train - trainImages: loading image
2022-03-31 12:50:19.003 DEBUG Train - trainImages: /home/vikasjoshis001/Desktop/Gestures/images_to_train/vhm-2022-03-31 12:22:16.839677/vhm.1a7afe75-b0bf-11ec-95c9-353773ec36e1.jpeg
2022-03-31 12:50:19.004 INFO Train - trainImages: loading image done
2022-03-31 12:50:19.004 INFO Train - trainImages: finding the encoding of image
2022-03-31 12:50:19.181 INFO Train - trainImages: finding encoding of image is done
2022-03-31 12:50:19.181 INFO Train - trainImages: loading image
2022-03-31 12:50:19.183 DEBUG Train - trainImages: /home/vikasjoshis001/Desktop/Gestures/images_to_train/vhm-2022-03-31 12:22:16.839677/vhm.1a7afe74-b0bf-11ec-95c9-353773ec36e1.jpeg
2022-03-31 12:50:19.184 INFO Train - trainImages: loading image done
2022-03-31 12:50:19.184 INFO Train - trainImages: finding the encoding of image
2022-03-31 12:50:19.361 INFO Train - trainImages: finding encoding of image is done
2022-03-31 12:50:19.361 INFO Train - trainImages: loading image
2022-03-31 12:50:19.363 DEBUG Train - trainImages: /home/vikasjoshis001/Desktop/Gestures/images_to_train/vhm-2022-03-31 12:22:16.839677/vhm.1a7afe76-b0bf-11ec-95c9-353773ec36e1.jpeg
2022-03-31 12:50:19.363 INFO Train - trainImages: loading image done
2022-03-31 12:50:19.363 INFO Train - trainImages: finding the encoding of image
2022-03-31 12:50:19.540 INFO Train - trainImages: finding encoding of image is done
2022-03-31 12:50:19.540 INFO Train - trainImages: getting average of encodings of loaded images
2022-03-31 12:50:19.540 INFO Train - trainImages: done with getting average encodings
2022-03-31 12:50:19.540 INFO Train - trainImages: storing the name and encoding in local dictionary
2022-03-31 12:50:19.540 INFO Train - trainImages: stored name and encodes in local dictionary
2022-03-31 12:50:19.540 INFO Train - trainImages: storing the name and encodings in mongodb
2022-03-31 12:50:19.541 INFO Train - trainImages: stored all name and encodes in mongodb
2022-03-31 12:50:19.541 INFO Train - trainImages: started loading images and finding their encodings
2022-03-31 12:50:19.541 INFO Train - trainImages: loading image
2022-03-31 12:50:19.543 DEBUG Train - trainImages: /home/vikasjoshis001/Desktop/Gestures/images_to_train/vnkfdjznb-2022-03-31 12:50:03.756797/vnkfdjznb.fc0a2ab9-b0c2-11ec-95c9-353773ec36e1.jpeg
2022-03-31 12:50:19.543 INFO Train - trainImages: loading image done
2022-03-31 12:50:19.543 INFO Train - trainImages: finding the encoding of image
2022-03-31 12:50:19.720 INFO Train - trainImages: finding encoding of image is done
2022-03-31 12:50:19.720 INFO Train - trainImages: loading image
2022-03-31 12:50:19.722 DEBUG Train - trainImages: /home/vikasjoshis001/Desktop/Gestures/images_to_train/vnkfdjznb-2022-03-31 12:50:03.756797/vnkfdjznb.fe8e6812-b0c2-11ec-95c9-353773ec36e1.jpeg
2022-03-31 12:50:19.722 INFO Train - trainImages: loading image done
2022-03-31 12:50:19.722 INFO Train - trainImages: finding the encoding of image
2022-03-31 12:50:19.899 INFO Train - trainImages: finding encoding of image is done
2022-03-31 12:50:19.899 INFO Train - trainImages: loading image
2022-03-31 12:50:19.901 DEBUG Train - trainImages: /home/vikasjoshis001/Desktop/Gestures/images_to_train/vnkfdjznb-2022-03-31 12:50:03.756797/vnkfdjznb.fc0a2ab8-b0c2-11ec-95c9-353773ec36e1.jpeg
2022-03-31 12:50:19.901 INFO Train - trainImages: loading image done
2022-03-31 12:50:19.901 INFO Train - trainImages: finding the encoding of image
2022-03-31 12:50:20.079 INFO Train - trainImages: finding encoding of image is done
2022-03-31 12:50:20.079 INFO Train - trainImages: loading image
2022-03-31 12:50:20.081 DEBUG Train - trainImages: /home/vikasjoshis001/Desktop/Gestures/images_to_train/vnkfdjznb-2022-03-31 12:50:03.756797/vnkfdjznb.fd54f74b-b0c2-11ec-95c9-353773ec36e1.jpeg
2022-03-31 12:50:20.081 INFO Train - trainImages: loading image done
2022-03-31 12:50:20.081 INFO Train - trainImages: finding the encoding of image
2022-03-31 12:50:20.259 INFO Train - trainImages: finding encoding of image is done
2022-03-31 12:50:20.260 INFO Train - trainImages: loading image
2022-03-31 12:50:20.262 DEBUG Train - trainImages: /home/vikasjoshis001/Desktop/Gestures/images_to_train/vnkfdjznb-2022-03-31 12:50:03.756797/vnkfdjznb.fd54f74a-b0c2-11ec-95c9-353773ec36e1.jpeg
2022-03-31 12:50:20.262 INFO Train - trainImages: loading image done
2022-03-31 12:50:20.262 INFO Train - trainImages: finding the encoding of image
2022-03-31 12:50:20.438 INFO Train - trainImages: finding encoding of image is done
2022-03-31 12:50:20.438 INFO Train - trainImages: getting average of encodings of loaded images
2022-03-31 12:50:20.439 INFO Train - trainImages: done with getting average encodings
2022-03-31 12:50:20.439 INFO Train - trainImages: storing the name and encoding in local dictionary
2022-03-31 12:50:20.439 INFO Train - trainImages: stored name and encodes in local dictionary
2022-03-31 12:50:20.439 INFO Train - trainImages: storing the name and encodings in mongodb
2022-03-31 12:50:20.440 INFO Train - trainImages: stored all name and encodes in mongodb
2022-03-31 12:50:20.440 INFO Train - trainImages: started loading images and finding their encodings
2022-03-31 12:50:20.440 INFO Train - trainImages: loading image
2022-03-31 12:50:20.442 DEBUG Train - trainImages: /home/vikasjoshis001/Desktop/Gestures/images_to_train/fdf-2022-03-31 12:47:24.940166/fdf.9eae153d-b0c2-11ec-95c9-353773ec36e1.jpeg
2022-03-31 12:50:20.442 INFO Train - trainImages: loading image done
2022-03-31 12:50:20.442 INFO Train - trainImages: finding the encoding of image
2022-03-31 12:50:20.619 INFO Train - trainImages: finding encoding of image is done
2022-03-31 12:50:20.619 INFO Train - trainImages: loading image
2022-03-31 12:50:20.621 DEBUG Train - trainImages: /home/vikasjoshis001/Desktop/Gestures/images_to_train/fdf-2022-03-31 12:47:24.940166/fdf.9fe743ec-b0c2-11ec-95c9-353773ec36e1.jpeg
2022-03-31 12:50:20.621 INFO Train - trainImages: loading image done
2022-03-31 12:50:20.621 INFO Train - trainImages: finding the encoding of image
2022-03-31 12:50:20.798 INFO Train - trainImages: finding encoding of image is done
2022-03-31 12:50:20.799 INFO Train - trainImages: loading image
2022-03-31 12:50:20.801 DEBUG Train - trainImages: /home/vikasjoshis001/Desktop/Gestures/images_to_train/fdf-2022-03-31 12:47:24.940166/fdf.9d60e8ee-b0c2-11ec-95c9-353773ec36e1.jpeg
2022-03-31 12:50:20.801 INFO Train - trainImages: loading image done
2022-03-31 12:50:20.801 INFO Train - trainImages: finding the encoding of image
2022-03-31 12:50:20.978 INFO Train - trainImages: finding encoding of image is done
2022-03-31 12:50:20.979 INFO Train - trainImages: loading image
2022-03-31 12:50:20.981 DEBUG Train - trainImages: /home/vikasjoshis001/Desktop/Gestures/images_to_train/fdf-2022-03-31 12:47:24.940166/fdf.9d60e8ef-b0c2-11ec-95c9-353773ec36e1.jpeg
2022-03-31 12:50:20.981 INFO Train - trainImages: loading image done
2022-03-31 12:50:20.981 INFO Train - trainImages: finding the encoding of image
2022-03-31 12:50:21.157 INFO Train - trainImages: finding encoding of image is done
2022-03-31 12:50:21.157 INFO Train - trainImages: loading image
2022-03-31 12:50:21.159 DEBUG Train - trainImages: /home/vikasjoshis001/Desktop/Gestures/images_to_train/fdf-2022-03-31 12:47:24.940166/fdf.9eae153c-b0c2-11ec-95c9-353773ec36e1.jpeg
2022-03-31 12:50:21.159 INFO Train - trainImages: loading image done
2022-03-31 12:50:21.160 INFO Train - trainImages: finding the encoding of image
2022-03-31 12:50:21.336 INFO Train - trainImages: finding encoding of image is done
2022-03-31 12:50:21.336 INFO Train - trainImages: getting average of encodings of loaded images
2022-03-31 12:50:21.337 INFO Train - trainImages: done with getting average encodings
2022-03-31 12:50:21.337 INFO Train - trainImages: storing the name and encoding in local dictionary
2022-03-31 12:50:21.337 INFO Train - trainImages: stored name and encodes in local dictionary
2022-03-31 12:50:21.337 INFO Train - trainImages: storing the name and encodings in mongodb
2022-03-31 12:50:21.337 INFO Train - trainImages: stored all name and encodes in mongodb
2022-03-31 12:50:21.337 INFO Train - trainImages: started loading images and finding their encodings
2022-03-31 12:50:21.337 INFO Train - trainImages: loading image
2022-03-31 12:50:21.340 DEBUG Train - trainImages: /home/vikasjoshis001/Desktop/Gestures/images_to_train/Chai-2022-03-31 12:20:10.218479/Chai.cf03ab39-b0be-11ec-95c9-353773ec36e1.jpeg
2022-03-31 12:50:21.340 INFO Train - trainImages: loading image done
2022-03-31 12:50:21.340 INFO Train - trainImages: finding the encoding of image
2022-03-31 12:50:21.517 INFO Train - trainImages: finding encoding of image is done
2022-03-31 12:50:21.517 INFO Train - trainImages: loading image
2022-03-31 12:50:21.519 DEBUG Train - trainImages: /home/vikasjoshis001/Desktop/Gestures/images_to_train/Chai-2022-03-31 12:20:10.218479/Chai.cf03ab3b-b0be-11ec-95c9-353773ec36e1.jpeg
2022-03-31 12:50:21.519 INFO Train - trainImages: loading image done
2022-03-31 12:50:21.519 INFO Train - trainImages: finding the encoding of image
2022-03-31 12:50:21.696 INFO Train - trainImages: finding encoding of image is done
2022-03-31 12:50:21.697 INFO Train - trainImages: loading image
2022-03-31 12:50:21.699 DEBUG Train - trainImages: /home/vikasjoshis001/Desktop/Gestures/images_to_train/Chai-2022-03-31 12:20:10.218479/Chai.cf03ab38-b0be-11ec-95c9-353773ec36e1.jpeg
2022-03-31 12:50:21.699 INFO Train - trainImages: loading image done
2022-03-31 12:50:21.699 INFO Train - trainImages: finding the encoding of image
2022-03-31 12:50:21.876 INFO Train - trainImages: finding encoding of image is done
2022-03-31 12:50:21.876 INFO Train - trainImages: loading image
2022-03-31 12:50:21.878 DEBUG Train - trainImages: /home/vikasjoshis001/Desktop/Gestures/images_to_train/Chai-2022-03-31 12:20:10.218479/Chai.cf03ab3c-b0be-11ec-95c9-353773ec36e1.jpeg
2022-03-31 12:50:21.878 INFO Train - trainImages: loading image done
2022-03-31 12:50:21.878 INFO Train - trainImages: finding the encoding of image
2022-03-31 12:50:22.056 INFO Train - trainImages: finding encoding of image is done
2022-03-31 12:50:22.056 INFO Train - trainImages: loading image
2022-03-31 12:50:22.058 DEBUG Train - trainImages: /home/vikasjoshis001/Desktop/Gestures/images_to_train/Chai-2022-03-31 12:20:10.218479/Chai.cf03ab3a-b0be-11ec-95c9-353773ec36e1.jpeg
2022-03-31 12:50:22.058 INFO Train - trainImages: loading image done
2022-03-31 12:50:22.058 INFO Train - trainImages: finding the encoding of image
2022-03-31 12:50:22.236 INFO Train - trainImages: finding encoding of image is done
2022-03-31 12:50:22.236 INFO Train - trainImages: getting average of encodings of loaded images
2022-03-31 12:50:22.236 INFO Train - trainImages: done with getting average encodings
2022-03-31 12:50:22.236 INFO Train - trainImages: storing the name and encoding in local dictionary
2022-03-31 12:50:22.236 INFO Train - trainImages: stored name and encodes in local dictionary
2022-03-31 12:50:22.236 INFO Train - trainImages: storing the name and encodings in mongodb
2022-03-31 12:50:22.237 INFO Train - trainImages: stored all name and encodes in mongodb
2022-03-31 12:50:22.237 INFO Train - trainImages: started loading images and finding their encodings
2022-03-31 12:50:22.237 INFO Train - trainImages: loading image
2022-03-31 12:50:22.238 DEBUG Train - trainImages: /home/vikasjoshis001/Desktop/Gestures/images_to_train/arya stark/index.jpeg
2022-03-31 12:50:22.238 INFO Train - trainImages: loading image done
2022-03-31 12:50:22.238 INFO Train - trainImages: finding the encoding of image
2022-03-31 12:50:22.305 INFO Train - trainImages: finding encoding of image is done
2022-03-31 12:50:22.305 INFO Train - trainImages: loading image
2022-03-31 12:50:22.306 DEBUG Train - trainImages: /home/vikasjoshis001/Desktop/Gestures/images_to_train/arya stark/index3.jpeg
2022-03-31 12:50:22.306 INFO Train - trainImages: loading image done
2022-03-31 12:50:22.306 INFO Train - trainImages: finding the encoding of image
2022-03-31 12:50:22.372 INFO Train - trainImages: finding encoding of image is done
2022-03-31 12:50:22.372 INFO Train - trainImages: loading image
2022-03-31 12:50:22.372 DEBUG Train - trainImages: /home/vikasjoshis001/Desktop/Gestures/images_to_train/arya stark/index5.jpeg
2022-03-31 12:50:22.372 INFO Train - trainImages: loading image done
2022-03-31 12:50:22.372 INFO Train - trainImages: finding the encoding of image
2022-03-31 12:50:22.439 INFO Train - trainImages: finding encoding of image is done
2022-03-31 12:50:22.440 INFO Train - trainImages: loading image
2022-03-31 12:50:22.440 DEBUG Train - trainImages: /home/vikasjoshis001/Desktop/Gestures/images_to_train/arya stark/index2.jpeg
2022-03-31 12:50:22.440 INFO Train - trainImages: loading image done
2022-03-31 12:50:22.440 INFO Train - trainImages: finding the encoding of image
2022-03-31 12:50:22.506 INFO Train - trainImages: finding encoding of image is done
2022-03-31 12:50:22.506 INFO Train - trainImages: loading image
2022-03-31 12:50:22.507 DEBUG Train - trainImages: /home/vikasjoshis001/Desktop/Gestures/images_to_train/arya stark/images4.jpeg
2022-03-31 12:50:22.507 INFO Train - trainImages: loading image done
2022-03-31 12:50:22.507 INFO Train - trainImages: finding the encoding of image
2022-03-31 12:50:22.573 INFO Train - trainImages: finding encoding of image is done
2022-03-31 12:50:22.573 INFO Train - trainImages: getting average of encodings of loaded images
2022-03-31 12:50:22.573 INFO Train - trainImages: done with getting average encodings
2022-03-31 12:50:22.573 INFO Train - trainImages: storing the name and encoding in local dictionary
2022-03-31 12:50:22.573 INFO Train - trainImages: stored name and encodes in local dictionary
2022-03-31 12:50:22.573 INFO Train - trainImages: storing the name and encodings in mongodb
2022-03-31 12:50:22.574 INFO Train - trainImages: stored all name and encodes in mongodb
2022-03-31 12:50:22.574 INFO Train - trainImages: started loading images and finding their encodings
2022-03-31 12:50:22.574 INFO Train - trainImages: loading image
2022-03-31 12:50:22.576 DEBUG Train - trainImages: /home/vikasjoshis001/Desktop/Gestures/images_to_train/gh-2022-03-31 12:23:19.211189/gh.3fa9801e-b0bf-11ec-95c9-353773ec36e1.jpeg
2022-03-31 12:50:22.576 INFO Train - trainImages: loading image done
2022-03-31 12:50:22.576 INFO Train - trainImages: finding the encoding of image
2022-03-31 12:50:22.793 INFO Train - trainImages: finding encoding of image is done
2022-03-31 12:50:22.793 INFO Train - trainImages: loading image
2022-03-31 12:50:22.796 DEBUG Train - trainImages: /home/vikasjoshis001/Desktop/Gestures/images_to_train/gh-2022-03-31 12:23:19.211189/gh.3fa9801b-b0bf-11ec-95c9-353773ec36e1.jpeg
2022-03-31 12:50:22.796 INFO Train - trainImages: loading image done
2022-03-31 12:50:22.796 INFO Train - trainImages: finding the encoding of image
2022-03-31 12:50:23.014 INFO Train - trainImages: finding encoding of image is done
2022-03-31 12:50:23.014 INFO Train - trainImages: loading image
2022-03-31 12:50:23.016 DEBUG Train - trainImages: /home/vikasjoshis001/Desktop/Gestures/images_to_train/gh-2022-03-31 12:23:19.211189/gh.3fa9801a-b0bf-11ec-95c9-353773ec36e1.jpeg
2022-03-31 12:50:23.016 INFO Train - trainImages: loading image done
2022-03-31 12:50:23.016 INFO Train - trainImages: finding the encoding of image
2022-03-31 12:50:23.235 INFO Train - trainImages: finding encoding of image is done
2022-03-31 12:50:23.235 INFO Train - trainImages: loading image
2022-03-31 12:50:23.238 DEBUG Train - trainImages: /home/vikasjoshis001/Desktop/Gestures/images_to_train/gh-2022-03-31 12:23:19.211189/gh.3fa9801d-b0bf-11ec-95c9-353773ec36e1.jpeg
2022-03-31 12:50:23.238 INFO Train - trainImages: loading image done
2022-03-31 12:50:23.238 INFO Train - trainImages: finding the encoding of image
2022-03-31 12:50:23.455 INFO Train - trainImages: finding encoding of image is done
2022-03-31 12:50:23.455 INFO Train - trainImages: loading image
2022-03-31 12:50:23.457 DEBUG Train - trainImages: /home/vikasjoshis001/Desktop/Gestures/images_to_train/gh-2022-03-31 12:23:19.211189/gh.3fa9801c-b0bf-11ec-95c9-353773ec36e1.jpeg
2022-03-31 12:50:23.457 INFO Train - trainImages: loading image done
2022-03-31 12:50:23.457 INFO Train - trainImages: finding the encoding of image
2022-03-31 12:50:23.676 INFO Train - trainImages: finding encoding of image is done
2022-03-31 12:50:23.676 INFO Train - trainImages: getting average of encodings of loaded images
2022-03-31 12:50:23.676 INFO Train - trainImages: done with getting average encodings
2022-03-31 12:50:23.676 INFO Train - trainImages: storing the name and encoding in local dictionary
2022-03-31 12:50:23.676 INFO Train - trainImages: stored name and encodes in local dictionary
2022-03-31 12:50:23.676 INFO Train - trainImages: storing the name and encodings in mongodb
2022-03-31 12:50:23.677 INFO Train - trainImages: stored all name and encodes in mongodb
2022-03-31 12:50:23.677 INFO Train - trainImages: started loading images and finding their encodings
2022-03-31 12:50:23.677 INFO Train - trainImages: loading image
2022-03-31 12:50:23.679 DEBUG Train - trainImages: /home/vikasjoshis001/Desktop/Gestures/images_to_train/Sad-2022-03-31 12:16:52.952750/Sad.596d38de-b0be-11ec-95c9-353773ec36e1.jpeg
2022-03-31 12:50:23.679 INFO Train - trainImages: loading image done
2022-03-31 12:50:23.679 INFO Train - trainImages: finding the encoding of image
2022-03-31 12:50:23.857 INFO Train - trainImages: finding encoding of image is done
2022-03-31 12:50:23.857 INFO Train - trainImages: loading image
2022-03-31 12:50:23.859 DEBUG Train - trainImages: /home/vikasjoshis001/Desktop/Gestures/images_to_train/Sad-2022-03-31 12:16:52.952750/Sad.596d38dd-b0be-11ec-95c9-353773ec36e1.jpeg
2022-03-31 12:50:23.859 INFO Train - trainImages: loading image done
2022-03-31 12:50:23.859 INFO Train - trainImages: finding the encoding of image
2022-03-31 12:50:24.037 INFO Train - trainImages: finding encoding of image is done
2022-03-31 12:50:24.037 INFO Train - trainImages: loading image
2022-03-31 12:50:24.040 DEBUG Train - trainImages: /home/vikasjoshis001/Desktop/Gestures/images_to_train/Sad-2022-03-31 12:16:52.952750/Sad.596d38da-b0be-11ec-95c9-353773ec36e1.jpeg
2022-03-31 12:50:24.040 INFO Train - trainImages: loading image done
2022-03-31 12:50:24.040 INFO Train - trainImages: finding the encoding of image
2022-03-31 12:50:24.218 INFO Train - trainImages: finding encoding of image is done
2022-03-31 12:50:24.218 INFO Train - trainImages: loading image
2022-03-31 12:50:24.220 DEBUG Train - trainImages: /home/vikasjoshis001/Desktop/Gestures/images_to_train/Sad-2022-03-31 12:16:52.952750/Sad.596d38db-b0be-11ec-95c9-353773ec36e1.jpeg
2022-03-31 12:50:24.220 INFO Train - trainImages: loading image done
2022-03-31 12:50:24.220 INFO Train - trainImages: finding the encoding of image
2022-03-31 12:50:24.397 INFO Train - trainImages: finding encoding of image is done
2022-03-31 12:50:24.398 INFO Train - trainImages: loading image
2022-03-31 12:50:24.400 DEBUG Train - trainImages: /home/vikasjoshis001/Desktop/Gestures/images_to_train/Sad-2022-03-31 12:16:52.952750/Sad.596d38dc-b0be-11ec-95c9-353773ec36e1.jpeg
2022-03-31 12:50:24.400 INFO Train - trainImages: loading image done
2022-03-31 12:50:24.400 INFO Train - trainImages: finding the encoding of image
2022-03-31 12:50:24.578 INFO Train - trainImages: finding encoding of image is done
2022-03-31 12:50:24.578 INFO Train - trainImages: getting average of encodings of loaded images
2022-03-31 12:50:24.578 INFO Train - trainImages: done with getting average encodings
2022-03-31 12:50:24.578 INFO Train - trainImages: storing the name and encoding in local dictionary
2022-03-31 12:50:24.578 INFO Train - trainImages: stored name and encodes in local dictionary
2022-03-31 12:50:24.578 INFO Train - trainImages: storing the name and encodings in mongodb
2022-03-31 12:50:24.579 INFO Train - trainImages: stored all name and encodes in mongodb
2022-03-31 12:50:24.579 INFO Train - trainImages: started loading images and finding their encodings
2022-03-31 12:50:24.579 INFO Train - trainImages: loading image
2022-03-31 12:50:24.581 DEBUG Train - trainImages: /home/vikasjoshis001/Desktop/Gestures/images_to_train/Vikas-2022-03-12 15:33:49.979215/Vikas.b761c802-a1eb-11ec-a348-e960390a4373.jpeg
2022-03-31 12:50:24.581 INFO Train - trainImages: loading image done
2022-03-31 12:50:24.581 INFO Train - trainImages: finding the encoding of image
2022-03-31 12:50:24.760 INFO Train - trainImages: finding encoding of image is done
2022-03-31 12:50:24.760 INFO Train - trainImages: loading image
2022-03-31 12:50:24.762 DEBUG Train - trainImages: /home/vikasjoshis001/Desktop/Gestures/images_to_train/Vikas-2022-03-12 15:33:49.979215/Vikas.b9e21fbe-a1eb-11ec-a348-e960390a4373.jpeg
2022-03-31 12:50:24.762 INFO Train - trainImages: loading image done
2022-03-31 12:50:24.762 INFO Train - trainImages: finding the encoding of image
2022-03-31 12:50:24.941 INFO Train - trainImages: finding encoding of image is done
2022-03-31 12:50:24.941 INFO Train - trainImages: loading image
2022-03-31 12:50:24.943 DEBUG Train - trainImages: /home/vikasjoshis001/Desktop/Gestures/images_to_train/Vikas-2022-03-12 15:33:49.979215/Vikas.b761c803-a1eb-11ec-a348-e960390a4373.jpeg
2022-03-31 12:50:24.943 INFO Train - trainImages: loading image done
2022-03-31 12:50:24.943 INFO Train - trainImages: finding the encoding of image
2022-03-31 12:50:25.120 INFO Train - trainImages: finding encoding of image is done
2022-03-31 12:50:25.121 INFO Train - trainImages: loading image
2022-03-31 12:50:25.123 DEBUG Train - trainImages: /home/vikasjoshis001/Desktop/Gestures/images_to_train/Vikas-2022-03-12 15:33:49.979215/Vikas.b8aa7a74-a1eb-11ec-a348-e960390a4373.jpeg
2022-03-31 12:50:25.123 INFO Train - trainImages: loading image done
2022-03-31 12:50:25.123 INFO Train - trainImages: finding the encoding of image
2022-03-31 12:50:25.300 INFO Train - trainImages: finding encoding of image is done
2022-03-31 12:50:25.301 INFO Train - trainImages: loading image
2022-03-31 12:50:25.303 DEBUG Train - trainImages: /home/vikasjoshis001/Desktop/Gestures/images_to_train/Vikas-2022-03-12 15:33:49.979215/Vikas.b8aa7a75-a1eb-11ec-a348-e960390a4373.jpeg
2022-03-31 12:50:25.303 INFO Train - trainImages: loading image done
2022-03-31 12:50:25.303 INFO Train - trainImages: finding the encoding of image
2022-03-31 12:50:25.480 INFO Train - trainImages: finding encoding of image is done
2022-03-31 12:50:25.480 INFO Train - trainImages: getting average of encodings of loaded images
2022-03-31 12:50:25.481 INFO Train - trainImages: done with getting average encodings
2022-03-31 12:50:25.481 INFO Train - trainImages: storing the name and encoding in local dictionary
2022-03-31 12:50:25.481 INFO Train - trainImages: stored name and encodes in local dictionary
2022-03-31 12:50:25.481 INFO Train - trainImages: storing the name and encodings in mongodb
2022-03-31 12:50:25.481 INFO Train - trainImages: stored all name and encodes in mongodb
2022-03-31 12:50:25.482 INFO Train - trainImages: started loading images and finding their encodings
2022-03-31 12:50:25.482 INFO Train - trainImages: loading image
2022-03-31 12:50:25.484 DEBUG Train - trainImages: /home/vikasjoshis001/Desktop/Gestures/images_to_train/csdzcz-2022-03-31 12:31:31.420705/csdzcz.6792ab96-b0c0-11ec-95c9-353773ec36e1.jpeg
2022-03-31 12:50:25.484 INFO Train - trainImages: loading image done
2022-03-31 12:50:25.484 INFO Train - trainImages: finding the encoding of image
2022-03-31 12:50:25.661 INFO Train - trainImages: finding encoding of image is done
2022-03-31 12:50:25.661 INFO Train - trainImages: loading image
2022-03-31 12:50:25.663 DEBUG Train - trainImages: /home/vikasjoshis001/Desktop/Gestures/images_to_train/csdzcz-2022-03-31 12:31:31.420705/csdzcz.66593e70-b0c0-11ec-95c9-353773ec36e1.jpeg
2022-03-31 12:50:25.663 INFO Train - trainImages: loading image done
2022-03-31 12:50:25.663 INFO Train - trainImages: finding the encoding of image
2022-03-31 12:50:25.866 INFO Train - trainImages: finding encoding of image is done
2022-03-31 12:50:25.866 INFO Train - trainImages: loading image
2022-03-31 12:50:25.868 DEBUG Train - trainImages: /home/vikasjoshis001/Desktop/Gestures/images_to_train/csdzcz-2022-03-31 12:31:31.420705/csdzcz.65091bb2-b0c0-11ec-95c9-353773ec36e1.jpeg
2022-03-31 12:50:25.869 INFO Train - trainImages: loading image done
2022-03-31 12:50:25.869 INFO Train - trainImages: finding the encoding of image
2022-03-31 12:50:26.046 INFO Train - trainImages: finding encoding of image is done
2022-03-31 12:50:26.047 INFO Train - trainImages: loading image
2022-03-31 12:50:26.049 DEBUG Train - trainImages: /home/vikasjoshis001/Desktop/Gestures/images_to_train/csdzcz-2022-03-31 12:31:31.420705/csdzcz.65091bb3-b0c0-11ec-95c9-353773ec36e1.jpeg
2022-03-31 12:50:26.049 INFO Train - trainImages: loading image done
2022-03-31 12:50:26.049 INFO Train - trainImages: finding the encoding of image
2022-03-31 12:50:26.227 INFO Train - trainImages: finding encoding of image is done
2022-03-31 12:50:26.227 INFO Train - trainImages: loading image
2022-03-31 12:50:26.229 DEBUG Train - trainImages: /home/vikasjoshis001/Desktop/Gestures/images_to_train/csdzcz-2022-03-31 12:31:31.420705/csdzcz.66593e71-b0c0-11ec-95c9-353773ec36e1.jpeg
2022-03-31 12:50:26.229 INFO Train - trainImages: loading image done
2022-03-31 12:50:26.229 INFO Train - trainImages: finding the encoding of image
2022-03-31 12:50:26.407 INFO Train - trainImages: finding encoding of image is done
2022-03-31 12:50:26.407 INFO Train - trainImages: getting average of encodings of loaded images
2022-03-31 12:50:26.408 INFO Train - trainImages: done with getting average encodings
2022-03-31 12:50:26.408 INFO Train - trainImages: storing the name and encoding in local dictionary
2022-03-31 12:50:26.408 INFO Train - trainImages: stored name and encodes in local dictionary
2022-03-31 12:50:26.408 INFO Train - trainImages: storing the name and encodings in mongodb
2022-03-31 12:50:26.408 INFO Train - trainImages: stored all name and encodes in mongodb
