2022-11-12 18:44:13.549 INFO train - <module>: MongoDB database connected successfully
2022-11-12 18:44:13.550 INFO train - <module>: collected all folders in known_people folder
2022-11-12 18:44:13.551 DEBUG train - <module>: ['d-2022-05-19 13:56:49.531847', 'ash-2022-05-19 13:25:26.556561', 'cersie lannister', 'hrithik-2022-05-19 12:30:19.717894', 'tyrion lannister', 'denerys targeryan', 'king in the north', 'arya stark']
2022-11-12 18:44:13.551 INFO train - <module>: collected all images from all folders in known_people folder
2022-11-12 18:44:13.551 DEBUG train - <module>: [['/home/vikasjoshis001/Files/Projects/My_Projects/Gestures/images_to_train/d-2022-05-19 13:56:49.531847/d.6fd19d87-d74d-11ec-9e60-9352912e8cdf.jpeg', '/home/vikasjoshis001/Files/Projects/My_Projects/Gestures/images_to_train/d-2022-05-19 13:56:49.531847/d.71057754-d74d-11ec-9e60-9352912e8cdf.jpeg', '/home/vikasjoshis001/Files/Projects/My_Projects/Gestures/images_to_train/d-2022-05-19 13:56:49.531847/d.71057755-d74d-11ec-9e60-9352912e8cdf.jpeg', '/home/vikasjoshis001/Files/Projects/My_Projects/Gestures/images_to_train/d-2022-05-19 13:56:49.531847/d.6fd19d86-d74d-11ec-9e60-9352912e8cdf.jpeg', '/home/vikasjoshis001/Files/Projects/My_Projects/Gestures/images_to_train/d-2022-05-19 13:56:49.531847/d.6df9c02e-d74d-11ec-9e60-9352912e8cdf.jpeg'], ['/home/vikasjoshis001/Files/Projects/My_Projects/Gestures/images_to_train/ash-2022-05-19 13:25:26.556561/ash.0d7b1275-d749-11ec-8122-4f54f7f309e6.jpeg', '/home/vikasjoshis001/Files/Projects/My_Projects/Gestures/images_to_train/ash-2022-05-19 13:25:26.556561/ash.0eafa43f-d749-11ec-8122-4f54f7f309e6.jpeg', '/home/vikasjoshis001/Files/Projects/My_Projects/Gestures/images_to_train/ash-2022-05-19 13:25:26.556561/ash.0eafa43e-d749-11ec-8122-4f54f7f309e6.jpeg', '/home/vikasjoshis001/Files/Projects/My_Projects/Gestures/images_to_train/ash-2022-05-19 13:25:26.556561/ash.0d7b1274-d749-11ec-8122-4f54f7f309e6.jpeg', '/home/vikasjoshis001/Files/Projects/My_Projects/Gestures/images_to_train/ash-2022-05-19 13:25:26.556561/ash.0ba073f4-d749-11ec-8122-4f54f7f309e6.jpeg'], ['/home/vikasjoshis001/Files/Projects/My_Projects/Gestures/images_to_train/cersie lannister/index2.jpeg', '/home/vikasjoshis001/Files/Projects/My_Projects/Gestures/images_to_train/cersie lannister/index5.jpeg', '/home/vikasjoshis001/Files/Projects/My_Projects/Gestures/images_to_train/cersie lannister/index4.jpeg', '/home/vikasjoshis001/Files/Projects/My_Projects/Gestures/images_to_train/cersie lannister/index3.jpeg'], ['/home/vikasjoshis001/Files/Projects/My_Projects/Gestures/images_to_train/hrithik-2022-05-19 12:30:19.717894/hrithik.59e351b0-d741-11ec-9512-65b61fe7aa14.jpeg', '/home/vikasjoshis001/Files/Projects/My_Projects/Gestures/images_to_train/hrithik-2022-05-19 12:30:19.717894/hrithik.5b182ed4-d741-11ec-9512-65b61fe7aa14.jpeg', '/home/vikasjoshis001/Files/Projects/My_Projects/Gestures/images_to_train/hrithik-2022-05-19 12:30:19.717894/hrithik.588f58ff-d741-11ec-9512-65b61fe7aa14.jpeg', '/home/vikasjoshis001/Files/Projects/My_Projects/Gestures/images_to_train/hrithik-2022-05-19 12:30:19.717894/hrithik.588f58fe-d741-11ec-9512-65b61fe7aa14.jpeg', '/home/vikasjoshis001/Files/Projects/My_Projects/Gestures/images_to_train/hrithik-2022-05-19 12:30:19.717894/hrithik.59e351b1-d741-11ec-9512-65b61fe7aa14.jpeg'], ['/home/vikasjoshis001/Files/Projects/My_Projects/Gestures/images_to_train/tyrion lannister/index2.jpeg', '/home/vikasjoshis001/Files/Projects/My_Projects/Gestures/images_to_train/tyrion lannister/index4.jpeg', '/home/vikasjoshis001/Files/Projects/My_Projects/Gestures/images_to_train/tyrion lannister/index1.jpeg', '/home/vikasjoshis001/Files/Projects/My_Projects/Gestures/images_to_train/tyrion lannister/index3.jpeg', '/home/vikasjoshis001/Files/Projects/My_Projects/Gestures/images_to_train/tyrion lannister/images5.jpeg'], ['/home/vikasjoshis001/Files/Projects/My_Projects/Gestures/images_to_train/denerys targeryan/index2.jpeg', '/home/vikasjoshis001/Files/Projects/My_Projects/Gestures/images_to_train/denerys targeryan/index5.jpeg', '/home/vikasjoshis001/Files/Projects/My_Projects/Gestures/images_to_train/denerys targeryan/index4.jpeg', '/home/vikasjoshis001/Files/Projects/My_Projects/Gestures/images_to_train/denerys targeryan/index1.jpeg', '/home/vikasjoshis001/Files/Projects/My_Projects/Gestures/images_to_train/denerys targeryan/index3.jpeg'], ['/home/vikasjoshis001/Files/Projects/My_Projects/Gestures/images_to_train/king in the north/index2.jpeg', '/home/vikasjoshis001/Files/Projects/My_Projects/Gestures/images_to_train/king in the north/index5.jpeg', '/home/vikasjoshis001/Files/Projects/My_Projects/Gestures/images_to_train/king in the north/index4.jpeg', '/home/vikasjoshis001/Files/Projects/My_Projects/Gestures/images_to_train/king in the north/index3.jpeg', '/home/vikasjoshis001/Files/Projects/My_Projects/Gestures/images_to_train/king in the north/index.jpeg'], ['/home/vikasjoshis001/Files/Projects/My_Projects/Gestures/images_to_train/arya stark/images4.jpeg', '/home/vikasjoshis001/Files/Projects/My_Projects/Gestures/images_to_train/arya stark/index2.jpeg', '/home/vikasjoshis001/Files/Projects/My_Projects/Gestures/images_to_train/arya stark/index5.jpeg', '/home/vikasjoshis001/Files/Projects/My_Projects/Gestures/images_to_train/arya stark/index3.jpeg', '/home/vikasjoshis001/Files/Projects/My_Projects/Gestures/images_to_train/arya stark/index.jpeg']]
2022-11-12 18:44:13.552 INFO train - <module>: started loading images and finding their encodings
2022-11-12 18:44:13.552 INFO train - <module>: loading image
2022-11-12 18:44:13.557 DEBUG train - <module>: /home/vikasjoshis001/Files/Projects/My_Projects/Gestures/images_to_train/d-2022-05-19 13:56:49.531847/d.6fd19d87-d74d-11ec-9e60-9352912e8cdf.jpeg
2022-11-12 18:44:13.557 INFO train - <module>: loading image done
2022-11-12 18:44:13.557 INFO train - <module>: finding the encoding of image
2022-11-12 18:44:13.596 ERROR train - <module>: no face is detected in image
2022-11-12 18:44:13.596 INFO train - <module>: skiping to find encodes of this image
2022-11-12 18:44:13.596 INFO train - <module>: loading image
2022-11-12 18:44:13.597 DEBUG train - <module>: /home/vikasjoshis001/Files/Projects/My_Projects/Gestures/images_to_train/d-2022-05-19 13:56:49.531847/d.71057754-d74d-11ec-9e60-9352912e8cdf.jpeg
2022-11-12 18:44:13.597 INFO train - <module>: loading image done
2022-11-12 18:44:13.597 INFO train - <module>: finding the encoding of image
2022-11-12 18:44:13.634 ERROR train - <module>: no face is detected in image
2022-11-12 18:44:13.634 INFO train - <module>: skiping to find encodes of this image
2022-11-12 18:44:13.635 INFO train - <module>: loading image
2022-11-12 18:44:13.635 DEBUG train - <module>: /home/vikasjoshis001/Files/Projects/My_Projects/Gestures/images_to_train/d-2022-05-19 13:56:49.531847/d.71057755-d74d-11ec-9e60-9352912e8cdf.jpeg
2022-11-12 18:44:13.635 INFO train - <module>: loading image done
2022-11-12 18:44:13.635 INFO train - <module>: finding the encoding of image
2022-11-12 18:44:13.671 ERROR train - <module>: no face is detected in image
2022-11-12 18:44:13.671 INFO train - <module>: skiping to find encodes of this image
2022-11-12 18:44:13.671 INFO train - <module>: loading image
2022-11-12 18:44:13.672 DEBUG train - <module>: /home/vikasjoshis001/Files/Projects/My_Projects/Gestures/images_to_train/d-2022-05-19 13:56:49.531847/d.6fd19d86-d74d-11ec-9e60-9352912e8cdf.jpeg
2022-11-12 18:44:13.672 INFO train - <module>: loading image done
2022-11-12 18:44:13.672 INFO train - <module>: finding the encoding of image
2022-11-12 18:44:13.708 ERROR train - <module>: no face is detected in image
2022-11-12 18:44:13.708 INFO train - <module>: skiping to find encodes of this image
2022-11-12 18:44:13.708 INFO train - <module>: loading image
2022-11-12 18:44:13.709 DEBUG train - <module>: /home/vikasjoshis001/Files/Projects/My_Projects/Gestures/images_to_train/d-2022-05-19 13:56:49.531847/d.6df9c02e-d74d-11ec-9e60-9352912e8cdf.jpeg
2022-11-12 18:44:13.709 INFO train - <module>: loading image done
2022-11-12 18:44:13.709 INFO train - <module>: finding the encoding of image
2022-11-12 18:44:13.745 ERROR train - <module>: no face is detected in image
2022-11-12 18:44:13.745 INFO train - <module>: skiping to find encodes of this image
2022-11-12 18:44:13.745 INFO train - <module>: getting average of encodings of loaded images
