2022-04-01 06:34:55.482 INFO Train - trainImages: MongoDB database connected successfully
2022-04-01 06:34:55.493 INFO Train - trainImages: collected all folders in known_people folder
2022-04-01 06:34:55.493 DEBUG Train - trainImages: ['tyrion lannister', 'denerys targeryan', 'vfbgfhg-2022-04-01 06:34:43.835860', 'Hello-2022-04-01 06:06:43.242173', 'fedsgfvdhg-2022-04-01 06:29:54.369493', 'Vikasafd-2022-04-01 06:18:02.414298', 'cersie lannister', 'Vikas-2022-03-31 13:17:26.260103', 'king in the north', 'fdsfg-2022-04-01 06:31:00.007557', 'UIO-2022-04-01 06:08:24.896094', 'arya stark', 'bgcnhgnvbngh-2022-04-01 06:34:02.139502']
2022-04-01 06:34:55.515 INFO Train - trainImages: collected all images from all folders in known_people folder
2022-04-01 06:34:55.517 DEBUG Train - trainImages: [['/home/vikasjoshis001/Desktop/Gestures/images_to_train/tyrion lannister/images5.jpeg', '/home/vikasjoshis001/Desktop/Gestures/images_to_train/tyrion lannister/index3.jpeg', '/home/vikasjoshis001/Desktop/Gestures/images_to_train/tyrion lannister/index1.jpeg', '/home/vikasjoshis001/Desktop/Gestures/images_to_train/tyrion lannister/index2.jpeg', '/home/vikasjoshis001/Desktop/Gestures/images_to_train/tyrion lannister/index4.jpeg'], ['/home/vikasjoshis001/Desktop/Gestures/images_to_train/denerys targeryan/index3.jpeg', '/home/vikasjoshis001/Desktop/Gestures/images_to_train/denerys targeryan/index5.jpeg', '/home/vikasjoshis001/Desktop/Gestures/images_to_train/denerys targeryan/index1.jpeg', '/home/vikasjoshis001/Desktop/Gestures/images_to_train/denerys targeryan/index2.jpeg', '/home/vikasjoshis001/Desktop/Gestures/images_to_train/denerys targeryan/index4.jpeg'], ['/home/vikasjoshis001/Desktop/Gestures/images_to_train/vfbgfhg-2022-04-01 06:34:43.835860/vfbgfhg.b78c50d8-b157-11ec-ae44-cb6983774605.jpeg', '/home/vikasjoshis001/Desktop/Gestures/images_to_train/vfbgfhg-2022-04-01 06:34:43.835860/vfbgfhg.b8d4b701-b157-11ec-ae44-cb6983774605.jpeg', '/home/vikasjoshis001/Desktop/Gestures/images_to_train/vfbgfhg-2022-04-01 06:34:43.835860/vfbgfhg.ba0b01b0-b157-11ec-ae44-cb6983774605.jpeg', '/home/vikasjoshis001/Desktop/Gestures/images_to_train/vfbgfhg-2022-04-01 06:34:43.835860/vfbgfhg.b78c50d9-b157-11ec-ae44-cb6983774605.jpeg', '/home/vikasjoshis001/Desktop/Gestures/images_to_train/vfbgfhg-2022-04-01 06:34:43.835860/vfbgfhg.b8d4b700-b157-11ec-ae44-cb6983774605.jpeg'], ['/home/vikasjoshis001/Desktop/Gestures/images_to_train/Hello-2022-04-01 06:06:43.242173/Hello.cdd62f53-b153-11ec-ae44-cb6983774605.jpeg', '/home/vikasjoshis001/Desktop/Gestures/images_to_train/Hello-2022-04-01 06:06:43.242173/Hello.cf21c952-b153-11ec-ae44-cb6983774605.jpeg', '/home/vikasjoshis001/Desktop/Gestures/images_to_train/Hello-2022-04-01 06:06:43.242173/Hello.d0570634-b153-11ec-ae44-cb6983774605.jpeg', '/home/vikasjoshis001/Desktop/Gestures/images_to_train/Hello-2022-04-01 06:06:43.242173/Hello.cdd62f52-b153-11ec-ae44-cb6983774605.jpeg', '/home/vikasjoshis001/Desktop/Gestures/images_to_train/Hello-2022-04-01 06:06:43.242173/Hello.cf21c953-b153-11ec-ae44-cb6983774605.jpeg'], ['/home/vikasjoshis001/Desktop/Gestures/images_to_train/fedsgfvdhg-2022-04-01 06:29:54.369493/fedsgfvdhg.0c47a2ae-b157-11ec-ae44-cb6983774605.jpeg', '/home/vikasjoshis001/Desktop/Gestures/images_to_train/fedsgfvdhg-2022-04-01 06:29:54.369493/fedsgfvdhg.0c47a2af-b157-11ec-ae44-cb6983774605.jpeg', '/home/vikasjoshis001/Desktop/Gestures/images_to_train/fedsgfvdhg-2022-04-01 06:29:54.369493/fedsgfvdhg.0b0382a1-b157-11ec-ae44-cb6983774605.jpeg', '/home/vikasjoshis001/Desktop/Gestures/images_to_train/fedsgfvdhg-2022-04-01 06:29:54.369493/fedsgfvdhg.0b0382a0-b157-11ec-ae44-cb6983774605.jpeg', '/home/vikasjoshis001/Desktop/Gestures/images_to_train/fedsgfvdhg-2022-04-01 06:29:54.369493/fedsgfvdhg.0d7c29f6-b157-11ec-ae44-cb6983774605.jpeg'], ['/home/vikasjoshis001/Desktop/Gestures/images_to_train/Vikasafd-2022-04-01 06:18:02.414298/Vikasafd.63ec76ee-b155-11ec-ae44-cb6983774605.jpeg', '/home/vikasjoshis001/Desktop/Gestures/images_to_train/Vikasafd-2022-04-01 06:18:02.414298/Vikasafd.6520d1ae-b155-11ec-ae44-cb6983774605.jpeg', '/home/vikasjoshis001/Desktop/Gestures/images_to_train/Vikasafd-2022-04-01 06:18:02.414298/Vikasafd.62a72799-b155-11ec-ae44-cb6983774605.jpeg', '/home/vikasjoshis001/Desktop/Gestures/images_to_train/Vikasafd-2022-04-01 06:18:02.414298/Vikasafd.63ec76ef-b155-11ec-ae44-cb6983774605.jpeg', '/home/vikasjoshis001/Desktop/Gestures/images_to_train/Vikasafd-2022-04-01 06:18:02.414298/Vikasafd.62a72798-b155-11ec-ae44-cb6983774605.jpeg'], ['/home/vikasjoshis001/Desktop/Gestures/images_to_train/cersie lannister/index3.jpeg', '/home/vikasjoshis001/Desktop/Gestures/images_to_train/cersie lannister/index5.jpeg', '/home/vikasjoshis001/Desktop/Gestures/images_to_train/cersie lannister/index2.jpeg', '/home/vikasjoshis001/Desktop/Gestures/images_to_train/cersie lannister/index4.jpeg'], ['/home/vikasjoshis001/Desktop/Gestures/images_to_train/Vikas-2022-03-31 13:17:26.260103/Vikas.d18bc824-b0c6-11ec-95c9-353773ec36e1.jpeg', '/home/vikasjoshis001/Desktop/Gestures/images_to_train/Vikas-2022-03-31 13:17:26.260103/Vikas.d056c17b-b0c6-11ec-95c9-353773ec36e1.jpeg', '/home/vikasjoshis001/Desktop/Gestures/images_to_train/Vikas-2022-03-31 13:17:26.260103/Vikas.cf0c4b78-b0c6-11ec-95c9-353773ec36e1.jpeg', '/home/vikasjoshis001/Desktop/Gestures/images_to_train/Vikas-2022-03-31 13:17:26.260103/Vikas.cf0c4b79-b0c6-11ec-95c9-353773ec36e1.jpeg', '/home/vikasjoshis001/Desktop/Gestures/images_to_train/Vikas-2022-03-31 13:17:26.260103/Vikas.d056c17a-b0c6-11ec-95c9-353773ec36e1.jpeg'], ['/home/vikasjoshis001/Desktop/Gestures/images_to_train/king in the north/index.jpeg', '/home/vikasjoshis001/Desktop/Gestures/images_to_train/king in the north/index3.jpeg', '/home/vikasjoshis001/Desktop/Gestures/images_to_train/king in the north/index5.jpeg', '/home/vikasjoshis001/Desktop/Gestures/images_to_train/king in the north/index2.jpeg', '/home/vikasjoshis001/Desktop/Gestures/images_to_train/king in the north/index4.jpeg'], ['/home/vikasjoshis001/Desktop/Gestures/images_to_train/fdsfg-2022-04-01 06:31:00.007557/fdsfg.3222a709-b157-11ec-ae44-cb6983774605.jpeg', '/home/vikasjoshis001/Desktop/Gestures/images_to_train/fdsfg-2022-04-01 06:31:00.007557/fdsfg.33671982-b157-11ec-ae44-cb6983774605.jpeg', '/home/vikasjoshis001/Desktop/Gestures/images_to_train/fdsfg-2022-04-01 06:31:00.007557/fdsfg.33671983-b157-11ec-ae44-cb6983774605.jpeg', '/home/vikasjoshis001/Desktop/Gestures/images_to_train/fdsfg-2022-04-01 06:31:00.007557/fdsfg.349ba318-b157-11ec-ae44-cb6983774605.jpeg', '/home/vikasjoshis001/Desktop/Gestures/images_to_train/fdsfg-2022-04-01 06:31:00.007557/fdsfg.3222a708-b157-11ec-ae44-cb6983774605.jpeg'], ['/home/vikasjoshis001/Desktop/Gestures/images_to_train/UIO-2022-04-01 06:08:24.896094/UIO.0a6d3245-b154-11ec-ae44-cb6983774605.jpeg', '/home/vikasjoshis001/Desktop/Gestures/images_to_train/UIO-2022-04-01 06:08:24.896094/UIO.0bbc7cb9-b154-11ec-ae44-cb6983774605.jpeg', '/home/vikasjoshis001/Desktop/Gestures/images_to_train/UIO-2022-04-01 06:08:24.896094/UIO.0bbc7cb8-b154-11ec-ae44-cb6983774605.jpeg', '/home/vikasjoshis001/Desktop/Gestures/images_to_train/UIO-2022-04-01 06:08:24.896094/UIO.0a6d3244-b154-11ec-ae44-cb6983774605.jpeg', '/home/vikasjoshis001/Desktop/Gestures/images_to_train/UIO-2022-04-01 06:08:24.896094/UIO.0cf136d2-b154-11ec-ae44-cb6983774605.jpeg'], ['/home/vikasjoshis001/Desktop/Gestures/images_to_train/arya stark/index.jpeg', '/home/vikasjoshis001/Desktop/Gestures/images_to_train/arya stark/index3.jpeg', '/home/vikasjoshis001/Desktop/Gestures/images_to_train/arya stark/index5.jpeg', '/home/vikasjoshis001/Desktop/Gestures/images_to_train/arya stark/index2.jpeg', '/home/vikasjoshis001/Desktop/Gestures/images_to_train/arya stark/images4.jpeg'], ['/home/vikasjoshis001/Desktop/Gestures/images_to_train/bgcnhgnvbngh-2022-04-01 06:34:02.139502/bgcnhgnvbngh.a134ebc4-b157-11ec-ae44-cb6983774605.jpeg', '/home/vikasjoshis001/Desktop/Gestures/images_to_train/bgcnhgnvbngh-2022-04-01 06:34:02.139502/bgcnhgnvbngh.9fff80f2-b157-11ec-ae44-cb6983774605.jpeg', '/home/vikasjoshis001/Desktop/Gestures/images_to_train/bgcnhgnvbngh-2022-04-01 06:34:02.139502/bgcnhgnvbngh.9eb230f1-b157-11ec-ae44-cb6983774605.jpeg', '/home/vikasjoshis001/Desktop/Gestures/images_to_train/bgcnhgnvbngh-2022-04-01 06:34:02.139502/bgcnhgnvbngh.9fff80f3-b157-11ec-ae44-cb6983774605.jpeg', '/home/vikasjoshis001/Desktop/Gestures/images_to_train/bgcnhgnvbngh-2022-04-01 06:34:02.139502/bgcnhgnvbngh.9eb230f0-b157-11ec-ae44-cb6983774605.jpeg']]
2022-04-01 06:34:55.521 INFO Train - trainImages: started loading images and finding their encodings
2022-04-01 06:34:55.522 INFO Train - trainImages: loading image
2022-04-01 06:34:55.540 DEBUG Train - trainImages: /home/vikasjoshis001/Desktop/Gestures/images_to_train/tyrion lannister/images5.jpeg
2022-04-01 06:34:55.540 INFO Train - trainImages: loading image done
2022-04-01 06:34:55.540 INFO Train - trainImages: finding the encoding of image
2022-04-01 06:34:55.671 INFO Train - trainImages: finding encoding of image is done
2022-04-01 06:34:55.671 INFO Train - trainImages: loading image
2022-04-01 06:34:55.671 DEBUG Train - trainImages: /home/vikasjoshis001/Desktop/Gestures/images_to_train/tyrion lannister/index3.jpeg
2022-04-01 06:34:55.671 INFO Train - trainImages: loading image done
2022-04-01 06:34:55.672 INFO Train - trainImages: finding the encoding of image
2022-04-01 06:34:55.747 INFO Train - trainImages: finding encoding of image is done
2022-04-01 06:34:55.748 INFO Train - trainImages: loading image
2022-04-01 06:34:55.748 DEBUG Train - trainImages: /home/vikasjoshis001/Desktop/Gestures/images_to_train/tyrion lannister/index1.jpeg
2022-04-01 06:34:55.748 INFO Train - trainImages: loading image done
2022-04-01 06:34:55.748 INFO Train - trainImages: finding the encoding of image
2022-04-01 06:34:55.846 INFO Train - trainImages: finding encoding of image is done
2022-04-01 06:34:55.846 INFO Train - trainImages: loading image
2022-04-01 06:34:55.847 DEBUG Train - trainImages: /home/vikasjoshis001/Desktop/Gestures/images_to_train/tyrion lannister/index2.jpeg
2022-04-01 06:34:55.847 INFO Train - trainImages: loading image done
2022-04-01 06:34:55.847 INFO Train - trainImages: finding the encoding of image
2022-04-01 06:34:55.935 INFO Train - trainImages: finding encoding of image is done
2022-04-01 06:34:55.935 INFO Train - trainImages: loading image
2022-04-01 06:34:55.936 DEBUG Train - trainImages: /home/vikasjoshis001/Desktop/Gestures/images_to_train/tyrion lannister/index4.jpeg
2022-04-01 06:34:55.936 INFO Train - trainImages: loading image done
2022-04-01 06:34:55.936 INFO Train - trainImages: finding the encoding of image
2022-04-01 06:34:56.004 INFO Train - trainImages: finding encoding of image is done
2022-04-01 06:34:56.004 INFO Train - trainImages: getting average of encodings of loaded images
2022-04-01 06:34:56.005 INFO Train - trainImages: done with getting average encodings
2022-04-01 06:34:56.005 INFO Train - trainImages: storing the name and encoding in local dictionary
2022-04-01 06:34:56.005 INFO Train - trainImages: stored name and encodes in local dictionary
2022-04-01 06:34:56.005 INFO Train - trainImages: storing the name and encodings in mongodb
2022-04-01 06:34:56.006 INFO Train - trainImages: stored all name and encodes in mongodb
2022-04-01 06:34:56.006 INFO Train - trainImages: started loading images and finding their encodings
2022-04-01 06:34:56.006 INFO Train - trainImages: loading image
2022-04-01 06:34:56.007 DEBUG Train - trainImages: /home/vikasjoshis001/Desktop/Gestures/images_to_train/denerys targeryan/index3.jpeg
2022-04-01 06:34:56.007 INFO Train - trainImages: loading image done
2022-04-01 06:34:56.007 INFO Train - trainImages: finding the encoding of image
2022-04-01 06:34:56.075 INFO Train - trainImages: finding encoding of image is done
2022-04-01 06:34:56.075 INFO Train - trainImages: loading image
2022-04-01 06:34:56.076 DEBUG Train - trainImages: /home/vikasjoshis001/Desktop/Gestures/images_to_train/denerys targeryan/index5.jpeg
2022-04-01 06:34:56.076 INFO Train - trainImages: loading image done
2022-04-01 06:34:56.076 INFO Train - trainImages: finding the encoding of image
2022-04-01 06:34:56.160 INFO Train - trainImages: finding encoding of image is done
2022-04-01 06:34:56.160 INFO Train - trainImages: loading image
2022-04-01 06:34:56.161 DEBUG Train - trainImages: /home/vikasjoshis001/Desktop/Gestures/images_to_train/denerys targeryan/index1.jpeg
2022-04-01 06:34:56.161 INFO Train - trainImages: loading image done
2022-04-01 06:34:56.161 INFO Train - trainImages: finding the encoding of image
2022-04-01 06:34:56.234 INFO Train - trainImages: finding encoding of image is done
2022-04-01 06:34:56.234 INFO Train - trainImages: loading image
2022-04-01 06:34:56.235 DEBUG Train - trainImages: /home/vikasjoshis001/Desktop/Gestures/images_to_train/denerys targeryan/index2.jpeg
2022-04-01 06:34:56.235 INFO Train - trainImages: loading image done
2022-04-01 06:34:56.235 INFO Train - trainImages: finding the encoding of image
2022-04-01 06:34:56.305 INFO Train - trainImages: finding encoding of image is done
2022-04-01 06:34:56.305 INFO Train - trainImages: loading image
2022-04-01 06:34:56.306 DEBUG Train - trainImages: /home/vikasjoshis001/Desktop/Gestures/images_to_train/denerys targeryan/index4.jpeg
2022-04-01 06:34:56.306 INFO Train - trainImages: loading image done
2022-04-01 06:34:56.306 INFO Train - trainImages: finding the encoding of image
2022-04-01 06:34:56.372 INFO Train - trainImages: finding encoding of image is done
2022-04-01 06:34:56.372 INFO Train - trainImages: getting average of encodings of loaded images
2022-04-01 06:34:56.373 INFO Train - trainImages: done with getting average encodings
2022-04-01 06:34:56.373 INFO Train - trainImages: storing the name and encoding in local dictionary
2022-04-01 06:34:56.373 INFO Train - trainImages: stored name and encodes in local dictionary
2022-04-01 06:34:56.373 INFO Train - trainImages: storing the name and encodings in mongodb
2022-04-01 06:34:56.373 INFO Train - trainImages: stored all name and encodes in mongodb
2022-04-01 06:34:56.373 INFO Train - trainImages: started loading images and finding their encodings
2022-04-01 06:34:56.373 INFO Train - trainImages: loading image
2022-04-01 06:34:56.374 DEBUG Train - trainImages: /home/vikasjoshis001/Desktop/Gestures/images_to_train/vfbgfhg-2022-04-01 06:34:43.835860/vfbgfhg.b78c50d8-b157-11ec-ae44-cb6983774605.jpeg
2022-04-01 06:34:56.374 INFO Train - trainImages: loading image done
2022-04-01 06:34:56.374 INFO Train - trainImages: finding the encoding of image
2022-04-01 06:34:56.454 INFO Train - trainImages: finding encoding of image is done
2022-04-01 06:34:56.454 INFO Train - trainImages: loading image
2022-04-01 06:34:56.455 DEBUG Train - trainImages: /home/vikasjoshis001/Desktop/Gestures/images_to_train/vfbgfhg-2022-04-01 06:34:43.835860/vfbgfhg.b8d4b701-b157-11ec-ae44-cb6983774605.jpeg
2022-04-01 06:34:56.455 INFO Train - trainImages: loading image done
2022-04-01 06:34:56.455 INFO Train - trainImages: finding the encoding of image
2022-04-01 06:34:56.555 INFO Train - trainImages: finding encoding of image is done
2022-04-01 06:34:56.555 INFO Train - trainImages: loading image
2022-04-01 06:34:56.556 DEBUG Train - trainImages: /home/vikasjoshis001/Desktop/Gestures/images_to_train/vfbgfhg-2022-04-01 06:34:43.835860/vfbgfhg.ba0b01b0-b157-11ec-ae44-cb6983774605.jpeg
2022-04-01 06:34:56.556 INFO Train - trainImages: loading image done
2022-04-01 06:34:56.556 INFO Train - trainImages: finding the encoding of image
2022-04-01 06:34:56.667 INFO Train - trainImages: finding encoding of image is done
2022-04-01 06:34:56.667 INFO Train - trainImages: loading image
2022-04-01 06:34:56.668 DEBUG Train - trainImages: /home/vikasjoshis001/Desktop/Gestures/images_to_train/vfbgfhg-2022-04-01 06:34:43.835860/vfbgfhg.b78c50d9-b157-11ec-ae44-cb6983774605.jpeg
2022-04-01 06:34:56.668 INFO Train - trainImages: loading image done
2022-04-01 06:34:56.668 INFO Train - trainImages: finding the encoding of image
2022-04-01 06:34:56.751 INFO Train - trainImages: finding encoding of image is done
2022-04-01 06:34:56.751 INFO Train - trainImages: loading image
2022-04-01 06:34:56.752 DEBUG Train - trainImages: /home/vikasjoshis001/Desktop/Gestures/images_to_train/vfbgfhg-2022-04-01 06:34:43.835860/vfbgfhg.b8d4b700-b157-11ec-ae44-cb6983774605.jpeg
2022-04-01 06:34:56.752 INFO Train - trainImages: loading image done
2022-04-01 06:34:56.752 INFO Train - trainImages: finding the encoding of image
2022-04-01 06:34:56.832 INFO Train - trainImages: finding encoding of image is done
2022-04-01 06:34:56.832 INFO Train - trainImages: getting average of encodings of loaded images
2022-04-01 06:34:56.832 INFO Train - trainImages: done with getting average encodings
2022-04-01 06:34:56.832 INFO Train - trainImages: storing the name and encoding in local dictionary
2022-04-01 06:34:56.832 INFO Train - trainImages: stored name and encodes in local dictionary
2022-04-01 06:34:56.833 INFO Train - trainImages: storing the name and encodings in mongodb
2022-04-01 06:34:56.833 INFO Train - trainImages: stored all name and encodes in mongodb
2022-04-01 06:34:56.833 INFO Train - trainImages: started loading images and finding their encodings
2022-04-01 06:34:56.833 INFO Train - trainImages: loading image
2022-04-01 06:34:56.834 DEBUG Train - trainImages: /home/vikasjoshis001/Desktop/Gestures/images_to_train/Hello-2022-04-01 06:06:43.242173/Hello.cdd62f53-b153-11ec-ae44-cb6983774605.jpeg
2022-04-01 06:34:56.834 INFO Train - trainImages: loading image done
2022-04-01 06:34:56.834 INFO Train - trainImages: finding the encoding of image
2022-04-01 06:34:56.915 INFO Train - trainImages: finding encoding of image is done
2022-04-01 06:34:56.915 INFO Train - trainImages: loading image
2022-04-01 06:34:56.916 DEBUG Train - trainImages: /home/vikasjoshis001/Desktop/Gestures/images_to_train/Hello-2022-04-01 06:06:43.242173/Hello.cf21c952-b153-11ec-ae44-cb6983774605.jpeg
2022-04-01 06:34:56.916 INFO Train - trainImages: loading image done
2022-04-01 06:34:56.916 INFO Train - trainImages: finding the encoding of image
2022-04-01 06:34:56.996 INFO Train - trainImages: finding encoding of image is done
2022-04-01 06:34:56.996 INFO Train - trainImages: loading image
2022-04-01 06:34:56.997 DEBUG Train - trainImages: /home/vikasjoshis001/Desktop/Gestures/images_to_train/Hello-2022-04-01 06:06:43.242173/Hello.d0570634-b153-11ec-ae44-cb6983774605.jpeg
2022-04-01 06:34:56.997 INFO Train - trainImages: loading image done
2022-04-01 06:34:56.997 INFO Train - trainImages: finding the encoding of image
2022-04-01 06:34:57.080 INFO Train - trainImages: finding encoding of image is done
2022-04-01 06:34:57.080 INFO Train - trainImages: loading image
2022-04-01 06:34:57.082 DEBUG Train - trainImages: /home/vikasjoshis001/Desktop/Gestures/images_to_train/Hello-2022-04-01 06:06:43.242173/Hello.cdd62f52-b153-11ec-ae44-cb6983774605.jpeg
2022-04-01 06:34:57.082 INFO Train - trainImages: loading image done
2022-04-01 06:34:57.082 INFO Train - trainImages: finding the encoding of image
2022-04-01 06:34:57.162 INFO Train - trainImages: finding encoding of image is done
2022-04-01 06:34:57.162 INFO Train - trainImages: loading image
2022-04-01 06:34:57.163 DEBUG Train - trainImages: /home/vikasjoshis001/Desktop/Gestures/images_to_train/Hello-2022-04-01 06:06:43.242173/Hello.cf21c953-b153-11ec-ae44-cb6983774605.jpeg
2022-04-01 06:34:57.163 INFO Train - trainImages: loading image done
2022-04-01 06:34:57.163 INFO Train - trainImages: finding the encoding of image
2022-04-01 06:34:57.244 INFO Train - trainImages: finding encoding of image is done
2022-04-01 06:34:57.244 INFO Train - trainImages: getting average of encodings of loaded images
2022-04-01 06:34:57.244 INFO Train - trainImages: done with getting average encodings
2022-04-01 06:34:57.244 INFO Train - trainImages: storing the name and encoding in local dictionary
2022-04-01 06:34:57.244 INFO Train - trainImages: stored name and encodes in local dictionary
2022-04-01 06:34:57.244 INFO Train - trainImages: storing the name and encodings in mongodb
2022-04-01 06:34:57.245 INFO Train - trainImages: stored all name and encodes in mongodb
2022-04-01 06:34:57.245 INFO Train - trainImages: started loading images and finding their encodings
2022-04-01 06:34:57.245 INFO Train - trainImages: loading image
2022-04-01 06:34:57.246 DEBUG Train - trainImages: /home/vikasjoshis001/Desktop/Gestures/images_to_train/fedsgfvdhg-2022-04-01 06:29:54.369493/fedsgfvdhg.0c47a2ae-b157-11ec-ae44-cb6983774605.jpeg
2022-04-01 06:34:57.246 INFO Train - trainImages: loading image done
2022-04-01 06:34:57.246 INFO Train - trainImages: finding the encoding of image
2022-04-01 06:34:57.328 INFO Train - trainImages: finding encoding of image is done
2022-04-01 06:34:57.328 INFO Train - trainImages: loading image
2022-04-01 06:34:57.329 DEBUG Train - trainImages: /home/vikasjoshis001/Desktop/Gestures/images_to_train/fedsgfvdhg-2022-04-01 06:29:54.369493/fedsgfvdhg.0c47a2af-b157-11ec-ae44-cb6983774605.jpeg
2022-04-01 06:34:57.329 INFO Train - trainImages: loading image done
2022-04-01 06:34:57.329 INFO Train - trainImages: finding the encoding of image
2022-04-01 06:34:57.409 INFO Train - trainImages: finding encoding of image is done
2022-04-01 06:34:57.410 INFO Train - trainImages: loading image
2022-04-01 06:34:57.410 DEBUG Train - trainImages: /home/vikasjoshis001/Desktop/Gestures/images_to_train/fedsgfvdhg-2022-04-01 06:29:54.369493/fedsgfvdhg.0b0382a1-b157-11ec-ae44-cb6983774605.jpeg
2022-04-01 06:34:57.411 INFO Train - trainImages: loading image done
2022-04-01 06:34:57.411 INFO Train - trainImages: finding the encoding of image
2022-04-01 06:34:57.491 INFO Train - trainImages: finding encoding of image is done
2022-04-01 06:34:57.491 INFO Train - trainImages: loading image
2022-04-01 06:34:57.492 DEBUG Train - trainImages: /home/vikasjoshis001/Desktop/Gestures/images_to_train/fedsgfvdhg-2022-04-01 06:29:54.369493/fedsgfvdhg.0b0382a0-b157-11ec-ae44-cb6983774605.jpeg
2022-04-01 06:34:57.492 INFO Train - trainImages: loading image done
2022-04-01 06:34:57.492 INFO Train - trainImages: finding the encoding of image
2022-04-01 06:34:57.573 INFO Train - trainImages: finding encoding of image is done
2022-04-01 06:34:57.573 INFO Train - trainImages: loading image
2022-04-01 06:34:57.574 DEBUG Train - trainImages: /home/vikasjoshis001/Desktop/Gestures/images_to_train/fedsgfvdhg-2022-04-01 06:29:54.369493/fedsgfvdhg.0d7c29f6-b157-11ec-ae44-cb6983774605.jpeg
2022-04-01 06:34:57.574 INFO Train - trainImages: loading image done
2022-04-01 06:34:57.574 INFO Train - trainImages: finding the encoding of image
2022-04-01 06:34:57.655 INFO Train - trainImages: finding encoding of image is done
2022-04-01 06:34:57.655 INFO Train - trainImages: getting average of encodings of loaded images
2022-04-01 06:34:57.655 INFO Train - trainImages: done with getting average encodings
2022-04-01 06:34:57.655 INFO Train - trainImages: storing the name and encoding in local dictionary
2022-04-01 06:34:57.655 INFO Train - trainImages: stored name and encodes in local dictionary
2022-04-01 06:34:57.655 INFO Train - trainImages: storing the name and encodings in mongodb
2022-04-01 06:34:57.656 INFO Train - trainImages: stored all name and encodes in mongodb
2022-04-01 06:34:57.656 INFO Train - trainImages: started loading images and finding their encodings
2022-04-01 06:34:57.656 INFO Train - trainImages: loading image
2022-04-01 06:34:57.657 DEBUG Train - trainImages: /home/vikasjoshis001/Desktop/Gestures/images_to_train/Vikasafd-2022-04-01 06:18:02.414298/Vikasafd.63ec76ee-b155-11ec-ae44-cb6983774605.jpeg
2022-04-01 06:34:57.657 INFO Train - trainImages: loading image done
2022-04-01 06:34:57.657 INFO Train - trainImages: finding the encoding of image
2022-04-01 06:34:57.739 INFO Train - trainImages: finding encoding of image is done
2022-04-01 06:34:57.739 INFO Train - trainImages: loading image
2022-04-01 06:34:57.740 DEBUG Train - trainImages: /home/vikasjoshis001/Desktop/Gestures/images_to_train/Vikasafd-2022-04-01 06:18:02.414298/Vikasafd.6520d1ae-b155-11ec-ae44-cb6983774605.jpeg
2022-04-01 06:34:57.740 INFO Train - trainImages: loading image done
2022-04-01 06:34:57.740 INFO Train - trainImages: finding the encoding of image
2022-04-01 06:34:57.820 INFO Train - trainImages: finding encoding of image is done
2022-04-01 06:34:57.820 INFO Train - trainImages: loading image
2022-04-01 06:34:57.821 DEBUG Train - trainImages: /home/vikasjoshis001/Desktop/Gestures/images_to_train/Vikasafd-2022-04-01 06:18:02.414298/Vikasafd.62a72799-b155-11ec-ae44-cb6983774605.jpeg
2022-04-01 06:34:57.821 INFO Train - trainImages: loading image done
2022-04-01 06:34:57.821 INFO Train - trainImages: finding the encoding of image
2022-04-01 06:34:57.902 INFO Train - trainImages: finding encoding of image is done
2022-04-01 06:34:57.902 INFO Train - trainImages: loading image
2022-04-01 06:34:57.903 DEBUG Train - trainImages: /home/vikasjoshis001/Desktop/Gestures/images_to_train/Vikasafd-2022-04-01 06:18:02.414298/Vikasafd.63ec76ef-b155-11ec-ae44-cb6983774605.jpeg
2022-04-01 06:34:57.903 INFO Train - trainImages: loading image done
2022-04-01 06:34:57.903 INFO Train - trainImages: finding the encoding of image
2022-04-01 06:34:57.983 INFO Train - trainImages: finding encoding of image is done
2022-04-01 06:34:57.983 INFO Train - trainImages: loading image
2022-04-01 06:34:57.984 DEBUG Train - trainImages: /home/vikasjoshis001/Desktop/Gestures/images_to_train/Vikasafd-2022-04-01 06:18:02.414298/Vikasafd.62a72798-b155-11ec-ae44-cb6983774605.jpeg
2022-04-01 06:34:57.984 INFO Train - trainImages: loading image done
2022-04-01 06:34:57.984 INFO Train - trainImages: finding the encoding of image
2022-04-01 06:34:58.064 INFO Train - trainImages: finding encoding of image is done
2022-04-01 06:34:58.064 INFO Train - trainImages: getting average of encodings of loaded images
2022-04-01 06:34:58.065 INFO Train - trainImages: done with getting average encodings
2022-04-01 06:34:58.065 INFO Train - trainImages: storing the name and encoding in local dictionary
2022-04-01 06:34:58.065 INFO Train - trainImages: stored name and encodes in local dictionary
2022-04-01 06:34:58.065 INFO Train - trainImages: storing the name and encodings in mongodb
2022-04-01 06:34:58.066 INFO Train - trainImages: stored all name and encodes in mongodb
2022-04-01 06:34:58.066 INFO Train - trainImages: started loading images and finding their encodings
2022-04-01 06:34:58.066 INFO Train - trainImages: loading image
2022-04-01 06:34:58.066 DEBUG Train - trainImages: /home/vikasjoshis001/Desktop/Gestures/images_to_train/cersie lannister/index3.jpeg
2022-04-01 06:34:58.067 INFO Train - trainImages: loading image done
2022-04-01 06:34:58.067 INFO Train - trainImages: finding the encoding of image
2022-04-01 06:34:58.134 INFO Train - trainImages: finding encoding of image is done
2022-04-01 06:34:58.134 INFO Train - trainImages: loading image
2022-04-01 06:34:58.135 DEBUG Train - trainImages: /home/vikasjoshis001/Desktop/Gestures/images_to_train/cersie lannister/index5.jpeg
2022-04-01 06:34:58.135 INFO Train - trainImages: loading image done
2022-04-01 06:34:58.135 INFO Train - trainImages: finding the encoding of image
2022-04-01 06:34:58.202 INFO Train - trainImages: finding encoding of image is done
2022-04-01 06:34:58.203 INFO Train - trainImages: loading image
2022-04-01 06:34:58.203 DEBUG Train - trainImages: /home/vikasjoshis001/Desktop/Gestures/images_to_train/cersie lannister/index2.jpeg
2022-04-01 06:34:58.203 INFO Train - trainImages: loading image done
2022-04-01 06:34:58.203 INFO Train - trainImages: finding the encoding of image
2022-04-01 06:34:58.271 INFO Train - trainImages: finding encoding of image is done
2022-04-01 06:34:58.272 INFO Train - trainImages: loading image
2022-04-01 06:34:58.272 DEBUG Train - trainImages: /home/vikasjoshis001/Desktop/Gestures/images_to_train/cersie lannister/index4.jpeg
2022-04-01 06:34:58.272 INFO Train - trainImages: loading image done
2022-04-01 06:34:58.272 INFO Train - trainImages: finding the encoding of image
2022-04-01 06:34:58.340 INFO Train - trainImages: finding encoding of image is done
2022-04-01 06:34:58.340 INFO Train - trainImages: getting average of encodings of loaded images
2022-04-01 06:34:58.340 INFO Train - trainImages: done with getting average encodings
2022-04-01 06:34:58.340 INFO Train - trainImages: storing the name and encoding in local dictionary
2022-04-01 06:34:58.340 INFO Train - trainImages: stored name and encodes in local dictionary
2022-04-01 06:34:58.340 INFO Train - trainImages: storing the name and encodings in mongodb
2022-04-01 06:34:58.341 INFO Train - trainImages: stored all name and encodes in mongodb
2022-04-01 06:34:58.341 INFO Train - trainImages: started loading images and finding their encodings
2022-04-01 06:34:58.341 INFO Train - trainImages: loading image
2022-04-01 06:34:58.343 DEBUG Train - trainImages: /home/vikasjoshis001/Desktop/Gestures/images_to_train/Vikas-2022-03-31 13:17:26.260103/Vikas.d18bc824-b0c6-11ec-95c9-353773ec36e1.jpeg
2022-04-01 06:34:58.344 INFO Train - trainImages: loading image done
2022-04-01 06:34:58.344 INFO Train - trainImages: finding the encoding of image
2022-04-01 06:34:58.526 INFO Train - trainImages: finding encoding of image is done
2022-04-01 06:34:58.526 INFO Train - trainImages: loading image
2022-04-01 06:34:58.529 DEBUG Train - trainImages: /home/vikasjoshis001/Desktop/Gestures/images_to_train/Vikas-2022-03-31 13:17:26.260103/Vikas.d056c17b-b0c6-11ec-95c9-353773ec36e1.jpeg
2022-04-01 06:34:58.529 INFO Train - trainImages: loading image done
2022-04-01 06:34:58.529 INFO Train - trainImages: finding the encoding of image
2022-04-01 06:34:58.711 INFO Train - trainImages: finding encoding of image is done
2022-04-01 06:34:58.711 INFO Train - trainImages: loading image
2022-04-01 06:34:58.713 DEBUG Train - trainImages: /home/vikasjoshis001/Desktop/Gestures/images_to_train/Vikas-2022-03-31 13:17:26.260103/Vikas.cf0c4b78-b0c6-11ec-95c9-353773ec36e1.jpeg
2022-04-01 06:34:58.714 INFO Train - trainImages: loading image done
2022-04-01 06:34:58.714 INFO Train - trainImages: finding the encoding of image
2022-04-01 06:34:58.896 INFO Train - trainImages: finding encoding of image is done
2022-04-01 06:34:58.897 INFO Train - trainImages: loading image
2022-04-01 06:34:58.899 DEBUG Train - trainImages: /home/vikasjoshis001/Desktop/Gestures/images_to_train/Vikas-2022-03-31 13:17:26.260103/Vikas.cf0c4b79-b0c6-11ec-95c9-353773ec36e1.jpeg
2022-04-01 06:34:58.899 INFO Train - trainImages: loading image done
2022-04-01 06:34:58.899 INFO Train - trainImages: finding the encoding of image
2022-04-01 06:34:59.081 INFO Train - trainImages: finding encoding of image is done
2022-04-01 06:34:59.081 INFO Train - trainImages: loading image
2022-04-01 06:34:59.084 DEBUG Train - trainImages: /home/vikasjoshis001/Desktop/Gestures/images_to_train/Vikas-2022-03-31 13:17:26.260103/Vikas.d056c17a-b0c6-11ec-95c9-353773ec36e1.jpeg
2022-04-01 06:34:59.084 INFO Train - trainImages: loading image done
2022-04-01 06:34:59.084 INFO Train - trainImages: finding the encoding of image
2022-04-01 06:34:59.265 INFO Train - trainImages: finding encoding of image is done
2022-04-01 06:34:59.265 INFO Train - trainImages: getting average of encodings of loaded images
2022-04-01 06:34:59.266 INFO Train - trainImages: done with getting average encodings
2022-04-01 06:34:59.266 INFO Train - trainImages: storing the name and encoding in local dictionary
2022-04-01 06:34:59.266 INFO Train - trainImages: stored name and encodes in local dictionary
2022-04-01 06:34:59.266 INFO Train - trainImages: storing the name and encodings in mongodb
2022-04-01 06:34:59.267 INFO Train - trainImages: stored all name and encodes in mongodb
2022-04-01 06:34:59.267 INFO Train - trainImages: started loading images and finding their encodings
2022-04-01 06:34:59.267 INFO Train - trainImages: loading image
2022-04-01 06:34:59.267 DEBUG Train - trainImages: /home/vikasjoshis001/Desktop/Gestures/images_to_train/king in the north/index.jpeg
2022-04-01 06:34:59.267 INFO Train - trainImages: loading image done
2022-04-01 06:34:59.267 INFO Train - trainImages: finding the encoding of image
2022-04-01 06:34:59.339 INFO Train - trainImages: finding encoding of image is done
2022-04-01 06:34:59.339 INFO Train - trainImages: loading image
2022-04-01 06:34:59.340 DEBUG Train - trainImages: /home/vikasjoshis001/Desktop/Gestures/images_to_train/king in the north/index3.jpeg
2022-04-01 06:34:59.340 INFO Train - trainImages: loading image done
2022-04-01 06:34:59.340 INFO Train - trainImages: finding the encoding of image
2022-04-01 06:34:59.409 INFO Train - trainImages: finding encoding of image is done
2022-04-01 06:34:59.409 INFO Train - trainImages: loading image
2022-04-01 06:34:59.410 DEBUG Train - trainImages: /home/vikasjoshis001/Desktop/Gestures/images_to_train/king in the north/index5.jpeg
2022-04-01 06:34:59.410 INFO Train - trainImages: loading image done
2022-04-01 06:34:59.410 INFO Train - trainImages: finding the encoding of image
2022-04-01 06:34:59.478 INFO Train - trainImages: finding encoding of image is done
2022-04-01 06:34:59.478 INFO Train - trainImages: loading image
2022-04-01 06:34:59.479 DEBUG Train - trainImages: /home/vikasjoshis001/Desktop/Gestures/images_to_train/king in the north/index2.jpeg
2022-04-01 06:34:59.479 INFO Train - trainImages: loading image done
2022-04-01 06:34:59.479 INFO Train - trainImages: finding the encoding of image
2022-04-01 06:34:59.547 INFO Train - trainImages: finding encoding of image is done
2022-04-01 06:34:59.547 INFO Train - trainImages: loading image
2022-04-01 06:34:59.548 DEBUG Train - trainImages: /home/vikasjoshis001/Desktop/Gestures/images_to_train/king in the north/index4.jpeg
2022-04-01 06:34:59.548 INFO Train - trainImages: loading image done
2022-04-01 06:34:59.548 INFO Train - trainImages: finding the encoding of image
2022-04-01 06:34:59.618 INFO Train - trainImages: finding encoding of image is done
2022-04-01 06:34:59.619 INFO Train - trainImages: getting average of encodings of loaded images
2022-04-01 06:34:59.619 INFO Train - trainImages: done with getting average encodings
2022-04-01 06:34:59.619 INFO Train - trainImages: storing the name and encoding in local dictionary
2022-04-01 06:34:59.619 INFO Train - trainImages: stored name and encodes in local dictionary
2022-04-01 06:34:59.619 INFO Train - trainImages: storing the name and encodings in mongodb
2022-04-01 06:34:59.620 INFO Train - trainImages: stored all name and encodes in mongodb
2022-04-01 06:34:59.620 INFO Train - trainImages: started loading images and finding their encodings
2022-04-01 06:34:59.620 INFO Train - trainImages: loading image
2022-04-01 06:34:59.621 DEBUG Train - trainImages: /home/vikasjoshis001/Desktop/Gestures/images_to_train/fdsfg-2022-04-01 06:31:00.007557/fdsfg.3222a709-b157-11ec-ae44-cb6983774605.jpeg
2022-04-01 06:34:59.621 INFO Train - trainImages: loading image done
2022-04-01 06:34:59.621 INFO Train - trainImages: finding the encoding of image
2022-04-01 06:34:59.702 INFO Train - trainImages: finding encoding of image is done
2022-04-01 06:34:59.702 INFO Train - trainImages: loading image
2022-04-01 06:34:59.703 DEBUG Train - trainImages: /home/vikasjoshis001/Desktop/Gestures/images_to_train/fdsfg-2022-04-01 06:31:00.007557/fdsfg.33671982-b157-11ec-ae44-cb6983774605.jpeg
2022-04-01 06:34:59.703 INFO Train - trainImages: loading image done
2022-04-01 06:34:59.703 INFO Train - trainImages: finding the encoding of image
2022-04-01 06:34:59.783 INFO Train - trainImages: finding encoding of image is done
2022-04-01 06:34:59.784 INFO Train - trainImages: loading image
2022-04-01 06:34:59.784 DEBUG Train - trainImages: /home/vikasjoshis001/Desktop/Gestures/images_to_train/fdsfg-2022-04-01 06:31:00.007557/fdsfg.33671983-b157-11ec-ae44-cb6983774605.jpeg
2022-04-01 06:34:59.785 INFO Train - trainImages: loading image done
2022-04-01 06:34:59.785 INFO Train - trainImages: finding the encoding of image
2022-04-01 06:34:59.865 INFO Train - trainImages: finding encoding of image is done
2022-04-01 06:34:59.865 INFO Train - trainImages: loading image
2022-04-01 06:34:59.866 DEBUG Train - trainImages: /home/vikasjoshis001/Desktop/Gestures/images_to_train/fdsfg-2022-04-01 06:31:00.007557/fdsfg.349ba318-b157-11ec-ae44-cb6983774605.jpeg
2022-04-01 06:34:59.866 INFO Train - trainImages: loading image done
2022-04-01 06:34:59.866 INFO Train - trainImages: finding the encoding of image
2022-04-01 06:34:59.947 INFO Train - trainImages: finding encoding of image is done
2022-04-01 06:34:59.947 INFO Train - trainImages: loading image
2022-04-01 06:34:59.948 DEBUG Train - trainImages: /home/vikasjoshis001/Desktop/Gestures/images_to_train/fdsfg-2022-04-01 06:31:00.007557/fdsfg.3222a708-b157-11ec-ae44-cb6983774605.jpeg
2022-04-01 06:34:59.948 INFO Train - trainImages: loading image done
2022-04-01 06:34:59.948 INFO Train - trainImages: finding the encoding of image
2022-04-01 06:35:00.029 INFO Train - trainImages: finding encoding of image is done
2022-04-01 06:35:00.030 INFO Train - trainImages: getting average of encodings of loaded images
2022-04-01 06:35:00.030 INFO Train - trainImages: done with getting average encodings
2022-04-01 06:35:00.030 INFO Train - trainImages: storing the name and encoding in local dictionary
2022-04-01 06:35:00.030 INFO Train - trainImages: stored name and encodes in local dictionary
2022-04-01 06:35:00.030 INFO Train - trainImages: storing the name and encodings in mongodb
2022-04-01 06:35:00.031 INFO Train - trainImages: stored all name and encodes in mongodb
2022-04-01 06:35:00.031 INFO Train - trainImages: started loading images and finding their encodings
2022-04-01 06:35:00.031 INFO Train - trainImages: loading image
2022-04-01 06:35:00.032 DEBUG Train - trainImages: /home/vikasjoshis001/Desktop/Gestures/images_to_train/UIO-2022-04-01 06:08:24.896094/UIO.0a6d3245-b154-11ec-ae44-cb6983774605.jpeg
2022-04-01 06:35:00.032 INFO Train - trainImages: loading image done
2022-04-01 06:35:00.032 INFO Train - trainImages: finding the encoding of image
2022-04-01 06:35:00.115 INFO Train - trainImages: finding encoding of image is done
2022-04-01 06:35:00.115 INFO Train - trainImages: loading image
2022-04-01 06:35:00.116 DEBUG Train - trainImages: /home/vikasjoshis001/Desktop/Gestures/images_to_train/UIO-2022-04-01 06:08:24.896094/UIO.0bbc7cb9-b154-11ec-ae44-cb6983774605.jpeg
2022-04-01 06:35:00.116 INFO Train - trainImages: loading image done
2022-04-01 06:35:00.116 INFO Train - trainImages: finding the encoding of image
2022-04-01 06:35:00.196 INFO Train - trainImages: finding encoding of image is done
2022-04-01 06:35:00.197 INFO Train - trainImages: loading image
2022-04-01 06:35:00.198 DEBUG Train - trainImages: /home/vikasjoshis001/Desktop/Gestures/images_to_train/UIO-2022-04-01 06:08:24.896094/UIO.0bbc7cb8-b154-11ec-ae44-cb6983774605.jpeg
2022-04-01 06:35:00.198 INFO Train - trainImages: loading image done
2022-04-01 06:35:00.198 INFO Train - trainImages: finding the encoding of image
2022-04-01 06:35:00.278 INFO Train - trainImages: finding encoding of image is done
2022-04-01 06:35:00.279 INFO Train - trainImages: loading image
2022-04-01 06:35:00.280 DEBUG Train - trainImages: /home/vikasjoshis001/Desktop/Gestures/images_to_train/UIO-2022-04-01 06:08:24.896094/UIO.0a6d3244-b154-11ec-ae44-cb6983774605.jpeg
2022-04-01 06:35:00.280 INFO Train - trainImages: loading image done
2022-04-01 06:35:00.280 INFO Train - trainImages: finding the encoding of image
2022-04-01 06:35:00.362 INFO Train - trainImages: finding encoding of image is done
2022-04-01 06:35:00.362 INFO Train - trainImages: loading image
2022-04-01 06:35:00.363 DEBUG Train - trainImages: /home/vikasjoshis001/Desktop/Gestures/images_to_train/UIO-2022-04-01 06:08:24.896094/UIO.0cf136d2-b154-11ec-ae44-cb6983774605.jpeg
2022-04-01 06:35:00.363 INFO Train - trainImages: loading image done
2022-04-01 06:35:00.363 INFO Train - trainImages: finding the encoding of image
2022-04-01 06:35:00.444 INFO Train - trainImages: finding encoding of image is done
2022-04-01 06:35:00.444 INFO Train - trainImages: getting average of encodings of loaded images
2022-04-01 06:35:00.444 INFO Train - trainImages: done with getting average encodings
2022-04-01 06:35:00.444 INFO Train - trainImages: storing the name and encoding in local dictionary
2022-04-01 06:35:00.444 INFO Train - trainImages: stored name and encodes in local dictionary
2022-04-01 06:35:00.444 INFO Train - trainImages: storing the name and encodings in mongodb
2022-04-01 06:35:00.445 INFO Train - trainImages: stored all name and encodes in mongodb
2022-04-01 06:35:00.445 INFO Train - trainImages: started loading images and finding their encodings
2022-04-01 06:35:00.445 INFO Train - trainImages: loading image
2022-04-01 06:35:00.446 DEBUG Train - trainImages: /home/vikasjoshis001/Desktop/Gestures/images_to_train/arya stark/index.jpeg
2022-04-01 06:35:00.446 INFO Train - trainImages: loading image done
2022-04-01 06:35:00.446 INFO Train - trainImages: finding the encoding of image
2022-04-01 06:35:00.520 INFO Train - trainImages: finding encoding of image is done
2022-04-01 06:35:00.520 INFO Train - trainImages: loading image
2022-04-01 06:35:00.521 DEBUG Train - trainImages: /home/vikasjoshis001/Desktop/Gestures/images_to_train/arya stark/index3.jpeg
2022-04-01 06:35:00.521 INFO Train - trainImages: loading image done
2022-04-01 06:35:00.521 INFO Train - trainImages: finding the encoding of image
2022-04-01 06:35:00.589 INFO Train - trainImages: finding encoding of image is done
2022-04-01 06:35:00.589 INFO Train - trainImages: loading image
2022-04-01 06:35:00.589 DEBUG Train - trainImages: /home/vikasjoshis001/Desktop/Gestures/images_to_train/arya stark/index5.jpeg
2022-04-01 06:35:00.589 INFO Train - trainImages: loading image done
2022-04-01 06:35:00.589 INFO Train - trainImages: finding the encoding of image
2022-04-01 06:35:00.659 INFO Train - trainImages: finding encoding of image is done
2022-04-01 06:35:00.660 INFO Train - trainImages: loading image
2022-04-01 06:35:00.660 DEBUG Train - trainImages: /home/vikasjoshis001/Desktop/Gestures/images_to_train/arya stark/index2.jpeg
2022-04-01 06:35:00.660 INFO Train - trainImages: loading image done
2022-04-01 06:35:00.660 INFO Train - trainImages: finding the encoding of image
2022-04-01 06:35:00.729 INFO Train - trainImages: finding encoding of image is done
2022-04-01 06:35:00.729 INFO Train - trainImages: loading image
2022-04-01 06:35:00.730 DEBUG Train - trainImages: /home/vikasjoshis001/Desktop/Gestures/images_to_train/arya stark/images4.jpeg
2022-04-01 06:35:00.730 INFO Train - trainImages: loading image done
2022-04-01 06:35:00.730 INFO Train - trainImages: finding the encoding of image
2022-04-01 06:35:00.798 INFO Train - trainImages: finding encoding of image is done
2022-04-01 06:35:00.798 INFO Train - trainImages: getting average of encodings of loaded images
2022-04-01 06:35:00.798 INFO Train - trainImages: done with getting average encodings
2022-04-01 06:35:00.798 INFO Train - trainImages: storing the name and encoding in local dictionary
2022-04-01 06:35:00.798 INFO Train - trainImages: stored name and encodes in local dictionary
2022-04-01 06:35:00.798 INFO Train - trainImages: storing the name and encodings in mongodb
2022-04-01 06:35:00.799 INFO Train - trainImages: stored all name and encodes in mongodb
2022-04-01 06:35:00.799 INFO Train - trainImages: started loading images and finding their encodings
2022-04-01 06:35:00.799 INFO Train - trainImages: loading image
2022-04-01 06:35:00.800 DEBUG Train - trainImages: /home/vikasjoshis001/Desktop/Gestures/images_to_train/bgcnhgnvbngh-2022-04-01 06:34:02.139502/bgcnhgnvbngh.a134ebc4-b157-11ec-ae44-cb6983774605.jpeg
2022-04-01 06:35:00.800 INFO Train - trainImages: loading image done
2022-04-01 06:35:00.800 INFO Train - trainImages: finding the encoding of image
2022-04-01 06:35:00.883 INFO Train - trainImages: finding encoding of image is done
2022-04-01 06:35:00.883 INFO Train - trainImages: loading image
2022-04-01 06:35:00.884 DEBUG Train - trainImages: /home/vikasjoshis001/Desktop/Gestures/images_to_train/bgcnhgnvbngh-2022-04-01 06:34:02.139502/bgcnhgnvbngh.9fff80f2-b157-11ec-ae44-cb6983774605.jpeg
2022-04-01 06:35:00.884 INFO Train - trainImages: loading image done
2022-04-01 06:35:00.884 INFO Train - trainImages: finding the encoding of image
2022-04-01 06:35:00.964 INFO Train - trainImages: finding encoding of image is done
2022-04-01 06:35:00.965 INFO Train - trainImages: loading image
2022-04-01 06:35:00.966 DEBUG Train - trainImages: /home/vikasjoshis001/Desktop/Gestures/images_to_train/bgcnhgnvbngh-2022-04-01 06:34:02.139502/bgcnhgnvbngh.9eb230f1-b157-11ec-ae44-cb6983774605.jpeg
2022-04-01 06:35:00.966 INFO Train - trainImages: loading image done
2022-04-01 06:35:00.966 INFO Train - trainImages: finding the encoding of image
2022-04-01 06:35:01.046 INFO Train - trainImages: finding encoding of image is done
2022-04-01 06:35:01.046 INFO Train - trainImages: loading image
2022-04-01 06:35:01.047 DEBUG Train - trainImages: /home/vikasjoshis001/Desktop/Gestures/images_to_train/bgcnhgnvbngh-2022-04-01 06:34:02.139502/bgcnhgnvbngh.9fff80f3-b157-11ec-ae44-cb6983774605.jpeg
2022-04-01 06:35:01.047 INFO Train - trainImages: loading image done
2022-04-01 06:35:01.047 INFO Train - trainImages: finding the encoding of image
2022-04-01 06:35:01.128 INFO Train - trainImages: finding encoding of image is done
2022-04-01 06:35:01.128 INFO Train - trainImages: loading image
2022-04-01 06:35:01.129 DEBUG Train - trainImages: /home/vikasjoshis001/Desktop/Gestures/images_to_train/bgcnhgnvbngh-2022-04-01 06:34:02.139502/bgcnhgnvbngh.9eb230f0-b157-11ec-ae44-cb6983774605.jpeg
2022-04-01 06:35:01.129 INFO Train - trainImages: loading image done
2022-04-01 06:35:01.129 INFO Train - trainImages: finding the encoding of image
2022-04-01 06:35:01.210 INFO Train - trainImages: finding encoding of image is done
2022-04-01 06:35:01.211 INFO Train - trainImages: getting average of encodings of loaded images
2022-04-01 06:35:01.211 INFO Train - trainImages: done with getting average encodings
2022-04-01 06:35:01.211 INFO Train - trainImages: storing the name and encoding in local dictionary
2022-04-01 06:35:01.211 INFO Train - trainImages: stored name and encodes in local dictionary
2022-04-01 06:35:01.211 INFO Train - trainImages: storing the name and encodings in mongodb
2022-04-01 06:35:01.212 INFO Train - trainImages: stored all name and encodes in mongodb
