2022-03-31 12:16:53.867 INFO Train - trainImages: MongoDB database connected successfully
2022-03-31 12:16:53.868 INFO Train - trainImages: collected all folders in known_people folder
2022-03-31 12:16:53.868 DEBUG Train - trainImages: ['tyrion lannister', 'Shubham-2022-03-31 12:14:08.769566', 'denerys targeryan', 'cersie lannister', 'king in the north', 'arya stark', 'Sad-2022-03-31 12:16:52.952750', 'Vikas-2022-03-12 15:33:49.979215']
2022-03-31 12:16:53.869 INFO Train - trainImages: collected all images from all folders in known_people folder
2022-03-31 12:16:53.869 DEBUG Train - trainImages: [['/home/vikasjoshis001/Desktop/Gestures/images_to_train/tyrion lannister/images5.jpeg', '/home/vikasjoshis001/Desktop/Gestures/images_to_train/tyrion lannister/index3.jpeg', '/home/vikasjoshis001/Desktop/Gestures/images_to_train/tyrion lannister/index1.jpeg', '/home/vikasjoshis001/Desktop/Gestures/images_to_train/tyrion lannister/index2.jpeg', '/home/vikasjoshis001/Desktop/Gestures/images_to_train/tyrion lannister/index4.jpeg'], ['/home/vikasjoshis001/Desktop/Gestures/images_to_train/Shubham-2022-03-31 12:14:08.769566/Shubham.f8cc63d4-b0bd-11ec-95c9-353773ec36e1.jpeg'], ['/home/vikasjoshis001/Desktop/Gestures/images_to_train/denerys targeryan/index3.jpeg', '/home/vikasjoshis001/Desktop/Gestures/images_to_train/denerys targeryan/index5.jpeg', '/home/vikasjoshis001/Desktop/Gestures/images_to_train/denerys targeryan/index1.jpeg', '/home/vikasjoshis001/Desktop/Gestures/images_to_train/denerys targeryan/index2.jpeg', '/home/vikasjoshis001/Desktop/Gestures/images_to_train/denerys targeryan/index4.jpeg'], ['/home/vikasjoshis001/Desktop/Gestures/images_to_train/cersie lannister/index3.jpeg', '/home/vikasjoshis001/Desktop/Gestures/images_to_train/cersie lannister/index5.jpeg', '/home/vikasjoshis001/Desktop/Gestures/images_to_train/cersie lannister/index2.jpeg', '/home/vikasjoshis001/Desktop/Gestures/images_to_train/cersie lannister/index4.jpeg'], ['/home/vikasjoshis001/Desktop/Gestures/images_to_train/king in the north/index.jpeg', '/home/vikasjoshis001/Desktop/Gestures/images_to_train/king in the north/index3.jpeg', '/home/vikasjoshis001/Desktop/Gestures/images_to_train/king in the north/index5.jpeg', '/home/vikasjoshis001/Desktop/Gestures/images_to_train/king in the north/index2.jpeg', '/home/vikasjoshis001/Desktop/Gestures/images_to_train/king in the north/index4.jpeg'], ['/home/vikasjoshis001/Desktop/Gestures/images_to_train/arya stark/index.jpeg', '/home/vikasjoshis001/Desktop/Gestures/images_to_train/arya stark/index3.jpeg', '/home/vikasjoshis001/Desktop/Gestures/images_to_train/arya stark/index5.jpeg', '/home/vikasjoshis001/Desktop/Gestures/images_to_train/arya stark/index2.jpeg', '/home/vikasjoshis001/Desktop/Gestures/images_to_train/arya stark/images4.jpeg'], ['/home/vikasjoshis001/Desktop/Gestures/images_to_train/Sad-2022-03-31 12:16:52.952750/Sad.596d38de-b0be-11ec-95c9-353773ec36e1.jpeg', '/home/vikasjoshis001/Desktop/Gestures/images_to_train/Sad-2022-03-31 12:16:52.952750/Sad.596d38dd-b0be-11ec-95c9-353773ec36e1.jpeg', '/home/vikasjoshis001/Desktop/Gestures/images_to_train/Sad-2022-03-31 12:16:52.952750/Sad.596d38da-b0be-11ec-95c9-353773ec36e1.jpeg', '/home/vikasjoshis001/Desktop/Gestures/images_to_train/Sad-2022-03-31 12:16:52.952750/Sad.596d38db-b0be-11ec-95c9-353773ec36e1.jpeg', '/home/vikasjoshis001/Desktop/Gestures/images_to_train/Sad-2022-03-31 12:16:52.952750/Sad.596d38dc-b0be-11ec-95c9-353773ec36e1.jpeg'], ['/home/vikasjoshis001/Desktop/Gestures/images_to_train/Vikas-2022-03-12 15:33:49.979215/Vikas.b761c802-a1eb-11ec-a348-e960390a4373.jpeg', '/home/vikasjoshis001/Desktop/Gestures/images_to_train/Vikas-2022-03-12 15:33:49.979215/Vikas.b9e21fbe-a1eb-11ec-a348-e960390a4373.jpeg', '/home/vikasjoshis001/Desktop/Gestures/images_to_train/Vikas-2022-03-12 15:33:49.979215/Vikas.b761c803-a1eb-11ec-a348-e960390a4373.jpeg', '/home/vikasjoshis001/Desktop/Gestures/images_to_train/Vikas-2022-03-12 15:33:49.979215/Vikas.b8aa7a74-a1eb-11ec-a348-e960390a4373.jpeg', '/home/vikasjoshis001/Desktop/Gestures/images_to_train/Vikas-2022-03-12 15:33:49.979215/Vikas.b8aa7a75-a1eb-11ec-a348-e960390a4373.jpeg']]
2022-03-31 12:16:53.870 INFO Train - trainImages: started loading images and finding their encodings
2022-03-31 12:16:53.870 INFO Train - trainImages: loading image
2022-03-31 12:16:53.887 DEBUG Train - trainImages: /home/vikasjoshis001/Desktop/Gestures/images_to_train/tyrion lannister/images5.jpeg
2022-03-31 12:16:53.887 INFO Train - trainImages: loading image done
2022-03-31 12:16:53.887 INFO Train - trainImages: finding the encoding of image
2022-03-31 12:16:53.998 INFO Train - trainImages: finding encoding of image is done
2022-03-31 12:16:53.998 INFO Train - trainImages: loading image
2022-03-31 12:16:53.999 DEBUG Train - trainImages: /home/vikasjoshis001/Desktop/Gestures/images_to_train/tyrion lannister/index3.jpeg
2022-03-31 12:16:54.000 INFO Train - trainImages: loading image done
2022-03-31 12:16:54.000 INFO Train - trainImages: finding the encoding of image
2022-03-31 12:16:54.114 INFO Train - trainImages: finding encoding of image is done
2022-03-31 12:16:54.115 INFO Train - trainImages: loading image
2022-03-31 12:16:54.118 DEBUG Train - trainImages: /home/vikasjoshis001/Desktop/Gestures/images_to_train/tyrion lannister/index1.jpeg
2022-03-31 12:16:54.118 INFO Train - trainImages: loading image done
2022-03-31 12:16:54.118 INFO Train - trainImages: finding the encoding of image
2022-03-31 12:16:54.223 INFO Train - trainImages: finding encoding of image is done
2022-03-31 12:16:54.223 INFO Train - trainImages: loading image
2022-03-31 12:16:54.225 DEBUG Train - trainImages: /home/vikasjoshis001/Desktop/Gestures/images_to_train/tyrion lannister/index2.jpeg
2022-03-31 12:16:54.225 INFO Train - trainImages: loading image done
2022-03-31 12:16:54.225 INFO Train - trainImages: finding the encoding of image
2022-03-31 12:16:54.333 INFO Train - trainImages: finding encoding of image is done
2022-03-31 12:16:54.333 INFO Train - trainImages: loading image
2022-03-31 12:16:54.335 DEBUG Train - trainImages: /home/vikasjoshis001/Desktop/Gestures/images_to_train/tyrion lannister/index4.jpeg
2022-03-31 12:16:54.335 INFO Train - trainImages: loading image done
2022-03-31 12:16:54.335 INFO Train - trainImages: finding the encoding of image
2022-03-31 12:16:54.444 INFO Train - trainImages: finding encoding of image is done
2022-03-31 12:16:54.444 INFO Train - trainImages: getting average of encodings of loaded images
2022-03-31 12:16:54.445 INFO Train - trainImages: done with getting average encodings
2022-03-31 12:16:54.445 INFO Train - trainImages: storing the name and encoding in local dictionary
2022-03-31 12:16:54.445 INFO Train - trainImages: stored name and encodes in local dictionary
2022-03-31 12:16:54.445 INFO Train - trainImages: storing the name and encodings in mongodb
2022-03-31 12:16:54.450 INFO Train - trainImages: stored all name and encodes in mongodb
2022-03-31 12:16:54.450 INFO Train - trainImages: started loading images and finding their encodings
2022-03-31 12:16:54.450 INFO Train - trainImages: loading image
2022-03-31 12:16:54.453 DEBUG Train - trainImages: /home/vikasjoshis001/Desktop/Gestures/images_to_train/Shubham-2022-03-31 12:14:08.769566/Shubham.f8cc63d4-b0bd-11ec-95c9-353773ec36e1.jpeg
2022-03-31 12:16:54.453 INFO Train - trainImages: loading image done
2022-03-31 12:16:54.453 INFO Train - trainImages: finding the encoding of image
2022-03-31 12:16:54.744 INFO Train - trainImages: finding encoding of image is done
2022-03-31 12:16:54.744 INFO Train - trainImages: getting average of encodings of loaded images
2022-03-31 12:16:54.744 INFO Train - trainImages: done with getting average encodings
2022-03-31 12:16:54.744 INFO Train - trainImages: storing the name and encoding in local dictionary
2022-03-31 12:16:54.744 INFO Train - trainImages: stored name and encodes in local dictionary
2022-03-31 12:16:54.744 INFO Train - trainImages: storing the name and encodings in mongodb
2022-03-31 12:16:54.745 INFO Train - trainImages: stored all name and encodes in mongodb
2022-03-31 12:16:54.745 INFO Train - trainImages: started loading images and finding their encodings
2022-03-31 12:16:54.745 INFO Train - trainImages: loading image
2022-03-31 12:16:54.747 DEBUG Train - trainImages: /home/vikasjoshis001/Desktop/Gestures/images_to_train/denerys targeryan/index3.jpeg
2022-03-31 12:16:54.747 INFO Train - trainImages: loading image done
2022-03-31 12:16:54.747 INFO Train - trainImages: finding the encoding of image
2022-03-31 12:16:54.854 INFO Train - trainImages: finding encoding of image is done
2022-03-31 12:16:54.854 INFO Train - trainImages: loading image
2022-03-31 12:16:54.856 DEBUG Train - trainImages: /home/vikasjoshis001/Desktop/Gestures/images_to_train/denerys targeryan/index5.jpeg
2022-03-31 12:16:54.856 INFO Train - trainImages: loading image done
2022-03-31 12:16:54.856 INFO Train - trainImages: finding the encoding of image
2022-03-31 12:16:54.961 INFO Train - trainImages: finding encoding of image is done
2022-03-31 12:16:54.961 INFO Train - trainImages: loading image
2022-03-31 12:16:54.967 DEBUG Train - trainImages: /home/vikasjoshis001/Desktop/Gestures/images_to_train/denerys targeryan/index1.jpeg
2022-03-31 12:16:54.967 INFO Train - trainImages: loading image done
2022-03-31 12:16:54.967 INFO Train - trainImages: finding the encoding of image
2022-03-31 12:16:55.072 INFO Train - trainImages: finding encoding of image is done
2022-03-31 12:16:55.072 INFO Train - trainImages: loading image
2022-03-31 12:16:55.073 DEBUG Train - trainImages: /home/vikasjoshis001/Desktop/Gestures/images_to_train/denerys targeryan/index2.jpeg
2022-03-31 12:16:55.073 INFO Train - trainImages: loading image done
2022-03-31 12:16:55.073 INFO Train - trainImages: finding the encoding of image
2022-03-31 12:16:55.178 INFO Train - trainImages: finding encoding of image is done
2022-03-31 12:16:55.178 INFO Train - trainImages: loading image
2022-03-31 12:16:55.179 DEBUG Train - trainImages: /home/vikasjoshis001/Desktop/Gestures/images_to_train/denerys targeryan/index4.jpeg
2022-03-31 12:16:55.179 INFO Train - trainImages: loading image done
2022-03-31 12:16:55.179 INFO Train - trainImages: finding the encoding of image
2022-03-31 12:16:55.285 INFO Train - trainImages: finding encoding of image is done
2022-03-31 12:16:55.285 INFO Train - trainImages: getting average of encodings of loaded images
2022-03-31 12:16:55.286 INFO Train - trainImages: done with getting average encodings
2022-03-31 12:16:55.286 INFO Train - trainImages: storing the name and encoding in local dictionary
2022-03-31 12:16:55.286 INFO Train - trainImages: stored name and encodes in local dictionary
2022-03-31 12:16:55.286 INFO Train - trainImages: storing the name and encodings in mongodb
2022-03-31 12:16:55.286 INFO Train - trainImages: stored all name and encodes in mongodb
2022-03-31 12:16:55.286 INFO Train - trainImages: started loading images and finding their encodings
2022-03-31 12:16:55.286 INFO Train - trainImages: loading image
2022-03-31 12:16:55.288 DEBUG Train - trainImages: /home/vikasjoshis001/Desktop/Gestures/images_to_train/cersie lannister/index3.jpeg
2022-03-31 12:16:55.288 INFO Train - trainImages: loading image done
2022-03-31 12:16:55.288 INFO Train - trainImages: finding the encoding of image
2022-03-31 12:16:55.362 INFO Train - trainImages: finding encoding of image is done
2022-03-31 12:16:55.362 INFO Train - trainImages: loading image
2022-03-31 12:16:55.363 DEBUG Train - trainImages: /home/vikasjoshis001/Desktop/Gestures/images_to_train/cersie lannister/index5.jpeg
2022-03-31 12:16:55.363 INFO Train - trainImages: loading image done
2022-03-31 12:16:55.363 INFO Train - trainImages: finding the encoding of image
2022-03-31 12:16:55.434 INFO Train - trainImages: finding encoding of image is done
2022-03-31 12:16:55.434 INFO Train - trainImages: loading image
2022-03-31 12:16:55.436 DEBUG Train - trainImages: /home/vikasjoshis001/Desktop/Gestures/images_to_train/cersie lannister/index2.jpeg
2022-03-31 12:16:55.436 INFO Train - trainImages: loading image done
2022-03-31 12:16:55.436 INFO Train - trainImages: finding the encoding of image
2022-03-31 12:16:55.510 INFO Train - trainImages: finding encoding of image is done
2022-03-31 12:16:55.510 INFO Train - trainImages: loading image
2022-03-31 12:16:55.512 DEBUG Train - trainImages: /home/vikasjoshis001/Desktop/Gestures/images_to_train/cersie lannister/index4.jpeg
2022-03-31 12:16:55.512 INFO Train - trainImages: loading image done
2022-03-31 12:16:55.512 INFO Train - trainImages: finding the encoding of image
2022-03-31 12:16:55.602 INFO Train - trainImages: finding encoding of image is done
2022-03-31 12:16:55.602 INFO Train - trainImages: getting average of encodings of loaded images
2022-03-31 12:16:55.603 INFO Train - trainImages: done with getting average encodings
2022-03-31 12:16:55.603 INFO Train - trainImages: storing the name and encoding in local dictionary
2022-03-31 12:16:55.603 INFO Train - trainImages: stored name and encodes in local dictionary
2022-03-31 12:16:55.603 INFO Train - trainImages: storing the name and encodings in mongodb
2022-03-31 12:16:55.604 INFO Train - trainImages: stored all name and encodes in mongodb
2022-03-31 12:16:55.604 INFO Train - trainImages: started loading images and finding their encodings
2022-03-31 12:16:55.604 INFO Train - trainImages: loading image
2022-03-31 12:16:55.606 DEBUG Train - trainImages: /home/vikasjoshis001/Desktop/Gestures/images_to_train/king in the north/index.jpeg
2022-03-31 12:16:55.606 INFO Train - trainImages: loading image done
2022-03-31 12:16:55.606 INFO Train - trainImages: finding the encoding of image
2022-03-31 12:16:55.718 INFO Train - trainImages: finding encoding of image is done
2022-03-31 12:16:55.718 INFO Train - trainImages: loading image
2022-03-31 12:16:55.719 DEBUG Train - trainImages: /home/vikasjoshis001/Desktop/Gestures/images_to_train/king in the north/index3.jpeg
2022-03-31 12:16:55.720 INFO Train - trainImages: loading image done
2022-03-31 12:16:55.720 INFO Train - trainImages: finding the encoding of image
2022-03-31 12:16:55.841 INFO Train - trainImages: finding encoding of image is done
2022-03-31 12:16:55.841 INFO Train - trainImages: loading image
2022-03-31 12:16:55.842 DEBUG Train - trainImages: /home/vikasjoshis001/Desktop/Gestures/images_to_train/king in the north/index5.jpeg
2022-03-31 12:16:55.843 INFO Train - trainImages: loading image done
2022-03-31 12:16:55.843 INFO Train - trainImages: finding the encoding of image
2022-03-31 12:16:55.954 INFO Train - trainImages: finding encoding of image is done
2022-03-31 12:16:55.954 INFO Train - trainImages: loading image
2022-03-31 12:16:55.956 DEBUG Train - trainImages: /home/vikasjoshis001/Desktop/Gestures/images_to_train/king in the north/index2.jpeg
2022-03-31 12:16:55.956 INFO Train - trainImages: loading image done
2022-03-31 12:16:55.956 INFO Train - trainImages: finding the encoding of image
2022-03-31 12:16:56.033 INFO Train - trainImages: finding encoding of image is done
2022-03-31 12:16:56.034 INFO Train - trainImages: loading image
2022-03-31 12:16:56.035 DEBUG Train - trainImages: /home/vikasjoshis001/Desktop/Gestures/images_to_train/king in the north/index4.jpeg
2022-03-31 12:16:56.035 INFO Train - trainImages: loading image done
2022-03-31 12:16:56.035 INFO Train - trainImages: finding the encoding of image
2022-03-31 12:16:56.109 INFO Train - trainImages: finding encoding of image is done
2022-03-31 12:16:56.109 INFO Train - trainImages: getting average of encodings of loaded images
2022-03-31 12:16:56.109 INFO Train - trainImages: done with getting average encodings
2022-03-31 12:16:56.109 INFO Train - trainImages: storing the name and encoding in local dictionary
2022-03-31 12:16:56.109 INFO Train - trainImages: stored name and encodes in local dictionary
2022-03-31 12:16:56.109 INFO Train - trainImages: storing the name and encodings in mongodb
2022-03-31 12:16:56.110 INFO Train - trainImages: stored all name and encodes in mongodb
2022-03-31 12:16:56.110 INFO Train - trainImages: started loading images and finding their encodings
2022-03-31 12:16:56.110 INFO Train - trainImages: loading image
2022-03-31 12:16:56.112 DEBUG Train - trainImages: /home/vikasjoshis001/Desktop/Gestures/images_to_train/arya stark/index.jpeg
2022-03-31 12:16:56.112 INFO Train - trainImages: loading image done
2022-03-31 12:16:56.112 INFO Train - trainImages: finding the encoding of image
2022-03-31 12:16:56.187 INFO Train - trainImages: finding encoding of image is done
2022-03-31 12:16:56.187 INFO Train - trainImages: loading image
2022-03-31 12:16:56.188 DEBUG Train - trainImages: /home/vikasjoshis001/Desktop/Gestures/images_to_train/arya stark/index3.jpeg
2022-03-31 12:16:56.188 INFO Train - trainImages: loading image done
2022-03-31 12:16:56.188 INFO Train - trainImages: finding the encoding of image
2022-03-31 12:16:56.261 INFO Train - trainImages: finding encoding of image is done
2022-03-31 12:16:56.261 INFO Train - trainImages: loading image
2022-03-31 12:16:56.263 DEBUG Train - trainImages: /home/vikasjoshis001/Desktop/Gestures/images_to_train/arya stark/index5.jpeg
2022-03-31 12:16:56.263 INFO Train - trainImages: loading image done
2022-03-31 12:16:56.263 INFO Train - trainImages: finding the encoding of image
2022-03-31 12:16:56.340 INFO Train - trainImages: finding encoding of image is done
2022-03-31 12:16:56.340 INFO Train - trainImages: loading image
2022-03-31 12:16:56.342 DEBUG Train - trainImages: /home/vikasjoshis001/Desktop/Gestures/images_to_train/arya stark/index2.jpeg
2022-03-31 12:16:56.342 INFO Train - trainImages: loading image done
2022-03-31 12:16:56.342 INFO Train - trainImages: finding the encoding of image
2022-03-31 12:16:56.414 INFO Train - trainImages: finding encoding of image is done
2022-03-31 12:16:56.414 INFO Train - trainImages: loading image
2022-03-31 12:16:56.415 DEBUG Train - trainImages: /home/vikasjoshis001/Desktop/Gestures/images_to_train/arya stark/images4.jpeg
2022-03-31 12:16:56.415 INFO Train - trainImages: loading image done
2022-03-31 12:16:56.415 INFO Train - trainImages: finding the encoding of image
2022-03-31 12:16:56.486 INFO Train - trainImages: finding encoding of image is done
2022-03-31 12:16:56.487 INFO Train - trainImages: getting average of encodings of loaded images
2022-03-31 12:16:56.487 INFO Train - trainImages: done with getting average encodings
2022-03-31 12:16:56.487 INFO Train - trainImages: storing the name and encoding in local dictionary
2022-03-31 12:16:56.487 INFO Train - trainImages: stored name and encodes in local dictionary
2022-03-31 12:16:56.487 INFO Train - trainImages: storing the name and encodings in mongodb
2022-03-31 12:16:56.488 INFO Train - trainImages: stored all name and encodes in mongodb
2022-03-31 12:16:56.488 INFO Train - trainImages: started loading images and finding their encodings
2022-03-31 12:16:56.488 INFO Train - trainImages: loading image
2022-03-31 12:16:56.490 DEBUG Train - trainImages: /home/vikasjoshis001/Desktop/Gestures/images_to_train/Sad-2022-03-31 12:16:52.952750/Sad.596d38de-b0be-11ec-95c9-353773ec36e1.jpeg
2022-03-31 12:16:56.491 INFO Train - trainImages: loading image done
2022-03-31 12:16:56.491 INFO Train - trainImages: finding the encoding of image
2022-03-31 12:16:56.681 INFO Train - trainImages: finding encoding of image is done
2022-03-31 12:16:56.682 INFO Train - trainImages: loading image
2022-03-31 12:16:56.684 DEBUG Train - trainImages: /home/vikasjoshis001/Desktop/Gestures/images_to_train/Sad-2022-03-31 12:16:52.952750/Sad.596d38dd-b0be-11ec-95c9-353773ec36e1.jpeg
2022-03-31 12:16:56.685 INFO Train - trainImages: loading image done
2022-03-31 12:16:56.685 INFO Train - trainImages: finding the encoding of image
2022-03-31 12:16:56.876 INFO Train - trainImages: finding encoding of image is done
2022-03-31 12:16:56.876 INFO Train - trainImages: loading image
2022-03-31 12:16:56.879 DEBUG Train - trainImages: /home/vikasjoshis001/Desktop/Gestures/images_to_train/Sad-2022-03-31 12:16:52.952750/Sad.596d38da-b0be-11ec-95c9-353773ec36e1.jpeg
2022-03-31 12:16:56.879 INFO Train - trainImages: loading image done
2022-03-31 12:16:56.879 INFO Train - trainImages: finding the encoding of image
2022-03-31 12:16:57.070 INFO Train - trainImages: finding encoding of image is done
2022-03-31 12:16:57.070 INFO Train - trainImages: loading image
2022-03-31 12:16:57.073 DEBUG Train - trainImages: /home/vikasjoshis001/Desktop/Gestures/images_to_train/Sad-2022-03-31 12:16:52.952750/Sad.596d38db-b0be-11ec-95c9-353773ec36e1.jpeg
2022-03-31 12:16:57.073 INFO Train - trainImages: loading image done
2022-03-31 12:16:57.073 INFO Train - trainImages: finding the encoding of image
2022-03-31 12:16:57.262 INFO Train - trainImages: finding encoding of image is done
2022-03-31 12:16:57.262 INFO Train - trainImages: loading image
2022-03-31 12:16:57.265 DEBUG Train - trainImages: /home/vikasjoshis001/Desktop/Gestures/images_to_train/Sad-2022-03-31 12:16:52.952750/Sad.596d38dc-b0be-11ec-95c9-353773ec36e1.jpeg
2022-03-31 12:16:57.265 INFO Train - trainImages: loading image done
2022-03-31 12:16:57.265 INFO Train - trainImages: finding the encoding of image
2022-03-31 12:16:57.457 INFO Train - trainImages: finding encoding of image is done
2022-03-31 12:16:57.457 INFO Train - trainImages: getting average of encodings of loaded images
2022-03-31 12:16:57.457 INFO Train - trainImages: done with getting average encodings
2022-03-31 12:16:57.457 INFO Train - trainImages: storing the name and encoding in local dictionary
2022-03-31 12:16:57.457 INFO Train - trainImages: stored name and encodes in local dictionary
2022-03-31 12:16:57.457 INFO Train - trainImages: storing the name and encodings in mongodb
2022-03-31 12:16:57.458 INFO Train - trainImages: stored all name and encodes in mongodb
2022-03-31 12:16:57.458 INFO Train - trainImages: started loading images and finding their encodings
2022-03-31 12:16:57.458 INFO Train - trainImages: loading image
2022-03-31 12:16:57.463 DEBUG Train - trainImages: /home/vikasjoshis001/Desktop/Gestures/images_to_train/Vikas-2022-03-12 15:33:49.979215/Vikas.b761c802-a1eb-11ec-a348-e960390a4373.jpeg
2022-03-31 12:16:57.463 INFO Train - trainImages: loading image done
2022-03-31 12:16:57.463 INFO Train - trainImages: finding the encoding of image
2022-03-31 12:16:57.649 INFO Train - trainImages: finding encoding of image is done
2022-03-31 12:16:57.649 INFO Train - trainImages: loading image
2022-03-31 12:16:57.653 DEBUG Train - trainImages: /home/vikasjoshis001/Desktop/Gestures/images_to_train/Vikas-2022-03-12 15:33:49.979215/Vikas.b9e21fbe-a1eb-11ec-a348-e960390a4373.jpeg
2022-03-31 12:16:57.653 INFO Train - trainImages: loading image done
2022-03-31 12:16:57.653 INFO Train - trainImages: finding the encoding of image
2022-03-31 12:16:57.843 INFO Train - trainImages: finding encoding of image is done
2022-03-31 12:16:57.843 INFO Train - trainImages: loading image
2022-03-31 12:16:57.847 DEBUG Train - trainImages: /home/vikasjoshis001/Desktop/Gestures/images_to_train/Vikas-2022-03-12 15:33:49.979215/Vikas.b761c803-a1eb-11ec-a348-e960390a4373.jpeg
2022-03-31 12:16:57.847 INFO Train - trainImages: loading image done
2022-03-31 12:16:57.847 INFO Train - trainImages: finding the encoding of image
2022-03-31 12:16:58.036 INFO Train - trainImages: finding encoding of image is done
2022-03-31 12:16:58.036 INFO Train - trainImages: loading image
2022-03-31 12:16:58.040 DEBUG Train - trainImages: /home/vikasjoshis001/Desktop/Gestures/images_to_train/Vikas-2022-03-12 15:33:49.979215/Vikas.b8aa7a74-a1eb-11ec-a348-e960390a4373.jpeg
2022-03-31 12:16:58.040 INFO Train - trainImages: loading image done
2022-03-31 12:16:58.040 INFO Train - trainImages: finding the encoding of image
2022-03-31 12:16:58.231 INFO Train - trainImages: finding encoding of image is done
2022-03-31 12:16:58.231 INFO Train - trainImages: loading image
2022-03-31 12:16:58.235 DEBUG Train - trainImages: /home/vikasjoshis001/Desktop/Gestures/images_to_train/Vikas-2022-03-12 15:33:49.979215/Vikas.b8aa7a75-a1eb-11ec-a348-e960390a4373.jpeg
2022-03-31 12:16:58.235 INFO Train - trainImages: loading image done
2022-03-31 12:16:58.235 INFO Train - trainImages: finding the encoding of image
2022-03-31 12:16:58.431 INFO Train - trainImages: finding encoding of image is done
2022-03-31 12:16:58.431 INFO Train - trainImages: getting average of encodings of loaded images
2022-03-31 12:16:58.431 INFO Train - trainImages: done with getting average encodings
2022-03-31 12:16:58.431 INFO Train - trainImages: storing the name and encoding in local dictionary
2022-03-31 12:16:58.431 INFO Train - trainImages: stored name and encodes in local dictionary
2022-03-31 12:16:58.431 INFO Train - trainImages: storing the name and encodings in mongodb
2022-03-31 12:16:58.432 INFO Train - trainImages: stored all name and encodes in mongodb
