2022-03-03 05:07:44.790 INFO Train - trainImages: MongoDB database connected successfully
2022-03-03 05:07:44.795 INFO Train - trainImages: collected all folders in known_people folder
2022-03-03 05:07:44.796 DEBUG Train - trainImages: ['tyrion lannister', 'denerys targeryan', 'cersie lannister', 'king in the north', 'Vikas-2022-03-03 05:07:36.465227', 'arya stark']
2022-03-03 05:07:44.800 INFO Train - trainImages: collected all images from all folders in known_people folder
2022-03-03 05:07:44.800 DEBUG Train - trainImages: [['/home/vikasjoshis001/Desktop/Handtracking/FaceRecognition/images_to_train/tyrion lannister/images5.jpeg', '/home/vikasjoshis001/Desktop/Handtracking/FaceRecognition/images_to_train/tyrion lannister/index3.jpeg', '/home/vikasjoshis001/Desktop/Handtracking/FaceRecognition/images_to_train/tyrion lannister/index1.jpeg', '/home/vikasjoshis001/Desktop/Handtracking/FaceRecognition/images_to_train/tyrion lannister/index2.jpeg', '/home/vikasjoshis001/Desktop/Handtracking/FaceRecognition/images_to_train/tyrion lannister/index4.jpeg'], ['/home/vikasjoshis001/Desktop/Handtracking/FaceRecognition/images_to_train/denerys targeryan/index3.jpeg', '/home/vikasjoshis001/Desktop/Handtracking/FaceRecognition/images_to_train/denerys targeryan/index5.jpeg', '/home/vikasjoshis001/Desktop/Handtracking/FaceRecognition/images_to_train/denerys targeryan/index1.jpeg', '/home/vikasjoshis001/Desktop/Handtracking/FaceRecognition/images_to_train/denerys targeryan/index2.jpeg', '/home/vikasjoshis001/Desktop/Handtracking/FaceRecognition/images_to_train/denerys targeryan/index4.jpeg'], ['/home/vikasjoshis001/Desktop/Handtracking/FaceRecognition/images_to_train/cersie lannister/index3.jpeg', '/home/vikasjoshis001/Desktop/Handtracking/FaceRecognition/images_to_train/cersie lannister/index5.jpeg', '/home/vikasjoshis001/Desktop/Handtracking/FaceRecognition/images_to_train/cersie lannister/index2.jpeg', '/home/vikasjoshis001/Desktop/Handtracking/FaceRecognition/images_to_train/cersie lannister/index4.jpeg'], ['/home/vikasjoshis001/Desktop/Handtracking/FaceRecognition/images_to_train/king in the north/index.jpeg', '/home/vikasjoshis001/Desktop/Handtracking/FaceRecognition/images_to_train/king in the north/index3.jpeg', '/home/vikasjoshis001/Desktop/Handtracking/FaceRecognition/images_to_train/king in the north/index5.jpeg', '/home/vikasjoshis001/Desktop/Handtracking/FaceRecognition/images_to_train/king in the north/index2.jpeg', '/home/vikasjoshis001/Desktop/Handtracking/FaceRecognition/images_to_train/king in the north/index4.jpeg'], ['/home/vikasjoshis001/Desktop/Handtracking/FaceRecognition/images_to_train/Vikas-2022-03-03 05:07:36.465227/Vikas.bfe51f5f-9a81-11ec-b49d-67321ed6dc70.jpeg', '/home/vikasjoshis001/Desktop/Handtracking/FaceRecognition/images_to_train/Vikas-2022-03-03 05:07:36.465227/Vikas.c11cdecb-9a81-11ec-b49d-67321ed6dc70.jpeg', '/home/vikasjoshis001/Desktop/Handtracking/FaceRecognition/images_to_train/Vikas-2022-03-03 05:07:36.465227/Vikas.c11cdeca-9a81-11ec-b49d-67321ed6dc70.jpeg', '/home/vikasjoshis001/Desktop/Handtracking/FaceRecognition/images_to_train/Vikas-2022-03-03 05:07:36.465227/Vikas.be24318c-9a81-11ec-b49d-67321ed6dc70.jpeg', '/home/vikasjoshis001/Desktop/Handtracking/FaceRecognition/images_to_train/Vikas-2022-03-03 05:07:36.465227/Vikas.bfe51f5e-9a81-11ec-b49d-67321ed6dc70.jpeg'], ['/home/vikasjoshis001/Desktop/Handtracking/FaceRecognition/images_to_train/arya stark/index.jpeg', '/home/vikasjoshis001/Desktop/Handtracking/FaceRecognition/images_to_train/arya stark/index3.jpeg', '/home/vikasjoshis001/Desktop/Handtracking/FaceRecognition/images_to_train/arya stark/index5.jpeg', '/home/vikasjoshis001/Desktop/Handtracking/FaceRecognition/images_to_train/arya stark/index2.jpeg', '/home/vikasjoshis001/Desktop/Handtracking/FaceRecognition/images_to_train/arya stark/images4.jpeg']]
2022-03-03 05:07:44.801 INFO Train - trainImages: started loading images and finding their encodings
2022-03-03 05:07:44.801 INFO Train - trainImages: loading image
2022-03-03 05:07:44.826 DEBUG Train - trainImages: /home/vikasjoshis001/Desktop/Handtracking/FaceRecognition/images_to_train/tyrion lannister/images5.jpeg
2022-03-03 05:07:44.827 INFO Train - trainImages: loading image done
2022-03-03 05:07:44.827 INFO Train - trainImages: finding the encoding of image
2022-03-03 05:07:44.919 INFO Train - trainImages: finding encoding of image is done
2022-03-03 05:07:44.919 INFO Train - trainImages: loading image
2022-03-03 05:07:44.920 DEBUG Train - trainImages: /home/vikasjoshis001/Desktop/Handtracking/FaceRecognition/images_to_train/tyrion lannister/index3.jpeg
2022-03-03 05:07:44.921 INFO Train - trainImages: loading image done
2022-03-03 05:07:44.921 INFO Train - trainImages: finding the encoding of image
2022-03-03 05:07:44.985 INFO Train - trainImages: finding encoding of image is done
2022-03-03 05:07:44.985 INFO Train - trainImages: loading image
2022-03-03 05:07:44.987 DEBUG Train - trainImages: /home/vikasjoshis001/Desktop/Handtracking/FaceRecognition/images_to_train/tyrion lannister/index1.jpeg
2022-03-03 05:07:44.987 INFO Train - trainImages: loading image done
2022-03-03 05:07:44.987 INFO Train - trainImages: finding the encoding of image
2022-03-03 05:07:45.055 INFO Train - trainImages: finding encoding of image is done
2022-03-03 05:07:45.055 INFO Train - trainImages: loading image
2022-03-03 05:07:45.057 DEBUG Train - trainImages: /home/vikasjoshis001/Desktop/Handtracking/FaceRecognition/images_to_train/tyrion lannister/index2.jpeg
2022-03-03 05:07:45.057 INFO Train - trainImages: loading image done
2022-03-03 05:07:45.057 INFO Train - trainImages: finding the encoding of image
2022-03-03 05:07:45.126 INFO Train - trainImages: finding encoding of image is done
2022-03-03 05:07:45.126 INFO Train - trainImages: loading image
2022-03-03 05:07:45.127 DEBUG Train - trainImages: /home/vikasjoshis001/Desktop/Handtracking/FaceRecognition/images_to_train/tyrion lannister/index4.jpeg
2022-03-03 05:07:45.127 INFO Train - trainImages: loading image done
2022-03-03 05:07:45.127 INFO Train - trainImages: finding the encoding of image
2022-03-03 05:07:45.223 INFO Train - trainImages: finding encoding of image is done
2022-03-03 05:07:45.223 INFO Train - trainImages: getting average of encodings of loaded images
2022-03-03 05:07:45.223 INFO Train - trainImages: done with getting average encodings
2022-03-03 05:07:45.223 INFO Train - trainImages: storing the name and encoding in local dictionary
2022-03-03 05:07:45.223 INFO Train - trainImages: stored name and encodes in local dictionary
2022-03-03 05:07:45.223 INFO Train - trainImages: storing the name and encodings in mongodb
2022-03-03 05:07:45.234 INFO Train - trainImages: stored all name and encodes in mongodb
2022-03-03 05:07:45.234 INFO Train - trainImages: started loading images and finding their encodings
2022-03-03 05:07:45.234 INFO Train - trainImages: loading image
2022-03-03 05:07:45.235 DEBUG Train - trainImages: /home/vikasjoshis001/Desktop/Handtracking/FaceRecognition/images_to_train/denerys targeryan/index3.jpeg
2022-03-03 05:07:45.236 INFO Train - trainImages: loading image done
2022-03-03 05:07:45.236 INFO Train - trainImages: finding the encoding of image
2022-03-03 05:07:45.330 INFO Train - trainImages: finding encoding of image is done
2022-03-03 05:07:45.330 INFO Train - trainImages: loading image
2022-03-03 05:07:45.333 DEBUG Train - trainImages: /home/vikasjoshis001/Desktop/Handtracking/FaceRecognition/images_to_train/denerys targeryan/index5.jpeg
2022-03-03 05:07:45.333 INFO Train - trainImages: loading image done
2022-03-03 05:07:45.333 INFO Train - trainImages: finding the encoding of image
2022-03-03 05:07:45.405 INFO Train - trainImages: finding encoding of image is done
2022-03-03 05:07:45.405 INFO Train - trainImages: loading image
2022-03-03 05:07:45.406 DEBUG Train - trainImages: /home/vikasjoshis001/Desktop/Handtracking/FaceRecognition/images_to_train/denerys targeryan/index1.jpeg
2022-03-03 05:07:45.407 INFO Train - trainImages: loading image done
2022-03-03 05:07:45.407 INFO Train - trainImages: finding the encoding of image
2022-03-03 05:07:45.473 INFO Train - trainImages: finding encoding of image is done
2022-03-03 05:07:45.473 INFO Train - trainImages: loading image
2022-03-03 05:07:45.474 DEBUG Train - trainImages: /home/vikasjoshis001/Desktop/Handtracking/FaceRecognition/images_to_train/denerys targeryan/index2.jpeg
2022-03-03 05:07:45.475 INFO Train - trainImages: loading image done
2022-03-03 05:07:45.475 INFO Train - trainImages: finding the encoding of image
2022-03-03 05:07:45.544 INFO Train - trainImages: finding encoding of image is done
2022-03-03 05:07:45.544 INFO Train - trainImages: loading image
2022-03-03 05:07:45.546 DEBUG Train - trainImages: /home/vikasjoshis001/Desktop/Handtracking/FaceRecognition/images_to_train/denerys targeryan/index4.jpeg
2022-03-03 05:07:45.546 INFO Train - trainImages: loading image done
2022-03-03 05:07:45.546 INFO Train - trainImages: finding the encoding of image
2022-03-03 05:07:45.655 INFO Train - trainImages: finding encoding of image is done
2022-03-03 05:07:45.655 INFO Train - trainImages: getting average of encodings of loaded images
2022-03-03 05:07:45.656 INFO Train - trainImages: done with getting average encodings
2022-03-03 05:07:45.656 INFO Train - trainImages: storing the name and encoding in local dictionary
2022-03-03 05:07:45.656 INFO Train - trainImages: stored name and encodes in local dictionary
2022-03-03 05:07:45.656 INFO Train - trainImages: storing the name and encodings in mongodb
2022-03-03 05:07:45.657 INFO Train - trainImages: stored all name and encodes in mongodb
2022-03-03 05:07:45.657 INFO Train - trainImages: started loading images and finding their encodings
2022-03-03 05:07:45.657 INFO Train - trainImages: loading image
2022-03-03 05:07:45.667 DEBUG Train - trainImages: /home/vikasjoshis001/Desktop/Handtracking/FaceRecognition/images_to_train/cersie lannister/index3.jpeg
2022-03-03 05:07:45.667 INFO Train - trainImages: loading image done
2022-03-03 05:07:45.667 INFO Train - trainImages: finding the encoding of image
2022-03-03 05:07:45.763 INFO Train - trainImages: finding encoding of image is done
2022-03-03 05:07:45.763 INFO Train - trainImages: loading image
2022-03-03 05:07:45.764 DEBUG Train - trainImages: /home/vikasjoshis001/Desktop/Handtracking/FaceRecognition/images_to_train/cersie lannister/index5.jpeg
2022-03-03 05:07:45.764 INFO Train - trainImages: loading image done
2022-03-03 05:07:45.764 INFO Train - trainImages: finding the encoding of image
2022-03-03 05:07:45.870 INFO Train - trainImages: finding encoding of image is done
2022-03-03 05:07:45.870 INFO Train - trainImages: loading image
2022-03-03 05:07:45.871 DEBUG Train - trainImages: /home/vikasjoshis001/Desktop/Handtracking/FaceRecognition/images_to_train/cersie lannister/index2.jpeg
2022-03-03 05:07:45.871 INFO Train - trainImages: loading image done
2022-03-03 05:07:45.871 INFO Train - trainImages: finding the encoding of image
2022-03-03 05:07:45.986 INFO Train - trainImages: finding encoding of image is done
2022-03-03 05:07:45.987 INFO Train - trainImages: loading image
2022-03-03 05:07:45.988 DEBUG Train - trainImages: /home/vikasjoshis001/Desktop/Handtracking/FaceRecognition/images_to_train/cersie lannister/index4.jpeg
2022-03-03 05:07:45.988 INFO Train - trainImages: loading image done
2022-03-03 05:07:45.988 INFO Train - trainImages: finding the encoding of image
2022-03-03 05:07:46.102 INFO Train - trainImages: finding encoding of image is done
2022-03-03 05:07:46.103 INFO Train - trainImages: getting average of encodings of loaded images
2022-03-03 05:07:46.103 INFO Train - trainImages: done with getting average encodings
2022-03-03 05:07:46.103 INFO Train - trainImages: storing the name and encoding in local dictionary
2022-03-03 05:07:46.103 INFO Train - trainImages: stored name and encodes in local dictionary
2022-03-03 05:07:46.103 INFO Train - trainImages: storing the name and encodings in mongodb
2022-03-03 05:07:46.104 INFO Train - trainImages: stored all name and encodes in mongodb
2022-03-03 05:07:46.104 INFO Train - trainImages: started loading images and finding their encodings
2022-03-03 05:07:46.104 INFO Train - trainImages: loading image
2022-03-03 05:07:46.106 DEBUG Train - trainImages: /home/vikasjoshis001/Desktop/Handtracking/FaceRecognition/images_to_train/king in the north/index.jpeg
2022-03-03 05:07:46.106 INFO Train - trainImages: loading image done
2022-03-03 05:07:46.106 INFO Train - trainImages: finding the encoding of image
2022-03-03 05:07:46.219 INFO Train - trainImages: finding encoding of image is done
2022-03-03 05:07:46.219 INFO Train - trainImages: loading image
2022-03-03 05:07:46.223 DEBUG Train - trainImages: /home/vikasjoshis001/Desktop/Handtracking/FaceRecognition/images_to_train/king in the north/index3.jpeg
2022-03-03 05:07:46.223 INFO Train - trainImages: loading image done
2022-03-03 05:07:46.223 INFO Train - trainImages: finding the encoding of image
2022-03-03 05:07:46.383 INFO Train - trainImages: finding encoding of image is done
2022-03-03 05:07:46.383 INFO Train - trainImages: loading image
2022-03-03 05:07:46.384 DEBUG Train - trainImages: /home/vikasjoshis001/Desktop/Handtracking/FaceRecognition/images_to_train/king in the north/index5.jpeg
2022-03-03 05:07:46.385 INFO Train - trainImages: loading image done
2022-03-03 05:07:46.385 INFO Train - trainImages: finding the encoding of image
2022-03-03 05:07:46.493 INFO Train - trainImages: finding encoding of image is done
2022-03-03 05:07:46.493 INFO Train - trainImages: loading image
2022-03-03 05:07:46.497 DEBUG Train - trainImages: /home/vikasjoshis001/Desktop/Handtracking/FaceRecognition/images_to_train/king in the north/index2.jpeg
2022-03-03 05:07:46.497 INFO Train - trainImages: loading image done
2022-03-03 05:07:46.497 INFO Train - trainImages: finding the encoding of image
2022-03-03 05:07:46.619 INFO Train - trainImages: finding encoding of image is done
2022-03-03 05:07:46.619 INFO Train - trainImages: loading image
2022-03-03 05:07:46.621 DEBUG Train - trainImages: /home/vikasjoshis001/Desktop/Handtracking/FaceRecognition/images_to_train/king in the north/index4.jpeg
2022-03-03 05:07:46.621 INFO Train - trainImages: loading image done
2022-03-03 05:07:46.621 INFO Train - trainImages: finding the encoding of image
2022-03-03 05:07:46.733 INFO Train - trainImages: finding encoding of image is done
2022-03-03 05:07:46.733 INFO Train - trainImages: getting average of encodings of loaded images
2022-03-03 05:07:46.734 INFO Train - trainImages: done with getting average encodings
2022-03-03 05:07:46.734 INFO Train - trainImages: storing the name and encoding in local dictionary
2022-03-03 05:07:46.734 INFO Train - trainImages: stored name and encodes in local dictionary
2022-03-03 05:07:46.734 INFO Train - trainImages: storing the name and encodings in mongodb
2022-03-03 05:07:46.735 INFO Train - trainImages: stored all name and encodes in mongodb
2022-03-03 05:07:46.735 INFO Train - trainImages: started loading images and finding their encodings
2022-03-03 05:07:46.735 INFO Train - trainImages: loading image
2022-03-03 05:07:46.739 DEBUG Train - trainImages: /home/vikasjoshis001/Desktop/Handtracking/FaceRecognition/images_to_train/Vikas-2022-03-03 05:07:36.465227/Vikas.bfe51f5f-9a81-11ec-b49d-67321ed6dc70.jpeg
2022-03-03 05:07:46.739 INFO Train - trainImages: loading image done
2022-03-03 05:07:46.739 INFO Train - trainImages: finding the encoding of image
2022-03-03 05:07:47.056 INFO Train - trainImages: finding encoding of image is done
2022-03-03 05:07:47.056 INFO Train - trainImages: loading image
2022-03-03 05:07:47.062 DEBUG Train - trainImages: /home/vikasjoshis001/Desktop/Handtracking/FaceRecognition/images_to_train/Vikas-2022-03-03 05:07:36.465227/Vikas.c11cdecb-9a81-11ec-b49d-67321ed6dc70.jpeg
2022-03-03 05:07:47.062 INFO Train - trainImages: loading image done
2022-03-03 05:07:47.062 INFO Train - trainImages: finding the encoding of image
2022-03-03 05:07:47.273 INFO Train - trainImages: finding encoding of image is done
2022-03-03 05:07:47.273 INFO Train - trainImages: loading image
2022-03-03 05:07:47.276 DEBUG Train - trainImages: /home/vikasjoshis001/Desktop/Handtracking/FaceRecognition/images_to_train/Vikas-2022-03-03 05:07:36.465227/Vikas.c11cdeca-9a81-11ec-b49d-67321ed6dc70.jpeg
2022-03-03 05:07:47.276 INFO Train - trainImages: loading image done
2022-03-03 05:07:47.276 INFO Train - trainImages: finding the encoding of image
2022-03-03 05:07:47.457 INFO Train - trainImages: finding encoding of image is done
2022-03-03 05:07:47.457 INFO Train - trainImages: loading image
2022-03-03 05:07:47.459 DEBUG Train - trainImages: /home/vikasjoshis001/Desktop/Handtracking/FaceRecognition/images_to_train/Vikas-2022-03-03 05:07:36.465227/Vikas.be24318c-9a81-11ec-b49d-67321ed6dc70.jpeg
2022-03-03 05:07:47.459 INFO Train - trainImages: loading image done
2022-03-03 05:07:47.459 INFO Train - trainImages: finding the encoding of image
2022-03-03 05:07:47.637 INFO Train - trainImages: finding encoding of image is done
2022-03-03 05:07:47.637 INFO Train - trainImages: loading image
2022-03-03 05:07:47.639 DEBUG Train - trainImages: /home/vikasjoshis001/Desktop/Handtracking/FaceRecognition/images_to_train/Vikas-2022-03-03 05:07:36.465227/Vikas.bfe51f5e-9a81-11ec-b49d-67321ed6dc70.jpeg
2022-03-03 05:07:47.639 INFO Train - trainImages: loading image done
2022-03-03 05:07:47.639 INFO Train - trainImages: finding the encoding of image
2022-03-03 05:07:47.816 INFO Train - trainImages: finding encoding of image is done
2022-03-03 05:07:47.816 INFO Train - trainImages: getting average of encodings of loaded images
2022-03-03 05:07:47.817 INFO Train - trainImages: done with getting average encodings
2022-03-03 05:07:47.817 INFO Train - trainImages: storing the name and encoding in local dictionary
2022-03-03 05:07:47.817 INFO Train - trainImages: stored name and encodes in local dictionary
2022-03-03 05:07:47.817 INFO Train - trainImages: storing the name and encodings in mongodb
2022-03-03 05:07:47.817 INFO Train - trainImages: stored all name and encodes in mongodb
2022-03-03 05:07:47.817 INFO Train - trainImages: started loading images and finding their encodings
2022-03-03 05:07:47.817 INFO Train - trainImages: loading image
2022-03-03 05:07:47.819 DEBUG Train - trainImages: /home/vikasjoshis001/Desktop/Handtracking/FaceRecognition/images_to_train/arya stark/index.jpeg
2022-03-03 05:07:47.819 INFO Train - trainImages: loading image done
2022-03-03 05:07:47.819 INFO Train - trainImages: finding the encoding of image
2022-03-03 05:07:47.886 INFO Train - trainImages: finding encoding of image is done
2022-03-03 05:07:47.886 INFO Train - trainImages: loading image
2022-03-03 05:07:47.888 DEBUG Train - trainImages: /home/vikasjoshis001/Desktop/Handtracking/FaceRecognition/images_to_train/arya stark/index3.jpeg
2022-03-03 05:07:47.888 INFO Train - trainImages: loading image done
2022-03-03 05:07:47.888 INFO Train - trainImages: finding the encoding of image
2022-03-03 05:07:47.952 INFO Train - trainImages: finding encoding of image is done
2022-03-03 05:07:47.952 INFO Train - trainImages: loading image
2022-03-03 05:07:47.954 DEBUG Train - trainImages: /home/vikasjoshis001/Desktop/Handtracking/FaceRecognition/images_to_train/arya stark/index5.jpeg
2022-03-03 05:07:47.954 INFO Train - trainImages: loading image done
2022-03-03 05:07:47.954 INFO Train - trainImages: finding the encoding of image
2022-03-03 05:07:48.020 INFO Train - trainImages: finding encoding of image is done
2022-03-03 05:07:48.020 INFO Train - trainImages: loading image
2022-03-03 05:07:48.022 DEBUG Train - trainImages: /home/vikasjoshis001/Desktop/Handtracking/FaceRecognition/images_to_train/arya stark/index2.jpeg
2022-03-03 05:07:48.022 INFO Train - trainImages: loading image done
2022-03-03 05:07:48.022 INFO Train - trainImages: finding the encoding of image
2022-03-03 05:07:48.087 INFO Train - trainImages: finding encoding of image is done
2022-03-03 05:07:48.087 INFO Train - trainImages: loading image
2022-03-03 05:07:48.089 DEBUG Train - trainImages: /home/vikasjoshis001/Desktop/Handtracking/FaceRecognition/images_to_train/arya stark/images4.jpeg
2022-03-03 05:07:48.089 INFO Train - trainImages: loading image done
2022-03-03 05:07:48.089 INFO Train - trainImages: finding the encoding of image
2022-03-03 05:07:48.153 INFO Train - trainImages: finding encoding of image is done
2022-03-03 05:07:48.153 INFO Train - trainImages: getting average of encodings of loaded images
2022-03-03 05:07:48.153 INFO Train - trainImages: done with getting average encodings
2022-03-03 05:07:48.153 INFO Train - trainImages: storing the name and encoding in local dictionary
2022-03-03 05:07:48.153 INFO Train - trainImages: stored name and encodes in local dictionary
2022-03-03 05:07:48.153 INFO Train - trainImages: storing the name and encodings in mongodb
2022-03-03 05:07:48.154 INFO Train - trainImages: stored all name and encodes in mongodb
