2022-11-12 18:45:31.322 INFO train - <module>: MongoDB database connected successfully
2022-11-12 18:45:31.324 INFO train - <module>: collected all folders in known_people folder
2022-11-12 18:45:31.324 DEBUG train - <module>: ['cersie lannister', 'tyrion lannister', 'denerys targeryan', 'king in the north', 'arya stark']
2022-11-12 18:45:31.324 INFO train - <module>: collected all images from all folders in known_people folder
2022-11-12 18:45:31.324 DEBUG train - <module>: [['/home/vikasjoshis001/Files/Projects/My_Projects/Gestures/images_to_train/cersie lannister/index2.jpeg', '/home/vikasjoshis001/Files/Projects/My_Projects/Gestures/images_to_train/cersie lannister/index5.jpeg', '/home/vikasjoshis001/Files/Projects/My_Projects/Gestures/images_to_train/cersie lannister/index4.jpeg', '/home/vikasjoshis001/Files/Projects/My_Projects/Gestures/images_to_train/cersie lannister/index3.jpeg'], ['/home/vikasjoshis001/Files/Projects/My_Projects/Gestures/images_to_train/tyrion lannister/index2.jpeg', '/home/vikasjoshis001/Files/Projects/My_Projects/Gestures/images_to_train/tyrion lannister/index4.jpeg', '/home/vikasjoshis001/Files/Projects/My_Projects/Gestures/images_to_train/tyrion lannister/index1.jpeg', '/home/vikasjoshis001/Files/Projects/My_Projects/Gestures/images_to_train/tyrion lannister/index3.jpeg', '/home/vikasjoshis001/Files/Projects/My_Projects/Gestures/images_to_train/tyrion lannister/images5.jpeg'], ['/home/vikasjoshis001/Files/Projects/My_Projects/Gestures/images_to_train/denerys targeryan/index2.jpeg', '/home/vikasjoshis001/Files/Projects/My_Projects/Gestures/images_to_train/denerys targeryan/index5.jpeg', '/home/vikasjoshis001/Files/Projects/My_Projects/Gestures/images_to_train/denerys targeryan/index4.jpeg', '/home/vikasjoshis001/Files/Projects/My_Projects/Gestures/images_to_train/denerys targeryan/index1.jpeg', '/home/vikasjoshis001/Files/Projects/My_Projects/Gestures/images_to_train/denerys targeryan/index3.jpeg'], ['/home/vikasjoshis001/Files/Projects/My_Projects/Gestures/images_to_train/king in the north/index2.jpeg', '/home/vikasjoshis001/Files/Projects/My_Projects/Gestures/images_to_train/king in the north/index5.jpeg', '/home/vikasjoshis001/Files/Projects/My_Projects/Gestures/images_to_train/king in the north/index4.jpeg', '/home/vikasjoshis001/Files/Projects/My_Projects/Gestures/images_to_train/king in the north/index3.jpeg', '/home/vikasjoshis001/Files/Projects/My_Projects/Gestures/images_to_train/king in the north/index.jpeg'], ['/home/vikasjoshis001/Files/Projects/My_Projects/Gestures/images_to_train/arya stark/images4.jpeg', '/home/vikasjoshis001/Files/Projects/My_Projects/Gestures/images_to_train/arya stark/index2.jpeg', '/home/vikasjoshis001/Files/Projects/My_Projects/Gestures/images_to_train/arya stark/index5.jpeg', '/home/vikasjoshis001/Files/Projects/My_Projects/Gestures/images_to_train/arya stark/index3.jpeg', '/home/vikasjoshis001/Files/Projects/My_Projects/Gestures/images_to_train/arya stark/index.jpeg']]
2022-11-12 18:45:31.324 INFO train - <module>: started loading images and finding their encodings
2022-11-12 18:45:31.324 INFO train - <module>: loading image
2022-11-12 18:45:31.330 DEBUG train - <module>: /home/vikasjoshis001/Files/Projects/My_Projects/Gestures/images_to_train/cersie lannister/index2.jpeg
2022-11-12 18:45:31.330 INFO train - <module>: loading image done
2022-11-12 18:45:31.330 INFO train - <module>: finding the encoding of image
2022-11-12 18:45:31.457 INFO train - <module>: finding encoding of image is done
2022-11-12 18:45:31.457 INFO train - <module>: loading image
2022-11-12 18:45:31.458 DEBUG train - <module>: /home/vikasjoshis001/Files/Projects/My_Projects/Gestures/images_to_train/cersie lannister/index5.jpeg
2022-11-12 18:45:31.458 INFO train - <module>: loading image done
2022-11-12 18:45:31.458 INFO train - <module>: finding the encoding of image
2022-11-12 18:45:31.579 INFO train - <module>: finding encoding of image is done
2022-11-12 18:45:31.580 INFO train - <module>: loading image
2022-11-12 18:45:31.580 DEBUG train - <module>: /home/vikasjoshis001/Files/Projects/My_Projects/Gestures/images_to_train/cersie lannister/index4.jpeg
2022-11-12 18:45:31.580 INFO train - <module>: loading image done
2022-11-12 18:45:31.580 INFO train - <module>: finding the encoding of image
2022-11-12 18:45:31.702 INFO train - <module>: finding encoding of image is done
2022-11-12 18:45:31.703 INFO train - <module>: loading image
2022-11-12 18:45:31.703 DEBUG train - <module>: /home/vikasjoshis001/Files/Projects/My_Projects/Gestures/images_to_train/cersie lannister/index3.jpeg
2022-11-12 18:45:31.703 INFO train - <module>: loading image done
2022-11-12 18:45:31.703 INFO train - <module>: finding the encoding of image
2022-11-12 18:45:31.825 INFO train - <module>: finding encoding of image is done
2022-11-12 18:45:31.826 INFO train - <module>: getting average of encodings of loaded images
2022-11-12 18:45:31.826 INFO train - <module>: done with getting average encodings
2022-11-12 18:45:31.826 INFO train - <module>: storing the name and encoding in local dictionary
2022-11-12 18:45:31.826 INFO train - <module>: stored name and encodes in local dictionary
2022-11-12 18:45:31.826 INFO train - <module>: storing the name and encodings in mongodb
2022-11-12 18:45:31.847 INFO train - <module>: stored all name and encodes in mongodb
2022-11-12 18:45:31.847 INFO train - <module>: started loading images and finding their encodings
2022-11-12 18:45:31.847 INFO train - <module>: loading image
2022-11-12 18:45:31.848 DEBUG train - <module>: /home/vikasjoshis001/Files/Projects/My_Projects/Gestures/images_to_train/tyrion lannister/index2.jpeg
2022-11-12 18:45:31.848 INFO train - <module>: loading image done
2022-11-12 18:45:31.848 INFO train - <module>: finding the encoding of image
2022-11-12 18:45:31.974 INFO train - <module>: finding encoding of image is done
2022-11-12 18:45:31.974 INFO train - <module>: loading image
2022-11-12 18:45:31.975 DEBUG train - <module>: /home/vikasjoshis001/Files/Projects/My_Projects/Gestures/images_to_train/tyrion lannister/index4.jpeg
2022-11-12 18:45:31.975 INFO train - <module>: loading image done
2022-11-12 18:45:31.975 INFO train - <module>: finding the encoding of image
2022-11-12 18:45:32.095 INFO train - <module>: finding encoding of image is done
2022-11-12 18:45:32.095 INFO train - <module>: loading image
2022-11-12 18:45:32.096 DEBUG train - <module>: /home/vikasjoshis001/Files/Projects/My_Projects/Gestures/images_to_train/tyrion lannister/index1.jpeg
2022-11-12 18:45:32.096 INFO train - <module>: loading image done
2022-11-12 18:45:32.096 INFO train - <module>: finding the encoding of image
2022-11-12 18:45:32.217 INFO train - <module>: finding encoding of image is done
2022-11-12 18:45:32.217 INFO train - <module>: loading image
2022-11-12 18:45:32.217 DEBUG train - <module>: /home/vikasjoshis001/Files/Projects/My_Projects/Gestures/images_to_train/tyrion lannister/index3.jpeg
2022-11-12 18:45:32.217 INFO train - <module>: loading image done
2022-11-12 18:45:32.217 INFO train - <module>: finding the encoding of image
2022-11-12 18:45:32.339 INFO train - <module>: finding encoding of image is done
2022-11-12 18:45:32.339 INFO train - <module>: loading image
2022-11-12 18:45:32.339 DEBUG train - <module>: /home/vikasjoshis001/Files/Projects/My_Projects/Gestures/images_to_train/tyrion lannister/images5.jpeg
2022-11-12 18:45:32.339 INFO train - <module>: loading image done
2022-11-12 18:45:32.339 INFO train - <module>: finding the encoding of image
2022-11-12 18:45:32.463 INFO train - <module>: finding encoding of image is done
2022-11-12 18:45:32.463 INFO train - <module>: getting average of encodings of loaded images
2022-11-12 18:45:32.463 INFO train - <module>: done with getting average encodings
2022-11-12 18:45:32.463 INFO train - <module>: storing the name and encoding in local dictionary
2022-11-12 18:45:32.463 INFO train - <module>: stored name and encodes in local dictionary
2022-11-12 18:45:32.463 INFO train - <module>: storing the name and encodings in mongodb
2022-11-12 18:45:32.464 INFO train - <module>: stored all name and encodes in mongodb
2022-11-12 18:45:32.464 INFO train - <module>: started loading images and finding their encodings
2022-11-12 18:45:32.464 INFO train - <module>: loading image
2022-11-12 18:45:32.465 DEBUG train - <module>: /home/vikasjoshis001/Files/Projects/My_Projects/Gestures/images_to_train/denerys targeryan/index2.jpeg
2022-11-12 18:45:32.465 INFO train - <module>: loading image done
2022-11-12 18:45:32.465 INFO train - <module>: finding the encoding of image
2022-11-12 18:45:32.589 INFO train - <module>: finding encoding of image is done
2022-11-12 18:45:32.590 INFO train - <module>: loading image
2022-11-12 18:45:32.590 DEBUG train - <module>: /home/vikasjoshis001/Files/Projects/My_Projects/Gestures/images_to_train/denerys targeryan/index5.jpeg
2022-11-12 18:45:32.590 INFO train - <module>: loading image done
2022-11-12 18:45:32.590 INFO train - <module>: finding the encoding of image
2022-11-12 18:45:32.714 INFO train - <module>: finding encoding of image is done
2022-11-12 18:45:32.714 INFO train - <module>: loading image
2022-11-12 18:45:32.714 DEBUG train - <module>: /home/vikasjoshis001/Files/Projects/My_Projects/Gestures/images_to_train/denerys targeryan/index4.jpeg
2022-11-12 18:45:32.715 INFO train - <module>: loading image done
2022-11-12 18:45:32.715 INFO train - <module>: finding the encoding of image
2022-11-12 18:45:32.835 INFO train - <module>: finding encoding of image is done
2022-11-12 18:45:32.835 INFO train - <module>: loading image
2022-11-12 18:45:32.835 DEBUG train - <module>: /home/vikasjoshis001/Files/Projects/My_Projects/Gestures/images_to_train/denerys targeryan/index1.jpeg
2022-11-12 18:45:32.836 INFO train - <module>: loading image done
2022-11-12 18:45:32.836 INFO train - <module>: finding the encoding of image
2022-11-12 18:45:32.959 INFO train - <module>: finding encoding of image is done
2022-11-12 18:45:32.959 INFO train - <module>: loading image
2022-11-12 18:45:32.959 DEBUG train - <module>: /home/vikasjoshis001/Files/Projects/My_Projects/Gestures/images_to_train/denerys targeryan/index3.jpeg
2022-11-12 18:45:32.959 INFO train - <module>: loading image done
2022-11-12 18:45:32.959 INFO train - <module>: finding the encoding of image
2022-11-12 18:45:33.081 INFO train - <module>: finding encoding of image is done
2022-11-12 18:45:33.081 INFO train - <module>: getting average of encodings of loaded images
2022-11-12 18:45:33.082 INFO train - <module>: done with getting average encodings
2022-11-12 18:45:33.082 INFO train - <module>: storing the name and encoding in local dictionary
2022-11-12 18:45:33.082 INFO train - <module>: stored name and encodes in local dictionary
2022-11-12 18:45:33.082 INFO train - <module>: storing the name and encodings in mongodb
2022-11-12 18:45:33.083 INFO train - <module>: stored all name and encodes in mongodb
2022-11-12 18:45:33.083 INFO train - <module>: started loading images and finding their encodings
2022-11-12 18:45:33.083 INFO train - <module>: loading image
2022-11-12 18:45:33.083 DEBUG train - <module>: /home/vikasjoshis001/Files/Projects/My_Projects/Gestures/images_to_train/king in the north/index2.jpeg
2022-11-12 18:45:33.083 INFO train - <module>: loading image done
2022-11-12 18:45:33.083 INFO train - <module>: finding the encoding of image
2022-11-12 18:45:33.205 INFO train - <module>: finding encoding of image is done
2022-11-12 18:45:33.205 INFO train - <module>: loading image
2022-11-12 18:45:33.206 DEBUG train - <module>: /home/vikasjoshis001/Files/Projects/My_Projects/Gestures/images_to_train/king in the north/index5.jpeg
2022-11-12 18:45:33.206 INFO train - <module>: loading image done
2022-11-12 18:45:33.206 INFO train - <module>: finding the encoding of image
2022-11-12 18:45:33.328 INFO train - <module>: finding encoding of image is done
2022-11-12 18:45:33.328 INFO train - <module>: loading image
2022-11-12 18:45:33.329 DEBUG train - <module>: /home/vikasjoshis001/Files/Projects/My_Projects/Gestures/images_to_train/king in the north/index4.jpeg
2022-11-12 18:45:33.329 INFO train - <module>: loading image done
2022-11-12 18:45:33.329 INFO train - <module>: finding the encoding of image
2022-11-12 18:45:33.477 INFO train - <module>: finding encoding of image is done
2022-11-12 18:45:33.477 INFO train - <module>: loading image
2022-11-12 18:45:33.478 DEBUG train - <module>: /home/vikasjoshis001/Files/Projects/My_Projects/Gestures/images_to_train/king in the north/index3.jpeg
2022-11-12 18:45:33.478 INFO train - <module>: loading image done
2022-11-12 18:45:33.478 INFO train - <module>: finding the encoding of image
2022-11-12 18:45:33.602 INFO train - <module>: finding encoding of image is done
2022-11-12 18:45:33.603 INFO train - <module>: loading image
2022-11-12 18:45:33.603 DEBUG train - <module>: /home/vikasjoshis001/Files/Projects/My_Projects/Gestures/images_to_train/king in the north/index.jpeg
2022-11-12 18:45:33.603 INFO train - <module>: loading image done
2022-11-12 18:45:33.603 INFO train - <module>: finding the encoding of image
2022-11-12 18:45:33.724 INFO train - <module>: finding encoding of image is done
2022-11-12 18:45:33.725 INFO train - <module>: getting average of encodings of loaded images
2022-11-12 18:45:33.725 INFO train - <module>: done with getting average encodings
2022-11-12 18:45:33.725 INFO train - <module>: storing the name and encoding in local dictionary
2022-11-12 18:45:33.725 INFO train - <module>: stored name and encodes in local dictionary
2022-11-12 18:45:33.725 INFO train - <module>: storing the name and encodings in mongodb
2022-11-12 18:45:33.726 INFO train - <module>: stored all name and encodes in mongodb
2022-11-12 18:45:33.726 INFO train - <module>: started loading images and finding their encodings
2022-11-12 18:45:33.726 INFO train - <module>: loading image
2022-11-12 18:45:33.726 DEBUG train - <module>: /home/vikasjoshis001/Files/Projects/My_Projects/Gestures/images_to_train/arya stark/images4.jpeg
2022-11-12 18:45:33.726 INFO train - <module>: loading image done
2022-11-12 18:45:33.726 INFO train - <module>: finding the encoding of image
2022-11-12 18:45:33.847 INFO train - <module>: finding encoding of image is done
2022-11-12 18:45:33.847 INFO train - <module>: loading image
2022-11-12 18:45:33.847 DEBUG train - <module>: /home/vikasjoshis001/Files/Projects/My_Projects/Gestures/images_to_train/arya stark/index2.jpeg
2022-11-12 18:45:33.847 INFO train - <module>: loading image done
2022-11-12 18:45:33.847 INFO train - <module>: finding the encoding of image
2022-11-12 18:45:33.968 INFO train - <module>: finding encoding of image is done
2022-11-12 18:45:33.968 INFO train - <module>: loading image
2022-11-12 18:45:33.968 DEBUG train - <module>: /home/vikasjoshis001/Files/Projects/My_Projects/Gestures/images_to_train/arya stark/index5.jpeg
2022-11-12 18:45:33.968 INFO train - <module>: loading image done
2022-11-12 18:45:33.968 INFO train - <module>: finding the encoding of image
2022-11-12 18:45:34.091 INFO train - <module>: finding encoding of image is done
2022-11-12 18:45:34.091 INFO train - <module>: loading image
2022-11-12 18:45:34.092 DEBUG train - <module>: /home/vikasjoshis001/Files/Projects/My_Projects/Gestures/images_to_train/arya stark/index3.jpeg
2022-11-12 18:45:34.092 INFO train - <module>: loading image done
2022-11-12 18:45:34.092 INFO train - <module>: finding the encoding of image
2022-11-12 18:45:34.212 INFO train - <module>: finding encoding of image is done
2022-11-12 18:45:34.212 INFO train - <module>: loading image
2022-11-12 18:45:34.213 DEBUG train - <module>: /home/vikasjoshis001/Files/Projects/My_Projects/Gestures/images_to_train/arya stark/index.jpeg
2022-11-12 18:45:34.213 INFO train - <module>: loading image done
2022-11-12 18:45:34.213 INFO train - <module>: finding the encoding of image
2022-11-12 18:45:34.336 INFO train - <module>: finding encoding of image is done
2022-11-12 18:45:34.336 INFO train - <module>: getting average of encodings of loaded images
2022-11-12 18:45:34.336 INFO train - <module>: done with getting average encodings
2022-11-12 18:45:34.336 INFO train - <module>: storing the name and encoding in local dictionary
2022-11-12 18:45:34.336 INFO train - <module>: stored name and encodes in local dictionary
2022-11-12 18:45:34.336 INFO train - <module>: storing the name and encodings in mongodb
2022-11-12 18:45:34.337 INFO train - <module>: stored all name and encodes in mongodb
