2022-03-31 12:52:03.518 INFO Train - trainImages: MongoDB database connected successfully
2022-03-31 12:52:03.525 INFO Train - trainImages: collected all folders in known_people folder
2022-03-31 12:52:03.526 DEBUG Train - trainImages: ['tyrion lannister', 'Shubham-2022-03-31 12:14:08.769566', 'jhvxfgh-2022-03-31 12:32:20.012113', 'denerys targeryan', 'kn knmf b-2022-03-31 12:51:51.962939', 'cersie lannister', 'cdvbxd-2022-03-31 12:29:01.669747', 'king in the north', 'vhm-2022-03-31 12:22:16.839677', 'vnkfdjznb-2022-03-31 12:50:03.756797', 'fdf-2022-03-31 12:47:24.940166', 'Chai-2022-03-31 12:20:10.218479', 'arya stark', 'gh-2022-03-31 12:23:19.211189', 'Sad-2022-03-31 12:16:52.952750', 'Vikas-2022-03-12 15:33:49.979215', 'csdzcz-2022-03-31 12:31:31.420705']
2022-03-31 12:52:03.530 INFO Train - trainImages: collected all images from all folders in known_people folder
2022-03-31 12:52:03.530 DEBUG Train - trainImages: [['/home/vikasjoshis001/Desktop/Gestures/images_to_train/tyrion lannister/images5.jpeg', '/home/vikasjoshis001/Desktop/Gestures/images_to_train/tyrion lannister/index3.jpeg', '/home/vikasjoshis001/Desktop/Gestures/images_to_train/tyrion lannister/index1.jpeg', '/home/vikasjoshis001/Desktop/Gestures/images_to_train/tyrion lannister/index2.jpeg', '/home/vikasjoshis001/Desktop/Gestures/images_to_train/tyrion lannister/index4.jpeg'], ['/home/vikasjoshis001/Desktop/Gestures/images_to_train/Shubham-2022-03-31 12:14:08.769566/Shubham.f8cc63d4-b0bd-11ec-95c9-353773ec36e1.jpeg'], ['/home/vikasjoshis001/Desktop/Gestures/images_to_train/jhvxfgh-2022-03-31 12:32:20.012113/jhvxfgh.81ffab14-b0c0-11ec-95c9-353773ec36e1.jpeg', '/home/vikasjoshis001/Desktop/Gestures/images_to_train/jhvxfgh-2022-03-31 12:32:20.012113/jhvxfgh.84860fae-b0c0-11ec-95c9-353773ec36e1.jpeg', '/home/vikasjoshis001/Desktop/Gestures/images_to_train/jhvxfgh-2022-03-31 12:32:20.012113/jhvxfgh.834cff26-b0c0-11ec-95c9-353773ec36e1.jpeg', '/home/vikasjoshis001/Desktop/Gestures/images_to_train/jhvxfgh-2022-03-31 12:32:20.012113/jhvxfgh.834cff27-b0c0-11ec-95c9-353773ec36e1.jpeg', '/home/vikasjoshis001/Desktop/Gestures/images_to_train/jhvxfgh-2022-03-31 12:32:20.012113/jhvxfgh.81ffab15-b0c0-11ec-95c9-353773ec36e1.jpeg'], ['/home/vikasjoshis001/Desktop/Gestures/images_to_train/denerys targeryan/index3.jpeg', '/home/vikasjoshis001/Desktop/Gestures/images_to_train/denerys targeryan/index5.jpeg', '/home/vikasjoshis001/Desktop/Gestures/images_to_train/denerys targeryan/index1.jpeg', '/home/vikasjoshis001/Desktop/Gestures/images_to_train/denerys targeryan/index2.jpeg', '/home/vikasjoshis001/Desktop/Gestures/images_to_train/denerys targeryan/index4.jpeg'], ['/home/vikasjoshis001/Desktop/Gestures/images_to_train/kn knmf b-2022-03-31 12:51:51.962939/kn knmf b.3f0ce562-b0c3-11ec-95c9-353773ec36e1.jpeg', '/home/vikasjoshis001/Desktop/Gestures/images_to_train/kn knmf b-2022-03-31 12:51:51.962939/kn knmf b.3c892346-b0c3-11ec-95c9-353773ec36e1.jpeg', '/home/vikasjoshis001/Desktop/Gestures/images_to_train/kn knmf b-2022-03-31 12:51:51.962939/kn knmf b.3dd2dfc6-b0c3-11ec-95c9-353773ec36e1.jpeg', '/home/vikasjoshis001/Desktop/Gestures/images_to_train/kn knmf b-2022-03-31 12:51:51.962939/kn knmf b.3c892347-b0c3-11ec-95c9-353773ec36e1.jpeg', '/home/vikasjoshis001/Desktop/Gestures/images_to_train/kn knmf b-2022-03-31 12:51:51.962939/kn knmf b.3dd2dfc7-b0c3-11ec-95c9-353773ec36e1.jpeg'], ['/home/vikasjoshis001/Desktop/Gestures/images_to_train/cersie lannister/index3.jpeg', '/home/vikasjoshis001/Desktop/Gestures/images_to_train/cersie lannister/index5.jpeg', '/home/vikasjoshis001/Desktop/Gestures/images_to_train/cersie lannister/index2.jpeg', '/home/vikasjoshis001/Desktop/Gestures/images_to_train/cersie lannister/index4.jpeg'], ['/home/vikasjoshis001/Desktop/Gestures/images_to_train/cdvbxd-2022-03-31 12:29:01.669747/cdvbxd.0dac1d9d-b0c0-11ec-95c9-353773ec36e1.jpeg', '/home/vikasjoshis001/Desktop/Gestures/images_to_train/cdvbxd-2022-03-31 12:29:01.669747/cdvbxd.0dac1d9c-b0c0-11ec-95c9-353773ec36e1.jpeg', '/home/vikasjoshis001/Desktop/Gestures/images_to_train/cdvbxd-2022-03-31 12:29:01.669747/cdvbxd.0c763945-b0c0-11ec-95c9-353773ec36e1.jpeg', '/home/vikasjoshis001/Desktop/Gestures/images_to_train/cdvbxd-2022-03-31 12:29:01.669747/cdvbxd.0bc67946-b0c0-11ec-95c9-353773ec36e1.jpeg', '/home/vikasjoshis001/Desktop/Gestures/images_to_train/cdvbxd-2022-03-31 12:29:01.669747/cdvbxd.0c763944-b0c0-11ec-95c9-353773ec36e1.jpeg'], ['/home/vikasjoshis001/Desktop/Gestures/images_to_train/king in the north/index.jpeg', '/home/vikasjoshis001/Desktop/Gestures/images_to_train/king in the north/index3.jpeg', '/home/vikasjoshis001/Desktop/Gestures/images_to_train/king in the north/index5.jpeg', '/home/vikasjoshis001/Desktop/Gestures/images_to_train/king in the north/index2.jpeg', '/home/vikasjoshis001/Desktop/Gestures/images_to_train/king in the north/index4.jpeg'], ['/home/vikasjoshis001/Desktop/Gestures/images_to_train/vhm-2022-03-31 12:22:16.839677/vhm.1a7afe73-b0bf-11ec-95c9-353773ec36e1.jpeg', '/home/vikasjoshis001/Desktop/Gestures/images_to_train/vhm-2022-03-31 12:22:16.839677/vhm.1a7afe72-b0bf-11ec-95c9-353773ec36e1.jpeg', '/home/vikasjoshis001/Desktop/Gestures/images_to_train/vhm-2022-03-31 12:22:16.839677/vhm.1a7afe75-b0bf-11ec-95c9-353773ec36e1.jpeg', '/home/vikasjoshis001/Desktop/Gestures/images_to_train/vhm-2022-03-31 12:22:16.839677/vhm.1a7afe74-b0bf-11ec-95c9-353773ec36e1.jpeg', '/home/vikasjoshis001/Desktop/Gestures/images_to_train/vhm-2022-03-31 12:22:16.839677/vhm.1a7afe76-b0bf-11ec-95c9-353773ec36e1.jpeg'], ['/home/vikasjoshis001/Desktop/Gestures/images_to_train/vnkfdjznb-2022-03-31 12:50:03.756797/vnkfdjznb.fc0a2ab9-b0c2-11ec-95c9-353773ec36e1.jpeg', '/home/vikasjoshis001/Desktop/Gestures/images_to_train/vnkfdjznb-2022-03-31 12:50:03.756797/vnkfdjznb.fe8e6812-b0c2-11ec-95c9-353773ec36e1.jpeg', '/home/vikasjoshis001/Desktop/Gestures/images_to_train/vnkfdjznb-2022-03-31 12:50:03.756797/vnkfdjznb.fc0a2ab8-b0c2-11ec-95c9-353773ec36e1.jpeg', '/home/vikasjoshis001/Desktop/Gestures/images_to_train/vnkfdjznb-2022-03-31 12:50:03.756797/vnkfdjznb.fd54f74b-b0c2-11ec-95c9-353773ec36e1.jpeg', '/home/vikasjoshis001/Desktop/Gestures/images_to_train/vnkfdjznb-2022-03-31 12:50:03.756797/vnkfdjznb.fd54f74a-b0c2-11ec-95c9-353773ec36e1.jpeg'], ['/home/vikasjoshis001/Desktop/Gestures/images_to_train/fdf-2022-03-31 12:47:24.940166/fdf.9eae153d-b0c2-11ec-95c9-353773ec36e1.jpeg', '/home/vikasjoshis001/Desktop/Gestures/images_to_train/fdf-2022-03-31 12:47:24.940166/fdf.9fe743ec-b0c2-11ec-95c9-353773ec36e1.jpeg', '/home/vikasjoshis001/Desktop/Gestures/images_to_train/fdf-2022-03-31 12:47:24.940166/fdf.9d60e8ee-b0c2-11ec-95c9-353773ec36e1.jpeg', '/home/vikasjoshis001/Desktop/Gestures/images_to_train/fdf-2022-03-31 12:47:24.940166/fdf.9d60e8ef-b0c2-11ec-95c9-353773ec36e1.jpeg', '/home/vikasjoshis001/Desktop/Gestures/images_to_train/fdf-2022-03-31 12:47:24.940166/fdf.9eae153c-b0c2-11ec-95c9-353773ec36e1.jpeg'], ['/home/vikasjoshis001/Desktop/Gestures/images_to_train/Chai-2022-03-31 12:20:10.218479/Chai.cf03ab39-b0be-11ec-95c9-353773ec36e1.jpeg', '/home/vikasjoshis001/Desktop/Gestures/images_to_train/Chai-2022-03-31 12:20:10.218479/Chai.cf03ab3b-b0be-11ec-95c9-353773ec36e1.jpeg', '/home/vikasjoshis001/Desktop/Gestures/images_to_train/Chai-2022-03-31 12:20:10.218479/Chai.cf03ab38-b0be-11ec-95c9-353773ec36e1.jpeg', '/home/vikasjoshis001/Desktop/Gestures/images_to_train/Chai-2022-03-31 12:20:10.218479/Chai.cf03ab3c-b0be-11ec-95c9-353773ec36e1.jpeg', '/home/vikasjoshis001/Desktop/Gestures/images_to_train/Chai-2022-03-31 12:20:10.218479/Chai.cf03ab3a-b0be-11ec-95c9-353773ec36e1.jpeg'], ['/home/vikasjoshis001/Desktop/Gestures/images_to_train/arya stark/index.jpeg', '/home/vikasjoshis001/Desktop/Gestures/images_to_train/arya stark/index3.jpeg', '/home/vikasjoshis001/Desktop/Gestures/images_to_train/arya stark/index5.jpeg', '/home/vikasjoshis001/Desktop/Gestures/images_to_train/arya stark/index2.jpeg', '/home/vikasjoshis001/Desktop/Gestures/images_to_train/arya stark/images4.jpeg'], ['/home/vikasjoshis001/Desktop/Gestures/images_to_train/gh-2022-03-31 12:23:19.211189/gh.3fa9801e-b0bf-11ec-95c9-353773ec36e1.jpeg', '/home/vikasjoshis001/Desktop/Gestures/images_to_train/gh-2022-03-31 12:23:19.211189/gh.3fa9801b-b0bf-11ec-95c9-353773ec36e1.jpeg', '/home/vikasjoshis001/Desktop/Gestures/images_to_train/gh-2022-03-31 12:23:19.211189/gh.3fa9801a-b0bf-11ec-95c9-353773ec36e1.jpeg', '/home/vikasjoshis001/Desktop/Gestures/images_to_train/gh-2022-03-31 12:23:19.211189/gh.3fa9801d-b0bf-11ec-95c9-353773ec36e1.jpeg', '/home/vikasjoshis001/Desktop/Gestures/images_to_train/gh-2022-03-31 12:23:19.211189/gh.3fa9801c-b0bf-11ec-95c9-353773ec36e1.jpeg'], ['/home/vikasjoshis001/Desktop/Gestures/images_to_train/Sad-2022-03-31 12:16:52.952750/Sad.596d38de-b0be-11ec-95c9-353773ec36e1.jpeg', '/home/vikasjoshis001/Desktop/Gestures/images_to_train/Sad-2022-03-31 12:16:52.952750/Sad.596d38dd-b0be-11ec-95c9-353773ec36e1.jpeg', '/home/vikasjoshis001/Desktop/Gestures/images_to_train/Sad-2022-03-31 12:16:52.952750/Sad.596d38da-b0be-11ec-95c9-353773ec36e1.jpeg', '/home/vikasjoshis001/Desktop/Gestures/images_to_train/Sad-2022-03-31 12:16:52.952750/Sad.596d38db-b0be-11ec-95c9-353773ec36e1.jpeg', '/home/vikasjoshis001/Desktop/Gestures/images_to_train/Sad-2022-03-31 12:16:52.952750/Sad.596d38dc-b0be-11ec-95c9-353773ec36e1.jpeg'], ['/home/vikasjoshis001/Desktop/Gestures/images_to_train/Vikas-2022-03-12 15:33:49.979215/Vikas.b761c802-a1eb-11ec-a348-e960390a4373.jpeg', '/home/vikasjoshis001/Desktop/Gestures/images_to_train/Vikas-2022-03-12 15:33:49.979215/Vikas.b9e21fbe-a1eb-11ec-a348-e960390a4373.jpeg', '/home/vikasjoshis001/Desktop/Gestures/images_to_train/Vikas-2022-03-12 15:33:49.979215/Vikas.b761c803-a1eb-11ec-a348-e960390a4373.jpeg', '/home/vikasjoshis001/Desktop/Gestures/images_to_train/Vikas-2022-03-12 15:33:49.979215/Vikas.b8aa7a74-a1eb-11ec-a348-e960390a4373.jpeg', '/home/vikasjoshis001/Desktop/Gestures/images_to_train/Vikas-2022-03-12 15:33:49.979215/Vikas.b8aa7a75-a1eb-11ec-a348-e960390a4373.jpeg'], ['/home/vikasjoshis001/Desktop/Gestures/images_to_train/csdzcz-2022-03-31 12:31:31.420705/csdzcz.6792ab96-b0c0-11ec-95c9-353773ec36e1.jpeg', '/home/vikasjoshis001/Desktop/Gestures/images_to_train/csdzcz-2022-03-31 12:31:31.420705/csdzcz.66593e70-b0c0-11ec-95c9-353773ec36e1.jpeg', '/home/vikasjoshis001/Desktop/Gestures/images_to_train/csdzcz-2022-03-31 12:31:31.420705/csdzcz.65091bb2-b0c0-11ec-95c9-353773ec36e1.jpeg', '/home/vikasjoshis001/Desktop/Gestures/images_to_train/csdzcz-2022-03-31 12:31:31.420705/csdzcz.65091bb3-b0c0-11ec-95c9-353773ec36e1.jpeg', '/home/vikasjoshis001/Desktop/Gestures/images_to_train/csdzcz-2022-03-31 12:31:31.420705/csdzcz.66593e71-b0c0-11ec-95c9-353773ec36e1.jpeg']]
2022-03-31 12:52:03.531 INFO Train - trainImages: started loading images and finding their encodings
2022-03-31 12:52:03.531 INFO Train - trainImages: loading image
2022-03-31 12:52:03.544 DEBUG Train - trainImages: /home/vikasjoshis001/Desktop/Gestures/images_to_train/tyrion lannister/images5.jpeg
2022-03-31 12:52:03.545 INFO Train - trainImages: loading image done
2022-03-31 12:52:03.545 INFO Train - trainImages: finding the encoding of image
2022-03-31 12:52:03.625 INFO Train - trainImages: finding encoding of image is done
2022-03-31 12:52:03.625 INFO Train - trainImages: loading image
2022-03-31 12:52:03.625 DEBUG Train - trainImages: /home/vikasjoshis001/Desktop/Gestures/images_to_train/tyrion lannister/index3.jpeg
2022-03-31 12:52:03.625 INFO Train - trainImages: loading image done
2022-03-31 12:52:03.625 INFO Train - trainImages: finding the encoding of image
2022-03-31 12:52:03.692 INFO Train - trainImages: finding encoding of image is done
2022-03-31 12:52:03.692 INFO Train - trainImages: loading image
2022-03-31 12:52:03.693 DEBUG Train - trainImages: /home/vikasjoshis001/Desktop/Gestures/images_to_train/tyrion lannister/index1.jpeg
2022-03-31 12:52:03.693 INFO Train - trainImages: loading image done
2022-03-31 12:52:03.693 INFO Train - trainImages: finding the encoding of image
2022-03-31 12:52:03.760 INFO Train - trainImages: finding encoding of image is done
2022-03-31 12:52:03.761 INFO Train - trainImages: loading image
2022-03-31 12:52:03.761 DEBUG Train - trainImages: /home/vikasjoshis001/Desktop/Gestures/images_to_train/tyrion lannister/index2.jpeg
2022-03-31 12:52:03.761 INFO Train - trainImages: loading image done
2022-03-31 12:52:03.761 INFO Train - trainImages: finding the encoding of image
2022-03-31 12:52:03.830 INFO Train - trainImages: finding encoding of image is done
2022-03-31 12:52:03.830 INFO Train - trainImages: loading image
2022-03-31 12:52:03.830 DEBUG Train - trainImages: /home/vikasjoshis001/Desktop/Gestures/images_to_train/tyrion lannister/index4.jpeg
2022-03-31 12:52:03.830 INFO Train - trainImages: loading image done
2022-03-31 12:52:03.830 INFO Train - trainImages: finding the encoding of image
2022-03-31 12:52:03.897 INFO Train - trainImages: finding encoding of image is done
2022-03-31 12:52:03.897 INFO Train - trainImages: getting average of encodings of loaded images
2022-03-31 12:52:03.897 INFO Train - trainImages: done with getting average encodings
2022-03-31 12:52:03.897 INFO Train - trainImages: storing the name and encoding in local dictionary
2022-03-31 12:52:03.897 INFO Train - trainImages: stored name and encodes in local dictionary
2022-03-31 12:52:03.897 INFO Train - trainImages: storing the name and encodings in mongodb
2022-03-31 12:52:03.898 INFO Train - trainImages: stored all name and encodes in mongodb
2022-03-31 12:52:03.898 INFO Train - trainImages: started loading images and finding their encodings
2022-03-31 12:52:03.898 INFO Train - trainImages: loading image
2022-03-31 12:52:03.900 DEBUG Train - trainImages: /home/vikasjoshis001/Desktop/Gestures/images_to_train/Shubham-2022-03-31 12:14:08.769566/Shubham.f8cc63d4-b0bd-11ec-95c9-353773ec36e1.jpeg
2022-03-31 12:52:03.901 INFO Train - trainImages: loading image done
2022-03-31 12:52:03.901 INFO Train - trainImages: finding the encoding of image
2022-03-31 12:52:04.083 INFO Train - trainImages: finding encoding of image is done
2022-03-31 12:52:04.083 INFO Train - trainImages: getting average of encodings of loaded images
2022-03-31 12:52:04.083 INFO Train - trainImages: done with getting average encodings
2022-03-31 12:52:04.084 INFO Train - trainImages: storing the name and encoding in local dictionary
2022-03-31 12:52:04.084 INFO Train - trainImages: stored name and encodes in local dictionary
2022-03-31 12:52:04.084 INFO Train - trainImages: storing the name and encodings in mongodb
2022-03-31 12:52:04.085 INFO Train - trainImages: stored all name and encodes in mongodb
2022-03-31 12:52:04.085 INFO Train - trainImages: started loading images and finding their encodings
2022-03-31 12:52:04.085 INFO Train - trainImages: loading image
2022-03-31 12:52:04.087 DEBUG Train - trainImages: /home/vikasjoshis001/Desktop/Gestures/images_to_train/jhvxfgh-2022-03-31 12:32:20.012113/jhvxfgh.81ffab14-b0c0-11ec-95c9-353773ec36e1.jpeg
2022-03-31 12:52:04.087 INFO Train - trainImages: loading image done
2022-03-31 12:52:04.087 INFO Train - trainImages: finding the encoding of image
2022-03-31 12:52:04.272 INFO Train - trainImages: finding encoding of image is done
2022-03-31 12:52:04.272 INFO Train - trainImages: loading image
2022-03-31 12:52:04.274 DEBUG Train - trainImages: /home/vikasjoshis001/Desktop/Gestures/images_to_train/jhvxfgh-2022-03-31 12:32:20.012113/jhvxfgh.84860fae-b0c0-11ec-95c9-353773ec36e1.jpeg
2022-03-31 12:52:04.274 INFO Train - trainImages: loading image done
2022-03-31 12:52:04.275 INFO Train - trainImages: finding the encoding of image
2022-03-31 12:52:04.458 INFO Train - trainImages: finding encoding of image is done
2022-03-31 12:52:04.458 INFO Train - trainImages: loading image
2022-03-31 12:52:04.460 DEBUG Train - trainImages: /home/vikasjoshis001/Desktop/Gestures/images_to_train/jhvxfgh-2022-03-31 12:32:20.012113/jhvxfgh.834cff26-b0c0-11ec-95c9-353773ec36e1.jpeg
2022-03-31 12:52:04.460 INFO Train - trainImages: loading image done
2022-03-31 12:52:04.460 INFO Train - trainImages: finding the encoding of image
2022-03-31 12:52:04.645 INFO Train - trainImages: finding encoding of image is done
2022-03-31 12:52:04.645 INFO Train - trainImages: loading image
2022-03-31 12:52:04.647 DEBUG Train - trainImages: /home/vikasjoshis001/Desktop/Gestures/images_to_train/jhvxfgh-2022-03-31 12:32:20.012113/jhvxfgh.834cff27-b0c0-11ec-95c9-353773ec36e1.jpeg
2022-03-31 12:52:04.647 INFO Train - trainImages: loading image done
2022-03-31 12:52:04.648 INFO Train - trainImages: finding the encoding of image
2022-03-31 12:52:04.829 INFO Train - trainImages: finding encoding of image is done
2022-03-31 12:52:04.829 INFO Train - trainImages: loading image
2022-03-31 12:52:04.831 DEBUG Train - trainImages: /home/vikasjoshis001/Desktop/Gestures/images_to_train/jhvxfgh-2022-03-31 12:32:20.012113/jhvxfgh.81ffab15-b0c0-11ec-95c9-353773ec36e1.jpeg
2022-03-31 12:52:04.831 INFO Train - trainImages: loading image done
2022-03-31 12:52:04.831 INFO Train - trainImages: finding the encoding of image
2022-03-31 12:52:05.014 INFO Train - trainImages: finding encoding of image is done
2022-03-31 12:52:05.014 INFO Train - trainImages: getting average of encodings of loaded images
2022-03-31 12:52:05.014 INFO Train - trainImages: done with getting average encodings
2022-03-31 12:52:05.014 INFO Train - trainImages: storing the name and encoding in local dictionary
2022-03-31 12:52:05.014 INFO Train - trainImages: stored name and encodes in local dictionary
2022-03-31 12:52:05.014 INFO Train - trainImages: storing the name and encodings in mongodb
2022-03-31 12:52:05.015 INFO Train - trainImages: stored all name and encodes in mongodb
2022-03-31 12:52:05.015 INFO Train - trainImages: started loading images and finding their encodings
2022-03-31 12:52:05.015 INFO Train - trainImages: loading image
2022-03-31 12:52:05.015 DEBUG Train - trainImages: /home/vikasjoshis001/Desktop/Gestures/images_to_train/denerys targeryan/index3.jpeg
2022-03-31 12:52:05.016 INFO Train - trainImages: loading image done
2022-03-31 12:52:05.016 INFO Train - trainImages: finding the encoding of image
2022-03-31 12:52:05.082 INFO Train - trainImages: finding encoding of image is done
2022-03-31 12:52:05.082 INFO Train - trainImages: loading image
2022-03-31 12:52:05.083 DEBUG Train - trainImages: /home/vikasjoshis001/Desktop/Gestures/images_to_train/denerys targeryan/index5.jpeg
2022-03-31 12:52:05.083 INFO Train - trainImages: loading image done
2022-03-31 12:52:05.083 INFO Train - trainImages: finding the encoding of image
2022-03-31 12:52:05.151 INFO Train - trainImages: finding encoding of image is done
2022-03-31 12:52:05.151 INFO Train - trainImages: loading image
2022-03-31 12:52:05.152 DEBUG Train - trainImages: /home/vikasjoshis001/Desktop/Gestures/images_to_train/denerys targeryan/index1.jpeg
2022-03-31 12:52:05.152 INFO Train - trainImages: loading image done
2022-03-31 12:52:05.152 INFO Train - trainImages: finding the encoding of image
2022-03-31 12:52:05.221 INFO Train - trainImages: finding encoding of image is done
2022-03-31 12:52:05.221 INFO Train - trainImages: loading image
2022-03-31 12:52:05.221 DEBUG Train - trainImages: /home/vikasjoshis001/Desktop/Gestures/images_to_train/denerys targeryan/index2.jpeg
2022-03-31 12:52:05.221 INFO Train - trainImages: loading image done
2022-03-31 12:52:05.221 INFO Train - trainImages: finding the encoding of image
2022-03-31 12:52:05.291 INFO Train - trainImages: finding encoding of image is done
2022-03-31 12:52:05.291 INFO Train - trainImages: loading image
2022-03-31 12:52:05.292 DEBUG Train - trainImages: /home/vikasjoshis001/Desktop/Gestures/images_to_train/denerys targeryan/index4.jpeg
2022-03-31 12:52:05.292 INFO Train - trainImages: loading image done
2022-03-31 12:52:05.292 INFO Train - trainImages: finding the encoding of image
2022-03-31 12:52:05.359 INFO Train - trainImages: finding encoding of image is done
2022-03-31 12:52:05.359 INFO Train - trainImages: getting average of encodings of loaded images
2022-03-31 12:52:05.359 INFO Train - trainImages: done with getting average encodings
2022-03-31 12:52:05.359 INFO Train - trainImages: storing the name and encoding in local dictionary
2022-03-31 12:52:05.359 INFO Train - trainImages: stored name and encodes in local dictionary
2022-03-31 12:52:05.359 INFO Train - trainImages: storing the name and encodings in mongodb
2022-03-31 12:52:05.360 INFO Train - trainImages: stored all name and encodes in mongodb
2022-03-31 12:52:05.360 INFO Train - trainImages: started loading images and finding their encodings
2022-03-31 12:52:05.360 INFO Train - trainImages: loading image
2022-03-31 12:52:05.362 DEBUG Train - trainImages: /home/vikasjoshis001/Desktop/Gestures/images_to_train/kn knmf b-2022-03-31 12:51:51.962939/kn knmf b.3f0ce562-b0c3-11ec-95c9-353773ec36e1.jpeg
2022-03-31 12:52:05.363 INFO Train - trainImages: loading image done
2022-03-31 12:52:05.363 INFO Train - trainImages: finding the encoding of image
2022-03-31 12:52:05.543 INFO Train - trainImages: finding encoding of image is done
2022-03-31 12:52:05.543 INFO Train - trainImages: loading image
2022-03-31 12:52:05.545 DEBUG Train - trainImages: /home/vikasjoshis001/Desktop/Gestures/images_to_train/kn knmf b-2022-03-31 12:51:51.962939/kn knmf b.3c892346-b0c3-11ec-95c9-353773ec36e1.jpeg
2022-03-31 12:52:05.545 INFO Train - trainImages: loading image done
2022-03-31 12:52:05.545 INFO Train - trainImages: finding the encoding of image
2022-03-31 12:52:05.726 INFO Train - trainImages: finding encoding of image is done
2022-03-31 12:52:05.726 INFO Train - trainImages: loading image
2022-03-31 12:52:05.728 DEBUG Train - trainImages: /home/vikasjoshis001/Desktop/Gestures/images_to_train/kn knmf b-2022-03-31 12:51:51.962939/kn knmf b.3dd2dfc6-b0c3-11ec-95c9-353773ec36e1.jpeg
2022-03-31 12:52:05.728 INFO Train - trainImages: loading image done
2022-03-31 12:52:05.728 INFO Train - trainImages: finding the encoding of image
2022-03-31 12:52:05.910 INFO Train - trainImages: finding encoding of image is done
2022-03-31 12:52:05.910 INFO Train - trainImages: loading image
2022-03-31 12:52:05.912 DEBUG Train - trainImages: /home/vikasjoshis001/Desktop/Gestures/images_to_train/kn knmf b-2022-03-31 12:51:51.962939/kn knmf b.3c892347-b0c3-11ec-95c9-353773ec36e1.jpeg
2022-03-31 12:52:05.913 INFO Train - trainImages: loading image done
2022-03-31 12:52:05.913 INFO Train - trainImages: finding the encoding of image
2022-03-31 12:52:06.093 INFO Train - trainImages: finding encoding of image is done
2022-03-31 12:52:06.094 INFO Train - trainImages: loading image
2022-03-31 12:52:06.096 DEBUG Train - trainImages: /home/vikasjoshis001/Desktop/Gestures/images_to_train/kn knmf b-2022-03-31 12:51:51.962939/kn knmf b.3dd2dfc7-b0c3-11ec-95c9-353773ec36e1.jpeg
2022-03-31 12:52:06.096 INFO Train - trainImages: loading image done
2022-03-31 12:52:06.096 INFO Train - trainImages: finding the encoding of image
2022-03-31 12:52:06.276 INFO Train - trainImages: finding encoding of image is done
2022-03-31 12:52:06.276 INFO Train - trainImages: getting average of encodings of loaded images
2022-03-31 12:52:06.277 INFO Train - trainImages: done with getting average encodings
2022-03-31 12:52:06.277 INFO Train - trainImages: storing the name and encoding in local dictionary
2022-03-31 12:52:06.277 INFO Train - trainImages: stored name and encodes in local dictionary
2022-03-31 12:52:06.277 INFO Train - trainImages: storing the name and encodings in mongodb
2022-03-31 12:52:06.277 INFO Train - trainImages: stored all name and encodes in mongodb
2022-03-31 12:52:06.278 INFO Train - trainImages: started loading images and finding their encodings
2022-03-31 12:52:06.278 INFO Train - trainImages: loading image
2022-03-31 12:52:06.278 DEBUG Train - trainImages: /home/vikasjoshis001/Desktop/Gestures/images_to_train/cersie lannister/index3.jpeg
2022-03-31 12:52:06.278 INFO Train - trainImages: loading image done
2022-03-31 12:52:06.278 INFO Train - trainImages: finding the encoding of image
2022-03-31 12:52:06.344 INFO Train - trainImages: finding encoding of image is done
2022-03-31 12:52:06.344 INFO Train - trainImages: loading image
2022-03-31 12:52:06.345 DEBUG Train - trainImages: /home/vikasjoshis001/Desktop/Gestures/images_to_train/cersie lannister/index5.jpeg
2022-03-31 12:52:06.345 INFO Train - trainImages: loading image done
2022-03-31 12:52:06.345 INFO Train - trainImages: finding the encoding of image
2022-03-31 12:52:06.411 INFO Train - trainImages: finding encoding of image is done
2022-03-31 12:52:06.412 INFO Train - trainImages: loading image
2022-03-31 12:52:06.412 DEBUG Train - trainImages: /home/vikasjoshis001/Desktop/Gestures/images_to_train/cersie lannister/index2.jpeg
2022-03-31 12:52:06.412 INFO Train - trainImages: loading image done
2022-03-31 12:52:06.412 INFO Train - trainImages: finding the encoding of image
2022-03-31 12:52:06.481 INFO Train - trainImages: finding encoding of image is done
2022-03-31 12:52:06.481 INFO Train - trainImages: loading image
2022-03-31 12:52:06.482 DEBUG Train - trainImages: /home/vikasjoshis001/Desktop/Gestures/images_to_train/cersie lannister/index4.jpeg
2022-03-31 12:52:06.482 INFO Train - trainImages: loading image done
2022-03-31 12:52:06.482 INFO Train - trainImages: finding the encoding of image
2022-03-31 12:52:06.549 INFO Train - trainImages: finding encoding of image is done
2022-03-31 12:52:06.549 INFO Train - trainImages: getting average of encodings of loaded images
2022-03-31 12:52:06.549 INFO Train - trainImages: done with getting average encodings
2022-03-31 12:52:06.549 INFO Train - trainImages: storing the name and encoding in local dictionary
2022-03-31 12:52:06.549 INFO Train - trainImages: stored name and encodes in local dictionary
2022-03-31 12:52:06.550 INFO Train - trainImages: storing the name and encodings in mongodb
2022-03-31 12:52:06.550 INFO Train - trainImages: stored all name and encodes in mongodb
2022-03-31 12:52:06.550 INFO Train - trainImages: started loading images and finding their encodings
2022-03-31 12:52:06.550 INFO Train - trainImages: loading image
2022-03-31 12:52:06.552 DEBUG Train - trainImages: /home/vikasjoshis001/Desktop/Gestures/images_to_train/cdvbxd-2022-03-31 12:29:01.669747/cdvbxd.0dac1d9d-b0c0-11ec-95c9-353773ec36e1.jpeg
2022-03-31 12:52:06.553 INFO Train - trainImages: loading image done
2022-03-31 12:52:06.553 INFO Train - trainImages: finding the encoding of image
2022-03-31 12:52:06.731 INFO Train - trainImages: finding encoding of image is done
2022-03-31 12:52:06.731 INFO Train - trainImages: loading image
2022-03-31 12:52:06.733 DEBUG Train - trainImages: /home/vikasjoshis001/Desktop/Gestures/images_to_train/cdvbxd-2022-03-31 12:29:01.669747/cdvbxd.0dac1d9c-b0c0-11ec-95c9-353773ec36e1.jpeg
2022-03-31 12:52:06.734 INFO Train - trainImages: loading image done
2022-03-31 12:52:06.734 INFO Train - trainImages: finding the encoding of image
2022-03-31 12:52:06.914 INFO Train - trainImages: finding encoding of image is done
2022-03-31 12:52:06.914 INFO Train - trainImages: loading image
2022-03-31 12:52:06.916 DEBUG Train - trainImages: /home/vikasjoshis001/Desktop/Gestures/images_to_train/cdvbxd-2022-03-31 12:29:01.669747/cdvbxd.0c763945-b0c0-11ec-95c9-353773ec36e1.jpeg
2022-03-31 12:52:06.917 INFO Train - trainImages: loading image done
2022-03-31 12:52:06.917 INFO Train - trainImages: finding the encoding of image
2022-03-31 12:52:07.097 INFO Train - trainImages: finding encoding of image is done
2022-03-31 12:52:07.097 INFO Train - trainImages: loading image
2022-03-31 12:52:07.099 DEBUG Train - trainImages: /home/vikasjoshis001/Desktop/Gestures/images_to_train/cdvbxd-2022-03-31 12:29:01.669747/cdvbxd.0bc67946-b0c0-11ec-95c9-353773ec36e1.jpeg
2022-03-31 12:52:07.099 INFO Train - trainImages: loading image done
2022-03-31 12:52:07.099 INFO Train - trainImages: finding the encoding of image
2022-03-31 12:52:07.285 INFO Train - trainImages: finding encoding of image is done
2022-03-31 12:52:07.285 INFO Train - trainImages: loading image
2022-03-31 12:52:07.288 DEBUG Train - trainImages: /home/vikasjoshis001/Desktop/Gestures/images_to_train/cdvbxd-2022-03-31 12:29:01.669747/cdvbxd.0c763944-b0c0-11ec-95c9-353773ec36e1.jpeg
2022-03-31 12:52:07.288 INFO Train - trainImages: loading image done
2022-03-31 12:52:07.288 INFO Train - trainImages: finding the encoding of image
2022-03-31 12:52:07.478 INFO Train - trainImages: finding encoding of image is done
2022-03-31 12:52:07.478 INFO Train - trainImages: getting average of encodings of loaded images
2022-03-31 12:52:07.478 INFO Train - trainImages: done with getting average encodings
2022-03-31 12:52:07.478 INFO Train - trainImages: storing the name and encoding in local dictionary
2022-03-31 12:52:07.478 INFO Train - trainImages: stored name and encodes in local dictionary
2022-03-31 12:52:07.478 INFO Train - trainImages: storing the name and encodings in mongodb
2022-03-31 12:52:07.479 INFO Train - trainImages: stored all name and encodes in mongodb
2022-03-31 12:52:07.479 INFO Train - trainImages: started loading images and finding their encodings
2022-03-31 12:52:07.479 INFO Train - trainImages: loading image
2022-03-31 12:52:07.480 DEBUG Train - trainImages: /home/vikasjoshis001/Desktop/Gestures/images_to_train/king in the north/index.jpeg
2022-03-31 12:52:07.480 INFO Train - trainImages: loading image done
2022-03-31 12:52:07.480 INFO Train - trainImages: finding the encoding of image
2022-03-31 12:52:07.548 INFO Train - trainImages: finding encoding of image is done
2022-03-31 12:52:07.548 INFO Train - trainImages: loading image
2022-03-31 12:52:07.549 DEBUG Train - trainImages: /home/vikasjoshis001/Desktop/Gestures/images_to_train/king in the north/index3.jpeg
2022-03-31 12:52:07.549 INFO Train - trainImages: loading image done
2022-03-31 12:52:07.549 INFO Train - trainImages: finding the encoding of image
2022-03-31 12:52:07.618 INFO Train - trainImages: finding encoding of image is done
2022-03-31 12:52:07.618 INFO Train - trainImages: loading image
2022-03-31 12:52:07.619 DEBUG Train - trainImages: /home/vikasjoshis001/Desktop/Gestures/images_to_train/king in the north/index5.jpeg
2022-03-31 12:52:07.619 INFO Train - trainImages: loading image done
2022-03-31 12:52:07.619 INFO Train - trainImages: finding the encoding of image
2022-03-31 12:52:07.687 INFO Train - trainImages: finding encoding of image is done
2022-03-31 12:52:07.687 INFO Train - trainImages: loading image
2022-03-31 12:52:07.688 DEBUG Train - trainImages: /home/vikasjoshis001/Desktop/Gestures/images_to_train/king in the north/index2.jpeg
2022-03-31 12:52:07.688 INFO Train - trainImages: loading image done
2022-03-31 12:52:07.688 INFO Train - trainImages: finding the encoding of image
2022-03-31 12:52:07.756 INFO Train - trainImages: finding encoding of image is done
2022-03-31 12:52:07.756 INFO Train - trainImages: loading image
2022-03-31 12:52:07.757 DEBUG Train - trainImages: /home/vikasjoshis001/Desktop/Gestures/images_to_train/king in the north/index4.jpeg
2022-03-31 12:52:07.757 INFO Train - trainImages: loading image done
2022-03-31 12:52:07.757 INFO Train - trainImages: finding the encoding of image
2022-03-31 12:52:07.828 INFO Train - trainImages: finding encoding of image is done
2022-03-31 12:52:07.828 INFO Train - trainImages: getting average of encodings of loaded images
2022-03-31 12:52:07.828 INFO Train - trainImages: done with getting average encodings
2022-03-31 12:52:07.828 INFO Train - trainImages: storing the name and encoding in local dictionary
2022-03-31 12:52:07.828 INFO Train - trainImages: stored name and encodes in local dictionary
2022-03-31 12:52:07.828 INFO Train - trainImages: storing the name and encodings in mongodb
2022-03-31 12:52:07.829 INFO Train - trainImages: stored all name and encodes in mongodb
2022-03-31 12:52:07.829 INFO Train - trainImages: started loading images and finding their encodings
2022-03-31 12:52:07.829 INFO Train - trainImages: loading image
2022-03-31 12:52:07.831 DEBUG Train - trainImages: /home/vikasjoshis001/Desktop/Gestures/images_to_train/vhm-2022-03-31 12:22:16.839677/vhm.1a7afe73-b0bf-11ec-95c9-353773ec36e1.jpeg
2022-03-31 12:52:07.831 INFO Train - trainImages: loading image done
2022-03-31 12:52:07.831 INFO Train - trainImages: finding the encoding of image
2022-03-31 12:52:08.022 INFO Train - trainImages: finding encoding of image is done
2022-03-31 12:52:08.022 INFO Train - trainImages: loading image
2022-03-31 12:52:08.024 DEBUG Train - trainImages: /home/vikasjoshis001/Desktop/Gestures/images_to_train/vhm-2022-03-31 12:22:16.839677/vhm.1a7afe72-b0bf-11ec-95c9-353773ec36e1.jpeg
2022-03-31 12:52:08.024 INFO Train - trainImages: loading image done
2022-03-31 12:52:08.024 INFO Train - trainImages: finding the encoding of image
2022-03-31 12:52:08.206 INFO Train - trainImages: finding encoding of image is done
2022-03-31 12:52:08.206 INFO Train - trainImages: loading image
2022-03-31 12:52:08.209 DEBUG Train - trainImages: /home/vikasjoshis001/Desktop/Gestures/images_to_train/vhm-2022-03-31 12:22:16.839677/vhm.1a7afe75-b0bf-11ec-95c9-353773ec36e1.jpeg
2022-03-31 12:52:08.209 INFO Train - trainImages: loading image done
2022-03-31 12:52:08.209 INFO Train - trainImages: finding the encoding of image
2022-03-31 12:52:08.390 INFO Train - trainImages: finding encoding of image is done
2022-03-31 12:52:08.390 INFO Train - trainImages: loading image
2022-03-31 12:52:08.393 DEBUG Train - trainImages: /home/vikasjoshis001/Desktop/Gestures/images_to_train/vhm-2022-03-31 12:22:16.839677/vhm.1a7afe74-b0bf-11ec-95c9-353773ec36e1.jpeg
2022-03-31 12:52:08.393 INFO Train - trainImages: loading image done
2022-03-31 12:52:08.393 INFO Train - trainImages: finding the encoding of image
2022-03-31 12:52:08.575 INFO Train - trainImages: finding encoding of image is done
2022-03-31 12:52:08.575 INFO Train - trainImages: loading image
2022-03-31 12:52:08.577 DEBUG Train - trainImages: /home/vikasjoshis001/Desktop/Gestures/images_to_train/vhm-2022-03-31 12:22:16.839677/vhm.1a7afe76-b0bf-11ec-95c9-353773ec36e1.jpeg
2022-03-31 12:52:08.578 INFO Train - trainImages: loading image done
2022-03-31 12:52:08.578 INFO Train - trainImages: finding the encoding of image
2022-03-31 12:52:08.759 INFO Train - trainImages: finding encoding of image is done
2022-03-31 12:52:08.759 INFO Train - trainImages: getting average of encodings of loaded images
2022-03-31 12:52:08.759 INFO Train - trainImages: done with getting average encodings
2022-03-31 12:52:08.759 INFO Train - trainImages: storing the name and encoding in local dictionary
2022-03-31 12:52:08.760 INFO Train - trainImages: stored name and encodes in local dictionary
2022-03-31 12:52:08.760 INFO Train - trainImages: storing the name and encodings in mongodb
2022-03-31 12:52:08.760 INFO Train - trainImages: stored all name and encodes in mongodb
2022-03-31 12:52:08.760 INFO Train - trainImages: started loading images and finding their encodings
2022-03-31 12:52:08.760 INFO Train - trainImages: loading image
2022-03-31 12:52:08.762 DEBUG Train - trainImages: /home/vikasjoshis001/Desktop/Gestures/images_to_train/vnkfdjznb-2022-03-31 12:50:03.756797/vnkfdjznb.fc0a2ab9-b0c2-11ec-95c9-353773ec36e1.jpeg
2022-03-31 12:52:08.762 INFO Train - trainImages: loading image done
2022-03-31 12:52:08.763 INFO Train - trainImages: finding the encoding of image
2022-03-31 12:52:08.944 INFO Train - trainImages: finding encoding of image is done
2022-03-31 12:52:08.944 INFO Train - trainImages: loading image
2022-03-31 12:52:08.946 DEBUG Train - trainImages: /home/vikasjoshis001/Desktop/Gestures/images_to_train/vnkfdjznb-2022-03-31 12:50:03.756797/vnkfdjznb.fe8e6812-b0c2-11ec-95c9-353773ec36e1.jpeg
2022-03-31 12:52:08.946 INFO Train - trainImages: loading image done
2022-03-31 12:52:08.946 INFO Train - trainImages: finding the encoding of image
2022-03-31 12:52:09.127 INFO Train - trainImages: finding encoding of image is done
2022-03-31 12:52:09.127 INFO Train - trainImages: loading image
2022-03-31 12:52:09.129 DEBUG Train - trainImages: /home/vikasjoshis001/Desktop/Gestures/images_to_train/vnkfdjznb-2022-03-31 12:50:03.756797/vnkfdjznb.fc0a2ab8-b0c2-11ec-95c9-353773ec36e1.jpeg
2022-03-31 12:52:09.130 INFO Train - trainImages: loading image done
2022-03-31 12:52:09.130 INFO Train - trainImages: finding the encoding of image
2022-03-31 12:52:09.312 INFO Train - trainImages: finding encoding of image is done
2022-03-31 12:52:09.312 INFO Train - trainImages: loading image
2022-03-31 12:52:09.314 DEBUG Train - trainImages: /home/vikasjoshis001/Desktop/Gestures/images_to_train/vnkfdjznb-2022-03-31 12:50:03.756797/vnkfdjznb.fd54f74b-b0c2-11ec-95c9-353773ec36e1.jpeg
2022-03-31 12:52:09.314 INFO Train - trainImages: loading image done
2022-03-31 12:52:09.314 INFO Train - trainImages: finding the encoding of image
2022-03-31 12:52:09.496 INFO Train - trainImages: finding encoding of image is done
2022-03-31 12:52:09.496 INFO Train - trainImages: loading image
2022-03-31 12:52:09.498 DEBUG Train - trainImages: /home/vikasjoshis001/Desktop/Gestures/images_to_train/vnkfdjznb-2022-03-31 12:50:03.756797/vnkfdjznb.fd54f74a-b0c2-11ec-95c9-353773ec36e1.jpeg
2022-03-31 12:52:09.498 INFO Train - trainImages: loading image done
2022-03-31 12:52:09.498 INFO Train - trainImages: finding the encoding of image
2022-03-31 12:52:09.713 INFO Train - trainImages: finding encoding of image is done
2022-03-31 12:52:09.713 INFO Train - trainImages: getting average of encodings of loaded images
2022-03-31 12:52:09.713 INFO Train - trainImages: done with getting average encodings
2022-03-31 12:52:09.713 INFO Train - trainImages: storing the name and encoding in local dictionary
2022-03-31 12:52:09.714 INFO Train - trainImages: stored name and encodes in local dictionary
2022-03-31 12:52:09.714 INFO Train - trainImages: storing the name and encodings in mongodb
2022-03-31 12:52:09.714 INFO Train - trainImages: stored all name and encodes in mongodb
2022-03-31 12:52:09.714 INFO Train - trainImages: started loading images and finding their encodings
2022-03-31 12:52:09.714 INFO Train - trainImages: loading image
2022-03-31 12:52:09.716 DEBUG Train - trainImages: /home/vikasjoshis001/Desktop/Gestures/images_to_train/fdf-2022-03-31 12:47:24.940166/fdf.9eae153d-b0c2-11ec-95c9-353773ec36e1.jpeg
2022-03-31 12:52:09.717 INFO Train - trainImages: loading image done
2022-03-31 12:52:09.717 INFO Train - trainImages: finding the encoding of image
2022-03-31 12:52:09.899 INFO Train - trainImages: finding encoding of image is done
2022-03-31 12:52:09.899 INFO Train - trainImages: loading image
2022-03-31 12:52:09.901 DEBUG Train - trainImages: /home/vikasjoshis001/Desktop/Gestures/images_to_train/fdf-2022-03-31 12:47:24.940166/fdf.9fe743ec-b0c2-11ec-95c9-353773ec36e1.jpeg
2022-03-31 12:52:09.901 INFO Train - trainImages: loading image done
2022-03-31 12:52:09.902 INFO Train - trainImages: finding the encoding of image
2022-03-31 12:52:10.083 INFO Train - trainImages: finding encoding of image is done
2022-03-31 12:52:10.083 INFO Train - trainImages: loading image
2022-03-31 12:52:10.086 DEBUG Train - trainImages: /home/vikasjoshis001/Desktop/Gestures/images_to_train/fdf-2022-03-31 12:47:24.940166/fdf.9d60e8ee-b0c2-11ec-95c9-353773ec36e1.jpeg
2022-03-31 12:52:10.086 INFO Train - trainImages: loading image done
2022-03-31 12:52:10.086 INFO Train - trainImages: finding the encoding of image
2022-03-31 12:52:10.289 INFO Train - trainImages: finding encoding of image is done
2022-03-31 12:52:10.289 INFO Train - trainImages: loading image
2022-03-31 12:52:10.292 DEBUG Train - trainImages: /home/vikasjoshis001/Desktop/Gestures/images_to_train/fdf-2022-03-31 12:47:24.940166/fdf.9d60e8ef-b0c2-11ec-95c9-353773ec36e1.jpeg
2022-03-31 12:52:10.292 INFO Train - trainImages: loading image done
2022-03-31 12:52:10.292 INFO Train - trainImages: finding the encoding of image
2022-03-31 12:52:10.484 INFO Train - trainImages: finding encoding of image is done
2022-03-31 12:52:10.484 INFO Train - trainImages: loading image
2022-03-31 12:52:10.486 DEBUG Train - trainImages: /home/vikasjoshis001/Desktop/Gestures/images_to_train/fdf-2022-03-31 12:47:24.940166/fdf.9eae153c-b0c2-11ec-95c9-353773ec36e1.jpeg
2022-03-31 12:52:10.486 INFO Train - trainImages: loading image done
2022-03-31 12:52:10.486 INFO Train - trainImages: finding the encoding of image
2022-03-31 12:52:10.667 INFO Train - trainImages: finding encoding of image is done
2022-03-31 12:52:10.667 INFO Train - trainImages: getting average of encodings of loaded images
2022-03-31 12:52:10.668 INFO Train - trainImages: done with getting average encodings
2022-03-31 12:52:10.668 INFO Train - trainImages: storing the name and encoding in local dictionary
2022-03-31 12:52:10.668 INFO Train - trainImages: stored name and encodes in local dictionary
2022-03-31 12:52:10.668 INFO Train - trainImages: storing the name and encodings in mongodb
2022-03-31 12:52:10.668 INFO Train - trainImages: stored all name and encodes in mongodb
2022-03-31 12:52:10.668 INFO Train - trainImages: started loading images and finding their encodings
2022-03-31 12:52:10.668 INFO Train - trainImages: loading image
2022-03-31 12:52:10.671 DEBUG Train - trainImages: /home/vikasjoshis001/Desktop/Gestures/images_to_train/Chai-2022-03-31 12:20:10.218479/Chai.cf03ab39-b0be-11ec-95c9-353773ec36e1.jpeg
2022-03-31 12:52:10.671 INFO Train - trainImages: loading image done
2022-03-31 12:52:10.671 INFO Train - trainImages: finding the encoding of image
2022-03-31 12:52:10.852 INFO Train - trainImages: finding encoding of image is done
2022-03-31 12:52:10.852 INFO Train - trainImages: loading image
2022-03-31 12:52:10.854 DEBUG Train - trainImages: /home/vikasjoshis001/Desktop/Gestures/images_to_train/Chai-2022-03-31 12:20:10.218479/Chai.cf03ab3b-b0be-11ec-95c9-353773ec36e1.jpeg
2022-03-31 12:52:10.854 INFO Train - trainImages: loading image done
2022-03-31 12:52:10.854 INFO Train - trainImages: finding the encoding of image
2022-03-31 12:52:11.068 INFO Train - trainImages: finding encoding of image is done
2022-03-31 12:52:11.068 INFO Train - trainImages: loading image
2022-03-31 12:52:11.070 DEBUG Train - trainImages: /home/vikasjoshis001/Desktop/Gestures/images_to_train/Chai-2022-03-31 12:20:10.218479/Chai.cf03ab38-b0be-11ec-95c9-353773ec36e1.jpeg
2022-03-31 12:52:11.070 INFO Train - trainImages: loading image done
2022-03-31 12:52:11.070 INFO Train - trainImages: finding the encoding of image
2022-03-31 12:52:11.251 INFO Train - trainImages: finding encoding of image is done
2022-03-31 12:52:11.251 INFO Train - trainImages: loading image
2022-03-31 12:52:11.254 DEBUG Train - trainImages: /home/vikasjoshis001/Desktop/Gestures/images_to_train/Chai-2022-03-31 12:20:10.218479/Chai.cf03ab3c-b0be-11ec-95c9-353773ec36e1.jpeg
2022-03-31 12:52:11.254 INFO Train - trainImages: loading image done
2022-03-31 12:52:11.254 INFO Train - trainImages: finding the encoding of image
2022-03-31 12:52:11.435 INFO Train - trainImages: finding encoding of image is done
2022-03-31 12:52:11.435 INFO Train - trainImages: loading image
2022-03-31 12:52:11.438 DEBUG Train - trainImages: /home/vikasjoshis001/Desktop/Gestures/images_to_train/Chai-2022-03-31 12:20:10.218479/Chai.cf03ab3a-b0be-11ec-95c9-353773ec36e1.jpeg
2022-03-31 12:52:11.438 INFO Train - trainImages: loading image done
2022-03-31 12:52:11.438 INFO Train - trainImages: finding the encoding of image
2022-03-31 12:52:11.620 INFO Train - trainImages: finding encoding of image is done
2022-03-31 12:52:11.620 INFO Train - trainImages: getting average of encodings of loaded images
2022-03-31 12:52:11.620 INFO Train - trainImages: done with getting average encodings
2022-03-31 12:52:11.620 INFO Train - trainImages: storing the name and encoding in local dictionary
2022-03-31 12:52:11.620 INFO Train - trainImages: stored name and encodes in local dictionary
2022-03-31 12:52:11.620 INFO Train - trainImages: storing the name and encodings in mongodb
2022-03-31 12:52:11.621 INFO Train - trainImages: stored all name and encodes in mongodb
2022-03-31 12:52:11.621 INFO Train - trainImages: started loading images and finding their encodings
2022-03-31 12:52:11.621 INFO Train - trainImages: loading image
2022-03-31 12:52:11.621 DEBUG Train - trainImages: /home/vikasjoshis001/Desktop/Gestures/images_to_train/arya stark/index.jpeg
2022-03-31 12:52:11.621 INFO Train - trainImages: loading image done
2022-03-31 12:52:11.621 INFO Train - trainImages: finding the encoding of image
2022-03-31 12:52:11.691 INFO Train - trainImages: finding encoding of image is done
2022-03-31 12:52:11.691 INFO Train - trainImages: loading image
2022-03-31 12:52:11.691 DEBUG Train - trainImages: /home/vikasjoshis001/Desktop/Gestures/images_to_train/arya stark/index3.jpeg
2022-03-31 12:52:11.691 INFO Train - trainImages: loading image done
2022-03-31 12:52:11.691 INFO Train - trainImages: finding the encoding of image
2022-03-31 12:52:11.760 INFO Train - trainImages: finding encoding of image is done
2022-03-31 12:52:11.760 INFO Train - trainImages: loading image
2022-03-31 12:52:11.761 DEBUG Train - trainImages: /home/vikasjoshis001/Desktop/Gestures/images_to_train/arya stark/index5.jpeg
2022-03-31 12:52:11.761 INFO Train - trainImages: loading image done
2022-03-31 12:52:11.761 INFO Train - trainImages: finding the encoding of image
2022-03-31 12:52:11.830 INFO Train - trainImages: finding encoding of image is done
2022-03-31 12:52:11.830 INFO Train - trainImages: loading image
2022-03-31 12:52:11.831 DEBUG Train - trainImages: /home/vikasjoshis001/Desktop/Gestures/images_to_train/arya stark/index2.jpeg
2022-03-31 12:52:11.831 INFO Train - trainImages: loading image done
2022-03-31 12:52:11.831 INFO Train - trainImages: finding the encoding of image
2022-03-31 12:52:11.899 INFO Train - trainImages: finding encoding of image is done
2022-03-31 12:52:11.899 INFO Train - trainImages: loading image
2022-03-31 12:52:11.900 DEBUG Train - trainImages: /home/vikasjoshis001/Desktop/Gestures/images_to_train/arya stark/images4.jpeg
2022-03-31 12:52:11.900 INFO Train - trainImages: loading image done
2022-03-31 12:52:11.900 INFO Train - trainImages: finding the encoding of image
2022-03-31 12:52:11.966 INFO Train - trainImages: finding encoding of image is done
2022-03-31 12:52:11.966 INFO Train - trainImages: getting average of encodings of loaded images
2022-03-31 12:52:11.966 INFO Train - trainImages: done with getting average encodings
2022-03-31 12:52:11.966 INFO Train - trainImages: storing the name and encoding in local dictionary
2022-03-31 12:52:11.966 INFO Train - trainImages: stored name and encodes in local dictionary
2022-03-31 12:52:11.966 INFO Train - trainImages: storing the name and encodings in mongodb
2022-03-31 12:52:11.967 INFO Train - trainImages: stored all name and encodes in mongodb
2022-03-31 12:52:11.967 INFO Train - trainImages: started loading images and finding their encodings
2022-03-31 12:52:11.967 INFO Train - trainImages: loading image
2022-03-31 12:52:11.969 DEBUG Train - trainImages: /home/vikasjoshis001/Desktop/Gestures/images_to_train/gh-2022-03-31 12:23:19.211189/gh.3fa9801e-b0bf-11ec-95c9-353773ec36e1.jpeg
2022-03-31 12:52:11.969 INFO Train - trainImages: loading image done
2022-03-31 12:52:11.969 INFO Train - trainImages: finding the encoding of image
2022-03-31 12:52:12.193 INFO Train - trainImages: finding encoding of image is done
2022-03-31 12:52:12.193 INFO Train - trainImages: loading image
2022-03-31 12:52:12.195 DEBUG Train - trainImages: /home/vikasjoshis001/Desktop/Gestures/images_to_train/gh-2022-03-31 12:23:19.211189/gh.3fa9801b-b0bf-11ec-95c9-353773ec36e1.jpeg
2022-03-31 12:52:12.195 INFO Train - trainImages: loading image done
2022-03-31 12:52:12.195 INFO Train - trainImages: finding the encoding of image
2022-03-31 12:52:12.420 INFO Train - trainImages: finding encoding of image is done
2022-03-31 12:52:12.420 INFO Train - trainImages: loading image
2022-03-31 12:52:12.423 DEBUG Train - trainImages: /home/vikasjoshis001/Desktop/Gestures/images_to_train/gh-2022-03-31 12:23:19.211189/gh.3fa9801a-b0bf-11ec-95c9-353773ec36e1.jpeg
2022-03-31 12:52:12.423 INFO Train - trainImages: loading image done
2022-03-31 12:52:12.423 INFO Train - trainImages: finding the encoding of image
2022-03-31 12:52:12.648 INFO Train - trainImages: finding encoding of image is done
2022-03-31 12:52:12.648 INFO Train - trainImages: loading image
2022-03-31 12:52:12.651 DEBUG Train - trainImages: /home/vikasjoshis001/Desktop/Gestures/images_to_train/gh-2022-03-31 12:23:19.211189/gh.3fa9801d-b0bf-11ec-95c9-353773ec36e1.jpeg
2022-03-31 12:52:12.651 INFO Train - trainImages: loading image done
2022-03-31 12:52:12.651 INFO Train - trainImages: finding the encoding of image
2022-03-31 12:52:12.876 INFO Train - trainImages: finding encoding of image is done
2022-03-31 12:52:12.876 INFO Train - trainImages: loading image
2022-03-31 12:52:12.879 DEBUG Train - trainImages: /home/vikasjoshis001/Desktop/Gestures/images_to_train/gh-2022-03-31 12:23:19.211189/gh.3fa9801c-b0bf-11ec-95c9-353773ec36e1.jpeg
2022-03-31 12:52:12.879 INFO Train - trainImages: loading image done
2022-03-31 12:52:12.879 INFO Train - trainImages: finding the encoding of image
2022-03-31 12:52:13.104 INFO Train - trainImages: finding encoding of image is done
2022-03-31 12:52:13.104 INFO Train - trainImages: getting average of encodings of loaded images
2022-03-31 12:52:13.104 INFO Train - trainImages: done with getting average encodings
2022-03-31 12:52:13.104 INFO Train - trainImages: storing the name and encoding in local dictionary
2022-03-31 12:52:13.104 INFO Train - trainImages: stored name and encodes in local dictionary
2022-03-31 12:52:13.104 INFO Train - trainImages: storing the name and encodings in mongodb
2022-03-31 12:52:13.105 INFO Train - trainImages: stored all name and encodes in mongodb
2022-03-31 12:52:13.105 INFO Train - trainImages: started loading images and finding their encodings
2022-03-31 12:52:13.105 INFO Train - trainImages: loading image
2022-03-31 12:52:13.108 DEBUG Train - trainImages: /home/vikasjoshis001/Desktop/Gestures/images_to_train/Sad-2022-03-31 12:16:52.952750/Sad.596d38de-b0be-11ec-95c9-353773ec36e1.jpeg
2022-03-31 12:52:13.108 INFO Train - trainImages: loading image done
2022-03-31 12:52:13.108 INFO Train - trainImages: finding the encoding of image
2022-03-31 12:52:13.290 INFO Train - trainImages: finding encoding of image is done
2022-03-31 12:52:13.290 INFO Train - trainImages: loading image
2022-03-31 12:52:13.293 DEBUG Train - trainImages: /home/vikasjoshis001/Desktop/Gestures/images_to_train/Sad-2022-03-31 12:16:52.952750/Sad.596d38dd-b0be-11ec-95c9-353773ec36e1.jpeg
2022-03-31 12:52:13.293 INFO Train - trainImages: loading image done
2022-03-31 12:52:13.293 INFO Train - trainImages: finding the encoding of image
2022-03-31 12:52:13.474 INFO Train - trainImages: finding encoding of image is done
2022-03-31 12:52:13.474 INFO Train - trainImages: loading image
2022-03-31 12:52:13.476 DEBUG Train - trainImages: /home/vikasjoshis001/Desktop/Gestures/images_to_train/Sad-2022-03-31 12:16:52.952750/Sad.596d38da-b0be-11ec-95c9-353773ec36e1.jpeg
2022-03-31 12:52:13.476 INFO Train - trainImages: loading image done
2022-03-31 12:52:13.476 INFO Train - trainImages: finding the encoding of image
2022-03-31 12:52:13.658 INFO Train - trainImages: finding encoding of image is done
2022-03-31 12:52:13.658 INFO Train - trainImages: loading image
2022-03-31 12:52:13.661 DEBUG Train - trainImages: /home/vikasjoshis001/Desktop/Gestures/images_to_train/Sad-2022-03-31 12:16:52.952750/Sad.596d38db-b0be-11ec-95c9-353773ec36e1.jpeg
2022-03-31 12:52:13.661 INFO Train - trainImages: loading image done
2022-03-31 12:52:13.661 INFO Train - trainImages: finding the encoding of image
2022-03-31 12:52:13.842 INFO Train - trainImages: finding encoding of image is done
2022-03-31 12:52:13.842 INFO Train - trainImages: loading image
2022-03-31 12:52:13.845 DEBUG Train - trainImages: /home/vikasjoshis001/Desktop/Gestures/images_to_train/Sad-2022-03-31 12:16:52.952750/Sad.596d38dc-b0be-11ec-95c9-353773ec36e1.jpeg
2022-03-31 12:52:13.845 INFO Train - trainImages: loading image done
2022-03-31 12:52:13.845 INFO Train - trainImages: finding the encoding of image
2022-03-31 12:52:14.027 INFO Train - trainImages: finding encoding of image is done
2022-03-31 12:52:14.027 INFO Train - trainImages: getting average of encodings of loaded images
2022-03-31 12:52:14.027 INFO Train - trainImages: done with getting average encodings
2022-03-31 12:52:14.027 INFO Train - trainImages: storing the name and encoding in local dictionary
2022-03-31 12:52:14.027 INFO Train - trainImages: stored name and encodes in local dictionary
2022-03-31 12:52:14.027 INFO Train - trainImages: storing the name and encodings in mongodb
2022-03-31 12:52:14.028 INFO Train - trainImages: stored all name and encodes in mongodb
2022-03-31 12:52:14.028 INFO Train - trainImages: started loading images and finding their encodings
2022-03-31 12:52:14.028 INFO Train - trainImages: loading image
2022-03-31 12:52:14.030 DEBUG Train - trainImages: /home/vikasjoshis001/Desktop/Gestures/images_to_train/Vikas-2022-03-12 15:33:49.979215/Vikas.b761c802-a1eb-11ec-a348-e960390a4373.jpeg
2022-03-31 12:52:14.030 INFO Train - trainImages: loading image done
2022-03-31 12:52:14.030 INFO Train - trainImages: finding the encoding of image
2022-03-31 12:52:14.212 INFO Train - trainImages: finding encoding of image is done
2022-03-31 12:52:14.212 INFO Train - trainImages: loading image
2022-03-31 12:52:14.215 DEBUG Train - trainImages: /home/vikasjoshis001/Desktop/Gestures/images_to_train/Vikas-2022-03-12 15:33:49.979215/Vikas.b9e21fbe-a1eb-11ec-a348-e960390a4373.jpeg
2022-03-31 12:52:14.215 INFO Train - trainImages: loading image done
2022-03-31 12:52:14.215 INFO Train - trainImages: finding the encoding of image
2022-03-31 12:52:14.396 INFO Train - trainImages: finding encoding of image is done
2022-03-31 12:52:14.397 INFO Train - trainImages: loading image
2022-03-31 12:52:14.399 DEBUG Train - trainImages: /home/vikasjoshis001/Desktop/Gestures/images_to_train/Vikas-2022-03-12 15:33:49.979215/Vikas.b761c803-a1eb-11ec-a348-e960390a4373.jpeg
2022-03-31 12:52:14.399 INFO Train - trainImages: loading image done
2022-03-31 12:52:14.399 INFO Train - trainImages: finding the encoding of image
2022-03-31 12:52:14.581 INFO Train - trainImages: finding encoding of image is done
2022-03-31 12:52:14.581 INFO Train - trainImages: loading image
2022-03-31 12:52:14.584 DEBUG Train - trainImages: /home/vikasjoshis001/Desktop/Gestures/images_to_train/Vikas-2022-03-12 15:33:49.979215/Vikas.b8aa7a74-a1eb-11ec-a348-e960390a4373.jpeg
2022-03-31 12:52:14.584 INFO Train - trainImages: loading image done
2022-03-31 12:52:14.584 INFO Train - trainImages: finding the encoding of image
2022-03-31 12:52:14.766 INFO Train - trainImages: finding encoding of image is done
2022-03-31 12:52:14.767 INFO Train - trainImages: loading image
2022-03-31 12:52:14.769 DEBUG Train - trainImages: /home/vikasjoshis001/Desktop/Gestures/images_to_train/Vikas-2022-03-12 15:33:49.979215/Vikas.b8aa7a75-a1eb-11ec-a348-e960390a4373.jpeg
2022-03-31 12:52:14.769 INFO Train - trainImages: loading image done
2022-03-31 12:52:14.769 INFO Train - trainImages: finding the encoding of image
2022-03-31 12:52:14.948 INFO Train - trainImages: finding encoding of image is done
2022-03-31 12:52:14.948 INFO Train - trainImages: getting average of encodings of loaded images
2022-03-31 12:52:14.948 INFO Train - trainImages: done with getting average encodings
2022-03-31 12:52:14.948 INFO Train - trainImages: storing the name and encoding in local dictionary
2022-03-31 12:52:14.948 INFO Train - trainImages: stored name and encodes in local dictionary
2022-03-31 12:52:14.948 INFO Train - trainImages: storing the name and encodings in mongodb
2022-03-31 12:52:14.949 INFO Train - trainImages: stored all name and encodes in mongodb
2022-03-31 12:52:14.949 INFO Train - trainImages: started loading images and finding their encodings
2022-03-31 12:52:14.949 INFO Train - trainImages: loading image
2022-03-31 12:52:14.952 DEBUG Train - trainImages: /home/vikasjoshis001/Desktop/Gestures/images_to_train/csdzcz-2022-03-31 12:31:31.420705/csdzcz.6792ab96-b0c0-11ec-95c9-353773ec36e1.jpeg
2022-03-31 12:52:14.952 INFO Train - trainImages: loading image done
2022-03-31 12:52:14.952 INFO Train - trainImages: finding the encoding of image
2022-03-31 12:52:15.130 INFO Train - trainImages: finding encoding of image is done
2022-03-31 12:52:15.130 INFO Train - trainImages: loading image
2022-03-31 12:52:15.132 DEBUG Train - trainImages: /home/vikasjoshis001/Desktop/Gestures/images_to_train/csdzcz-2022-03-31 12:31:31.420705/csdzcz.66593e70-b0c0-11ec-95c9-353773ec36e1.jpeg
2022-03-31 12:52:15.132 INFO Train - trainImages: loading image done
2022-03-31 12:52:15.132 INFO Train - trainImages: finding the encoding of image
2022-03-31 12:52:15.311 INFO Train - trainImages: finding encoding of image is done
2022-03-31 12:52:15.311 INFO Train - trainImages: loading image
2022-03-31 12:52:15.314 DEBUG Train - trainImages: /home/vikasjoshis001/Desktop/Gestures/images_to_train/csdzcz-2022-03-31 12:31:31.420705/csdzcz.65091bb2-b0c0-11ec-95c9-353773ec36e1.jpeg
2022-03-31 12:52:15.314 INFO Train - trainImages: loading image done
2022-03-31 12:52:15.314 INFO Train - trainImages: finding the encoding of image
2022-03-31 12:52:15.492 INFO Train - trainImages: finding encoding of image is done
2022-03-31 12:52:15.492 INFO Train - trainImages: loading image
2022-03-31 12:52:15.495 DEBUG Train - trainImages: /home/vikasjoshis001/Desktop/Gestures/images_to_train/csdzcz-2022-03-31 12:31:31.420705/csdzcz.65091bb3-b0c0-11ec-95c9-353773ec36e1.jpeg
2022-03-31 12:52:15.495 INFO Train - trainImages: loading image done
2022-03-31 12:52:15.495 INFO Train - trainImages: finding the encoding of image
2022-03-31 12:52:15.673 INFO Train - trainImages: finding encoding of image is done
2022-03-31 12:52:15.674 INFO Train - trainImages: loading image
2022-03-31 12:52:15.676 DEBUG Train - trainImages: /home/vikasjoshis001/Desktop/Gestures/images_to_train/csdzcz-2022-03-31 12:31:31.420705/csdzcz.66593e71-b0c0-11ec-95c9-353773ec36e1.jpeg
2022-03-31 12:52:15.676 INFO Train - trainImages: loading image done
2022-03-31 12:52:15.676 INFO Train - trainImages: finding the encoding of image
2022-03-31 12:52:15.854 INFO Train - trainImages: finding encoding of image is done
2022-03-31 12:52:15.854 INFO Train - trainImages: getting average of encodings of loaded images
2022-03-31 12:52:15.854 INFO Train - trainImages: done with getting average encodings
2022-03-31 12:52:15.855 INFO Train - trainImages: storing the name and encoding in local dictionary
2022-03-31 12:52:15.855 INFO Train - trainImages: stored name and encodes in local dictionary
2022-03-31 12:52:15.855 INFO Train - trainImages: storing the name and encodings in mongodb
2022-03-31 12:52:15.855 INFO Train - trainImages: stored all name and encodes in mongodb
