2022-04-01 06:37:16.553 INFO Train - trainImages: MongoDB database connected successfully
2022-04-01 06:37:16.564 INFO Train - trainImages: collected all folders in known_people folder
2022-04-01 06:37:16.564 DEBUG Train - trainImages: ['tyrion lannister', 'denerys targeryan', 'vfbgfhg-2022-04-01 06:34:43.835860', 'Hello-2022-04-01 06:06:43.242173', 'ghfh-2022-04-01 06:36:12.128100', 'fedsgfvdhg-2022-04-01 06:29:54.369493', 'Vikasafd-2022-04-01 06:18:02.414298', 'cersie lannister', 'Vikas-2022-03-31 13:17:26.260103', 'king in the north', 'jfhkjg-2022-04-01 06:37:04.905084', 'fdsfg-2022-04-01 06:31:00.007557', 'UIO-2022-04-01 06:08:24.896094', 'arya stark', 'bgcnhgnvbngh-2022-04-01 06:34:02.139502', 'nnhm-2022-04-01 06:35:32.890275']
2022-04-01 06:37:16.571 INFO Train - trainImages: collected all images from all folders in known_people folder
2022-04-01 06:37:16.571 DEBUG Train - trainImages: [['/home/vikasjoshis001/Desktop/Gestures/images_to_train/tyrion lannister/images5.jpeg', '/home/vikasjoshis001/Desktop/Gestures/images_to_train/tyrion lannister/index3.jpeg', '/home/vikasjoshis001/Desktop/Gestures/images_to_train/tyrion lannister/index1.jpeg', '/home/vikasjoshis001/Desktop/Gestures/images_to_train/tyrion lannister/index2.jpeg', '/home/vikasjoshis001/Desktop/Gestures/images_to_train/tyrion lannister/index4.jpeg'], ['/home/vikasjoshis001/Desktop/Gestures/images_to_train/denerys targeryan/index3.jpeg', '/home/vikasjoshis001/Desktop/Gestures/images_to_train/denerys targeryan/index5.jpeg', '/home/vikasjoshis001/Desktop/Gestures/images_to_train/denerys targeryan/index1.jpeg', '/home/vikasjoshis001/Desktop/Gestures/images_to_train/denerys targeryan/index2.jpeg', '/home/vikasjoshis001/Desktop/Gestures/images_to_train/denerys targeryan/index4.jpeg'], ['/home/vikasjoshis001/Desktop/Gestures/images_to_train/vfbgfhg-2022-04-01 06:34:43.835860/vfbgfhg.b78c50d8-b157-11ec-ae44-cb6983774605.jpeg', '/home/vikasjoshis001/Desktop/Gestures/images_to_train/vfbgfhg-2022-04-01 06:34:43.835860/vfbgfhg.b8d4b701-b157-11ec-ae44-cb6983774605.jpeg', '/home/vikasjoshis001/Desktop/Gestures/images_to_train/vfbgfhg-2022-04-01 06:34:43.835860/vfbgfhg.ba0b01b0-b157-11ec-ae44-cb6983774605.jpeg', '/home/vikasjoshis001/Desktop/Gestures/images_to_train/vfbgfhg-2022-04-01 06:34:43.835860/vfbgfhg.b78c50d9-b157-11ec-ae44-cb6983774605.jpeg', '/home/vikasjoshis001/Desktop/Gestures/images_to_train/vfbgfhg-2022-04-01 06:34:43.835860/vfbgfhg.b8d4b700-b157-11ec-ae44-cb6983774605.jpeg'], ['/home/vikasjoshis001/Desktop/Gestures/images_to_train/Hello-2022-04-01 06:06:43.242173/Hello.cdd62f53-b153-11ec-ae44-cb6983774605.jpeg', '/home/vikasjoshis001/Desktop/Gestures/images_to_train/Hello-2022-04-01 06:06:43.242173/Hello.cf21c952-b153-11ec-ae44-cb6983774605.jpeg', '/home/vikasjoshis001/Desktop/Gestures/images_to_train/Hello-2022-04-01 06:06:43.242173/Hello.d0570634-b153-11ec-ae44-cb6983774605.jpeg', '/home/vikasjoshis001/Desktop/Gestures/images_to_train/Hello-2022-04-01 06:06:43.242173/Hello.cdd62f52-b153-11ec-ae44-cb6983774605.jpeg', '/home/vikasjoshis001/Desktop/Gestures/images_to_train/Hello-2022-04-01 06:06:43.242173/Hello.cf21c953-b153-11ec-ae44-cb6983774605.jpeg'], ['/home/vikasjoshis001/Desktop/Gestures/images_to_train/ghfh-2022-04-01 06:36:12.128100/ghfh.ed712782-b157-11ec-ae44-cb6983774605.jpeg', '/home/vikasjoshis001/Desktop/Gestures/images_to_train/ghfh-2022-04-01 06:36:12.128100/ghfh.ec2c5a91-b157-11ec-ae44-cb6983774605.jpeg', '/home/vikasjoshis001/Desktop/Gestures/images_to_train/ghfh-2022-04-01 06:36:12.128100/ghfh.ec2c5a90-b157-11ec-ae44-cb6983774605.jpeg', '/home/vikasjoshis001/Desktop/Gestures/images_to_train/ghfh-2022-04-01 06:36:12.128100/ghfh.ed712783-b157-11ec-ae44-cb6983774605.jpeg', '/home/vikasjoshis001/Desktop/Gestures/images_to_train/ghfh-2022-04-01 06:36:12.128100/ghfh.eea60190-b157-11ec-ae44-cb6983774605.jpeg'], ['/home/vikasjoshis001/Desktop/Gestures/images_to_train/fedsgfvdhg-2022-04-01 06:29:54.369493/fedsgfvdhg.0c47a2ae-b157-11ec-ae44-cb6983774605.jpeg', '/home/vikasjoshis001/Desktop/Gestures/images_to_train/fedsgfvdhg-2022-04-01 06:29:54.369493/fedsgfvdhg.0c47a2af-b157-11ec-ae44-cb6983774605.jpeg', '/home/vikasjoshis001/Desktop/Gestures/images_to_train/fedsgfvdhg-2022-04-01 06:29:54.369493/fedsgfvdhg.0b0382a1-b157-11ec-ae44-cb6983774605.jpeg', '/home/vikasjoshis001/Desktop/Gestures/images_to_train/fedsgfvdhg-2022-04-01 06:29:54.369493/fedsgfvdhg.0b0382a0-b157-11ec-ae44-cb6983774605.jpeg', '/home/vikasjoshis001/Desktop/Gestures/images_to_train/fedsgfvdhg-2022-04-01 06:29:54.369493/fedsgfvdhg.0d7c29f6-b157-11ec-ae44-cb6983774605.jpeg'], ['/home/vikasjoshis001/Desktop/Gestures/images_to_train/Vikasafd-2022-04-01 06:18:02.414298/Vikasafd.63ec76ee-b155-11ec-ae44-cb6983774605.jpeg', '/home/vikasjoshis001/Desktop/Gestures/images_to_train/Vikasafd-2022-04-01 06:18:02.414298/Vikasafd.6520d1ae-b155-11ec-ae44-cb6983774605.jpeg', '/home/vikasjoshis001/Desktop/Gestures/images_to_train/Vikasafd-2022-04-01 06:18:02.414298/Vikasafd.62a72799-b155-11ec-ae44-cb6983774605.jpeg', '/home/vikasjoshis001/Desktop/Gestures/images_to_train/Vikasafd-2022-04-01 06:18:02.414298/Vikasafd.63ec76ef-b155-11ec-ae44-cb6983774605.jpeg', '/home/vikasjoshis001/Desktop/Gestures/images_to_train/Vikasafd-2022-04-01 06:18:02.414298/Vikasafd.62a72798-b155-11ec-ae44-cb6983774605.jpeg'], ['/home/vikasjoshis001/Desktop/Gestures/images_to_train/cersie lannister/index3.jpeg', '/home/vikasjoshis001/Desktop/Gestures/images_to_train/cersie lannister/index5.jpeg', '/home/vikasjoshis001/Desktop/Gestures/images_to_train/cersie lannister/index2.jpeg', '/home/vikasjoshis001/Desktop/Gestures/images_to_train/cersie lannister/index4.jpeg'], ['/home/vikasjoshis001/Desktop/Gestures/images_to_train/Vikas-2022-03-31 13:17:26.260103/Vikas.d18bc824-b0c6-11ec-95c9-353773ec36e1.jpeg', '/home/vikasjoshis001/Desktop/Gestures/images_to_train/Vikas-2022-03-31 13:17:26.260103/Vikas.d056c17b-b0c6-11ec-95c9-353773ec36e1.jpeg', '/home/vikasjoshis001/Desktop/Gestures/images_to_train/Vikas-2022-03-31 13:17:26.260103/Vikas.cf0c4b78-b0c6-11ec-95c9-353773ec36e1.jpeg', '/home/vikasjoshis001/Desktop/Gestures/images_to_train/Vikas-2022-03-31 13:17:26.260103/Vikas.cf0c4b79-b0c6-11ec-95c9-353773ec36e1.jpeg', '/home/vikasjoshis001/Desktop/Gestures/images_to_train/Vikas-2022-03-31 13:17:26.260103/Vikas.d056c17a-b0c6-11ec-95c9-353773ec36e1.jpeg'], ['/home/vikasjoshis001/Desktop/Gestures/images_to_train/king in the north/index.jpeg', '/home/vikasjoshis001/Desktop/Gestures/images_to_train/king in the north/index3.jpeg', '/home/vikasjoshis001/Desktop/Gestures/images_to_train/king in the north/index5.jpeg', '/home/vikasjoshis001/Desktop/Gestures/images_to_train/king in the north/index2.jpeg', '/home/vikasjoshis001/Desktop/Gestures/images_to_train/king in the north/index4.jpeg'], ['/home/vikasjoshis001/Desktop/Gestures/images_to_train/jfhkjg-2022-04-01 06:37:04.905084/jfhkjg.0ceab510-b158-11ec-ae44-cb6983774605.jpeg', '/home/vikasjoshis001/Desktop/Gestures/images_to_train/jfhkjg-2022-04-01 06:37:04.905084/jfhkjg.0ceab511-b158-11ec-ae44-cb6983774605.jpeg', '/home/vikasjoshis001/Desktop/Gestures/images_to_train/jfhkjg-2022-04-01 06:37:04.905084/jfhkjg.0e1fb85e-b158-11ec-ae44-cb6983774605.jpeg', '/home/vikasjoshis001/Desktop/Gestures/images_to_train/jfhkjg-2022-04-01 06:37:04.905084/jfhkjg.0ba1782e-b158-11ec-ae44-cb6983774605.jpeg', '/home/vikasjoshis001/Desktop/Gestures/images_to_train/jfhkjg-2022-04-01 06:37:04.905084/jfhkjg.0ba1782f-b158-11ec-ae44-cb6983774605.jpeg'], ['/home/vikasjoshis001/Desktop/Gestures/images_to_train/fdsfg-2022-04-01 06:31:00.007557/fdsfg.3222a709-b157-11ec-ae44-cb6983774605.jpeg', '/home/vikasjoshis001/Desktop/Gestures/images_to_train/fdsfg-2022-04-01 06:31:00.007557/fdsfg.33671982-b157-11ec-ae44-cb6983774605.jpeg', '/home/vikasjoshis001/Desktop/Gestures/images_to_train/fdsfg-2022-04-01 06:31:00.007557/fdsfg.33671983-b157-11ec-ae44-cb6983774605.jpeg', '/home/vikasjoshis001/Desktop/Gestures/images_to_train/fdsfg-2022-04-01 06:31:00.007557/fdsfg.349ba318-b157-11ec-ae44-cb6983774605.jpeg', '/home/vikasjoshis001/Desktop/Gestures/images_to_train/fdsfg-2022-04-01 06:31:00.007557/fdsfg.3222a708-b157-11ec-ae44-cb6983774605.jpeg'], ['/home/vikasjoshis001/Desktop/Gestures/images_to_train/UIO-2022-04-01 06:08:24.896094/UIO.0a6d3245-b154-11ec-ae44-cb6983774605.jpeg', '/home/vikasjoshis001/Desktop/Gestures/images_to_train/UIO-2022-04-01 06:08:24.896094/UIO.0bbc7cb9-b154-11ec-ae44-cb6983774605.jpeg', '/home/vikasjoshis001/Desktop/Gestures/images_to_train/UIO-2022-04-01 06:08:24.896094/UIO.0bbc7cb8-b154-11ec-ae44-cb6983774605.jpeg', '/home/vikasjoshis001/Desktop/Gestures/images_to_train/UIO-2022-04-01 06:08:24.896094/UIO.0a6d3244-b154-11ec-ae44-cb6983774605.jpeg', '/home/vikasjoshis001/Desktop/Gestures/images_to_train/UIO-2022-04-01 06:08:24.896094/UIO.0cf136d2-b154-11ec-ae44-cb6983774605.jpeg'], ['/home/vikasjoshis001/Desktop/Gestures/images_to_train/arya stark/index.jpeg', '/home/vikasjoshis001/Desktop/Gestures/images_to_train/arya stark/index3.jpeg', '/home/vikasjoshis001/Desktop/Gestures/images_to_train/arya stark/index5.jpeg', '/home/vikasjoshis001/Desktop/Gestures/images_to_train/arya stark/index2.jpeg', '/home/vikasjoshis001/Desktop/Gestures/images_to_train/arya stark/images4.jpeg'], ['/home/vikasjoshis001/Desktop/Gestures/images_to_train/bgcnhgnvbngh-2022-04-01 06:34:02.139502/bgcnhgnvbngh.a134ebc4-b157-11ec-ae44-cb6983774605.jpeg', '/home/vikasjoshis001/Desktop/Gestures/images_to_train/bgcnhgnvbngh-2022-04-01 06:34:02.139502/bgcnhgnvbngh.9fff80f2-b157-11ec-ae44-cb6983774605.jpeg', '/home/vikasjoshis001/Desktop/Gestures/images_to_train/bgcnhgnvbngh-2022-04-01 06:34:02.139502/bgcnhgnvbngh.9eb230f1-b157-11ec-ae44-cb6983774605.jpeg', '/home/vikasjoshis001/Desktop/Gestures/images_to_train/bgcnhgnvbngh-2022-04-01 06:34:02.139502/bgcnhgnvbngh.9fff80f3-b157-11ec-ae44-cb6983774605.jpeg', '/home/vikasjoshis001/Desktop/Gestures/images_to_train/bgcnhgnvbngh-2022-04-01 06:34:02.139502/bgcnhgnvbngh.9eb230f0-b157-11ec-ae44-cb6983774605.jpeg'], ['/home/vikasjoshis001/Desktop/Gestures/images_to_train/nnhm-2022-04-01 06:35:32.890275/nnhm.d6127e06-b157-11ec-ae44-cb6983774605.jpeg', '/home/vikasjoshis001/Desktop/Gestures/images_to_train/nnhm-2022-04-01 06:35:32.890275/nnhm.d6127e07-b157-11ec-ae44-cb6983774605.jpeg', '/home/vikasjoshis001/Desktop/Gestures/images_to_train/nnhm-2022-04-01 06:35:32.890275/nnhm.d4c9f9b6-b157-11ec-ae44-cb6983774605.jpeg', '/home/vikasjoshis001/Desktop/Gestures/images_to_train/nnhm-2022-04-01 06:35:32.890275/nnhm.d4c9f9b7-b157-11ec-ae44-cb6983774605.jpeg', '/home/vikasjoshis001/Desktop/Gestures/images_to_train/nnhm-2022-04-01 06:35:32.890275/nnhm.d7475ac6-b157-11ec-ae44-cb6983774605.jpeg']]
2022-04-01 06:37:16.572 INFO Train - trainImages: started loading images and finding their encodings
2022-04-01 06:37:16.572 INFO Train - trainImages: loading image
2022-04-01 06:37:16.592 DEBUG Train - trainImages: /home/vikasjoshis001/Desktop/Gestures/images_to_train/tyrion lannister/images5.jpeg
2022-04-01 06:37:16.592 INFO Train - trainImages: loading image done
2022-04-01 06:37:16.592 INFO Train - trainImages: finding the encoding of image
2022-04-01 06:37:16.741 INFO Train - trainImages: finding encoding of image is done
2022-04-01 06:37:16.742 INFO Train - trainImages: loading image
2022-04-01 06:37:16.742 DEBUG Train - trainImages: /home/vikasjoshis001/Desktop/Gestures/images_to_train/tyrion lannister/index3.jpeg
2022-04-01 06:37:16.742 INFO Train - trainImages: loading image done
2022-04-01 06:37:16.742 INFO Train - trainImages: finding the encoding of image
2022-04-01 06:37:16.810 INFO Train - trainImages: finding encoding of image is done
2022-04-01 06:37:16.810 INFO Train - trainImages: loading image
2022-04-01 06:37:16.811 DEBUG Train - trainImages: /home/vikasjoshis001/Desktop/Gestures/images_to_train/tyrion lannister/index1.jpeg
2022-04-01 06:37:16.811 INFO Train - trainImages: loading image done
2022-04-01 06:37:16.811 INFO Train - trainImages: finding the encoding of image
2022-04-01 06:37:16.880 INFO Train - trainImages: finding encoding of image is done
2022-04-01 06:37:16.880 INFO Train - trainImages: loading image
2022-04-01 06:37:16.881 DEBUG Train - trainImages: /home/vikasjoshis001/Desktop/Gestures/images_to_train/tyrion lannister/index2.jpeg
2022-04-01 06:37:16.881 INFO Train - trainImages: loading image done
2022-04-01 06:37:16.881 INFO Train - trainImages: finding the encoding of image
2022-04-01 06:37:16.950 INFO Train - trainImages: finding encoding of image is done
2022-04-01 06:37:16.950 INFO Train - trainImages: loading image
2022-04-01 06:37:16.951 DEBUG Train - trainImages: /home/vikasjoshis001/Desktop/Gestures/images_to_train/tyrion lannister/index4.jpeg
2022-04-01 06:37:16.951 INFO Train - trainImages: loading image done
2022-04-01 06:37:16.951 INFO Train - trainImages: finding the encoding of image
2022-04-01 06:37:17.019 INFO Train - trainImages: finding encoding of image is done
2022-04-01 06:37:17.019 INFO Train - trainImages: getting average of encodings of loaded images
2022-04-01 06:37:17.019 INFO Train - trainImages: done with getting average encodings
2022-04-01 06:37:17.019 INFO Train - trainImages: storing the name and encoding in local dictionary
2022-04-01 06:37:17.019 INFO Train - trainImages: stored name and encodes in local dictionary
2022-04-01 06:37:17.019 INFO Train - trainImages: storing the name and encodings in mongodb
2022-04-01 06:37:17.020 INFO Train - trainImages: stored all name and encodes in mongodb
2022-04-01 06:37:17.020 INFO Train - trainImages: started loading images and finding their encodings
2022-04-01 06:37:17.020 INFO Train - trainImages: loading image
2022-04-01 06:37:17.021 DEBUG Train - trainImages: /home/vikasjoshis001/Desktop/Gestures/images_to_train/denerys targeryan/index3.jpeg
2022-04-01 06:37:17.021 INFO Train - trainImages: loading image done
2022-04-01 06:37:17.021 INFO Train - trainImages: finding the encoding of image
2022-04-01 06:37:17.090 INFO Train - trainImages: finding encoding of image is done
2022-04-01 06:37:17.090 INFO Train - trainImages: loading image
2022-04-01 06:37:17.091 DEBUG Train - trainImages: /home/vikasjoshis001/Desktop/Gestures/images_to_train/denerys targeryan/index5.jpeg
2022-04-01 06:37:17.091 INFO Train - trainImages: loading image done
2022-04-01 06:37:17.091 INFO Train - trainImages: finding the encoding of image
2022-04-01 06:37:17.160 INFO Train - trainImages: finding encoding of image is done
2022-04-01 06:37:17.160 INFO Train - trainImages: loading image
2022-04-01 06:37:17.161 DEBUG Train - trainImages: /home/vikasjoshis001/Desktop/Gestures/images_to_train/denerys targeryan/index1.jpeg
2022-04-01 06:37:17.161 INFO Train - trainImages: loading image done
2022-04-01 06:37:17.161 INFO Train - trainImages: finding the encoding of image
2022-04-01 06:37:17.246 INFO Train - trainImages: finding encoding of image is done
2022-04-01 06:37:17.246 INFO Train - trainImages: loading image
2022-04-01 06:37:17.247 DEBUG Train - trainImages: /home/vikasjoshis001/Desktop/Gestures/images_to_train/denerys targeryan/index2.jpeg
2022-04-01 06:37:17.247 INFO Train - trainImages: loading image done
2022-04-01 06:37:17.247 INFO Train - trainImages: finding the encoding of image
2022-04-01 06:37:17.319 INFO Train - trainImages: finding encoding of image is done
2022-04-01 06:37:17.319 INFO Train - trainImages: loading image
2022-04-01 06:37:17.319 DEBUG Train - trainImages: /home/vikasjoshis001/Desktop/Gestures/images_to_train/denerys targeryan/index4.jpeg
2022-04-01 06:37:17.319 INFO Train - trainImages: loading image done
2022-04-01 06:37:17.320 INFO Train - trainImages: finding the encoding of image
2022-04-01 06:37:17.386 INFO Train - trainImages: finding encoding of image is done
2022-04-01 06:37:17.386 INFO Train - trainImages: getting average of encodings of loaded images
2022-04-01 06:37:17.386 INFO Train - trainImages: done with getting average encodings
2022-04-01 06:37:17.386 INFO Train - trainImages: storing the name and encoding in local dictionary
2022-04-01 06:37:17.386 INFO Train - trainImages: stored name and encodes in local dictionary
2022-04-01 06:37:17.386 INFO Train - trainImages: storing the name and encodings in mongodb
2022-04-01 06:37:17.387 INFO Train - trainImages: stored all name and encodes in mongodb
2022-04-01 06:37:17.387 INFO Train - trainImages: started loading images and finding their encodings
2022-04-01 06:37:17.387 INFO Train - trainImages: loading image
2022-04-01 06:37:17.388 DEBUG Train - trainImages: /home/vikasjoshis001/Desktop/Gestures/images_to_train/vfbgfhg-2022-04-01 06:34:43.835860/vfbgfhg.b78c50d8-b157-11ec-ae44-cb6983774605.jpeg
2022-04-01 06:37:17.388 INFO Train - trainImages: loading image done
2022-04-01 06:37:17.388 INFO Train - trainImages: finding the encoding of image
2022-04-01 06:37:17.469 INFO Train - trainImages: finding encoding of image is done
2022-04-01 06:37:17.469 INFO Train - trainImages: loading image
2022-04-01 06:37:17.470 DEBUG Train - trainImages: /home/vikasjoshis001/Desktop/Gestures/images_to_train/vfbgfhg-2022-04-01 06:34:43.835860/vfbgfhg.b8d4b701-b157-11ec-ae44-cb6983774605.jpeg
2022-04-01 06:37:17.470 INFO Train - trainImages: loading image done
2022-04-01 06:37:17.470 INFO Train - trainImages: finding the encoding of image
2022-04-01 06:37:17.551 INFO Train - trainImages: finding encoding of image is done
2022-04-01 06:37:17.551 INFO Train - trainImages: loading image
2022-04-01 06:37:17.552 DEBUG Train - trainImages: /home/vikasjoshis001/Desktop/Gestures/images_to_train/vfbgfhg-2022-04-01 06:34:43.835860/vfbgfhg.ba0b01b0-b157-11ec-ae44-cb6983774605.jpeg
2022-04-01 06:37:17.553 INFO Train - trainImages: loading image done
2022-04-01 06:37:17.553 INFO Train - trainImages: finding the encoding of image
2022-04-01 06:37:17.636 INFO Train - trainImages: finding encoding of image is done
2022-04-01 06:37:17.636 INFO Train - trainImages: loading image
2022-04-01 06:37:17.637 DEBUG Train - trainImages: /home/vikasjoshis001/Desktop/Gestures/images_to_train/vfbgfhg-2022-04-01 06:34:43.835860/vfbgfhg.b78c50d9-b157-11ec-ae44-cb6983774605.jpeg
2022-04-01 06:37:17.637 INFO Train - trainImages: loading image done
2022-04-01 06:37:17.637 INFO Train - trainImages: finding the encoding of image
2022-04-01 06:37:17.718 INFO Train - trainImages: finding encoding of image is done
2022-04-01 06:37:17.718 INFO Train - trainImages: loading image
2022-04-01 06:37:17.719 DEBUG Train - trainImages: /home/vikasjoshis001/Desktop/Gestures/images_to_train/vfbgfhg-2022-04-01 06:34:43.835860/vfbgfhg.b8d4b700-b157-11ec-ae44-cb6983774605.jpeg
2022-04-01 06:37:17.719 INFO Train - trainImages: loading image done
2022-04-01 06:37:17.719 INFO Train - trainImages: finding the encoding of image
2022-04-01 06:37:17.801 INFO Train - trainImages: finding encoding of image is done
2022-04-01 06:37:17.801 INFO Train - trainImages: getting average of encodings of loaded images
2022-04-01 06:37:17.801 INFO Train - trainImages: done with getting average encodings
2022-04-01 06:37:17.801 INFO Train - trainImages: storing the name and encoding in local dictionary
2022-04-01 06:37:17.801 INFO Train - trainImages: stored name and encodes in local dictionary
2022-04-01 06:37:17.801 INFO Train - trainImages: storing the name and encodings in mongodb
2022-04-01 06:37:17.802 INFO Train - trainImages: stored all name and encodes in mongodb
2022-04-01 06:37:17.802 INFO Train - trainImages: started loading images and finding their encodings
2022-04-01 06:37:17.802 INFO Train - trainImages: loading image
2022-04-01 06:37:17.803 DEBUG Train - trainImages: /home/vikasjoshis001/Desktop/Gestures/images_to_train/Hello-2022-04-01 06:06:43.242173/Hello.cdd62f53-b153-11ec-ae44-cb6983774605.jpeg
2022-04-01 06:37:17.803 INFO Train - trainImages: loading image done
2022-04-01 06:37:17.803 INFO Train - trainImages: finding the encoding of image
2022-04-01 06:37:17.883 INFO Train - trainImages: finding encoding of image is done
2022-04-01 06:37:17.883 INFO Train - trainImages: loading image
2022-04-01 06:37:17.884 DEBUG Train - trainImages: /home/vikasjoshis001/Desktop/Gestures/images_to_train/Hello-2022-04-01 06:06:43.242173/Hello.cf21c952-b153-11ec-ae44-cb6983774605.jpeg
2022-04-01 06:37:17.885 INFO Train - trainImages: loading image done
2022-04-01 06:37:17.885 INFO Train - trainImages: finding the encoding of image
2022-04-01 06:37:17.965 INFO Train - trainImages: finding encoding of image is done
2022-04-01 06:37:17.965 INFO Train - trainImages: loading image
2022-04-01 06:37:17.966 DEBUG Train - trainImages: /home/vikasjoshis001/Desktop/Gestures/images_to_train/Hello-2022-04-01 06:06:43.242173/Hello.d0570634-b153-11ec-ae44-cb6983774605.jpeg
2022-04-01 06:37:17.966 INFO Train - trainImages: loading image done
2022-04-01 06:37:17.966 INFO Train - trainImages: finding the encoding of image
2022-04-01 06:37:18.046 INFO Train - trainImages: finding encoding of image is done
2022-04-01 06:37:18.046 INFO Train - trainImages: loading image
2022-04-01 06:37:18.047 DEBUG Train - trainImages: /home/vikasjoshis001/Desktop/Gestures/images_to_train/Hello-2022-04-01 06:06:43.242173/Hello.cdd62f52-b153-11ec-ae44-cb6983774605.jpeg
2022-04-01 06:37:18.047 INFO Train - trainImages: loading image done
2022-04-01 06:37:18.047 INFO Train - trainImages: finding the encoding of image
2022-04-01 06:37:18.129 INFO Train - trainImages: finding encoding of image is done
2022-04-01 06:37:18.129 INFO Train - trainImages: loading image
2022-04-01 06:37:18.130 DEBUG Train - trainImages: /home/vikasjoshis001/Desktop/Gestures/images_to_train/Hello-2022-04-01 06:06:43.242173/Hello.cf21c953-b153-11ec-ae44-cb6983774605.jpeg
2022-04-01 06:37:18.130 INFO Train - trainImages: loading image done
2022-04-01 06:37:18.130 INFO Train - trainImages: finding the encoding of image
2022-04-01 06:37:18.211 INFO Train - trainImages: finding encoding of image is done
2022-04-01 06:37:18.211 INFO Train - trainImages: getting average of encodings of loaded images
2022-04-01 06:37:18.211 INFO Train - trainImages: done with getting average encodings
2022-04-01 06:37:18.211 INFO Train - trainImages: storing the name and encoding in local dictionary
2022-04-01 06:37:18.211 INFO Train - trainImages: stored name and encodes in local dictionary
2022-04-01 06:37:18.211 INFO Train - trainImages: storing the name and encodings in mongodb
2022-04-01 06:37:18.212 INFO Train - trainImages: stored all name and encodes in mongodb
2022-04-01 06:37:18.212 INFO Train - trainImages: started loading images and finding their encodings
2022-04-01 06:37:18.212 INFO Train - trainImages: loading image
2022-04-01 06:37:18.213 DEBUG Train - trainImages: /home/vikasjoshis001/Desktop/Gestures/images_to_train/ghfh-2022-04-01 06:36:12.128100/ghfh.ed712782-b157-11ec-ae44-cb6983774605.jpeg
2022-04-01 06:37:18.213 INFO Train - trainImages: loading image done
2022-04-01 06:37:18.213 INFO Train - trainImages: finding the encoding of image
2022-04-01 06:37:18.293 INFO Train - trainImages: finding encoding of image is done
2022-04-01 06:37:18.293 INFO Train - trainImages: loading image
2022-04-01 06:37:18.294 DEBUG Train - trainImages: /home/vikasjoshis001/Desktop/Gestures/images_to_train/ghfh-2022-04-01 06:36:12.128100/ghfh.ec2c5a91-b157-11ec-ae44-cb6983774605.jpeg
2022-04-01 06:37:18.295 INFO Train - trainImages: loading image done
2022-04-01 06:37:18.295 INFO Train - trainImages: finding the encoding of image
2022-04-01 06:37:18.375 INFO Train - trainImages: finding encoding of image is done
2022-04-01 06:37:18.375 INFO Train - trainImages: loading image
2022-04-01 06:37:18.376 DEBUG Train - trainImages: /home/vikasjoshis001/Desktop/Gestures/images_to_train/ghfh-2022-04-01 06:36:12.128100/ghfh.ec2c5a90-b157-11ec-ae44-cb6983774605.jpeg
2022-04-01 06:37:18.376 INFO Train - trainImages: loading image done
2022-04-01 06:37:18.376 INFO Train - trainImages: finding the encoding of image
2022-04-01 06:37:18.456 INFO Train - trainImages: finding encoding of image is done
2022-04-01 06:37:18.456 INFO Train - trainImages: loading image
2022-04-01 06:37:18.457 DEBUG Train - trainImages: /home/vikasjoshis001/Desktop/Gestures/images_to_train/ghfh-2022-04-01 06:36:12.128100/ghfh.ed712783-b157-11ec-ae44-cb6983774605.jpeg
2022-04-01 06:37:18.457 INFO Train - trainImages: loading image done
2022-04-01 06:37:18.457 INFO Train - trainImages: finding the encoding of image
2022-04-01 06:37:18.538 INFO Train - trainImages: finding encoding of image is done
2022-04-01 06:37:18.538 INFO Train - trainImages: loading image
2022-04-01 06:37:18.539 DEBUG Train - trainImages: /home/vikasjoshis001/Desktop/Gestures/images_to_train/ghfh-2022-04-01 06:36:12.128100/ghfh.eea60190-b157-11ec-ae44-cb6983774605.jpeg
2022-04-01 06:37:18.539 INFO Train - trainImages: loading image done
2022-04-01 06:37:18.539 INFO Train - trainImages: finding the encoding of image
2022-04-01 06:37:18.620 INFO Train - trainImages: finding encoding of image is done
2022-04-01 06:37:18.620 INFO Train - trainImages: getting average of encodings of loaded images
2022-04-01 06:37:18.620 INFO Train - trainImages: done with getting average encodings
2022-04-01 06:37:18.620 INFO Train - trainImages: storing the name and encoding in local dictionary
2022-04-01 06:37:18.620 INFO Train - trainImages: stored name and encodes in local dictionary
2022-04-01 06:37:18.620 INFO Train - trainImages: storing the name and encodings in mongodb
2022-04-01 06:37:18.621 INFO Train - trainImages: stored all name and encodes in mongodb
2022-04-01 06:37:18.621 INFO Train - trainImages: started loading images and finding their encodings
2022-04-01 06:37:18.621 INFO Train - trainImages: loading image
2022-04-01 06:37:18.622 DEBUG Train - trainImages: /home/vikasjoshis001/Desktop/Gestures/images_to_train/fedsgfvdhg-2022-04-01 06:29:54.369493/fedsgfvdhg.0c47a2ae-b157-11ec-ae44-cb6983774605.jpeg
2022-04-01 06:37:18.622 INFO Train - trainImages: loading image done
2022-04-01 06:37:18.622 INFO Train - trainImages: finding the encoding of image
2022-04-01 06:37:18.706 INFO Train - trainImages: finding encoding of image is done
2022-04-01 06:37:18.706 INFO Train - trainImages: loading image
2022-04-01 06:37:18.707 DEBUG Train - trainImages: /home/vikasjoshis001/Desktop/Gestures/images_to_train/fedsgfvdhg-2022-04-01 06:29:54.369493/fedsgfvdhg.0c47a2af-b157-11ec-ae44-cb6983774605.jpeg
2022-04-01 06:37:18.707 INFO Train - trainImages: loading image done
2022-04-01 06:37:18.707 INFO Train - trainImages: finding the encoding of image
2022-04-01 06:37:18.789 INFO Train - trainImages: finding encoding of image is done
2022-04-01 06:37:18.789 INFO Train - trainImages: loading image
2022-04-01 06:37:18.789 DEBUG Train - trainImages: /home/vikasjoshis001/Desktop/Gestures/images_to_train/fedsgfvdhg-2022-04-01 06:29:54.369493/fedsgfvdhg.0b0382a1-b157-11ec-ae44-cb6983774605.jpeg
2022-04-01 06:37:18.790 INFO Train - trainImages: loading image done
2022-04-01 06:37:18.790 INFO Train - trainImages: finding the encoding of image
2022-04-01 06:37:18.869 INFO Train - trainImages: finding encoding of image is done
2022-04-01 06:37:18.870 INFO Train - trainImages: loading image
2022-04-01 06:37:18.870 DEBUG Train - trainImages: /home/vikasjoshis001/Desktop/Gestures/images_to_train/fedsgfvdhg-2022-04-01 06:29:54.369493/fedsgfvdhg.0b0382a0-b157-11ec-ae44-cb6983774605.jpeg
2022-04-01 06:37:18.871 INFO Train - trainImages: loading image done
2022-04-01 06:37:18.871 INFO Train - trainImages: finding the encoding of image
2022-04-01 06:37:18.954 INFO Train - trainImages: finding encoding of image is done
2022-04-01 06:37:18.954 INFO Train - trainImages: loading image
2022-04-01 06:37:18.955 DEBUG Train - trainImages: /home/vikasjoshis001/Desktop/Gestures/images_to_train/fedsgfvdhg-2022-04-01 06:29:54.369493/fedsgfvdhg.0d7c29f6-b157-11ec-ae44-cb6983774605.jpeg
2022-04-01 06:37:18.955 INFO Train - trainImages: loading image done
2022-04-01 06:37:18.955 INFO Train - trainImages: finding the encoding of image
2022-04-01 06:37:19.038 INFO Train - trainImages: finding encoding of image is done
2022-04-01 06:37:19.038 INFO Train - trainImages: getting average of encodings of loaded images
2022-04-01 06:37:19.038 INFO Train - trainImages: done with getting average encodings
2022-04-01 06:37:19.038 INFO Train - trainImages: storing the name and encoding in local dictionary
2022-04-01 06:37:19.038 INFO Train - trainImages: stored name and encodes in local dictionary
2022-04-01 06:37:19.038 INFO Train - trainImages: storing the name and encodings in mongodb
2022-04-01 06:37:19.039 INFO Train - trainImages: stored all name and encodes in mongodb
2022-04-01 06:37:19.039 INFO Train - trainImages: started loading images and finding their encodings
2022-04-01 06:37:19.039 INFO Train - trainImages: loading image
2022-04-01 06:37:19.040 DEBUG Train - trainImages: /home/vikasjoshis001/Desktop/Gestures/images_to_train/Vikasafd-2022-04-01 06:18:02.414298/Vikasafd.63ec76ee-b155-11ec-ae44-cb6983774605.jpeg
2022-04-01 06:37:19.040 INFO Train - trainImages: loading image done
2022-04-01 06:37:19.040 INFO Train - trainImages: finding the encoding of image
2022-04-01 06:37:19.121 INFO Train - trainImages: finding encoding of image is done
2022-04-01 06:37:19.121 INFO Train - trainImages: loading image
2022-04-01 06:37:19.122 DEBUG Train - trainImages: /home/vikasjoshis001/Desktop/Gestures/images_to_train/Vikasafd-2022-04-01 06:18:02.414298/Vikasafd.6520d1ae-b155-11ec-ae44-cb6983774605.jpeg
2022-04-01 06:37:19.122 INFO Train - trainImages: loading image done
2022-04-01 06:37:19.122 INFO Train - trainImages: finding the encoding of image
2022-04-01 06:37:19.203 INFO Train - trainImages: finding encoding of image is done
2022-04-01 06:37:19.203 INFO Train - trainImages: loading image
2022-04-01 06:37:19.204 DEBUG Train - trainImages: /home/vikasjoshis001/Desktop/Gestures/images_to_train/Vikasafd-2022-04-01 06:18:02.414298/Vikasafd.62a72799-b155-11ec-ae44-cb6983774605.jpeg
2022-04-01 06:37:19.204 INFO Train - trainImages: loading image done
2022-04-01 06:37:19.204 INFO Train - trainImages: finding the encoding of image
2022-04-01 06:37:19.286 INFO Train - trainImages: finding encoding of image is done
2022-04-01 06:37:19.286 INFO Train - trainImages: loading image
2022-04-01 06:37:19.287 DEBUG Train - trainImages: /home/vikasjoshis001/Desktop/Gestures/images_to_train/Vikasafd-2022-04-01 06:18:02.414298/Vikasafd.63ec76ef-b155-11ec-ae44-cb6983774605.jpeg
2022-04-01 06:37:19.287 INFO Train - trainImages: loading image done
2022-04-01 06:37:19.287 INFO Train - trainImages: finding the encoding of image
2022-04-01 06:37:19.367 INFO Train - trainImages: finding encoding of image is done
2022-04-01 06:37:19.367 INFO Train - trainImages: loading image
2022-04-01 06:37:19.368 DEBUG Train - trainImages: /home/vikasjoshis001/Desktop/Gestures/images_to_train/Vikasafd-2022-04-01 06:18:02.414298/Vikasafd.62a72798-b155-11ec-ae44-cb6983774605.jpeg
2022-04-01 06:37:19.368 INFO Train - trainImages: loading image done
2022-04-01 06:37:19.368 INFO Train - trainImages: finding the encoding of image
2022-04-01 06:37:19.449 INFO Train - trainImages: finding encoding of image is done
2022-04-01 06:37:19.449 INFO Train - trainImages: getting average of encodings of loaded images
2022-04-01 06:37:19.449 INFO Train - trainImages: done with getting average encodings
2022-04-01 06:37:19.449 INFO Train - trainImages: storing the name and encoding in local dictionary
2022-04-01 06:37:19.449 INFO Train - trainImages: stored name and encodes in local dictionary
2022-04-01 06:37:19.449 INFO Train - trainImages: storing the name and encodings in mongodb
2022-04-01 06:37:19.450 INFO Train - trainImages: stored all name and encodes in mongodb
2022-04-01 06:37:19.450 INFO Train - trainImages: started loading images and finding their encodings
2022-04-01 06:37:19.450 INFO Train - trainImages: loading image
2022-04-01 06:37:19.451 DEBUG Train - trainImages: /home/vikasjoshis001/Desktop/Gestures/images_to_train/cersie lannister/index3.jpeg
2022-04-01 06:37:19.451 INFO Train - trainImages: loading image done
2022-04-01 06:37:19.451 INFO Train - trainImages: finding the encoding of image
2022-04-01 06:37:19.518 INFO Train - trainImages: finding encoding of image is done
2022-04-01 06:37:19.518 INFO Train - trainImages: loading image
2022-04-01 06:37:19.519 DEBUG Train - trainImages: /home/vikasjoshis001/Desktop/Gestures/images_to_train/cersie lannister/index5.jpeg
2022-04-01 06:37:19.519 INFO Train - trainImages: loading image done
2022-04-01 06:37:19.519 INFO Train - trainImages: finding the encoding of image
2022-04-01 06:37:19.586 INFO Train - trainImages: finding encoding of image is done
2022-04-01 06:37:19.586 INFO Train - trainImages: loading image
2022-04-01 06:37:19.587 DEBUG Train - trainImages: /home/vikasjoshis001/Desktop/Gestures/images_to_train/cersie lannister/index2.jpeg
2022-04-01 06:37:19.587 INFO Train - trainImages: loading image done
2022-04-01 06:37:19.587 INFO Train - trainImages: finding the encoding of image
2022-04-01 06:37:19.657 INFO Train - trainImages: finding encoding of image is done
2022-04-01 06:37:19.657 INFO Train - trainImages: loading image
2022-04-01 06:37:19.658 DEBUG Train - trainImages: /home/vikasjoshis001/Desktop/Gestures/images_to_train/cersie lannister/index4.jpeg
2022-04-01 06:37:19.658 INFO Train - trainImages: loading image done
2022-04-01 06:37:19.658 INFO Train - trainImages: finding the encoding of image
2022-04-01 06:37:19.727 INFO Train - trainImages: finding encoding of image is done
2022-04-01 06:37:19.727 INFO Train - trainImages: getting average of encodings of loaded images
2022-04-01 06:37:19.727 INFO Train - trainImages: done with getting average encodings
2022-04-01 06:37:19.727 INFO Train - trainImages: storing the name and encoding in local dictionary
2022-04-01 06:37:19.727 INFO Train - trainImages: stored name and encodes in local dictionary
2022-04-01 06:37:19.727 INFO Train - trainImages: storing the name and encodings in mongodb
2022-04-01 06:37:19.728 INFO Train - trainImages: stored all name and encodes in mongodb
2022-04-01 06:37:19.728 INFO Train - trainImages: started loading images and finding their encodings
2022-04-01 06:37:19.728 INFO Train - trainImages: loading image
2022-04-01 06:37:19.730 DEBUG Train - trainImages: /home/vikasjoshis001/Desktop/Gestures/images_to_train/Vikas-2022-03-31 13:17:26.260103/Vikas.d18bc824-b0c6-11ec-95c9-353773ec36e1.jpeg
2022-04-01 06:37:19.730 INFO Train - trainImages: loading image done
2022-04-01 06:37:19.731 INFO Train - trainImages: finding the encoding of image
2022-04-01 06:37:19.916 INFO Train - trainImages: finding encoding of image is done
2022-04-01 06:37:19.916 INFO Train - trainImages: loading image
2022-04-01 06:37:19.919 DEBUG Train - trainImages: /home/vikasjoshis001/Desktop/Gestures/images_to_train/Vikas-2022-03-31 13:17:26.260103/Vikas.d056c17b-b0c6-11ec-95c9-353773ec36e1.jpeg
2022-04-01 06:37:19.919 INFO Train - trainImages: loading image done
2022-04-01 06:37:19.919 INFO Train - trainImages: finding the encoding of image
2022-04-01 06:37:20.105 INFO Train - trainImages: finding encoding of image is done
2022-04-01 06:37:20.105 INFO Train - trainImages: loading image
2022-04-01 06:37:20.107 DEBUG Train - trainImages: /home/vikasjoshis001/Desktop/Gestures/images_to_train/Vikas-2022-03-31 13:17:26.260103/Vikas.cf0c4b78-b0c6-11ec-95c9-353773ec36e1.jpeg
2022-04-01 06:37:20.108 INFO Train - trainImages: loading image done
2022-04-01 06:37:20.108 INFO Train - trainImages: finding the encoding of image
2022-04-01 06:37:20.289 INFO Train - trainImages: finding encoding of image is done
2022-04-01 06:37:20.290 INFO Train - trainImages: loading image
2022-04-01 06:37:20.292 DEBUG Train - trainImages: /home/vikasjoshis001/Desktop/Gestures/images_to_train/Vikas-2022-03-31 13:17:26.260103/Vikas.cf0c4b79-b0c6-11ec-95c9-353773ec36e1.jpeg
2022-04-01 06:37:20.292 INFO Train - trainImages: loading image done
2022-04-01 06:37:20.292 INFO Train - trainImages: finding the encoding of image
2022-04-01 06:37:20.472 INFO Train - trainImages: finding encoding of image is done
2022-04-01 06:37:20.472 INFO Train - trainImages: loading image
2022-04-01 06:37:20.475 DEBUG Train - trainImages: /home/vikasjoshis001/Desktop/Gestures/images_to_train/Vikas-2022-03-31 13:17:26.260103/Vikas.d056c17a-b0c6-11ec-95c9-353773ec36e1.jpeg
2022-04-01 06:37:20.475 INFO Train - trainImages: loading image done
2022-04-01 06:37:20.475 INFO Train - trainImages: finding the encoding of image
2022-04-01 06:37:20.659 INFO Train - trainImages: finding encoding of image is done
2022-04-01 06:37:20.659 INFO Train - trainImages: getting average of encodings of loaded images
2022-04-01 06:37:20.659 INFO Train - trainImages: done with getting average encodings
2022-04-01 06:37:20.659 INFO Train - trainImages: storing the name and encoding in local dictionary
2022-04-01 06:37:20.659 INFO Train - trainImages: stored name and encodes in local dictionary
2022-04-01 06:37:20.659 INFO Train - trainImages: storing the name and encodings in mongodb
2022-04-01 06:37:20.660 INFO Train - trainImages: stored all name and encodes in mongodb
2022-04-01 06:37:20.660 INFO Train - trainImages: started loading images and finding their encodings
2022-04-01 06:37:20.660 INFO Train - trainImages: loading image
2022-04-01 06:37:20.661 DEBUG Train - trainImages: /home/vikasjoshis001/Desktop/Gestures/images_to_train/king in the north/index.jpeg
2022-04-01 06:37:20.661 INFO Train - trainImages: loading image done
2022-04-01 06:37:20.661 INFO Train - trainImages: finding the encoding of image
2022-04-01 06:37:20.729 INFO Train - trainImages: finding encoding of image is done
2022-04-01 06:37:20.729 INFO Train - trainImages: loading image
2022-04-01 06:37:20.730 DEBUG Train - trainImages: /home/vikasjoshis001/Desktop/Gestures/images_to_train/king in the north/index3.jpeg
2022-04-01 06:37:20.730 INFO Train - trainImages: loading image done
2022-04-01 06:37:20.730 INFO Train - trainImages: finding the encoding of image
2022-04-01 06:37:20.800 INFO Train - trainImages: finding encoding of image is done
2022-04-01 06:37:20.800 INFO Train - trainImages: loading image
2022-04-01 06:37:20.801 DEBUG Train - trainImages: /home/vikasjoshis001/Desktop/Gestures/images_to_train/king in the north/index5.jpeg
2022-04-01 06:37:20.801 INFO Train - trainImages: loading image done
2022-04-01 06:37:20.801 INFO Train - trainImages: finding the encoding of image
2022-04-01 06:37:20.870 INFO Train - trainImages: finding encoding of image is done
2022-04-01 06:37:20.870 INFO Train - trainImages: loading image
2022-04-01 06:37:20.871 DEBUG Train - trainImages: /home/vikasjoshis001/Desktop/Gestures/images_to_train/king in the north/index2.jpeg
2022-04-01 06:37:20.871 INFO Train - trainImages: loading image done
2022-04-01 06:37:20.871 INFO Train - trainImages: finding the encoding of image
2022-04-01 06:37:20.940 INFO Train - trainImages: finding encoding of image is done
2022-04-01 06:37:20.940 INFO Train - trainImages: loading image
2022-04-01 06:37:20.941 DEBUG Train - trainImages: /home/vikasjoshis001/Desktop/Gestures/images_to_train/king in the north/index4.jpeg
2022-04-01 06:37:20.941 INFO Train - trainImages: loading image done
2022-04-01 06:37:20.941 INFO Train - trainImages: finding the encoding of image
2022-04-01 06:37:21.010 INFO Train - trainImages: finding encoding of image is done
2022-04-01 06:37:21.010 INFO Train - trainImages: getting average of encodings of loaded images
2022-04-01 06:37:21.011 INFO Train - trainImages: done with getting average encodings
2022-04-01 06:37:21.011 INFO Train - trainImages: storing the name and encoding in local dictionary
2022-04-01 06:37:21.011 INFO Train - trainImages: stored name and encodes in local dictionary
2022-04-01 06:37:21.011 INFO Train - trainImages: storing the name and encodings in mongodb
2022-04-01 06:37:21.012 INFO Train - trainImages: stored all name and encodes in mongodb
2022-04-01 06:37:21.012 INFO Train - trainImages: started loading images and finding their encodings
2022-04-01 06:37:21.012 INFO Train - trainImages: loading image
2022-04-01 06:37:21.013 DEBUG Train - trainImages: /home/vikasjoshis001/Desktop/Gestures/images_to_train/jfhkjg-2022-04-01 06:37:04.905084/jfhkjg.0ceab510-b158-11ec-ae44-cb6983774605.jpeg
2022-04-01 06:37:21.013 INFO Train - trainImages: loading image done
2022-04-01 06:37:21.013 INFO Train - trainImages: finding the encoding of image
2022-04-01 06:37:21.094 INFO Train - trainImages: finding encoding of image is done
2022-04-01 06:37:21.094 INFO Train - trainImages: loading image
2022-04-01 06:37:21.095 DEBUG Train - trainImages: /home/vikasjoshis001/Desktop/Gestures/images_to_train/jfhkjg-2022-04-01 06:37:04.905084/jfhkjg.0ceab511-b158-11ec-ae44-cb6983774605.jpeg
2022-04-01 06:37:21.095 INFO Train - trainImages: loading image done
2022-04-01 06:37:21.095 INFO Train - trainImages: finding the encoding of image
2022-04-01 06:37:21.176 INFO Train - trainImages: finding encoding of image is done
2022-04-01 06:37:21.176 INFO Train - trainImages: loading image
2022-04-01 06:37:21.177 DEBUG Train - trainImages: /home/vikasjoshis001/Desktop/Gestures/images_to_train/jfhkjg-2022-04-01 06:37:04.905084/jfhkjg.0e1fb85e-b158-11ec-ae44-cb6983774605.jpeg
2022-04-01 06:37:21.177 INFO Train - trainImages: loading image done
2022-04-01 06:37:21.177 INFO Train - trainImages: finding the encoding of image
2022-04-01 06:37:21.258 INFO Train - trainImages: finding encoding of image is done
2022-04-01 06:37:21.258 INFO Train - trainImages: loading image
2022-04-01 06:37:21.259 DEBUG Train - trainImages: /home/vikasjoshis001/Desktop/Gestures/images_to_train/jfhkjg-2022-04-01 06:37:04.905084/jfhkjg.0ba1782e-b158-11ec-ae44-cb6983774605.jpeg
2022-04-01 06:37:21.259 INFO Train - trainImages: loading image done
2022-04-01 06:37:21.259 INFO Train - trainImages: finding the encoding of image
2022-04-01 06:37:21.341 INFO Train - trainImages: finding encoding of image is done
2022-04-01 06:37:21.341 INFO Train - trainImages: loading image
2022-04-01 06:37:21.342 DEBUG Train - trainImages: /home/vikasjoshis001/Desktop/Gestures/images_to_train/jfhkjg-2022-04-01 06:37:04.905084/jfhkjg.0ba1782f-b158-11ec-ae44-cb6983774605.jpeg
2022-04-01 06:37:21.342 INFO Train - trainImages: loading image done
2022-04-01 06:37:21.342 INFO Train - trainImages: finding the encoding of image
2022-04-01 06:37:21.423 INFO Train - trainImages: finding encoding of image is done
2022-04-01 06:37:21.423 INFO Train - trainImages: getting average of encodings of loaded images
2022-04-01 06:37:21.423 INFO Train - trainImages: done with getting average encodings
2022-04-01 06:37:21.423 INFO Train - trainImages: storing the name and encoding in local dictionary
2022-04-01 06:37:21.423 INFO Train - trainImages: stored name and encodes in local dictionary
2022-04-01 06:37:21.423 INFO Train - trainImages: storing the name and encodings in mongodb
2022-04-01 06:37:21.424 INFO Train - trainImages: stored all name and encodes in mongodb
2022-04-01 06:37:21.424 INFO Train - trainImages: started loading images and finding their encodings
2022-04-01 06:37:21.424 INFO Train - trainImages: loading image
2022-04-01 06:37:21.425 DEBUG Train - trainImages: /home/vikasjoshis001/Desktop/Gestures/images_to_train/fdsfg-2022-04-01 06:31:00.007557/fdsfg.3222a709-b157-11ec-ae44-cb6983774605.jpeg
2022-04-01 06:37:21.425 INFO Train - trainImages: loading image done
2022-04-01 06:37:21.425 INFO Train - trainImages: finding the encoding of image
2022-04-01 06:37:21.506 INFO Train - trainImages: finding encoding of image is done
2022-04-01 06:37:21.506 INFO Train - trainImages: loading image
2022-04-01 06:37:21.507 DEBUG Train - trainImages: /home/vikasjoshis001/Desktop/Gestures/images_to_train/fdsfg-2022-04-01 06:31:00.007557/fdsfg.33671982-b157-11ec-ae44-cb6983774605.jpeg
2022-04-01 06:37:21.507 INFO Train - trainImages: loading image done
2022-04-01 06:37:21.508 INFO Train - trainImages: finding the encoding of image
2022-04-01 06:37:21.589 INFO Train - trainImages: finding encoding of image is done
2022-04-01 06:37:21.589 INFO Train - trainImages: loading image
2022-04-01 06:37:21.590 DEBUG Train - trainImages: /home/vikasjoshis001/Desktop/Gestures/images_to_train/fdsfg-2022-04-01 06:31:00.007557/fdsfg.33671983-b157-11ec-ae44-cb6983774605.jpeg
2022-04-01 06:37:21.590 INFO Train - trainImages: loading image done
2022-04-01 06:37:21.590 INFO Train - trainImages: finding the encoding of image
2022-04-01 06:37:21.670 INFO Train - trainImages: finding encoding of image is done
2022-04-01 06:37:21.670 INFO Train - trainImages: loading image
2022-04-01 06:37:21.671 DEBUG Train - trainImages: /home/vikasjoshis001/Desktop/Gestures/images_to_train/fdsfg-2022-04-01 06:31:00.007557/fdsfg.349ba318-b157-11ec-ae44-cb6983774605.jpeg
2022-04-01 06:37:21.672 INFO Train - trainImages: loading image done
2022-04-01 06:37:21.672 INFO Train - trainImages: finding the encoding of image
2022-04-01 06:37:21.753 INFO Train - trainImages: finding encoding of image is done
2022-04-01 06:37:21.753 INFO Train - trainImages: loading image
2022-04-01 06:37:21.754 DEBUG Train - trainImages: /home/vikasjoshis001/Desktop/Gestures/images_to_train/fdsfg-2022-04-01 06:31:00.007557/fdsfg.3222a708-b157-11ec-ae44-cb6983774605.jpeg
2022-04-01 06:37:21.754 INFO Train - trainImages: loading image done
2022-04-01 06:37:21.754 INFO Train - trainImages: finding the encoding of image
2022-04-01 06:37:21.838 INFO Train - trainImages: finding encoding of image is done
2022-04-01 06:37:21.838 INFO Train - trainImages: getting average of encodings of loaded images
2022-04-01 06:37:21.838 INFO Train - trainImages: done with getting average encodings
2022-04-01 06:37:21.838 INFO Train - trainImages: storing the name and encoding in local dictionary
2022-04-01 06:37:21.838 INFO Train - trainImages: stored name and encodes in local dictionary
2022-04-01 06:37:21.838 INFO Train - trainImages: storing the name and encodings in mongodb
2022-04-01 06:37:21.839 INFO Train - trainImages: stored all name and encodes in mongodb
2022-04-01 06:37:21.839 INFO Train - trainImages: started loading images and finding their encodings
2022-04-01 06:37:21.839 INFO Train - trainImages: loading image
2022-04-01 06:37:21.840 DEBUG Train - trainImages: /home/vikasjoshis001/Desktop/Gestures/images_to_train/UIO-2022-04-01 06:08:24.896094/UIO.0a6d3245-b154-11ec-ae44-cb6983774605.jpeg
2022-04-01 06:37:21.840 INFO Train - trainImages: loading image done
2022-04-01 06:37:21.840 INFO Train - trainImages: finding the encoding of image
2022-04-01 06:37:21.921 INFO Train - trainImages: finding encoding of image is done
2022-04-01 06:37:21.921 INFO Train - trainImages: loading image
2022-04-01 06:37:21.922 DEBUG Train - trainImages: /home/vikasjoshis001/Desktop/Gestures/images_to_train/UIO-2022-04-01 06:08:24.896094/UIO.0bbc7cb9-b154-11ec-ae44-cb6983774605.jpeg
2022-04-01 06:37:21.922 INFO Train - trainImages: loading image done
2022-04-01 06:37:21.922 INFO Train - trainImages: finding the encoding of image
2022-04-01 06:37:22.002 INFO Train - trainImages: finding encoding of image is done
2022-04-01 06:37:22.003 INFO Train - trainImages: loading image
2022-04-01 06:37:22.003 DEBUG Train - trainImages: /home/vikasjoshis001/Desktop/Gestures/images_to_train/UIO-2022-04-01 06:08:24.896094/UIO.0bbc7cb8-b154-11ec-ae44-cb6983774605.jpeg
2022-04-01 06:37:22.004 INFO Train - trainImages: loading image done
2022-04-01 06:37:22.004 INFO Train - trainImages: finding the encoding of image
2022-04-01 06:37:22.085 INFO Train - trainImages: finding encoding of image is done
2022-04-01 06:37:22.085 INFO Train - trainImages: loading image
2022-04-01 06:37:22.086 DEBUG Train - trainImages: /home/vikasjoshis001/Desktop/Gestures/images_to_train/UIO-2022-04-01 06:08:24.896094/UIO.0a6d3244-b154-11ec-ae44-cb6983774605.jpeg
2022-04-01 06:37:22.086 INFO Train - trainImages: loading image done
2022-04-01 06:37:22.086 INFO Train - trainImages: finding the encoding of image
2022-04-01 06:37:22.167 INFO Train - trainImages: finding encoding of image is done
2022-04-01 06:37:22.168 INFO Train - trainImages: loading image
2022-04-01 06:37:22.169 DEBUG Train - trainImages: /home/vikasjoshis001/Desktop/Gestures/images_to_train/UIO-2022-04-01 06:08:24.896094/UIO.0cf136d2-b154-11ec-ae44-cb6983774605.jpeg
2022-04-01 06:37:22.169 INFO Train - trainImages: loading image done
2022-04-01 06:37:22.169 INFO Train - trainImages: finding the encoding of image
2022-04-01 06:37:22.250 INFO Train - trainImages: finding encoding of image is done
2022-04-01 06:37:22.250 INFO Train - trainImages: getting average of encodings of loaded images
2022-04-01 06:37:22.250 INFO Train - trainImages: done with getting average encodings
2022-04-01 06:37:22.250 INFO Train - trainImages: storing the name and encoding in local dictionary
2022-04-01 06:37:22.250 INFO Train - trainImages: stored name and encodes in local dictionary
2022-04-01 06:37:22.250 INFO Train - trainImages: storing the name and encodings in mongodb
2022-04-01 06:37:22.251 INFO Train - trainImages: stored all name and encodes in mongodb
2022-04-01 06:37:22.251 INFO Train - trainImages: started loading images and finding their encodings
2022-04-01 06:37:22.251 INFO Train - trainImages: loading image
2022-04-01 06:37:22.252 DEBUG Train - trainImages: /home/vikasjoshis001/Desktop/Gestures/images_to_train/arya stark/index.jpeg
2022-04-01 06:37:22.252 INFO Train - trainImages: loading image done
2022-04-01 06:37:22.252 INFO Train - trainImages: finding the encoding of image
2022-04-01 06:37:22.325 INFO Train - trainImages: finding encoding of image is done
2022-04-01 06:37:22.325 INFO Train - trainImages: loading image
2022-04-01 06:37:22.326 DEBUG Train - trainImages: /home/vikasjoshis001/Desktop/Gestures/images_to_train/arya stark/index3.jpeg
2022-04-01 06:37:22.326 INFO Train - trainImages: loading image done
2022-04-01 06:37:22.326 INFO Train - trainImages: finding the encoding of image
2022-04-01 06:37:22.394 INFO Train - trainImages: finding encoding of image is done
2022-04-01 06:37:22.395 INFO Train - trainImages: loading image
2022-04-01 06:37:22.395 DEBUG Train - trainImages: /home/vikasjoshis001/Desktop/Gestures/images_to_train/arya stark/index5.jpeg
2022-04-01 06:37:22.395 INFO Train - trainImages: loading image done
2022-04-01 06:37:22.395 INFO Train - trainImages: finding the encoding of image
2022-04-01 06:37:22.466 INFO Train - trainImages: finding encoding of image is done
2022-04-01 06:37:22.466 INFO Train - trainImages: loading image
2022-04-01 06:37:22.466 DEBUG Train - trainImages: /home/vikasjoshis001/Desktop/Gestures/images_to_train/arya stark/index2.jpeg
2022-04-01 06:37:22.466 INFO Train - trainImages: loading image done
2022-04-01 06:37:22.466 INFO Train - trainImages: finding the encoding of image
2022-04-01 06:37:22.536 INFO Train - trainImages: finding encoding of image is done
2022-04-01 06:37:22.536 INFO Train - trainImages: loading image
2022-04-01 06:37:22.536 DEBUG Train - trainImages: /home/vikasjoshis001/Desktop/Gestures/images_to_train/arya stark/images4.jpeg
2022-04-01 06:37:22.537 INFO Train - trainImages: loading image done
2022-04-01 06:37:22.537 INFO Train - trainImages: finding the encoding of image
2022-04-01 06:37:22.606 INFO Train - trainImages: finding encoding of image is done
2022-04-01 06:37:22.606 INFO Train - trainImages: getting average of encodings of loaded images
2022-04-01 06:37:22.607 INFO Train - trainImages: done with getting average encodings
2022-04-01 06:37:22.607 INFO Train - trainImages: storing the name and encoding in local dictionary
2022-04-01 06:37:22.607 INFO Train - trainImages: stored name and encodes in local dictionary
2022-04-01 06:37:22.607 INFO Train - trainImages: storing the name and encodings in mongodb
2022-04-01 06:37:22.607 INFO Train - trainImages: stored all name and encodes in mongodb
2022-04-01 06:37:22.607 INFO Train - trainImages: started loading images and finding their encodings
2022-04-01 06:37:22.607 INFO Train - trainImages: loading image
2022-04-01 06:37:22.608 DEBUG Train - trainImages: /home/vikasjoshis001/Desktop/Gestures/images_to_train/bgcnhgnvbngh-2022-04-01 06:34:02.139502/bgcnhgnvbngh.a134ebc4-b157-11ec-ae44-cb6983774605.jpeg
2022-04-01 06:37:22.608 INFO Train - trainImages: loading image done
2022-04-01 06:37:22.608 INFO Train - trainImages: finding the encoding of image
2022-04-01 06:37:22.689 INFO Train - trainImages: finding encoding of image is done
2022-04-01 06:37:22.690 INFO Train - trainImages: loading image
2022-04-01 06:37:22.691 DEBUG Train - trainImages: /home/vikasjoshis001/Desktop/Gestures/images_to_train/bgcnhgnvbngh-2022-04-01 06:34:02.139502/bgcnhgnvbngh.9fff80f2-b157-11ec-ae44-cb6983774605.jpeg
2022-04-01 06:37:22.691 INFO Train - trainImages: loading image done
2022-04-01 06:37:22.691 INFO Train - trainImages: finding the encoding of image
2022-04-01 06:37:22.772 INFO Train - trainImages: finding encoding of image is done
2022-04-01 06:37:22.772 INFO Train - trainImages: loading image
2022-04-01 06:37:22.773 DEBUG Train - trainImages: /home/vikasjoshis001/Desktop/Gestures/images_to_train/bgcnhgnvbngh-2022-04-01 06:34:02.139502/bgcnhgnvbngh.9eb230f1-b157-11ec-ae44-cb6983774605.jpeg
2022-04-01 06:37:22.773 INFO Train - trainImages: loading image done
2022-04-01 06:37:22.773 INFO Train - trainImages: finding the encoding of image
2022-04-01 06:37:22.854 INFO Train - trainImages: finding encoding of image is done
2022-04-01 06:37:22.854 INFO Train - trainImages: loading image
2022-04-01 06:37:22.855 DEBUG Train - trainImages: /home/vikasjoshis001/Desktop/Gestures/images_to_train/bgcnhgnvbngh-2022-04-01 06:34:02.139502/bgcnhgnvbngh.9fff80f3-b157-11ec-ae44-cb6983774605.jpeg
2022-04-01 06:37:22.855 INFO Train - trainImages: loading image done
2022-04-01 06:37:22.855 INFO Train - trainImages: finding the encoding of image
2022-04-01 06:37:22.936 INFO Train - trainImages: finding encoding of image is done
2022-04-01 06:37:22.937 INFO Train - trainImages: loading image
2022-04-01 06:37:22.938 DEBUG Train - trainImages: /home/vikasjoshis001/Desktop/Gestures/images_to_train/bgcnhgnvbngh-2022-04-01 06:34:02.139502/bgcnhgnvbngh.9eb230f0-b157-11ec-ae44-cb6983774605.jpeg
2022-04-01 06:37:22.938 INFO Train - trainImages: loading image done
2022-04-01 06:37:22.938 INFO Train - trainImages: finding the encoding of image
2022-04-01 06:37:23.020 INFO Train - trainImages: finding encoding of image is done
2022-04-01 06:37:23.020 INFO Train - trainImages: getting average of encodings of loaded images
2022-04-01 06:37:23.020 INFO Train - trainImages: done with getting average encodings
2022-04-01 06:37:23.020 INFO Train - trainImages: storing the name and encoding in local dictionary
2022-04-01 06:37:23.020 INFO Train - trainImages: stored name and encodes in local dictionary
2022-04-01 06:37:23.020 INFO Train - trainImages: storing the name and encodings in mongodb
2022-04-01 06:37:23.021 INFO Train - trainImages: stored all name and encodes in mongodb
2022-04-01 06:37:23.021 INFO Train - trainImages: started loading images and finding their encodings
2022-04-01 06:37:23.021 INFO Train - trainImages: loading image
2022-04-01 06:37:23.022 DEBUG Train - trainImages: /home/vikasjoshis001/Desktop/Gestures/images_to_train/nnhm-2022-04-01 06:35:32.890275/nnhm.d6127e06-b157-11ec-ae44-cb6983774605.jpeg
2022-04-01 06:37:23.022 INFO Train - trainImages: loading image done
2022-04-01 06:37:23.022 INFO Train - trainImages: finding the encoding of image
2022-04-01 06:37:23.104 INFO Train - trainImages: finding encoding of image is done
2022-04-01 06:37:23.104 INFO Train - trainImages: loading image
2022-04-01 06:37:23.105 DEBUG Train - trainImages: /home/vikasjoshis001/Desktop/Gestures/images_to_train/nnhm-2022-04-01 06:35:32.890275/nnhm.d6127e07-b157-11ec-ae44-cb6983774605.jpeg
2022-04-01 06:37:23.105 INFO Train - trainImages: loading image done
2022-04-01 06:37:23.105 INFO Train - trainImages: finding the encoding of image
2022-04-01 06:37:23.187 INFO Train - trainImages: finding encoding of image is done
2022-04-01 06:37:23.187 INFO Train - trainImages: loading image
2022-04-01 06:37:23.188 DEBUG Train - trainImages: /home/vikasjoshis001/Desktop/Gestures/images_to_train/nnhm-2022-04-01 06:35:32.890275/nnhm.d4c9f9b6-b157-11ec-ae44-cb6983774605.jpeg
2022-04-01 06:37:23.188 INFO Train - trainImages: loading image done
2022-04-01 06:37:23.188 INFO Train - trainImages: finding the encoding of image
2022-04-01 06:37:23.270 INFO Train - trainImages: finding encoding of image is done
2022-04-01 06:37:23.270 INFO Train - trainImages: loading image
2022-04-01 06:37:23.271 DEBUG Train - trainImages: /home/vikasjoshis001/Desktop/Gestures/images_to_train/nnhm-2022-04-01 06:35:32.890275/nnhm.d4c9f9b7-b157-11ec-ae44-cb6983774605.jpeg
2022-04-01 06:37:23.271 INFO Train - trainImages: loading image done
2022-04-01 06:37:23.271 INFO Train - trainImages: finding the encoding of image
2022-04-01 06:37:23.355 INFO Train - trainImages: finding encoding of image is done
2022-04-01 06:37:23.355 INFO Train - trainImages: loading image
2022-04-01 06:37:23.356 DEBUG Train - trainImages: /home/vikasjoshis001/Desktop/Gestures/images_to_train/nnhm-2022-04-01 06:35:32.890275/nnhm.d7475ac6-b157-11ec-ae44-cb6983774605.jpeg
2022-04-01 06:37:23.356 INFO Train - trainImages: loading image done
2022-04-01 06:37:23.356 INFO Train - trainImages: finding the encoding of image
2022-04-01 06:37:23.437 INFO Train - trainImages: finding encoding of image is done
2022-04-01 06:37:23.437 INFO Train - trainImages: getting average of encodings of loaded images
2022-04-01 06:37:23.438 INFO Train - trainImages: done with getting average encodings
2022-04-01 06:37:23.438 INFO Train - trainImages: storing the name and encoding in local dictionary
2022-04-01 06:37:23.438 INFO Train - trainImages: stored name and encodes in local dictionary
2022-04-01 06:37:23.438 INFO Train - trainImages: storing the name and encodings in mongodb
2022-04-01 06:37:23.438 INFO Train - trainImages: stored all name and encodes in mongodb
