2022-04-01 06:31:11.552 INFO Train - trainImages: MongoDB database connected successfully
2022-04-01 06:31:11.569 INFO Train - trainImages: collected all folders in known_people folder
2022-04-01 06:31:11.570 DEBUG Train - trainImages: ['tyrion lannister', 'denerys targeryan', 'Hello-2022-04-01 06:06:43.242173', 'fedsgfvdhg-2022-04-01 06:29:54.369493', 'Vikasafd-2022-04-01 06:18:02.414298', 'cersie lannister', 'Vikas-2022-03-31 13:17:26.260103', 'king in the north', 'fdsfg-2022-04-01 06:31:00.007557', 'UIO-2022-04-01 06:08:24.896094', 'arya stark']
2022-04-01 06:31:11.581 INFO Train - trainImages: collected all images from all folders in known_people folder
2022-04-01 06:31:11.582 DEBUG Train - trainImages: [['/home/vikasjoshis001/Desktop/Gestures/images_to_train/tyrion lannister/images5.jpeg', '/home/vikasjoshis001/Desktop/Gestures/images_to_train/tyrion lannister/index3.jpeg', '/home/vikasjoshis001/Desktop/Gestures/images_to_train/tyrion lannister/index1.jpeg', '/home/vikasjoshis001/Desktop/Gestures/images_to_train/tyrion lannister/index2.jpeg', '/home/vikasjoshis001/Desktop/Gestures/images_to_train/tyrion lannister/index4.jpeg'], ['/home/vikasjoshis001/Desktop/Gestures/images_to_train/denerys targeryan/index3.jpeg', '/home/vikasjoshis001/Desktop/Gestures/images_to_train/denerys targeryan/index5.jpeg', '/home/vikasjoshis001/Desktop/Gestures/images_to_train/denerys targeryan/index1.jpeg', '/home/vikasjoshis001/Desktop/Gestures/images_to_train/denerys targeryan/index2.jpeg', '/home/vikasjoshis001/Desktop/Gestures/images_to_train/denerys targeryan/index4.jpeg'], ['/home/vikasjoshis001/Desktop/Gestures/images_to_train/Hello-2022-04-01 06:06:43.242173/Hello.cdd62f53-b153-11ec-ae44-cb6983774605.jpeg', '/home/vikasjoshis001/Desktop/Gestures/images_to_train/Hello-2022-04-01 06:06:43.242173/Hello.cf21c952-b153-11ec-ae44-cb6983774605.jpeg', '/home/vikasjoshis001/Desktop/Gestures/images_to_train/Hello-2022-04-01 06:06:43.242173/Hello.d0570634-b153-11ec-ae44-cb6983774605.jpeg', '/home/vikasjoshis001/Desktop/Gestures/images_to_train/Hello-2022-04-01 06:06:43.242173/Hello.cdd62f52-b153-11ec-ae44-cb6983774605.jpeg', '/home/vikasjoshis001/Desktop/Gestures/images_to_train/Hello-2022-04-01 06:06:43.242173/Hello.cf21c953-b153-11ec-ae44-cb6983774605.jpeg'], ['/home/vikasjoshis001/Desktop/Gestures/images_to_train/fedsgfvdhg-2022-04-01 06:29:54.369493/fedsgfvdhg.0c47a2ae-b157-11ec-ae44-cb6983774605.jpeg', '/home/vikasjoshis001/Desktop/Gestures/images_to_train/fedsgfvdhg-2022-04-01 06:29:54.369493/fedsgfvdhg.0c47a2af-b157-11ec-ae44-cb6983774605.jpeg', '/home/vikasjoshis001/Desktop/Gestures/images_to_train/fedsgfvdhg-2022-04-01 06:29:54.369493/fedsgfvdhg.0b0382a1-b157-11ec-ae44-cb6983774605.jpeg', '/home/vikasjoshis001/Desktop/Gestures/images_to_train/fedsgfvdhg-2022-04-01 06:29:54.369493/fedsgfvdhg.0b0382a0-b157-11ec-ae44-cb6983774605.jpeg', '/home/vikasjoshis001/Desktop/Gestures/images_to_train/fedsgfvdhg-2022-04-01 06:29:54.369493/fedsgfvdhg.0d7c29f6-b157-11ec-ae44-cb6983774605.jpeg'], ['/home/vikasjoshis001/Desktop/Gestures/images_to_train/Vikasafd-2022-04-01 06:18:02.414298/Vikasafd.63ec76ee-b155-11ec-ae44-cb6983774605.jpeg', '/home/vikasjoshis001/Desktop/Gestures/images_to_train/Vikasafd-2022-04-01 06:18:02.414298/Vikasafd.6520d1ae-b155-11ec-ae44-cb6983774605.jpeg', '/home/vikasjoshis001/Desktop/Gestures/images_to_train/Vikasafd-2022-04-01 06:18:02.414298/Vikasafd.62a72799-b155-11ec-ae44-cb6983774605.jpeg', '/home/vikasjoshis001/Desktop/Gestures/images_to_train/Vikasafd-2022-04-01 06:18:02.414298/Vikasafd.63ec76ef-b155-11ec-ae44-cb6983774605.jpeg', '/home/vikasjoshis001/Desktop/Gestures/images_to_train/Vikasafd-2022-04-01 06:18:02.414298/Vikasafd.62a72798-b155-11ec-ae44-cb6983774605.jpeg'], ['/home/vikasjoshis001/Desktop/Gestures/images_to_train/cersie lannister/index3.jpeg', '/home/vikasjoshis001/Desktop/Gestures/images_to_train/cersie lannister/index5.jpeg', '/home/vikasjoshis001/Desktop/Gestures/images_to_train/cersie lannister/index2.jpeg', '/home/vikasjoshis001/Desktop/Gestures/images_to_train/cersie lannister/index4.jpeg'], ['/home/vikasjoshis001/Desktop/Gestures/images_to_train/Vikas-2022-03-31 13:17:26.260103/Vikas.d18bc824-b0c6-11ec-95c9-353773ec36e1.jpeg', '/home/vikasjoshis001/Desktop/Gestures/images_to_train/Vikas-2022-03-31 13:17:26.260103/Vikas.d056c17b-b0c6-11ec-95c9-353773ec36e1.jpeg', '/home/vikasjoshis001/Desktop/Gestures/images_to_train/Vikas-2022-03-31 13:17:26.260103/Vikas.cf0c4b78-b0c6-11ec-95c9-353773ec36e1.jpeg', '/home/vikasjoshis001/Desktop/Gestures/images_to_train/Vikas-2022-03-31 13:17:26.260103/Vikas.cf0c4b79-b0c6-11ec-95c9-353773ec36e1.jpeg', '/home/vikasjoshis001/Desktop/Gestures/images_to_train/Vikas-2022-03-31 13:17:26.260103/Vikas.d056c17a-b0c6-11ec-95c9-353773ec36e1.jpeg'], ['/home/vikasjoshis001/Desktop/Gestures/images_to_train/king in the north/index.jpeg', '/home/vikasjoshis001/Desktop/Gestures/images_to_train/king in the north/index3.jpeg', '/home/vikasjoshis001/Desktop/Gestures/images_to_train/king in the north/index5.jpeg', '/home/vikasjoshis001/Desktop/Gestures/images_to_train/king in the north/index2.jpeg', '/home/vikasjoshis001/Desktop/Gestures/images_to_train/king in the north/index4.jpeg'], ['/home/vikasjoshis001/Desktop/Gestures/images_to_train/fdsfg-2022-04-01 06:31:00.007557/fdsfg.3222a709-b157-11ec-ae44-cb6983774605.jpeg', '/home/vikasjoshis001/Desktop/Gestures/images_to_train/fdsfg-2022-04-01 06:31:00.007557/fdsfg.33671982-b157-11ec-ae44-cb6983774605.jpeg', '/home/vikasjoshis001/Desktop/Gestures/images_to_train/fdsfg-2022-04-01 06:31:00.007557/fdsfg.33671983-b157-11ec-ae44-cb6983774605.jpeg', '/home/vikasjoshis001/Desktop/Gestures/images_to_train/fdsfg-2022-04-01 06:31:00.007557/fdsfg.349ba318-b157-11ec-ae44-cb6983774605.jpeg', '/home/vikasjoshis001/Desktop/Gestures/images_to_train/fdsfg-2022-04-01 06:31:00.007557/fdsfg.3222a708-b157-11ec-ae44-cb6983774605.jpeg'], ['/home/vikasjoshis001/Desktop/Gestures/images_to_train/UIO-2022-04-01 06:08:24.896094/UIO.0a6d3245-b154-11ec-ae44-cb6983774605.jpeg', '/home/vikasjoshis001/Desktop/Gestures/images_to_train/UIO-2022-04-01 06:08:24.896094/UIO.0bbc7cb9-b154-11ec-ae44-cb6983774605.jpeg', '/home/vikasjoshis001/Desktop/Gestures/images_to_train/UIO-2022-04-01 06:08:24.896094/UIO.0bbc7cb8-b154-11ec-ae44-cb6983774605.jpeg', '/home/vikasjoshis001/Desktop/Gestures/images_to_train/UIO-2022-04-01 06:08:24.896094/UIO.0a6d3244-b154-11ec-ae44-cb6983774605.jpeg', '/home/vikasjoshis001/Desktop/Gestures/images_to_train/UIO-2022-04-01 06:08:24.896094/UIO.0cf136d2-b154-11ec-ae44-cb6983774605.jpeg'], ['/home/vikasjoshis001/Desktop/Gestures/images_to_train/arya stark/index.jpeg', '/home/vikasjoshis001/Desktop/Gestures/images_to_train/arya stark/index3.jpeg', '/home/vikasjoshis001/Desktop/Gestures/images_to_train/arya stark/index5.jpeg', '/home/vikasjoshis001/Desktop/Gestures/images_to_train/arya stark/index2.jpeg', '/home/vikasjoshis001/Desktop/Gestures/images_to_train/arya stark/images4.jpeg']]
2022-04-01 06:31:11.583 INFO Train - trainImages: started loading images and finding their encodings
2022-04-01 06:31:11.583 INFO Train - trainImages: loading image
2022-04-01 06:31:11.593 DEBUG Train - trainImages: /home/vikasjoshis001/Desktop/Gestures/images_to_train/tyrion lannister/images5.jpeg
2022-04-01 06:31:11.593 INFO Train - trainImages: loading image done
2022-04-01 06:31:11.594 INFO Train - trainImages: finding the encoding of image
2022-04-01 06:31:11.672 INFO Train - trainImages: finding encoding of image is done
2022-04-01 06:31:11.672 INFO Train - trainImages: loading image
2022-04-01 06:31:11.673 DEBUG Train - trainImages: /home/vikasjoshis001/Desktop/Gestures/images_to_train/tyrion lannister/index3.jpeg
2022-04-01 06:31:11.673 INFO Train - trainImages: loading image done
2022-04-01 06:31:11.673 INFO Train - trainImages: finding the encoding of image
2022-04-01 06:31:11.740 INFO Train - trainImages: finding encoding of image is done
2022-04-01 06:31:11.740 INFO Train - trainImages: loading image
2022-04-01 06:31:11.740 DEBUG Train - trainImages: /home/vikasjoshis001/Desktop/Gestures/images_to_train/tyrion lannister/index1.jpeg
2022-04-01 06:31:11.741 INFO Train - trainImages: loading image done
2022-04-01 06:31:11.741 INFO Train - trainImages: finding the encoding of image
2022-04-01 06:31:11.809 INFO Train - trainImages: finding encoding of image is done
2022-04-01 06:31:11.809 INFO Train - trainImages: loading image
2022-04-01 06:31:11.809 DEBUG Train - trainImages: /home/vikasjoshis001/Desktop/Gestures/images_to_train/tyrion lannister/index2.jpeg
2022-04-01 06:31:11.809 INFO Train - trainImages: loading image done
2022-04-01 06:31:11.809 INFO Train - trainImages: finding the encoding of image
2022-04-01 06:31:11.878 INFO Train - trainImages: finding encoding of image is done
2022-04-01 06:31:11.878 INFO Train - trainImages: loading image
2022-04-01 06:31:11.879 DEBUG Train - trainImages: /home/vikasjoshis001/Desktop/Gestures/images_to_train/tyrion lannister/index4.jpeg
2022-04-01 06:31:11.879 INFO Train - trainImages: loading image done
2022-04-01 06:31:11.879 INFO Train - trainImages: finding the encoding of image
2022-04-01 06:31:11.945 INFO Train - trainImages: finding encoding of image is done
2022-04-01 06:31:11.945 INFO Train - trainImages: getting average of encodings of loaded images
2022-04-01 06:31:11.945 INFO Train - trainImages: done with getting average encodings
2022-04-01 06:31:11.945 INFO Train - trainImages: storing the name and encoding in local dictionary
2022-04-01 06:31:11.945 INFO Train - trainImages: stored name and encodes in local dictionary
2022-04-01 06:31:11.945 INFO Train - trainImages: storing the name and encodings in mongodb
2022-04-01 06:31:11.946 INFO Train - trainImages: stored all name and encodes in mongodb
2022-04-01 06:31:11.947 INFO Train - trainImages: started loading images and finding their encodings
2022-04-01 06:31:11.947 INFO Train - trainImages: loading image
2022-04-01 06:31:11.947 DEBUG Train - trainImages: /home/vikasjoshis001/Desktop/Gestures/images_to_train/denerys targeryan/index3.jpeg
2022-04-01 06:31:11.947 INFO Train - trainImages: loading image done
2022-04-01 06:31:11.947 INFO Train - trainImages: finding the encoding of image
2022-04-01 06:31:12.018 INFO Train - trainImages: finding encoding of image is done
2022-04-01 06:31:12.018 INFO Train - trainImages: loading image
2022-04-01 06:31:12.018 DEBUG Train - trainImages: /home/vikasjoshis001/Desktop/Gestures/images_to_train/denerys targeryan/index5.jpeg
2022-04-01 06:31:12.018 INFO Train - trainImages: loading image done
2022-04-01 06:31:12.019 INFO Train - trainImages: finding the encoding of image
2022-04-01 06:31:12.088 INFO Train - trainImages: finding encoding of image is done
2022-04-01 06:31:12.088 INFO Train - trainImages: loading image
2022-04-01 06:31:12.089 DEBUG Train - trainImages: /home/vikasjoshis001/Desktop/Gestures/images_to_train/denerys targeryan/index1.jpeg
2022-04-01 06:31:12.089 INFO Train - trainImages: loading image done
2022-04-01 06:31:12.089 INFO Train - trainImages: finding the encoding of image
2022-04-01 06:31:12.172 INFO Train - trainImages: finding encoding of image is done
2022-04-01 06:31:12.172 INFO Train - trainImages: loading image
2022-04-01 06:31:12.173 DEBUG Train - trainImages: /home/vikasjoshis001/Desktop/Gestures/images_to_train/denerys targeryan/index2.jpeg
2022-04-01 06:31:12.173 INFO Train - trainImages: loading image done
2022-04-01 06:31:12.173 INFO Train - trainImages: finding the encoding of image
2022-04-01 06:31:12.245 INFO Train - trainImages: finding encoding of image is done
2022-04-01 06:31:12.245 INFO Train - trainImages: loading image
2022-04-01 06:31:12.246 DEBUG Train - trainImages: /home/vikasjoshis001/Desktop/Gestures/images_to_train/denerys targeryan/index4.jpeg
2022-04-01 06:31:12.246 INFO Train - trainImages: loading image done
2022-04-01 06:31:12.246 INFO Train - trainImages: finding the encoding of image
2022-04-01 06:31:12.313 INFO Train - trainImages: finding encoding of image is done
2022-04-01 06:31:12.313 INFO Train - trainImages: getting average of encodings of loaded images
2022-04-01 06:31:12.313 INFO Train - trainImages: done with getting average encodings
2022-04-01 06:31:12.313 INFO Train - trainImages: storing the name and encoding in local dictionary
2022-04-01 06:31:12.313 INFO Train - trainImages: stored name and encodes in local dictionary
2022-04-01 06:31:12.313 INFO Train - trainImages: storing the name and encodings in mongodb
2022-04-01 06:31:12.314 INFO Train - trainImages: stored all name and encodes in mongodb
2022-04-01 06:31:12.314 INFO Train - trainImages: started loading images and finding their encodings
2022-04-01 06:31:12.314 INFO Train - trainImages: loading image
2022-04-01 06:31:12.315 DEBUG Train - trainImages: /home/vikasjoshis001/Desktop/Gestures/images_to_train/Hello-2022-04-01 06:06:43.242173/Hello.cdd62f53-b153-11ec-ae44-cb6983774605.jpeg
2022-04-01 06:31:12.315 INFO Train - trainImages: loading image done
2022-04-01 06:31:12.315 INFO Train - trainImages: finding the encoding of image
2022-04-01 06:31:12.395 INFO Train - trainImages: finding encoding of image is done
2022-04-01 06:31:12.395 INFO Train - trainImages: loading image
2022-04-01 06:31:12.396 DEBUG Train - trainImages: /home/vikasjoshis001/Desktop/Gestures/images_to_train/Hello-2022-04-01 06:06:43.242173/Hello.cf21c952-b153-11ec-ae44-cb6983774605.jpeg
2022-04-01 06:31:12.396 INFO Train - trainImages: loading image done
2022-04-01 06:31:12.396 INFO Train - trainImages: finding the encoding of image
2022-04-01 06:31:12.474 INFO Train - trainImages: finding encoding of image is done
2022-04-01 06:31:12.474 INFO Train - trainImages: loading image
2022-04-01 06:31:12.475 DEBUG Train - trainImages: /home/vikasjoshis001/Desktop/Gestures/images_to_train/Hello-2022-04-01 06:06:43.242173/Hello.d0570634-b153-11ec-ae44-cb6983774605.jpeg
2022-04-01 06:31:12.476 INFO Train - trainImages: loading image done
2022-04-01 06:31:12.476 INFO Train - trainImages: finding the encoding of image
2022-04-01 06:31:12.556 INFO Train - trainImages: finding encoding of image is done
2022-04-01 06:31:12.556 INFO Train - trainImages: loading image
2022-04-01 06:31:12.557 DEBUG Train - trainImages: /home/vikasjoshis001/Desktop/Gestures/images_to_train/Hello-2022-04-01 06:06:43.242173/Hello.cdd62f52-b153-11ec-ae44-cb6983774605.jpeg
2022-04-01 06:31:12.557 INFO Train - trainImages: loading image done
2022-04-01 06:31:12.557 INFO Train - trainImages: finding the encoding of image
2022-04-01 06:31:12.639 INFO Train - trainImages: finding encoding of image is done
2022-04-01 06:31:12.639 INFO Train - trainImages: loading image
2022-04-01 06:31:12.640 DEBUG Train - trainImages: /home/vikasjoshis001/Desktop/Gestures/images_to_train/Hello-2022-04-01 06:06:43.242173/Hello.cf21c953-b153-11ec-ae44-cb6983774605.jpeg
2022-04-01 06:31:12.640 INFO Train - trainImages: loading image done
2022-04-01 06:31:12.640 INFO Train - trainImages: finding the encoding of image
2022-04-01 06:31:12.721 INFO Train - trainImages: finding encoding of image is done
2022-04-01 06:31:12.721 INFO Train - trainImages: getting average of encodings of loaded images
2022-04-01 06:31:12.721 INFO Train - trainImages: done with getting average encodings
2022-04-01 06:31:12.721 INFO Train - trainImages: storing the name and encoding in local dictionary
2022-04-01 06:31:12.721 INFO Train - trainImages: stored name and encodes in local dictionary
2022-04-01 06:31:12.721 INFO Train - trainImages: storing the name and encodings in mongodb
2022-04-01 06:31:12.722 INFO Train - trainImages: stored all name and encodes in mongodb
2022-04-01 06:31:12.722 INFO Train - trainImages: started loading images and finding their encodings
2022-04-01 06:31:12.722 INFO Train - trainImages: loading image
2022-04-01 06:31:12.723 DEBUG Train - trainImages: /home/vikasjoshis001/Desktop/Gestures/images_to_train/fedsgfvdhg-2022-04-01 06:29:54.369493/fedsgfvdhg.0c47a2ae-b157-11ec-ae44-cb6983774605.jpeg
2022-04-01 06:31:12.723 INFO Train - trainImages: loading image done
2022-04-01 06:31:12.723 INFO Train - trainImages: finding the encoding of image
2022-04-01 06:31:12.803 INFO Train - trainImages: finding encoding of image is done
2022-04-01 06:31:12.803 INFO Train - trainImages: loading image
2022-04-01 06:31:12.804 DEBUG Train - trainImages: /home/vikasjoshis001/Desktop/Gestures/images_to_train/fedsgfvdhg-2022-04-01 06:29:54.369493/fedsgfvdhg.0c47a2af-b157-11ec-ae44-cb6983774605.jpeg
2022-04-01 06:31:12.804 INFO Train - trainImages: loading image done
2022-04-01 06:31:12.804 INFO Train - trainImages: finding the encoding of image
2022-04-01 06:31:12.884 INFO Train - trainImages: finding encoding of image is done
2022-04-01 06:31:12.884 INFO Train - trainImages: loading image
2022-04-01 06:31:12.885 DEBUG Train - trainImages: /home/vikasjoshis001/Desktop/Gestures/images_to_train/fedsgfvdhg-2022-04-01 06:29:54.369493/fedsgfvdhg.0b0382a1-b157-11ec-ae44-cb6983774605.jpeg
2022-04-01 06:31:12.885 INFO Train - trainImages: loading image done
2022-04-01 06:31:12.885 INFO Train - trainImages: finding the encoding of image
2022-04-01 06:31:12.965 INFO Train - trainImages: finding encoding of image is done
2022-04-01 06:31:12.965 INFO Train - trainImages: loading image
2022-04-01 06:31:12.966 DEBUG Train - trainImages: /home/vikasjoshis001/Desktop/Gestures/images_to_train/fedsgfvdhg-2022-04-01 06:29:54.369493/fedsgfvdhg.0b0382a0-b157-11ec-ae44-cb6983774605.jpeg
2022-04-01 06:31:12.966 INFO Train - trainImages: loading image done
2022-04-01 06:31:12.966 INFO Train - trainImages: finding the encoding of image
2022-04-01 06:31:13.049 INFO Train - trainImages: finding encoding of image is done
2022-04-01 06:31:13.049 INFO Train - trainImages: loading image
2022-04-01 06:31:13.050 DEBUG Train - trainImages: /home/vikasjoshis001/Desktop/Gestures/images_to_train/fedsgfvdhg-2022-04-01 06:29:54.369493/fedsgfvdhg.0d7c29f6-b157-11ec-ae44-cb6983774605.jpeg
2022-04-01 06:31:13.050 INFO Train - trainImages: loading image done
2022-04-01 06:31:13.050 INFO Train - trainImages: finding the encoding of image
2022-04-01 06:31:13.131 INFO Train - trainImages: finding encoding of image is done
2022-04-01 06:31:13.131 INFO Train - trainImages: getting average of encodings of loaded images
2022-04-01 06:31:13.131 INFO Train - trainImages: done with getting average encodings
2022-04-01 06:31:13.131 INFO Train - trainImages: storing the name and encoding in local dictionary
2022-04-01 06:31:13.131 INFO Train - trainImages: stored name and encodes in local dictionary
2022-04-01 06:31:13.131 INFO Train - trainImages: storing the name and encodings in mongodb
2022-04-01 06:31:13.132 INFO Train - trainImages: stored all name and encodes in mongodb
2022-04-01 06:31:13.132 INFO Train - trainImages: started loading images and finding their encodings
2022-04-01 06:31:13.132 INFO Train - trainImages: loading image
2022-04-01 06:31:13.133 DEBUG Train - trainImages: /home/vikasjoshis001/Desktop/Gestures/images_to_train/Vikasafd-2022-04-01 06:18:02.414298/Vikasafd.63ec76ee-b155-11ec-ae44-cb6983774605.jpeg
2022-04-01 06:31:13.133 INFO Train - trainImages: loading image done
2022-04-01 06:31:13.133 INFO Train - trainImages: finding the encoding of image
2022-04-01 06:31:13.213 INFO Train - trainImages: finding encoding of image is done
2022-04-01 06:31:13.213 INFO Train - trainImages: loading image
2022-04-01 06:31:13.214 DEBUG Train - trainImages: /home/vikasjoshis001/Desktop/Gestures/images_to_train/Vikasafd-2022-04-01 06:18:02.414298/Vikasafd.6520d1ae-b155-11ec-ae44-cb6983774605.jpeg
2022-04-01 06:31:13.214 INFO Train - trainImages: loading image done
2022-04-01 06:31:13.214 INFO Train - trainImages: finding the encoding of image
2022-04-01 06:31:13.294 INFO Train - trainImages: finding encoding of image is done
2022-04-01 06:31:13.294 INFO Train - trainImages: loading image
2022-04-01 06:31:13.295 DEBUG Train - trainImages: /home/vikasjoshis001/Desktop/Gestures/images_to_train/Vikasafd-2022-04-01 06:18:02.414298/Vikasafd.62a72799-b155-11ec-ae44-cb6983774605.jpeg
2022-04-01 06:31:13.295 INFO Train - trainImages: loading image done
2022-04-01 06:31:13.295 INFO Train - trainImages: finding the encoding of image
2022-04-01 06:31:13.378 INFO Train - trainImages: finding encoding of image is done
2022-04-01 06:31:13.378 INFO Train - trainImages: loading image
2022-04-01 06:31:13.379 DEBUG Train - trainImages: /home/vikasjoshis001/Desktop/Gestures/images_to_train/Vikasafd-2022-04-01 06:18:02.414298/Vikasafd.63ec76ef-b155-11ec-ae44-cb6983774605.jpeg
2022-04-01 06:31:13.379 INFO Train - trainImages: loading image done
2022-04-01 06:31:13.379 INFO Train - trainImages: finding the encoding of image
2022-04-01 06:31:13.459 INFO Train - trainImages: finding encoding of image is done
2022-04-01 06:31:13.459 INFO Train - trainImages: loading image
2022-04-01 06:31:13.460 DEBUG Train - trainImages: /home/vikasjoshis001/Desktop/Gestures/images_to_train/Vikasafd-2022-04-01 06:18:02.414298/Vikasafd.62a72798-b155-11ec-ae44-cb6983774605.jpeg
2022-04-01 06:31:13.460 INFO Train - trainImages: loading image done
2022-04-01 06:31:13.460 INFO Train - trainImages: finding the encoding of image
2022-04-01 06:31:13.540 INFO Train - trainImages: finding encoding of image is done
2022-04-01 06:31:13.540 INFO Train - trainImages: getting average of encodings of loaded images
2022-04-01 06:31:13.540 INFO Train - trainImages: done with getting average encodings
2022-04-01 06:31:13.540 INFO Train - trainImages: storing the name and encoding in local dictionary
2022-04-01 06:31:13.540 INFO Train - trainImages: stored name and encodes in local dictionary
2022-04-01 06:31:13.540 INFO Train - trainImages: storing the name and encodings in mongodb
2022-04-01 06:31:13.541 INFO Train - trainImages: stored all name and encodes in mongodb
2022-04-01 06:31:13.541 INFO Train - trainImages: started loading images and finding their encodings
2022-04-01 06:31:13.541 INFO Train - trainImages: loading image
2022-04-01 06:31:13.542 DEBUG Train - trainImages: /home/vikasjoshis001/Desktop/Gestures/images_to_train/cersie lannister/index3.jpeg
2022-04-01 06:31:13.542 INFO Train - trainImages: loading image done
2022-04-01 06:31:13.542 INFO Train - trainImages: finding the encoding of image
2022-04-01 06:31:13.609 INFO Train - trainImages: finding encoding of image is done
2022-04-01 06:31:13.609 INFO Train - trainImages: loading image
2022-04-01 06:31:13.610 DEBUG Train - trainImages: /home/vikasjoshis001/Desktop/Gestures/images_to_train/cersie lannister/index5.jpeg
2022-04-01 06:31:13.610 INFO Train - trainImages: loading image done
2022-04-01 06:31:13.610 INFO Train - trainImages: finding the encoding of image
2022-04-01 06:31:13.677 INFO Train - trainImages: finding encoding of image is done
2022-04-01 06:31:13.677 INFO Train - trainImages: loading image
2022-04-01 06:31:13.678 DEBUG Train - trainImages: /home/vikasjoshis001/Desktop/Gestures/images_to_train/cersie lannister/index2.jpeg
2022-04-01 06:31:13.678 INFO Train - trainImages: loading image done
2022-04-01 06:31:13.678 INFO Train - trainImages: finding the encoding of image
2022-04-01 06:31:13.756 INFO Train - trainImages: finding encoding of image is done
2022-04-01 06:31:13.756 INFO Train - trainImages: loading image
2022-04-01 06:31:13.757 DEBUG Train - trainImages: /home/vikasjoshis001/Desktop/Gestures/images_to_train/cersie lannister/index4.jpeg
2022-04-01 06:31:13.757 INFO Train - trainImages: loading image done
2022-04-01 06:31:13.757 INFO Train - trainImages: finding the encoding of image
2022-04-01 06:31:13.856 INFO Train - trainImages: finding encoding of image is done
2022-04-01 06:31:13.856 INFO Train - trainImages: getting average of encodings of loaded images
2022-04-01 06:31:13.856 INFO Train - trainImages: done with getting average encodings
2022-04-01 06:31:13.856 INFO Train - trainImages: storing the name and encoding in local dictionary
2022-04-01 06:31:13.856 INFO Train - trainImages: stored name and encodes in local dictionary
2022-04-01 06:31:13.856 INFO Train - trainImages: storing the name and encodings in mongodb
2022-04-01 06:31:13.857 INFO Train - trainImages: stored all name and encodes in mongodb
2022-04-01 06:31:13.857 INFO Train - trainImages: started loading images and finding their encodings
2022-04-01 06:31:13.857 INFO Train - trainImages: loading image
2022-04-01 06:31:13.861 DEBUG Train - trainImages: /home/vikasjoshis001/Desktop/Gestures/images_to_train/Vikas-2022-03-31 13:17:26.260103/Vikas.d18bc824-b0c6-11ec-95c9-353773ec36e1.jpeg
2022-04-01 06:31:13.861 INFO Train - trainImages: loading image done
2022-04-01 06:31:13.861 INFO Train - trainImages: finding the encoding of image
2022-04-01 06:31:14.048 INFO Train - trainImages: finding encoding of image is done
2022-04-01 06:31:14.048 INFO Train - trainImages: loading image
2022-04-01 06:31:14.051 DEBUG Train - trainImages: /home/vikasjoshis001/Desktop/Gestures/images_to_train/Vikas-2022-03-31 13:17:26.260103/Vikas.d056c17b-b0c6-11ec-95c9-353773ec36e1.jpeg
2022-04-01 06:31:14.051 INFO Train - trainImages: loading image done
2022-04-01 06:31:14.051 INFO Train - trainImages: finding the encoding of image
2022-04-01 06:31:14.240 INFO Train - trainImages: finding encoding of image is done
2022-04-01 06:31:14.240 INFO Train - trainImages: loading image
2022-04-01 06:31:14.242 DEBUG Train - trainImages: /home/vikasjoshis001/Desktop/Gestures/images_to_train/Vikas-2022-03-31 13:17:26.260103/Vikas.cf0c4b78-b0c6-11ec-95c9-353773ec36e1.jpeg
2022-04-01 06:31:14.243 INFO Train - trainImages: loading image done
2022-04-01 06:31:14.243 INFO Train - trainImages: finding the encoding of image
2022-04-01 06:31:14.424 INFO Train - trainImages: finding encoding of image is done
2022-04-01 06:31:14.424 INFO Train - trainImages: loading image
2022-04-01 06:31:14.427 DEBUG Train - trainImages: /home/vikasjoshis001/Desktop/Gestures/images_to_train/Vikas-2022-03-31 13:17:26.260103/Vikas.cf0c4b79-b0c6-11ec-95c9-353773ec36e1.jpeg
2022-04-01 06:31:14.427 INFO Train - trainImages: loading image done
2022-04-01 06:31:14.427 INFO Train - trainImages: finding the encoding of image
2022-04-01 06:31:14.617 INFO Train - trainImages: finding encoding of image is done
2022-04-01 06:31:14.617 INFO Train - trainImages: loading image
2022-04-01 06:31:14.620 DEBUG Train - trainImages: /home/vikasjoshis001/Desktop/Gestures/images_to_train/Vikas-2022-03-31 13:17:26.260103/Vikas.d056c17a-b0c6-11ec-95c9-353773ec36e1.jpeg
2022-04-01 06:31:14.620 INFO Train - trainImages: loading image done
2022-04-01 06:31:14.620 INFO Train - trainImages: finding the encoding of image
2022-04-01 06:31:14.800 INFO Train - trainImages: finding encoding of image is done
2022-04-01 06:31:14.800 INFO Train - trainImages: getting average of encodings of loaded images
2022-04-01 06:31:14.801 INFO Train - trainImages: done with getting average encodings
2022-04-01 06:31:14.801 INFO Train - trainImages: storing the name and encoding in local dictionary
2022-04-01 06:31:14.801 INFO Train - trainImages: stored name and encodes in local dictionary
2022-04-01 06:31:14.801 INFO Train - trainImages: storing the name and encodings in mongodb
2022-04-01 06:31:14.801 INFO Train - trainImages: stored all name and encodes in mongodb
2022-04-01 06:31:14.801 INFO Train - trainImages: started loading images and finding their encodings
2022-04-01 06:31:14.801 INFO Train - trainImages: loading image
2022-04-01 06:31:14.802 DEBUG Train - trainImages: /home/vikasjoshis001/Desktop/Gestures/images_to_train/king in the north/index.jpeg
2022-04-01 06:31:14.802 INFO Train - trainImages: loading image done
2022-04-01 06:31:14.802 INFO Train - trainImages: finding the encoding of image
2022-04-01 06:31:14.870 INFO Train - trainImages: finding encoding of image is done
2022-04-01 06:31:14.870 INFO Train - trainImages: loading image
2022-04-01 06:31:14.871 DEBUG Train - trainImages: /home/vikasjoshis001/Desktop/Gestures/images_to_train/king in the north/index3.jpeg
2022-04-01 06:31:14.871 INFO Train - trainImages: loading image done
2022-04-01 06:31:14.871 INFO Train - trainImages: finding the encoding of image
2022-04-01 06:31:14.952 INFO Train - trainImages: finding encoding of image is done
2022-04-01 06:31:14.952 INFO Train - trainImages: loading image
2022-04-01 06:31:14.953 DEBUG Train - trainImages: /home/vikasjoshis001/Desktop/Gestures/images_to_train/king in the north/index5.jpeg
2022-04-01 06:31:14.953 INFO Train - trainImages: loading image done
2022-04-01 06:31:14.953 INFO Train - trainImages: finding the encoding of image
2022-04-01 06:31:15.047 INFO Train - trainImages: finding encoding of image is done
2022-04-01 06:31:15.047 INFO Train - trainImages: loading image
2022-04-01 06:31:15.048 DEBUG Train - trainImages: /home/vikasjoshis001/Desktop/Gestures/images_to_train/king in the north/index2.jpeg
2022-04-01 06:31:15.048 INFO Train - trainImages: loading image done
2022-04-01 06:31:15.048 INFO Train - trainImages: finding the encoding of image
2022-04-01 06:31:15.152 INFO Train - trainImages: finding encoding of image is done
2022-04-01 06:31:15.152 INFO Train - trainImages: loading image
2022-04-01 06:31:15.153 DEBUG Train - trainImages: /home/vikasjoshis001/Desktop/Gestures/images_to_train/king in the north/index4.jpeg
2022-04-01 06:31:15.153 INFO Train - trainImages: loading image done
2022-04-01 06:31:15.153 INFO Train - trainImages: finding the encoding of image
2022-04-01 06:31:15.238 INFO Train - trainImages: finding encoding of image is done
2022-04-01 06:31:15.238 INFO Train - trainImages: getting average of encodings of loaded images
2022-04-01 06:31:15.239 INFO Train - trainImages: done with getting average encodings
2022-04-01 06:31:15.239 INFO Train - trainImages: storing the name and encoding in local dictionary
2022-04-01 06:31:15.239 INFO Train - trainImages: stored name and encodes in local dictionary
2022-04-01 06:31:15.239 INFO Train - trainImages: storing the name and encodings in mongodb
2022-04-01 06:31:15.239 INFO Train - trainImages: stored all name and encodes in mongodb
2022-04-01 06:31:15.239 INFO Train - trainImages: started loading images and finding their encodings
2022-04-01 06:31:15.240 INFO Train - trainImages: loading image
2022-04-01 06:31:15.241 DEBUG Train - trainImages: /home/vikasjoshis001/Desktop/Gestures/images_to_train/fdsfg-2022-04-01 06:31:00.007557/fdsfg.3222a709-b157-11ec-ae44-cb6983774605.jpeg
2022-04-01 06:31:15.241 INFO Train - trainImages: loading image done
2022-04-01 06:31:15.241 INFO Train - trainImages: finding the encoding of image
2022-04-01 06:31:15.327 INFO Train - trainImages: finding encoding of image is done
2022-04-01 06:31:15.327 INFO Train - trainImages: loading image
2022-04-01 06:31:15.328 DEBUG Train - trainImages: /home/vikasjoshis001/Desktop/Gestures/images_to_train/fdsfg-2022-04-01 06:31:00.007557/fdsfg.33671982-b157-11ec-ae44-cb6983774605.jpeg
2022-04-01 06:31:15.328 INFO Train - trainImages: loading image done
2022-04-01 06:31:15.328 INFO Train - trainImages: finding the encoding of image
2022-04-01 06:31:15.427 INFO Train - trainImages: finding encoding of image is done
2022-04-01 06:31:15.427 INFO Train - trainImages: loading image
2022-04-01 06:31:15.428 DEBUG Train - trainImages: /home/vikasjoshis001/Desktop/Gestures/images_to_train/fdsfg-2022-04-01 06:31:00.007557/fdsfg.33671983-b157-11ec-ae44-cb6983774605.jpeg
2022-04-01 06:31:15.428 INFO Train - trainImages: loading image done
2022-04-01 06:31:15.428 INFO Train - trainImages: finding the encoding of image
2022-04-01 06:31:15.522 INFO Train - trainImages: finding encoding of image is done
2022-04-01 06:31:15.522 INFO Train - trainImages: loading image
2022-04-01 06:31:15.523 DEBUG Train - trainImages: /home/vikasjoshis001/Desktop/Gestures/images_to_train/fdsfg-2022-04-01 06:31:00.007557/fdsfg.349ba318-b157-11ec-ae44-cb6983774605.jpeg
2022-04-01 06:31:15.523 INFO Train - trainImages: loading image done
2022-04-01 06:31:15.523 INFO Train - trainImages: finding the encoding of image
2022-04-01 06:31:15.606 INFO Train - trainImages: finding encoding of image is done
2022-04-01 06:31:15.606 INFO Train - trainImages: loading image
2022-04-01 06:31:15.607 DEBUG Train - trainImages: /home/vikasjoshis001/Desktop/Gestures/images_to_train/fdsfg-2022-04-01 06:31:00.007557/fdsfg.3222a708-b157-11ec-ae44-cb6983774605.jpeg
2022-04-01 06:31:15.607 INFO Train - trainImages: loading image done
2022-04-01 06:31:15.607 INFO Train - trainImages: finding the encoding of image
2022-04-01 06:31:15.687 INFO Train - trainImages: finding encoding of image is done
2022-04-01 06:31:15.688 INFO Train - trainImages: getting average of encodings of loaded images
2022-04-01 06:31:15.688 INFO Train - trainImages: done with getting average encodings
2022-04-01 06:31:15.688 INFO Train - trainImages: storing the name and encoding in local dictionary
2022-04-01 06:31:15.688 INFO Train - trainImages: stored name and encodes in local dictionary
2022-04-01 06:31:15.688 INFO Train - trainImages: storing the name and encodings in mongodb
2022-04-01 06:31:15.689 INFO Train - trainImages: stored all name and encodes in mongodb
2022-04-01 06:31:15.689 INFO Train - trainImages: started loading images and finding their encodings
2022-04-01 06:31:15.689 INFO Train - trainImages: loading image
2022-04-01 06:31:15.690 DEBUG Train - trainImages: /home/vikasjoshis001/Desktop/Gestures/images_to_train/UIO-2022-04-01 06:08:24.896094/UIO.0a6d3245-b154-11ec-ae44-cb6983774605.jpeg
2022-04-01 06:31:15.690 INFO Train - trainImages: loading image done
2022-04-01 06:31:15.690 INFO Train - trainImages: finding the encoding of image
2022-04-01 06:31:15.771 INFO Train - trainImages: finding encoding of image is done
2022-04-01 06:31:15.771 INFO Train - trainImages: loading image
2022-04-01 06:31:15.772 DEBUG Train - trainImages: /home/vikasjoshis001/Desktop/Gestures/images_to_train/UIO-2022-04-01 06:08:24.896094/UIO.0bbc7cb9-b154-11ec-ae44-cb6983774605.jpeg
2022-04-01 06:31:15.772 INFO Train - trainImages: loading image done
2022-04-01 06:31:15.772 INFO Train - trainImages: finding the encoding of image
2022-04-01 06:31:15.855 INFO Train - trainImages: finding encoding of image is done
2022-04-01 06:31:15.855 INFO Train - trainImages: loading image
2022-04-01 06:31:15.856 DEBUG Train - trainImages: /home/vikasjoshis001/Desktop/Gestures/images_to_train/UIO-2022-04-01 06:08:24.896094/UIO.0bbc7cb8-b154-11ec-ae44-cb6983774605.jpeg
2022-04-01 06:31:15.856 INFO Train - trainImages: loading image done
2022-04-01 06:31:15.856 INFO Train - trainImages: finding the encoding of image
2022-04-01 06:31:15.938 INFO Train - trainImages: finding encoding of image is done
2022-04-01 06:31:15.938 INFO Train - trainImages: loading image
2022-04-01 06:31:15.939 DEBUG Train - trainImages: /home/vikasjoshis001/Desktop/Gestures/images_to_train/UIO-2022-04-01 06:08:24.896094/UIO.0a6d3244-b154-11ec-ae44-cb6983774605.jpeg
2022-04-01 06:31:15.939 INFO Train - trainImages: loading image done
2022-04-01 06:31:15.939 INFO Train - trainImages: finding the encoding of image
2022-04-01 06:31:16.022 INFO Train - trainImages: finding encoding of image is done
2022-04-01 06:31:16.022 INFO Train - trainImages: loading image
2022-04-01 06:31:16.023 DEBUG Train - trainImages: /home/vikasjoshis001/Desktop/Gestures/images_to_train/UIO-2022-04-01 06:08:24.896094/UIO.0cf136d2-b154-11ec-ae44-cb6983774605.jpeg
2022-04-01 06:31:16.023 INFO Train - trainImages: loading image done
2022-04-01 06:31:16.023 INFO Train - trainImages: finding the encoding of image
2022-04-01 06:31:16.106 INFO Train - trainImages: finding encoding of image is done
2022-04-01 06:31:16.106 INFO Train - trainImages: getting average of encodings of loaded images
2022-04-01 06:31:16.106 INFO Train - trainImages: done with getting average encodings
2022-04-01 06:31:16.106 INFO Train - trainImages: storing the name and encoding in local dictionary
2022-04-01 06:31:16.106 INFO Train - trainImages: stored name and encodes in local dictionary
2022-04-01 06:31:16.106 INFO Train - trainImages: storing the name and encodings in mongodb
2022-04-01 06:31:16.107 INFO Train - trainImages: stored all name and encodes in mongodb
2022-04-01 06:31:16.107 INFO Train - trainImages: started loading images and finding their encodings
2022-04-01 06:31:16.107 INFO Train - trainImages: loading image
2022-04-01 06:31:16.108 DEBUG Train - trainImages: /home/vikasjoshis001/Desktop/Gestures/images_to_train/arya stark/index.jpeg
2022-04-01 06:31:16.108 INFO Train - trainImages: loading image done
2022-04-01 06:31:16.108 INFO Train - trainImages: finding the encoding of image
2022-04-01 06:31:16.178 INFO Train - trainImages: finding encoding of image is done
2022-04-01 06:31:16.178 INFO Train - trainImages: loading image
2022-04-01 06:31:16.179 DEBUG Train - trainImages: /home/vikasjoshis001/Desktop/Gestures/images_to_train/arya stark/index3.jpeg
2022-04-01 06:31:16.179 INFO Train - trainImages: loading image done
2022-04-01 06:31:16.179 INFO Train - trainImages: finding the encoding of image
2022-04-01 06:31:16.247 INFO Train - trainImages: finding encoding of image is done
2022-04-01 06:31:16.247 INFO Train - trainImages: loading image
2022-04-01 06:31:16.248 DEBUG Train - trainImages: /home/vikasjoshis001/Desktop/Gestures/images_to_train/arya stark/index5.jpeg
2022-04-01 06:31:16.248 INFO Train - trainImages: loading image done
2022-04-01 06:31:16.248 INFO Train - trainImages: finding the encoding of image
2022-04-01 06:31:16.320 INFO Train - trainImages: finding encoding of image is done
2022-04-01 06:31:16.320 INFO Train - trainImages: loading image
2022-04-01 06:31:16.321 DEBUG Train - trainImages: /home/vikasjoshis001/Desktop/Gestures/images_to_train/arya stark/index2.jpeg
2022-04-01 06:31:16.321 INFO Train - trainImages: loading image done
2022-04-01 06:31:16.321 INFO Train - trainImages: finding the encoding of image
2022-04-01 06:31:16.389 INFO Train - trainImages: finding encoding of image is done
2022-04-01 06:31:16.389 INFO Train - trainImages: loading image
2022-04-01 06:31:16.390 DEBUG Train - trainImages: /home/vikasjoshis001/Desktop/Gestures/images_to_train/arya stark/images4.jpeg
2022-04-01 06:31:16.390 INFO Train - trainImages: loading image done
2022-04-01 06:31:16.390 INFO Train - trainImages: finding the encoding of image
2022-04-01 06:31:16.458 INFO Train - trainImages: finding encoding of image is done
2022-04-01 06:31:16.458 INFO Train - trainImages: getting average of encodings of loaded images
2022-04-01 06:31:16.458 INFO Train - trainImages: done with getting average encodings
2022-04-01 06:31:16.458 INFO Train - trainImages: storing the name and encoding in local dictionary
2022-04-01 06:31:16.458 INFO Train - trainImages: stored name and encodes in local dictionary
2022-04-01 06:31:16.458 INFO Train - trainImages: storing the name and encodings in mongodb
2022-04-01 06:31:16.459 INFO Train - trainImages: stored all name and encodes in mongodb
