2022-03-31 09:37:55.613 INFO Train - trainImages: MongoDB database connected successfully
2022-03-31 09:37:55.617 INFO Train - trainImages: collected all folders in known_people folder
2022-03-31 09:37:55.617 DEBUG Train - trainImages: ['tyrion lannister', 'vikas-2022-03-30 09:32:56.741130', 'denerys targeryan', 'cjkdvjkd-2022-03-30 09:30:32.968615', 'cersie lannister', 'king in the north', 'fbfg-2022-03-31 09:37:47.861885', 'arya stark', 'Vikas-2022-03-12 15:33:49.979215']
2022-03-31 09:37:55.631 INFO Train - trainImages: collected all images from all folders in known_people folder
2022-03-31 09:37:55.632 DEBUG Train - trainImages: [['/home/vikasjoshis001/Desktop/Gestures/images_to_train/tyrion lannister/images5.jpeg', '/home/vikasjoshis001/Desktop/Gestures/images_to_train/tyrion lannister/index3.jpeg', '/home/vikasjoshis001/Desktop/Gestures/images_to_train/tyrion lannister/index1.jpeg', '/home/vikasjoshis001/Desktop/Gestures/images_to_train/tyrion lannister/index2.jpeg', '/home/vikasjoshis001/Desktop/Gestures/images_to_train/tyrion lannister/index4.jpeg'], [], ['/home/vikasjoshis001/Desktop/Gestures/images_to_train/denerys targeryan/index3.jpeg', '/home/vikasjoshis001/Desktop/Gestures/images_to_train/denerys targeryan/index5.jpeg', '/home/vikasjoshis001/Desktop/Gestures/images_to_train/denerys targeryan/index1.jpeg', '/home/vikasjoshis001/Desktop/Gestures/images_to_train/denerys targeryan/index2.jpeg', '/home/vikasjoshis001/Desktop/Gestures/images_to_train/denerys targeryan/index4.jpeg'], [], ['/home/vikasjoshis001/Desktop/Gestures/images_to_train/cersie lannister/index3.jpeg', '/home/vikasjoshis001/Desktop/Gestures/images_to_train/cersie lannister/index5.jpeg', '/home/vikasjoshis001/Desktop/Gestures/images_to_train/cersie lannister/index2.jpeg', '/home/vikasjoshis001/Desktop/Gestures/images_to_train/cersie lannister/index4.jpeg'], ['/home/vikasjoshis001/Desktop/Gestures/images_to_train/king in the north/index.jpeg', '/home/vikasjoshis001/Desktop/Gestures/images_to_train/king in the north/index3.jpeg', '/home/vikasjoshis001/Desktop/Gestures/images_to_train/king in the north/index5.jpeg', '/home/vikasjoshis001/Desktop/Gestures/images_to_train/king in the north/index2.jpeg', '/home/vikasjoshis001/Desktop/Gestures/images_to_train/king in the north/index4.jpeg'], [], ['/home/vikasjoshis001/Desktop/Gestures/images_to_train/arya stark/index.jpeg', '/home/vikasjoshis001/Desktop/Gestures/images_to_train/arya stark/index3.jpeg', '/home/vikasjoshis001/Desktop/Gestures/images_to_train/arya stark/index5.jpeg', '/home/vikasjoshis001/Desktop/Gestures/images_to_train/arya stark/index2.jpeg', '/home/vikasjoshis001/Desktop/Gestures/images_to_train/arya stark/images4.jpeg'], ['/home/vikasjoshis001/Desktop/Gestures/images_to_train/Vikas-2022-03-12 15:33:49.979215/Vikas.b761c802-a1eb-11ec-a348-e960390a4373.jpeg', '/home/vikasjoshis001/Desktop/Gestures/images_to_train/Vikas-2022-03-12 15:33:49.979215/Vikas.b9e21fbe-a1eb-11ec-a348-e960390a4373.jpeg', '/home/vikasjoshis001/Desktop/Gestures/images_to_train/Vikas-2022-03-12 15:33:49.979215/Vikas.b761c803-a1eb-11ec-a348-e960390a4373.jpeg', '/home/vikasjoshis001/Desktop/Gestures/images_to_train/Vikas-2022-03-12 15:33:49.979215/Vikas.b8aa7a74-a1eb-11ec-a348-e960390a4373.jpeg', '/home/vikasjoshis001/Desktop/Gestures/images_to_train/Vikas-2022-03-12 15:33:49.979215/Vikas.b8aa7a75-a1eb-11ec-a348-e960390a4373.jpeg']]
2022-03-31 09:37:55.632 INFO Train - trainImages: started loading images and finding their encodings
2022-03-31 09:37:55.633 INFO Train - trainImages: loading image
2022-03-31 09:37:55.660 DEBUG Train - trainImages: /home/vikasjoshis001/Desktop/Gestures/images_to_train/tyrion lannister/images5.jpeg
2022-03-31 09:37:55.660 INFO Train - trainImages: loading image done
2022-03-31 09:37:55.661 INFO Train - trainImages: finding the encoding of image
2022-03-31 09:37:55.789 INFO Train - trainImages: finding encoding of image is done
2022-03-31 09:37:55.789 INFO Train - trainImages: loading image
2022-03-31 09:37:55.790 DEBUG Train - trainImages: /home/vikasjoshis001/Desktop/Gestures/images_to_train/tyrion lannister/index3.jpeg
2022-03-31 09:37:55.791 INFO Train - trainImages: loading image done
2022-03-31 09:37:55.791 INFO Train - trainImages: finding the encoding of image
2022-03-31 09:37:55.864 INFO Train - trainImages: finding encoding of image is done
2022-03-31 09:37:55.864 INFO Train - trainImages: loading image
2022-03-31 09:37:55.865 DEBUG Train - trainImages: /home/vikasjoshis001/Desktop/Gestures/images_to_train/tyrion lannister/index1.jpeg
2022-03-31 09:37:55.866 INFO Train - trainImages: loading image done
2022-03-31 09:37:55.866 INFO Train - trainImages: finding the encoding of image
2022-03-31 09:37:55.941 INFO Train - trainImages: finding encoding of image is done
2022-03-31 09:37:55.941 INFO Train - trainImages: loading image
2022-03-31 09:37:55.943 DEBUG Train - trainImages: /home/vikasjoshis001/Desktop/Gestures/images_to_train/tyrion lannister/index2.jpeg
2022-03-31 09:37:55.943 INFO Train - trainImages: loading image done
2022-03-31 09:37:55.943 INFO Train - trainImages: finding the encoding of image
2022-03-31 09:37:56.019 INFO Train - trainImages: finding encoding of image is done
2022-03-31 09:37:56.019 INFO Train - trainImages: loading image
2022-03-31 09:37:56.020 DEBUG Train - trainImages: /home/vikasjoshis001/Desktop/Gestures/images_to_train/tyrion lannister/index4.jpeg
2022-03-31 09:37:56.020 INFO Train - trainImages: loading image done
2022-03-31 09:37:56.020 INFO Train - trainImages: finding the encoding of image
2022-03-31 09:37:56.093 INFO Train - trainImages: finding encoding of image is done
2022-03-31 09:37:56.093 INFO Train - trainImages: getting average of encodings of loaded images
2022-03-31 09:37:56.094 INFO Train - trainImages: done with getting average encodings
2022-03-31 09:37:56.094 INFO Train - trainImages: storing the name and encoding in local dictionary
2022-03-31 09:37:56.094 INFO Train - trainImages: stored name and encodes in local dictionary
2022-03-31 09:37:56.094 INFO Train - trainImages: storing the name and encodings in mongodb
2022-03-31 09:37:56.099 INFO Train - trainImages: stored all name and encodes in mongodb
2022-03-31 09:37:56.099 DEBUG Train - trainImages: vikas-2022-03-30 09:32:56.741130
2022-03-31 09:37:56.100 ERROR Train - trainImages: above folder is empty with no images
2022-03-31 09:37:56.100 INFO Train - trainImages: exiting the program with no updates in training
