2022-03-31 12:48:32.608 INFO Train - trainImages: MongoDB database connected successfully
2022-03-31 12:48:32.615 INFO Train - trainImages: collected all folders in known_people folder
2022-03-31 12:48:32.615 DEBUG Train - trainImages: ['tyrion lannister', 'Shubham-2022-03-31 12:14:08.769566', 'jhvxfgh-2022-03-31 12:32:20.012113', 'denerys targeryan', 'cersie lannister', 'cdvbxd-2022-03-31 12:29:01.669747', 'king in the north', 'vhm-2022-03-31 12:22:16.839677', 'fdf-2022-03-31 12:47:24.940166', 'Chai-2022-03-31 12:20:10.218479', 'arya stark', 'gh-2022-03-31 12:23:19.211189', 'Sad-2022-03-31 12:16:52.952750', 'Vikas-2022-03-12 15:33:49.979215', 'csdzcz-2022-03-31 12:31:31.420705']
2022-03-31 12:48:32.618 INFO Train - trainImages: collected all images from all folders in known_people folder
2022-03-31 12:48:32.618 DEBUG Train - trainImages: [['/home/vikasjoshis001/Desktop/Gestures/images_to_train/tyrion lannister/images5.jpeg', '/home/vikasjoshis001/Desktop/Gestures/images_to_train/tyrion lannister/index3.jpeg', '/home/vikasjoshis001/Desktop/Gestures/images_to_train/tyrion lannister/index1.jpeg', '/home/vikasjoshis001/Desktop/Gestures/images_to_train/tyrion lannister/index2.jpeg', '/home/vikasjoshis001/Desktop/Gestures/images_to_train/tyrion lannister/index4.jpeg'], ['/home/vikasjoshis001/Desktop/Gestures/images_to_train/Shubham-2022-03-31 12:14:08.769566/Shubham.f8cc63d4-b0bd-11ec-95c9-353773ec36e1.jpeg'], ['/home/vikasjoshis001/Desktop/Gestures/images_to_train/jhvxfgh-2022-03-31 12:32:20.012113/jhvxfgh.81ffab14-b0c0-11ec-95c9-353773ec36e1.jpeg', '/home/vikasjoshis001/Desktop/Gestures/images_to_train/jhvxfgh-2022-03-31 12:32:20.012113/jhvxfgh.84860fae-b0c0-11ec-95c9-353773ec36e1.jpeg', '/home/vikasjoshis001/Desktop/Gestures/images_to_train/jhvxfgh-2022-03-31 12:32:20.012113/jhvxfgh.834cff26-b0c0-11ec-95c9-353773ec36e1.jpeg', '/home/vikasjoshis001/Desktop/Gestures/images_to_train/jhvxfgh-2022-03-31 12:32:20.012113/jhvxfgh.834cff27-b0c0-11ec-95c9-353773ec36e1.jpeg', '/home/vikasjoshis001/Desktop/Gestures/images_to_train/jhvxfgh-2022-03-31 12:32:20.012113/jhvxfgh.81ffab15-b0c0-11ec-95c9-353773ec36e1.jpeg'], ['/home/vikasjoshis001/Desktop/Gestures/images_to_train/denerys targeryan/index3.jpeg', '/home/vikasjoshis001/Desktop/Gestures/images_to_train/denerys targeryan/index5.jpeg', '/home/vikasjoshis001/Desktop/Gestures/images_to_train/denerys targeryan/index1.jpeg', '/home/vikasjoshis001/Desktop/Gestures/images_to_train/denerys targeryan/index2.jpeg', '/home/vikasjoshis001/Desktop/Gestures/images_to_train/denerys targeryan/index4.jpeg'], ['/home/vikasjoshis001/Desktop/Gestures/images_to_train/cersie lannister/index3.jpeg', '/home/vikasjoshis001/Desktop/Gestures/images_to_train/cersie lannister/index5.jpeg', '/home/vikasjoshis001/Desktop/Gestures/images_to_train/cersie lannister/index2.jpeg', '/home/vikasjoshis001/Desktop/Gestures/images_to_train/cersie lannister/index4.jpeg'], ['/home/vikasjoshis001/Desktop/Gestures/images_to_train/cdvbxd-2022-03-31 12:29:01.669747/cdvbxd.0dac1d9d-b0c0-11ec-95c9-353773ec36e1.jpeg', '/home/vikasjoshis001/Desktop/Gestures/images_to_train/cdvbxd-2022-03-31 12:29:01.669747/cdvbxd.0dac1d9c-b0c0-11ec-95c9-353773ec36e1.jpeg', '/home/vikasjoshis001/Desktop/Gestures/images_to_train/cdvbxd-2022-03-31 12:29:01.669747/cdvbxd.0c763945-b0c0-11ec-95c9-353773ec36e1.jpeg', '/home/vikasjoshis001/Desktop/Gestures/images_to_train/cdvbxd-2022-03-31 12:29:01.669747/cdvbxd.0bc67946-b0c0-11ec-95c9-353773ec36e1.jpeg', '/home/vikasjoshis001/Desktop/Gestures/images_to_train/cdvbxd-2022-03-31 12:29:01.669747/cdvbxd.0c763944-b0c0-11ec-95c9-353773ec36e1.jpeg'], ['/home/vikasjoshis001/Desktop/Gestures/images_to_train/king in the north/index.jpeg', '/home/vikasjoshis001/Desktop/Gestures/images_to_train/king in the north/index3.jpeg', '/home/vikasjoshis001/Desktop/Gestures/images_to_train/king in the north/index5.jpeg', '/home/vikasjoshis001/Desktop/Gestures/images_to_train/king in the north/index2.jpeg', '/home/vikasjoshis001/Desktop/Gestures/images_to_train/king in the north/index4.jpeg'], ['/home/vikasjoshis001/Desktop/Gestures/images_to_train/vhm-2022-03-31 12:22:16.839677/vhm.1a7afe73-b0bf-11ec-95c9-353773ec36e1.jpeg', '/home/vikasjoshis001/Desktop/Gestures/images_to_train/vhm-2022-03-31 12:22:16.839677/vhm.1a7afe72-b0bf-11ec-95c9-353773ec36e1.jpeg', '/home/vikasjoshis001/Desktop/Gestures/images_to_train/vhm-2022-03-31 12:22:16.839677/vhm.1a7afe75-b0bf-11ec-95c9-353773ec36e1.jpeg', '/home/vikasjoshis001/Desktop/Gestures/images_to_train/vhm-2022-03-31 12:22:16.839677/vhm.1a7afe74-b0bf-11ec-95c9-353773ec36e1.jpeg', '/home/vikasjoshis001/Desktop/Gestures/images_to_train/vhm-2022-03-31 12:22:16.839677/vhm.1a7afe76-b0bf-11ec-95c9-353773ec36e1.jpeg'], ['/home/vikasjoshis001/Desktop/Gestures/images_to_train/fdf-2022-03-31 12:47:24.940166/fdf.9eae153d-b0c2-11ec-95c9-353773ec36e1.jpeg', '/home/vikasjoshis001/Desktop/Gestures/images_to_train/fdf-2022-03-31 12:47:24.940166/fdf.9fe743ec-b0c2-11ec-95c9-353773ec36e1.jpeg', '/home/vikasjoshis001/Desktop/Gestures/images_to_train/fdf-2022-03-31 12:47:24.940166/fdf.9d60e8ee-b0c2-11ec-95c9-353773ec36e1.jpeg', '/home/vikasjoshis001/Desktop/Gestures/images_to_train/fdf-2022-03-31 12:47:24.940166/fdf.9d60e8ef-b0c2-11ec-95c9-353773ec36e1.jpeg', '/home/vikasjoshis001/Desktop/Gestures/images_to_train/fdf-2022-03-31 12:47:24.940166/fdf.9eae153c-b0c2-11ec-95c9-353773ec36e1.jpeg'], ['/home/vikasjoshis001/Desktop/Gestures/images_to_train/Chai-2022-03-31 12:20:10.218479/Chai.cf03ab39-b0be-11ec-95c9-353773ec36e1.jpeg', '/home/vikasjoshis001/Desktop/Gestures/images_to_train/Chai-2022-03-31 12:20:10.218479/Chai.cf03ab3b-b0be-11ec-95c9-353773ec36e1.jpeg', '/home/vikasjoshis001/Desktop/Gestures/images_to_train/Chai-2022-03-31 12:20:10.218479/Chai.cf03ab38-b0be-11ec-95c9-353773ec36e1.jpeg', '/home/vikasjoshis001/Desktop/Gestures/images_to_train/Chai-2022-03-31 12:20:10.218479/Chai.cf03ab3c-b0be-11ec-95c9-353773ec36e1.jpeg', '/home/vikasjoshis001/Desktop/Gestures/images_to_train/Chai-2022-03-31 12:20:10.218479/Chai.cf03ab3a-b0be-11ec-95c9-353773ec36e1.jpeg'], ['/home/vikasjoshis001/Desktop/Gestures/images_to_train/arya stark/index.jpeg', '/home/vikasjoshis001/Desktop/Gestures/images_to_train/arya stark/index3.jpeg', '/home/vikasjoshis001/Desktop/Gestures/images_to_train/arya stark/index5.jpeg', '/home/vikasjoshis001/Desktop/Gestures/images_to_train/arya stark/index2.jpeg', '/home/vikasjoshis001/Desktop/Gestures/images_to_train/arya stark/images4.jpeg'], ['/home/vikasjoshis001/Desktop/Gestures/images_to_train/gh-2022-03-31 12:23:19.211189/gh.3fa9801e-b0bf-11ec-95c9-353773ec36e1.jpeg', '/home/vikasjoshis001/Desktop/Gestures/images_to_train/gh-2022-03-31 12:23:19.211189/gh.3fa9801b-b0bf-11ec-95c9-353773ec36e1.jpeg', '/home/vikasjoshis001/Desktop/Gestures/images_to_train/gh-2022-03-31 12:23:19.211189/gh.3fa9801a-b0bf-11ec-95c9-353773ec36e1.jpeg', '/home/vikasjoshis001/Desktop/Gestures/images_to_train/gh-2022-03-31 12:23:19.211189/gh.3fa9801d-b0bf-11ec-95c9-353773ec36e1.jpeg', '/home/vikasjoshis001/Desktop/Gestures/images_to_train/gh-2022-03-31 12:23:19.211189/gh.3fa9801c-b0bf-11ec-95c9-353773ec36e1.jpeg'], ['/home/vikasjoshis001/Desktop/Gestures/images_to_train/Sad-2022-03-31 12:16:52.952750/Sad.596d38de-b0be-11ec-95c9-353773ec36e1.jpeg', '/home/vikasjoshis001/Desktop/Gestures/images_to_train/Sad-2022-03-31 12:16:52.952750/Sad.596d38dd-b0be-11ec-95c9-353773ec36e1.jpeg', '/home/vikasjoshis001/Desktop/Gestures/images_to_train/Sad-2022-03-31 12:16:52.952750/Sad.596d38da-b0be-11ec-95c9-353773ec36e1.jpeg', '/home/vikasjoshis001/Desktop/Gestures/images_to_train/Sad-2022-03-31 12:16:52.952750/Sad.596d38db-b0be-11ec-95c9-353773ec36e1.jpeg', '/home/vikasjoshis001/Desktop/Gestures/images_to_train/Sad-2022-03-31 12:16:52.952750/Sad.596d38dc-b0be-11ec-95c9-353773ec36e1.jpeg'], ['/home/vikasjoshis001/Desktop/Gestures/images_to_train/Vikas-2022-03-12 15:33:49.979215/Vikas.b761c802-a1eb-11ec-a348-e960390a4373.jpeg', '/home/vikasjoshis001/Desktop/Gestures/images_to_train/Vikas-2022-03-12 15:33:49.979215/Vikas.b9e21fbe-a1eb-11ec-a348-e960390a4373.jpeg', '/home/vikasjoshis001/Desktop/Gestures/images_to_train/Vikas-2022-03-12 15:33:49.979215/Vikas.b761c803-a1eb-11ec-a348-e960390a4373.jpeg', '/home/vikasjoshis001/Desktop/Gestures/images_to_train/Vikas-2022-03-12 15:33:49.979215/Vikas.b8aa7a74-a1eb-11ec-a348-e960390a4373.jpeg', '/home/vikasjoshis001/Desktop/Gestures/images_to_train/Vikas-2022-03-12 15:33:49.979215/Vikas.b8aa7a75-a1eb-11ec-a348-e960390a4373.jpeg'], ['/home/vikasjoshis001/Desktop/Gestures/images_to_train/csdzcz-2022-03-31 12:31:31.420705/csdzcz.6792ab96-b0c0-11ec-95c9-353773ec36e1.jpeg', '/home/vikasjoshis001/Desktop/Gestures/images_to_train/csdzcz-2022-03-31 12:31:31.420705/csdzcz.66593e70-b0c0-11ec-95c9-353773ec36e1.jpeg', '/home/vikasjoshis001/Desktop/Gestures/images_to_train/csdzcz-2022-03-31 12:31:31.420705/csdzcz.65091bb2-b0c0-11ec-95c9-353773ec36e1.jpeg', '/home/vikasjoshis001/Desktop/Gestures/images_to_train/csdzcz-2022-03-31 12:31:31.420705/csdzcz.65091bb3-b0c0-11ec-95c9-353773ec36e1.jpeg', '/home/vikasjoshis001/Desktop/Gestures/images_to_train/csdzcz-2022-03-31 12:31:31.420705/csdzcz.66593e71-b0c0-11ec-95c9-353773ec36e1.jpeg']]
2022-03-31 12:48:32.619 INFO Train - trainImages: started loading images and finding their encodings
2022-03-31 12:48:32.619 INFO Train - trainImages: loading image
2022-03-31 12:48:32.638 DEBUG Train - trainImages: /home/vikasjoshis001/Desktop/Gestures/images_to_train/tyrion lannister/images5.jpeg
2022-03-31 12:48:32.639 INFO Train - trainImages: loading image done
2022-03-31 12:48:32.639 INFO Train - trainImages: finding the encoding of image
2022-03-31 12:48:32.713 INFO Train - trainImages: finding encoding of image is done
2022-03-31 12:48:32.713 INFO Train - trainImages: loading image
2022-03-31 12:48:32.714 DEBUG Train - trainImages: /home/vikasjoshis001/Desktop/Gestures/images_to_train/tyrion lannister/index3.jpeg
2022-03-31 12:48:32.714 INFO Train - trainImages: loading image done
2022-03-31 12:48:32.714 INFO Train - trainImages: finding the encoding of image
2022-03-31 12:48:32.780 INFO Train - trainImages: finding encoding of image is done
2022-03-31 12:48:32.780 INFO Train - trainImages: loading image
2022-03-31 12:48:32.780 DEBUG Train - trainImages: /home/vikasjoshis001/Desktop/Gestures/images_to_train/tyrion lannister/index1.jpeg
2022-03-31 12:48:32.780 INFO Train - trainImages: loading image done
2022-03-31 12:48:32.780 INFO Train - trainImages: finding the encoding of image
2022-03-31 12:48:32.847 INFO Train - trainImages: finding encoding of image is done
2022-03-31 12:48:32.847 INFO Train - trainImages: loading image
2022-03-31 12:48:32.847 DEBUG Train - trainImages: /home/vikasjoshis001/Desktop/Gestures/images_to_train/tyrion lannister/index2.jpeg
2022-03-31 12:48:32.847 INFO Train - trainImages: loading image done
2022-03-31 12:48:32.847 INFO Train - trainImages: finding the encoding of image
2022-03-31 12:48:32.914 INFO Train - trainImages: finding encoding of image is done
2022-03-31 12:48:32.915 INFO Train - trainImages: loading image
2022-03-31 12:48:32.915 DEBUG Train - trainImages: /home/vikasjoshis001/Desktop/Gestures/images_to_train/tyrion lannister/index4.jpeg
2022-03-31 12:48:32.915 INFO Train - trainImages: loading image done
2022-03-31 12:48:32.915 INFO Train - trainImages: finding the encoding of image
2022-03-31 12:48:32.981 INFO Train - trainImages: finding encoding of image is done
2022-03-31 12:48:32.981 INFO Train - trainImages: getting average of encodings of loaded images
2022-03-31 12:48:32.981 INFO Train - trainImages: done with getting average encodings
2022-03-31 12:48:32.981 INFO Train - trainImages: storing the name and encoding in local dictionary
2022-03-31 12:48:32.981 INFO Train - trainImages: stored name and encodes in local dictionary
2022-03-31 12:48:32.981 INFO Train - trainImages: storing the name and encodings in mongodb
2022-03-31 12:48:32.982 INFO Train - trainImages: stored all name and encodes in mongodb
2022-03-31 12:48:32.983 INFO Train - trainImages: started loading images and finding their encodings
2022-03-31 12:48:32.983 INFO Train - trainImages: loading image
2022-03-31 12:48:32.985 DEBUG Train - trainImages: /home/vikasjoshis001/Desktop/Gestures/images_to_train/Shubham-2022-03-31 12:14:08.769566/Shubham.f8cc63d4-b0bd-11ec-95c9-353773ec36e1.jpeg
2022-03-31 12:48:32.985 INFO Train - trainImages: loading image done
2022-03-31 12:48:32.985 INFO Train - trainImages: finding the encoding of image
2022-03-31 12:48:33.163 INFO Train - trainImages: finding encoding of image is done
2022-03-31 12:48:33.163 INFO Train - trainImages: getting average of encodings of loaded images
2022-03-31 12:48:33.163 INFO Train - trainImages: done with getting average encodings
2022-03-31 12:48:33.164 INFO Train - trainImages: storing the name and encoding in local dictionary
2022-03-31 12:48:33.164 INFO Train - trainImages: stored name and encodes in local dictionary
2022-03-31 12:48:33.164 INFO Train - trainImages: storing the name and encodings in mongodb
2022-03-31 12:48:33.164 INFO Train - trainImages: stored all name and encodes in mongodb
2022-03-31 12:48:33.164 INFO Train - trainImages: started loading images and finding their encodings
2022-03-31 12:48:33.165 INFO Train - trainImages: loading image
2022-03-31 12:48:33.167 DEBUG Train - trainImages: /home/vikasjoshis001/Desktop/Gestures/images_to_train/jhvxfgh-2022-03-31 12:32:20.012113/jhvxfgh.81ffab14-b0c0-11ec-95c9-353773ec36e1.jpeg
2022-03-31 12:48:33.167 INFO Train - trainImages: loading image done
2022-03-31 12:48:33.167 INFO Train - trainImages: finding the encoding of image
2022-03-31 12:48:33.344 INFO Train - trainImages: finding encoding of image is done
2022-03-31 12:48:33.344 INFO Train - trainImages: loading image
2022-03-31 12:48:33.347 DEBUG Train - trainImages: /home/vikasjoshis001/Desktop/Gestures/images_to_train/jhvxfgh-2022-03-31 12:32:20.012113/jhvxfgh.84860fae-b0c0-11ec-95c9-353773ec36e1.jpeg
2022-03-31 12:48:33.347 INFO Train - trainImages: loading image done
2022-03-31 12:48:33.347 INFO Train - trainImages: finding the encoding of image
2022-03-31 12:48:33.524 INFO Train - trainImages: finding encoding of image is done
2022-03-31 12:48:33.524 INFO Train - trainImages: loading image
2022-03-31 12:48:33.526 DEBUG Train - trainImages: /home/vikasjoshis001/Desktop/Gestures/images_to_train/jhvxfgh-2022-03-31 12:32:20.012113/jhvxfgh.834cff26-b0c0-11ec-95c9-353773ec36e1.jpeg
2022-03-31 12:48:33.527 INFO Train - trainImages: loading image done
2022-03-31 12:48:33.527 INFO Train - trainImages: finding the encoding of image
2022-03-31 12:48:33.710 INFO Train - trainImages: finding encoding of image is done
2022-03-31 12:48:33.710 INFO Train - trainImages: loading image
2022-03-31 12:48:33.712 DEBUG Train - trainImages: /home/vikasjoshis001/Desktop/Gestures/images_to_train/jhvxfgh-2022-03-31 12:32:20.012113/jhvxfgh.834cff27-b0c0-11ec-95c9-353773ec36e1.jpeg
2022-03-31 12:48:33.712 INFO Train - trainImages: loading image done
2022-03-31 12:48:33.712 INFO Train - trainImages: finding the encoding of image
2022-03-31 12:48:33.890 INFO Train - trainImages: finding encoding of image is done
2022-03-31 12:48:33.890 INFO Train - trainImages: loading image
2022-03-31 12:48:33.892 DEBUG Train - trainImages: /home/vikasjoshis001/Desktop/Gestures/images_to_train/jhvxfgh-2022-03-31 12:32:20.012113/jhvxfgh.81ffab15-b0c0-11ec-95c9-353773ec36e1.jpeg
2022-03-31 12:48:33.892 INFO Train - trainImages: loading image done
2022-03-31 12:48:33.892 INFO Train - trainImages: finding the encoding of image
2022-03-31 12:48:34.070 INFO Train - trainImages: finding encoding of image is done
2022-03-31 12:48:34.070 INFO Train - trainImages: getting average of encodings of loaded images
2022-03-31 12:48:34.070 INFO Train - trainImages: done with getting average encodings
2022-03-31 12:48:34.070 INFO Train - trainImages: storing the name and encoding in local dictionary
2022-03-31 12:48:34.070 INFO Train - trainImages: stored name and encodes in local dictionary
2022-03-31 12:48:34.070 INFO Train - trainImages: storing the name and encodings in mongodb
2022-03-31 12:48:34.071 INFO Train - trainImages: stored all name and encodes in mongodb
2022-03-31 12:48:34.071 INFO Train - trainImages: started loading images and finding their encodings
2022-03-31 12:48:34.071 INFO Train - trainImages: loading image
2022-03-31 12:48:34.072 DEBUG Train - trainImages: /home/vikasjoshis001/Desktop/Gestures/images_to_train/denerys targeryan/index3.jpeg
2022-03-31 12:48:34.072 INFO Train - trainImages: loading image done
2022-03-31 12:48:34.072 INFO Train - trainImages: finding the encoding of image
2022-03-31 12:48:34.138 INFO Train - trainImages: finding encoding of image is done
2022-03-31 12:48:34.138 INFO Train - trainImages: loading image
2022-03-31 12:48:34.138 DEBUG Train - trainImages: /home/vikasjoshis001/Desktop/Gestures/images_to_train/denerys targeryan/index5.jpeg
2022-03-31 12:48:34.138 INFO Train - trainImages: loading image done
2022-03-31 12:48:34.138 INFO Train - trainImages: finding the encoding of image
2022-03-31 12:48:34.205 INFO Train - trainImages: finding encoding of image is done
2022-03-31 12:48:34.205 INFO Train - trainImages: loading image
2022-03-31 12:48:34.206 DEBUG Train - trainImages: /home/vikasjoshis001/Desktop/Gestures/images_to_train/denerys targeryan/index1.jpeg
2022-03-31 12:48:34.206 INFO Train - trainImages: loading image done
2022-03-31 12:48:34.206 INFO Train - trainImages: finding the encoding of image
2022-03-31 12:48:34.273 INFO Train - trainImages: finding encoding of image is done
2022-03-31 12:48:34.273 INFO Train - trainImages: loading image
2022-03-31 12:48:34.274 DEBUG Train - trainImages: /home/vikasjoshis001/Desktop/Gestures/images_to_train/denerys targeryan/index2.jpeg
2022-03-31 12:48:34.274 INFO Train - trainImages: loading image done
2022-03-31 12:48:34.274 INFO Train - trainImages: finding the encoding of image
2022-03-31 12:48:34.341 INFO Train - trainImages: finding encoding of image is done
2022-03-31 12:48:34.342 INFO Train - trainImages: loading image
2022-03-31 12:48:34.342 DEBUG Train - trainImages: /home/vikasjoshis001/Desktop/Gestures/images_to_train/denerys targeryan/index4.jpeg
2022-03-31 12:48:34.342 INFO Train - trainImages: loading image done
2022-03-31 12:48:34.342 INFO Train - trainImages: finding the encoding of image
2022-03-31 12:48:34.407 INFO Train - trainImages: finding encoding of image is done
2022-03-31 12:48:34.408 INFO Train - trainImages: getting average of encodings of loaded images
2022-03-31 12:48:34.408 INFO Train - trainImages: done with getting average encodings
2022-03-31 12:48:34.408 INFO Train - trainImages: storing the name and encoding in local dictionary
2022-03-31 12:48:34.408 INFO Train - trainImages: stored name and encodes in local dictionary
2022-03-31 12:48:34.408 INFO Train - trainImages: storing the name and encodings in mongodb
2022-03-31 12:48:34.409 INFO Train - trainImages: stored all name and encodes in mongodb
2022-03-31 12:48:34.409 INFO Train - trainImages: started loading images and finding their encodings
2022-03-31 12:48:34.409 INFO Train - trainImages: loading image
2022-03-31 12:48:34.409 DEBUG Train - trainImages: /home/vikasjoshis001/Desktop/Gestures/images_to_train/cersie lannister/index3.jpeg
2022-03-31 12:48:34.409 INFO Train - trainImages: loading image done
2022-03-31 12:48:34.409 INFO Train - trainImages: finding the encoding of image
2022-03-31 12:48:34.474 INFO Train - trainImages: finding encoding of image is done
2022-03-31 12:48:34.475 INFO Train - trainImages: loading image
2022-03-31 12:48:34.475 DEBUG Train - trainImages: /home/vikasjoshis001/Desktop/Gestures/images_to_train/cersie lannister/index5.jpeg
2022-03-31 12:48:34.475 INFO Train - trainImages: loading image done
2022-03-31 12:48:34.475 INFO Train - trainImages: finding the encoding of image
2022-03-31 12:48:34.541 INFO Train - trainImages: finding encoding of image is done
2022-03-31 12:48:34.541 INFO Train - trainImages: loading image
2022-03-31 12:48:34.541 DEBUG Train - trainImages: /home/vikasjoshis001/Desktop/Gestures/images_to_train/cersie lannister/index2.jpeg
2022-03-31 12:48:34.541 INFO Train - trainImages: loading image done
2022-03-31 12:48:34.541 INFO Train - trainImages: finding the encoding of image
2022-03-31 12:48:34.609 INFO Train - trainImages: finding encoding of image is done
2022-03-31 12:48:34.609 INFO Train - trainImages: loading image
2022-03-31 12:48:34.610 DEBUG Train - trainImages: /home/vikasjoshis001/Desktop/Gestures/images_to_train/cersie lannister/index4.jpeg
2022-03-31 12:48:34.610 INFO Train - trainImages: loading image done
2022-03-31 12:48:34.610 INFO Train - trainImages: finding the encoding of image
2022-03-31 12:48:34.676 INFO Train - trainImages: finding encoding of image is done
2022-03-31 12:48:34.676 INFO Train - trainImages: getting average of encodings of loaded images
2022-03-31 12:48:34.676 INFO Train - trainImages: done with getting average encodings
2022-03-31 12:48:34.676 INFO Train - trainImages: storing the name and encoding in local dictionary
2022-03-31 12:48:34.677 INFO Train - trainImages: stored name and encodes in local dictionary
2022-03-31 12:48:34.677 INFO Train - trainImages: storing the name and encodings in mongodb
2022-03-31 12:48:34.677 INFO Train - trainImages: stored all name and encodes in mongodb
2022-03-31 12:48:34.677 INFO Train - trainImages: started loading images and finding their encodings
2022-03-31 12:48:34.677 INFO Train - trainImages: loading image
2022-03-31 12:48:34.680 DEBUG Train - trainImages: /home/vikasjoshis001/Desktop/Gestures/images_to_train/cdvbxd-2022-03-31 12:29:01.669747/cdvbxd.0dac1d9d-b0c0-11ec-95c9-353773ec36e1.jpeg
2022-03-31 12:48:34.680 INFO Train - trainImages: loading image done
2022-03-31 12:48:34.680 INFO Train - trainImages: finding the encoding of image
2022-03-31 12:48:34.857 INFO Train - trainImages: finding encoding of image is done
2022-03-31 12:48:34.857 INFO Train - trainImages: loading image
2022-03-31 12:48:34.859 DEBUG Train - trainImages: /home/vikasjoshis001/Desktop/Gestures/images_to_train/cdvbxd-2022-03-31 12:29:01.669747/cdvbxd.0dac1d9c-b0c0-11ec-95c9-353773ec36e1.jpeg
2022-03-31 12:48:34.860 INFO Train - trainImages: loading image done
2022-03-31 12:48:34.860 INFO Train - trainImages: finding the encoding of image
2022-03-31 12:48:35.039 INFO Train - trainImages: finding encoding of image is done
2022-03-31 12:48:35.039 INFO Train - trainImages: loading image
2022-03-31 12:48:35.041 DEBUG Train - trainImages: /home/vikasjoshis001/Desktop/Gestures/images_to_train/cdvbxd-2022-03-31 12:29:01.669747/cdvbxd.0c763945-b0c0-11ec-95c9-353773ec36e1.jpeg
2022-03-31 12:48:35.041 INFO Train - trainImages: loading image done
2022-03-31 12:48:35.041 INFO Train - trainImages: finding the encoding of image
2022-03-31 12:48:35.218 INFO Train - trainImages: finding encoding of image is done
2022-03-31 12:48:35.218 INFO Train - trainImages: loading image
2022-03-31 12:48:35.221 DEBUG Train - trainImages: /home/vikasjoshis001/Desktop/Gestures/images_to_train/cdvbxd-2022-03-31 12:29:01.669747/cdvbxd.0bc67946-b0c0-11ec-95c9-353773ec36e1.jpeg
2022-03-31 12:48:35.221 INFO Train - trainImages: loading image done
2022-03-31 12:48:35.221 INFO Train - trainImages: finding the encoding of image
2022-03-31 12:48:35.398 INFO Train - trainImages: finding encoding of image is done
2022-03-31 12:48:35.398 INFO Train - trainImages: loading image
2022-03-31 12:48:35.400 DEBUG Train - trainImages: /home/vikasjoshis001/Desktop/Gestures/images_to_train/cdvbxd-2022-03-31 12:29:01.669747/cdvbxd.0c763944-b0c0-11ec-95c9-353773ec36e1.jpeg
2022-03-31 12:48:35.400 INFO Train - trainImages: loading image done
2022-03-31 12:48:35.400 INFO Train - trainImages: finding the encoding of image
2022-03-31 12:48:35.577 INFO Train - trainImages: finding encoding of image is done
2022-03-31 12:48:35.577 INFO Train - trainImages: getting average of encodings of loaded images
2022-03-31 12:48:35.577 INFO Train - trainImages: done with getting average encodings
2022-03-31 12:48:35.577 INFO Train - trainImages: storing the name and encoding in local dictionary
2022-03-31 12:48:35.577 INFO Train - trainImages: stored name and encodes in local dictionary
2022-03-31 12:48:35.577 INFO Train - trainImages: storing the name and encodings in mongodb
2022-03-31 12:48:35.578 INFO Train - trainImages: stored all name and encodes in mongodb
2022-03-31 12:48:35.578 INFO Train - trainImages: started loading images and finding their encodings
2022-03-31 12:48:35.578 INFO Train - trainImages: loading image
2022-03-31 12:48:35.579 DEBUG Train - trainImages: /home/vikasjoshis001/Desktop/Gestures/images_to_train/king in the north/index.jpeg
2022-03-31 12:48:35.579 INFO Train - trainImages: loading image done
2022-03-31 12:48:35.579 INFO Train - trainImages: finding the encoding of image
2022-03-31 12:48:35.645 INFO Train - trainImages: finding encoding of image is done
2022-03-31 12:48:35.645 INFO Train - trainImages: loading image
2022-03-31 12:48:35.646 DEBUG Train - trainImages: /home/vikasjoshis001/Desktop/Gestures/images_to_train/king in the north/index3.jpeg
2022-03-31 12:48:35.646 INFO Train - trainImages: loading image done
2022-03-31 12:48:35.646 INFO Train - trainImages: finding the encoding of image
2022-03-31 12:48:35.713 INFO Train - trainImages: finding encoding of image is done
2022-03-31 12:48:35.713 INFO Train - trainImages: loading image
2022-03-31 12:48:35.714 DEBUG Train - trainImages: /home/vikasjoshis001/Desktop/Gestures/images_to_train/king in the north/index5.jpeg
2022-03-31 12:48:35.714 INFO Train - trainImages: loading image done
2022-03-31 12:48:35.714 INFO Train - trainImages: finding the encoding of image
2022-03-31 12:48:35.780 INFO Train - trainImages: finding encoding of image is done
2022-03-31 12:48:35.780 INFO Train - trainImages: loading image
2022-03-31 12:48:35.781 DEBUG Train - trainImages: /home/vikasjoshis001/Desktop/Gestures/images_to_train/king in the north/index2.jpeg
2022-03-31 12:48:35.781 INFO Train - trainImages: loading image done
2022-03-31 12:48:35.781 INFO Train - trainImages: finding the encoding of image
2022-03-31 12:48:35.847 INFO Train - trainImages: finding encoding of image is done
2022-03-31 12:48:35.847 INFO Train - trainImages: loading image
2022-03-31 12:48:35.847 DEBUG Train - trainImages: /home/vikasjoshis001/Desktop/Gestures/images_to_train/king in the north/index4.jpeg
2022-03-31 12:48:35.847 INFO Train - trainImages: loading image done
2022-03-31 12:48:35.847 INFO Train - trainImages: finding the encoding of image
2022-03-31 12:48:35.915 INFO Train - trainImages: finding encoding of image is done
2022-03-31 12:48:35.915 INFO Train - trainImages: getting average of encodings of loaded images
2022-03-31 12:48:35.915 INFO Train - trainImages: done with getting average encodings
2022-03-31 12:48:35.915 INFO Train - trainImages: storing the name and encoding in local dictionary
2022-03-31 12:48:35.915 INFO Train - trainImages: stored name and encodes in local dictionary
2022-03-31 12:48:35.915 INFO Train - trainImages: storing the name and encodings in mongodb
2022-03-31 12:48:35.916 INFO Train - trainImages: stored all name and encodes in mongodb
2022-03-31 12:48:35.916 INFO Train - trainImages: started loading images and finding their encodings
2022-03-31 12:48:35.916 INFO Train - trainImages: loading image
2022-03-31 12:48:35.918 DEBUG Train - trainImages: /home/vikasjoshis001/Desktop/Gestures/images_to_train/vhm-2022-03-31 12:22:16.839677/vhm.1a7afe73-b0bf-11ec-95c9-353773ec36e1.jpeg
2022-03-31 12:48:35.918 INFO Train - trainImages: loading image done
2022-03-31 12:48:35.918 INFO Train - trainImages: finding the encoding of image
2022-03-31 12:48:36.095 INFO Train - trainImages: finding encoding of image is done
2022-03-31 12:48:36.096 INFO Train - trainImages: loading image
2022-03-31 12:48:36.098 DEBUG Train - trainImages: /home/vikasjoshis001/Desktop/Gestures/images_to_train/vhm-2022-03-31 12:22:16.839677/vhm.1a7afe72-b0bf-11ec-95c9-353773ec36e1.jpeg
2022-03-31 12:48:36.098 INFO Train - trainImages: loading image done
2022-03-31 12:48:36.098 INFO Train - trainImages: finding the encoding of image
2022-03-31 12:48:36.274 INFO Train - trainImages: finding encoding of image is done
2022-03-31 12:48:36.275 INFO Train - trainImages: loading image
2022-03-31 12:48:36.277 DEBUG Train - trainImages: /home/vikasjoshis001/Desktop/Gestures/images_to_train/vhm-2022-03-31 12:22:16.839677/vhm.1a7afe75-b0bf-11ec-95c9-353773ec36e1.jpeg
2022-03-31 12:48:36.277 INFO Train - trainImages: loading image done
2022-03-31 12:48:36.277 INFO Train - trainImages: finding the encoding of image
2022-03-31 12:48:36.454 INFO Train - trainImages: finding encoding of image is done
2022-03-31 12:48:36.454 INFO Train - trainImages: loading image
2022-03-31 12:48:36.456 DEBUG Train - trainImages: /home/vikasjoshis001/Desktop/Gestures/images_to_train/vhm-2022-03-31 12:22:16.839677/vhm.1a7afe74-b0bf-11ec-95c9-353773ec36e1.jpeg
2022-03-31 12:48:36.456 INFO Train - trainImages: loading image done
2022-03-31 12:48:36.456 INFO Train - trainImages: finding the encoding of image
2022-03-31 12:48:36.634 INFO Train - trainImages: finding encoding of image is done
2022-03-31 12:48:36.634 INFO Train - trainImages: loading image
2022-03-31 12:48:36.636 DEBUG Train - trainImages: /home/vikasjoshis001/Desktop/Gestures/images_to_train/vhm-2022-03-31 12:22:16.839677/vhm.1a7afe76-b0bf-11ec-95c9-353773ec36e1.jpeg
2022-03-31 12:48:36.637 INFO Train - trainImages: loading image done
2022-03-31 12:48:36.637 INFO Train - trainImages: finding the encoding of image
2022-03-31 12:48:36.814 INFO Train - trainImages: finding encoding of image is done
2022-03-31 12:48:36.814 INFO Train - trainImages: getting average of encodings of loaded images
2022-03-31 12:48:36.814 INFO Train - trainImages: done with getting average encodings
2022-03-31 12:48:36.814 INFO Train - trainImages: storing the name and encoding in local dictionary
2022-03-31 12:48:36.814 INFO Train - trainImages: stored name and encodes in local dictionary
2022-03-31 12:48:36.814 INFO Train - trainImages: storing the name and encodings in mongodb
2022-03-31 12:48:36.815 INFO Train - trainImages: stored all name and encodes in mongodb
2022-03-31 12:48:36.815 INFO Train - trainImages: started loading images and finding their encodings
2022-03-31 12:48:36.815 INFO Train - trainImages: loading image
2022-03-31 12:48:36.817 DEBUG Train - trainImages: /home/vikasjoshis001/Desktop/Gestures/images_to_train/fdf-2022-03-31 12:47:24.940166/fdf.9eae153d-b0c2-11ec-95c9-353773ec36e1.jpeg
2022-03-31 12:48:36.817 INFO Train - trainImages: loading image done
2022-03-31 12:48:36.817 INFO Train - trainImages: finding the encoding of image
2022-03-31 12:48:36.995 INFO Train - trainImages: finding encoding of image is done
2022-03-31 12:48:36.995 INFO Train - trainImages: loading image
2022-03-31 12:48:36.997 DEBUG Train - trainImages: /home/vikasjoshis001/Desktop/Gestures/images_to_train/fdf-2022-03-31 12:47:24.940166/fdf.9fe743ec-b0c2-11ec-95c9-353773ec36e1.jpeg
2022-03-31 12:48:36.997 INFO Train - trainImages: loading image done
2022-03-31 12:48:36.997 INFO Train - trainImages: finding the encoding of image
2022-03-31 12:48:37.174 INFO Train - trainImages: finding encoding of image is done
2022-03-31 12:48:37.174 INFO Train - trainImages: loading image
2022-03-31 12:48:37.177 DEBUG Train - trainImages: /home/vikasjoshis001/Desktop/Gestures/images_to_train/fdf-2022-03-31 12:47:24.940166/fdf.9d60e8ee-b0c2-11ec-95c9-353773ec36e1.jpeg
2022-03-31 12:48:37.177 INFO Train - trainImages: loading image done
2022-03-31 12:48:37.177 INFO Train - trainImages: finding the encoding of image
2022-03-31 12:48:37.354 INFO Train - trainImages: finding encoding of image is done
2022-03-31 12:48:37.354 INFO Train - trainImages: loading image
2022-03-31 12:48:37.356 DEBUG Train - trainImages: /home/vikasjoshis001/Desktop/Gestures/images_to_train/fdf-2022-03-31 12:47:24.940166/fdf.9d60e8ef-b0c2-11ec-95c9-353773ec36e1.jpeg
2022-03-31 12:48:37.356 INFO Train - trainImages: loading image done
2022-03-31 12:48:37.356 INFO Train - trainImages: finding the encoding of image
2022-03-31 12:48:37.534 INFO Train - trainImages: finding encoding of image is done
2022-03-31 12:48:37.534 INFO Train - trainImages: loading image
2022-03-31 12:48:37.536 DEBUG Train - trainImages: /home/vikasjoshis001/Desktop/Gestures/images_to_train/fdf-2022-03-31 12:47:24.940166/fdf.9eae153c-b0c2-11ec-95c9-353773ec36e1.jpeg
2022-03-31 12:48:37.536 INFO Train - trainImages: loading image done
2022-03-31 12:48:37.537 INFO Train - trainImages: finding the encoding of image
2022-03-31 12:48:37.714 INFO Train - trainImages: finding encoding of image is done
2022-03-31 12:48:37.714 INFO Train - trainImages: getting average of encodings of loaded images
2022-03-31 12:48:37.714 INFO Train - trainImages: done with getting average encodings
2022-03-31 12:48:37.714 INFO Train - trainImages: storing the name and encoding in local dictionary
2022-03-31 12:48:37.714 INFO Train - trainImages: stored name and encodes in local dictionary
2022-03-31 12:48:37.714 INFO Train - trainImages: storing the name and encodings in mongodb
2022-03-31 12:48:37.715 INFO Train - trainImages: stored all name and encodes in mongodb
2022-03-31 12:48:37.715 INFO Train - trainImages: started loading images and finding their encodings
2022-03-31 12:48:37.715 INFO Train - trainImages: loading image
2022-03-31 12:48:37.717 DEBUG Train - trainImages: /home/vikasjoshis001/Desktop/Gestures/images_to_train/Chai-2022-03-31 12:20:10.218479/Chai.cf03ab39-b0be-11ec-95c9-353773ec36e1.jpeg
2022-03-31 12:48:37.717 INFO Train - trainImages: loading image done
2022-03-31 12:48:37.717 INFO Train - trainImages: finding the encoding of image
2022-03-31 12:48:37.895 INFO Train - trainImages: finding encoding of image is done
2022-03-31 12:48:37.895 INFO Train - trainImages: loading image
2022-03-31 12:48:37.897 DEBUG Train - trainImages: /home/vikasjoshis001/Desktop/Gestures/images_to_train/Chai-2022-03-31 12:20:10.218479/Chai.cf03ab3b-b0be-11ec-95c9-353773ec36e1.jpeg
2022-03-31 12:48:37.897 INFO Train - trainImages: loading image done
2022-03-31 12:48:37.897 INFO Train - trainImages: finding the encoding of image
2022-03-31 12:48:38.075 INFO Train - trainImages: finding encoding of image is done
2022-03-31 12:48:38.075 INFO Train - trainImages: loading image
2022-03-31 12:48:38.077 DEBUG Train - trainImages: /home/vikasjoshis001/Desktop/Gestures/images_to_train/Chai-2022-03-31 12:20:10.218479/Chai.cf03ab38-b0be-11ec-95c9-353773ec36e1.jpeg
2022-03-31 12:48:38.077 INFO Train - trainImages: loading image done
2022-03-31 12:48:38.077 INFO Train - trainImages: finding the encoding of image
2022-03-31 12:48:38.255 INFO Train - trainImages: finding encoding of image is done
2022-03-31 12:48:38.255 INFO Train - trainImages: loading image
2022-03-31 12:48:38.258 DEBUG Train - trainImages: /home/vikasjoshis001/Desktop/Gestures/images_to_train/Chai-2022-03-31 12:20:10.218479/Chai.cf03ab3c-b0be-11ec-95c9-353773ec36e1.jpeg
2022-03-31 12:48:38.258 INFO Train - trainImages: loading image done
2022-03-31 12:48:38.258 INFO Train - trainImages: finding the encoding of image
2022-03-31 12:48:38.436 INFO Train - trainImages: finding encoding of image is done
2022-03-31 12:48:38.436 INFO Train - trainImages: loading image
2022-03-31 12:48:38.438 DEBUG Train - trainImages: /home/vikasjoshis001/Desktop/Gestures/images_to_train/Chai-2022-03-31 12:20:10.218479/Chai.cf03ab3a-b0be-11ec-95c9-353773ec36e1.jpeg
2022-03-31 12:48:38.438 INFO Train - trainImages: loading image done
2022-03-31 12:48:38.438 INFO Train - trainImages: finding the encoding of image
2022-03-31 12:48:38.617 INFO Train - trainImages: finding encoding of image is done
2022-03-31 12:48:38.617 INFO Train - trainImages: getting average of encodings of loaded images
2022-03-31 12:48:38.617 INFO Train - trainImages: done with getting average encodings
2022-03-31 12:48:38.617 INFO Train - trainImages: storing the name and encoding in local dictionary
2022-03-31 12:48:38.617 INFO Train - trainImages: stored name and encodes in local dictionary
2022-03-31 12:48:38.617 INFO Train - trainImages: storing the name and encodings in mongodb
2022-03-31 12:48:38.618 INFO Train - trainImages: stored all name and encodes in mongodb
2022-03-31 12:48:38.618 INFO Train - trainImages: started loading images and finding their encodings
2022-03-31 12:48:38.618 INFO Train - trainImages: loading image
2022-03-31 12:48:38.619 DEBUG Train - trainImages: /home/vikasjoshis001/Desktop/Gestures/images_to_train/arya stark/index.jpeg
2022-03-31 12:48:38.619 INFO Train - trainImages: loading image done
2022-03-31 12:48:38.619 INFO Train - trainImages: finding the encoding of image
2022-03-31 12:48:38.687 INFO Train - trainImages: finding encoding of image is done
2022-03-31 12:48:38.687 INFO Train - trainImages: loading image
2022-03-31 12:48:38.688 DEBUG Train - trainImages: /home/vikasjoshis001/Desktop/Gestures/images_to_train/arya stark/index3.jpeg
2022-03-31 12:48:38.688 INFO Train - trainImages: loading image done
2022-03-31 12:48:38.688 INFO Train - trainImages: finding the encoding of image
2022-03-31 12:48:38.754 INFO Train - trainImages: finding encoding of image is done
2022-03-31 12:48:38.754 INFO Train - trainImages: loading image
2022-03-31 12:48:38.755 DEBUG Train - trainImages: /home/vikasjoshis001/Desktop/Gestures/images_to_train/arya stark/index5.jpeg
2022-03-31 12:48:38.755 INFO Train - trainImages: loading image done
2022-03-31 12:48:38.755 INFO Train - trainImages: finding the encoding of image
2022-03-31 12:48:38.823 INFO Train - trainImages: finding encoding of image is done
2022-03-31 12:48:38.823 INFO Train - trainImages: loading image
2022-03-31 12:48:38.823 DEBUG Train - trainImages: /home/vikasjoshis001/Desktop/Gestures/images_to_train/arya stark/index2.jpeg
2022-03-31 12:48:38.823 INFO Train - trainImages: loading image done
2022-03-31 12:48:38.823 INFO Train - trainImages: finding the encoding of image
2022-03-31 12:48:38.889 INFO Train - trainImages: finding encoding of image is done
2022-03-31 12:48:38.889 INFO Train - trainImages: loading image
2022-03-31 12:48:38.890 DEBUG Train - trainImages: /home/vikasjoshis001/Desktop/Gestures/images_to_train/arya stark/images4.jpeg
2022-03-31 12:48:38.890 INFO Train - trainImages: loading image done
2022-03-31 12:48:38.890 INFO Train - trainImages: finding the encoding of image
2022-03-31 12:48:38.955 INFO Train - trainImages: finding encoding of image is done
2022-03-31 12:48:38.955 INFO Train - trainImages: getting average of encodings of loaded images
2022-03-31 12:48:38.955 INFO Train - trainImages: done with getting average encodings
2022-03-31 12:48:38.955 INFO Train - trainImages: storing the name and encoding in local dictionary
2022-03-31 12:48:38.955 INFO Train - trainImages: stored name and encodes in local dictionary
2022-03-31 12:48:38.955 INFO Train - trainImages: storing the name and encodings in mongodb
2022-03-31 12:48:38.956 INFO Train - trainImages: stored all name and encodes in mongodb
2022-03-31 12:48:38.956 INFO Train - trainImages: started loading images and finding their encodings
2022-03-31 12:48:38.956 INFO Train - trainImages: loading image
2022-03-31 12:48:38.958 DEBUG Train - trainImages: /home/vikasjoshis001/Desktop/Gestures/images_to_train/gh-2022-03-31 12:23:19.211189/gh.3fa9801e-b0bf-11ec-95c9-353773ec36e1.jpeg
2022-03-31 12:48:38.958 INFO Train - trainImages: loading image done
2022-03-31 12:48:38.958 INFO Train - trainImages: finding the encoding of image
2022-03-31 12:48:39.177 INFO Train - trainImages: finding encoding of image is done
2022-03-31 12:48:39.177 INFO Train - trainImages: loading image
2022-03-31 12:48:39.180 DEBUG Train - trainImages: /home/vikasjoshis001/Desktop/Gestures/images_to_train/gh-2022-03-31 12:23:19.211189/gh.3fa9801b-b0bf-11ec-95c9-353773ec36e1.jpeg
2022-03-31 12:48:39.180 INFO Train - trainImages: loading image done
2022-03-31 12:48:39.180 INFO Train - trainImages: finding the encoding of image
2022-03-31 12:48:39.401 INFO Train - trainImages: finding encoding of image is done
2022-03-31 12:48:39.401 INFO Train - trainImages: loading image
2022-03-31 12:48:39.403 DEBUG Train - trainImages: /home/vikasjoshis001/Desktop/Gestures/images_to_train/gh-2022-03-31 12:23:19.211189/gh.3fa9801a-b0bf-11ec-95c9-353773ec36e1.jpeg
2022-03-31 12:48:39.403 INFO Train - trainImages: loading image done
2022-03-31 12:48:39.403 INFO Train - trainImages: finding the encoding of image
2022-03-31 12:48:39.622 INFO Train - trainImages: finding encoding of image is done
2022-03-31 12:48:39.622 INFO Train - trainImages: loading image
2022-03-31 12:48:39.624 DEBUG Train - trainImages: /home/vikasjoshis001/Desktop/Gestures/images_to_train/gh-2022-03-31 12:23:19.211189/gh.3fa9801d-b0bf-11ec-95c9-353773ec36e1.jpeg
2022-03-31 12:48:39.624 INFO Train - trainImages: loading image done
2022-03-31 12:48:39.624 INFO Train - trainImages: finding the encoding of image
2022-03-31 12:48:39.843 INFO Train - trainImages: finding encoding of image is done
2022-03-31 12:48:39.843 INFO Train - trainImages: loading image
2022-03-31 12:48:39.846 DEBUG Train - trainImages: /home/vikasjoshis001/Desktop/Gestures/images_to_train/gh-2022-03-31 12:23:19.211189/gh.3fa9801c-b0bf-11ec-95c9-353773ec36e1.jpeg
2022-03-31 12:48:39.846 INFO Train - trainImages: loading image done
2022-03-31 12:48:39.846 INFO Train - trainImages: finding the encoding of image
2022-03-31 12:48:40.065 INFO Train - trainImages: finding encoding of image is done
2022-03-31 12:48:40.066 INFO Train - trainImages: getting average of encodings of loaded images
2022-03-31 12:48:40.066 INFO Train - trainImages: done with getting average encodings
2022-03-31 12:48:40.066 INFO Train - trainImages: storing the name and encoding in local dictionary
2022-03-31 12:48:40.066 INFO Train - trainImages: stored name and encodes in local dictionary
2022-03-31 12:48:40.066 INFO Train - trainImages: storing the name and encodings in mongodb
2022-03-31 12:48:40.067 INFO Train - trainImages: stored all name and encodes in mongodb
2022-03-31 12:48:40.067 INFO Train - trainImages: started loading images and finding their encodings
2022-03-31 12:48:40.067 INFO Train - trainImages: loading image
2022-03-31 12:48:40.069 DEBUG Train - trainImages: /home/vikasjoshis001/Desktop/Gestures/images_to_train/Sad-2022-03-31 12:16:52.952750/Sad.596d38de-b0be-11ec-95c9-353773ec36e1.jpeg
2022-03-31 12:48:40.069 INFO Train - trainImages: loading image done
2022-03-31 12:48:40.069 INFO Train - trainImages: finding the encoding of image
2022-03-31 12:48:40.248 INFO Train - trainImages: finding encoding of image is done
2022-03-31 12:48:40.249 INFO Train - trainImages: loading image
2022-03-31 12:48:40.251 DEBUG Train - trainImages: /home/vikasjoshis001/Desktop/Gestures/images_to_train/Sad-2022-03-31 12:16:52.952750/Sad.596d38dd-b0be-11ec-95c9-353773ec36e1.jpeg
2022-03-31 12:48:40.251 INFO Train - trainImages: loading image done
2022-03-31 12:48:40.251 INFO Train - trainImages: finding the encoding of image
2022-03-31 12:48:40.429 INFO Train - trainImages: finding encoding of image is done
2022-03-31 12:48:40.430 INFO Train - trainImages: loading image
2022-03-31 12:48:40.432 DEBUG Train - trainImages: /home/vikasjoshis001/Desktop/Gestures/images_to_train/Sad-2022-03-31 12:16:52.952750/Sad.596d38da-b0be-11ec-95c9-353773ec36e1.jpeg
2022-03-31 12:48:40.432 INFO Train - trainImages: loading image done
2022-03-31 12:48:40.432 INFO Train - trainImages: finding the encoding of image
2022-03-31 12:48:40.611 INFO Train - trainImages: finding encoding of image is done
2022-03-31 12:48:40.611 INFO Train - trainImages: loading image
2022-03-31 12:48:40.614 DEBUG Train - trainImages: /home/vikasjoshis001/Desktop/Gestures/images_to_train/Sad-2022-03-31 12:16:52.952750/Sad.596d38db-b0be-11ec-95c9-353773ec36e1.jpeg
2022-03-31 12:48:40.614 INFO Train - trainImages: loading image done
2022-03-31 12:48:40.614 INFO Train - trainImages: finding the encoding of image
2022-03-31 12:48:40.792 INFO Train - trainImages: finding encoding of image is done
2022-03-31 12:48:40.793 INFO Train - trainImages: loading image
2022-03-31 12:48:40.795 DEBUG Train - trainImages: /home/vikasjoshis001/Desktop/Gestures/images_to_train/Sad-2022-03-31 12:16:52.952750/Sad.596d38dc-b0be-11ec-95c9-353773ec36e1.jpeg
2022-03-31 12:48:40.795 INFO Train - trainImages: loading image done
2022-03-31 12:48:40.795 INFO Train - trainImages: finding the encoding of image
2022-03-31 12:48:40.974 INFO Train - trainImages: finding encoding of image is done
2022-03-31 12:48:40.974 INFO Train - trainImages: getting average of encodings of loaded images
2022-03-31 12:48:40.974 INFO Train - trainImages: done with getting average encodings
2022-03-31 12:48:40.974 INFO Train - trainImages: storing the name and encoding in local dictionary
2022-03-31 12:48:40.974 INFO Train - trainImages: stored name and encodes in local dictionary
2022-03-31 12:48:40.974 INFO Train - trainImages: storing the name and encodings in mongodb
2022-03-31 12:48:40.975 INFO Train - trainImages: stored all name and encodes in mongodb
2022-03-31 12:48:40.975 INFO Train - trainImages: started loading images and finding their encodings
2022-03-31 12:48:40.975 INFO Train - trainImages: loading image
2022-03-31 12:48:40.977 DEBUG Train - trainImages: /home/vikasjoshis001/Desktop/Gestures/images_to_train/Vikas-2022-03-12 15:33:49.979215/Vikas.b761c802-a1eb-11ec-a348-e960390a4373.jpeg
2022-03-31 12:48:40.977 INFO Train - trainImages: loading image done
2022-03-31 12:48:40.977 INFO Train - trainImages: finding the encoding of image
2022-03-31 12:48:41.156 INFO Train - trainImages: finding encoding of image is done
2022-03-31 12:48:41.156 INFO Train - trainImages: loading image
2022-03-31 12:48:41.158 DEBUG Train - trainImages: /home/vikasjoshis001/Desktop/Gestures/images_to_train/Vikas-2022-03-12 15:33:49.979215/Vikas.b9e21fbe-a1eb-11ec-a348-e960390a4373.jpeg
2022-03-31 12:48:41.158 INFO Train - trainImages: loading image done
2022-03-31 12:48:41.158 INFO Train - trainImages: finding the encoding of image
2022-03-31 12:48:41.337 INFO Train - trainImages: finding encoding of image is done
2022-03-31 12:48:41.337 INFO Train - trainImages: loading image
2022-03-31 12:48:41.339 DEBUG Train - trainImages: /home/vikasjoshis001/Desktop/Gestures/images_to_train/Vikas-2022-03-12 15:33:49.979215/Vikas.b761c803-a1eb-11ec-a348-e960390a4373.jpeg
2022-03-31 12:48:41.339 INFO Train - trainImages: loading image done
2022-03-31 12:48:41.339 INFO Train - trainImages: finding the encoding of image
2022-03-31 12:48:41.520 INFO Train - trainImages: finding encoding of image is done
2022-03-31 12:48:41.520 INFO Train - trainImages: loading image
2022-03-31 12:48:41.522 DEBUG Train - trainImages: /home/vikasjoshis001/Desktop/Gestures/images_to_train/Vikas-2022-03-12 15:33:49.979215/Vikas.b8aa7a74-a1eb-11ec-a348-e960390a4373.jpeg
2022-03-31 12:48:41.522 INFO Train - trainImages: loading image done
2022-03-31 12:48:41.522 INFO Train - trainImages: finding the encoding of image
2022-03-31 12:48:41.701 INFO Train - trainImages: finding encoding of image is done
2022-03-31 12:48:41.701 INFO Train - trainImages: loading image
2022-03-31 12:48:41.703 DEBUG Train - trainImages: /home/vikasjoshis001/Desktop/Gestures/images_to_train/Vikas-2022-03-12 15:33:49.979215/Vikas.b8aa7a75-a1eb-11ec-a348-e960390a4373.jpeg
2022-03-31 12:48:41.703 INFO Train - trainImages: loading image done
2022-03-31 12:48:41.703 INFO Train - trainImages: finding the encoding of image
2022-03-31 12:48:41.882 INFO Train - trainImages: finding encoding of image is done
2022-03-31 12:48:41.882 INFO Train - trainImages: getting average of encodings of loaded images
2022-03-31 12:48:41.882 INFO Train - trainImages: done with getting average encodings
2022-03-31 12:48:41.882 INFO Train - trainImages: storing the name and encoding in local dictionary
2022-03-31 12:48:41.882 INFO Train - trainImages: stored name and encodes in local dictionary
2022-03-31 12:48:41.882 INFO Train - trainImages: storing the name and encodings in mongodb
2022-03-31 12:48:41.883 INFO Train - trainImages: stored all name and encodes in mongodb
2022-03-31 12:48:41.883 INFO Train - trainImages: started loading images and finding their encodings
2022-03-31 12:48:41.883 INFO Train - trainImages: loading image
2022-03-31 12:48:41.885 DEBUG Train - trainImages: /home/vikasjoshis001/Desktop/Gestures/images_to_train/csdzcz-2022-03-31 12:31:31.420705/csdzcz.6792ab96-b0c0-11ec-95c9-353773ec36e1.jpeg
2022-03-31 12:48:41.885 INFO Train - trainImages: loading image done
2022-03-31 12:48:41.885 INFO Train - trainImages: finding the encoding of image
2022-03-31 12:48:42.064 INFO Train - trainImages: finding encoding of image is done
2022-03-31 12:48:42.064 INFO Train - trainImages: loading image
2022-03-31 12:48:42.066 DEBUG Train - trainImages: /home/vikasjoshis001/Desktop/Gestures/images_to_train/csdzcz-2022-03-31 12:31:31.420705/csdzcz.66593e70-b0c0-11ec-95c9-353773ec36e1.jpeg
2022-03-31 12:48:42.066 INFO Train - trainImages: loading image done
2022-03-31 12:48:42.067 INFO Train - trainImages: finding the encoding of image
2022-03-31 12:48:42.246 INFO Train - trainImages: finding encoding of image is done
2022-03-31 12:48:42.246 INFO Train - trainImages: loading image
2022-03-31 12:48:42.248 DEBUG Train - trainImages: /home/vikasjoshis001/Desktop/Gestures/images_to_train/csdzcz-2022-03-31 12:31:31.420705/csdzcz.65091bb2-b0c0-11ec-95c9-353773ec36e1.jpeg
2022-03-31 12:48:42.248 INFO Train - trainImages: loading image done
2022-03-31 12:48:42.248 INFO Train - trainImages: finding the encoding of image
2022-03-31 12:48:42.427 INFO Train - trainImages: finding encoding of image is done
2022-03-31 12:48:42.427 INFO Train - trainImages: loading image
2022-03-31 12:48:42.430 DEBUG Train - trainImages: /home/vikasjoshis001/Desktop/Gestures/images_to_train/csdzcz-2022-03-31 12:31:31.420705/csdzcz.65091bb3-b0c0-11ec-95c9-353773ec36e1.jpeg
2022-03-31 12:48:42.430 INFO Train - trainImages: loading image done
2022-03-31 12:48:42.430 INFO Train - trainImages: finding the encoding of image
2022-03-31 12:48:42.609 INFO Train - trainImages: finding encoding of image is done
2022-03-31 12:48:42.609 INFO Train - trainImages: loading image
2022-03-31 12:48:42.611 DEBUG Train - trainImages: /home/vikasjoshis001/Desktop/Gestures/images_to_train/csdzcz-2022-03-31 12:31:31.420705/csdzcz.66593e71-b0c0-11ec-95c9-353773ec36e1.jpeg
2022-03-31 12:48:42.611 INFO Train - trainImages: loading image done
2022-03-31 12:48:42.611 INFO Train - trainImages: finding the encoding of image
2022-03-31 12:48:42.790 INFO Train - trainImages: finding encoding of image is done
2022-03-31 12:48:42.790 INFO Train - trainImages: getting average of encodings of loaded images
2022-03-31 12:48:42.790 INFO Train - trainImages: done with getting average encodings
2022-03-31 12:48:42.790 INFO Train - trainImages: storing the name and encoding in local dictionary
2022-03-31 12:48:42.790 INFO Train - trainImages: stored name and encodes in local dictionary
2022-03-31 12:48:42.790 INFO Train - trainImages: storing the name and encodings in mongodb
2022-03-31 12:48:42.791 INFO Train - trainImages: stored all name and encodes in mongodb
