2022-03-31 10:16:11.142 INFO Train - trainImages: MongoDB database connected successfully
2022-03-31 10:16:11.148 INFO Train - trainImages: collected all folders in known_people folder
2022-03-31 10:16:11.148 DEBUG Train - trainImages: ['tyrion lannister', 'fhgh-2022-03-31 10:07:10.324929', 'cdvdf-2022-03-31 10:15:48.967334', 'vikas-2022-03-30 09:32:56.741130', 'denerys targeryan', 'A-2022-03-31 09:40:54.832441', 'ADsefdrg-2022-03-31 10:01:22.673799', 'E-2022-03-31 09:56:11.162643', 'cjkdvjkd-2022-03-30 09:30:32.968615', 'cersie lannister', 'king in the north', 'Hello-2022-03-31 09:44:00.946377', 'V-2022-03-31 09:38:29.130193', 'Dilip-2022-03-31 09:45:29.388540', 'bfgnh-2022-03-31 10:03:58.026852', 'M-2022-03-31 09:59:00.107753', 'fbfg-2022-03-31 09:37:47.861885', 'R-2022-03-31 09:54:30.551000', 'arya stark', 'W-2022-03-31 09:47:22.322369', 'Q-2022-03-31 09:48:35.134676', 'Vikas-2022-03-12 15:33:49.979215', 'G-2022-03-31 09:39:32.117826', 'Y-2022-03-31 09:46:03.675006']
2022-03-31 10:16:11.157 INFO Train - trainImages: collected all images from all folders in known_people folder
2022-03-31 10:16:11.160 DEBUG Train - trainImages: [['/home/vikasjoshis001/Desktop/Gestures/images_to_train/tyrion lannister/images5.jpeg', '/home/vikasjoshis001/Desktop/Gestures/images_to_train/tyrion lannister/index3.jpeg', '/home/vikasjoshis001/Desktop/Gestures/images_to_train/tyrion lannister/index1.jpeg', '/home/vikasjoshis001/Desktop/Gestures/images_to_train/tyrion lannister/index2.jpeg', '/home/vikasjoshis001/Desktop/Gestures/images_to_train/tyrion lannister/index4.jpeg'], [], ['/home/vikasjoshis001/Desktop/Gestures/images_to_train/cdvdf-2022-03-31 10:15:48.967334/cdvdf.79300d5c-b0ad-11ec-9deb-653b24300c24.jpeg', '/home/vikasjoshis001/Desktop/Gestures/images_to_train/cdvdf-2022-03-31 10:15:48.967334/cdvdf.7af5f854-b0ad-11ec-9deb-653b24300c24.jpeg', '/home/vikasjoshis001/Desktop/Gestures/images_to_train/cdvdf-2022-03-31 10:15:48.967334/cdvdf.70a612e4-b0ad-11ec-9deb-653b24300c24.jpeg', '/home/vikasjoshis001/Desktop/Gestures/images_to_train/cdvdf-2022-03-31 10:15:48.967334/cdvdf.7710471c-b0ad-11ec-9deb-653b24300c24.jpeg', '/home/vikasjoshis001/Desktop/Gestures/images_to_train/cdvdf-2022-03-31 10:15:48.967334/cdvdf.74cb558c-b0ad-11ec-9deb-653b24300c24.jpeg'], [], ['/home/vikasjoshis001/Desktop/Gestures/images_to_train/denerys targeryan/index3.jpeg', '/home/vikasjoshis001/Desktop/Gestures/images_to_train/denerys targeryan/index5.jpeg', '/home/vikasjoshis001/Desktop/Gestures/images_to_train/denerys targeryan/index1.jpeg', '/home/vikasjoshis001/Desktop/Gestures/images_to_train/denerys targeryan/index2.jpeg', '/home/vikasjoshis001/Desktop/Gestures/images_to_train/denerys targeryan/index4.jpeg'], ['/home/vikasjoshis001/Desktop/Gestures/images_to_train/A-2022-03-31 09:40:54.832441/A.9266ad12-b0a8-11ec-9deb-653b24300c24.jpeg', '/home/vikasjoshis001/Desktop/Gestures/images_to_train/A-2022-03-31 09:40:54.832441/A.912d96f4-b0a8-11ec-9deb-653b24300c24.jpeg', '/home/vikasjoshis001/Desktop/Gestures/images_to_train/A-2022-03-31 09:40:54.832441/A.8fdd0e92-b0a8-11ec-9deb-653b24300c24.jpeg', '/home/vikasjoshis001/Desktop/Gestures/images_to_train/A-2022-03-31 09:40:54.832441/A.8fdd0e93-b0a8-11ec-9deb-653b24300c24.jpeg', '/home/vikasjoshis001/Desktop/Gestures/images_to_train/A-2022-03-31 09:40:54.832441/A.912d96f5-b0a8-11ec-9deb-653b24300c24.jpeg'], [], ['/home/vikasjoshis001/Desktop/Gestures/images_to_train/E-2022-03-31 09:56:11.162643/E.b706148a-b0aa-11ec-9deb-653b24300c24.jpeg', '/home/vikasjoshis001/Desktop/Gestures/images_to_train/E-2022-03-31 09:56:11.162643/E.b20a3a1a-b0aa-11ec-9deb-653b24300c24.jpeg', '/home/vikasjoshis001/Desktop/Gestures/images_to_train/E-2022-03-31 09:56:11.162643/E.b706148b-b0aa-11ec-9deb-653b24300c24.jpeg', '/home/vikasjoshis001/Desktop/Gestures/images_to_train/E-2022-03-31 09:56:11.162643/E.b490d9c4-b0aa-11ec-9deb-653b24300c24.jpeg', '/home/vikasjoshis001/Desktop/Gestures/images_to_train/E-2022-03-31 09:56:11.162643/E.b607720e-b0aa-11ec-9deb-653b24300c24.jpeg'], [], ['/home/vikasjoshis001/Desktop/Gestures/images_to_train/cersie lannister/index3.jpeg', '/home/vikasjoshis001/Desktop/Gestures/images_to_train/cersie lannister/index5.jpeg', '/home/vikasjoshis001/Desktop/Gestures/images_to_train/cersie lannister/index2.jpeg', '/home/vikasjoshis001/Desktop/Gestures/images_to_train/cersie lannister/index4.jpeg'], ['/home/vikasjoshis001/Desktop/Gestures/images_to_train/king in the north/index.jpeg', '/home/vikasjoshis001/Desktop/Gestures/images_to_train/king in the north/index3.jpeg', '/home/vikasjoshis001/Desktop/Gestures/images_to_train/king in the north/index5.jpeg', '/home/vikasjoshis001/Desktop/Gestures/images_to_train/king in the north/index2.jpeg', '/home/vikasjoshis001/Desktop/Gestures/images_to_train/king in the north/index4.jpeg'], [], [], [], [], [], [], [], ['/home/vikasjoshis001/Desktop/Gestures/images_to_train/arya stark/index.jpeg', '/home/vikasjoshis001/Desktop/Gestures/images_to_train/arya stark/index3.jpeg', '/home/vikasjoshis001/Desktop/Gestures/images_to_train/arya stark/index5.jpeg', '/home/vikasjoshis001/Desktop/Gestures/images_to_train/arya stark/index2.jpeg', '/home/vikasjoshis001/Desktop/Gestures/images_to_train/arya stark/images4.jpeg'], [], [], ['/home/vikasjoshis001/Desktop/Gestures/images_to_train/Vikas-2022-03-12 15:33:49.979215/Vikas.b761c802-a1eb-11ec-a348-e960390a4373.jpeg', '/home/vikasjoshis001/Desktop/Gestures/images_to_train/Vikas-2022-03-12 15:33:49.979215/Vikas.b9e21fbe-a1eb-11ec-a348-e960390a4373.jpeg', '/home/vikasjoshis001/Desktop/Gestures/images_to_train/Vikas-2022-03-12 15:33:49.979215/Vikas.b761c803-a1eb-11ec-a348-e960390a4373.jpeg', '/home/vikasjoshis001/Desktop/Gestures/images_to_train/Vikas-2022-03-12 15:33:49.979215/Vikas.b8aa7a74-a1eb-11ec-a348-e960390a4373.jpeg', '/home/vikasjoshis001/Desktop/Gestures/images_to_train/Vikas-2022-03-12 15:33:49.979215/Vikas.b8aa7a75-a1eb-11ec-a348-e960390a4373.jpeg'], ['/home/vikasjoshis001/Desktop/Gestures/images_to_train/G-2022-03-31 09:39:32.117826/G.603b2e26-b0a8-11ec-9deb-653b24300c24.jpeg', '/home/vikasjoshis001/Desktop/Gestures/images_to_train/G-2022-03-31 09:39:32.117826/G.6173ea9f-b0a8-11ec-9deb-653b24300c24.jpeg', '/home/vikasjoshis001/Desktop/Gestures/images_to_train/G-2022-03-31 09:39:32.117826/G.6173ea9e-b0a8-11ec-9deb-653b24300c24.jpeg', '/home/vikasjoshis001/Desktop/Gestures/images_to_train/G-2022-03-31 09:39:32.117826/G.603b2e27-b0a8-11ec-9deb-653b24300c24.jpeg', '/home/vikasjoshis001/Desktop/Gestures/images_to_train/G-2022-03-31 09:39:32.117826/G.5e8f5ca0-b0a8-11ec-9deb-653b24300c24.jpeg'], ['/home/vikasjoshis001/Desktop/Gestures/images_to_train/Y-2022-03-31 09:46:03.675006/Y.47f0f0c0-b0a9-11ec-9deb-653b24300c24.jpeg', '/home/vikasjoshis001/Desktop/Gestures/images_to_train/Y-2022-03-31 09:46:03.675006/Y.49252fe2-b0a9-11ec-9deb-653b24300c24.jpeg', '/home/vikasjoshis001/Desktop/Gestures/images_to_train/Y-2022-03-31 09:46:03.675006/Y.47f0f0c1-b0a9-11ec-9deb-653b24300c24.jpeg', '/home/vikasjoshis001/Desktop/Gestures/images_to_train/Y-2022-03-31 09:46:03.675006/Y.4a5cc758-b0a9-11ec-9deb-653b24300c24.jpeg', '/home/vikasjoshis001/Desktop/Gestures/images_to_train/Y-2022-03-31 09:46:03.675006/Y.49252fe3-b0a9-11ec-9deb-653b24300c24.jpeg']]
2022-03-31 10:16:11.161 INFO Train - trainImages: started loading images and finding their encodings
2022-03-31 10:16:11.162 INFO Train - trainImages: loading image
2022-03-31 10:16:11.173 DEBUG Train - trainImages: /home/vikasjoshis001/Desktop/Gestures/images_to_train/tyrion lannister/images5.jpeg
2022-03-31 10:16:11.174 INFO Train - trainImages: loading image done
2022-03-31 10:16:11.174 INFO Train - trainImages: finding the encoding of image
2022-03-31 10:16:11.256 INFO Train - trainImages: finding encoding of image is done
2022-03-31 10:16:11.257 INFO Train - trainImages: loading image
2022-03-31 10:16:11.257 DEBUG Train - trainImages: /home/vikasjoshis001/Desktop/Gestures/images_to_train/tyrion lannister/index3.jpeg
2022-03-31 10:16:11.257 INFO Train - trainImages: loading image done
2022-03-31 10:16:11.257 INFO Train - trainImages: finding the encoding of image
2022-03-31 10:16:11.326 INFO Train - trainImages: finding encoding of image is done
2022-03-31 10:16:11.326 INFO Train - trainImages: loading image
2022-03-31 10:16:11.327 DEBUG Train - trainImages: /home/vikasjoshis001/Desktop/Gestures/images_to_train/tyrion lannister/index1.jpeg
2022-03-31 10:16:11.327 INFO Train - trainImages: loading image done
2022-03-31 10:16:11.327 INFO Train - trainImages: finding the encoding of image
2022-03-31 10:16:11.396 INFO Train - trainImages: finding encoding of image is done
2022-03-31 10:16:11.396 INFO Train - trainImages: loading image
2022-03-31 10:16:11.397 DEBUG Train - trainImages: /home/vikasjoshis001/Desktop/Gestures/images_to_train/tyrion lannister/index2.jpeg
2022-03-31 10:16:11.397 INFO Train - trainImages: loading image done
2022-03-31 10:16:11.397 INFO Train - trainImages: finding the encoding of image
2022-03-31 10:16:11.468 INFO Train - trainImages: finding encoding of image is done
2022-03-31 10:16:11.468 INFO Train - trainImages: loading image
2022-03-31 10:16:11.468 DEBUG Train - trainImages: /home/vikasjoshis001/Desktop/Gestures/images_to_train/tyrion lannister/index4.jpeg
2022-03-31 10:16:11.468 INFO Train - trainImages: loading image done
2022-03-31 10:16:11.468 INFO Train - trainImages: finding the encoding of image
2022-03-31 10:16:11.535 INFO Train - trainImages: finding encoding of image is done
2022-03-31 10:16:11.535 INFO Train - trainImages: getting average of encodings of loaded images
2022-03-31 10:16:11.536 INFO Train - trainImages: done with getting average encodings
2022-03-31 10:16:11.536 INFO Train - trainImages: storing the name and encoding in local dictionary
2022-03-31 10:16:11.536 INFO Train - trainImages: stored name and encodes in local dictionary
2022-03-31 10:16:11.536 INFO Train - trainImages: storing the name and encodings in mongodb
2022-03-31 10:16:11.537 INFO Train - trainImages: stored all name and encodes in mongodb
2022-03-31 10:16:11.537 DEBUG Train - trainImages: fhgh-2022-03-31 10:07:10.324929
2022-03-31 10:16:11.537 ERROR Train - trainImages: above folder is empty with no images
2022-03-31 10:16:11.537 INFO Train - trainImages: exiting the program with no updates in training
