2022-04-01 05:50:10.773 INFO Train - trainImages: MongoDB database connected successfully
2022-04-01 05:50:10.780 INFO Train - trainImages: collected all folders in known_people folder
2022-04-01 05:50:10.781 DEBUG Train - trainImages: ['FSRG-2022-03-31 21:45:46.139376', 'tyrion lannister', 'CFG-2022-04-01 04:39:09.597251', 'denerys targeryan', 'GFG-2022-04-01 04:40:12.010089', 'Fe-2022-03-31 21:29:28.266217', 'xvfgb-2022-03-31 21:35:53.865947', 'vi-2022-03-31 15:41:30.461338', 'ws-2022-03-31 21:31:10.432193', 'FHTFH-2022-03-31 21:46:46.208323', 'FDF-2022-04-01 05:48:17.561890', 'CD-2022-03-31 21:46:08.063035', 'cersie lannister', 'Vikas-2022-03-31 13:17:26.260103', 'king in the north', 'vxbvcb-2022-03-31 21:35:34.604041', 'htfjuykj-2022-03-31 21:39:07.212646', 'arya stark', 'cdgf-2022-03-31 21:36:27.346228', 'CDSGFRF-2022-03-31 21:43:47.409374', 'hfjghjk-2022-03-31 21:42:10.265917', 'hbdhjvbxbh-2022-03-31 13:55:24.952640', 'Hello-2022-03-31 21:24:36.282713', 'VDFGBFD-2022-03-31 21:43:20.375870', 'fdfds-2022-03-31 21:32:12.815087']
2022-04-01 05:50:10.789 INFO Train - trainImages: collected all images from all folders in known_people folder
2022-04-01 05:50:10.789 DEBUG Train - trainImages: [['/home/vikasjoshis001/Desktop/Gestures/images_to_train/FSRG-2022-03-31 21:45:46.139376/FSRG.d3b1a0c8-b10d-11ec-9ef1-cb4f7634f54e.jpeg', '/home/vikasjoshis001/Desktop/Gestures/images_to_train/FSRG-2022-03-31 21:45:46.139376/FSRG.d268f0e0-b10d-11ec-9ef1-cb4f7634f54e.jpeg', '/home/vikasjoshis001/Desktop/Gestures/images_to_train/FSRG-2022-03-31 21:45:46.139376/FSRG.d268f0e1-b10d-11ec-9ef1-cb4f7634f54e.jpeg', '/home/vikasjoshis001/Desktop/Gestures/images_to_train/FSRG-2022-03-31 21:45:46.139376/FSRG.d3b1a0c9-b10d-11ec-9ef1-cb4f7634f54e.jpeg', '/home/vikasjoshis001/Desktop/Gestures/images_to_train/FSRG-2022-03-31 21:45:46.139376/FSRG.d4e6ac90-b10d-11ec-9ef1-cb4f7634f54e.jpeg'], ['/home/vikasjoshis001/Desktop/Gestures/images_to_train/tyrion lannister/images5.jpeg', '/home/vikasjoshis001/Desktop/Gestures/images_to_train/tyrion lannister/index3.jpeg', '/home/vikasjoshis001/Desktop/Gestures/images_to_train/tyrion lannister/index1.jpeg', '/home/vikasjoshis001/Desktop/Gestures/images_to_train/tyrion lannister/index2.jpeg', '/home/vikasjoshis001/Desktop/Gestures/images_to_train/tyrion lannister/index4.jpeg'], ['/home/vikasjoshis001/Desktop/Gestures/images_to_train/CFG-2022-04-01 04:39:09.597251/CFG.94a3e744-b147-11ec-ae44-cb6983774605.jpeg', '/home/vikasjoshis001/Desktop/Gestures/images_to_train/CFG-2022-04-01 04:39:09.597251/CFG.928d2e20-b147-11ec-ae44-cb6983774605.jpeg', '/home/vikasjoshis001/Desktop/Gestures/images_to_train/CFG-2022-04-01 04:39:09.597251/CFG.95d7727b-b147-11ec-ae44-cb6983774605.jpeg', '/home/vikasjoshis001/Desktop/Gestures/images_to_train/CFG-2022-04-01 04:39:09.597251/CFG.94a3e745-b147-11ec-ae44-cb6983774605.jpeg', '/home/vikasjoshis001/Desktop/Gestures/images_to_train/CFG-2022-04-01 04:39:09.597251/CFG.95d7727a-b147-11ec-ae44-cb6983774605.jpeg'], ['/home/vikasjoshis001/Desktop/Gestures/images_to_train/denerys targeryan/index3.jpeg', '/home/vikasjoshis001/Desktop/Gestures/images_to_train/denerys targeryan/index5.jpeg', '/home/vikasjoshis001/Desktop/Gestures/images_to_train/denerys targeryan/index1.jpeg', '/home/vikasjoshis001/Desktop/Gestures/images_to_train/denerys targeryan/index2.jpeg', '/home/vikasjoshis001/Desktop/Gestures/images_to_train/denerys targeryan/index4.jpeg'], ['/home/vikasjoshis001/Desktop/Gestures/images_to_train/GFG-2022-04-01 04:40:12.010089/GFG.b8ee9839-b147-11ec-ae44-cb6983774605.jpeg', '/home/vikasjoshis001/Desktop/Gestures/images_to_train/GFG-2022-04-01 04:40:12.010089/GFG.b79f5ac7-b147-11ec-ae44-cb6983774605.jpeg', '/home/vikasjoshis001/Desktop/Gestures/images_to_train/GFG-2022-04-01 04:40:12.010089/GFG.b8ee9838-b147-11ec-ae44-cb6983774605.jpeg', '/home/vikasjoshis001/Desktop/Gestures/images_to_train/GFG-2022-04-01 04:40:12.010089/GFG.ba22074e-b147-11ec-ae44-cb6983774605.jpeg', '/home/vikasjoshis001/Desktop/Gestures/images_to_train/GFG-2022-04-01 04:40:12.010089/GFG.b79f5ac6-b147-11ec-ae44-cb6983774605.jpeg'], [], ['/home/vikasjoshis001/Desktop/Gestures/images_to_train/xvfgb-2022-03-31 21:35:53.865947/xvfgb.73ed539a-b10c-11ec-9ef1-cb4f7634f54e.jpeg', '/home/vikasjoshis001/Desktop/Gestures/images_to_train/xvfgb-2022-03-31 21:35:53.865947/xvfgb.72ba2674-b10c-11ec-9ef1-cb4f7634f54e.jpeg', '/home/vikasjoshis001/Desktop/Gestures/images_to_train/xvfgb-2022-03-31 21:35:53.865947/xvfgb.72ba2675-b10c-11ec-9ef1-cb4f7634f54e.jpeg', '/home/vikasjoshis001/Desktop/Gestures/images_to_train/xvfgb-2022-03-31 21:35:53.865947/xvfgb.7162adb5-b10c-11ec-9ef1-cb4f7634f54e.jpeg', '/home/vikasjoshis001/Desktop/Gestures/images_to_train/xvfgb-2022-03-31 21:35:53.865947/xvfgb.7162adb4-b10c-11ec-9ef1-cb4f7634f54e.jpeg'], ['/home/vikasjoshis001/Desktop/Gestures/images_to_train/vi-2022-03-31 15:41:30.461338/vi.f0661862-b0da-11ec-95c9-353773ec36e1.jpeg', '/home/vikasjoshis001/Desktop/Gestures/images_to_train/vi-2022-03-31 15:41:30.461338/vi.f19f811e-b0da-11ec-95c9-353773ec36e1.jpeg', '/home/vikasjoshis001/Desktop/Gestures/images_to_train/vi-2022-03-31 15:41:30.461338/vi.ef6445f6-b0da-11ec-95c9-353773ec36e1.jpeg', '/home/vikasjoshis001/Desktop/Gestures/images_to_train/vi-2022-03-31 15:41:30.461338/vi.f0661863-b0da-11ec-95c9-353773ec36e1.jpeg', '/home/vikasjoshis001/Desktop/Gestures/images_to_train/vi-2022-03-31 15:41:30.461338/vi.f19f811f-b0da-11ec-95c9-353773ec36e1.jpeg'], [], ['/home/vikasjoshis001/Desktop/Gestures/images_to_train/FHTFH-2022-03-31 21:46:46.208323/FHTFH.f7822ce8-b10d-11ec-9ef1-cb4f7634f54e.jpeg', '/home/vikasjoshis001/Desktop/Gestures/images_to_train/FHTFH-2022-03-31 21:46:46.208323/FHTFH.f7822ce9-b10d-11ec-9ef1-cb4f7634f54e.jpeg', '/home/vikasjoshis001/Desktop/Gestures/images_to_train/FHTFH-2022-03-31 21:46:46.208323/FHTFH.f8b6eec8-b10d-11ec-9ef1-cb4f7634f54e.jpeg', '/home/vikasjoshis001/Desktop/Gestures/images_to_train/FHTFH-2022-03-31 21:46:46.208323/FHTFH.f636c1d3-b10d-11ec-9ef1-cb4f7634f54e.jpeg', '/home/vikasjoshis001/Desktop/Gestures/images_to_train/FHTFH-2022-03-31 21:46:46.208323/FHTFH.f636c1d2-b10d-11ec-9ef1-cb4f7634f54e.jpeg'], ['/home/vikasjoshis001/Desktop/Gestures/images_to_train/FDF-2022-04-01 05:48:17.561890/FDF.3cbf310b-b151-11ec-ae44-cb6983774605.jpeg', '/home/vikasjoshis001/Desktop/Gestures/images_to_train/FDF-2022-04-01 05:48:17.561890/FDF.3b8ac525-b151-11ec-ae44-cb6983774605.jpeg', '/home/vikasjoshis001/Desktop/Gestures/images_to_train/FDF-2022-04-01 05:48:17.561890/FDF.3b8ac524-b151-11ec-ae44-cb6983774605.jpeg', '/home/vikasjoshis001/Desktop/Gestures/images_to_train/FDF-2022-04-01 05:48:17.561890/FDF.3acceda6-b151-11ec-ae44-cb6983774605.jpeg', '/home/vikasjoshis001/Desktop/Gestures/images_to_train/FDF-2022-04-01 05:48:17.561890/FDF.3cbf310a-b151-11ec-ae44-cb6983774605.jpeg'], ['/home/vikasjoshis001/Desktop/Gestures/images_to_train/CD-2022-03-31 21:46:08.063035/CD.df7a12e6-b10d-11ec-9ef1-cb4f7634f54e.jpeg', '/home/vikasjoshis001/Desktop/Gestures/images_to_train/CD-2022-03-31 21:46:08.063035/CD.e0c36897-b10d-11ec-9ef1-cb4f7634f54e.jpeg', '/home/vikasjoshis001/Desktop/Gestures/images_to_train/CD-2022-03-31 21:46:08.063035/CD.e1f89682-b10d-11ec-9ef1-cb4f7634f54e.jpeg', '/home/vikasjoshis001/Desktop/Gestures/images_to_train/CD-2022-03-31 21:46:08.063035/CD.df7a12e7-b10d-11ec-9ef1-cb4f7634f54e.jpeg', '/home/vikasjoshis001/Desktop/Gestures/images_to_train/CD-2022-03-31 21:46:08.063035/CD.e0c36896-b10d-11ec-9ef1-cb4f7634f54e.jpeg'], ['/home/vikasjoshis001/Desktop/Gestures/images_to_train/cersie lannister/index3.jpeg', '/home/vikasjoshis001/Desktop/Gestures/images_to_train/cersie lannister/index5.jpeg', '/home/vikasjoshis001/Desktop/Gestures/images_to_train/cersie lannister/index2.jpeg', '/home/vikasjoshis001/Desktop/Gestures/images_to_train/cersie lannister/index4.jpeg'], ['/home/vikasjoshis001/Desktop/Gestures/images_to_train/Vikas-2022-03-31 13:17:26.260103/Vikas.d18bc824-b0c6-11ec-95c9-353773ec36e1.jpeg', '/home/vikasjoshis001/Desktop/Gestures/images_to_train/Vikas-2022-03-31 13:17:26.260103/Vikas.d056c17b-b0c6-11ec-95c9-353773ec36e1.jpeg', '/home/vikasjoshis001/Desktop/Gestures/images_to_train/Vikas-2022-03-31 13:17:26.260103/Vikas.cf0c4b78-b0c6-11ec-95c9-353773ec36e1.jpeg', '/home/vikasjoshis001/Desktop/Gestures/images_to_train/Vikas-2022-03-31 13:17:26.260103/Vikas.cf0c4b79-b0c6-11ec-95c9-353773ec36e1.jpeg', '/home/vikasjoshis001/Desktop/Gestures/images_to_train/Vikas-2022-03-31 13:17:26.260103/Vikas.d056c17a-b0c6-11ec-95c9-353773ec36e1.jpeg'], ['/home/vikasjoshis001/Desktop/Gestures/images_to_train/king in the north/index.jpeg', '/home/vikasjoshis001/Desktop/Gestures/images_to_train/king in the north/index3.jpeg', '/home/vikasjoshis001/Desktop/Gestures/images_to_train/king in the north/index5.jpeg', '/home/vikasjoshis001/Desktop/Gestures/images_to_train/king in the north/index2.jpeg', '/home/vikasjoshis001/Desktop/Gestures/images_to_train/king in the north/index4.jpeg'], [], ['/home/vikasjoshis001/Desktop/Gestures/images_to_train/htfjuykj-2022-03-31 21:39:07.212646/htfjuykj.e72bd3a4-b10c-11ec-9ef1-cb4f7634f54e.jpeg', '/home/vikasjoshis001/Desktop/Gestures/images_to_train/htfjuykj-2022-03-31 21:39:07.212646/htfjuykj.e5f7207f-b10c-11ec-9ef1-cb4f7634f54e.jpeg', '/home/vikasjoshis001/Desktop/Gestures/images_to_train/htfjuykj-2022-03-31 21:39:07.212646/htfjuykj.e5f7207e-b10c-11ec-9ef1-cb4f7634f54e.jpeg', '/home/vikasjoshis001/Desktop/Gestures/images_to_train/htfjuykj-2022-03-31 21:39:07.212646/htfjuykj.e4a12167-b10c-11ec-9ef1-cb4f7634f54e.jpeg', '/home/vikasjoshis001/Desktop/Gestures/images_to_train/htfjuykj-2022-03-31 21:39:07.212646/htfjuykj.e4a12166-b10c-11ec-9ef1-cb4f7634f54e.jpeg'], ['/home/vikasjoshis001/Desktop/Gestures/images_to_train/arya stark/index.jpeg', '/home/vikasjoshis001/Desktop/Gestures/images_to_train/arya stark/index3.jpeg', '/home/vikasjoshis001/Desktop/Gestures/images_to_train/arya stark/index5.jpeg', '/home/vikasjoshis001/Desktop/Gestures/images_to_train/arya stark/index2.jpeg', '/home/vikasjoshis001/Desktop/Gestures/images_to_train/arya stark/images4.jpeg'], ['/home/vikasjoshis001/Desktop/Gestures/images_to_train/cdgf-2022-03-31 21:36:27.346228/cdgf.85578c72-b10c-11ec-9ef1-cb4f7634f54e.jpeg', '/home/vikasjoshis001/Desktop/Gestures/images_to_train/cdgf-2022-03-31 21:36:27.346228/cdgf.87d815f2-b10c-11ec-9ef1-cb4f7634f54e.jpeg', '/home/vikasjoshis001/Desktop/Gestures/images_to_train/cdgf-2022-03-31 21:36:27.346228/cdgf.85578c73-b10c-11ec-9ef1-cb4f7634f54e.jpeg', '/home/vikasjoshis001/Desktop/Gestures/images_to_train/cdgf-2022-03-31 21:36:27.346228/cdgf.86a3b421-b10c-11ec-9ef1-cb4f7634f54e.jpeg', '/home/vikasjoshis001/Desktop/Gestures/images_to_train/cdgf-2022-03-31 21:36:27.346228/cdgf.86a3b420-b10c-11ec-9ef1-cb4f7634f54e.jpeg'], ['/home/vikasjoshis001/Desktop/Gestures/images_to_train/CDSGFRF-2022-03-31 21:43:47.409374/CDSGFRF.8cf119f2-b10d-11ec-9ef1-cb4f7634f54e.jpeg', '/home/vikasjoshis001/Desktop/Gestures/images_to_train/CDSGFRF-2022-03-31 21:43:47.409374/CDSGFRF.8ba3c96f-b10d-11ec-9ef1-cb4f7634f54e.jpeg', '/home/vikasjoshis001/Desktop/Gestures/images_to_train/CDSGFRF-2022-03-31 21:43:47.409374/CDSGFRF.8cf119f3-b10d-11ec-9ef1-cb4f7634f54e.jpeg', '/home/vikasjoshis001/Desktop/Gestures/images_to_train/CDSGFRF-2022-03-31 21:43:47.409374/CDSGFRF.8ba3c96e-b10d-11ec-9ef1-cb4f7634f54e.jpeg', '/home/vikasjoshis001/Desktop/Gestures/images_to_train/CDSGFRF-2022-03-31 21:43:47.409374/CDSGFRF.8e261750-b10d-11ec-9ef1-cb4f7634f54e.jpeg'], ['/home/vikasjoshis001/Desktop/Gestures/images_to_train/hfjghjk-2022-03-31 21:42:10.265917/hfjghjk.51bcb918-b10d-11ec-9ef1-cb4f7634f54e.jpeg', '/home/vikasjoshis001/Desktop/Gestures/images_to_train/hfjghjk-2022-03-31 21:42:10.265917/hfjghjk.543d4090-b10d-11ec-9ef1-cb4f7634f54e.jpeg', '/home/vikasjoshis001/Desktop/Gestures/images_to_train/hfjghjk-2022-03-31 21:42:10.265917/hfjghjk.5307cb14-b10d-11ec-9ef1-cb4f7634f54e.jpeg', '/home/vikasjoshis001/Desktop/Gestures/images_to_train/hfjghjk-2022-03-31 21:42:10.265917/hfjghjk.5307cb15-b10d-11ec-9ef1-cb4f7634f54e.jpeg', '/home/vikasjoshis001/Desktop/Gestures/images_to_train/hfjghjk-2022-03-31 21:42:10.265917/hfjghjk.51bcb919-b10d-11ec-9ef1-cb4f7634f54e.jpeg'], ['/home/vikasjoshis001/Desktop/Gestures/images_to_train/hbdhjvbxbh-2022-03-31 13:55:24.952640/hbdhjvbxbh.1fc00190-b0cc-11ec-95c9-353773ec36e1.jpeg', '/home/vikasjoshis001/Desktop/Gestures/images_to_train/hbdhjvbxbh-2022-03-31 13:55:24.952640/hbdhjvbxbh.1d3f745b-b0cc-11ec-95c9-353773ec36e1.jpeg', '/home/vikasjoshis001/Desktop/Gestures/images_to_train/hbdhjvbxbh-2022-03-31 13:55:24.952640/hbdhjvbxbh.1e898a3b-b0cc-11ec-95c9-353773ec36e1.jpeg', '/home/vikasjoshis001/Desktop/Gestures/images_to_train/hbdhjvbxbh-2022-03-31 13:55:24.952640/hbdhjvbxbh.1e898a3a-b0cc-11ec-95c9-353773ec36e1.jpeg', '/home/vikasjoshis001/Desktop/Gestures/images_to_train/hbdhjvbxbh-2022-03-31 13:55:24.952640/hbdhjvbxbh.1d3f745a-b0cc-11ec-95c9-353773ec36e1.jpeg'], ['/home/vikasjoshis001/Desktop/Gestures/images_to_train/Hello-2022-03-31 21:24:36.282713/Hello.e06c311f-b10a-11ec-9ef1-cb4f7634f54e.jpeg', '/home/vikasjoshis001/Desktop/Gestures/images_to_train/Hello-2022-03-31 21:24:36.282713/Hello.dd908b34-b10a-11ec-9ef1-cb4f7634f54e.jpeg', '/home/vikasjoshis001/Desktop/Gestures/images_to_train/Hello-2022-03-31 21:24:36.282713/Hello.df350b72-b10a-11ec-9ef1-cb4f7634f54e.jpeg', '/home/vikasjoshis001/Desktop/Gestures/images_to_train/Hello-2022-03-31 21:24:36.282713/Hello.e06c311e-b10a-11ec-9ef1-cb4f7634f54e.jpeg', '/home/vikasjoshis001/Desktop/Gestures/images_to_train/Hello-2022-03-31 21:24:36.282713/Hello.df350b73-b10a-11ec-9ef1-cb4f7634f54e.jpeg'], ['/home/vikasjoshis001/Desktop/Gestures/images_to_train/VDFGBFD-2022-03-31 21:43:20.375870/VDFGBFD.7b868581-b10d-11ec-9ef1-cb4f7634f54e.jpeg', '/home/vikasjoshis001/Desktop/Gestures/images_to_train/VDFGBFD-2022-03-31 21:43:20.375870/VDFGBFD.7cd0ff6a-b10d-11ec-9ef1-cb4f7634f54e.jpeg', '/home/vikasjoshis001/Desktop/Gestures/images_to_train/VDFGBFD-2022-03-31 21:43:20.375870/VDFGBFD.7cd0ff6b-b10d-11ec-9ef1-cb4f7634f54e.jpeg', '/home/vikasjoshis001/Desktop/Gestures/images_to_train/VDFGBFD-2022-03-31 21:43:20.375870/VDFGBFD.7e0657cc-b10d-11ec-9ef1-cb4f7634f54e.jpeg', '/home/vikasjoshis001/Desktop/Gestures/images_to_train/VDFGBFD-2022-03-31 21:43:20.375870/VDFGBFD.7b868580-b10d-11ec-9ef1-cb4f7634f54e.jpeg'], []]
2022-04-01 05:50:10.790 INFO Train - trainImages: started loading images and finding their encodings
2022-04-01 05:50:10.790 INFO Train - trainImages: loading image
2022-04-01 05:50:10.808 DEBUG Train - trainImages: /home/vikasjoshis001/Desktop/Gestures/images_to_train/FSRG-2022-03-31 21:45:46.139376/FSRG.d3b1a0c8-b10d-11ec-9ef1-cb4f7634f54e.jpeg
2022-04-01 05:50:10.808 INFO Train - trainImages: loading image done
2022-04-01 05:50:10.809 INFO Train - trainImages: finding the encoding of image
2022-04-01 05:50:10.906 INFO Train - trainImages: finding encoding of image is done
2022-04-01 05:50:10.906 INFO Train - trainImages: loading image
2022-04-01 05:50:10.907 DEBUG Train - trainImages: /home/vikasjoshis001/Desktop/Gestures/images_to_train/FSRG-2022-03-31 21:45:46.139376/FSRG.d268f0e0-b10d-11ec-9ef1-cb4f7634f54e.jpeg
2022-04-01 05:50:10.907 INFO Train - trainImages: loading image done
2022-04-01 05:50:10.907 INFO Train - trainImages: finding the encoding of image
2022-04-01 05:50:10.989 INFO Train - trainImages: finding encoding of image is done
2022-04-01 05:50:10.989 INFO Train - trainImages: loading image
2022-04-01 05:50:10.990 DEBUG Train - trainImages: /home/vikasjoshis001/Desktop/Gestures/images_to_train/FSRG-2022-03-31 21:45:46.139376/FSRG.d268f0e1-b10d-11ec-9ef1-cb4f7634f54e.jpeg
2022-04-01 05:50:10.990 INFO Train - trainImages: loading image done
2022-04-01 05:50:10.990 INFO Train - trainImages: finding the encoding of image
2022-04-01 05:50:11.072 INFO Train - trainImages: finding encoding of image is done
2022-04-01 05:50:11.072 INFO Train - trainImages: loading image
2022-04-01 05:50:11.073 DEBUG Train - trainImages: /home/vikasjoshis001/Desktop/Gestures/images_to_train/FSRG-2022-03-31 21:45:46.139376/FSRG.d3b1a0c9-b10d-11ec-9ef1-cb4f7634f54e.jpeg
2022-04-01 05:50:11.073 INFO Train - trainImages: loading image done
2022-04-01 05:50:11.073 INFO Train - trainImages: finding the encoding of image
2022-04-01 05:50:11.154 INFO Train - trainImages: finding encoding of image is done
2022-04-01 05:50:11.154 INFO Train - trainImages: loading image
2022-04-01 05:50:11.155 DEBUG Train - trainImages: /home/vikasjoshis001/Desktop/Gestures/images_to_train/FSRG-2022-03-31 21:45:46.139376/FSRG.d4e6ac90-b10d-11ec-9ef1-cb4f7634f54e.jpeg
2022-04-01 05:50:11.155 INFO Train - trainImages: loading image done
2022-04-01 05:50:11.155 INFO Train - trainImages: finding the encoding of image
2022-04-01 05:50:11.236 INFO Train - trainImages: finding encoding of image is done
2022-04-01 05:50:11.236 INFO Train - trainImages: getting average of encodings of loaded images
2022-04-01 05:50:11.236 INFO Train - trainImages: done with getting average encodings
2022-04-01 05:50:11.236 INFO Train - trainImages: storing the name and encoding in local dictionary
2022-04-01 05:50:11.236 INFO Train - trainImages: stored name and encodes in local dictionary
2022-04-01 05:50:11.236 INFO Train - trainImages: storing the name and encodings in mongodb
2022-04-01 05:50:11.238 INFO Train - trainImages: stored all name and encodes in mongodb
2022-04-01 05:50:11.238 INFO Train - trainImages: started loading images and finding their encodings
2022-04-01 05:50:11.238 INFO Train - trainImages: loading image
2022-04-01 05:50:11.239 DEBUG Train - trainImages: /home/vikasjoshis001/Desktop/Gestures/images_to_train/tyrion lannister/images5.jpeg
2022-04-01 05:50:11.239 INFO Train - trainImages: loading image done
2022-04-01 05:50:11.239 INFO Train - trainImages: finding the encoding of image
2022-04-01 05:50:11.309 INFO Train - trainImages: finding encoding of image is done
2022-04-01 05:50:11.309 INFO Train - trainImages: loading image
2022-04-01 05:50:11.310 DEBUG Train - trainImages: /home/vikasjoshis001/Desktop/Gestures/images_to_train/tyrion lannister/index3.jpeg
2022-04-01 05:50:11.310 INFO Train - trainImages: loading image done
2022-04-01 05:50:11.310 INFO Train - trainImages: finding the encoding of image
2022-04-01 05:50:11.382 INFO Train - trainImages: finding encoding of image is done
2022-04-01 05:50:11.382 INFO Train - trainImages: loading image
2022-04-01 05:50:11.382 DEBUG Train - trainImages: /home/vikasjoshis001/Desktop/Gestures/images_to_train/tyrion lannister/index1.jpeg
2022-04-01 05:50:11.383 INFO Train - trainImages: loading image done
2022-04-01 05:50:11.383 INFO Train - trainImages: finding the encoding of image
2022-04-01 05:50:11.464 INFO Train - trainImages: finding encoding of image is done
2022-04-01 05:50:11.464 INFO Train - trainImages: loading image
2022-04-01 05:50:11.465 DEBUG Train - trainImages: /home/vikasjoshis001/Desktop/Gestures/images_to_train/tyrion lannister/index2.jpeg
2022-04-01 05:50:11.465 INFO Train - trainImages: loading image done
2022-04-01 05:50:11.465 INFO Train - trainImages: finding the encoding of image
2022-04-01 05:50:11.534 INFO Train - trainImages: finding encoding of image is done
2022-04-01 05:50:11.534 INFO Train - trainImages: loading image
2022-04-01 05:50:11.535 DEBUG Train - trainImages: /home/vikasjoshis001/Desktop/Gestures/images_to_train/tyrion lannister/index4.jpeg
2022-04-01 05:50:11.535 INFO Train - trainImages: loading image done
2022-04-01 05:50:11.535 INFO Train - trainImages: finding the encoding of image
2022-04-01 05:50:11.603 INFO Train - trainImages: finding encoding of image is done
2022-04-01 05:50:11.603 INFO Train - trainImages: getting average of encodings of loaded images
2022-04-01 05:50:11.604 INFO Train - trainImages: done with getting average encodings
2022-04-01 05:50:11.604 INFO Train - trainImages: storing the name and encoding in local dictionary
2022-04-01 05:50:11.604 INFO Train - trainImages: stored name and encodes in local dictionary
2022-04-01 05:50:11.604 INFO Train - trainImages: storing the name and encodings in mongodb
2022-04-01 05:50:11.605 INFO Train - trainImages: stored all name and encodes in mongodb
2022-04-01 05:50:11.605 INFO Train - trainImages: started loading images and finding their encodings
2022-04-01 05:50:11.605 INFO Train - trainImages: loading image
2022-04-01 05:50:11.606 DEBUG Train - trainImages: /home/vikasjoshis001/Desktop/Gestures/images_to_train/CFG-2022-04-01 04:39:09.597251/CFG.94a3e744-b147-11ec-ae44-cb6983774605.jpeg
2022-04-01 05:50:11.606 INFO Train - trainImages: loading image done
2022-04-01 05:50:11.606 INFO Train - trainImages: finding the encoding of image
2022-04-01 05:50:11.686 INFO Train - trainImages: finding encoding of image is done
2022-04-01 05:50:11.687 INFO Train - trainImages: loading image
2022-04-01 05:50:11.687 DEBUG Train - trainImages: /home/vikasjoshis001/Desktop/Gestures/images_to_train/CFG-2022-04-01 04:39:09.597251/CFG.928d2e20-b147-11ec-ae44-cb6983774605.jpeg
2022-04-01 05:50:11.688 INFO Train - trainImages: loading image done
2022-04-01 05:50:11.688 INFO Train - trainImages: finding the encoding of image
2022-04-01 05:50:11.767 INFO Train - trainImages: finding encoding of image is done
2022-04-01 05:50:11.767 INFO Train - trainImages: loading image
2022-04-01 05:50:11.768 DEBUG Train - trainImages: /home/vikasjoshis001/Desktop/Gestures/images_to_train/CFG-2022-04-01 04:39:09.597251/CFG.95d7727b-b147-11ec-ae44-cb6983774605.jpeg
2022-04-01 05:50:11.769 INFO Train - trainImages: loading image done
2022-04-01 05:50:11.769 INFO Train - trainImages: finding the encoding of image
2022-04-01 05:50:11.850 INFO Train - trainImages: finding encoding of image is done
2022-04-01 05:50:11.850 INFO Train - trainImages: loading image
2022-04-01 05:50:11.851 DEBUG Train - trainImages: /home/vikasjoshis001/Desktop/Gestures/images_to_train/CFG-2022-04-01 04:39:09.597251/CFG.94a3e745-b147-11ec-ae44-cb6983774605.jpeg
2022-04-01 05:50:11.851 INFO Train - trainImages: loading image done
2022-04-01 05:50:11.851 INFO Train - trainImages: finding the encoding of image
2022-04-01 05:50:11.934 INFO Train - trainImages: finding encoding of image is done
2022-04-01 05:50:11.934 INFO Train - trainImages: loading image
2022-04-01 05:50:11.935 DEBUG Train - trainImages: /home/vikasjoshis001/Desktop/Gestures/images_to_train/CFG-2022-04-01 04:39:09.597251/CFG.95d7727a-b147-11ec-ae44-cb6983774605.jpeg
2022-04-01 05:50:11.935 INFO Train - trainImages: loading image done
2022-04-01 05:50:11.935 INFO Train - trainImages: finding the encoding of image
2022-04-01 05:50:12.015 INFO Train - trainImages: finding encoding of image is done
2022-04-01 05:50:12.015 INFO Train - trainImages: getting average of encodings of loaded images
2022-04-01 05:50:12.016 INFO Train - trainImages: done with getting average encodings
2022-04-01 05:50:12.016 INFO Train - trainImages: storing the name and encoding in local dictionary
2022-04-01 05:50:12.016 INFO Train - trainImages: stored name and encodes in local dictionary
2022-04-01 05:50:12.016 INFO Train - trainImages: storing the name and encodings in mongodb
2022-04-01 05:50:12.016 INFO Train - trainImages: stored all name and encodes in mongodb
2022-04-01 05:50:12.016 INFO Train - trainImages: started loading images and finding their encodings
2022-04-01 05:50:12.016 INFO Train - trainImages: loading image
2022-04-01 05:50:12.017 DEBUG Train - trainImages: /home/vikasjoshis001/Desktop/Gestures/images_to_train/denerys targeryan/index3.jpeg
2022-04-01 05:50:12.017 INFO Train - trainImages: loading image done
2022-04-01 05:50:12.017 INFO Train - trainImages: finding the encoding of image
2022-04-01 05:50:12.090 INFO Train - trainImages: finding encoding of image is done
2022-04-01 05:50:12.090 INFO Train - trainImages: loading image
2022-04-01 05:50:12.090 DEBUG Train - trainImages: /home/vikasjoshis001/Desktop/Gestures/images_to_train/denerys targeryan/index5.jpeg
2022-04-01 05:50:12.091 INFO Train - trainImages: loading image done
2022-04-01 05:50:12.091 INFO Train - trainImages: finding the encoding of image
2022-04-01 05:50:12.161 INFO Train - trainImages: finding encoding of image is done
2022-04-01 05:50:12.161 INFO Train - trainImages: loading image
2022-04-01 05:50:12.162 DEBUG Train - trainImages: /home/vikasjoshis001/Desktop/Gestures/images_to_train/denerys targeryan/index1.jpeg
2022-04-01 05:50:12.162 INFO Train - trainImages: loading image done
2022-04-01 05:50:12.162 INFO Train - trainImages: finding the encoding of image
2022-04-01 05:50:12.234 INFO Train - trainImages: finding encoding of image is done
2022-04-01 05:50:12.234 INFO Train - trainImages: loading image
2022-04-01 05:50:12.235 DEBUG Train - trainImages: /home/vikasjoshis001/Desktop/Gestures/images_to_train/denerys targeryan/index2.jpeg
2022-04-01 05:50:12.235 INFO Train - trainImages: loading image done
2022-04-01 05:50:12.235 INFO Train - trainImages: finding the encoding of image
2022-04-01 05:50:12.306 INFO Train - trainImages: finding encoding of image is done
2022-04-01 05:50:12.306 INFO Train - trainImages: loading image
2022-04-01 05:50:12.307 DEBUG Train - trainImages: /home/vikasjoshis001/Desktop/Gestures/images_to_train/denerys targeryan/index4.jpeg
2022-04-01 05:50:12.307 INFO Train - trainImages: loading image done
2022-04-01 05:50:12.307 INFO Train - trainImages: finding the encoding of image
2022-04-01 05:50:12.374 INFO Train - trainImages: finding encoding of image is done
2022-04-01 05:50:12.374 INFO Train - trainImages: getting average of encodings of loaded images
2022-04-01 05:50:12.374 INFO Train - trainImages: done with getting average encodings
2022-04-01 05:50:12.374 INFO Train - trainImages: storing the name and encoding in local dictionary
2022-04-01 05:50:12.374 INFO Train - trainImages: stored name and encodes in local dictionary
2022-04-01 05:50:12.374 INFO Train - trainImages: storing the name and encodings in mongodb
2022-04-01 05:50:12.375 INFO Train - trainImages: stored all name and encodes in mongodb
2022-04-01 05:50:12.375 INFO Train - trainImages: started loading images and finding their encodings
2022-04-01 05:50:12.375 INFO Train - trainImages: loading image
2022-04-01 05:50:12.376 DEBUG Train - trainImages: /home/vikasjoshis001/Desktop/Gestures/images_to_train/GFG-2022-04-01 04:40:12.010089/GFG.b8ee9839-b147-11ec-ae44-cb6983774605.jpeg
2022-04-01 05:50:12.376 INFO Train - trainImages: loading image done
2022-04-01 05:50:12.376 INFO Train - trainImages: finding the encoding of image
2022-04-01 05:50:12.456 INFO Train - trainImages: finding encoding of image is done
2022-04-01 05:50:12.456 INFO Train - trainImages: loading image
2022-04-01 05:50:12.457 DEBUG Train - trainImages: /home/vikasjoshis001/Desktop/Gestures/images_to_train/GFG-2022-04-01 04:40:12.010089/GFG.b79f5ac7-b147-11ec-ae44-cb6983774605.jpeg
2022-04-01 05:50:12.457 INFO Train - trainImages: loading image done
2022-04-01 05:50:12.457 INFO Train - trainImages: finding the encoding of image
2022-04-01 05:50:12.539 INFO Train - trainImages: finding encoding of image is done
2022-04-01 05:50:12.539 INFO Train - trainImages: loading image
2022-04-01 05:50:12.540 DEBUG Train - trainImages: /home/vikasjoshis001/Desktop/Gestures/images_to_train/GFG-2022-04-01 04:40:12.010089/GFG.b8ee9838-b147-11ec-ae44-cb6983774605.jpeg
2022-04-01 05:50:12.540 INFO Train - trainImages: loading image done
2022-04-01 05:50:12.540 INFO Train - trainImages: finding the encoding of image
2022-04-01 05:50:12.620 INFO Train - trainImages: finding encoding of image is done
2022-04-01 05:50:12.620 INFO Train - trainImages: loading image
2022-04-01 05:50:12.621 DEBUG Train - trainImages: /home/vikasjoshis001/Desktop/Gestures/images_to_train/GFG-2022-04-01 04:40:12.010089/GFG.ba22074e-b147-11ec-ae44-cb6983774605.jpeg
2022-04-01 05:50:12.621 INFO Train - trainImages: loading image done
2022-04-01 05:50:12.621 INFO Train - trainImages: finding the encoding of image
2022-04-01 05:50:12.703 INFO Train - trainImages: finding encoding of image is done
2022-04-01 05:50:12.703 INFO Train - trainImages: loading image
2022-04-01 05:50:12.704 DEBUG Train - trainImages: /home/vikasjoshis001/Desktop/Gestures/images_to_train/GFG-2022-04-01 04:40:12.010089/GFG.b79f5ac6-b147-11ec-ae44-cb6983774605.jpeg
2022-04-01 05:50:12.704 INFO Train - trainImages: loading image done
2022-04-01 05:50:12.704 INFO Train - trainImages: finding the encoding of image
2022-04-01 05:50:12.784 INFO Train - trainImages: finding encoding of image is done
2022-04-01 05:50:12.784 INFO Train - trainImages: getting average of encodings of loaded images
2022-04-01 05:50:12.784 INFO Train - trainImages: done with getting average encodings
2022-04-01 05:50:12.784 INFO Train - trainImages: storing the name and encoding in local dictionary
2022-04-01 05:50:12.784 INFO Train - trainImages: stored name and encodes in local dictionary
2022-04-01 05:50:12.784 INFO Train - trainImages: storing the name and encodings in mongodb
2022-04-01 05:50:12.785 INFO Train - trainImages: stored all name and encodes in mongodb
2022-04-01 05:50:12.785 DEBUG Train - trainImages: Fe-2022-03-31 21:29:28.266217
2022-04-01 05:50:12.785 ERROR Train - trainImages: above folder is empty with no images
2022-04-01 05:50:12.785 INFO Train - trainImages: exiting the program with no updates in training
