2022-03-31 12:23:20.135 INFO Train - trainImages: MongoDB database connected successfully
2022-03-31 12:23:20.137 INFO Train - trainImages: collected all folders in known_people folder
2022-03-31 12:23:20.138 DEBUG Train - trainImages: ['tyrion lannister', 'Shubham-2022-03-31 12:14:08.769566', 'denerys targeryan', 'cersie lannister', 'king in the north', 'vhm-2022-03-31 12:22:16.839677', 'Chai-2022-03-31 12:20:10.218479', 'arya stark', 'gh-2022-03-31 12:23:19.211189', 'Sad-2022-03-31 12:16:52.952750', 'Vikas-2022-03-12 15:33:49.979215']
2022-03-31 12:23:20.138 INFO Train - trainImages: collected all images from all folders in known_people folder
2022-03-31 12:23:20.139 DEBUG Train - trainImages: [['/home/vikasjoshis001/Desktop/Gestures/images_to_train/tyrion lannister/images5.jpeg', '/home/vikasjoshis001/Desktop/Gestures/images_to_train/tyrion lannister/index3.jpeg', '/home/vikasjoshis001/Desktop/Gestures/images_to_train/tyrion lannister/index1.jpeg', '/home/vikasjoshis001/Desktop/Gestures/images_to_train/tyrion lannister/index2.jpeg', '/home/vikasjoshis001/Desktop/Gestures/images_to_train/tyrion lannister/index4.jpeg'], ['/home/vikasjoshis001/Desktop/Gestures/images_to_train/Shubham-2022-03-31 12:14:08.769566/Shubham.f8cc63d4-b0bd-11ec-95c9-353773ec36e1.jpeg'], ['/home/vikasjoshis001/Desktop/Gestures/images_to_train/denerys targeryan/index3.jpeg', '/home/vikasjoshis001/Desktop/Gestures/images_to_train/denerys targeryan/index5.jpeg', '/home/vikasjoshis001/Desktop/Gestures/images_to_train/denerys targeryan/index1.jpeg', '/home/vikasjoshis001/Desktop/Gestures/images_to_train/denerys targeryan/index2.jpeg', '/home/vikasjoshis001/Desktop/Gestures/images_to_train/denerys targeryan/index4.jpeg'], ['/home/vikasjoshis001/Desktop/Gestures/images_to_train/cersie lannister/index3.jpeg', '/home/vikasjoshis001/Desktop/Gestures/images_to_train/cersie lannister/index5.jpeg', '/home/vikasjoshis001/Desktop/Gestures/images_to_train/cersie lannister/index2.jpeg', '/home/vikasjoshis001/Desktop/Gestures/images_to_train/cersie lannister/index4.jpeg'], ['/home/vikasjoshis001/Desktop/Gestures/images_to_train/king in the north/index.jpeg', '/home/vikasjoshis001/Desktop/Gestures/images_to_train/king in the north/index3.jpeg', '/home/vikasjoshis001/Desktop/Gestures/images_to_train/king in the north/index5.jpeg', '/home/vikasjoshis001/Desktop/Gestures/images_to_train/king in the north/index2.jpeg', '/home/vikasjoshis001/Desktop/Gestures/images_to_train/king in the north/index4.jpeg'], ['/home/vikasjoshis001/Desktop/Gestures/images_to_train/vhm-2022-03-31 12:22:16.839677/vhm.1a7afe73-b0bf-11ec-95c9-353773ec36e1.jpeg', '/home/vikasjoshis001/Desktop/Gestures/images_to_train/vhm-2022-03-31 12:22:16.839677/vhm.1a7afe72-b0bf-11ec-95c9-353773ec36e1.jpeg', '/home/vikasjoshis001/Desktop/Gestures/images_to_train/vhm-2022-03-31 12:22:16.839677/vhm.1a7afe75-b0bf-11ec-95c9-353773ec36e1.jpeg', '/home/vikasjoshis001/Desktop/Gestures/images_to_train/vhm-2022-03-31 12:22:16.839677/vhm.1a7afe74-b0bf-11ec-95c9-353773ec36e1.jpeg', '/home/vikasjoshis001/Desktop/Gestures/images_to_train/vhm-2022-03-31 12:22:16.839677/vhm.1a7afe76-b0bf-11ec-95c9-353773ec36e1.jpeg'], ['/home/vikasjoshis001/Desktop/Gestures/images_to_train/Chai-2022-03-31 12:20:10.218479/Chai.cf03ab39-b0be-11ec-95c9-353773ec36e1.jpeg', '/home/vikasjoshis001/Desktop/Gestures/images_to_train/Chai-2022-03-31 12:20:10.218479/Chai.cf03ab3b-b0be-11ec-95c9-353773ec36e1.jpeg', '/home/vikasjoshis001/Desktop/Gestures/images_to_train/Chai-2022-03-31 12:20:10.218479/Chai.cf03ab38-b0be-11ec-95c9-353773ec36e1.jpeg', '/home/vikasjoshis001/Desktop/Gestures/images_to_train/Chai-2022-03-31 12:20:10.218479/Chai.cf03ab3c-b0be-11ec-95c9-353773ec36e1.jpeg', '/home/vikasjoshis001/Desktop/Gestures/images_to_train/Chai-2022-03-31 12:20:10.218479/Chai.cf03ab3a-b0be-11ec-95c9-353773ec36e1.jpeg'], ['/home/vikasjoshis001/Desktop/Gestures/images_to_train/arya stark/index.jpeg', '/home/vikasjoshis001/Desktop/Gestures/images_to_train/arya stark/index3.jpeg', '/home/vikasjoshis001/Desktop/Gestures/images_to_train/arya stark/index5.jpeg', '/home/vikasjoshis001/Desktop/Gestures/images_to_train/arya stark/index2.jpeg', '/home/vikasjoshis001/Desktop/Gestures/images_to_train/arya stark/images4.jpeg'], ['/home/vikasjoshis001/Desktop/Gestures/images_to_train/gh-2022-03-31 12:23:19.211189/gh.3fa9801e-b0bf-11ec-95c9-353773ec36e1.jpeg', '/home/vikasjoshis001/Desktop/Gestures/images_to_train/gh-2022-03-31 12:23:19.211189/gh.3fa9801b-b0bf-11ec-95c9-353773ec36e1.jpeg', '/home/vikasjoshis001/Desktop/Gestures/images_to_train/gh-2022-03-31 12:23:19.211189/gh.3fa9801a-b0bf-11ec-95c9-353773ec36e1.jpeg', '/home/vikasjoshis001/Desktop/Gestures/images_to_train/gh-2022-03-31 12:23:19.211189/gh.3fa9801d-b0bf-11ec-95c9-353773ec36e1.jpeg', '/home/vikasjoshis001/Desktop/Gestures/images_to_train/gh-2022-03-31 12:23:19.211189/gh.3fa9801c-b0bf-11ec-95c9-353773ec36e1.jpeg'], ['/home/vikasjoshis001/Desktop/Gestures/images_to_train/Sad-2022-03-31 12:16:52.952750/Sad.596d38de-b0be-11ec-95c9-353773ec36e1.jpeg', '/home/vikasjoshis001/Desktop/Gestures/images_to_train/Sad-2022-03-31 12:16:52.952750/Sad.596d38dd-b0be-11ec-95c9-353773ec36e1.jpeg', '/home/vikasjoshis001/Desktop/Gestures/images_to_train/Sad-2022-03-31 12:16:52.952750/Sad.596d38da-b0be-11ec-95c9-353773ec36e1.jpeg', '/home/vikasjoshis001/Desktop/Gestures/images_to_train/Sad-2022-03-31 12:16:52.952750/Sad.596d38db-b0be-11ec-95c9-353773ec36e1.jpeg', '/home/vikasjoshis001/Desktop/Gestures/images_to_train/Sad-2022-03-31 12:16:52.952750/Sad.596d38dc-b0be-11ec-95c9-353773ec36e1.jpeg'], ['/home/vikasjoshis001/Desktop/Gestures/images_to_train/Vikas-2022-03-12 15:33:49.979215/Vikas.b761c802-a1eb-11ec-a348-e960390a4373.jpeg', '/home/vikasjoshis001/Desktop/Gestures/images_to_train/Vikas-2022-03-12 15:33:49.979215/Vikas.b9e21fbe-a1eb-11ec-a348-e960390a4373.jpeg', '/home/vikasjoshis001/Desktop/Gestures/images_to_train/Vikas-2022-03-12 15:33:49.979215/Vikas.b761c803-a1eb-11ec-a348-e960390a4373.jpeg', '/home/vikasjoshis001/Desktop/Gestures/images_to_train/Vikas-2022-03-12 15:33:49.979215/Vikas.b8aa7a74-a1eb-11ec-a348-e960390a4373.jpeg', '/home/vikasjoshis001/Desktop/Gestures/images_to_train/Vikas-2022-03-12 15:33:49.979215/Vikas.b8aa7a75-a1eb-11ec-a348-e960390a4373.jpeg']]
2022-03-31 12:23:20.139 INFO Train - trainImages: started loading images and finding their encodings
2022-03-31 12:23:20.139 INFO Train - trainImages: loading image
2022-03-31 12:23:20.148 DEBUG Train - trainImages: /home/vikasjoshis001/Desktop/Gestures/images_to_train/tyrion lannister/images5.jpeg
2022-03-31 12:23:20.148 INFO Train - trainImages: loading image done
2022-03-31 12:23:20.149 INFO Train - trainImages: finding the encoding of image
2022-03-31 12:23:20.276 INFO Train - trainImages: finding encoding of image is done
2022-03-31 12:23:20.276 INFO Train - trainImages: loading image
2022-03-31 12:23:20.277 DEBUG Train - trainImages: /home/vikasjoshis001/Desktop/Gestures/images_to_train/tyrion lannister/index3.jpeg
2022-03-31 12:23:20.277 INFO Train - trainImages: loading image done
2022-03-31 12:23:20.278 INFO Train - trainImages: finding the encoding of image
2022-03-31 12:23:20.379 INFO Train - trainImages: finding encoding of image is done
2022-03-31 12:23:20.379 INFO Train - trainImages: loading image
2022-03-31 12:23:20.379 DEBUG Train - trainImages: /home/vikasjoshis001/Desktop/Gestures/images_to_train/tyrion lannister/index1.jpeg
2022-03-31 12:23:20.380 INFO Train - trainImages: loading image done
2022-03-31 12:23:20.380 INFO Train - trainImages: finding the encoding of image
2022-03-31 12:23:20.469 INFO Train - trainImages: finding encoding of image is done
2022-03-31 12:23:20.470 INFO Train - trainImages: loading image
2022-03-31 12:23:20.470 DEBUG Train - trainImages: /home/vikasjoshis001/Desktop/Gestures/images_to_train/tyrion lannister/index2.jpeg
2022-03-31 12:23:20.470 INFO Train - trainImages: loading image done
2022-03-31 12:23:20.470 INFO Train - trainImages: finding the encoding of image
2022-03-31 12:23:20.557 INFO Train - trainImages: finding encoding of image is done
2022-03-31 12:23:20.557 INFO Train - trainImages: loading image
2022-03-31 12:23:20.558 DEBUG Train - trainImages: /home/vikasjoshis001/Desktop/Gestures/images_to_train/tyrion lannister/index4.jpeg
2022-03-31 12:23:20.558 INFO Train - trainImages: loading image done
2022-03-31 12:23:20.558 INFO Train - trainImages: finding the encoding of image
2022-03-31 12:23:20.655 INFO Train - trainImages: finding encoding of image is done
2022-03-31 12:23:20.655 INFO Train - trainImages: getting average of encodings of loaded images
2022-03-31 12:23:20.655 INFO Train - trainImages: done with getting average encodings
2022-03-31 12:23:20.655 INFO Train - trainImages: storing the name and encoding in local dictionary
2022-03-31 12:23:20.655 INFO Train - trainImages: stored name and encodes in local dictionary
2022-03-31 12:23:20.655 INFO Train - trainImages: storing the name and encodings in mongodb
2022-03-31 12:23:20.660 INFO Train - trainImages: stored all name and encodes in mongodb
2022-03-31 12:23:20.661 INFO Train - trainImages: started loading images and finding their encodings
2022-03-31 12:23:20.661 INFO Train - trainImages: loading image
2022-03-31 12:23:20.663 DEBUG Train - trainImages: /home/vikasjoshis001/Desktop/Gestures/images_to_train/Shubham-2022-03-31 12:14:08.769566/Shubham.f8cc63d4-b0bd-11ec-95c9-353773ec36e1.jpeg
2022-03-31 12:23:20.663 INFO Train - trainImages: loading image done
2022-03-31 12:23:20.663 INFO Train - trainImages: finding the encoding of image
2022-03-31 12:23:20.959 INFO Train - trainImages: finding encoding of image is done
2022-03-31 12:23:20.959 INFO Train - trainImages: getting average of encodings of loaded images
2022-03-31 12:23:20.960 INFO Train - trainImages: done with getting average encodings
2022-03-31 12:23:20.960 INFO Train - trainImages: storing the name and encoding in local dictionary
2022-03-31 12:23:20.960 INFO Train - trainImages: stored name and encodes in local dictionary
2022-03-31 12:23:20.960 INFO Train - trainImages: storing the name and encodings in mongodb
2022-03-31 12:23:20.961 INFO Train - trainImages: stored all name and encodes in mongodb
2022-03-31 12:23:20.961 INFO Train - trainImages: started loading images and finding their encodings
2022-03-31 12:23:20.961 INFO Train - trainImages: loading image
2022-03-31 12:23:20.962 DEBUG Train - trainImages: /home/vikasjoshis001/Desktop/Gestures/images_to_train/denerys targeryan/index3.jpeg
2022-03-31 12:23:20.962 INFO Train - trainImages: loading image done
2022-03-31 12:23:20.962 INFO Train - trainImages: finding the encoding of image
2022-03-31 12:23:21.074 INFO Train - trainImages: finding encoding of image is done
2022-03-31 12:23:21.075 INFO Train - trainImages: loading image
2022-03-31 12:23:21.075 DEBUG Train - trainImages: /home/vikasjoshis001/Desktop/Gestures/images_to_train/denerys targeryan/index5.jpeg
2022-03-31 12:23:21.076 INFO Train - trainImages: loading image done
2022-03-31 12:23:21.076 INFO Train - trainImages: finding the encoding of image
2022-03-31 12:23:21.185 INFO Train - trainImages: finding encoding of image is done
2022-03-31 12:23:21.185 INFO Train - trainImages: loading image
2022-03-31 12:23:21.186 DEBUG Train - trainImages: /home/vikasjoshis001/Desktop/Gestures/images_to_train/denerys targeryan/index1.jpeg
2022-03-31 12:23:21.186 INFO Train - trainImages: loading image done
2022-03-31 12:23:21.186 INFO Train - trainImages: finding the encoding of image
2022-03-31 12:23:21.282 INFO Train - trainImages: finding encoding of image is done
2022-03-31 12:23:21.282 INFO Train - trainImages: loading image
2022-03-31 12:23:21.283 DEBUG Train - trainImages: /home/vikasjoshis001/Desktop/Gestures/images_to_train/denerys targeryan/index2.jpeg
2022-03-31 12:23:21.283 INFO Train - trainImages: loading image done
2022-03-31 12:23:21.283 INFO Train - trainImages: finding the encoding of image
2022-03-31 12:23:21.392 INFO Train - trainImages: finding encoding of image is done
2022-03-31 12:23:21.393 INFO Train - trainImages: loading image
2022-03-31 12:23:21.394 DEBUG Train - trainImages: /home/vikasjoshis001/Desktop/Gestures/images_to_train/denerys targeryan/index4.jpeg
2022-03-31 12:23:21.394 INFO Train - trainImages: loading image done
2022-03-31 12:23:21.394 INFO Train - trainImages: finding the encoding of image
2022-03-31 12:23:21.465 INFO Train - trainImages: finding encoding of image is done
2022-03-31 12:23:21.465 INFO Train - trainImages: getting average of encodings of loaded images
2022-03-31 12:23:21.465 INFO Train - trainImages: done with getting average encodings
2022-03-31 12:23:21.465 INFO Train - trainImages: storing the name and encoding in local dictionary
2022-03-31 12:23:21.465 INFO Train - trainImages: stored name and encodes in local dictionary
2022-03-31 12:23:21.465 INFO Train - trainImages: storing the name and encodings in mongodb
2022-03-31 12:23:21.466 INFO Train - trainImages: stored all name and encodes in mongodb
2022-03-31 12:23:21.466 INFO Train - trainImages: started loading images and finding their encodings
2022-03-31 12:23:21.466 INFO Train - trainImages: loading image
2022-03-31 12:23:21.467 DEBUG Train - trainImages: /home/vikasjoshis001/Desktop/Gestures/images_to_train/cersie lannister/index3.jpeg
2022-03-31 12:23:21.467 INFO Train - trainImages: loading image done
2022-03-31 12:23:21.467 INFO Train - trainImages: finding the encoding of image
2022-03-31 12:23:21.538 INFO Train - trainImages: finding encoding of image is done
2022-03-31 12:23:21.539 INFO Train - trainImages: loading image
2022-03-31 12:23:21.539 DEBUG Train - trainImages: /home/vikasjoshis001/Desktop/Gestures/images_to_train/cersie lannister/index5.jpeg
2022-03-31 12:23:21.539 INFO Train - trainImages: loading image done
2022-03-31 12:23:21.539 INFO Train - trainImages: finding the encoding of image
2022-03-31 12:23:21.608 INFO Train - trainImages: finding encoding of image is done
2022-03-31 12:23:21.608 INFO Train - trainImages: loading image
2022-03-31 12:23:21.609 DEBUG Train - trainImages: /home/vikasjoshis001/Desktop/Gestures/images_to_train/cersie lannister/index2.jpeg
2022-03-31 12:23:21.609 INFO Train - trainImages: loading image done
2022-03-31 12:23:21.609 INFO Train - trainImages: finding the encoding of image
2022-03-31 12:23:21.682 INFO Train - trainImages: finding encoding of image is done
2022-03-31 12:23:21.682 INFO Train - trainImages: loading image
2022-03-31 12:23:21.683 DEBUG Train - trainImages: /home/vikasjoshis001/Desktop/Gestures/images_to_train/cersie lannister/index4.jpeg
2022-03-31 12:23:21.683 INFO Train - trainImages: loading image done
2022-03-31 12:23:21.683 INFO Train - trainImages: finding the encoding of image
2022-03-31 12:23:21.796 INFO Train - trainImages: finding encoding of image is done
2022-03-31 12:23:21.796 INFO Train - trainImages: getting average of encodings of loaded images
2022-03-31 12:23:21.797 INFO Train - trainImages: done with getting average encodings
2022-03-31 12:23:21.797 INFO Train - trainImages: storing the name and encoding in local dictionary
2022-03-31 12:23:21.797 INFO Train - trainImages: stored name and encodes in local dictionary
2022-03-31 12:23:21.797 INFO Train - trainImages: storing the name and encodings in mongodb
2022-03-31 12:23:21.798 INFO Train - trainImages: stored all name and encodes in mongodb
2022-03-31 12:23:21.798 INFO Train - trainImages: started loading images and finding their encodings
2022-03-31 12:23:21.798 INFO Train - trainImages: loading image
2022-03-31 12:23:21.799 DEBUG Train - trainImages: /home/vikasjoshis001/Desktop/Gestures/images_to_train/king in the north/index.jpeg
2022-03-31 12:23:21.799 INFO Train - trainImages: loading image done
2022-03-31 12:23:21.799 INFO Train - trainImages: finding the encoding of image
2022-03-31 12:23:21.894 INFO Train - trainImages: finding encoding of image is done
2022-03-31 12:23:21.894 INFO Train - trainImages: loading image
2022-03-31 12:23:21.895 DEBUG Train - trainImages: /home/vikasjoshis001/Desktop/Gestures/images_to_train/king in the north/index3.jpeg
2022-03-31 12:23:21.895 INFO Train - trainImages: loading image done
2022-03-31 12:23:21.895 INFO Train - trainImages: finding the encoding of image
2022-03-31 12:23:21.965 INFO Train - trainImages: finding encoding of image is done
2022-03-31 12:23:21.965 INFO Train - trainImages: loading image
2022-03-31 12:23:21.966 DEBUG Train - trainImages: /home/vikasjoshis001/Desktop/Gestures/images_to_train/king in the north/index5.jpeg
2022-03-31 12:23:21.966 INFO Train - trainImages: loading image done
2022-03-31 12:23:21.966 INFO Train - trainImages: finding the encoding of image
2022-03-31 12:23:22.037 INFO Train - trainImages: finding encoding of image is done
2022-03-31 12:23:22.037 INFO Train - trainImages: loading image
2022-03-31 12:23:22.038 DEBUG Train - trainImages: /home/vikasjoshis001/Desktop/Gestures/images_to_train/king in the north/index2.jpeg
2022-03-31 12:23:22.038 INFO Train - trainImages: loading image done
2022-03-31 12:23:22.038 INFO Train - trainImages: finding the encoding of image
2022-03-31 12:23:22.107 INFO Train - trainImages: finding encoding of image is done
2022-03-31 12:23:22.107 INFO Train - trainImages: loading image
2022-03-31 12:23:22.108 DEBUG Train - trainImages: /home/vikasjoshis001/Desktop/Gestures/images_to_train/king in the north/index4.jpeg
2022-03-31 12:23:22.108 INFO Train - trainImages: loading image done
2022-03-31 12:23:22.108 INFO Train - trainImages: finding the encoding of image
2022-03-31 12:23:22.179 INFO Train - trainImages: finding encoding of image is done
2022-03-31 12:23:22.179 INFO Train - trainImages: getting average of encodings of loaded images
2022-03-31 12:23:22.179 INFO Train - trainImages: done with getting average encodings
2022-03-31 12:23:22.179 INFO Train - trainImages: storing the name and encoding in local dictionary
2022-03-31 12:23:22.179 INFO Train - trainImages: stored name and encodes in local dictionary
2022-03-31 12:23:22.179 INFO Train - trainImages: storing the name and encodings in mongodb
2022-03-31 12:23:22.180 INFO Train - trainImages: stored all name and encodes in mongodb
2022-03-31 12:23:22.180 INFO Train - trainImages: started loading images and finding their encodings
2022-03-31 12:23:22.180 INFO Train - trainImages: loading image
2022-03-31 12:23:22.183 DEBUG Train - trainImages: /home/vikasjoshis001/Desktop/Gestures/images_to_train/vhm-2022-03-31 12:22:16.839677/vhm.1a7afe73-b0bf-11ec-95c9-353773ec36e1.jpeg
2022-03-31 12:23:22.183 INFO Train - trainImages: loading image done
2022-03-31 12:23:22.183 INFO Train - trainImages: finding the encoding of image
2022-03-31 12:23:22.367 INFO Train - trainImages: finding encoding of image is done
2022-03-31 12:23:22.367 INFO Train - trainImages: loading image
2022-03-31 12:23:22.370 DEBUG Train - trainImages: /home/vikasjoshis001/Desktop/Gestures/images_to_train/vhm-2022-03-31 12:22:16.839677/vhm.1a7afe72-b0bf-11ec-95c9-353773ec36e1.jpeg
2022-03-31 12:23:22.370 INFO Train - trainImages: loading image done
2022-03-31 12:23:22.370 INFO Train - trainImages: finding the encoding of image
2022-03-31 12:23:22.555 INFO Train - trainImages: finding encoding of image is done
2022-03-31 12:23:22.555 INFO Train - trainImages: loading image
2022-03-31 12:23:22.558 DEBUG Train - trainImages: /home/vikasjoshis001/Desktop/Gestures/images_to_train/vhm-2022-03-31 12:22:16.839677/vhm.1a7afe75-b0bf-11ec-95c9-353773ec36e1.jpeg
2022-03-31 12:23:22.558 INFO Train - trainImages: loading image done
2022-03-31 12:23:22.558 INFO Train - trainImages: finding the encoding of image
2022-03-31 12:23:22.742 INFO Train - trainImages: finding encoding of image is done
2022-03-31 12:23:22.742 INFO Train - trainImages: loading image
2022-03-31 12:23:22.746 DEBUG Train - trainImages: /home/vikasjoshis001/Desktop/Gestures/images_to_train/vhm-2022-03-31 12:22:16.839677/vhm.1a7afe74-b0bf-11ec-95c9-353773ec36e1.jpeg
2022-03-31 12:23:22.746 INFO Train - trainImages: loading image done
2022-03-31 12:23:22.746 INFO Train - trainImages: finding the encoding of image
2022-03-31 12:23:22.930 INFO Train - trainImages: finding encoding of image is done
2022-03-31 12:23:22.930 INFO Train - trainImages: loading image
2022-03-31 12:23:22.933 DEBUG Train - trainImages: /home/vikasjoshis001/Desktop/Gestures/images_to_train/vhm-2022-03-31 12:22:16.839677/vhm.1a7afe76-b0bf-11ec-95c9-353773ec36e1.jpeg
2022-03-31 12:23:22.933 INFO Train - trainImages: loading image done
2022-03-31 12:23:22.933 INFO Train - trainImages: finding the encoding of image
2022-03-31 12:23:23.118 INFO Train - trainImages: finding encoding of image is done
2022-03-31 12:23:23.118 INFO Train - trainImages: getting average of encodings of loaded images
2022-03-31 12:23:23.118 INFO Train - trainImages: done with getting average encodings
2022-03-31 12:23:23.118 INFO Train - trainImages: storing the name and encoding in local dictionary
2022-03-31 12:23:23.118 INFO Train - trainImages: stored name and encodes in local dictionary
2022-03-31 12:23:23.118 INFO Train - trainImages: storing the name and encodings in mongodb
2022-03-31 12:23:23.119 INFO Train - trainImages: stored all name and encodes in mongodb
2022-03-31 12:23:23.119 INFO Train - trainImages: started loading images and finding their encodings
2022-03-31 12:23:23.119 INFO Train - trainImages: loading image
2022-03-31 12:23:23.122 DEBUG Train - trainImages: /home/vikasjoshis001/Desktop/Gestures/images_to_train/Chai-2022-03-31 12:20:10.218479/Chai.cf03ab39-b0be-11ec-95c9-353773ec36e1.jpeg
2022-03-31 12:23:23.122 INFO Train - trainImages: loading image done
2022-03-31 12:23:23.122 INFO Train - trainImages: finding the encoding of image
2022-03-31 12:23:23.306 INFO Train - trainImages: finding encoding of image is done
2022-03-31 12:23:23.306 INFO Train - trainImages: loading image
2022-03-31 12:23:23.309 DEBUG Train - trainImages: /home/vikasjoshis001/Desktop/Gestures/images_to_train/Chai-2022-03-31 12:20:10.218479/Chai.cf03ab3b-b0be-11ec-95c9-353773ec36e1.jpeg
2022-03-31 12:23:23.309 INFO Train - trainImages: loading image done
2022-03-31 12:23:23.309 INFO Train - trainImages: finding the encoding of image
2022-03-31 12:23:23.493 INFO Train - trainImages: finding encoding of image is done
2022-03-31 12:23:23.493 INFO Train - trainImages: loading image
2022-03-31 12:23:23.496 DEBUG Train - trainImages: /home/vikasjoshis001/Desktop/Gestures/images_to_train/Chai-2022-03-31 12:20:10.218479/Chai.cf03ab38-b0be-11ec-95c9-353773ec36e1.jpeg
2022-03-31 12:23:23.496 INFO Train - trainImages: loading image done
2022-03-31 12:23:23.496 INFO Train - trainImages: finding the encoding of image
2022-03-31 12:23:23.680 INFO Train - trainImages: finding encoding of image is done
2022-03-31 12:23:23.680 INFO Train - trainImages: loading image
2022-03-31 12:23:23.683 DEBUG Train - trainImages: /home/vikasjoshis001/Desktop/Gestures/images_to_train/Chai-2022-03-31 12:20:10.218479/Chai.cf03ab3c-b0be-11ec-95c9-353773ec36e1.jpeg
2022-03-31 12:23:23.683 INFO Train - trainImages: loading image done
2022-03-31 12:23:23.683 INFO Train - trainImages: finding the encoding of image
2022-03-31 12:23:23.868 INFO Train - trainImages: finding encoding of image is done
2022-03-31 12:23:23.868 INFO Train - trainImages: loading image
2022-03-31 12:23:23.871 DEBUG Train - trainImages: /home/vikasjoshis001/Desktop/Gestures/images_to_train/Chai-2022-03-31 12:20:10.218479/Chai.cf03ab3a-b0be-11ec-95c9-353773ec36e1.jpeg
2022-03-31 12:23:23.871 INFO Train - trainImages: loading image done
2022-03-31 12:23:23.871 INFO Train - trainImages: finding the encoding of image
2022-03-31 12:23:24.056 INFO Train - trainImages: finding encoding of image is done
2022-03-31 12:23:24.056 INFO Train - trainImages: getting average of encodings of loaded images
2022-03-31 12:23:24.056 INFO Train - trainImages: done with getting average encodings
2022-03-31 12:23:24.056 INFO Train - trainImages: storing the name and encoding in local dictionary
2022-03-31 12:23:24.056 INFO Train - trainImages: stored name and encodes in local dictionary
2022-03-31 12:23:24.056 INFO Train - trainImages: storing the name and encodings in mongodb
2022-03-31 12:23:24.057 INFO Train - trainImages: stored all name and encodes in mongodb
2022-03-31 12:23:24.057 INFO Train - trainImages: started loading images and finding their encodings
2022-03-31 12:23:24.057 INFO Train - trainImages: loading image
2022-03-31 12:23:24.058 DEBUG Train - trainImages: /home/vikasjoshis001/Desktop/Gestures/images_to_train/arya stark/index.jpeg
2022-03-31 12:23:24.058 INFO Train - trainImages: loading image done
2022-03-31 12:23:24.058 INFO Train - trainImages: finding the encoding of image
2022-03-31 12:23:24.130 INFO Train - trainImages: finding encoding of image is done
2022-03-31 12:23:24.130 INFO Train - trainImages: loading image
2022-03-31 12:23:24.131 DEBUG Train - trainImages: /home/vikasjoshis001/Desktop/Gestures/images_to_train/arya stark/index3.jpeg
2022-03-31 12:23:24.131 INFO Train - trainImages: loading image done
2022-03-31 12:23:24.131 INFO Train - trainImages: finding the encoding of image
2022-03-31 12:23:24.199 INFO Train - trainImages: finding encoding of image is done
2022-03-31 12:23:24.199 INFO Train - trainImages: loading image
2022-03-31 12:23:24.200 DEBUG Train - trainImages: /home/vikasjoshis001/Desktop/Gestures/images_to_train/arya stark/index5.jpeg
2022-03-31 12:23:24.200 INFO Train - trainImages: loading image done
2022-03-31 12:23:24.200 INFO Train - trainImages: finding the encoding of image
2022-03-31 12:23:24.270 INFO Train - trainImages: finding encoding of image is done
2022-03-31 12:23:24.270 INFO Train - trainImages: loading image
2022-03-31 12:23:24.271 DEBUG Train - trainImages: /home/vikasjoshis001/Desktop/Gestures/images_to_train/arya stark/index2.jpeg
2022-03-31 12:23:24.271 INFO Train - trainImages: loading image done
2022-03-31 12:23:24.271 INFO Train - trainImages: finding the encoding of image
2022-03-31 12:23:24.341 INFO Train - trainImages: finding encoding of image is done
2022-03-31 12:23:24.341 INFO Train - trainImages: loading image
2022-03-31 12:23:24.342 DEBUG Train - trainImages: /home/vikasjoshis001/Desktop/Gestures/images_to_train/arya stark/images4.jpeg
2022-03-31 12:23:24.342 INFO Train - trainImages: loading image done
2022-03-31 12:23:24.342 INFO Train - trainImages: finding the encoding of image
2022-03-31 12:23:24.410 INFO Train - trainImages: finding encoding of image is done
2022-03-31 12:23:24.410 INFO Train - trainImages: getting average of encodings of loaded images
2022-03-31 12:23:24.410 INFO Train - trainImages: done with getting average encodings
2022-03-31 12:23:24.410 INFO Train - trainImages: storing the name and encoding in local dictionary
2022-03-31 12:23:24.410 INFO Train - trainImages: stored name and encodes in local dictionary
2022-03-31 12:23:24.410 INFO Train - trainImages: storing the name and encodings in mongodb
2022-03-31 12:23:24.411 INFO Train - trainImages: stored all name and encodes in mongodb
2022-03-31 12:23:24.411 INFO Train - trainImages: started loading images and finding their encodings
2022-03-31 12:23:24.411 INFO Train - trainImages: loading image
2022-03-31 12:23:24.414 DEBUG Train - trainImages: /home/vikasjoshis001/Desktop/Gestures/images_to_train/gh-2022-03-31 12:23:19.211189/gh.3fa9801e-b0bf-11ec-95c9-353773ec36e1.jpeg
2022-03-31 12:23:24.414 INFO Train - trainImages: loading image done
2022-03-31 12:23:24.414 INFO Train - trainImages: finding the encoding of image
2022-03-31 12:23:24.640 INFO Train - trainImages: finding encoding of image is done
2022-03-31 12:23:24.640 INFO Train - trainImages: loading image
2022-03-31 12:23:24.642 DEBUG Train - trainImages: /home/vikasjoshis001/Desktop/Gestures/images_to_train/gh-2022-03-31 12:23:19.211189/gh.3fa9801b-b0bf-11ec-95c9-353773ec36e1.jpeg
2022-03-31 12:23:24.642 INFO Train - trainImages: loading image done
2022-03-31 12:23:24.642 INFO Train - trainImages: finding the encoding of image
2022-03-31 12:23:24.877 INFO Train - trainImages: finding encoding of image is done
2022-03-31 12:23:24.877 INFO Train - trainImages: loading image
2022-03-31 12:23:24.879 DEBUG Train - trainImages: /home/vikasjoshis001/Desktop/Gestures/images_to_train/gh-2022-03-31 12:23:19.211189/gh.3fa9801a-b0bf-11ec-95c9-353773ec36e1.jpeg
2022-03-31 12:23:24.880 INFO Train - trainImages: loading image done
2022-03-31 12:23:24.880 INFO Train - trainImages: finding the encoding of image
2022-03-31 12:23:25.103 INFO Train - trainImages: finding encoding of image is done
2022-03-31 12:23:25.103 INFO Train - trainImages: loading image
2022-03-31 12:23:25.106 DEBUG Train - trainImages: /home/vikasjoshis001/Desktop/Gestures/images_to_train/gh-2022-03-31 12:23:19.211189/gh.3fa9801d-b0bf-11ec-95c9-353773ec36e1.jpeg
2022-03-31 12:23:25.106 INFO Train - trainImages: loading image done
2022-03-31 12:23:25.106 INFO Train - trainImages: finding the encoding of image
2022-03-31 12:23:25.332 INFO Train - trainImages: finding encoding of image is done
2022-03-31 12:23:25.332 INFO Train - trainImages: loading image
2022-03-31 12:23:25.334 DEBUG Train - trainImages: /home/vikasjoshis001/Desktop/Gestures/images_to_train/gh-2022-03-31 12:23:19.211189/gh.3fa9801c-b0bf-11ec-95c9-353773ec36e1.jpeg
2022-03-31 12:23:25.335 INFO Train - trainImages: loading image done
2022-03-31 12:23:25.335 INFO Train - trainImages: finding the encoding of image
2022-03-31 12:23:25.560 INFO Train - trainImages: finding encoding of image is done
2022-03-31 12:23:25.560 INFO Train - trainImages: getting average of encodings of loaded images
2022-03-31 12:23:25.561 INFO Train - trainImages: done with getting average encodings
2022-03-31 12:23:25.561 INFO Train - trainImages: storing the name and encoding in local dictionary
2022-03-31 12:23:25.561 INFO Train - trainImages: stored name and encodes in local dictionary
2022-03-31 12:23:25.561 INFO Train - trainImages: storing the name and encodings in mongodb
2022-03-31 12:23:25.562 INFO Train - trainImages: stored all name and encodes in mongodb
2022-03-31 12:23:25.562 INFO Train - trainImages: started loading images and finding their encodings
2022-03-31 12:23:25.562 INFO Train - trainImages: loading image
2022-03-31 12:23:25.564 DEBUG Train - trainImages: /home/vikasjoshis001/Desktop/Gestures/images_to_train/Sad-2022-03-31 12:16:52.952750/Sad.596d38de-b0be-11ec-95c9-353773ec36e1.jpeg
2022-03-31 12:23:25.564 INFO Train - trainImages: loading image done
2022-03-31 12:23:25.564 INFO Train - trainImages: finding the encoding of image
2022-03-31 12:23:25.750 INFO Train - trainImages: finding encoding of image is done
2022-03-31 12:23:25.750 INFO Train - trainImages: loading image
2022-03-31 12:23:25.753 DEBUG Train - trainImages: /home/vikasjoshis001/Desktop/Gestures/images_to_train/Sad-2022-03-31 12:16:52.952750/Sad.596d38dd-b0be-11ec-95c9-353773ec36e1.jpeg
2022-03-31 12:23:25.753 INFO Train - trainImages: loading image done
2022-03-31 12:23:25.753 INFO Train - trainImages: finding the encoding of image
2022-03-31 12:23:25.938 INFO Train - trainImages: finding encoding of image is done
2022-03-31 12:23:25.938 INFO Train - trainImages: loading image
2022-03-31 12:23:25.940 DEBUG Train - trainImages: /home/vikasjoshis001/Desktop/Gestures/images_to_train/Sad-2022-03-31 12:16:52.952750/Sad.596d38da-b0be-11ec-95c9-353773ec36e1.jpeg
2022-03-31 12:23:25.940 INFO Train - trainImages: loading image done
2022-03-31 12:23:25.940 INFO Train - trainImages: finding the encoding of image
2022-03-31 12:23:26.125 INFO Train - trainImages: finding encoding of image is done
2022-03-31 12:23:26.125 INFO Train - trainImages: loading image
2022-03-31 12:23:26.128 DEBUG Train - trainImages: /home/vikasjoshis001/Desktop/Gestures/images_to_train/Sad-2022-03-31 12:16:52.952750/Sad.596d38db-b0be-11ec-95c9-353773ec36e1.jpeg
2022-03-31 12:23:26.128 INFO Train - trainImages: loading image done
2022-03-31 12:23:26.128 INFO Train - trainImages: finding the encoding of image
2022-03-31 12:23:26.315 INFO Train - trainImages: finding encoding of image is done
2022-03-31 12:23:26.316 INFO Train - trainImages: loading image
2022-03-31 12:23:26.318 DEBUG Train - trainImages: /home/vikasjoshis001/Desktop/Gestures/images_to_train/Sad-2022-03-31 12:16:52.952750/Sad.596d38dc-b0be-11ec-95c9-353773ec36e1.jpeg
2022-03-31 12:23:26.318 INFO Train - trainImages: loading image done
2022-03-31 12:23:26.318 INFO Train - trainImages: finding the encoding of image
2022-03-31 12:23:26.503 INFO Train - trainImages: finding encoding of image is done
2022-03-31 12:23:26.503 INFO Train - trainImages: getting average of encodings of loaded images
2022-03-31 12:23:26.503 INFO Train - trainImages: done with getting average encodings
2022-03-31 12:23:26.503 INFO Train - trainImages: storing the name and encoding in local dictionary
2022-03-31 12:23:26.503 INFO Train - trainImages: stored name and encodes in local dictionary
2022-03-31 12:23:26.503 INFO Train - trainImages: storing the name and encodings in mongodb
2022-03-31 12:23:26.504 INFO Train - trainImages: stored all name and encodes in mongodb
2022-03-31 12:23:26.504 INFO Train - trainImages: started loading images and finding their encodings
2022-03-31 12:23:26.504 INFO Train - trainImages: loading image
2022-03-31 12:23:26.506 DEBUG Train - trainImages: /home/vikasjoshis001/Desktop/Gestures/images_to_train/Vikas-2022-03-12 15:33:49.979215/Vikas.b761c802-a1eb-11ec-a348-e960390a4373.jpeg
2022-03-31 12:23:26.506 INFO Train - trainImages: loading image done
2022-03-31 12:23:26.506 INFO Train - trainImages: finding the encoding of image
2022-03-31 12:23:26.688 INFO Train - trainImages: finding encoding of image is done
2022-03-31 12:23:26.688 INFO Train - trainImages: loading image
2022-03-31 12:23:26.691 DEBUG Train - trainImages: /home/vikasjoshis001/Desktop/Gestures/images_to_train/Vikas-2022-03-12 15:33:49.979215/Vikas.b9e21fbe-a1eb-11ec-a348-e960390a4373.jpeg
2022-03-31 12:23:26.691 INFO Train - trainImages: loading image done
2022-03-31 12:23:26.691 INFO Train - trainImages: finding the encoding of image
2022-03-31 12:23:26.878 INFO Train - trainImages: finding encoding of image is done
2022-03-31 12:23:26.878 INFO Train - trainImages: loading image
2022-03-31 12:23:26.881 DEBUG Train - trainImages: /home/vikasjoshis001/Desktop/Gestures/images_to_train/Vikas-2022-03-12 15:33:49.979215/Vikas.b761c803-a1eb-11ec-a348-e960390a4373.jpeg
2022-03-31 12:23:26.881 INFO Train - trainImages: loading image done
2022-03-31 12:23:26.881 INFO Train - trainImages: finding the encoding of image
2022-03-31 12:23:27.065 INFO Train - trainImages: finding encoding of image is done
2022-03-31 12:23:27.066 INFO Train - trainImages: loading image
2022-03-31 12:23:27.068 DEBUG Train - trainImages: /home/vikasjoshis001/Desktop/Gestures/images_to_train/Vikas-2022-03-12 15:33:49.979215/Vikas.b8aa7a74-a1eb-11ec-a348-e960390a4373.jpeg
2022-03-31 12:23:27.068 INFO Train - trainImages: loading image done
2022-03-31 12:23:27.068 INFO Train - trainImages: finding the encoding of image
2022-03-31 12:23:27.251 INFO Train - trainImages: finding encoding of image is done
2022-03-31 12:23:27.251 INFO Train - trainImages: loading image
2022-03-31 12:23:27.254 DEBUG Train - trainImages: /home/vikasjoshis001/Desktop/Gestures/images_to_train/Vikas-2022-03-12 15:33:49.979215/Vikas.b8aa7a75-a1eb-11ec-a348-e960390a4373.jpeg
2022-03-31 12:23:27.254 INFO Train - trainImages: loading image done
2022-03-31 12:23:27.254 INFO Train - trainImages: finding the encoding of image
2022-03-31 12:23:27.437 INFO Train - trainImages: finding encoding of image is done
2022-03-31 12:23:27.437 INFO Train - trainImages: getting average of encodings of loaded images
2022-03-31 12:23:27.437 INFO Train - trainImages: done with getting average encodings
2022-03-31 12:23:27.437 INFO Train - trainImages: storing the name and encoding in local dictionary
2022-03-31 12:23:27.437 INFO Train - trainImages: stored name and encodes in local dictionary
2022-03-31 12:23:27.437 INFO Train - trainImages: storing the name and encodings in mongodb
2022-03-31 12:23:27.438 INFO Train - trainImages: stored all name and encodes in mongodb
