2022-02-25 11:17:22.818 INFO Train - <module>: MongoDB database connected successfully
2022-02-25 11:17:22.819 INFO Train - <module>: collected all folders in known_people folder
2022-02-25 11:17:22.819 DEBUG Train - <module>: ['tyrion lannister', 'denerys targeryan', 'cersie lannister', 'king in the north', 'arya stark']
2022-02-25 11:17:22.820 INFO Train - <module>: collected all images from all folders in known_people folder
2022-02-25 11:17:22.821 DEBUG Train - <module>: [['/home/vikasjoshis001/Desktop/FaceRecognition/images_to_train/tyrion lannister/images5.jpeg', '/home/vikasjoshis001/Desktop/FaceRecognition/images_to_train/tyrion lannister/index3.jpeg', '/home/vikasjoshis001/Desktop/FaceRecognition/images_to_train/tyrion lannister/index1.jpeg', '/home/vikasjoshis001/Desktop/FaceRecognition/images_to_train/tyrion lannister/index2.jpeg', '/home/vikasjoshis001/Desktop/FaceRecognition/images_to_train/tyrion lannister/index4.jpeg'], ['/home/vikasjoshis001/Desktop/FaceRecognition/images_to_train/denerys targeryan/index3.jpeg', '/home/vikasjoshis001/Desktop/FaceRecognition/images_to_train/denerys targeryan/index5.jpeg', '/home/vikasjoshis001/Desktop/FaceRecognition/images_to_train/denerys targeryan/index1.jpeg', '/home/vikasjoshis001/Desktop/FaceRecognition/images_to_train/denerys targeryan/index2.jpeg', '/home/vikasjoshis001/Desktop/FaceRecognition/images_to_train/denerys targeryan/index4.jpeg'], ['/home/vikasjoshis001/Desktop/FaceRecognition/images_to_train/cersie lannister/index3.jpeg', '/home/vikasjoshis001/Desktop/FaceRecognition/images_to_train/cersie lannister/index5.jpeg', '/home/vikasjoshis001/Desktop/FaceRecognition/images_to_train/cersie lannister/index2.jpeg', '/home/vikasjoshis001/Desktop/FaceRecognition/images_to_train/cersie lannister/index4.jpeg'], ['/home/vikasjoshis001/Desktop/FaceRecognition/images_to_train/king in the north/index.jpeg', '/home/vikasjoshis001/Desktop/FaceRecognition/images_to_train/king in the north/index3.jpeg', '/home/vikasjoshis001/Desktop/FaceRecognition/images_to_train/king in the north/index5.jpeg', '/home/vikasjoshis001/Desktop/FaceRecognition/images_to_train/king in the north/index2.jpeg', '/home/vikasjoshis001/Desktop/FaceRecognition/images_to_train/king in the north/index4.jpeg'], ['/home/vikasjoshis001/Desktop/FaceRecognition/images_to_train/arya stark/index.jpeg', '/home/vikasjoshis001/Desktop/FaceRecognition/images_to_train/arya stark/index3.jpeg', '/home/vikasjoshis001/Desktop/FaceRecognition/images_to_train/arya stark/index5.jpeg', '/home/vikasjoshis001/Desktop/FaceRecognition/images_to_train/arya stark/index2.jpeg', '/home/vikasjoshis001/Desktop/FaceRecognition/images_to_train/arya stark/images4.jpeg']]
2022-02-25 11:17:22.821 INFO Train - <module>: started loading images and finding their encodings
2022-02-25 11:17:22.821 INFO Train - <module>: loading image
2022-02-25 11:17:22.826 DEBUG Train - <module>: /home/vikasjoshis001/Desktop/FaceRecognition/images_to_train/tyrion lannister/images5.jpeg
2022-02-25 11:17:22.826 INFO Train - <module>: loading image done
2022-02-25 11:17:22.826 INFO Train - <module>: finding the encoding of image
2022-02-25 11:17:22.896 INFO Train - <module>: finding encoding of image is done
2022-02-25 11:17:22.896 INFO Train - <module>: loading image
2022-02-25 11:17:22.896 DEBUG Train - <module>: /home/vikasjoshis001/Desktop/FaceRecognition/images_to_train/tyrion lannister/index3.jpeg
2022-02-25 11:17:22.896 INFO Train - <module>: loading image done
2022-02-25 11:17:22.896 INFO Train - <module>: finding the encoding of image
2022-02-25 11:17:22.961 INFO Train - <module>: finding encoding of image is done
2022-02-25 11:17:22.962 INFO Train - <module>: loading image
2022-02-25 11:17:22.962 DEBUG Train - <module>: /home/vikasjoshis001/Desktop/FaceRecognition/images_to_train/tyrion lannister/index1.jpeg
2022-02-25 11:17:22.962 INFO Train - <module>: loading image done
2022-02-25 11:17:22.962 INFO Train - <module>: finding the encoding of image
2022-02-25 11:17:23.027 INFO Train - <module>: finding encoding of image is done
2022-02-25 11:17:23.027 INFO Train - <module>: loading image
2022-02-25 11:17:23.028 DEBUG Train - <module>: /home/vikasjoshis001/Desktop/FaceRecognition/images_to_train/tyrion lannister/index2.jpeg
2022-02-25 11:17:23.028 INFO Train - <module>: loading image done
2022-02-25 11:17:23.028 INFO Train - <module>: finding the encoding of image
2022-02-25 11:17:23.094 INFO Train - <module>: finding encoding of image is done
2022-02-25 11:17:23.094 INFO Train - <module>: loading image
2022-02-25 11:17:23.095 DEBUG Train - <module>: /home/vikasjoshis001/Desktop/FaceRecognition/images_to_train/tyrion lannister/index4.jpeg
2022-02-25 11:17:23.095 INFO Train - <module>: loading image done
2022-02-25 11:17:23.095 INFO Train - <module>: finding the encoding of image
2022-02-25 11:17:23.159 INFO Train - <module>: finding encoding of image is done
2022-02-25 11:17:23.159 INFO Train - <module>: getting average of encodings of loaded images
2022-02-25 11:17:23.159 INFO Train - <module>: done with getting average encodings
2022-02-25 11:17:23.159 INFO Train - <module>: storing the name and encoding in local dictionary
2022-02-25 11:17:23.159 INFO Train - <module>: stored name and encodes in local dictionary
2022-02-25 11:17:23.159 INFO Train - <module>: storing the name and encodings in mongodb
2022-02-25 11:17:23.161 INFO Train - <module>: stored all name and encodes in mongodb
2022-02-25 11:17:23.161 INFO Train - <module>: started loading images and finding their encodings
2022-02-25 11:17:23.161 INFO Train - <module>: loading image
2022-02-25 11:17:23.161 DEBUG Train - <module>: /home/vikasjoshis001/Desktop/FaceRecognition/images_to_train/denerys targeryan/index3.jpeg
2022-02-25 11:17:23.161 INFO Train - <module>: loading image done
2022-02-25 11:17:23.162 INFO Train - <module>: finding the encoding of image
2022-02-25 11:17:23.225 INFO Train - <module>: finding encoding of image is done
2022-02-25 11:17:23.225 INFO Train - <module>: loading image
2022-02-25 11:17:23.226 DEBUG Train - <module>: /home/vikasjoshis001/Desktop/FaceRecognition/images_to_train/denerys targeryan/index5.jpeg
2022-02-25 11:17:23.226 INFO Train - <module>: loading image done
2022-02-25 11:17:23.226 INFO Train - <module>: finding the encoding of image
2022-02-25 11:17:23.294 INFO Train - <module>: finding encoding of image is done
2022-02-25 11:17:23.294 INFO Train - <module>: loading image
2022-02-25 11:17:23.294 DEBUG Train - <module>: /home/vikasjoshis001/Desktop/FaceRecognition/images_to_train/denerys targeryan/index1.jpeg
2022-02-25 11:17:23.294 INFO Train - <module>: loading image done
2022-02-25 11:17:23.294 INFO Train - <module>: finding the encoding of image
2022-02-25 11:17:23.360 INFO Train - <module>: finding encoding of image is done
2022-02-25 11:17:23.360 INFO Train - <module>: loading image
2022-02-25 11:17:23.361 DEBUG Train - <module>: /home/vikasjoshis001/Desktop/FaceRecognition/images_to_train/denerys targeryan/index2.jpeg
2022-02-25 11:17:23.361 INFO Train - <module>: loading image done
2022-02-25 11:17:23.361 INFO Train - <module>: finding the encoding of image
2022-02-25 11:17:23.433 INFO Train - <module>: finding encoding of image is done
2022-02-25 11:17:23.433 INFO Train - <module>: loading image
2022-02-25 11:17:23.434 DEBUG Train - <module>: /home/vikasjoshis001/Desktop/FaceRecognition/images_to_train/denerys targeryan/index4.jpeg
2022-02-25 11:17:23.434 INFO Train - <module>: loading image done
2022-02-25 11:17:23.434 INFO Train - <module>: finding the encoding of image
2022-02-25 11:17:23.498 INFO Train - <module>: finding encoding of image is done
2022-02-25 11:17:23.498 INFO Train - <module>: getting average of encodings of loaded images
2022-02-25 11:17:23.498 INFO Train - <module>: done with getting average encodings
2022-02-25 11:17:23.498 INFO Train - <module>: storing the name and encoding in local dictionary
2022-02-25 11:17:23.498 INFO Train - <module>: stored name and encodes in local dictionary
2022-02-25 11:17:23.498 INFO Train - <module>: storing the name and encodings in mongodb
2022-02-25 11:17:23.499 INFO Train - <module>: stored all name and encodes in mongodb
2022-02-25 11:17:23.499 INFO Train - <module>: started loading images and finding their encodings
2022-02-25 11:17:23.499 INFO Train - <module>: loading image
2022-02-25 11:17:23.499 DEBUG Train - <module>: /home/vikasjoshis001/Desktop/FaceRecognition/images_to_train/cersie lannister/index3.jpeg
2022-02-25 11:17:23.499 INFO Train - <module>: loading image done
2022-02-25 11:17:23.499 INFO Train - <module>: finding the encoding of image
2022-02-25 11:17:23.563 INFO Train - <module>: finding encoding of image is done
2022-02-25 11:17:23.563 INFO Train - <module>: loading image
2022-02-25 11:17:23.564 DEBUG Train - <module>: /home/vikasjoshis001/Desktop/FaceRecognition/images_to_train/cersie lannister/index5.jpeg
2022-02-25 11:17:23.564 INFO Train - <module>: loading image done
2022-02-25 11:17:23.564 INFO Train - <module>: finding the encoding of image
2022-02-25 11:17:23.628 INFO Train - <module>: finding encoding of image is done
2022-02-25 11:17:23.628 INFO Train - <module>: loading image
2022-02-25 11:17:23.629 DEBUG Train - <module>: /home/vikasjoshis001/Desktop/FaceRecognition/images_to_train/cersie lannister/index2.jpeg
2022-02-25 11:17:23.629 INFO Train - <module>: loading image done
2022-02-25 11:17:23.629 INFO Train - <module>: finding the encoding of image
2022-02-25 11:17:23.695 INFO Train - <module>: finding encoding of image is done
2022-02-25 11:17:23.695 INFO Train - <module>: loading image
2022-02-25 11:17:23.696 DEBUG Train - <module>: /home/vikasjoshis001/Desktop/FaceRecognition/images_to_train/cersie lannister/index4.jpeg
2022-02-25 11:17:23.696 INFO Train - <module>: loading image done
2022-02-25 11:17:23.696 INFO Train - <module>: finding the encoding of image
2022-02-25 11:17:23.761 INFO Train - <module>: finding encoding of image is done
2022-02-25 11:17:23.761 INFO Train - <module>: getting average of encodings of loaded images
2022-02-25 11:17:23.761 INFO Train - <module>: done with getting average encodings
2022-02-25 11:17:23.761 INFO Train - <module>: storing the name and encoding in local dictionary
2022-02-25 11:17:23.762 INFO Train - <module>: stored name and encodes in local dictionary
2022-02-25 11:17:23.762 INFO Train - <module>: storing the name and encodings in mongodb
2022-02-25 11:17:23.762 INFO Train - <module>: stored all name and encodes in mongodb
2022-02-25 11:17:23.762 INFO Train - <module>: started loading images and finding their encodings
2022-02-25 11:17:23.762 INFO Train - <module>: loading image
2022-02-25 11:17:23.763 DEBUG Train - <module>: /home/vikasjoshis001/Desktop/FaceRecognition/images_to_train/king in the north/index.jpeg
2022-02-25 11:17:23.763 INFO Train - <module>: loading image done
2022-02-25 11:17:23.763 INFO Train - <module>: finding the encoding of image
2022-02-25 11:17:23.827 INFO Train - <module>: finding encoding of image is done
2022-02-25 11:17:23.827 INFO Train - <module>: loading image
2022-02-25 11:17:23.828 DEBUG Train - <module>: /home/vikasjoshis001/Desktop/FaceRecognition/images_to_train/king in the north/index3.jpeg
2022-02-25 11:17:23.828 INFO Train - <module>: loading image done
2022-02-25 11:17:23.828 INFO Train - <module>: finding the encoding of image
2022-02-25 11:17:23.896 INFO Train - <module>: finding encoding of image is done
2022-02-25 11:17:23.896 INFO Train - <module>: loading image
2022-02-25 11:17:23.897 DEBUG Train - <module>: /home/vikasjoshis001/Desktop/FaceRecognition/images_to_train/king in the north/index5.jpeg
2022-02-25 11:17:23.897 INFO Train - <module>: loading image done
2022-02-25 11:17:23.897 INFO Train - <module>: finding the encoding of image
2022-02-25 11:17:23.961 INFO Train - <module>: finding encoding of image is done
2022-02-25 11:17:23.961 INFO Train - <module>: loading image
2022-02-25 11:17:23.962 DEBUG Train - <module>: /home/vikasjoshis001/Desktop/FaceRecognition/images_to_train/king in the north/index2.jpeg
2022-02-25 11:17:23.962 INFO Train - <module>: loading image done
2022-02-25 11:17:23.962 INFO Train - <module>: finding the encoding of image
2022-02-25 11:17:24.026 INFO Train - <module>: finding encoding of image is done
2022-02-25 11:17:24.026 INFO Train - <module>: loading image
2022-02-25 11:17:24.027 DEBUG Train - <module>: /home/vikasjoshis001/Desktop/FaceRecognition/images_to_train/king in the north/index4.jpeg
2022-02-25 11:17:24.027 INFO Train - <module>: loading image done
2022-02-25 11:17:24.027 INFO Train - <module>: finding the encoding of image
2022-02-25 11:17:24.094 INFO Train - <module>: finding encoding of image is done
2022-02-25 11:17:24.094 INFO Train - <module>: getting average of encodings of loaded images
2022-02-25 11:17:24.094 INFO Train - <module>: done with getting average encodings
2022-02-25 11:17:24.094 INFO Train - <module>: storing the name and encoding in local dictionary
2022-02-25 11:17:24.094 INFO Train - <module>: stored name and encodes in local dictionary
2022-02-25 11:17:24.094 INFO Train - <module>: storing the name and encodings in mongodb
2022-02-25 11:17:24.095 INFO Train - <module>: stored all name and encodes in mongodb
2022-02-25 11:17:24.095 INFO Train - <module>: started loading images and finding their encodings
2022-02-25 11:17:24.095 INFO Train - <module>: loading image
2022-02-25 11:17:24.096 DEBUG Train - <module>: /home/vikasjoshis001/Desktop/FaceRecognition/images_to_train/arya stark/index.jpeg
2022-02-25 11:17:24.096 INFO Train - <module>: loading image done
2022-02-25 11:17:24.096 INFO Train - <module>: finding the encoding of image
2022-02-25 11:17:24.162 INFO Train - <module>: finding encoding of image is done
2022-02-25 11:17:24.162 INFO Train - <module>: loading image
2022-02-25 11:17:24.162 DEBUG Train - <module>: /home/vikasjoshis001/Desktop/FaceRecognition/images_to_train/arya stark/index3.jpeg
2022-02-25 11:17:24.162 INFO Train - <module>: loading image done
2022-02-25 11:17:24.162 INFO Train - <module>: finding the encoding of image
2022-02-25 11:17:24.226 INFO Train - <module>: finding encoding of image is done
2022-02-25 11:17:24.226 INFO Train - <module>: loading image
2022-02-25 11:17:24.226 DEBUG Train - <module>: /home/vikasjoshis001/Desktop/FaceRecognition/images_to_train/arya stark/index5.jpeg
2022-02-25 11:17:24.227 INFO Train - <module>: loading image done
2022-02-25 11:17:24.227 INFO Train - <module>: finding the encoding of image
2022-02-25 11:17:24.294 INFO Train - <module>: finding encoding of image is done
2022-02-25 11:17:24.295 INFO Train - <module>: loading image
2022-02-25 11:17:24.295 DEBUG Train - <module>: /home/vikasjoshis001/Desktop/FaceRecognition/images_to_train/arya stark/index2.jpeg
2022-02-25 11:17:24.295 INFO Train - <module>: loading image done
2022-02-25 11:17:24.295 INFO Train - <module>: finding the encoding of image
2022-02-25 11:17:24.360 INFO Train - <module>: finding encoding of image is done
2022-02-25 11:17:24.360 INFO Train - <module>: loading image
2022-02-25 11:17:24.361 DEBUG Train - <module>: /home/vikasjoshis001/Desktop/FaceRecognition/images_to_train/arya stark/images4.jpeg
2022-02-25 11:17:24.361 INFO Train - <module>: loading image done
2022-02-25 11:17:24.361 INFO Train - <module>: finding the encoding of image
2022-02-25 11:17:24.424 INFO Train - <module>: finding encoding of image is done
2022-02-25 11:17:24.424 INFO Train - <module>: getting average of encodings of loaded images
2022-02-25 11:17:24.425 INFO Train - <module>: done with getting average encodings
2022-02-25 11:17:24.425 INFO Train - <module>: storing the name and encoding in local dictionary
2022-02-25 11:17:24.425 INFO Train - <module>: stored name and encodes in local dictionary
2022-02-25 11:17:24.425 INFO Train - <module>: storing the name and encodings in mongodb
2022-02-25 11:17:24.425 INFO Train - <module>: stored all name and encodes in mongodb
