2022-02-25 12:54:13.783 INFO Train - trainImages: MongoDB database connected successfully
2022-02-25 12:54:13.784 INFO Train - trainImages: collected all folders in known_people folder
2022-02-25 12:54:13.784 DEBUG Train - trainImages: ['tyrion lannister', 'denerys targeryan', 'Vikas', 'cersie lannister', 'king in the north', 'arya stark']
2022-02-25 12:54:13.789 INFO Train - trainImages: collected all images from all folders in known_people folder
2022-02-25 12:54:13.790 DEBUG Train - trainImages: [['/home/vikasjoshis001/Desktop/FaceRecognition/images_to_train/tyrion lannister/images5.jpeg', '/home/vikasjoshis001/Desktop/FaceRecognition/images_to_train/tyrion lannister/index3.jpeg', '/home/vikasjoshis001/Desktop/FaceRecognition/images_to_train/tyrion lannister/index1.jpeg', '/home/vikasjoshis001/Desktop/FaceRecognition/images_to_train/tyrion lannister/index2.jpeg', '/home/vikasjoshis001/Desktop/FaceRecognition/images_to_train/tyrion lannister/index4.jpeg'], ['/home/vikasjoshis001/Desktop/FaceRecognition/images_to_train/denerys targeryan/index3.jpeg', '/home/vikasjoshis001/Desktop/FaceRecognition/images_to_train/denerys targeryan/index5.jpeg', '/home/vikasjoshis001/Desktop/FaceRecognition/images_to_train/denerys targeryan/index1.jpeg', '/home/vikasjoshis001/Desktop/FaceRecognition/images_to_train/denerys targeryan/index2.jpeg', '/home/vikasjoshis001/Desktop/FaceRecognition/images_to_train/denerys targeryan/index4.jpeg'], ['/home/vikasjoshis001/Desktop/FaceRecognition/images_to_train/Vikas/Vikas.ecc7ff53-960b-11ec-a6b1-2f237028861a.jpeg', '/home/vikasjoshis001/Desktop/FaceRecognition/images_to_train/Vikas/Vikas.ecc7ff52-960b-11ec-a6b1-2f237028861a.jpeg', '/home/vikasjoshis001/Desktop/FaceRecognition/images_to_train/Vikas/Vikas.eb80c283-960b-11ec-a6b1-2f237028861a.jpeg', '/home/vikasjoshis001/Desktop/FaceRecognition/images_to_train/Vikas/Vikas.edfdf6ce-960b-11ec-a6b1-2f237028861a.jpeg', '/home/vikasjoshis001/Desktop/FaceRecognition/images_to_train/Vikas/Vikas.eb80c282-960b-11ec-a6b1-2f237028861a.jpeg'], ['/home/vikasjoshis001/Desktop/FaceRecognition/images_to_train/cersie lannister/index3.jpeg', '/home/vikasjoshis001/Desktop/FaceRecognition/images_to_train/cersie lannister/index5.jpeg', '/home/vikasjoshis001/Desktop/FaceRecognition/images_to_train/cersie lannister/index2.jpeg', '/home/vikasjoshis001/Desktop/FaceRecognition/images_to_train/cersie lannister/index4.jpeg'], ['/home/vikasjoshis001/Desktop/FaceRecognition/images_to_train/king in the north/index.jpeg', '/home/vikasjoshis001/Desktop/FaceRecognition/images_to_train/king in the north/index3.jpeg', '/home/vikasjoshis001/Desktop/FaceRecognition/images_to_train/king in the north/index5.jpeg', '/home/vikasjoshis001/Desktop/FaceRecognition/images_to_train/king in the north/index2.jpeg', '/home/vikasjoshis001/Desktop/FaceRecognition/images_to_train/king in the north/index4.jpeg'], ['/home/vikasjoshis001/Desktop/FaceRecognition/images_to_train/arya stark/index.jpeg', '/home/vikasjoshis001/Desktop/FaceRecognition/images_to_train/arya stark/index3.jpeg', '/home/vikasjoshis001/Desktop/FaceRecognition/images_to_train/arya stark/index5.jpeg', '/home/vikasjoshis001/Desktop/FaceRecognition/images_to_train/arya stark/index2.jpeg', '/home/vikasjoshis001/Desktop/FaceRecognition/images_to_train/arya stark/images4.jpeg']]
2022-02-25 12:54:13.790 INFO Train - trainImages: started loading images and finding their encodings
2022-02-25 12:54:13.790 INFO Train - trainImages: loading image
2022-02-25 12:54:13.797 DEBUG Train - trainImages: /home/vikasjoshis001/Desktop/FaceRecognition/images_to_train/tyrion lannister/images5.jpeg
2022-02-25 12:54:13.798 INFO Train - trainImages: loading image done
2022-02-25 12:54:13.799 INFO Train - trainImages: finding the encoding of image
2022-02-25 12:54:13.876 INFO Train - trainImages: finding encoding of image is done
2022-02-25 12:54:13.877 INFO Train - trainImages: loading image
2022-02-25 12:54:13.877 DEBUG Train - trainImages: /home/vikasjoshis001/Desktop/FaceRecognition/images_to_train/tyrion lannister/index3.jpeg
2022-02-25 12:54:13.877 INFO Train - trainImages: loading image done
2022-02-25 12:54:13.877 INFO Train - trainImages: finding the encoding of image
2022-02-25 12:54:13.942 INFO Train - trainImages: finding encoding of image is done
2022-02-25 12:54:13.942 INFO Train - trainImages: loading image
2022-02-25 12:54:13.943 DEBUG Train - trainImages: /home/vikasjoshis001/Desktop/FaceRecognition/images_to_train/tyrion lannister/index1.jpeg
2022-02-25 12:54:13.943 INFO Train - trainImages: loading image done
2022-02-25 12:54:13.943 INFO Train - trainImages: finding the encoding of image
2022-02-25 12:54:14.008 INFO Train - trainImages: finding encoding of image is done
2022-02-25 12:54:14.008 INFO Train - trainImages: loading image
2022-02-25 12:54:14.009 DEBUG Train - trainImages: /home/vikasjoshis001/Desktop/FaceRecognition/images_to_train/tyrion lannister/index2.jpeg
2022-02-25 12:54:14.009 INFO Train - trainImages: loading image done
2022-02-25 12:54:14.009 INFO Train - trainImages: finding the encoding of image
2022-02-25 12:54:14.078 INFO Train - trainImages: finding encoding of image is done
2022-02-25 12:54:14.078 INFO Train - trainImages: loading image
2022-02-25 12:54:14.079 DEBUG Train - trainImages: /home/vikasjoshis001/Desktop/FaceRecognition/images_to_train/tyrion lannister/index4.jpeg
2022-02-25 12:54:14.079 INFO Train - trainImages: loading image done
2022-02-25 12:54:14.079 INFO Train - trainImages: finding the encoding of image
2022-02-25 12:54:14.159 INFO Train - trainImages: finding encoding of image is done
2022-02-25 12:54:14.159 INFO Train - trainImages: getting average of encodings of loaded images
2022-02-25 12:54:14.160 INFO Train - trainImages: done with getting average encodings
2022-02-25 12:54:14.160 INFO Train - trainImages: storing the name and encoding in local dictionary
2022-02-25 12:54:14.160 INFO Train - trainImages: stored name and encodes in local dictionary
2022-02-25 12:54:14.160 INFO Train - trainImages: storing the name and encodings in mongodb
2022-02-25 12:54:14.162 INFO Train - trainImages: stored all name and encodes in mongodb
2022-02-25 12:54:14.162 INFO Train - trainImages: started loading images and finding their encodings
2022-02-25 12:54:14.162 INFO Train - trainImages: loading image
2022-02-25 12:54:14.163 DEBUG Train - trainImages: /home/vikasjoshis001/Desktop/FaceRecognition/images_to_train/denerys targeryan/index3.jpeg
2022-02-25 12:54:14.163 INFO Train - trainImages: loading image done
2022-02-25 12:54:14.163 INFO Train - trainImages: finding the encoding of image
2022-02-25 12:54:14.230 INFO Train - trainImages: finding encoding of image is done
2022-02-25 12:54:14.230 INFO Train - trainImages: loading image
2022-02-25 12:54:14.231 DEBUG Train - trainImages: /home/vikasjoshis001/Desktop/FaceRecognition/images_to_train/denerys targeryan/index5.jpeg
2022-02-25 12:54:14.231 INFO Train - trainImages: loading image done
2022-02-25 12:54:14.231 INFO Train - trainImages: finding the encoding of image
2022-02-25 12:54:14.297 INFO Train - trainImages: finding encoding of image is done
2022-02-25 12:54:14.298 INFO Train - trainImages: loading image
2022-02-25 12:54:14.298 DEBUG Train - trainImages: /home/vikasjoshis001/Desktop/FaceRecognition/images_to_train/denerys targeryan/index1.jpeg
2022-02-25 12:54:14.298 INFO Train - trainImages: loading image done
2022-02-25 12:54:14.298 INFO Train - trainImages: finding the encoding of image
2022-02-25 12:54:14.366 INFO Train - trainImages: finding encoding of image is done
2022-02-25 12:54:14.366 INFO Train - trainImages: loading image
2022-02-25 12:54:14.366 DEBUG Train - trainImages: /home/vikasjoshis001/Desktop/FaceRecognition/images_to_train/denerys targeryan/index2.jpeg
2022-02-25 12:54:14.366 INFO Train - trainImages: loading image done
2022-02-25 12:54:14.366 INFO Train - trainImages: finding the encoding of image
2022-02-25 12:54:14.435 INFO Train - trainImages: finding encoding of image is done
2022-02-25 12:54:14.436 INFO Train - trainImages: loading image
2022-02-25 12:54:14.436 DEBUG Train - trainImages: /home/vikasjoshis001/Desktop/FaceRecognition/images_to_train/denerys targeryan/index4.jpeg
2022-02-25 12:54:14.436 INFO Train - trainImages: loading image done
2022-02-25 12:54:14.436 INFO Train - trainImages: finding the encoding of image
2022-02-25 12:54:14.538 INFO Train - trainImages: finding encoding of image is done
2022-02-25 12:54:14.538 INFO Train - trainImages: getting average of encodings of loaded images
2022-02-25 12:54:14.538 INFO Train - trainImages: done with getting average encodings
2022-02-25 12:54:14.538 INFO Train - trainImages: storing the name and encoding in local dictionary
2022-02-25 12:54:14.538 INFO Train - trainImages: stored name and encodes in local dictionary
2022-02-25 12:54:14.538 INFO Train - trainImages: storing the name and encodings in mongodb
2022-02-25 12:54:14.540 INFO Train - trainImages: stored all name and encodes in mongodb
2022-02-25 12:54:14.540 INFO Train - trainImages: started loading images and finding their encodings
2022-02-25 12:54:14.540 INFO Train - trainImages: loading image
2022-02-25 12:54:14.544 DEBUG Train - trainImages: /home/vikasjoshis001/Desktop/FaceRecognition/images_to_train/Vikas/Vikas.ecc7ff53-960b-11ec-a6b1-2f237028861a.jpeg
2022-02-25 12:54:14.544 INFO Train - trainImages: loading image done
2022-02-25 12:54:14.544 INFO Train - trainImages: finding the encoding of image
2022-02-25 12:54:14.847 INFO Train - trainImages: finding encoding of image is done
2022-02-25 12:54:14.847 INFO Train - trainImages: loading image
2022-02-25 12:54:14.850 DEBUG Train - trainImages: /home/vikasjoshis001/Desktop/FaceRecognition/images_to_train/Vikas/Vikas.ecc7ff52-960b-11ec-a6b1-2f237028861a.jpeg
2022-02-25 12:54:14.850 INFO Train - trainImages: loading image done
2022-02-25 12:54:14.850 INFO Train - trainImages: finding the encoding of image
2022-02-25 12:54:15.163 INFO Train - trainImages: finding encoding of image is done
2022-02-25 12:54:15.164 INFO Train - trainImages: loading image
2022-02-25 12:54:15.166 DEBUG Train - trainImages: /home/vikasjoshis001/Desktop/FaceRecognition/images_to_train/Vikas/Vikas.eb80c283-960b-11ec-a6b1-2f237028861a.jpeg
2022-02-25 12:54:15.167 INFO Train - trainImages: loading image done
2022-02-25 12:54:15.167 INFO Train - trainImages: finding the encoding of image
2022-02-25 12:54:15.390 INFO Train - trainImages: finding encoding of image is done
2022-02-25 12:54:15.390 INFO Train - trainImages: loading image
2022-02-25 12:54:15.392 DEBUG Train - trainImages: /home/vikasjoshis001/Desktop/FaceRecognition/images_to_train/Vikas/Vikas.edfdf6ce-960b-11ec-a6b1-2f237028861a.jpeg
2022-02-25 12:54:15.392 INFO Train - trainImages: loading image done
2022-02-25 12:54:15.392 INFO Train - trainImages: finding the encoding of image
2022-02-25 12:54:15.573 INFO Train - trainImages: finding encoding of image is done
2022-02-25 12:54:15.573 INFO Train - trainImages: loading image
2022-02-25 12:54:15.575 DEBUG Train - trainImages: /home/vikasjoshis001/Desktop/FaceRecognition/images_to_train/Vikas/Vikas.eb80c282-960b-11ec-a6b1-2f237028861a.jpeg
2022-02-25 12:54:15.575 INFO Train - trainImages: loading image done
2022-02-25 12:54:15.575 INFO Train - trainImages: finding the encoding of image
2022-02-25 12:54:15.711 ERROR Train - trainImages: no face is detected in image
2022-02-25 12:54:15.711 INFO Train - trainImages: skiping to find encodes of this image
2022-02-25 12:54:15.711 INFO Train - trainImages: getting average of encodings of loaded images
2022-02-25 12:54:15.711 INFO Train - trainImages: done with getting average encodings
2022-02-25 12:54:15.711 INFO Train - trainImages: storing the name and encoding in local dictionary
2022-02-25 12:54:15.711 INFO Train - trainImages: stored name and encodes in local dictionary
2022-02-25 12:54:15.711 INFO Train - trainImages: storing the name and encodings in mongodb
2022-02-25 12:54:15.712 INFO Train - trainImages: stored all name and encodes in mongodb
2022-02-25 12:54:15.712 INFO Train - trainImages: started loading images and finding their encodings
2022-02-25 12:54:15.712 INFO Train - trainImages: loading image
2022-02-25 12:54:15.713 DEBUG Train - trainImages: /home/vikasjoshis001/Desktop/FaceRecognition/images_to_train/cersie lannister/index3.jpeg
2022-02-25 12:54:15.713 INFO Train - trainImages: loading image done
2022-02-25 12:54:15.713 INFO Train - trainImages: finding the encoding of image
2022-02-25 12:54:15.776 INFO Train - trainImages: finding encoding of image is done
2022-02-25 12:54:15.776 INFO Train - trainImages: loading image
2022-02-25 12:54:15.776 DEBUG Train - trainImages: /home/vikasjoshis001/Desktop/FaceRecognition/images_to_train/cersie lannister/index5.jpeg
2022-02-25 12:54:15.777 INFO Train - trainImages: loading image done
2022-02-25 12:54:15.777 INFO Train - trainImages: finding the encoding of image
2022-02-25 12:54:15.842 INFO Train - trainImages: finding encoding of image is done
2022-02-25 12:54:15.842 INFO Train - trainImages: loading image
2022-02-25 12:54:15.842 DEBUG Train - trainImages: /home/vikasjoshis001/Desktop/FaceRecognition/images_to_train/cersie lannister/index2.jpeg
2022-02-25 12:54:15.842 INFO Train - trainImages: loading image done
2022-02-25 12:54:15.842 INFO Train - trainImages: finding the encoding of image
2022-02-25 12:54:15.907 INFO Train - trainImages: finding encoding of image is done
2022-02-25 12:54:15.907 INFO Train - trainImages: loading image
2022-02-25 12:54:15.908 DEBUG Train - trainImages: /home/vikasjoshis001/Desktop/FaceRecognition/images_to_train/cersie lannister/index4.jpeg
2022-02-25 12:54:15.908 INFO Train - trainImages: loading image done
2022-02-25 12:54:15.908 INFO Train - trainImages: finding the encoding of image
2022-02-25 12:54:15.975 INFO Train - trainImages: finding encoding of image is done
2022-02-25 12:54:15.975 INFO Train - trainImages: getting average of encodings of loaded images
2022-02-25 12:54:15.976 INFO Train - trainImages: done with getting average encodings
2022-02-25 12:54:15.976 INFO Train - trainImages: storing the name and encoding in local dictionary
2022-02-25 12:54:15.976 INFO Train - trainImages: stored name and encodes in local dictionary
2022-02-25 12:54:15.976 INFO Train - trainImages: storing the name and encodings in mongodb
2022-02-25 12:54:15.976 INFO Train - trainImages: stored all name and encodes in mongodb
2022-02-25 12:54:15.976 INFO Train - trainImages: started loading images and finding their encodings
2022-02-25 12:54:15.977 INFO Train - trainImages: loading image
2022-02-25 12:54:15.977 DEBUG Train - trainImages: /home/vikasjoshis001/Desktop/FaceRecognition/images_to_train/king in the north/index.jpeg
2022-02-25 12:54:15.977 INFO Train - trainImages: loading image done
2022-02-25 12:54:15.977 INFO Train - trainImages: finding the encoding of image
2022-02-25 12:54:16.043 INFO Train - trainImages: finding encoding of image is done
2022-02-25 12:54:16.043 INFO Train - trainImages: loading image
2022-02-25 12:54:16.043 DEBUG Train - trainImages: /home/vikasjoshis001/Desktop/FaceRecognition/images_to_train/king in the north/index3.jpeg
2022-02-25 12:54:16.043 INFO Train - trainImages: loading image done
2022-02-25 12:54:16.043 INFO Train - trainImages: finding the encoding of image
2022-02-25 12:54:16.109 INFO Train - trainImages: finding encoding of image is done
2022-02-25 12:54:16.109 INFO Train - trainImages: loading image
2022-02-25 12:54:16.110 DEBUG Train - trainImages: /home/vikasjoshis001/Desktop/FaceRecognition/images_to_train/king in the north/index5.jpeg
2022-02-25 12:54:16.110 INFO Train - trainImages: loading image done
2022-02-25 12:54:16.110 INFO Train - trainImages: finding the encoding of image
2022-02-25 12:54:16.174 INFO Train - trainImages: finding encoding of image is done
2022-02-25 12:54:16.174 INFO Train - trainImages: loading image
2022-02-25 12:54:16.175 DEBUG Train - trainImages: /home/vikasjoshis001/Desktop/FaceRecognition/images_to_train/king in the north/index2.jpeg
2022-02-25 12:54:16.175 INFO Train - trainImages: loading image done
2022-02-25 12:54:16.175 INFO Train - trainImages: finding the encoding of image
2022-02-25 12:54:16.241 INFO Train - trainImages: finding encoding of image is done
2022-02-25 12:54:16.241 INFO Train - trainImages: loading image
2022-02-25 12:54:16.242 DEBUG Train - trainImages: /home/vikasjoshis001/Desktop/FaceRecognition/images_to_train/king in the north/index4.jpeg
2022-02-25 12:54:16.242 INFO Train - trainImages: loading image done
2022-02-25 12:54:16.242 INFO Train - trainImages: finding the encoding of image
2022-02-25 12:54:16.309 INFO Train - trainImages: finding encoding of image is done
2022-02-25 12:54:16.309 INFO Train - trainImages: getting average of encodings of loaded images
2022-02-25 12:54:16.309 INFO Train - trainImages: done with getting average encodings
2022-02-25 12:54:16.309 INFO Train - trainImages: storing the name and encoding in local dictionary
2022-02-25 12:54:16.309 INFO Train - trainImages: stored name and encodes in local dictionary
2022-02-25 12:54:16.309 INFO Train - trainImages: storing the name and encodings in mongodb
2022-02-25 12:54:16.310 INFO Train - trainImages: stored all name and encodes in mongodb
2022-02-25 12:54:16.310 INFO Train - trainImages: started loading images and finding their encodings
2022-02-25 12:54:16.310 INFO Train - trainImages: loading image
2022-02-25 12:54:16.310 DEBUG Train - trainImages: /home/vikasjoshis001/Desktop/FaceRecognition/images_to_train/arya stark/index.jpeg
2022-02-25 12:54:16.310 INFO Train - trainImages: loading image done
2022-02-25 12:54:16.310 INFO Train - trainImages: finding the encoding of image
2022-02-25 12:54:16.377 INFO Train - trainImages: finding encoding of image is done
2022-02-25 12:54:16.377 INFO Train - trainImages: loading image
2022-02-25 12:54:16.377 DEBUG Train - trainImages: /home/vikasjoshis001/Desktop/FaceRecognition/images_to_train/arya stark/index3.jpeg
2022-02-25 12:54:16.377 INFO Train - trainImages: loading image done
2022-02-25 12:54:16.377 INFO Train - trainImages: finding the encoding of image
2022-02-25 12:54:16.442 INFO Train - trainImages: finding encoding of image is done
2022-02-25 12:54:16.442 INFO Train - trainImages: loading image
2022-02-25 12:54:16.443 DEBUG Train - trainImages: /home/vikasjoshis001/Desktop/FaceRecognition/images_to_train/arya stark/index5.jpeg
2022-02-25 12:54:16.443 INFO Train - trainImages: loading image done
2022-02-25 12:54:16.443 INFO Train - trainImages: finding the encoding of image
2022-02-25 12:54:16.510 INFO Train - trainImages: finding encoding of image is done
2022-02-25 12:54:16.510 INFO Train - trainImages: loading image
2022-02-25 12:54:16.511 DEBUG Train - trainImages: /home/vikasjoshis001/Desktop/FaceRecognition/images_to_train/arya stark/index2.jpeg
2022-02-25 12:54:16.511 INFO Train - trainImages: loading image done
2022-02-25 12:54:16.511 INFO Train - trainImages: finding the encoding of image
2022-02-25 12:54:16.575 INFO Train - trainImages: finding encoding of image is done
2022-02-25 12:54:16.575 INFO Train - trainImages: loading image
2022-02-25 12:54:16.575 DEBUG Train - trainImages: /home/vikasjoshis001/Desktop/FaceRecognition/images_to_train/arya stark/images4.jpeg
2022-02-25 12:54:16.575 INFO Train - trainImages: loading image done
2022-02-25 12:54:16.575 INFO Train - trainImages: finding the encoding of image
2022-02-25 12:54:16.640 INFO Train - trainImages: finding encoding of image is done
2022-02-25 12:54:16.640 INFO Train - trainImages: getting average of encodings of loaded images
2022-02-25 12:54:16.641 INFO Train - trainImages: done with getting average encodings
2022-02-25 12:54:16.641 INFO Train - trainImages: storing the name and encoding in local dictionary
2022-02-25 12:54:16.641 INFO Train - trainImages: stored name and encodes in local dictionary
2022-02-25 12:54:16.641 INFO Train - trainImages: storing the name and encodings in mongodb
2022-02-25 12:54:16.641 INFO Train - trainImages: stored all name and encodes in mongodb
