2022-02-25 16:03:28.393 INFO Train - trainImages: MongoDB database connected successfully
2022-02-25 16:03:28.402 INFO Train - trainImages: collected all folders in known_people folder
2022-02-25 16:03:28.402 DEBUG Train - trainImages: ['tyrion lannister', 'denerys targeryan', 'Vikas-', 'Vikas-2022-02-25 16:03:22.331516', 'Vikas', 'Mangesh', 'cersie lannister', 'king in the north', 'arya stark']
2022-02-25 16:03:28.404 INFO Train - trainImages: collected all images from all folders in known_people folder
2022-02-25 16:03:28.404 DEBUG Train - trainImages: [['/home/vikasjoshis001/Desktop/FaceRecognition/images_to_train/tyrion lannister/images5.jpeg', '/home/vikasjoshis001/Desktop/FaceRecognition/images_to_train/tyrion lannister/index3.jpeg', '/home/vikasjoshis001/Desktop/FaceRecognition/images_to_train/tyrion lannister/index1.jpeg', '/home/vikasjoshis001/Desktop/FaceRecognition/images_to_train/tyrion lannister/index2.jpeg', '/home/vikasjoshis001/Desktop/FaceRecognition/images_to_train/tyrion lannister/index4.jpeg'], ['/home/vikasjoshis001/Desktop/FaceRecognition/images_to_train/denerys targeryan/index3.jpeg', '/home/vikasjoshis001/Desktop/FaceRecognition/images_to_train/denerys targeryan/index5.jpeg', '/home/vikasjoshis001/Desktop/FaceRecognition/images_to_train/denerys targeryan/index1.jpeg', '/home/vikasjoshis001/Desktop/FaceRecognition/images_to_train/denerys targeryan/index2.jpeg', '/home/vikasjoshis001/Desktop/FaceRecognition/images_to_train/denerys targeryan/index4.jpeg'], ['/home/vikasjoshis001/Desktop/FaceRecognition/images_to_train/Vikas-/Vikas.5151e500-9625-11ec-b187-831d1efd77ea.jpeg', '/home/vikasjoshis001/Desktop/FaceRecognition/images_to_train/Vikas-/Vikas.528737a4-9625-11ec-b187-831d1efd77ea.jpeg', '/home/vikasjoshis001/Desktop/FaceRecognition/images_to_train/Vikas-/Vikas.5151e501-9625-11ec-b187-831d1efd77ea.jpeg', '/home/vikasjoshis001/Desktop/FaceRecognition/images_to_train/Vikas-/Vikas.507ca30f-9625-11ec-b187-831d1efd77ea.jpeg'], ['/home/vikasjoshis001/Desktop/FaceRecognition/images_to_train/Vikas-2022-02-25 16:03:22.331516/Vikas.5ca420e9-9626-11ec-b187-831d1efd77ea.jpeg', '/home/vikasjoshis001/Desktop/FaceRecognition/images_to_train/Vikas-2022-02-25 16:03:22.331516/Vikas.5ddaa27a-9626-11ec-b187-831d1efd77ea.jpeg', '/home/vikasjoshis001/Desktop/FaceRecognition/images_to_train/Vikas-2022-02-25 16:03:22.331516/Vikas.5b56a738-9626-11ec-b187-831d1efd77ea.jpeg', '/home/vikasjoshis001/Desktop/FaceRecognition/images_to_train/Vikas-2022-02-25 16:03:22.331516/Vikas.5b56a739-9626-11ec-b187-831d1efd77ea.jpeg', '/home/vikasjoshis001/Desktop/FaceRecognition/images_to_train/Vikas-2022-02-25 16:03:22.331516/Vikas.5ca420e8-9626-11ec-b187-831d1efd77ea.jpeg'], ['/home/vikasjoshis001/Desktop/FaceRecognition/images_to_train/Vikas/Vikas.7e45b812-9624-11ec-b187-831d1efd77ea.jpeg', '/home/vikasjoshis001/Desktop/FaceRecognition/images_to_train/Vikas/Vikas.7cff68e0-9624-11ec-b187-831d1efd77ea.jpeg', '/home/vikasjoshis001/Desktop/FaceRecognition/images_to_train/Vikas/Vikas.7cff68e1-9624-11ec-b187-831d1efd77ea.jpeg', '/home/vikasjoshis001/Desktop/FaceRecognition/images_to_train/Vikas/Vikas.7e45b813-9624-11ec-b187-831d1efd77ea.jpeg', '/home/vikasjoshis001/Desktop/FaceRecognition/images_to_train/Vikas/Vikas.7f7be918-9624-11ec-b187-831d1efd77ea.jpeg'], ['/home/vikasjoshis001/Desktop/FaceRecognition/images_to_train/Mangesh/Mangesh.3000c093-960c-11ec-a6b1-2f237028861a.jpeg', '/home/vikasjoshis001/Desktop/FaceRecognition/images_to_train/Mangesh/Mangesh.3283bb58-960c-11ec-a6b1-2f237028861a.jpeg', '/home/vikasjoshis001/Desktop/FaceRecognition/images_to_train/Mangesh/Mangesh.314bc26c-960c-11ec-a6b1-2f237028861a.jpeg', '/home/vikasjoshis001/Desktop/FaceRecognition/images_to_train/Mangesh/Mangesh.314bc26d-960c-11ec-a6b1-2f237028861a.jpeg', '/home/vikasjoshis001/Desktop/FaceRecognition/images_to_train/Mangesh/Mangesh.3000c092-960c-11ec-a6b1-2f237028861a.jpeg'], ['/home/vikasjoshis001/Desktop/FaceRecognition/images_to_train/cersie lannister/index3.jpeg', '/home/vikasjoshis001/Desktop/FaceRecognition/images_to_train/cersie lannister/index5.jpeg', '/home/vikasjoshis001/Desktop/FaceRecognition/images_to_train/cersie lannister/index2.jpeg', '/home/vikasjoshis001/Desktop/FaceRecognition/images_to_train/cersie lannister/index4.jpeg'], ['/home/vikasjoshis001/Desktop/FaceRecognition/images_to_train/king in the north/index.jpeg', '/home/vikasjoshis001/Desktop/FaceRecognition/images_to_train/king in the north/index3.jpeg', '/home/vikasjoshis001/Desktop/FaceRecognition/images_to_train/king in the north/index5.jpeg', '/home/vikasjoshis001/Desktop/FaceRecognition/images_to_train/king in the north/index2.jpeg', '/home/vikasjoshis001/Desktop/FaceRecognition/images_to_train/king in the north/index4.jpeg'], ['/home/vikasjoshis001/Desktop/FaceRecognition/images_to_train/arya stark/index.jpeg', '/home/vikasjoshis001/Desktop/FaceRecognition/images_to_train/arya stark/index3.jpeg', '/home/vikasjoshis001/Desktop/FaceRecognition/images_to_train/arya stark/index5.jpeg', '/home/vikasjoshis001/Desktop/FaceRecognition/images_to_train/arya stark/index2.jpeg', '/home/vikasjoshis001/Desktop/FaceRecognition/images_to_train/arya stark/images4.jpeg']]
2022-02-25 16:03:28.404 INFO Train - trainImages: started loading images and finding their encodings
2022-02-25 16:03:28.405 INFO Train - trainImages: loading image
2022-02-25 16:03:28.415 DEBUG Train - trainImages: /home/vikasjoshis001/Desktop/FaceRecognition/images_to_train/tyrion lannister/images5.jpeg
2022-02-25 16:03:28.415 INFO Train - trainImages: loading image done
2022-02-25 16:03:28.415 INFO Train - trainImages: finding the encoding of image
2022-02-25 16:03:28.496 INFO Train - trainImages: finding encoding of image is done
2022-02-25 16:03:28.496 INFO Train - trainImages: loading image
2022-02-25 16:03:28.497 DEBUG Train - trainImages: /home/vikasjoshis001/Desktop/FaceRecognition/images_to_train/tyrion lannister/index3.jpeg
2022-02-25 16:03:28.497 INFO Train - trainImages: loading image done
2022-02-25 16:03:28.497 INFO Train - trainImages: finding the encoding of image
2022-02-25 16:03:28.565 INFO Train - trainImages: finding encoding of image is done
2022-02-25 16:03:28.566 INFO Train - trainImages: loading image
2022-02-25 16:03:28.566 DEBUG Train - trainImages: /home/vikasjoshis001/Desktop/FaceRecognition/images_to_train/tyrion lannister/index1.jpeg
2022-02-25 16:03:28.566 INFO Train - trainImages: loading image done
2022-02-25 16:03:28.566 INFO Train - trainImages: finding the encoding of image
2022-02-25 16:03:28.638 INFO Train - trainImages: finding encoding of image is done
2022-02-25 16:03:28.638 INFO Train - trainImages: loading image
2022-02-25 16:03:28.639 DEBUG Train - trainImages: /home/vikasjoshis001/Desktop/FaceRecognition/images_to_train/tyrion lannister/index2.jpeg
2022-02-25 16:03:28.639 INFO Train - trainImages: loading image done
2022-02-25 16:03:28.639 INFO Train - trainImages: finding the encoding of image
2022-02-25 16:03:28.707 INFO Train - trainImages: finding encoding of image is done
2022-02-25 16:03:28.707 INFO Train - trainImages: loading image
2022-02-25 16:03:28.707 DEBUG Train - trainImages: /home/vikasjoshis001/Desktop/FaceRecognition/images_to_train/tyrion lannister/index4.jpeg
2022-02-25 16:03:28.707 INFO Train - trainImages: loading image done
2022-02-25 16:03:28.707 INFO Train - trainImages: finding the encoding of image
2022-02-25 16:03:28.796 INFO Train - trainImages: finding encoding of image is done
2022-02-25 16:03:28.797 INFO Train - trainImages: getting average of encodings of loaded images
2022-02-25 16:03:28.797 INFO Train - trainImages: done with getting average encodings
2022-02-25 16:03:28.797 INFO Train - trainImages: storing the name and encoding in local dictionary
2022-02-25 16:03:28.797 INFO Train - trainImages: stored name and encodes in local dictionary
2022-02-25 16:03:28.797 INFO Train - trainImages: storing the name and encodings in mongodb
2022-02-25 16:03:28.799 INFO Train - trainImages: stored all name and encodes in mongodb
2022-02-25 16:03:28.799 INFO Train - trainImages: started loading images and finding their encodings
2022-02-25 16:03:28.799 INFO Train - trainImages: loading image
2022-02-25 16:03:28.800 DEBUG Train - trainImages: /home/vikasjoshis001/Desktop/FaceRecognition/images_to_train/denerys targeryan/index3.jpeg
2022-02-25 16:03:28.800 INFO Train - trainImages: loading image done
2022-02-25 16:03:28.800 INFO Train - trainImages: finding the encoding of image
2022-02-25 16:03:28.903 INFO Train - trainImages: finding encoding of image is done
2022-02-25 16:03:28.903 INFO Train - trainImages: loading image
2022-02-25 16:03:28.904 DEBUG Train - trainImages: /home/vikasjoshis001/Desktop/FaceRecognition/images_to_train/denerys targeryan/index5.jpeg
2022-02-25 16:03:28.904 INFO Train - trainImages: loading image done
2022-02-25 16:03:28.904 INFO Train - trainImages: finding the encoding of image
2022-02-25 16:03:28.983 INFO Train - trainImages: finding encoding of image is done
2022-02-25 16:03:28.983 INFO Train - trainImages: loading image
2022-02-25 16:03:28.984 DEBUG Train - trainImages: /home/vikasjoshis001/Desktop/FaceRecognition/images_to_train/denerys targeryan/index1.jpeg
2022-02-25 16:03:28.984 INFO Train - trainImages: loading image done
2022-02-25 16:03:28.984 INFO Train - trainImages: finding the encoding of image
2022-02-25 16:03:29.052 INFO Train - trainImages: finding encoding of image is done
2022-02-25 16:03:29.052 INFO Train - trainImages: loading image
2022-02-25 16:03:29.052 DEBUG Train - trainImages: /home/vikasjoshis001/Desktop/FaceRecognition/images_to_train/denerys targeryan/index2.jpeg
2022-02-25 16:03:29.052 INFO Train - trainImages: loading image done
2022-02-25 16:03:29.052 INFO Train - trainImages: finding the encoding of image
2022-02-25 16:03:29.150 INFO Train - trainImages: finding encoding of image is done
2022-02-25 16:03:29.151 INFO Train - trainImages: loading image
2022-02-25 16:03:29.152 DEBUG Train - trainImages: /home/vikasjoshis001/Desktop/FaceRecognition/images_to_train/denerys targeryan/index4.jpeg
2022-02-25 16:03:29.152 INFO Train - trainImages: loading image done
2022-02-25 16:03:29.152 INFO Train - trainImages: finding the encoding of image
2022-02-25 16:03:29.289 INFO Train - trainImages: finding encoding of image is done
2022-02-25 16:03:29.289 INFO Train - trainImages: getting average of encodings of loaded images
2022-02-25 16:03:29.290 INFO Train - trainImages: done with getting average encodings
2022-02-25 16:03:29.290 INFO Train - trainImages: storing the name and encoding in local dictionary
2022-02-25 16:03:29.290 INFO Train - trainImages: stored name and encodes in local dictionary
2022-02-25 16:03:29.290 INFO Train - trainImages: storing the name and encodings in mongodb
2022-02-25 16:03:29.291 INFO Train - trainImages: stored all name and encodes in mongodb
2022-02-25 16:03:29.291 INFO Train - trainImages: started loading images and finding their encodings
2022-02-25 16:03:29.291 INFO Train - trainImages: loading image
2022-02-25 16:03:29.294 DEBUG Train - trainImages: /home/vikasjoshis001/Desktop/FaceRecognition/images_to_train/Vikas-/Vikas.5151e500-9625-11ec-b187-831d1efd77ea.jpeg
2022-02-25 16:03:29.294 INFO Train - trainImages: loading image done
2022-02-25 16:03:29.294 INFO Train - trainImages: finding the encoding of image
2022-02-25 16:03:29.504 ERROR Train - trainImages: no face is detected in image
2022-02-25 16:03:29.504 INFO Train - trainImages: skiping to find encodes of this image
2022-02-25 16:03:29.505 INFO Train - trainImages: loading image
2022-02-25 16:03:29.508 DEBUG Train - trainImages: /home/vikasjoshis001/Desktop/FaceRecognition/images_to_train/Vikas-/Vikas.528737a4-9625-11ec-b187-831d1efd77ea.jpeg
2022-02-25 16:03:29.508 INFO Train - trainImages: loading image done
2022-02-25 16:03:29.508 INFO Train - trainImages: finding the encoding of image
2022-02-25 16:03:29.781 ERROR Train - trainImages: no face is detected in image
2022-02-25 16:03:29.781 INFO Train - trainImages: skiping to find encodes of this image
2022-02-25 16:03:29.781 INFO Train - trainImages: loading image
2022-02-25 16:03:29.784 DEBUG Train - trainImages: /home/vikasjoshis001/Desktop/FaceRecognition/images_to_train/Vikas-/Vikas.5151e501-9625-11ec-b187-831d1efd77ea.jpeg
2022-02-25 16:03:29.785 INFO Train - trainImages: loading image done
2022-02-25 16:03:29.785 INFO Train - trainImages: finding the encoding of image
2022-02-25 16:03:30.076 ERROR Train - trainImages: no face is detected in image
2022-02-25 16:03:30.077 INFO Train - trainImages: skiping to find encodes of this image
2022-02-25 16:03:30.077 INFO Train - trainImages: loading image
2022-02-25 16:03:30.080 DEBUG Train - trainImages: /home/vikasjoshis001/Desktop/FaceRecognition/images_to_train/Vikas-/Vikas.507ca30f-9625-11ec-b187-831d1efd77ea.jpeg
2022-02-25 16:03:30.080 INFO Train - trainImages: loading image done
2022-02-25 16:03:30.080 INFO Train - trainImages: finding the encoding of image
2022-02-25 16:03:30.240 ERROR Train - trainImages: no face is detected in image
2022-02-25 16:03:30.240 INFO Train - trainImages: skiping to find encodes of this image
2022-02-25 16:03:30.240 INFO Train - trainImages: getting average of encodings of loaded images
