2022-02-24 19:35:51.404 INFO Train - <module>: MongoDB database connected successfully
2022-02-24 19:35:51.406 INFO Train - <module>: collected all folders in known_people folder
2022-02-24 19:35:51.406 DEBUG Train - <module>: ['tyrion lannister', 'denerys targeryan', 'cersie lannister', 'king in the north', 'arya stark']
2022-02-24 19:35:51.407 INFO Train - <module>: collected all images from all folders in known_people folder
2022-02-24 19:35:51.407 DEBUG Train - <module>: [['/home/vikasjoshis001/Desktop/FaceRecognition/images_to_train/tyrion lannister/images5.jpeg', '/home/vikasjoshis001/Desktop/FaceRecognition/images_to_train/tyrion lannister/index3.jpeg', '/home/vikasjoshis001/Desktop/FaceRecognition/images_to_train/tyrion lannister/index1.jpeg', '/home/vikasjoshis001/Desktop/FaceRecognition/images_to_train/tyrion lannister/index2.jpeg', '/home/vikasjoshis001/Desktop/FaceRecognition/images_to_train/tyrion lannister/index4.jpeg'], ['/home/vikasjoshis001/Desktop/FaceRecognition/images_to_train/denerys targeryan/index3.jpeg', '/home/vikasjoshis001/Desktop/FaceRecognition/images_to_train/denerys targeryan/index5.jpeg', '/home/vikasjoshis001/Desktop/FaceRecognition/images_to_train/denerys targeryan/index1.jpeg', '/home/vikasjoshis001/Desktop/FaceRecognition/images_to_train/denerys targeryan/index2.jpeg', '/home/vikasjoshis001/Desktop/FaceRecognition/images_to_train/denerys targeryan/index4.jpeg'], ['/home/vikasjoshis001/Desktop/FaceRecognition/images_to_train/cersie lannister/index3.jpeg', '/home/vikasjoshis001/Desktop/FaceRecognition/images_to_train/cersie lannister/index5.jpeg', '/home/vikasjoshis001/Desktop/FaceRecognition/images_to_train/cersie lannister/index2.jpeg', '/home/vikasjoshis001/Desktop/FaceRecognition/images_to_train/cersie lannister/index4.jpeg'], ['/home/vikasjoshis001/Desktop/FaceRecognition/images_to_train/king in the north/index.jpeg', '/home/vikasjoshis001/Desktop/FaceRecognition/images_to_train/king in the north/index3.jpeg', '/home/vikasjoshis001/Desktop/FaceRecognition/images_to_train/king in the north/index5.jpeg', '/home/vikasjoshis001/Desktop/FaceRecognition/images_to_train/king in the north/index2.jpeg', '/home/vikasjoshis001/Desktop/FaceRecognition/images_to_train/king in the north/index4.jpeg'], ['/home/vikasjoshis001/Desktop/FaceRecognition/images_to_train/arya stark/index.jpeg', '/home/vikasjoshis001/Desktop/FaceRecognition/images_to_train/arya stark/index3.jpeg', '/home/vikasjoshis001/Desktop/FaceRecognition/images_to_train/arya stark/index5.jpeg', '/home/vikasjoshis001/Desktop/FaceRecognition/images_to_train/arya stark/index2.jpeg', '/home/vikasjoshis001/Desktop/FaceRecognition/images_to_train/arya stark/images4.jpeg']]
2022-02-24 19:35:51.407 INFO Train - <module>: started loading images and finding their encodings
2022-02-24 19:35:51.407 INFO Train - <module>: loading image
2022-02-24 19:35:51.413 DEBUG Train - <module>: /home/vikasjoshis001/Desktop/FaceRecognition/images_to_train/tyrion lannister/images5.jpeg
2022-02-24 19:35:51.413 INFO Train - <module>: loading image done
2022-02-24 19:35:51.413 INFO Train - <module>: finding the encoding of image
2022-02-24 19:35:51.488 INFO Train - <module>: finding encoding of image is done
2022-02-24 19:35:51.489 INFO Train - <module>: loading image
2022-02-24 19:35:51.489 DEBUG Train - <module>: /home/vikasjoshis001/Desktop/FaceRecognition/images_to_train/tyrion lannister/index3.jpeg
2022-02-24 19:35:51.489 INFO Train - <module>: loading image done
2022-02-24 19:35:51.489 INFO Train - <module>: finding the encoding of image
2022-02-24 19:35:51.553 INFO Train - <module>: finding encoding of image is done
2022-02-24 19:35:51.553 INFO Train - <module>: loading image
2022-02-24 19:35:51.554 DEBUG Train - <module>: /home/vikasjoshis001/Desktop/FaceRecognition/images_to_train/tyrion lannister/index1.jpeg
2022-02-24 19:35:51.554 INFO Train - <module>: loading image done
2022-02-24 19:35:51.554 INFO Train - <module>: finding the encoding of image
2022-02-24 19:35:51.618 INFO Train - <module>: finding encoding of image is done
2022-02-24 19:35:51.618 INFO Train - <module>: loading image
2022-02-24 19:35:51.619 DEBUG Train - <module>: /home/vikasjoshis001/Desktop/FaceRecognition/images_to_train/tyrion lannister/index2.jpeg
2022-02-24 19:35:51.619 INFO Train - <module>: loading image done
2022-02-24 19:35:51.619 INFO Train - <module>: finding the encoding of image
2022-02-24 19:35:51.686 INFO Train - <module>: finding encoding of image is done
2022-02-24 19:35:51.686 INFO Train - <module>: loading image
2022-02-24 19:35:51.687 DEBUG Train - <module>: /home/vikasjoshis001/Desktop/FaceRecognition/images_to_train/tyrion lannister/index4.jpeg
2022-02-24 19:35:51.687 INFO Train - <module>: loading image done
2022-02-24 19:35:51.687 INFO Train - <module>: finding the encoding of image
2022-02-24 19:35:51.751 INFO Train - <module>: finding encoding of image is done
2022-02-24 19:35:51.751 INFO Train - <module>: getting average of encodings of loaded images
2022-02-24 19:35:51.752 INFO Train - <module>: done with getting average encodings
2022-02-24 19:35:51.752 INFO Train - <module>: storing the name and encoding in local dictionary
2022-02-24 19:35:51.752 INFO Train - <module>: stored name and encodes in local dictionary
2022-02-24 19:35:51.752 INFO Train - <module>: storing the name and encodings in mongodb
2022-02-24 19:35:51.753 INFO Train - <module>: stored all name and encodes in mongodb
2022-02-24 19:35:51.753 INFO Train - <module>: started loading images and finding their encodings
2022-02-24 19:35:51.753 INFO Train - <module>: loading image
2022-02-24 19:35:51.754 DEBUG Train - <module>: /home/vikasjoshis001/Desktop/FaceRecognition/images_to_train/denerys targeryan/index3.jpeg
2022-02-24 19:35:51.754 INFO Train - <module>: loading image done
2022-02-24 19:35:51.754 INFO Train - <module>: finding the encoding of image
2022-02-24 19:35:51.818 INFO Train - <module>: finding encoding of image is done
2022-02-24 19:35:51.818 INFO Train - <module>: loading image
2022-02-24 19:35:51.819 DEBUG Train - <module>: /home/vikasjoshis001/Desktop/FaceRecognition/images_to_train/denerys targeryan/index5.jpeg
2022-02-24 19:35:51.819 INFO Train - <module>: loading image done
2022-02-24 19:35:51.819 INFO Train - <module>: finding the encoding of image
2022-02-24 19:35:51.889 INFO Train - <module>: finding encoding of image is done
2022-02-24 19:35:51.889 INFO Train - <module>: loading image
2022-02-24 19:35:51.889 DEBUG Train - <module>: /home/vikasjoshis001/Desktop/FaceRecognition/images_to_train/denerys targeryan/index1.jpeg
2022-02-24 19:35:51.889 INFO Train - <module>: loading image done
2022-02-24 19:35:51.889 INFO Train - <module>: finding the encoding of image
2022-02-24 19:35:51.955 INFO Train - <module>: finding encoding of image is done
2022-02-24 19:35:51.955 INFO Train - <module>: loading image
2022-02-24 19:35:51.956 DEBUG Train - <module>: /home/vikasjoshis001/Desktop/FaceRecognition/images_to_train/denerys targeryan/index2.jpeg
2022-02-24 19:35:51.956 INFO Train - <module>: loading image done
2022-02-24 19:35:51.956 INFO Train - <module>: finding the encoding of image
2022-02-24 19:35:52.022 INFO Train - <module>: finding encoding of image is done
2022-02-24 19:35:52.022 INFO Train - <module>: loading image
2022-02-24 19:35:52.022 DEBUG Train - <module>: /home/vikasjoshis001/Desktop/FaceRecognition/images_to_train/denerys targeryan/index4.jpeg
2022-02-24 19:35:52.022 INFO Train - <module>: loading image done
2022-02-24 19:35:52.022 INFO Train - <module>: finding the encoding of image
2022-02-24 19:35:52.085 INFO Train - <module>: finding encoding of image is done
2022-02-24 19:35:52.085 INFO Train - <module>: getting average of encodings of loaded images
2022-02-24 19:35:52.086 INFO Train - <module>: done with getting average encodings
2022-02-24 19:35:52.086 INFO Train - <module>: storing the name and encoding in local dictionary
2022-02-24 19:35:52.086 INFO Train - <module>: stored name and encodes in local dictionary
2022-02-24 19:35:52.086 INFO Train - <module>: storing the name and encodings in mongodb
2022-02-24 19:35:52.086 INFO Train - <module>: stored all name and encodes in mongodb
