2022-03-31 09:41:01.335 INFO Train - trainImages: MongoDB database connected successfully
2022-03-31 09:41:01.340 INFO Train - trainImages: collected all folders in known_people folder
2022-03-31 09:41:01.340 DEBUG Train - trainImages: ['tyrion lannister', 'vikas-2022-03-30 09:32:56.741130', 'denerys targeryan', 'A-2022-03-31 09:40:54.832441', 'cjkdvjkd-2022-03-30 09:30:32.968615', 'cersie lannister', 'king in the north', 'V-2022-03-31 09:38:29.130193', 'fbfg-2022-03-31 09:37:47.861885', 'arya stark', 'Vikas-2022-03-12 15:33:49.979215', 'G-2022-03-31 09:39:32.117826']
2022-03-31 09:41:01.347 INFO Train - trainImages: collected all images from all folders in known_people folder
2022-03-31 09:41:01.348 DEBUG Train - trainImages: [['/home/vikasjoshis001/Desktop/Gestures/images_to_train/tyrion lannister/images5.jpeg', '/home/vikasjoshis001/Desktop/Gestures/images_to_train/tyrion lannister/index3.jpeg', '/home/vikasjoshis001/Desktop/Gestures/images_to_train/tyrion lannister/index1.jpeg', '/home/vikasjoshis001/Desktop/Gestures/images_to_train/tyrion lannister/index2.jpeg', '/home/vikasjoshis001/Desktop/Gestures/images_to_train/tyrion lannister/index4.jpeg'], [], ['/home/vikasjoshis001/Desktop/Gestures/images_to_train/denerys targeryan/index3.jpeg', '/home/vikasjoshis001/Desktop/Gestures/images_to_train/denerys targeryan/index5.jpeg', '/home/vikasjoshis001/Desktop/Gestures/images_to_train/denerys targeryan/index1.jpeg', '/home/vikasjoshis001/Desktop/Gestures/images_to_train/denerys targeryan/index2.jpeg', '/home/vikasjoshis001/Desktop/Gestures/images_to_train/denerys targeryan/index4.jpeg'], ['/home/vikasjoshis001/Desktop/Gestures/images_to_train/A-2022-03-31 09:40:54.832441/A.9266ad12-b0a8-11ec-9deb-653b24300c24.jpeg', '/home/vikasjoshis001/Desktop/Gestures/images_to_train/A-2022-03-31 09:40:54.832441/A.912d96f4-b0a8-11ec-9deb-653b24300c24.jpeg', '/home/vikasjoshis001/Desktop/Gestures/images_to_train/A-2022-03-31 09:40:54.832441/A.8fdd0e92-b0a8-11ec-9deb-653b24300c24.jpeg', '/home/vikasjoshis001/Desktop/Gestures/images_to_train/A-2022-03-31 09:40:54.832441/A.8fdd0e93-b0a8-11ec-9deb-653b24300c24.jpeg', '/home/vikasjoshis001/Desktop/Gestures/images_to_train/A-2022-03-31 09:40:54.832441/A.912d96f5-b0a8-11ec-9deb-653b24300c24.jpeg'], [], ['/home/vikasjoshis001/Desktop/Gestures/images_to_train/cersie lannister/index3.jpeg', '/home/vikasjoshis001/Desktop/Gestures/images_to_train/cersie lannister/index5.jpeg', '/home/vikasjoshis001/Desktop/Gestures/images_to_train/cersie lannister/index2.jpeg', '/home/vikasjoshis001/Desktop/Gestures/images_to_train/cersie lannister/index4.jpeg'], ['/home/vikasjoshis001/Desktop/Gestures/images_to_train/king in the north/index.jpeg', '/home/vikasjoshis001/Desktop/Gestures/images_to_train/king in the north/index3.jpeg', '/home/vikasjoshis001/Desktop/Gestures/images_to_train/king in the north/index5.jpeg', '/home/vikasjoshis001/Desktop/Gestures/images_to_train/king in the north/index2.jpeg', '/home/vikasjoshis001/Desktop/Gestures/images_to_train/king in the north/index4.jpeg'], [], [], ['/home/vikasjoshis001/Desktop/Gestures/images_to_train/arya stark/index.jpeg', '/home/vikasjoshis001/Desktop/Gestures/images_to_train/arya stark/index3.jpeg', '/home/vikasjoshis001/Desktop/Gestures/images_to_train/arya stark/index5.jpeg', '/home/vikasjoshis001/Desktop/Gestures/images_to_train/arya stark/index2.jpeg', '/home/vikasjoshis001/Desktop/Gestures/images_to_train/arya stark/images4.jpeg'], ['/home/vikasjoshis001/Desktop/Gestures/images_to_train/Vikas-2022-03-12 15:33:49.979215/Vikas.b761c802-a1eb-11ec-a348-e960390a4373.jpeg', '/home/vikasjoshis001/Desktop/Gestures/images_to_train/Vikas-2022-03-12 15:33:49.979215/Vikas.b9e21fbe-a1eb-11ec-a348-e960390a4373.jpeg', '/home/vikasjoshis001/Desktop/Gestures/images_to_train/Vikas-2022-03-12 15:33:49.979215/Vikas.b761c803-a1eb-11ec-a348-e960390a4373.jpeg', '/home/vikasjoshis001/Desktop/Gestures/images_to_train/Vikas-2022-03-12 15:33:49.979215/Vikas.b8aa7a74-a1eb-11ec-a348-e960390a4373.jpeg', '/home/vikasjoshis001/Desktop/Gestures/images_to_train/Vikas-2022-03-12 15:33:49.979215/Vikas.b8aa7a75-a1eb-11ec-a348-e960390a4373.jpeg'], ['/home/vikasjoshis001/Desktop/Gestures/images_to_train/G-2022-03-31 09:39:32.117826/G.603b2e26-b0a8-11ec-9deb-653b24300c24.jpeg', '/home/vikasjoshis001/Desktop/Gestures/images_to_train/G-2022-03-31 09:39:32.117826/G.6173ea9f-b0a8-11ec-9deb-653b24300c24.jpeg', '/home/vikasjoshis001/Desktop/Gestures/images_to_train/G-2022-03-31 09:39:32.117826/G.6173ea9e-b0a8-11ec-9deb-653b24300c24.jpeg', '/home/vikasjoshis001/Desktop/Gestures/images_to_train/G-2022-03-31 09:39:32.117826/G.603b2e27-b0a8-11ec-9deb-653b24300c24.jpeg', '/home/vikasjoshis001/Desktop/Gestures/images_to_train/G-2022-03-31 09:39:32.117826/G.5e8f5ca0-b0a8-11ec-9deb-653b24300c24.jpeg']]
2022-03-31 09:41:01.350 INFO Train - trainImages: started loading images and finding their encodings
2022-03-31 09:41:01.351 INFO Train - trainImages: loading image
2022-03-31 09:41:01.363 DEBUG Train - trainImages: /home/vikasjoshis001/Desktop/Gestures/images_to_train/tyrion lannister/images5.jpeg
2022-03-31 09:41:01.364 INFO Train - trainImages: loading image done
2022-03-31 09:41:01.364 INFO Train - trainImages: finding the encoding of image
2022-03-31 09:41:01.460 INFO Train - trainImages: finding encoding of image is done
2022-03-31 09:41:01.460 INFO Train - trainImages: loading image
2022-03-31 09:41:01.461 DEBUG Train - trainImages: /home/vikasjoshis001/Desktop/Gestures/images_to_train/tyrion lannister/index3.jpeg
2022-03-31 09:41:01.461 INFO Train - trainImages: loading image done
2022-03-31 09:41:01.461 INFO Train - trainImages: finding the encoding of image
2022-03-31 09:41:01.543 INFO Train - trainImages: finding encoding of image is done
2022-03-31 09:41:01.543 INFO Train - trainImages: loading image
2022-03-31 09:41:01.544 DEBUG Train - trainImages: /home/vikasjoshis001/Desktop/Gestures/images_to_train/tyrion lannister/index1.jpeg
2022-03-31 09:41:01.544 INFO Train - trainImages: loading image done
2022-03-31 09:41:01.544 INFO Train - trainImages: finding the encoding of image
2022-03-31 09:41:01.620 INFO Train - trainImages: finding encoding of image is done
2022-03-31 09:41:01.620 INFO Train - trainImages: loading image
2022-03-31 09:41:01.621 DEBUG Train - trainImages: /home/vikasjoshis001/Desktop/Gestures/images_to_train/tyrion lannister/index2.jpeg
2022-03-31 09:41:01.621 INFO Train - trainImages: loading image done
2022-03-31 09:41:01.622 INFO Train - trainImages: finding the encoding of image
2022-03-31 09:41:01.696 INFO Train - trainImages: finding encoding of image is done
2022-03-31 09:41:01.696 INFO Train - trainImages: loading image
2022-03-31 09:41:01.697 DEBUG Train - trainImages: /home/vikasjoshis001/Desktop/Gestures/images_to_train/tyrion lannister/index4.jpeg
2022-03-31 09:41:01.697 INFO Train - trainImages: loading image done
2022-03-31 09:41:01.697 INFO Train - trainImages: finding the encoding of image
2022-03-31 09:41:01.769 INFO Train - trainImages: finding encoding of image is done
2022-03-31 09:41:01.770 INFO Train - trainImages: getting average of encodings of loaded images
2022-03-31 09:41:01.770 INFO Train - trainImages: done with getting average encodings
2022-03-31 09:41:01.770 INFO Train - trainImages: storing the name and encoding in local dictionary
2022-03-31 09:41:01.770 INFO Train - trainImages: stored name and encodes in local dictionary
2022-03-31 09:41:01.770 INFO Train - trainImages: storing the name and encodings in mongodb
2022-03-31 09:41:01.771 INFO Train - trainImages: stored all name and encodes in mongodb
2022-03-31 09:41:01.771 DEBUG Train - trainImages: vikas-2022-03-30 09:32:56.741130
2022-03-31 09:41:01.771 ERROR Train - trainImages: above folder is empty with no images
2022-03-31 09:41:01.771 INFO Train - trainImages: exiting the program with no updates in training
