2022-04-03 12:37:21.618 INFO Train - trainImages: MongoDB database connected successfully
2022-04-03 12:37:21.625 INFO Train - trainImages: collected all folders in known_people folder
2022-04-03 12:37:21.625 DEBUG Train - trainImages: ['tyrion lannister', 'denerys targeryan', 'cersie lannister', 'king in the north', 'arya stark']
2022-04-03 12:37:21.627 INFO Train - trainImages: collected all images from all folders in known_people folder
2022-04-03 12:37:21.628 DEBUG Train - trainImages: [['/home/vikasjoshis001/Desktop/Gestures/images_to_train/tyrion lannister/images5.jpeg', '/home/vikasjoshis001/Desktop/Gestures/images_to_train/tyrion lannister/index3.jpeg', '/home/vikasjoshis001/Desktop/Gestures/images_to_train/tyrion lannister/index1.jpeg', '/home/vikasjoshis001/Desktop/Gestures/images_to_train/tyrion lannister/index2.jpeg', '/home/vikasjoshis001/Desktop/Gestures/images_to_train/tyrion lannister/index4.jpeg'], ['/home/vikasjoshis001/Desktop/Gestures/images_to_train/denerys targeryan/index3.jpeg', '/home/vikasjoshis001/Desktop/Gestures/images_to_train/denerys targeryan/index5.jpeg', '/home/vikasjoshis001/Desktop/Gestures/images_to_train/denerys targeryan/index1.jpeg', '/home/vikasjoshis001/Desktop/Gestures/images_to_train/denerys targeryan/index2.jpeg', '/home/vikasjoshis001/Desktop/Gestures/images_to_train/denerys targeryan/index4.jpeg'], ['/home/vikasjoshis001/Desktop/Gestures/images_to_train/cersie lannister/index3.jpeg', '/home/vikasjoshis001/Desktop/Gestures/images_to_train/cersie lannister/index5.jpeg', '/home/vikasjoshis001/Desktop/Gestures/images_to_train/cersie lannister/index2.jpeg', '/home/vikasjoshis001/Desktop/Gestures/images_to_train/cersie lannister/index4.jpeg'], ['/home/vikasjoshis001/Desktop/Gestures/images_to_train/king in the north/index.jpeg', '/home/vikasjoshis001/Desktop/Gestures/images_to_train/king in the north/index3.jpeg', '/home/vikasjoshis001/Desktop/Gestures/images_to_train/king in the north/index5.jpeg', '/home/vikasjoshis001/Desktop/Gestures/images_to_train/king in the north/index2.jpeg', '/home/vikasjoshis001/Desktop/Gestures/images_to_train/king in the north/index4.jpeg'], ['/home/vikasjoshis001/Desktop/Gestures/images_to_train/arya stark/index.jpeg', '/home/vikasjoshis001/Desktop/Gestures/images_to_train/arya stark/index3.jpeg', '/home/vikasjoshis001/Desktop/Gestures/images_to_train/arya stark/index5.jpeg', '/home/vikasjoshis001/Desktop/Gestures/images_to_train/arya stark/index2.jpeg', '/home/vikasjoshis001/Desktop/Gestures/images_to_train/arya stark/images4.jpeg']]
2022-04-03 12:37:21.630 INFO Train - trainImages: started loading images and finding their encodings
2022-04-03 12:37:21.630 INFO Train - trainImages: loading image
2022-04-03 12:37:21.655 DEBUG Train - trainImages: /home/vikasjoshis001/Desktop/Gestures/images_to_train/tyrion lannister/images5.jpeg
2022-04-03 12:37:21.655 INFO Train - trainImages: loading image done
2022-04-03 12:37:21.655 INFO Train - trainImages: finding the encoding of image
2022-04-03 12:37:21.738 INFO Train - trainImages: finding encoding of image is done
2022-04-03 12:37:21.738 INFO Train - trainImages: loading image
2022-04-03 12:37:21.739 DEBUG Train - trainImages: /home/vikasjoshis001/Desktop/Gestures/images_to_train/tyrion lannister/index3.jpeg
2022-04-03 12:37:21.739 INFO Train - trainImages: loading image done
2022-04-03 12:37:21.739 INFO Train - trainImages: finding the encoding of image
2022-04-03 12:37:21.809 INFO Train - trainImages: finding encoding of image is done
2022-04-03 12:37:21.809 INFO Train - trainImages: loading image
2022-04-03 12:37:21.810 DEBUG Train - trainImages: /home/vikasjoshis001/Desktop/Gestures/images_to_train/tyrion lannister/index1.jpeg
2022-04-03 12:37:21.810 INFO Train - trainImages: loading image done
2022-04-03 12:37:21.810 INFO Train - trainImages: finding the encoding of image
2022-04-03 12:37:21.879 INFO Train - trainImages: finding encoding of image is done
2022-04-03 12:37:21.879 INFO Train - trainImages: loading image
2022-04-03 12:37:21.879 DEBUG Train - trainImages: /home/vikasjoshis001/Desktop/Gestures/images_to_train/tyrion lannister/index2.jpeg
2022-04-03 12:37:21.879 INFO Train - trainImages: loading image done
2022-04-03 12:37:21.879 INFO Train - trainImages: finding the encoding of image
2022-04-03 12:37:21.952 INFO Train - trainImages: finding encoding of image is done
2022-04-03 12:37:21.952 INFO Train - trainImages: loading image
2022-04-03 12:37:21.953 DEBUG Train - trainImages: /home/vikasjoshis001/Desktop/Gestures/images_to_train/tyrion lannister/index4.jpeg
2022-04-03 12:37:21.953 INFO Train - trainImages: loading image done
2022-04-03 12:37:21.953 INFO Train - trainImages: finding the encoding of image
2022-04-03 12:37:22.020 INFO Train - trainImages: finding encoding of image is done
2022-04-03 12:37:22.020 INFO Train - trainImages: getting average of encodings of loaded images
2022-04-03 12:37:22.021 INFO Train - trainImages: done with getting average encodings
2022-04-03 12:37:22.021 INFO Train - trainImages: storing the name and encoding in local dictionary
2022-04-03 12:37:22.021 INFO Train - trainImages: stored name and encodes in local dictionary
2022-04-03 12:37:22.021 INFO Train - trainImages: storing the name and encodings in mongodb
2022-04-03 12:37:22.022 INFO Train - trainImages: stored all name and encodes in mongodb
2022-04-03 12:37:22.022 INFO Train - trainImages: started loading images and finding their encodings
2022-04-03 12:37:22.022 INFO Train - trainImages: loading image
2022-04-03 12:37:22.023 DEBUG Train - trainImages: /home/vikasjoshis001/Desktop/Gestures/images_to_train/denerys targeryan/index3.jpeg
2022-04-03 12:37:22.023 INFO Train - trainImages: loading image done
2022-04-03 12:37:22.023 INFO Train - trainImages: finding the encoding of image
2022-04-03 12:37:22.093 INFO Train - trainImages: finding encoding of image is done
2022-04-03 12:37:22.093 INFO Train - trainImages: loading image
2022-04-03 12:37:22.094 DEBUG Train - trainImages: /home/vikasjoshis001/Desktop/Gestures/images_to_train/denerys targeryan/index5.jpeg
2022-04-03 12:37:22.094 INFO Train - trainImages: loading image done
2022-04-03 12:37:22.094 INFO Train - trainImages: finding the encoding of image
2022-04-03 12:37:22.165 INFO Train - trainImages: finding encoding of image is done
2022-04-03 12:37:22.165 INFO Train - trainImages: loading image
2022-04-03 12:37:22.165 DEBUG Train - trainImages: /home/vikasjoshis001/Desktop/Gestures/images_to_train/denerys targeryan/index1.jpeg
2022-04-03 12:37:22.166 INFO Train - trainImages: loading image done
2022-04-03 12:37:22.166 INFO Train - trainImages: finding the encoding of image
2022-04-03 12:37:22.237 INFO Train - trainImages: finding encoding of image is done
2022-04-03 12:37:22.237 INFO Train - trainImages: loading image
2022-04-03 12:37:22.238 DEBUG Train - trainImages: /home/vikasjoshis001/Desktop/Gestures/images_to_train/denerys targeryan/index2.jpeg
2022-04-03 12:37:22.238 INFO Train - trainImages: loading image done
2022-04-03 12:37:22.238 INFO Train - trainImages: finding the encoding of image
2022-04-03 12:37:22.309 INFO Train - trainImages: finding encoding of image is done
2022-04-03 12:37:22.309 INFO Train - trainImages: loading image
2022-04-03 12:37:22.310 DEBUG Train - trainImages: /home/vikasjoshis001/Desktop/Gestures/images_to_train/denerys targeryan/index4.jpeg
2022-04-03 12:37:22.310 INFO Train - trainImages: loading image done
2022-04-03 12:37:22.310 INFO Train - trainImages: finding the encoding of image
2022-04-03 12:37:22.377 INFO Train - trainImages: finding encoding of image is done
2022-04-03 12:37:22.377 INFO Train - trainImages: getting average of encodings of loaded images
2022-04-03 12:37:22.377 INFO Train - trainImages: done with getting average encodings
2022-04-03 12:37:22.377 INFO Train - trainImages: storing the name and encoding in local dictionary
2022-04-03 12:37:22.377 INFO Train - trainImages: stored name and encodes in local dictionary
2022-04-03 12:37:22.377 INFO Train - trainImages: storing the name and encodings in mongodb
2022-04-03 12:37:22.378 INFO Train - trainImages: stored all name and encodes in mongodb
2022-04-03 12:37:22.378 INFO Train - trainImages: started loading images and finding their encodings
2022-04-03 12:37:22.378 INFO Train - trainImages: loading image
2022-04-03 12:37:22.380 DEBUG Train - trainImages: /home/vikasjoshis001/Desktop/Gestures/images_to_train/cersie lannister/index3.jpeg
2022-04-03 12:37:22.380 INFO Train - trainImages: loading image done
2022-04-03 12:37:22.380 INFO Train - trainImages: finding the encoding of image
2022-04-03 12:37:22.447 INFO Train - trainImages: finding encoding of image is done
2022-04-03 12:37:22.447 INFO Train - trainImages: loading image
2022-04-03 12:37:22.449 DEBUG Train - trainImages: /home/vikasjoshis001/Desktop/Gestures/images_to_train/cersie lannister/index5.jpeg
2022-04-03 12:37:22.449 INFO Train - trainImages: loading image done
2022-04-03 12:37:22.449 INFO Train - trainImages: finding the encoding of image
2022-04-03 12:37:22.531 INFO Train - trainImages: finding encoding of image is done
2022-04-03 12:37:22.531 INFO Train - trainImages: loading image
2022-04-03 12:37:22.533 DEBUG Train - trainImages: /home/vikasjoshis001/Desktop/Gestures/images_to_train/cersie lannister/index2.jpeg
2022-04-03 12:37:22.533 INFO Train - trainImages: loading image done
2022-04-03 12:37:22.533 INFO Train - trainImages: finding the encoding of image
2022-04-03 12:37:22.603 INFO Train - trainImages: finding encoding of image is done
2022-04-03 12:37:22.603 INFO Train - trainImages: loading image
2022-04-03 12:37:22.605 DEBUG Train - trainImages: /home/vikasjoshis001/Desktop/Gestures/images_to_train/cersie lannister/index4.jpeg
2022-04-03 12:37:22.605 INFO Train - trainImages: loading image done
2022-04-03 12:37:22.605 INFO Train - trainImages: finding the encoding of image
2022-04-03 12:37:22.676 INFO Train - trainImages: finding encoding of image is done
2022-04-03 12:37:22.677 INFO Train - trainImages: getting average of encodings of loaded images
2022-04-03 12:37:22.677 INFO Train - trainImages: done with getting average encodings
2022-04-03 12:37:22.677 INFO Train - trainImages: storing the name and encoding in local dictionary
2022-04-03 12:37:22.677 INFO Train - trainImages: stored name and encodes in local dictionary
2022-04-03 12:37:22.677 INFO Train - trainImages: storing the name and encodings in mongodb
2022-04-03 12:37:22.678 INFO Train - trainImages: stored all name and encodes in mongodb
2022-04-03 12:37:22.678 INFO Train - trainImages: started loading images and finding their encodings
2022-04-03 12:37:22.678 INFO Train - trainImages: loading image
2022-04-03 12:37:22.679 DEBUG Train - trainImages: /home/vikasjoshis001/Desktop/Gestures/images_to_train/king in the north/index.jpeg
2022-04-03 12:37:22.679 INFO Train - trainImages: loading image done
2022-04-03 12:37:22.679 INFO Train - trainImages: finding the encoding of image
2022-04-03 12:37:22.749 INFO Train - trainImages: finding encoding of image is done
2022-04-03 12:37:22.749 INFO Train - trainImages: loading image
2022-04-03 12:37:22.750 DEBUG Train - trainImages: /home/vikasjoshis001/Desktop/Gestures/images_to_train/king in the north/index3.jpeg
2022-04-03 12:37:22.751 INFO Train - trainImages: loading image done
2022-04-03 12:37:22.751 INFO Train - trainImages: finding the encoding of image
2022-04-03 12:37:22.820 INFO Train - trainImages: finding encoding of image is done
2022-04-03 12:37:22.821 INFO Train - trainImages: loading image
2022-04-03 12:37:22.822 DEBUG Train - trainImages: /home/vikasjoshis001/Desktop/Gestures/images_to_train/king in the north/index5.jpeg
2022-04-03 12:37:22.822 INFO Train - trainImages: loading image done
2022-04-03 12:37:22.822 INFO Train - trainImages: finding the encoding of image
2022-04-03 12:37:22.890 INFO Train - trainImages: finding encoding of image is done
2022-04-03 12:37:22.890 INFO Train - trainImages: loading image
2022-04-03 12:37:22.892 DEBUG Train - trainImages: /home/vikasjoshis001/Desktop/Gestures/images_to_train/king in the north/index2.jpeg
2022-04-03 12:37:22.892 INFO Train - trainImages: loading image done
2022-04-03 12:37:22.892 INFO Train - trainImages: finding the encoding of image
2022-04-03 12:37:22.961 INFO Train - trainImages: finding encoding of image is done
2022-04-03 12:37:22.961 INFO Train - trainImages: loading image
2022-04-03 12:37:22.963 DEBUG Train - trainImages: /home/vikasjoshis001/Desktop/Gestures/images_to_train/king in the north/index4.jpeg
2022-04-03 12:37:22.963 INFO Train - trainImages: loading image done
2022-04-03 12:37:22.963 INFO Train - trainImages: finding the encoding of image
2022-04-03 12:37:23.033 INFO Train - trainImages: finding encoding of image is done
2022-04-03 12:37:23.033 INFO Train - trainImages: getting average of encodings of loaded images
2022-04-03 12:37:23.033 INFO Train - trainImages: done with getting average encodings
2022-04-03 12:37:23.033 INFO Train - trainImages: storing the name and encoding in local dictionary
2022-04-03 12:37:23.033 INFO Train - trainImages: stored name and encodes in local dictionary
2022-04-03 12:37:23.033 INFO Train - trainImages: storing the name and encodings in mongodb
2022-04-03 12:37:23.034 INFO Train - trainImages: stored all name and encodes in mongodb
2022-04-03 12:37:23.034 INFO Train - trainImages: started loading images and finding their encodings
2022-04-03 12:37:23.034 INFO Train - trainImages: loading image
2022-04-03 12:37:23.036 DEBUG Train - trainImages: /home/vikasjoshis001/Desktop/Gestures/images_to_train/arya stark/index.jpeg
2022-04-03 12:37:23.036 INFO Train - trainImages: loading image done
2022-04-03 12:37:23.036 INFO Train - trainImages: finding the encoding of image
2022-04-03 12:37:23.106 INFO Train - trainImages: finding encoding of image is done
2022-04-03 12:37:23.106 INFO Train - trainImages: loading image
2022-04-03 12:37:23.107 DEBUG Train - trainImages: /home/vikasjoshis001/Desktop/Gestures/images_to_train/arya stark/index3.jpeg
2022-04-03 12:37:23.107 INFO Train - trainImages: loading image done
2022-04-03 12:37:23.107 INFO Train - trainImages: finding the encoding of image
2022-04-03 12:37:23.175 INFO Train - trainImages: finding encoding of image is done
2022-04-03 12:37:23.176 INFO Train - trainImages: loading image
2022-04-03 12:37:23.177 DEBUG Train - trainImages: /home/vikasjoshis001/Desktop/Gestures/images_to_train/arya stark/index5.jpeg
2022-04-03 12:37:23.177 INFO Train - trainImages: loading image done
2022-04-03 12:37:23.177 INFO Train - trainImages: finding the encoding of image
2022-04-03 12:37:23.248 INFO Train - trainImages: finding encoding of image is done
2022-04-03 12:37:23.248 INFO Train - trainImages: loading image
2022-04-03 12:37:23.250 DEBUG Train - trainImages: /home/vikasjoshis001/Desktop/Gestures/images_to_train/arya stark/index2.jpeg
2022-04-03 12:37:23.250 INFO Train - trainImages: loading image done
2022-04-03 12:37:23.250 INFO Train - trainImages: finding the encoding of image
2022-04-03 12:37:23.319 INFO Train - trainImages: finding encoding of image is done
2022-04-03 12:37:23.320 INFO Train - trainImages: loading image
2022-04-03 12:37:23.321 DEBUG Train - trainImages: /home/vikasjoshis001/Desktop/Gestures/images_to_train/arya stark/images4.jpeg
2022-04-03 12:37:23.321 INFO Train - trainImages: loading image done
2022-04-03 12:37:23.321 INFO Train - trainImages: finding the encoding of image
2022-04-03 12:37:23.390 INFO Train - trainImages: finding encoding of image is done
2022-04-03 12:37:23.390 INFO Train - trainImages: getting average of encodings of loaded images
2022-04-03 12:37:23.390 INFO Train - trainImages: done with getting average encodings
2022-04-03 12:37:23.390 INFO Train - trainImages: storing the name and encoding in local dictionary
2022-04-03 12:37:23.390 INFO Train - trainImages: stored name and encodes in local dictionary
2022-04-03 12:37:23.390 INFO Train - trainImages: storing the name and encodings in mongodb
2022-04-03 12:37:23.391 INFO Train - trainImages: stored all name and encodes in mongodb
