2022-04-01 07:18:07.229 INFO Train - trainImages: MongoDB database connected successfully
2022-04-01 07:18:07.234 INFO Train - trainImages: collected all folders in known_people folder
2022-04-01 07:18:07.234 DEBUG Train - trainImages: ['tyrion lannister', 'denerys targeryan', 'cersie lannister', 'Vikas-2022-03-31 13:17:26.260103', 'king in the north', 'arya stark']
2022-04-01 07:18:07.237 INFO Train - trainImages: collected all images from all folders in known_people folder
2022-04-01 07:18:07.237 DEBUG Train - trainImages: [['/home/vikasjoshis001/Desktop/Gestures/images_to_train/tyrion lannister/images5.jpeg', '/home/vikasjoshis001/Desktop/Gestures/images_to_train/tyrion lannister/index3.jpeg', '/home/vikasjoshis001/Desktop/Gestures/images_to_train/tyrion lannister/index1.jpeg', '/home/vikasjoshis001/Desktop/Gestures/images_to_train/tyrion lannister/index2.jpeg', '/home/vikasjoshis001/Desktop/Gestures/images_to_train/tyrion lannister/index4.jpeg'], ['/home/vikasjoshis001/Desktop/Gestures/images_to_train/denerys targeryan/index3.jpeg', '/home/vikasjoshis001/Desktop/Gestures/images_to_train/denerys targeryan/index5.jpeg', '/home/vikasjoshis001/Desktop/Gestures/images_to_train/denerys targeryan/index1.jpeg', '/home/vikasjoshis001/Desktop/Gestures/images_to_train/denerys targeryan/index2.jpeg', '/home/vikasjoshis001/Desktop/Gestures/images_to_train/denerys targeryan/index4.jpeg'], ['/home/vikasjoshis001/Desktop/Gestures/images_to_train/cersie lannister/index3.jpeg', '/home/vikasjoshis001/Desktop/Gestures/images_to_train/cersie lannister/index5.jpeg', '/home/vikasjoshis001/Desktop/Gestures/images_to_train/cersie lannister/index2.jpeg', '/home/vikasjoshis001/Desktop/Gestures/images_to_train/cersie lannister/index4.jpeg'], ['/home/vikasjoshis001/Desktop/Gestures/images_to_train/Vikas-2022-03-31 13:17:26.260103/Vikas.d18bc824-b0c6-11ec-95c9-353773ec36e1.jpeg', '/home/vikasjoshis001/Desktop/Gestures/images_to_train/Vikas-2022-03-31 13:17:26.260103/Vikas.d056c17b-b0c6-11ec-95c9-353773ec36e1.jpeg', '/home/vikasjoshis001/Desktop/Gestures/images_to_train/Vikas-2022-03-31 13:17:26.260103/Vikas.cf0c4b78-b0c6-11ec-95c9-353773ec36e1.jpeg', '/home/vikasjoshis001/Desktop/Gestures/images_to_train/Vikas-2022-03-31 13:17:26.260103/Vikas.cf0c4b79-b0c6-11ec-95c9-353773ec36e1.jpeg', '/home/vikasjoshis001/Desktop/Gestures/images_to_train/Vikas-2022-03-31 13:17:26.260103/Vikas.d056c17a-b0c6-11ec-95c9-353773ec36e1.jpeg'], ['/home/vikasjoshis001/Desktop/Gestures/images_to_train/king in the north/index.jpeg', '/home/vikasjoshis001/Desktop/Gestures/images_to_train/king in the north/index3.jpeg', '/home/vikasjoshis001/Desktop/Gestures/images_to_train/king in the north/index5.jpeg', '/home/vikasjoshis001/Desktop/Gestures/images_to_train/king in the north/index2.jpeg', '/home/vikasjoshis001/Desktop/Gestures/images_to_train/king in the north/index4.jpeg'], ['/home/vikasjoshis001/Desktop/Gestures/images_to_train/arya stark/index.jpeg', '/home/vikasjoshis001/Desktop/Gestures/images_to_train/arya stark/index3.jpeg', '/home/vikasjoshis001/Desktop/Gestures/images_to_train/arya stark/index5.jpeg', '/home/vikasjoshis001/Desktop/Gestures/images_to_train/arya stark/index2.jpeg', '/home/vikasjoshis001/Desktop/Gestures/images_to_train/arya stark/images4.jpeg']]
2022-04-01 07:18:07.238 INFO Train - trainImages: started loading images and finding their encodings
2022-04-01 07:18:07.238 INFO Train - trainImages: loading image
2022-04-01 07:18:07.264 DEBUG Train - trainImages: /home/vikasjoshis001/Desktop/Gestures/images_to_train/tyrion lannister/images5.jpeg
2022-04-01 07:18:07.264 INFO Train - trainImages: loading image done
2022-04-01 07:18:07.264 INFO Train - trainImages: finding the encoding of image
2022-04-01 07:18:07.354 INFO Train - trainImages: finding encoding of image is done
2022-04-01 07:18:07.354 INFO Train - trainImages: loading image
2022-04-01 07:18:07.355 DEBUG Train - trainImages: /home/vikasjoshis001/Desktop/Gestures/images_to_train/tyrion lannister/index3.jpeg
2022-04-01 07:18:07.355 INFO Train - trainImages: loading image done
2022-04-01 07:18:07.355 INFO Train - trainImages: finding the encoding of image
2022-04-01 07:18:07.422 INFO Train - trainImages: finding encoding of image is done
2022-04-01 07:18:07.423 INFO Train - trainImages: loading image
2022-04-01 07:18:07.423 DEBUG Train - trainImages: /home/vikasjoshis001/Desktop/Gestures/images_to_train/tyrion lannister/index1.jpeg
2022-04-01 07:18:07.423 INFO Train - trainImages: loading image done
2022-04-01 07:18:07.423 INFO Train - trainImages: finding the encoding of image
2022-04-01 07:18:07.490 INFO Train - trainImages: finding encoding of image is done
2022-04-01 07:18:07.490 INFO Train - trainImages: loading image
2022-04-01 07:18:07.491 DEBUG Train - trainImages: /home/vikasjoshis001/Desktop/Gestures/images_to_train/tyrion lannister/index2.jpeg
2022-04-01 07:18:07.491 INFO Train - trainImages: loading image done
2022-04-01 07:18:07.491 INFO Train - trainImages: finding the encoding of image
2022-04-01 07:18:07.561 INFO Train - trainImages: finding encoding of image is done
2022-04-01 07:18:07.561 INFO Train - trainImages: loading image
2022-04-01 07:18:07.562 DEBUG Train - trainImages: /home/vikasjoshis001/Desktop/Gestures/images_to_train/tyrion lannister/index4.jpeg
2022-04-01 07:18:07.562 INFO Train - trainImages: loading image done
2022-04-01 07:18:07.562 INFO Train - trainImages: finding the encoding of image
2022-04-01 07:18:07.633 INFO Train - trainImages: finding encoding of image is done
2022-04-01 07:18:07.633 INFO Train - trainImages: getting average of encodings of loaded images
2022-04-01 07:18:07.634 INFO Train - trainImages: done with getting average encodings
2022-04-01 07:18:07.634 INFO Train - trainImages: storing the name and encoding in local dictionary
2022-04-01 07:18:07.634 INFO Train - trainImages: stored name and encodes in local dictionary
2022-04-01 07:18:07.634 INFO Train - trainImages: storing the name and encodings in mongodb
2022-04-01 07:18:07.635 INFO Train - trainImages: stored all name and encodes in mongodb
2022-04-01 07:18:07.635 INFO Train - trainImages: started loading images and finding their encodings
2022-04-01 07:18:07.635 INFO Train - trainImages: loading image
2022-04-01 07:18:07.636 DEBUG Train - trainImages: /home/vikasjoshis001/Desktop/Gestures/images_to_train/denerys targeryan/index3.jpeg
2022-04-01 07:18:07.636 INFO Train - trainImages: loading image done
2022-04-01 07:18:07.636 INFO Train - trainImages: finding the encoding of image
2022-04-01 07:18:07.708 INFO Train - trainImages: finding encoding of image is done
2022-04-01 07:18:07.709 INFO Train - trainImages: loading image
2022-04-01 07:18:07.709 DEBUG Train - trainImages: /home/vikasjoshis001/Desktop/Gestures/images_to_train/denerys targeryan/index5.jpeg
2022-04-01 07:18:07.709 INFO Train - trainImages: loading image done
2022-04-01 07:18:07.709 INFO Train - trainImages: finding the encoding of image
2022-04-01 07:18:07.780 INFO Train - trainImages: finding encoding of image is done
2022-04-01 07:18:07.780 INFO Train - trainImages: loading image
2022-04-01 07:18:07.781 DEBUG Train - trainImages: /home/vikasjoshis001/Desktop/Gestures/images_to_train/denerys targeryan/index1.jpeg
2022-04-01 07:18:07.781 INFO Train - trainImages: loading image done
2022-04-01 07:18:07.781 INFO Train - trainImages: finding the encoding of image
2022-04-01 07:18:07.852 INFO Train - trainImages: finding encoding of image is done
2022-04-01 07:18:07.852 INFO Train - trainImages: loading image
2022-04-01 07:18:07.853 DEBUG Train - trainImages: /home/vikasjoshis001/Desktop/Gestures/images_to_train/denerys targeryan/index2.jpeg
2022-04-01 07:18:07.853 INFO Train - trainImages: loading image done
2022-04-01 07:18:07.853 INFO Train - trainImages: finding the encoding of image
2022-04-01 07:18:07.929 INFO Train - trainImages: finding encoding of image is done
2022-04-01 07:18:07.930 INFO Train - trainImages: loading image
2022-04-01 07:18:07.930 DEBUG Train - trainImages: /home/vikasjoshis001/Desktop/Gestures/images_to_train/denerys targeryan/index4.jpeg
2022-04-01 07:18:07.930 INFO Train - trainImages: loading image done
2022-04-01 07:18:07.930 INFO Train - trainImages: finding the encoding of image
2022-04-01 07:18:07.997 INFO Train - trainImages: finding encoding of image is done
2022-04-01 07:18:07.997 INFO Train - trainImages: getting average of encodings of loaded images
2022-04-01 07:18:07.997 INFO Train - trainImages: done with getting average encodings
2022-04-01 07:18:07.997 INFO Train - trainImages: storing the name and encoding in local dictionary
2022-04-01 07:18:07.997 INFO Train - trainImages: stored name and encodes in local dictionary
2022-04-01 07:18:07.997 INFO Train - trainImages: storing the name and encodings in mongodb
2022-04-01 07:18:07.998 INFO Train - trainImages: stored all name and encodes in mongodb
2022-04-01 07:18:07.998 INFO Train - trainImages: started loading images and finding their encodings
2022-04-01 07:18:07.998 INFO Train - trainImages: loading image
2022-04-01 07:18:07.999 DEBUG Train - trainImages: /home/vikasjoshis001/Desktop/Gestures/images_to_train/cersie lannister/index3.jpeg
2022-04-01 07:18:07.999 INFO Train - trainImages: loading image done
2022-04-01 07:18:07.999 INFO Train - trainImages: finding the encoding of image
2022-04-01 07:18:08.067 INFO Train - trainImages: finding encoding of image is done
2022-04-01 07:18:08.067 INFO Train - trainImages: loading image
2022-04-01 07:18:08.068 DEBUG Train - trainImages: /home/vikasjoshis001/Desktop/Gestures/images_to_train/cersie lannister/index5.jpeg
2022-04-01 07:18:08.068 INFO Train - trainImages: loading image done
2022-04-01 07:18:08.068 INFO Train - trainImages: finding the encoding of image
2022-04-01 07:18:08.137 INFO Train - trainImages: finding encoding of image is done
2022-04-01 07:18:08.137 INFO Train - trainImages: loading image
2022-04-01 07:18:08.137 DEBUG Train - trainImages: /home/vikasjoshis001/Desktop/Gestures/images_to_train/cersie lannister/index2.jpeg
2022-04-01 07:18:08.137 INFO Train - trainImages: loading image done
2022-04-01 07:18:08.138 INFO Train - trainImages: finding the encoding of image
2022-04-01 07:18:08.208 INFO Train - trainImages: finding encoding of image is done
2022-04-01 07:18:08.208 INFO Train - trainImages: loading image
2022-04-01 07:18:08.209 DEBUG Train - trainImages: /home/vikasjoshis001/Desktop/Gestures/images_to_train/cersie lannister/index4.jpeg
2022-04-01 07:18:08.209 INFO Train - trainImages: loading image done
2022-04-01 07:18:08.209 INFO Train - trainImages: finding the encoding of image
2022-04-01 07:18:08.279 INFO Train - trainImages: finding encoding of image is done
2022-04-01 07:18:08.279 INFO Train - trainImages: getting average of encodings of loaded images
2022-04-01 07:18:08.279 INFO Train - trainImages: done with getting average encodings
2022-04-01 07:18:08.279 INFO Train - trainImages: storing the name and encoding in local dictionary
2022-04-01 07:18:08.279 INFO Train - trainImages: stored name and encodes in local dictionary
2022-04-01 07:18:08.280 INFO Train - trainImages: storing the name and encodings in mongodb
2022-04-01 07:18:08.280 INFO Train - trainImages: stored all name and encodes in mongodb
2022-04-01 07:18:08.280 INFO Train - trainImages: started loading images and finding their encodings
2022-04-01 07:18:08.280 INFO Train - trainImages: loading image
2022-04-01 07:18:08.283 DEBUG Train - trainImages: /home/vikasjoshis001/Desktop/Gestures/images_to_train/Vikas-2022-03-31 13:17:26.260103/Vikas.d18bc824-b0c6-11ec-95c9-353773ec36e1.jpeg
2022-04-01 07:18:08.283 INFO Train - trainImages: loading image done
2022-04-01 07:18:08.283 INFO Train - trainImages: finding the encoding of image
2022-04-01 07:18:08.471 INFO Train - trainImages: finding encoding of image is done
2022-04-01 07:18:08.471 INFO Train - trainImages: loading image
2022-04-01 07:18:08.474 DEBUG Train - trainImages: /home/vikasjoshis001/Desktop/Gestures/images_to_train/Vikas-2022-03-31 13:17:26.260103/Vikas.d056c17b-b0c6-11ec-95c9-353773ec36e1.jpeg
2022-04-01 07:18:08.474 INFO Train - trainImages: loading image done
2022-04-01 07:18:08.474 INFO Train - trainImages: finding the encoding of image
2022-04-01 07:18:08.659 INFO Train - trainImages: finding encoding of image is done
2022-04-01 07:18:08.659 INFO Train - trainImages: loading image
2022-04-01 07:18:08.662 DEBUG Train - trainImages: /home/vikasjoshis001/Desktop/Gestures/images_to_train/Vikas-2022-03-31 13:17:26.260103/Vikas.cf0c4b78-b0c6-11ec-95c9-353773ec36e1.jpeg
2022-04-01 07:18:08.662 INFO Train - trainImages: loading image done
2022-04-01 07:18:08.662 INFO Train - trainImages: finding the encoding of image
2022-04-01 07:18:08.847 INFO Train - trainImages: finding encoding of image is done
2022-04-01 07:18:08.847 INFO Train - trainImages: loading image
2022-04-01 07:18:08.849 DEBUG Train - trainImages: /home/vikasjoshis001/Desktop/Gestures/images_to_train/Vikas-2022-03-31 13:17:26.260103/Vikas.cf0c4b79-b0c6-11ec-95c9-353773ec36e1.jpeg
2022-04-01 07:18:08.849 INFO Train - trainImages: loading image done
2022-04-01 07:18:08.849 INFO Train - trainImages: finding the encoding of image
2022-04-01 07:18:09.043 INFO Train - trainImages: finding encoding of image is done
2022-04-01 07:18:09.043 INFO Train - trainImages: loading image
2022-04-01 07:18:09.046 DEBUG Train - trainImages: /home/vikasjoshis001/Desktop/Gestures/images_to_train/Vikas-2022-03-31 13:17:26.260103/Vikas.d056c17a-b0c6-11ec-95c9-353773ec36e1.jpeg
2022-04-01 07:18:09.046 INFO Train - trainImages: loading image done
2022-04-01 07:18:09.046 INFO Train - trainImages: finding the encoding of image
2022-04-01 07:18:09.234 INFO Train - trainImages: finding encoding of image is done
2022-04-01 07:18:09.234 INFO Train - trainImages: getting average of encodings of loaded images
2022-04-01 07:18:09.235 INFO Train - trainImages: done with getting average encodings
2022-04-01 07:18:09.235 INFO Train - trainImages: storing the name and encoding in local dictionary
2022-04-01 07:18:09.235 INFO Train - trainImages: stored name and encodes in local dictionary
2022-04-01 07:18:09.235 INFO Train - trainImages: storing the name and encodings in mongodb
2022-04-01 07:18:09.235 INFO Train - trainImages: stored all name and encodes in mongodb
2022-04-01 07:18:09.236 INFO Train - trainImages: started loading images and finding their encodings
2022-04-01 07:18:09.236 INFO Train - trainImages: loading image
2022-04-01 07:18:09.236 DEBUG Train - trainImages: /home/vikasjoshis001/Desktop/Gestures/images_to_train/king in the north/index.jpeg
2022-04-01 07:18:09.236 INFO Train - trainImages: loading image done
2022-04-01 07:18:09.236 INFO Train - trainImages: finding the encoding of image
2022-04-01 07:18:09.313 INFO Train - trainImages: finding encoding of image is done
2022-04-01 07:18:09.313 INFO Train - trainImages: loading image
2022-04-01 07:18:09.314 DEBUG Train - trainImages: /home/vikasjoshis001/Desktop/Gestures/images_to_train/king in the north/index3.jpeg
2022-04-01 07:18:09.314 INFO Train - trainImages: loading image done
2022-04-01 07:18:09.314 INFO Train - trainImages: finding the encoding of image
2022-04-01 07:18:09.397 INFO Train - trainImages: finding encoding of image is done
2022-04-01 07:18:09.398 INFO Train - trainImages: loading image
2022-04-01 07:18:09.398 DEBUG Train - trainImages: /home/vikasjoshis001/Desktop/Gestures/images_to_train/king in the north/index5.jpeg
2022-04-01 07:18:09.398 INFO Train - trainImages: loading image done
2022-04-01 07:18:09.398 INFO Train - trainImages: finding the encoding of image
2022-04-01 07:18:09.478 INFO Train - trainImages: finding encoding of image is done
2022-04-01 07:18:09.478 INFO Train - trainImages: loading image
2022-04-01 07:18:09.479 DEBUG Train - trainImages: /home/vikasjoshis001/Desktop/Gestures/images_to_train/king in the north/index2.jpeg
2022-04-01 07:18:09.479 INFO Train - trainImages: loading image done
2022-04-01 07:18:09.479 INFO Train - trainImages: finding the encoding of image
2022-04-01 07:18:09.557 INFO Train - trainImages: finding encoding of image is done
2022-04-01 07:18:09.557 INFO Train - trainImages: loading image
2022-04-01 07:18:09.558 DEBUG Train - trainImages: /home/vikasjoshis001/Desktop/Gestures/images_to_train/king in the north/index4.jpeg
2022-04-01 07:18:09.558 INFO Train - trainImages: loading image done
2022-04-01 07:18:09.558 INFO Train - trainImages: finding the encoding of image
2022-04-01 07:18:09.638 INFO Train - trainImages: finding encoding of image is done
2022-04-01 07:18:09.638 INFO Train - trainImages: getting average of encodings of loaded images
2022-04-01 07:18:09.638 INFO Train - trainImages: done with getting average encodings
2022-04-01 07:18:09.638 INFO Train - trainImages: storing the name and encoding in local dictionary
2022-04-01 07:18:09.638 INFO Train - trainImages: stored name and encodes in local dictionary
2022-04-01 07:18:09.638 INFO Train - trainImages: storing the name and encodings in mongodb
2022-04-01 07:18:09.639 INFO Train - trainImages: stored all name and encodes in mongodb
2022-04-01 07:18:09.639 INFO Train - trainImages: started loading images and finding their encodings
2022-04-01 07:18:09.639 INFO Train - trainImages: loading image
2022-04-01 07:18:09.640 DEBUG Train - trainImages: /home/vikasjoshis001/Desktop/Gestures/images_to_train/arya stark/index.jpeg
2022-04-01 07:18:09.640 INFO Train - trainImages: loading image done
2022-04-01 07:18:09.640 INFO Train - trainImages: finding the encoding of image
2022-04-01 07:18:09.718 INFO Train - trainImages: finding encoding of image is done
2022-04-01 07:18:09.718 INFO Train - trainImages: loading image
2022-04-01 07:18:09.719 DEBUG Train - trainImages: /home/vikasjoshis001/Desktop/Gestures/images_to_train/arya stark/index3.jpeg
2022-04-01 07:18:09.719 INFO Train - trainImages: loading image done
2022-04-01 07:18:09.719 INFO Train - trainImages: finding the encoding of image
2022-04-01 07:18:09.787 INFO Train - trainImages: finding encoding of image is done
2022-04-01 07:18:09.787 INFO Train - trainImages: loading image
2022-04-01 07:18:09.788 DEBUG Train - trainImages: /home/vikasjoshis001/Desktop/Gestures/images_to_train/arya stark/index5.jpeg
2022-04-01 07:18:09.788 INFO Train - trainImages: loading image done
2022-04-01 07:18:09.788 INFO Train - trainImages: finding the encoding of image
2022-04-01 07:18:09.858 INFO Train - trainImages: finding encoding of image is done
2022-04-01 07:18:09.858 INFO Train - trainImages: loading image
2022-04-01 07:18:09.859 DEBUG Train - trainImages: /home/vikasjoshis001/Desktop/Gestures/images_to_train/arya stark/index2.jpeg
2022-04-01 07:18:09.859 INFO Train - trainImages: loading image done
2022-04-01 07:18:09.859 INFO Train - trainImages: finding the encoding of image
2022-04-01 07:18:09.928 INFO Train - trainImages: finding encoding of image is done
2022-04-01 07:18:09.928 INFO Train - trainImages: loading image
2022-04-01 07:18:09.929 DEBUG Train - trainImages: /home/vikasjoshis001/Desktop/Gestures/images_to_train/arya stark/images4.jpeg
2022-04-01 07:18:09.929 INFO Train - trainImages: loading image done
2022-04-01 07:18:09.929 INFO Train - trainImages: finding the encoding of image
2022-04-01 07:18:09.997 INFO Train - trainImages: finding encoding of image is done
2022-04-01 07:18:09.997 INFO Train - trainImages: getting average of encodings of loaded images
2022-04-01 07:18:09.997 INFO Train - trainImages: done with getting average encodings
2022-04-01 07:18:09.997 INFO Train - trainImages: storing the name and encoding in local dictionary
2022-04-01 07:18:09.998 INFO Train - trainImages: stored name and encodes in local dictionary
2022-04-01 07:18:09.998 INFO Train - trainImages: storing the name and encodings in mongodb
2022-04-01 07:18:09.998 INFO Train - trainImages: stored all name and encodes in mongodb
