2022-04-05 04:13:40.781 INFO Train - trainImages: MongoDB database connected successfully
2022-04-05 04:13:40.784 INFO Train - trainImages: collected all folders in known_people folder
2022-04-05 04:13:40.784 DEBUG Train - trainImages: ['tyrion lannister', 'Vikas Joshi-2022-04-03 12:37:48.415988', 'denerys targeryan', 'cersie lannister', 'king in the north', 'VJ-2022-04-05 04:13:29.268581', 'arya stark', 'Dilip Joshi-2022-04-05 04:11:50.832451']
2022-04-05 04:13:40.784 INFO Train - trainImages: collected all images from all folders in known_people folder
2022-04-05 04:13:40.785 DEBUG Train - trainImages: [['/home/vikasjoshis001/Desktop/Gestures/images_to_train/tyrion lannister/images5.jpeg', '/home/vikasjoshis001/Desktop/Gestures/images_to_train/tyrion lannister/index3.jpeg', '/home/vikasjoshis001/Desktop/Gestures/images_to_train/tyrion lannister/index1.jpeg', '/home/vikasjoshis001/Desktop/Gestures/images_to_train/tyrion lannister/index2.jpeg', '/home/vikasjoshis001/Desktop/Gestures/images_to_train/tyrion lannister/index4.jpeg'], ['/home/vikasjoshis001/Desktop/Gestures/images_to_train/Vikas Joshi-2022-04-03 12:37:48.415988/Vikas Joshi.c4fbffc3-b31c-11ec-ad35-81ee5352b8cb.jpeg', '/home/vikasjoshis001/Desktop/Gestures/images_to_train/Vikas Joshi-2022-04-03 12:37:48.415988/Vikas Joshi.c641740c-b31c-11ec-ad35-81ee5352b8cb.jpeg', '/home/vikasjoshis001/Desktop/Gestures/images_to_train/Vikas Joshi-2022-04-03 12:37:48.415988/Vikas Joshi.c641740d-b31c-11ec-ad35-81ee5352b8cb.jpeg', '/home/vikasjoshis001/Desktop/Gestures/images_to_train/Vikas Joshi-2022-04-03 12:37:48.415988/Vikas Joshi.c7765694-b31c-11ec-ad35-81ee5352b8cb.jpeg', '/home/vikasjoshis001/Desktop/Gestures/images_to_train/Vikas Joshi-2022-04-03 12:37:48.415988/Vikas Joshi.c4fbffc2-b31c-11ec-ad35-81ee5352b8cb.jpeg'], ['/home/vikasjoshis001/Desktop/Gestures/images_to_train/denerys targeryan/index3.jpeg', '/home/vikasjoshis001/Desktop/Gestures/images_to_train/denerys targeryan/index5.jpeg', '/home/vikasjoshis001/Desktop/Gestures/images_to_train/denerys targeryan/index1.jpeg', '/home/vikasjoshis001/Desktop/Gestures/images_to_train/denerys targeryan/index2.jpeg', '/home/vikasjoshis001/Desktop/Gestures/images_to_train/denerys targeryan/index4.jpeg'], ['/home/vikasjoshis001/Desktop/Gestures/images_to_train/cersie lannister/index3.jpeg', '/home/vikasjoshis001/Desktop/Gestures/images_to_train/cersie lannister/index5.jpeg', '/home/vikasjoshis001/Desktop/Gestures/images_to_train/cersie lannister/index2.jpeg', '/home/vikasjoshis001/Desktop/Gestures/images_to_train/cersie lannister/index4.jpeg'], ['/home/vikasjoshis001/Desktop/Gestures/images_to_train/king in the north/index.jpeg', '/home/vikasjoshis001/Desktop/Gestures/images_to_train/king in the north/index3.jpeg', '/home/vikasjoshis001/Desktop/Gestures/images_to_train/king in the north/index5.jpeg', '/home/vikasjoshis001/Desktop/Gestures/images_to_train/king in the north/index2.jpeg', '/home/vikasjoshis001/Desktop/Gestures/images_to_train/king in the north/index4.jpeg'], ['/home/vikasjoshis001/Desktop/Gestures/images_to_train/VJ-2022-04-05 04:13:29.268581/VJ.a5f7c8b6-b468-11ec-a9a1-61e1084a1b14.jpeg', '/home/vikasjoshis001/Desktop/Gestures/images_to_train/VJ-2022-04-05 04:13:29.268581/VJ.a8754032-b468-11ec-a9a1-61e1084a1b14.jpeg', '/home/vikasjoshis001/Desktop/Gestures/images_to_train/VJ-2022-04-05 04:13:29.268581/VJ.a5f7c8b7-b468-11ec-a9a1-61e1084a1b14.jpeg', '/home/vikasjoshis001/Desktop/Gestures/images_to_train/VJ-2022-04-05 04:13:29.268581/VJ.a73eafbf-b468-11ec-a9a1-61e1084a1b14.jpeg', '/home/vikasjoshis001/Desktop/Gestures/images_to_train/VJ-2022-04-05 04:13:29.268581/VJ.a73eafbe-b468-11ec-a9a1-61e1084a1b14.jpeg'], ['/home/vikasjoshis001/Desktop/Gestures/images_to_train/arya stark/index.jpeg', '/home/vikasjoshis001/Desktop/Gestures/images_to_train/arya stark/index3.jpeg', '/home/vikasjoshis001/Desktop/Gestures/images_to_train/arya stark/index5.jpeg', '/home/vikasjoshis001/Desktop/Gestures/images_to_train/arya stark/index2.jpeg', '/home/vikasjoshis001/Desktop/Gestures/images_to_train/arya stark/images4.jpeg'], ['/home/vikasjoshis001/Desktop/Gestures/images_to_train/Dilip Joshi-2022-04-05 04:11:50.832451/Dilip Joshi.6e2dc250-b468-11ec-a9a1-61e1084a1b14.jpeg', '/home/vikasjoshis001/Desktop/Gestures/images_to_train/Dilip Joshi-2022-04-05 04:11:50.832451/Dilip Joshi.6cf953d7-b468-11ec-a9a1-61e1084a1b14.jpeg', '/home/vikasjoshis001/Desktop/Gestures/images_to_train/Dilip Joshi-2022-04-05 04:11:50.832451/Dilip Joshi.6e2dc251-b468-11ec-a9a1-61e1084a1b14.jpeg', '/home/vikasjoshis001/Desktop/Gestures/images_to_train/Dilip Joshi-2022-04-05 04:11:50.832451/Dilip Joshi.6cf953d6-b468-11ec-a9a1-61e1084a1b14.jpeg', '/home/vikasjoshis001/Desktop/Gestures/images_to_train/Dilip Joshi-2022-04-05 04:11:50.832451/Dilip Joshi.6b5aa98a-b468-11ec-a9a1-61e1084a1b14.jpeg']]
2022-04-05 04:13:40.785 INFO Train - trainImages: started loading images and finding their encodings
2022-04-05 04:13:40.785 INFO Train - trainImages: loading image
2022-04-05 04:13:40.795 DEBUG Train - trainImages: /home/vikasjoshis001/Desktop/Gestures/images_to_train/tyrion lannister/images5.jpeg
2022-04-05 04:13:40.795 INFO Train - trainImages: loading image done
2022-04-05 04:13:40.796 INFO Train - trainImages: finding the encoding of image
2022-04-05 04:13:40.866 INFO Train - trainImages: finding encoding of image is done
2022-04-05 04:13:40.867 INFO Train - trainImages: loading image
2022-04-05 04:13:40.868 DEBUG Train - trainImages: /home/vikasjoshis001/Desktop/Gestures/images_to_train/tyrion lannister/index3.jpeg
2022-04-05 04:13:40.868 INFO Train - trainImages: loading image done
2022-04-05 04:13:40.869 INFO Train - trainImages: finding the encoding of image
2022-04-05 04:13:40.932 INFO Train - trainImages: finding encoding of image is done
2022-04-05 04:13:40.932 INFO Train - trainImages: loading image
2022-04-05 04:13:40.934 DEBUG Train - trainImages: /home/vikasjoshis001/Desktop/Gestures/images_to_train/tyrion lannister/index1.jpeg
2022-04-05 04:13:40.934 INFO Train - trainImages: loading image done
2022-04-05 04:13:40.934 INFO Train - trainImages: finding the encoding of image
2022-04-05 04:13:40.998 INFO Train - trainImages: finding encoding of image is done
2022-04-05 04:13:40.998 INFO Train - trainImages: loading image
2022-04-05 04:13:41.000 DEBUG Train - trainImages: /home/vikasjoshis001/Desktop/Gestures/images_to_train/tyrion lannister/index2.jpeg
2022-04-05 04:13:41.000 INFO Train - trainImages: loading image done
2022-04-05 04:13:41.000 INFO Train - trainImages: finding the encoding of image
2022-04-05 04:13:41.066 INFO Train - trainImages: finding encoding of image is done
2022-04-05 04:13:41.066 INFO Train - trainImages: loading image
2022-04-05 04:13:41.068 DEBUG Train - trainImages: /home/vikasjoshis001/Desktop/Gestures/images_to_train/tyrion lannister/index4.jpeg
2022-04-05 04:13:41.068 INFO Train - trainImages: loading image done
2022-04-05 04:13:41.068 INFO Train - trainImages: finding the encoding of image
2022-04-05 04:13:41.132 INFO Train - trainImages: finding encoding of image is done
2022-04-05 04:13:41.132 INFO Train - trainImages: getting average of encodings of loaded images
2022-04-05 04:13:41.132 INFO Train - trainImages: done with getting average encodings
2022-04-05 04:13:41.132 INFO Train - trainImages: storing the name and encoding in local dictionary
2022-04-05 04:13:41.132 INFO Train - trainImages: stored name and encodes in local dictionary
2022-04-05 04:13:41.132 INFO Train - trainImages: storing the name and encodings in mongodb
2022-04-05 04:13:41.138 INFO Train - trainImages: stored all name and encodes in mongodb
2022-04-05 04:13:41.139 INFO Train - trainImages: started loading images and finding their encodings
2022-04-05 04:13:41.139 INFO Train - trainImages: loading image
2022-04-05 04:13:41.142 DEBUG Train - trainImages: /home/vikasjoshis001/Desktop/Gestures/images_to_train/Vikas Joshi-2022-04-03 12:37:48.415988/Vikas Joshi.c4fbffc3-b31c-11ec-ad35-81ee5352b8cb.jpeg
2022-04-05 04:13:41.142 INFO Train - trainImages: loading image done
2022-04-05 04:13:41.142 INFO Train - trainImages: finding the encoding of image
2022-04-05 04:13:41.236 INFO Train - trainImages: finding encoding of image is done
2022-04-05 04:13:41.236 INFO Train - trainImages: loading image
2022-04-05 04:13:41.238 DEBUG Train - trainImages: /home/vikasjoshis001/Desktop/Gestures/images_to_train/Vikas Joshi-2022-04-03 12:37:48.415988/Vikas Joshi.c641740c-b31c-11ec-ad35-81ee5352b8cb.jpeg
2022-04-05 04:13:41.238 INFO Train - trainImages: loading image done
2022-04-05 04:13:41.238 INFO Train - trainImages: finding the encoding of image
2022-04-05 04:13:41.315 INFO Train - trainImages: finding encoding of image is done
2022-04-05 04:13:41.315 INFO Train - trainImages: loading image
2022-04-05 04:13:41.318 DEBUG Train - trainImages: /home/vikasjoshis001/Desktop/Gestures/images_to_train/Vikas Joshi-2022-04-03 12:37:48.415988/Vikas Joshi.c641740d-b31c-11ec-ad35-81ee5352b8cb.jpeg
2022-04-05 04:13:41.318 INFO Train - trainImages: loading image done
2022-04-05 04:13:41.318 INFO Train - trainImages: finding the encoding of image
2022-04-05 04:13:41.394 INFO Train - trainImages: finding encoding of image is done
2022-04-05 04:13:41.394 INFO Train - trainImages: loading image
2022-04-05 04:13:41.397 DEBUG Train - trainImages: /home/vikasjoshis001/Desktop/Gestures/images_to_train/Vikas Joshi-2022-04-03 12:37:48.415988/Vikas Joshi.c7765694-b31c-11ec-ad35-81ee5352b8cb.jpeg
2022-04-05 04:13:41.397 INFO Train - trainImages: loading image done
2022-04-05 04:13:41.397 INFO Train - trainImages: finding the encoding of image
2022-04-05 04:13:41.474 INFO Train - trainImages: finding encoding of image is done
2022-04-05 04:13:41.474 INFO Train - trainImages: loading image
2022-04-05 04:13:41.476 DEBUG Train - trainImages: /home/vikasjoshis001/Desktop/Gestures/images_to_train/Vikas Joshi-2022-04-03 12:37:48.415988/Vikas Joshi.c4fbffc2-b31c-11ec-ad35-81ee5352b8cb.jpeg
2022-04-05 04:13:41.476 INFO Train - trainImages: loading image done
2022-04-05 04:13:41.477 INFO Train - trainImages: finding the encoding of image
2022-04-05 04:13:41.553 INFO Train - trainImages: finding encoding of image is done
2022-04-05 04:13:41.553 INFO Train - trainImages: getting average of encodings of loaded images
2022-04-05 04:13:41.554 INFO Train - trainImages: done with getting average encodings
2022-04-05 04:13:41.554 INFO Train - trainImages: storing the name and encoding in local dictionary
2022-04-05 04:13:41.554 INFO Train - trainImages: stored name and encodes in local dictionary
2022-04-05 04:13:41.554 INFO Train - trainImages: storing the name and encodings in mongodb
2022-04-05 04:13:41.555 INFO Train - trainImages: stored all name and encodes in mongodb
2022-04-05 04:13:41.555 INFO Train - trainImages: started loading images and finding their encodings
2022-04-05 04:13:41.555 INFO Train - trainImages: loading image
2022-04-05 04:13:41.556 DEBUG Train - trainImages: /home/vikasjoshis001/Desktop/Gestures/images_to_train/denerys targeryan/index3.jpeg
2022-04-05 04:13:41.556 INFO Train - trainImages: loading image done
2022-04-05 04:13:41.556 INFO Train - trainImages: finding the encoding of image
2022-04-05 04:13:41.621 INFO Train - trainImages: finding encoding of image is done
2022-04-05 04:13:41.621 INFO Train - trainImages: loading image
2022-04-05 04:13:41.623 DEBUG Train - trainImages: /home/vikasjoshis001/Desktop/Gestures/images_to_train/denerys targeryan/index5.jpeg
2022-04-05 04:13:41.623 INFO Train - trainImages: loading image done
2022-04-05 04:13:41.623 INFO Train - trainImages: finding the encoding of image
2022-04-05 04:13:41.688 INFO Train - trainImages: finding encoding of image is done
2022-04-05 04:13:41.689 INFO Train - trainImages: loading image
2022-04-05 04:13:41.690 DEBUG Train - trainImages: /home/vikasjoshis001/Desktop/Gestures/images_to_train/denerys targeryan/index1.jpeg
2022-04-05 04:13:41.690 INFO Train - trainImages: loading image done
2022-04-05 04:13:41.690 INFO Train - trainImages: finding the encoding of image
2022-04-05 04:13:41.757 INFO Train - trainImages: finding encoding of image is done
2022-04-05 04:13:41.757 INFO Train - trainImages: loading image
2022-04-05 04:13:41.759 DEBUG Train - trainImages: /home/vikasjoshis001/Desktop/Gestures/images_to_train/denerys targeryan/index2.jpeg
2022-04-05 04:13:41.759 INFO Train - trainImages: loading image done
2022-04-05 04:13:41.759 INFO Train - trainImages: finding the encoding of image
2022-04-05 04:13:41.826 INFO Train - trainImages: finding encoding of image is done
2022-04-05 04:13:41.826 INFO Train - trainImages: loading image
2022-04-05 04:13:41.827 DEBUG Train - trainImages: /home/vikasjoshis001/Desktop/Gestures/images_to_train/denerys targeryan/index4.jpeg
2022-04-05 04:13:41.828 INFO Train - trainImages: loading image done
2022-04-05 04:13:41.828 INFO Train - trainImages: finding the encoding of image
2022-04-05 04:13:41.891 INFO Train - trainImages: finding encoding of image is done
2022-04-05 04:13:41.891 INFO Train - trainImages: getting average of encodings of loaded images
2022-04-05 04:13:41.892 INFO Train - trainImages: done with getting average encodings
2022-04-05 04:13:41.892 INFO Train - trainImages: storing the name and encoding in local dictionary
2022-04-05 04:13:41.892 INFO Train - trainImages: stored name and encodes in local dictionary
2022-04-05 04:13:41.892 INFO Train - trainImages: storing the name and encodings in mongodb
2022-04-05 04:13:41.892 INFO Train - trainImages: stored all name and encodes in mongodb
2022-04-05 04:13:41.892 INFO Train - trainImages: started loading images and finding their encodings
2022-04-05 04:13:41.893 INFO Train - trainImages: loading image
2022-04-05 04:13:41.894 DEBUG Train - trainImages: /home/vikasjoshis001/Desktop/Gestures/images_to_train/cersie lannister/index3.jpeg
2022-04-05 04:13:41.894 INFO Train - trainImages: loading image done
2022-04-05 04:13:41.895 INFO Train - trainImages: finding the encoding of image
2022-04-05 04:13:41.959 INFO Train - trainImages: finding encoding of image is done
2022-04-05 04:13:41.959 INFO Train - trainImages: loading image
2022-04-05 04:13:41.961 DEBUG Train - trainImages: /home/vikasjoshis001/Desktop/Gestures/images_to_train/cersie lannister/index5.jpeg
2022-04-05 04:13:41.961 INFO Train - trainImages: loading image done
2022-04-05 04:13:41.961 INFO Train - trainImages: finding the encoding of image
2022-04-05 04:13:42.026 INFO Train - trainImages: finding encoding of image is done
2022-04-05 04:13:42.026 INFO Train - trainImages: loading image
2022-04-05 04:13:42.028 DEBUG Train - trainImages: /home/vikasjoshis001/Desktop/Gestures/images_to_train/cersie lannister/index2.jpeg
2022-04-05 04:13:42.029 INFO Train - trainImages: loading image done
2022-04-05 04:13:42.029 INFO Train - trainImages: finding the encoding of image
2022-04-05 04:13:42.095 INFO Train - trainImages: finding encoding of image is done
2022-04-05 04:13:42.095 INFO Train - trainImages: loading image
2022-04-05 04:13:42.096 DEBUG Train - trainImages: /home/vikasjoshis001/Desktop/Gestures/images_to_train/cersie lannister/index4.jpeg
2022-04-05 04:13:42.096 INFO Train - trainImages: loading image done
2022-04-05 04:13:42.096 INFO Train - trainImages: finding the encoding of image
2022-04-05 04:13:42.161 INFO Train - trainImages: finding encoding of image is done
2022-04-05 04:13:42.161 INFO Train - trainImages: getting average of encodings of loaded images
2022-04-05 04:13:42.161 INFO Train - trainImages: done with getting average encodings
2022-04-05 04:13:42.161 INFO Train - trainImages: storing the name and encoding in local dictionary
2022-04-05 04:13:42.161 INFO Train - trainImages: stored name and encodes in local dictionary
2022-04-05 04:13:42.161 INFO Train - trainImages: storing the name and encodings in mongodb
2022-04-05 04:13:42.162 INFO Train - trainImages: stored all name and encodes in mongodb
2022-04-05 04:13:42.162 INFO Train - trainImages: started loading images and finding their encodings
2022-04-05 04:13:42.162 INFO Train - trainImages: loading image
2022-04-05 04:13:42.164 DEBUG Train - trainImages: /home/vikasjoshis001/Desktop/Gestures/images_to_train/king in the north/index.jpeg
2022-04-05 04:13:42.164 INFO Train - trainImages: loading image done
2022-04-05 04:13:42.164 INFO Train - trainImages: finding the encoding of image
2022-04-05 04:13:42.229 INFO Train - trainImages: finding encoding of image is done
2022-04-05 04:13:42.229 INFO Train - trainImages: loading image
2022-04-05 04:13:42.231 DEBUG Train - trainImages: /home/vikasjoshis001/Desktop/Gestures/images_to_train/king in the north/index3.jpeg
2022-04-05 04:13:42.231 INFO Train - trainImages: loading image done
2022-04-05 04:13:42.231 INFO Train - trainImages: finding the encoding of image
2022-04-05 04:13:42.298 INFO Train - trainImages: finding encoding of image is done
2022-04-05 04:13:42.298 INFO Train - trainImages: loading image
2022-04-05 04:13:42.300 DEBUG Train - trainImages: /home/vikasjoshis001/Desktop/Gestures/images_to_train/king in the north/index5.jpeg
2022-04-05 04:13:42.300 INFO Train - trainImages: loading image done
2022-04-05 04:13:42.300 INFO Train - trainImages: finding the encoding of image
2022-04-05 04:13:42.366 INFO Train - trainImages: finding encoding of image is done
2022-04-05 04:13:42.366 INFO Train - trainImages: loading image
2022-04-05 04:13:42.367 DEBUG Train - trainImages: /home/vikasjoshis001/Desktop/Gestures/images_to_train/king in the north/index2.jpeg
2022-04-05 04:13:42.368 INFO Train - trainImages: loading image done
2022-04-05 04:13:42.368 INFO Train - trainImages: finding the encoding of image
2022-04-05 04:13:42.433 INFO Train - trainImages: finding encoding of image is done
2022-04-05 04:13:42.433 INFO Train - trainImages: loading image
2022-04-05 04:13:42.435 DEBUG Train - trainImages: /home/vikasjoshis001/Desktop/Gestures/images_to_train/king in the north/index4.jpeg
2022-04-05 04:13:42.435 INFO Train - trainImages: loading image done
2022-04-05 04:13:42.435 INFO Train - trainImages: finding the encoding of image
2022-04-05 04:13:42.501 INFO Train - trainImages: finding encoding of image is done
2022-04-05 04:13:42.501 INFO Train - trainImages: getting average of encodings of loaded images
2022-04-05 04:13:42.502 INFO Train - trainImages: done with getting average encodings
2022-04-05 04:13:42.502 INFO Train - trainImages: storing the name and encoding in local dictionary
2022-04-05 04:13:42.502 INFO Train - trainImages: stored name and encodes in local dictionary
2022-04-05 04:13:42.502 INFO Train - trainImages: storing the name and encodings in mongodb
2022-04-05 04:13:42.502 INFO Train - trainImages: stored all name and encodes in mongodb
2022-04-05 04:13:42.503 INFO Train - trainImages: started loading images and finding their encodings
2022-04-05 04:13:42.503 INFO Train - trainImages: loading image
2022-04-05 04:13:42.503 DEBUG Train - trainImages: /home/vikasjoshis001/Desktop/Gestures/images_to_train/VJ-2022-04-05 04:13:29.268581/VJ.a5f7c8b6-b468-11ec-a9a1-61e1084a1b14.jpeg
2022-04-05 04:13:42.503 INFO Train - trainImages: loading image done
2022-04-05 04:13:42.503 INFO Train - trainImages: finding the encoding of image
2022-04-05 04:13:42.581 INFO Train - trainImages: finding encoding of image is done
2022-04-05 04:13:42.581 INFO Train - trainImages: loading image
2022-04-05 04:13:42.582 DEBUG Train - trainImages: /home/vikasjoshis001/Desktop/Gestures/images_to_train/VJ-2022-04-05 04:13:29.268581/VJ.a8754032-b468-11ec-a9a1-61e1084a1b14.jpeg
2022-04-05 04:13:42.582 INFO Train - trainImages: loading image done
2022-04-05 04:13:42.582 INFO Train - trainImages: finding the encoding of image
2022-04-05 04:13:42.658 INFO Train - trainImages: finding encoding of image is done
2022-04-05 04:13:42.658 INFO Train - trainImages: loading image
2022-04-05 04:13:42.659 DEBUG Train - trainImages: /home/vikasjoshis001/Desktop/Gestures/images_to_train/VJ-2022-04-05 04:13:29.268581/VJ.a5f7c8b7-b468-11ec-a9a1-61e1084a1b14.jpeg
2022-04-05 04:13:42.659 INFO Train - trainImages: loading image done
2022-04-05 04:13:42.659 INFO Train - trainImages: finding the encoding of image
2022-04-05 04:13:42.736 INFO Train - trainImages: finding encoding of image is done
2022-04-05 04:13:42.736 INFO Train - trainImages: loading image
2022-04-05 04:13:42.737 DEBUG Train - trainImages: /home/vikasjoshis001/Desktop/Gestures/images_to_train/VJ-2022-04-05 04:13:29.268581/VJ.a73eafbf-b468-11ec-a9a1-61e1084a1b14.jpeg
2022-04-05 04:13:42.737 INFO Train - trainImages: loading image done
2022-04-05 04:13:42.737 INFO Train - trainImages: finding the encoding of image
2022-04-05 04:13:42.814 INFO Train - trainImages: finding encoding of image is done
2022-04-05 04:13:42.814 INFO Train - trainImages: loading image
2022-04-05 04:13:42.815 DEBUG Train - trainImages: /home/vikasjoshis001/Desktop/Gestures/images_to_train/VJ-2022-04-05 04:13:29.268581/VJ.a73eafbe-b468-11ec-a9a1-61e1084a1b14.jpeg
2022-04-05 04:13:42.815 INFO Train - trainImages: loading image done
2022-04-05 04:13:42.815 INFO Train - trainImages: finding the encoding of image
2022-04-05 04:13:42.892 INFO Train - trainImages: finding encoding of image is done
2022-04-05 04:13:42.892 INFO Train - trainImages: getting average of encodings of loaded images
2022-04-05 04:13:42.892 INFO Train - trainImages: done with getting average encodings
2022-04-05 04:13:42.892 INFO Train - trainImages: storing the name and encoding in local dictionary
2022-04-05 04:13:42.893 INFO Train - trainImages: stored name and encodes in local dictionary
2022-04-05 04:13:42.893 INFO Train - trainImages: storing the name and encodings in mongodb
2022-04-05 04:13:42.893 INFO Train - trainImages: stored all name and encodes in mongodb
2022-04-05 04:13:42.893 INFO Train - trainImages: started loading images and finding their encodings
2022-04-05 04:13:42.893 INFO Train - trainImages: loading image
2022-04-05 04:13:42.895 DEBUG Train - trainImages: /home/vikasjoshis001/Desktop/Gestures/images_to_train/arya stark/index.jpeg
2022-04-05 04:13:42.895 INFO Train - trainImages: loading image done
2022-04-05 04:13:42.895 INFO Train - trainImages: finding the encoding of image
2022-04-05 04:13:42.962 INFO Train - trainImages: finding encoding of image is done
2022-04-05 04:13:42.962 INFO Train - trainImages: loading image
2022-04-05 04:13:42.964 DEBUG Train - trainImages: /home/vikasjoshis001/Desktop/Gestures/images_to_train/arya stark/index3.jpeg
2022-04-05 04:13:42.964 INFO Train - trainImages: loading image done
2022-04-05 04:13:42.964 INFO Train - trainImages: finding the encoding of image
2022-04-05 04:13:43.028 INFO Train - trainImages: finding encoding of image is done
2022-04-05 04:13:43.028 INFO Train - trainImages: loading image
2022-04-05 04:13:43.030 DEBUG Train - trainImages: /home/vikasjoshis001/Desktop/Gestures/images_to_train/arya stark/index5.jpeg
2022-04-05 04:13:43.030 INFO Train - trainImages: loading image done
2022-04-05 04:13:43.030 INFO Train - trainImages: finding the encoding of image
2022-04-05 04:13:43.097 INFO Train - trainImages: finding encoding of image is done
2022-04-05 04:13:43.097 INFO Train - trainImages: loading image
2022-04-05 04:13:43.099 DEBUG Train - trainImages: /home/vikasjoshis001/Desktop/Gestures/images_to_train/arya stark/index2.jpeg
2022-04-05 04:13:43.099 INFO Train - trainImages: loading image done
2022-04-05 04:13:43.099 INFO Train - trainImages: finding the encoding of image
2022-04-05 04:13:43.164 INFO Train - trainImages: finding encoding of image is done
2022-04-05 04:13:43.164 INFO Train - trainImages: loading image
2022-04-05 04:13:43.165 DEBUG Train - trainImages: /home/vikasjoshis001/Desktop/Gestures/images_to_train/arya stark/images4.jpeg
2022-04-05 04:13:43.166 INFO Train - trainImages: loading image done
2022-04-05 04:13:43.166 INFO Train - trainImages: finding the encoding of image
2022-04-05 04:13:43.229 INFO Train - trainImages: finding encoding of image is done
2022-04-05 04:13:43.230 INFO Train - trainImages: getting average of encodings of loaded images
2022-04-05 04:13:43.230 INFO Train - trainImages: done with getting average encodings
2022-04-05 04:13:43.230 INFO Train - trainImages: storing the name and encoding in local dictionary
2022-04-05 04:13:43.230 INFO Train - trainImages: stored name and encodes in local dictionary
2022-04-05 04:13:43.230 INFO Train - trainImages: storing the name and encodings in mongodb
2022-04-05 04:13:43.231 INFO Train - trainImages: stored all name and encodes in mongodb
2022-04-05 04:13:43.231 INFO Train - trainImages: started loading images and finding their encodings
2022-04-05 04:13:43.231 INFO Train - trainImages: loading image
2022-04-05 04:13:43.231 DEBUG Train - trainImages: /home/vikasjoshis001/Desktop/Gestures/images_to_train/Dilip Joshi-2022-04-05 04:11:50.832451/Dilip Joshi.6e2dc250-b468-11ec-a9a1-61e1084a1b14.jpeg
2022-04-05 04:13:43.232 INFO Train - trainImages: loading image done
2022-04-05 04:13:43.232 INFO Train - trainImages: finding the encoding of image
2022-04-05 04:13:43.308 INFO Train - trainImages: finding encoding of image is done
2022-04-05 04:13:43.308 INFO Train - trainImages: loading image
2022-04-05 04:13:43.309 DEBUG Train - trainImages: /home/vikasjoshis001/Desktop/Gestures/images_to_train/Dilip Joshi-2022-04-05 04:11:50.832451/Dilip Joshi.6cf953d7-b468-11ec-a9a1-61e1084a1b14.jpeg
2022-04-05 04:13:43.309 INFO Train - trainImages: loading image done
2022-04-05 04:13:43.309 INFO Train - trainImages: finding the encoding of image
2022-04-05 04:13:43.387 INFO Train - trainImages: finding encoding of image is done
2022-04-05 04:13:43.387 INFO Train - trainImages: loading image
2022-04-05 04:13:43.388 DEBUG Train - trainImages: /home/vikasjoshis001/Desktop/Gestures/images_to_train/Dilip Joshi-2022-04-05 04:11:50.832451/Dilip Joshi.6e2dc251-b468-11ec-a9a1-61e1084a1b14.jpeg
2022-04-05 04:13:43.388 INFO Train - trainImages: loading image done
2022-04-05 04:13:43.388 INFO Train - trainImages: finding the encoding of image
2022-04-05 04:13:43.465 INFO Train - trainImages: finding encoding of image is done
2022-04-05 04:13:43.465 INFO Train - trainImages: loading image
2022-04-05 04:13:43.466 DEBUG Train - trainImages: /home/vikasjoshis001/Desktop/Gestures/images_to_train/Dilip Joshi-2022-04-05 04:11:50.832451/Dilip Joshi.6cf953d6-b468-11ec-a9a1-61e1084a1b14.jpeg
2022-04-05 04:13:43.466 INFO Train - trainImages: loading image done
2022-04-05 04:13:43.466 INFO Train - trainImages: finding the encoding of image
2022-04-05 04:13:43.543 INFO Train - trainImages: finding encoding of image is done
2022-04-05 04:13:43.543 INFO Train - trainImages: loading image
2022-04-05 04:13:43.545 DEBUG Train - trainImages: /home/vikasjoshis001/Desktop/Gestures/images_to_train/Dilip Joshi-2022-04-05 04:11:50.832451/Dilip Joshi.6b5aa98a-b468-11ec-a9a1-61e1084a1b14.jpeg
2022-04-05 04:13:43.545 INFO Train - trainImages: loading image done
2022-04-05 04:13:43.545 INFO Train - trainImages: finding the encoding of image
2022-04-05 04:13:43.622 INFO Train - trainImages: finding encoding of image is done
2022-04-05 04:13:43.622 INFO Train - trainImages: getting average of encodings of loaded images
2022-04-05 04:13:43.623 INFO Train - trainImages: done with getting average encodings
2022-04-05 04:13:43.623 INFO Train - trainImages: storing the name and encoding in local dictionary
2022-04-05 04:13:43.623 INFO Train - trainImages: stored name and encodes in local dictionary
2022-04-05 04:13:43.623 INFO Train - trainImages: storing the name and encodings in mongodb
2022-04-05 04:13:43.623 INFO Train - trainImages: stored all name and encodes in mongodb
