2022-02-25 11:30:54.287 INFO Train - <module>: MongoDB database connected successfully
2022-02-25 11:30:54.288 INFO Train - <module>: collected all folders in known_people folder
2022-02-25 11:30:54.289 DEBUG Train - <module>: ['tyrion lannister', 'denerys targeryan', 'cersie lannister', 'king in the north', 'arya stark']
2022-02-25 11:30:54.289 INFO Train - <module>: collected all images from all folders in known_people folder
2022-02-25 11:30:54.289 DEBUG Train - <module>: [['/home/vikasjoshis001/Desktop/FaceRecognition/images_to_train/tyrion lannister/images5.jpeg', '/home/vikasjoshis001/Desktop/FaceRecognition/images_to_train/tyrion lannister/index3.jpeg', '/home/vikasjoshis001/Desktop/FaceRecognition/images_to_train/tyrion lannister/index1.jpeg', '/home/vikasjoshis001/Desktop/FaceRecognition/images_to_train/tyrion lannister/index2.jpeg', '/home/vikasjoshis001/Desktop/FaceRecognition/images_to_train/tyrion lannister/index4.jpeg'], ['/home/vikasjoshis001/Desktop/FaceRecognition/images_to_train/denerys targeryan/index3.jpeg', '/home/vikasjoshis001/Desktop/FaceRecognition/images_to_train/denerys targeryan/index5.jpeg', '/home/vikasjoshis001/Desktop/FaceRecognition/images_to_train/denerys targeryan/index1.jpeg', '/home/vikasjoshis001/Desktop/FaceRecognition/images_to_train/denerys targeryan/index2.jpeg', '/home/vikasjoshis001/Desktop/FaceRecognition/images_to_train/denerys targeryan/index4.jpeg'], ['/home/vikasjoshis001/Desktop/FaceRecognition/images_to_train/cersie lannister/index3.jpeg', '/home/vikasjoshis001/Desktop/FaceRecognition/images_to_train/cersie lannister/index5.jpeg', '/home/vikasjoshis001/Desktop/FaceRecognition/images_to_train/cersie lannister/index2.jpeg', '/home/vikasjoshis001/Desktop/FaceRecognition/images_to_train/cersie lannister/index4.jpeg'], ['/home/vikasjoshis001/Desktop/FaceRecognition/images_to_train/king in the north/index.jpeg', '/home/vikasjoshis001/Desktop/FaceRecognition/images_to_train/king in the north/index3.jpeg', '/home/vikasjoshis001/Desktop/FaceRecognition/images_to_train/king in the north/index5.jpeg', '/home/vikasjoshis001/Desktop/FaceRecognition/images_to_train/king in the north/index2.jpeg', '/home/vikasjoshis001/Desktop/FaceRecognition/images_to_train/king in the north/index4.jpeg'], ['/home/vikasjoshis001/Desktop/FaceRecognition/images_to_train/arya stark/index.jpeg', '/home/vikasjoshis001/Desktop/FaceRecognition/images_to_train/arya stark/index3.jpeg', '/home/vikasjoshis001/Desktop/FaceRecognition/images_to_train/arya stark/index5.jpeg', '/home/vikasjoshis001/Desktop/FaceRecognition/images_to_train/arya stark/index2.jpeg', '/home/vikasjoshis001/Desktop/FaceRecognition/images_to_train/arya stark/images4.jpeg']]
2022-02-25 11:30:54.289 INFO Train - <module>: started loading images and finding their encodings
2022-02-25 11:30:54.289 INFO Train - <module>: loading image
2022-02-25 11:30:54.295 DEBUG Train - <module>: /home/vikasjoshis001/Desktop/FaceRecognition/images_to_train/tyrion lannister/images5.jpeg
2022-02-25 11:30:54.295 INFO Train - <module>: loading image done
2022-02-25 11:30:54.295 INFO Train - <module>: finding the encoding of image
2022-02-25 11:30:54.363 INFO Train - <module>: finding encoding of image is done
2022-02-25 11:30:54.363 INFO Train - <module>: loading image
2022-02-25 11:30:54.363 DEBUG Train - <module>: /home/vikasjoshis001/Desktop/FaceRecognition/images_to_train/tyrion lannister/index3.jpeg
2022-02-25 11:30:54.363 INFO Train - <module>: loading image done
2022-02-25 11:30:54.363 INFO Train - <module>: finding the encoding of image
2022-02-25 11:30:54.427 INFO Train - <module>: finding encoding of image is done
2022-02-25 11:30:54.427 INFO Train - <module>: loading image
2022-02-25 11:30:54.428 DEBUG Train - <module>: /home/vikasjoshis001/Desktop/FaceRecognition/images_to_train/tyrion lannister/index1.jpeg
2022-02-25 11:30:54.428 INFO Train - <module>: loading image done
2022-02-25 11:30:54.428 INFO Train - <module>: finding the encoding of image
2022-02-25 11:30:54.491 INFO Train - <module>: finding encoding of image is done
2022-02-25 11:30:54.491 INFO Train - <module>: loading image
2022-02-25 11:30:54.492 DEBUG Train - <module>: /home/vikasjoshis001/Desktop/FaceRecognition/images_to_train/tyrion lannister/index2.jpeg
2022-02-25 11:30:54.492 INFO Train - <module>: loading image done
2022-02-25 11:30:54.492 INFO Train - <module>: finding the encoding of image
2022-02-25 11:30:54.562 INFO Train - <module>: finding encoding of image is done
2022-02-25 11:30:54.562 INFO Train - <module>: loading image
2022-02-25 11:30:54.562 DEBUG Train - <module>: /home/vikasjoshis001/Desktop/FaceRecognition/images_to_train/tyrion lannister/index4.jpeg
2022-02-25 11:30:54.562 INFO Train - <module>: loading image done
2022-02-25 11:30:54.562 INFO Train - <module>: finding the encoding of image
2022-02-25 11:30:54.626 INFO Train - <module>: finding encoding of image is done
2022-02-25 11:30:54.626 INFO Train - <module>: getting average of encodings of loaded images
2022-02-25 11:30:54.627 INFO Train - <module>: done with getting average encodings
2022-02-25 11:30:54.627 INFO Train - <module>: storing the name and encoding in local dictionary
2022-02-25 11:30:54.627 INFO Train - <module>: stored name and encodes in local dictionary
2022-02-25 11:30:54.627 INFO Train - <module>: storing the name and encodings in mongodb
2022-02-25 11:30:54.628 INFO Train - <module>: stored all name and encodes in mongodb
2022-02-25 11:30:54.628 INFO Train - <module>: started loading images and finding their encodings
2022-02-25 11:30:54.629 INFO Train - <module>: loading image
2022-02-25 11:30:54.629 DEBUG Train - <module>: /home/vikasjoshis001/Desktop/FaceRecognition/images_to_train/denerys targeryan/index3.jpeg
2022-02-25 11:30:54.629 INFO Train - <module>: loading image done
2022-02-25 11:30:54.629 INFO Train - <module>: finding the encoding of image
2022-02-25 11:30:54.693 INFO Train - <module>: finding encoding of image is done
2022-02-25 11:30:54.693 INFO Train - <module>: loading image
2022-02-25 11:30:54.694 DEBUG Train - <module>: /home/vikasjoshis001/Desktop/FaceRecognition/images_to_train/denerys targeryan/index5.jpeg
2022-02-25 11:30:54.694 INFO Train - <module>: loading image done
2022-02-25 11:30:54.694 INFO Train - <module>: finding the encoding of image
2022-02-25 11:30:54.769 INFO Train - <module>: finding encoding of image is done
2022-02-25 11:30:54.769 INFO Train - <module>: loading image
2022-02-25 11:30:54.770 DEBUG Train - <module>: /home/vikasjoshis001/Desktop/FaceRecognition/images_to_train/denerys targeryan/index1.jpeg
2022-02-25 11:30:54.770 INFO Train - <module>: loading image done
2022-02-25 11:30:54.770 INFO Train - <module>: finding the encoding of image
2022-02-25 11:30:54.836 INFO Train - <module>: finding encoding of image is done
2022-02-25 11:30:54.836 INFO Train - <module>: loading image
2022-02-25 11:30:54.836 DEBUG Train - <module>: /home/vikasjoshis001/Desktop/FaceRecognition/images_to_train/denerys targeryan/index2.jpeg
2022-02-25 11:30:54.836 INFO Train - <module>: loading image done
2022-02-25 11:30:54.836 INFO Train - <module>: finding the encoding of image
2022-02-25 11:30:54.903 INFO Train - <module>: finding encoding of image is done
2022-02-25 11:30:54.903 INFO Train - <module>: loading image
2022-02-25 11:30:54.904 DEBUG Train - <module>: /home/vikasjoshis001/Desktop/FaceRecognition/images_to_train/denerys targeryan/index4.jpeg
2022-02-25 11:30:54.904 INFO Train - <module>: loading image done
2022-02-25 11:30:54.904 INFO Train - <module>: finding the encoding of image
2022-02-25 11:30:54.968 INFO Train - <module>: finding encoding of image is done
2022-02-25 11:30:54.968 INFO Train - <module>: getting average of encodings of loaded images
2022-02-25 11:30:54.968 INFO Train - <module>: done with getting average encodings
2022-02-25 11:30:54.968 INFO Train - <module>: storing the name and encoding in local dictionary
2022-02-25 11:30:54.968 INFO Train - <module>: stored name and encodes in local dictionary
2022-02-25 11:30:54.968 INFO Train - <module>: storing the name and encodings in mongodb
2022-02-25 11:30:54.969 INFO Train - <module>: stored all name and encodes in mongodb
2022-02-25 11:30:54.969 INFO Train - <module>: started loading images and finding their encodings
2022-02-25 11:30:54.969 INFO Train - <module>: loading image
2022-02-25 11:30:54.970 DEBUG Train - <module>: /home/vikasjoshis001/Desktop/FaceRecognition/images_to_train/cersie lannister/index3.jpeg
2022-02-25 11:30:54.970 INFO Train - <module>: loading image done
2022-02-25 11:30:54.970 INFO Train - <module>: finding the encoding of image
2022-02-25 11:30:55.063 INFO Train - <module>: finding encoding of image is done
2022-02-25 11:30:55.063 INFO Train - <module>: loading image
2022-02-25 11:30:55.063 DEBUG Train - <module>: /home/vikasjoshis001/Desktop/FaceRecognition/images_to_train/cersie lannister/index5.jpeg
2022-02-25 11:30:55.063 INFO Train - <module>: loading image done
2022-02-25 11:30:55.064 INFO Train - <module>: finding the encoding of image
2022-02-25 11:30:55.164 INFO Train - <module>: finding encoding of image is done
2022-02-25 11:30:55.165 INFO Train - <module>: loading image
2022-02-25 11:30:55.165 DEBUG Train - <module>: /home/vikasjoshis001/Desktop/FaceRecognition/images_to_train/cersie lannister/index2.jpeg
2022-02-25 11:30:55.165 INFO Train - <module>: loading image done
2022-02-25 11:30:55.165 INFO Train - <module>: finding the encoding of image
2022-02-25 11:30:55.239 INFO Train - <module>: finding encoding of image is done
2022-02-25 11:30:55.239 INFO Train - <module>: loading image
2022-02-25 11:30:55.239 DEBUG Train - <module>: /home/vikasjoshis001/Desktop/FaceRecognition/images_to_train/cersie lannister/index4.jpeg
2022-02-25 11:30:55.239 INFO Train - <module>: loading image done
2022-02-25 11:30:55.239 INFO Train - <module>: finding the encoding of image
2022-02-25 11:30:55.316 INFO Train - <module>: finding encoding of image is done
2022-02-25 11:30:55.317 INFO Train - <module>: getting average of encodings of loaded images
2022-02-25 11:30:55.317 INFO Train - <module>: done with getting average encodings
2022-02-25 11:30:55.317 INFO Train - <module>: storing the name and encoding in local dictionary
2022-02-25 11:30:55.317 INFO Train - <module>: stored name and encodes in local dictionary
2022-02-25 11:30:55.317 INFO Train - <module>: storing the name and encodings in mongodb
2022-02-25 11:30:55.318 INFO Train - <module>: stored all name and encodes in mongodb
2022-02-25 11:30:55.318 INFO Train - <module>: started loading images and finding their encodings
2022-02-25 11:30:55.318 INFO Train - <module>: loading image
2022-02-25 11:30:55.318 DEBUG Train - <module>: /home/vikasjoshis001/Desktop/FaceRecognition/images_to_train/king in the north/index.jpeg
2022-02-25 11:30:55.319 INFO Train - <module>: loading image done
2022-02-25 11:30:55.319 INFO Train - <module>: finding the encoding of image
2022-02-25 11:30:55.406 INFO Train - <module>: finding encoding of image is done
2022-02-25 11:30:55.406 INFO Train - <module>: loading image
2022-02-25 11:30:55.407 DEBUG Train - <module>: /home/vikasjoshis001/Desktop/FaceRecognition/images_to_train/king in the north/index3.jpeg
2022-02-25 11:30:55.407 INFO Train - <module>: loading image done
2022-02-25 11:30:55.407 INFO Train - <module>: finding the encoding of image
2022-02-25 11:30:55.520 INFO Train - <module>: finding encoding of image is done
2022-02-25 11:30:55.520 INFO Train - <module>: loading image
2022-02-25 11:30:55.521 DEBUG Train - <module>: /home/vikasjoshis001/Desktop/FaceRecognition/images_to_train/king in the north/index5.jpeg
2022-02-25 11:30:55.521 INFO Train - <module>: loading image done
2022-02-25 11:30:55.521 INFO Train - <module>: finding the encoding of image
2022-02-25 11:30:55.631 INFO Train - <module>: finding encoding of image is done
2022-02-25 11:30:55.631 INFO Train - <module>: loading image
2022-02-25 11:30:55.632 DEBUG Train - <module>: /home/vikasjoshis001/Desktop/FaceRecognition/images_to_train/king in the north/index2.jpeg
2022-02-25 11:30:55.632 INFO Train - <module>: loading image done
2022-02-25 11:30:55.632 INFO Train - <module>: finding the encoding of image
2022-02-25 11:30:55.731 INFO Train - <module>: finding encoding of image is done
2022-02-25 11:30:55.731 INFO Train - <module>: loading image
2022-02-25 11:30:55.731 DEBUG Train - <module>: /home/vikasjoshis001/Desktop/FaceRecognition/images_to_train/king in the north/index4.jpeg
2022-02-25 11:30:55.731 INFO Train - <module>: loading image done
2022-02-25 11:30:55.731 INFO Train - <module>: finding the encoding of image
2022-02-25 11:30:55.810 INFO Train - <module>: finding encoding of image is done
2022-02-25 11:30:55.810 INFO Train - <module>: getting average of encodings of loaded images
2022-02-25 11:30:55.810 INFO Train - <module>: done with getting average encodings
2022-02-25 11:30:55.811 INFO Train - <module>: storing the name and encoding in local dictionary
2022-02-25 11:30:55.811 INFO Train - <module>: stored name and encodes in local dictionary
2022-02-25 11:30:55.811 INFO Train - <module>: storing the name and encodings in mongodb
2022-02-25 11:30:55.811 INFO Train - <module>: stored all name and encodes in mongodb
2022-02-25 11:30:55.811 INFO Train - <module>: started loading images and finding their encodings
2022-02-25 11:30:55.811 INFO Train - <module>: loading image
2022-02-25 11:30:55.812 DEBUG Train - <module>: /home/vikasjoshis001/Desktop/FaceRecognition/images_to_train/arya stark/index.jpeg
2022-02-25 11:30:55.812 INFO Train - <module>: loading image done
2022-02-25 11:30:55.812 INFO Train - <module>: finding the encoding of image
2022-02-25 11:30:55.901 INFO Train - <module>: finding encoding of image is done
2022-02-25 11:30:55.902 INFO Train - <module>: loading image
2022-02-25 11:30:55.902 DEBUG Train - <module>: /home/vikasjoshis001/Desktop/FaceRecognition/images_to_train/arya stark/index3.jpeg
2022-02-25 11:30:55.902 INFO Train - <module>: loading image done
2022-02-25 11:30:55.902 INFO Train - <module>: finding the encoding of image
2022-02-25 11:30:55.980 INFO Train - <module>: finding encoding of image is done
2022-02-25 11:30:55.980 INFO Train - <module>: loading image
2022-02-25 11:30:55.980 DEBUG Train - <module>: /home/vikasjoshis001/Desktop/FaceRecognition/images_to_train/arya stark/index5.jpeg
2022-02-25 11:30:55.981 INFO Train - <module>: loading image done
2022-02-25 11:30:55.981 INFO Train - <module>: finding the encoding of image
2022-02-25 11:30:56.049 INFO Train - <module>: finding encoding of image is done
2022-02-25 11:30:56.049 INFO Train - <module>: loading image
2022-02-25 11:30:56.049 DEBUG Train - <module>: /home/vikasjoshis001/Desktop/FaceRecognition/images_to_train/arya stark/index2.jpeg
2022-02-25 11:30:56.049 INFO Train - <module>: loading image done
2022-02-25 11:30:56.049 INFO Train - <module>: finding the encoding of image
2022-02-25 11:30:56.127 INFO Train - <module>: finding encoding of image is done
2022-02-25 11:30:56.127 INFO Train - <module>: loading image
2022-02-25 11:30:56.127 DEBUG Train - <module>: /home/vikasjoshis001/Desktop/FaceRecognition/images_to_train/arya stark/images4.jpeg
2022-02-25 11:30:56.127 INFO Train - <module>: loading image done
2022-02-25 11:30:56.127 INFO Train - <module>: finding the encoding of image
2022-02-25 11:30:56.211 INFO Train - <module>: finding encoding of image is done
2022-02-25 11:30:56.211 INFO Train - <module>: getting average of encodings of loaded images
2022-02-25 11:30:56.212 INFO Train - <module>: done with getting average encodings
2022-02-25 11:30:56.212 INFO Train - <module>: storing the name and encoding in local dictionary
2022-02-25 11:30:56.212 INFO Train - <module>: stored name and encodes in local dictionary
2022-02-25 11:30:56.212 INFO Train - <module>: storing the name and encodings in mongodb
2022-02-25 11:30:56.213 INFO Train - <module>: stored all name and encodes in mongodb
