2022-04-01 06:06:54.810 INFO Train - trainImages: MongoDB database connected successfully
2022-04-01 06:06:54.816 INFO Train - trainImages: collected all folders in known_people folder
2022-04-01 06:06:54.816 DEBUG Train - trainImages: ['tyrion lannister', 'denerys targeryan', 'Hello-2022-04-01 06:06:43.242173', 'cersie lannister', 'Vikas-2022-03-31 13:17:26.260103', 'king in the north', 'arya stark']
2022-04-01 06:06:54.819 INFO Train - trainImages: collected all images from all folders in known_people folder
2022-04-01 06:06:54.819 DEBUG Train - trainImages: [['/home/vikasjoshis001/Desktop/Gestures/images_to_train/tyrion lannister/images5.jpeg', '/home/vikasjoshis001/Desktop/Gestures/images_to_train/tyrion lannister/index3.jpeg', '/home/vikasjoshis001/Desktop/Gestures/images_to_train/tyrion lannister/index1.jpeg', '/home/vikasjoshis001/Desktop/Gestures/images_to_train/tyrion lannister/index2.jpeg', '/home/vikasjoshis001/Desktop/Gestures/images_to_train/tyrion lannister/index4.jpeg'], ['/home/vikasjoshis001/Desktop/Gestures/images_to_train/denerys targeryan/index3.jpeg', '/home/vikasjoshis001/Desktop/Gestures/images_to_train/denerys targeryan/index5.jpeg', '/home/vikasjoshis001/Desktop/Gestures/images_to_train/denerys targeryan/index1.jpeg', '/home/vikasjoshis001/Desktop/Gestures/images_to_train/denerys targeryan/index2.jpeg', '/home/vikasjoshis001/Desktop/Gestures/images_to_train/denerys targeryan/index4.jpeg'], ['/home/vikasjoshis001/Desktop/Gestures/images_to_train/Hello-2022-04-01 06:06:43.242173/Hello.cdd62f53-b153-11ec-ae44-cb6983774605.jpeg', '/home/vikasjoshis001/Desktop/Gestures/images_to_train/Hello-2022-04-01 06:06:43.242173/Hello.cf21c952-b153-11ec-ae44-cb6983774605.jpeg', '/home/vikasjoshis001/Desktop/Gestures/images_to_train/Hello-2022-04-01 06:06:43.242173/Hello.d0570634-b153-11ec-ae44-cb6983774605.jpeg', '/home/vikasjoshis001/Desktop/Gestures/images_to_train/Hello-2022-04-01 06:06:43.242173/Hello.cdd62f52-b153-11ec-ae44-cb6983774605.jpeg', '/home/vikasjoshis001/Desktop/Gestures/images_to_train/Hello-2022-04-01 06:06:43.242173/Hello.cf21c953-b153-11ec-ae44-cb6983774605.jpeg'], ['/home/vikasjoshis001/Desktop/Gestures/images_to_train/cersie lannister/index3.jpeg', '/home/vikasjoshis001/Desktop/Gestures/images_to_train/cersie lannister/index5.jpeg', '/home/vikasjoshis001/Desktop/Gestures/images_to_train/cersie lannister/index2.jpeg', '/home/vikasjoshis001/Desktop/Gestures/images_to_train/cersie lannister/index4.jpeg'], ['/home/vikasjoshis001/Desktop/Gestures/images_to_train/Vikas-2022-03-31 13:17:26.260103/Vikas.d18bc824-b0c6-11ec-95c9-353773ec36e1.jpeg', '/home/vikasjoshis001/Desktop/Gestures/images_to_train/Vikas-2022-03-31 13:17:26.260103/Vikas.d056c17b-b0c6-11ec-95c9-353773ec36e1.jpeg', '/home/vikasjoshis001/Desktop/Gestures/images_to_train/Vikas-2022-03-31 13:17:26.260103/Vikas.cf0c4b78-b0c6-11ec-95c9-353773ec36e1.jpeg', '/home/vikasjoshis001/Desktop/Gestures/images_to_train/Vikas-2022-03-31 13:17:26.260103/Vikas.cf0c4b79-b0c6-11ec-95c9-353773ec36e1.jpeg', '/home/vikasjoshis001/Desktop/Gestures/images_to_train/Vikas-2022-03-31 13:17:26.260103/Vikas.d056c17a-b0c6-11ec-95c9-353773ec36e1.jpeg'], ['/home/vikasjoshis001/Desktop/Gestures/images_to_train/king in the north/index.jpeg', '/home/vikasjoshis001/Desktop/Gestures/images_to_train/king in the north/index3.jpeg', '/home/vikasjoshis001/Desktop/Gestures/images_to_train/king in the north/index5.jpeg', '/home/vikasjoshis001/Desktop/Gestures/images_to_train/king in the north/index2.jpeg', '/home/vikasjoshis001/Desktop/Gestures/images_to_train/king in the north/index4.jpeg'], ['/home/vikasjoshis001/Desktop/Gestures/images_to_train/arya stark/index.jpeg', '/home/vikasjoshis001/Desktop/Gestures/images_to_train/arya stark/index3.jpeg', '/home/vikasjoshis001/Desktop/Gestures/images_to_train/arya stark/index5.jpeg', '/home/vikasjoshis001/Desktop/Gestures/images_to_train/arya stark/index2.jpeg', '/home/vikasjoshis001/Desktop/Gestures/images_to_train/arya stark/images4.jpeg']]
2022-04-01 06:06:54.819 INFO Train - trainImages: started loading images and finding their encodings
2022-04-01 06:06:54.819 INFO Train - trainImages: loading image
2022-04-01 06:06:54.835 DEBUG Train - trainImages: /home/vikasjoshis001/Desktop/Gestures/images_to_train/tyrion lannister/images5.jpeg
2022-04-01 06:06:54.835 INFO Train - trainImages: loading image done
2022-04-01 06:06:54.835 INFO Train - trainImages: finding the encoding of image
2022-04-01 06:06:54.921 INFO Train - trainImages: finding encoding of image is done
2022-04-01 06:06:54.922 INFO Train - trainImages: loading image
2022-04-01 06:06:54.922 DEBUG Train - trainImages: /home/vikasjoshis001/Desktop/Gestures/images_to_train/tyrion lannister/index3.jpeg
2022-04-01 06:06:54.922 INFO Train - trainImages: loading image done
2022-04-01 06:06:54.922 INFO Train - trainImages: finding the encoding of image
2022-04-01 06:06:54.989 INFO Train - trainImages: finding encoding of image is done
2022-04-01 06:06:54.989 INFO Train - trainImages: loading image
2022-04-01 06:06:54.990 DEBUG Train - trainImages: /home/vikasjoshis001/Desktop/Gestures/images_to_train/tyrion lannister/index1.jpeg
2022-04-01 06:06:54.990 INFO Train - trainImages: loading image done
2022-04-01 06:06:54.990 INFO Train - trainImages: finding the encoding of image
2022-04-01 06:06:55.058 INFO Train - trainImages: finding encoding of image is done
2022-04-01 06:06:55.058 INFO Train - trainImages: loading image
2022-04-01 06:06:55.059 DEBUG Train - trainImages: /home/vikasjoshis001/Desktop/Gestures/images_to_train/tyrion lannister/index2.jpeg
2022-04-01 06:06:55.059 INFO Train - trainImages: loading image done
2022-04-01 06:06:55.059 INFO Train - trainImages: finding the encoding of image
2022-04-01 06:06:55.128 INFO Train - trainImages: finding encoding of image is done
2022-04-01 06:06:55.128 INFO Train - trainImages: loading image
2022-04-01 06:06:55.128 DEBUG Train - trainImages: /home/vikasjoshis001/Desktop/Gestures/images_to_train/tyrion lannister/index4.jpeg
2022-04-01 06:06:55.129 INFO Train - trainImages: loading image done
2022-04-01 06:06:55.129 INFO Train - trainImages: finding the encoding of image
2022-04-01 06:06:55.195 INFO Train - trainImages: finding encoding of image is done
2022-04-01 06:06:55.195 INFO Train - trainImages: getting average of encodings of loaded images
2022-04-01 06:06:55.196 INFO Train - trainImages: done with getting average encodings
2022-04-01 06:06:55.196 INFO Train - trainImages: storing the name and encoding in local dictionary
2022-04-01 06:06:55.196 INFO Train - trainImages: stored name and encodes in local dictionary
2022-04-01 06:06:55.196 INFO Train - trainImages: storing the name and encodings in mongodb
2022-04-01 06:06:55.197 INFO Train - trainImages: stored all name and encodes in mongodb
2022-04-01 06:06:55.197 INFO Train - trainImages: started loading images and finding their encodings
2022-04-01 06:06:55.197 INFO Train - trainImages: loading image
2022-04-01 06:06:55.198 DEBUG Train - trainImages: /home/vikasjoshis001/Desktop/Gestures/images_to_train/denerys targeryan/index3.jpeg
2022-04-01 06:06:55.198 INFO Train - trainImages: loading image done
2022-04-01 06:06:55.198 INFO Train - trainImages: finding the encoding of image
2022-04-01 06:06:55.266 INFO Train - trainImages: finding encoding of image is done
2022-04-01 06:06:55.266 INFO Train - trainImages: loading image
2022-04-01 06:06:55.266 DEBUG Train - trainImages: /home/vikasjoshis001/Desktop/Gestures/images_to_train/denerys targeryan/index5.jpeg
2022-04-01 06:06:55.266 INFO Train - trainImages: loading image done
2022-04-01 06:06:55.266 INFO Train - trainImages: finding the encoding of image
2022-04-01 06:06:55.337 INFO Train - trainImages: finding encoding of image is done
2022-04-01 06:06:55.337 INFO Train - trainImages: loading image
2022-04-01 06:06:55.338 DEBUG Train - trainImages: /home/vikasjoshis001/Desktop/Gestures/images_to_train/denerys targeryan/index1.jpeg
2022-04-01 06:06:55.338 INFO Train - trainImages: loading image done
2022-04-01 06:06:55.338 INFO Train - trainImages: finding the encoding of image
2022-04-01 06:06:55.421 INFO Train - trainImages: finding encoding of image is done
2022-04-01 06:06:55.421 INFO Train - trainImages: loading image
2022-04-01 06:06:55.422 DEBUG Train - trainImages: /home/vikasjoshis001/Desktop/Gestures/images_to_train/denerys targeryan/index2.jpeg
2022-04-01 06:06:55.422 INFO Train - trainImages: loading image done
2022-04-01 06:06:55.422 INFO Train - trainImages: finding the encoding of image
2022-04-01 06:06:55.493 INFO Train - trainImages: finding encoding of image is done
2022-04-01 06:06:55.493 INFO Train - trainImages: loading image
2022-04-01 06:06:55.494 DEBUG Train - trainImages: /home/vikasjoshis001/Desktop/Gestures/images_to_train/denerys targeryan/index4.jpeg
2022-04-01 06:06:55.494 INFO Train - trainImages: loading image done
2022-04-01 06:06:55.494 INFO Train - trainImages: finding the encoding of image
2022-04-01 06:06:55.562 INFO Train - trainImages: finding encoding of image is done
2022-04-01 06:06:55.562 INFO Train - trainImages: getting average of encodings of loaded images
2022-04-01 06:06:55.562 INFO Train - trainImages: done with getting average encodings
2022-04-01 06:06:55.562 INFO Train - trainImages: storing the name and encoding in local dictionary
2022-04-01 06:06:55.562 INFO Train - trainImages: stored name and encodes in local dictionary
2022-04-01 06:06:55.562 INFO Train - trainImages: storing the name and encodings in mongodb
2022-04-01 06:06:55.563 INFO Train - trainImages: stored all name and encodes in mongodb
2022-04-01 06:06:55.563 INFO Train - trainImages: started loading images and finding their encodings
2022-04-01 06:06:55.563 INFO Train - trainImages: loading image
2022-04-01 06:06:55.564 DEBUG Train - trainImages: /home/vikasjoshis001/Desktop/Gestures/images_to_train/Hello-2022-04-01 06:06:43.242173/Hello.cdd62f53-b153-11ec-ae44-cb6983774605.jpeg
2022-04-01 06:06:55.564 INFO Train - trainImages: loading image done
2022-04-01 06:06:55.564 INFO Train - trainImages: finding the encoding of image
2022-04-01 06:06:55.645 INFO Train - trainImages: finding encoding of image is done
2022-04-01 06:06:55.645 INFO Train - trainImages: loading image
2022-04-01 06:06:55.646 DEBUG Train - trainImages: /home/vikasjoshis001/Desktop/Gestures/images_to_train/Hello-2022-04-01 06:06:43.242173/Hello.cf21c952-b153-11ec-ae44-cb6983774605.jpeg
2022-04-01 06:06:55.646 INFO Train - trainImages: loading image done
2022-04-01 06:06:55.646 INFO Train - trainImages: finding the encoding of image
2022-04-01 06:06:55.726 INFO Train - trainImages: finding encoding of image is done
2022-04-01 06:06:55.726 INFO Train - trainImages: loading image
2022-04-01 06:06:55.727 DEBUG Train - trainImages: /home/vikasjoshis001/Desktop/Gestures/images_to_train/Hello-2022-04-01 06:06:43.242173/Hello.d0570634-b153-11ec-ae44-cb6983774605.jpeg
2022-04-01 06:06:55.727 INFO Train - trainImages: loading image done
2022-04-01 06:06:55.727 INFO Train - trainImages: finding the encoding of image
2022-04-01 06:06:55.807 INFO Train - trainImages: finding encoding of image is done
2022-04-01 06:06:55.807 INFO Train - trainImages: loading image
2022-04-01 06:06:55.808 DEBUG Train - trainImages: /home/vikasjoshis001/Desktop/Gestures/images_to_train/Hello-2022-04-01 06:06:43.242173/Hello.cdd62f52-b153-11ec-ae44-cb6983774605.jpeg
2022-04-01 06:06:55.808 INFO Train - trainImages: loading image done
2022-04-01 06:06:55.808 INFO Train - trainImages: finding the encoding of image
2022-04-01 06:06:55.892 INFO Train - trainImages: finding encoding of image is done
2022-04-01 06:06:55.892 INFO Train - trainImages: loading image
2022-04-01 06:06:55.893 DEBUG Train - trainImages: /home/vikasjoshis001/Desktop/Gestures/images_to_train/Hello-2022-04-01 06:06:43.242173/Hello.cf21c953-b153-11ec-ae44-cb6983774605.jpeg
2022-04-01 06:06:55.893 INFO Train - trainImages: loading image done
2022-04-01 06:06:55.893 INFO Train - trainImages: finding the encoding of image
2022-04-01 06:06:55.973 INFO Train - trainImages: finding encoding of image is done
2022-04-01 06:06:55.973 INFO Train - trainImages: getting average of encodings of loaded images
2022-04-01 06:06:55.974 INFO Train - trainImages: done with getting average encodings
2022-04-01 06:06:55.974 INFO Train - trainImages: storing the name and encoding in local dictionary
2022-04-01 06:06:55.974 INFO Train - trainImages: stored name and encodes in local dictionary
2022-04-01 06:06:55.974 INFO Train - trainImages: storing the name and encodings in mongodb
2022-04-01 06:06:55.975 INFO Train - trainImages: stored all name and encodes in mongodb
2022-04-01 06:06:55.975 INFO Train - trainImages: started loading images and finding their encodings
2022-04-01 06:06:55.975 INFO Train - trainImages: loading image
2022-04-01 06:06:55.977 DEBUG Train - trainImages: /home/vikasjoshis001/Desktop/Gestures/images_to_train/cersie lannister/index3.jpeg
2022-04-01 06:06:55.977 INFO Train - trainImages: loading image done
2022-04-01 06:06:55.977 INFO Train - trainImages: finding the encoding of image
2022-04-01 06:06:56.044 INFO Train - trainImages: finding encoding of image is done
2022-04-01 06:06:56.044 INFO Train - trainImages: loading image
2022-04-01 06:06:56.046 DEBUG Train - trainImages: /home/vikasjoshis001/Desktop/Gestures/images_to_train/cersie lannister/index5.jpeg
2022-04-01 06:06:56.046 INFO Train - trainImages: loading image done
2022-04-01 06:06:56.046 INFO Train - trainImages: finding the encoding of image
2022-04-01 06:06:56.114 INFO Train - trainImages: finding encoding of image is done
2022-04-01 06:06:56.114 INFO Train - trainImages: loading image
2022-04-01 06:06:56.116 DEBUG Train - trainImages: /home/vikasjoshis001/Desktop/Gestures/images_to_train/cersie lannister/index2.jpeg
2022-04-01 06:06:56.116 INFO Train - trainImages: loading image done
2022-04-01 06:06:56.116 INFO Train - trainImages: finding the encoding of image
2022-04-01 06:06:56.185 INFO Train - trainImages: finding encoding of image is done
2022-04-01 06:06:56.185 INFO Train - trainImages: loading image
2022-04-01 06:06:56.186 DEBUG Train - trainImages: /home/vikasjoshis001/Desktop/Gestures/images_to_train/cersie lannister/index4.jpeg
2022-04-01 06:06:56.186 INFO Train - trainImages: loading image done
2022-04-01 06:06:56.186 INFO Train - trainImages: finding the encoding of image
2022-04-01 06:06:56.255 INFO Train - trainImages: finding encoding of image is done
2022-04-01 06:06:56.255 INFO Train - trainImages: getting average of encodings of loaded images
2022-04-01 06:06:56.255 INFO Train - trainImages: done with getting average encodings
2022-04-01 06:06:56.255 INFO Train - trainImages: storing the name and encoding in local dictionary
2022-04-01 06:06:56.255 INFO Train - trainImages: stored name and encodes in local dictionary
2022-04-01 06:06:56.255 INFO Train - trainImages: storing the name and encodings in mongodb
2022-04-01 06:06:56.256 INFO Train - trainImages: stored all name and encodes in mongodb
2022-04-01 06:06:56.256 INFO Train - trainImages: started loading images and finding their encodings
2022-04-01 06:06:56.256 INFO Train - trainImages: loading image
2022-04-01 06:06:56.260 DEBUG Train - trainImages: /home/vikasjoshis001/Desktop/Gestures/images_to_train/Vikas-2022-03-31 13:17:26.260103/Vikas.d18bc824-b0c6-11ec-95c9-353773ec36e1.jpeg
2022-04-01 06:06:56.260 INFO Train - trainImages: loading image done
2022-04-01 06:06:56.260 INFO Train - trainImages: finding the encoding of image
2022-04-01 06:06:56.440 INFO Train - trainImages: finding encoding of image is done
2022-04-01 06:06:56.440 INFO Train - trainImages: loading image
2022-04-01 06:06:56.444 DEBUG Train - trainImages: /home/vikasjoshis001/Desktop/Gestures/images_to_train/Vikas-2022-03-31 13:17:26.260103/Vikas.d056c17b-b0c6-11ec-95c9-353773ec36e1.jpeg
2022-04-01 06:06:56.444 INFO Train - trainImages: loading image done
2022-04-01 06:06:56.445 INFO Train - trainImages: finding the encoding of image
2022-04-01 06:06:56.624 INFO Train - trainImages: finding encoding of image is done
2022-04-01 06:06:56.625 INFO Train - trainImages: loading image
2022-04-01 06:06:56.629 DEBUG Train - trainImages: /home/vikasjoshis001/Desktop/Gestures/images_to_train/Vikas-2022-03-31 13:17:26.260103/Vikas.cf0c4b78-b0c6-11ec-95c9-353773ec36e1.jpeg
2022-04-01 06:06:56.629 INFO Train - trainImages: loading image done
2022-04-01 06:06:56.629 INFO Train - trainImages: finding the encoding of image
2022-04-01 06:06:56.808 INFO Train - trainImages: finding encoding of image is done
2022-04-01 06:06:56.808 INFO Train - trainImages: loading image
2022-04-01 06:06:56.812 DEBUG Train - trainImages: /home/vikasjoshis001/Desktop/Gestures/images_to_train/Vikas-2022-03-31 13:17:26.260103/Vikas.cf0c4b79-b0c6-11ec-95c9-353773ec36e1.jpeg
2022-04-01 06:06:56.812 INFO Train - trainImages: loading image done
2022-04-01 06:06:56.812 INFO Train - trainImages: finding the encoding of image
2022-04-01 06:06:56.992 INFO Train - trainImages: finding encoding of image is done
2022-04-01 06:06:56.992 INFO Train - trainImages: loading image
2022-04-01 06:06:56.996 DEBUG Train - trainImages: /home/vikasjoshis001/Desktop/Gestures/images_to_train/Vikas-2022-03-31 13:17:26.260103/Vikas.d056c17a-b0c6-11ec-95c9-353773ec36e1.jpeg
2022-04-01 06:06:56.996 INFO Train - trainImages: loading image done
2022-04-01 06:06:56.996 INFO Train - trainImages: finding the encoding of image
2022-04-01 06:06:57.176 INFO Train - trainImages: finding encoding of image is done
2022-04-01 06:06:57.176 INFO Train - trainImages: getting average of encodings of loaded images
2022-04-01 06:06:57.176 INFO Train - trainImages: done with getting average encodings
2022-04-01 06:06:57.176 INFO Train - trainImages: storing the name and encoding in local dictionary
2022-04-01 06:06:57.176 INFO Train - trainImages: stored name and encodes in local dictionary
2022-04-01 06:06:57.176 INFO Train - trainImages: storing the name and encodings in mongodb
2022-04-01 06:06:57.177 INFO Train - trainImages: stored all name and encodes in mongodb
2022-04-01 06:06:57.177 INFO Train - trainImages: started loading images and finding their encodings
2022-04-01 06:06:57.177 INFO Train - trainImages: loading image
2022-04-01 06:06:57.179 DEBUG Train - trainImages: /home/vikasjoshis001/Desktop/Gestures/images_to_train/king in the north/index.jpeg
2022-04-01 06:06:57.179 INFO Train - trainImages: loading image done
2022-04-01 06:06:57.179 INFO Train - trainImages: finding the encoding of image
2022-04-01 06:06:57.247 INFO Train - trainImages: finding encoding of image is done
2022-04-01 06:06:57.247 INFO Train - trainImages: loading image
2022-04-01 06:06:57.249 DEBUG Train - trainImages: /home/vikasjoshis001/Desktop/Gestures/images_to_train/king in the north/index3.jpeg
2022-04-01 06:06:57.249 INFO Train - trainImages: loading image done
2022-04-01 06:06:57.249 INFO Train - trainImages: finding the encoding of image
2022-04-01 06:06:57.318 INFO Train - trainImages: finding encoding of image is done
2022-04-01 06:06:57.318 INFO Train - trainImages: loading image
2022-04-01 06:06:57.320 DEBUG Train - trainImages: /home/vikasjoshis001/Desktop/Gestures/images_to_train/king in the north/index5.jpeg
2022-04-01 06:06:57.320 INFO Train - trainImages: loading image done
2022-04-01 06:06:57.320 INFO Train - trainImages: finding the encoding of image
2022-04-01 06:06:57.388 INFO Train - trainImages: finding encoding of image is done
2022-04-01 06:06:57.389 INFO Train - trainImages: loading image
2022-04-01 06:06:57.390 DEBUG Train - trainImages: /home/vikasjoshis001/Desktop/Gestures/images_to_train/king in the north/index2.jpeg
2022-04-01 06:06:57.390 INFO Train - trainImages: loading image done
2022-04-01 06:06:57.390 INFO Train - trainImages: finding the encoding of image
2022-04-01 06:06:57.458 INFO Train - trainImages: finding encoding of image is done
2022-04-01 06:06:57.458 INFO Train - trainImages: loading image
2022-04-01 06:06:57.459 DEBUG Train - trainImages: /home/vikasjoshis001/Desktop/Gestures/images_to_train/king in the north/index4.jpeg
2022-04-01 06:06:57.460 INFO Train - trainImages: loading image done
2022-04-01 06:06:57.460 INFO Train - trainImages: finding the encoding of image
2022-04-01 06:06:57.531 INFO Train - trainImages: finding encoding of image is done
2022-04-01 06:06:57.531 INFO Train - trainImages: getting average of encodings of loaded images
2022-04-01 06:06:57.531 INFO Train - trainImages: done with getting average encodings
2022-04-01 06:06:57.532 INFO Train - trainImages: storing the name and encoding in local dictionary
2022-04-01 06:06:57.532 INFO Train - trainImages: stored name and encodes in local dictionary
2022-04-01 06:06:57.532 INFO Train - trainImages: storing the name and encodings in mongodb
2022-04-01 06:06:57.532 INFO Train - trainImages: stored all name and encodes in mongodb
2022-04-01 06:06:57.532 INFO Train - trainImages: started loading images and finding their encodings
2022-04-01 06:06:57.532 INFO Train - trainImages: loading image
2022-04-01 06:06:57.534 DEBUG Train - trainImages: /home/vikasjoshis001/Desktop/Gestures/images_to_train/arya stark/index.jpeg
2022-04-01 06:06:57.534 INFO Train - trainImages: loading image done
2022-04-01 06:06:57.534 INFO Train - trainImages: finding the encoding of image
2022-04-01 06:06:57.603 INFO Train - trainImages: finding encoding of image is done
2022-04-01 06:06:57.603 INFO Train - trainImages: loading image
2022-04-01 06:06:57.604 DEBUG Train - trainImages: /home/vikasjoshis001/Desktop/Gestures/images_to_train/arya stark/index3.jpeg
2022-04-01 06:06:57.605 INFO Train - trainImages: loading image done
2022-04-01 06:06:57.605 INFO Train - trainImages: finding the encoding of image
2022-04-01 06:06:57.672 INFO Train - trainImages: finding encoding of image is done
2022-04-01 06:06:57.672 INFO Train - trainImages: loading image
2022-04-01 06:06:57.673 DEBUG Train - trainImages: /home/vikasjoshis001/Desktop/Gestures/images_to_train/arya stark/index5.jpeg
2022-04-01 06:06:57.673 INFO Train - trainImages: loading image done
2022-04-01 06:06:57.673 INFO Train - trainImages: finding the encoding of image
2022-04-01 06:06:57.743 INFO Train - trainImages: finding encoding of image is done
2022-04-01 06:06:57.743 INFO Train - trainImages: loading image
2022-04-01 06:06:57.745 DEBUG Train - trainImages: /home/vikasjoshis001/Desktop/Gestures/images_to_train/arya stark/index2.jpeg
2022-04-01 06:06:57.745 INFO Train - trainImages: loading image done
2022-04-01 06:06:57.745 INFO Train - trainImages: finding the encoding of image
2022-04-01 06:06:57.812 INFO Train - trainImages: finding encoding of image is done
2022-04-01 06:06:57.813 INFO Train - trainImages: loading image
2022-04-01 06:06:57.814 DEBUG Train - trainImages: /home/vikasjoshis001/Desktop/Gestures/images_to_train/arya stark/images4.jpeg
2022-04-01 06:06:57.814 INFO Train - trainImages: loading image done
2022-04-01 06:06:57.814 INFO Train - trainImages: finding the encoding of image
2022-04-01 06:06:57.881 INFO Train - trainImages: finding encoding of image is done
2022-04-01 06:06:57.882 INFO Train - trainImages: getting average of encodings of loaded images
2022-04-01 06:06:57.882 INFO Train - trainImages: done with getting average encodings
2022-04-01 06:06:57.882 INFO Train - trainImages: storing the name and encoding in local dictionary
2022-04-01 06:06:57.882 INFO Train - trainImages: stored name and encodes in local dictionary
2022-04-01 06:06:57.882 INFO Train - trainImages: storing the name and encodings in mongodb
2022-04-01 06:06:57.883 INFO Train - trainImages: stored all name and encodes in mongodb
