2022-04-03 12:21:16.308 INFO Train - trainImages: MongoDB database connected successfully
2022-04-03 12:21:16.318 INFO Train - trainImages: collected all folders in known_people folder
2022-04-03 12:21:16.318 DEBUG Train - trainImages: ['tyrion lannister', 'thytuhtf-2022-04-03 11:34:49.521479', 'denerys targeryan', 'hstjy-2022-04-03 11:34:19.434543', 'djyuk-2022-04-03 11:30:31.673267', 'hdgjh-2022-04-03 11:30:57.211700', 'Vikdakfljslf-2022-04-03 12:21:04.778811', 'ghgfchfgh-2022-04-03 12:04:13.527468', 'gfdh-2022-04-02 13:55:50.044048', 'dfhgthdf-2022-04-03 11:39:44.520067', 'Vikas-2022-04-03 11:26:03.832358', 'hgnvbn-2022-04-03 12:05:29.711271', 'kjklkjljkl-2022-04-03 12:01:08.850537', 'jhgjkhk-2022-04-03 11:50:35.335149', 'cersie lannister', 'jfyujkgh-2022-04-03 11:40:46.010220', 'Vikas-2022-03-31 13:17:26.260103', 'king in the north', 'jhkjh-2022-04-03 11:42:04.731552', 'jhgfkjj-2022-04-03 11:59:35.995479', 'Dilip-2022-04-03 11:26:55.009176', 'Vikas-2022-04-03 11:24:11.279468', 'gjyhjh-2022-04-03 11:54:32.621962', 'arya stark', 'mjhkjhk-2022-04-03 11:57:24.362114', 'Vikas-2022-04-02 14:00:54.777694', 'gfjhgj-2022-04-03 11:52:17.817740', 'fdg-2022-04-03 11:30:01.862957', 'juyjkukj-2022-04-03 11:46:55.415732', 'fhtryh-2022-04-03 11:37:05.877835', 'hjhgkjhj-2022-04-03 12:06:37.208673', 'jhgjhgj-2022-04-03 12:03:03.137787', 'vfhngf-2022-04-02 13:22:19.707196', 'hgdjghj-2022-04-03 11:31:45.100927']
2022-04-03 12:21:16.363 INFO Train - trainImages: collected all images from all folders in known_people folder
2022-04-03 12:21:16.365 DEBUG Train - trainImages: [['/home/vikasjoshis001/Desktop/Gestures/images_to_train/tyrion lannister/images5.jpeg', '/home/vikasjoshis001/Desktop/Gestures/images_to_train/tyrion lannister/index3.jpeg', '/home/vikasjoshis001/Desktop/Gestures/images_to_train/tyrion lannister/index1.jpeg', '/home/vikasjoshis001/Desktop/Gestures/images_to_train/tyrion lannister/index2.jpeg', '/home/vikasjoshis001/Desktop/Gestures/images_to_train/tyrion lannister/index4.jpeg'], ['/home/vikasjoshis001/Desktop/Gestures/images_to_train/thytuhtf-2022-04-03 11:34:49.521479/thytuhtf.f8967ebb-b313-11ec-ad35-81ee5352b8cb.jpeg', '/home/vikasjoshis001/Desktop/Gestures/images_to_train/thytuhtf-2022-04-03 11:34:49.521479/thytuhtf.f8967eba-b313-11ec-ad35-81ee5352b8cb.jpeg', '/home/vikasjoshis001/Desktop/Gestures/images_to_train/thytuhtf-2022-04-03 11:34:49.521479/thytuhtf.fb154fd6-b313-11ec-ad35-81ee5352b8cb.jpeg', '/home/vikasjoshis001/Desktop/Gestures/images_to_train/thytuhtf-2022-04-03 11:34:49.521479/thytuhtf.f9e071b8-b313-11ec-ad35-81ee5352b8cb.jpeg', '/home/vikasjoshis001/Desktop/Gestures/images_to_train/thytuhtf-2022-04-03 11:34:49.521479/thytuhtf.f9e071b9-b313-11ec-ad35-81ee5352b8cb.jpeg'], ['/home/vikasjoshis001/Desktop/Gestures/images_to_train/denerys targeryan/index3.jpeg', '/home/vikasjoshis001/Desktop/Gestures/images_to_train/denerys targeryan/index5.jpeg', '/home/vikasjoshis001/Desktop/Gestures/images_to_train/denerys targeryan/index1.jpeg', '/home/vikasjoshis001/Desktop/Gestures/images_to_train/denerys targeryan/index2.jpeg', '/home/vikasjoshis001/Desktop/Gestures/images_to_train/denerys targeryan/index4.jpeg'], ['/home/vikasjoshis001/Desktop/Gestures/images_to_train/hstjy-2022-04-03 11:34:19.434543/hstjy.e7f29ff9-b313-11ec-ad35-81ee5352b8cb.jpeg', '/home/vikasjoshis001/Desktop/Gestures/images_to_train/hstjy-2022-04-03 11:34:19.434543/hstjy.e9274068-b313-11ec-ad35-81ee5352b8cb.jpeg', '/home/vikasjoshis001/Desktop/Gestures/images_to_train/hstjy-2022-04-03 11:34:19.434543/hstjy.e6a79338-b313-11ec-ad35-81ee5352b8cb.jpeg', '/home/vikasjoshis001/Desktop/Gestures/images_to_train/hstjy-2022-04-03 11:34:19.434543/hstjy.e6a79339-b313-11ec-ad35-81ee5352b8cb.jpeg', '/home/vikasjoshis001/Desktop/Gestures/images_to_train/hstjy-2022-04-03 11:34:19.434543/hstjy.e7f29ff8-b313-11ec-ad35-81ee5352b8cb.jpeg'], ['/home/vikasjoshis001/Desktop/Gestures/images_to_train/djyuk-2022-04-03 11:30:31.673267/djyuk.5ee61faa-b313-11ec-ad35-81ee5352b8cb.jpeg', '/home/vikasjoshis001/Desktop/Gestures/images_to_train/djyuk-2022-04-03 11:30:31.673267/djyuk.5f94b7fe-b313-11ec-ad35-81ee5352b8cb.jpeg', '/home/vikasjoshis001/Desktop/Gestures/images_to_train/djyuk-2022-04-03 11:30:31.673267/djyuk.60c9f9ae-b313-11ec-ad35-81ee5352b8cb.jpeg', '/home/vikasjoshis001/Desktop/Gestures/images_to_train/djyuk-2022-04-03 11:30:31.673267/djyuk.60c9f9af-b313-11ec-ad35-81ee5352b8cb.jpeg', '/home/vikasjoshis001/Desktop/Gestures/images_to_train/djyuk-2022-04-03 11:30:31.673267/djyuk.5f94b7ff-b313-11ec-ad35-81ee5352b8cb.jpeg'], ['/home/vikasjoshis001/Desktop/Gestures/images_to_train/hdgjh-2022-04-03 11:30:57.211700/hdgjh.709c9c24-b313-11ec-ad35-81ee5352b8cb.jpeg', '/home/vikasjoshis001/Desktop/Gestures/images_to_train/hdgjh-2022-04-03 11:30:57.211700/hdgjh.6e1ec5d1-b313-11ec-ad35-81ee5352b8cb.jpeg', '/home/vikasjoshis001/Desktop/Gestures/images_to_train/hdgjh-2022-04-03 11:30:57.211700/hdgjh.6f6844ac-b313-11ec-ad35-81ee5352b8cb.jpeg', '/home/vikasjoshis001/Desktop/Gestures/images_to_train/hdgjh-2022-04-03 11:30:57.211700/hdgjh.6e1ec5d0-b313-11ec-ad35-81ee5352b8cb.jpeg', '/home/vikasjoshis001/Desktop/Gestures/images_to_train/hdgjh-2022-04-03 11:30:57.211700/hdgjh.6f6844ad-b313-11ec-ad35-81ee5352b8cb.jpeg'], ['/home/vikasjoshis001/Desktop/Gestures/images_to_train/Vikdakfljslf-2022-04-03 12:21:04.778811/Vikdakfljslf.70104fba-b31a-11ec-ad35-81ee5352b8cb.jpeg', '/home/vikasjoshis001/Desktop/Gestures/images_to_train/Vikdakfljslf-2022-04-03 12:21:04.778811/Vikdakfljslf.714515e6-b31a-11ec-ad35-81ee5352b8cb.jpeg', '/home/vikasjoshis001/Desktop/Gestures/images_to_train/Vikdakfljslf-2022-04-03 12:21:04.778811/Vikdakfljslf.6ec541b0-b31a-11ec-ad35-81ee5352b8cb.jpeg', '/home/vikasjoshis001/Desktop/Gestures/images_to_train/Vikdakfljslf-2022-04-03 12:21:04.778811/Vikdakfljslf.6ec541b1-b31a-11ec-ad35-81ee5352b8cb.jpeg', '/home/vikasjoshis001/Desktop/Gestures/images_to_train/Vikdakfljslf-2022-04-03 12:21:04.778811/Vikdakfljslf.70104fbb-b31a-11ec-ad35-81ee5352b8cb.jpeg'], ['/home/vikasjoshis001/Desktop/Gestures/images_to_train/ghgfchfgh-2022-04-03 12:04:13.527468/ghgfchfgh.140549ca-b318-11ec-ad35-81ee5352b8cb.jpeg', '/home/vikasjoshis001/Desktop/Gestures/images_to_train/ghgfchfgh-2022-04-03 12:04:13.527468/ghgfchfgh.155095fa-b318-11ec-ad35-81ee5352b8cb.jpeg', '/home/vikasjoshis001/Desktop/Gestures/images_to_train/ghgfchfgh-2022-04-03 12:04:13.527468/ghgfchfgh.140549cb-b318-11ec-ad35-81ee5352b8cb.jpeg', '/home/vikasjoshis001/Desktop/Gestures/images_to_train/ghgfchfgh-2022-04-03 12:04:13.527468/ghgfchfgh.155095fb-b318-11ec-ad35-81ee5352b8cb.jpeg', '/home/vikasjoshis001/Desktop/Gestures/images_to_train/ghgfchfgh-2022-04-03 12:04:13.527468/ghgfchfgh.1685e8bc-b318-11ec-ad35-81ee5352b8cb.jpeg'], ['/home/vikasjoshis001/Desktop/Gestures/images_to_train/gfdh-2022-04-02 13:55:50.044048/gfdh.810a564d-b25e-11ec-a7b0-397ab50d5789.jpeg', '/home/vikasjoshis001/Desktop/Gestures/images_to_train/gfdh-2022-04-02 13:55:50.044048/gfdh.8255c3bb-b25e-11ec-a7b0-397ab50d5789.jpeg', '/home/vikasjoshis001/Desktop/Gestures/images_to_train/gfdh-2022-04-02 13:55:50.044048/gfdh.8255c3ba-b25e-11ec-a7b0-397ab50d5789.jpeg', '/home/vikasjoshis001/Desktop/Gestures/images_to_train/gfdh-2022-04-02 13:55:50.044048/gfdh.810a564c-b25e-11ec-a7b0-397ab50d5789.jpeg', '/home/vikasjoshis001/Desktop/Gestures/images_to_train/gfdh-2022-04-02 13:55:50.044048/gfdh.838b057e-b25e-11ec-a7b0-397ab50d5789.jpeg'], ['/home/vikasjoshis001/Desktop/Gestures/images_to_train/dfhgthdf-2022-04-03 11:39:44.520067/dfhgthdf.a86bd9b7-b314-11ec-ad35-81ee5352b8cb.jpeg', '/home/vikasjoshis001/Desktop/Gestures/images_to_train/dfhgthdf-2022-04-03 11:39:44.520067/dfhgthdf.a86bd9b6-b314-11ec-ad35-81ee5352b8cb.jpeg', '/home/vikasjoshis001/Desktop/Gestures/images_to_train/dfhgthdf-2022-04-03 11:39:44.520067/dfhgthdf.aae95614-b314-11ec-ad35-81ee5352b8cb.jpeg', '/home/vikasjoshis001/Desktop/Gestures/images_to_train/dfhgthdf-2022-04-03 11:39:44.520067/dfhgthdf.a9b4724c-b314-11ec-ad35-81ee5352b8cb.jpeg', '/home/vikasjoshis001/Desktop/Gestures/images_to_train/dfhgthdf-2022-04-03 11:39:44.520067/dfhgthdf.a9b4724d-b314-11ec-ad35-81ee5352b8cb.jpeg'], ['/home/vikasjoshis001/Desktop/Gestures/images_to_train/Vikas-2022-04-03 11:26:03.832358/Vikas.c08bfed9-b312-11ec-ad35-81ee5352b8cb.jpeg', '/home/vikasjoshis001/Desktop/Gestures/images_to_train/Vikas-2022-04-03 11:26:03.832358/Vikas.bf408711-b312-11ec-ad35-81ee5352b8cb.jpeg', '/home/vikasjoshis001/Desktop/Gestures/images_to_train/Vikas-2022-04-03 11:26:03.832358/Vikas.bf408710-b312-11ec-ad35-81ee5352b8cb.jpeg', '/home/vikasjoshis001/Desktop/Gestures/images_to_train/Vikas-2022-04-03 11:26:03.832358/Vikas.c08bfed8-b312-11ec-ad35-81ee5352b8cb.jpeg', '/home/vikasjoshis001/Desktop/Gestures/images_to_train/Vikas-2022-04-03 11:26:03.832358/Vikas.c1c00ff6-b312-11ec-ad35-81ee5352b8cb.jpeg'], ['/home/vikasjoshis001/Desktop/Gestures/images_to_train/hgnvbn-2022-04-03 12:05:29.711271/hgnvbn.416db3fc-b318-11ec-ad35-81ee5352b8cb.jpeg', '/home/vikasjoshis001/Desktop/Gestures/images_to_train/hgnvbn-2022-04-03 12:05:29.711271/hgnvbn.434ba0c7-b318-11ec-ad35-81ee5352b8cb.jpeg', '/home/vikasjoshis001/Desktop/Gestures/images_to_train/hgnvbn-2022-04-03 12:05:29.711271/hgnvbn.421819fb-b318-11ec-ad35-81ee5352b8cb.jpeg', '/home/vikasjoshis001/Desktop/Gestures/images_to_train/hgnvbn-2022-04-03 12:05:29.711271/hgnvbn.434ba0c6-b318-11ec-ad35-81ee5352b8cb.jpeg', '/home/vikasjoshis001/Desktop/Gestures/images_to_train/hgnvbn-2022-04-03 12:05:29.711271/hgnvbn.421819fa-b318-11ec-ad35-81ee5352b8cb.jpeg'], ['/home/vikasjoshis001/Desktop/Gestures/images_to_train/kjklkjljkl-2022-04-03 12:01:08.850537/kjklkjljkl.a5f107ef-b317-11ec-ad35-81ee5352b8cb.jpeg', '/home/vikasjoshis001/Desktop/Gestures/images_to_train/kjklkjljkl-2022-04-03 12:01:08.850537/kjklkjljkl.a7392a97-b317-11ec-ad35-81ee5352b8cb.jpeg', '/home/vikasjoshis001/Desktop/Gestures/images_to_train/kjklkjljkl-2022-04-03 12:01:08.850537/kjklkjljkl.a7392a96-b317-11ec-ad35-81ee5352b8cb.jpeg', '/home/vikasjoshis001/Desktop/Gestures/images_to_train/kjklkjljkl-2022-04-03 12:01:08.850537/kjklkjljkl.a5f107ee-b317-11ec-ad35-81ee5352b8cb.jpeg', '/home/vikasjoshis001/Desktop/Gestures/images_to_train/kjklkjljkl-2022-04-03 12:01:08.850537/kjklkjljkl.a86e279a-b317-11ec-ad35-81ee5352b8cb.jpeg'], ['/home/vikasjoshis001/Desktop/Gestures/images_to_train/jhgjkhk-2022-04-03 11:50:35.335149/jhgjkhk.2da2ae24-b316-11ec-ad35-81ee5352b8cb.jpeg', '/home/vikasjoshis001/Desktop/Gestures/images_to_train/jhgjkhk-2022-04-03 11:50:35.335149/jhgjkhk.2c5638e2-b316-11ec-ad35-81ee5352b8cb.jpeg', '/home/vikasjoshis001/Desktop/Gestures/images_to_train/jhgjkhk-2022-04-03 11:50:35.335149/jhgjkhk.2ed6a5e8-b316-11ec-ad35-81ee5352b8cb.jpeg', '/home/vikasjoshis001/Desktop/Gestures/images_to_train/jhgjkhk-2022-04-03 11:50:35.335149/jhgjkhk.2c5638e3-b316-11ec-ad35-81ee5352b8cb.jpeg', '/home/vikasjoshis001/Desktop/Gestures/images_to_train/jhgjkhk-2022-04-03 11:50:35.335149/jhgjkhk.2da2ae25-b316-11ec-ad35-81ee5352b8cb.jpeg'], ['/home/vikasjoshis001/Desktop/Gestures/images_to_train/cersie lannister/index3.jpeg', '/home/vikasjoshis001/Desktop/Gestures/images_to_train/cersie lannister/index5.jpeg', '/home/vikasjoshis001/Desktop/Gestures/images_to_train/cersie lannister/index2.jpeg', '/home/vikasjoshis001/Desktop/Gestures/images_to_train/cersie lannister/index4.jpeg'], ['/home/vikasjoshis001/Desktop/Gestures/images_to_train/jfyujkgh-2022-04-03 11:40:46.010220/jfyujkgh.cd12c3ce-b314-11ec-ad35-81ee5352b8cb.jpeg', '/home/vikasjoshis001/Desktop/Gestures/images_to_train/jfyujkgh-2022-04-03 11:40:46.010220/jfyujkgh.ce5e4e43-b314-11ec-ad35-81ee5352b8cb.jpeg', '/home/vikasjoshis001/Desktop/Gestures/images_to_train/jfyujkgh-2022-04-03 11:40:46.010220/jfyujkgh.ce5e4e42-b314-11ec-ad35-81ee5352b8cb.jpeg', '/home/vikasjoshis001/Desktop/Gestures/images_to_train/jfyujkgh-2022-04-03 11:40:46.010220/jfyujkgh.cf93bd1a-b314-11ec-ad35-81ee5352b8cb.jpeg', '/home/vikasjoshis001/Desktop/Gestures/images_to_train/jfyujkgh-2022-04-03 11:40:46.010220/jfyujkgh.cd12c3cf-b314-11ec-ad35-81ee5352b8cb.jpeg'], ['/home/vikasjoshis001/Desktop/Gestures/images_to_train/Vikas-2022-03-31 13:17:26.260103/Vikas.d18bc824-b0c6-11ec-95c9-353773ec36e1.jpeg', '/home/vikasjoshis001/Desktop/Gestures/images_to_train/Vikas-2022-03-31 13:17:26.260103/Vikas.d056c17b-b0c6-11ec-95c9-353773ec36e1.jpeg', '/home/vikasjoshis001/Desktop/Gestures/images_to_train/Vikas-2022-03-31 13:17:26.260103/Vikas.cf0c4b78-b0c6-11ec-95c9-353773ec36e1.jpeg', '/home/vikasjoshis001/Desktop/Gestures/images_to_train/Vikas-2022-03-31 13:17:26.260103/Vikas.cf0c4b79-b0c6-11ec-95c9-353773ec36e1.jpeg', '/home/vikasjoshis001/Desktop/Gestures/images_to_train/Vikas-2022-03-31 13:17:26.260103/Vikas.d056c17a-b0c6-11ec-95c9-353773ec36e1.jpeg'], ['/home/vikasjoshis001/Desktop/Gestures/images_to_train/king in the north/index.jpeg', '/home/vikasjoshis001/Desktop/Gestures/images_to_train/king in the north/index3.jpeg', '/home/vikasjoshis001/Desktop/Gestures/images_to_train/king in the north/index5.jpeg', '/home/vikasjoshis001/Desktop/Gestures/images_to_train/king in the north/index2.jpeg', '/home/vikasjoshis001/Desktop/Gestures/images_to_train/king in the north/index4.jpeg'], ['/home/vikasjoshis001/Desktop/Gestures/images_to_train/jhkjh-2022-04-03 11:42:04.731552/jhkjh.fbff1eef-b314-11ec-ad35-81ee5352b8cb.jpeg', '/home/vikasjoshis001/Desktop/Gestures/images_to_train/jhkjh-2022-04-03 11:42:04.731552/jhkjh.fbff1eee-b314-11ec-ad35-81ee5352b8cb.jpeg', '/home/vikasjoshis001/Desktop/Gestures/images_to_train/jhkjh-2022-04-03 11:42:04.731552/jhkjh.fd4914da-b314-11ec-ad35-81ee5352b8cb.jpeg', '/home/vikasjoshis001/Desktop/Gestures/images_to_train/jhkjh-2022-04-03 11:42:04.731552/jhkjh.fd4914db-b314-11ec-ad35-81ee5352b8cb.jpeg', '/home/vikasjoshis001/Desktop/Gestures/images_to_train/jhkjh-2022-04-03 11:42:04.731552/jhkjh.fe7e1440-b314-11ec-ad35-81ee5352b8cb.jpeg'], ['/home/vikasjoshis001/Desktop/Gestures/images_to_train/jhgfkjj-2022-04-03 11:59:35.995479/jhgfkjj.6e990bb6-b317-11ec-ad35-81ee5352b8cb.jpeg', '/home/vikasjoshis001/Desktop/Gestures/images_to_train/jhgfkjj-2022-04-03 11:59:35.995479/jhgfkjj.7116c298-b317-11ec-ad35-81ee5352b8cb.jpeg', '/home/vikasjoshis001/Desktop/Gestures/images_to_train/jhgfkjj-2022-04-03 11:59:35.995479/jhgfkjj.6e990bb7-b317-11ec-ad35-81ee5352b8cb.jpeg', '/home/vikasjoshis001/Desktop/Gestures/images_to_train/jhgfkjj-2022-04-03 11:59:35.995479/jhgfkjj.6fe24cdb-b317-11ec-ad35-81ee5352b8cb.jpeg', '/home/vikasjoshis001/Desktop/Gestures/images_to_train/jhgfkjj-2022-04-03 11:59:35.995479/jhgfkjj.6fe24cda-b317-11ec-ad35-81ee5352b8cb.jpeg'], ['/home/vikasjoshis001/Desktop/Gestures/images_to_train/Dilip-2022-04-03 11:26:55.009176/Dilip.df0a2ea2-b312-11ec-ad35-81ee5352b8cb.jpeg', '/home/vikasjoshis001/Desktop/Gestures/images_to_train/Dilip-2022-04-03 11:26:55.009176/Dilip.df0a2ea3-b312-11ec-ad35-81ee5352b8cb.jpeg', '/home/vikasjoshis001/Desktop/Gestures/images_to_train/Dilip-2022-04-03 11:26:55.009176/Dilip.ddc1e937-b312-11ec-ad35-81ee5352b8cb.jpeg', '/home/vikasjoshis001/Desktop/Gestures/images_to_train/Dilip-2022-04-03 11:26:55.009176/Dilip.e03e3282-b312-11ec-ad35-81ee5352b8cb.jpeg', '/home/vikasjoshis001/Desktop/Gestures/images_to_train/Dilip-2022-04-03 11:26:55.009176/Dilip.ddc1e936-b312-11ec-ad35-81ee5352b8cb.jpeg'], ['/home/vikasjoshis001/Desktop/Gestures/images_to_train/Vikas-2022-04-03 11:24:11.279468/Vikas.7f1ffbb7-b312-11ec-ad35-81ee5352b8cb.jpeg', '/home/vikasjoshis001/Desktop/Gestures/images_to_train/Vikas-2022-04-03 11:24:11.279468/Vikas.7c38036c-b312-11ec-ad35-81ee5352b8cb.jpeg', '/home/vikasjoshis001/Desktop/Gestures/images_to_train/Vikas-2022-04-03 11:24:11.279468/Vikas.7decf1d7-b312-11ec-ad35-81ee5352b8cb.jpeg', '/home/vikasjoshis001/Desktop/Gestures/images_to_train/Vikas-2022-04-03 11:24:11.279468/Vikas.7f1ffbb6-b312-11ec-ad35-81ee5352b8cb.jpeg', '/home/vikasjoshis001/Desktop/Gestures/images_to_train/Vikas-2022-04-03 11:24:11.279468/Vikas.7decf1d6-b312-11ec-ad35-81ee5352b8cb.jpeg'], ['/home/vikasjoshis001/Desktop/Gestures/images_to_train/gjyhjh-2022-04-03 11:54:32.621962/gjyhjh.ba80077e-b316-11ec-ad35-81ee5352b8cb.jpeg', '/home/vikasjoshis001/Desktop/Gestures/images_to_train/gjyhjh-2022-04-03 11:54:32.621962/gjyhjh.ba80077f-b316-11ec-ad35-81ee5352b8cb.jpeg', '/home/vikasjoshis001/Desktop/Gestures/images_to_train/gjyhjh-2022-04-03 11:54:32.621962/gjyhjh.bbb43fdf-b316-11ec-ad35-81ee5352b8cb.jpeg', '/home/vikasjoshis001/Desktop/Gestures/images_to_train/gjyhjh-2022-04-03 11:54:32.621962/gjyhjh.b9c6fbda-b316-11ec-ad35-81ee5352b8cb.jpeg', '/home/vikasjoshis001/Desktop/Gestures/images_to_train/gjyhjh-2022-04-03 11:54:32.621962/gjyhjh.bbb43fde-b316-11ec-ad35-81ee5352b8cb.jpeg'], ['/home/vikasjoshis001/Desktop/Gestures/images_to_train/arya stark/index.jpeg', '/home/vikasjoshis001/Desktop/Gestures/images_to_train/arya stark/index3.jpeg', '/home/vikasjoshis001/Desktop/Gestures/images_to_train/arya stark/index5.jpeg', '/home/vikasjoshis001/Desktop/Gestures/images_to_train/arya stark/index2.jpeg', '/home/vikasjoshis001/Desktop/Gestures/images_to_train/arya stark/images4.jpeg'], ['/home/vikasjoshis001/Desktop/Gestures/images_to_train/mjhkjhk-2022-04-03 11:57:24.362114/mjhkjhk.2173619c-b317-11ec-ad35-81ee5352b8cb.jpeg', '/home/vikasjoshis001/Desktop/Gestures/images_to_train/mjhkjhk-2022-04-03 11:57:24.362114/mjhkjhk.2173619d-b317-11ec-ad35-81ee5352b8cb.jpeg', '/home/vikasjoshis001/Desktop/Gestures/images_to_train/mjhkjhk-2022-04-03 11:57:24.362114/mjhkjhk.20227a08-b317-11ec-ad35-81ee5352b8cb.jpeg', '/home/vikasjoshis001/Desktop/Gestures/images_to_train/mjhkjhk-2022-04-03 11:57:24.362114/mjhkjhk.20227a09-b317-11ec-ad35-81ee5352b8cb.jpeg', '/home/vikasjoshis001/Desktop/Gestures/images_to_train/mjhkjhk-2022-04-03 11:57:24.362114/mjhkjhk.22a68f6c-b317-11ec-ad35-81ee5352b8cb.jpeg'], ['/home/vikasjoshis001/Desktop/Gestures/images_to_train/Vikas-2022-04-02 14:00:54.777694/Vikas.3929624a-b25f-11ec-a7b0-397ab50d5789.jpeg', '/home/vikasjoshis001/Desktop/Gestures/images_to_train/Vikas-2022-04-02 14:00:54.777694/Vikas.37f4be93-b25f-11ec-a7b0-397ab50d5789.jpeg', '/home/vikasjoshis001/Desktop/Gestures/images_to_train/Vikas-2022-04-02 14:00:54.777694/Vikas.37f4be92-b25f-11ec-a7b0-397ab50d5789.jpeg', '/home/vikasjoshis001/Desktop/Gestures/images_to_train/Vikas-2022-04-02 14:00:54.777694/Vikas.36ac2df5-b25f-11ec-a7b0-397ab50d5789.jpeg', '/home/vikasjoshis001/Desktop/Gestures/images_to_train/Vikas-2022-04-02 14:00:54.777694/Vikas.36ac2df4-b25f-11ec-a7b0-397ab50d5789.jpeg'], ['/home/vikasjoshis001/Desktop/Gestures/images_to_train/gfjhgj-2022-04-03 11:52:17.817740/gfjhgj.696bd390-b316-11ec-ad35-81ee5352b8cb.jpeg', '/home/vikasjoshis001/Desktop/Gestures/images_to_train/gfjhgj-2022-04-03 11:52:17.817740/gfjhgj.6becae64-b316-11ec-ad35-81ee5352b8cb.jpeg', '/home/vikasjoshis001/Desktop/Gestures/images_to_train/gfjhgj-2022-04-03 11:52:17.817740/gfjhgj.6ab8585e-b316-11ec-ad35-81ee5352b8cb.jpeg', '/home/vikasjoshis001/Desktop/Gestures/images_to_train/gfjhgj-2022-04-03 11:52:17.817740/gfjhgj.6ab8585f-b316-11ec-ad35-81ee5352b8cb.jpeg', '/home/vikasjoshis001/Desktop/Gestures/images_to_train/gfjhgj-2022-04-03 11:52:17.817740/gfjhgj.696bd391-b316-11ec-ad35-81ee5352b8cb.jpeg'], ['/home/vikasjoshis001/Desktop/Gestures/images_to_train/fdg-2022-04-03 11:30:01.862957/fdg.4e703318-b313-11ec-ad35-81ee5352b8cb.jpeg', '/home/vikasjoshis001/Desktop/Gestures/images_to_train/fdg-2022-04-03 11:30:01.862957/fdg.4fa4bd6c-b313-11ec-ad35-81ee5352b8cb.jpeg', '/home/vikasjoshis001/Desktop/Gestures/images_to_train/fdg-2022-04-03 11:30:01.862957/fdg.4d21530c-b313-11ec-ad35-81ee5352b8cb.jpeg', '/home/vikasjoshis001/Desktop/Gestures/images_to_train/fdg-2022-04-03 11:30:01.862957/fdg.4e703319-b313-11ec-ad35-81ee5352b8cb.jpeg', '/home/vikasjoshis001/Desktop/Gestures/images_to_train/fdg-2022-04-03 11:30:01.862957/fdg.4d21530d-b313-11ec-ad35-81ee5352b8cb.jpeg'], ['/home/vikasjoshis001/Desktop/Gestures/images_to_train/juyjkukj-2022-04-03 11:46:55.415732/juyjkukj.abb7ceee-b315-11ec-ad35-81ee5352b8cb.jpeg', '/home/vikasjoshis001/Desktop/Gestures/images_to_train/juyjkukj-2022-04-03 11:46:55.415732/juyjkukj.a940fffb-b315-11ec-ad35-81ee5352b8cb.jpeg', '/home/vikasjoshis001/Desktop/Gestures/images_to_train/juyjkukj-2022-04-03 11:46:55.415732/juyjkukj.aa8332b7-b315-11ec-ad35-81ee5352b8cb.jpeg', '/home/vikasjoshis001/Desktop/Gestures/images_to_train/juyjkukj-2022-04-03 11:46:55.415732/juyjkukj.a940fffa-b315-11ec-ad35-81ee5352b8cb.jpeg', '/home/vikasjoshis001/Desktop/Gestures/images_to_train/juyjkukj-2022-04-03 11:46:55.415732/juyjkukj.aa8332b6-b315-11ec-ad35-81ee5352b8cb.jpeg'], ['/home/vikasjoshis001/Desktop/Gestures/images_to_train/fhtryh-2022-04-03 11:37:05.877835/fhtryh.49dca826-b314-11ec-ad35-81ee5352b8cb.jpeg', '/home/vikasjoshis001/Desktop/Gestures/images_to_train/fhtryh-2022-04-03 11:37:05.877835/fhtryh.4c55a86e-b314-11ec-ad35-81ee5352b8cb.jpeg', '/home/vikasjoshis001/Desktop/Gestures/images_to_train/fhtryh-2022-04-03 11:37:05.877835/fhtryh.49dca827-b314-11ec-ad35-81ee5352b8cb.jpeg', '/home/vikasjoshis001/Desktop/Gestures/images_to_train/fhtryh-2022-04-03 11:37:05.877835/fhtryh.4b219eef-b314-11ec-ad35-81ee5352b8cb.jpeg', '/home/vikasjoshis001/Desktop/Gestures/images_to_train/fhtryh-2022-04-03 11:37:05.877835/fhtryh.4b219eee-b314-11ec-ad35-81ee5352b8cb.jpeg'], ['/home/vikasjoshis001/Desktop/Gestures/images_to_train/hjhgkjhj-2022-04-03 12:06:37.208673/hjhgkjhj.6aeecd2e-b318-11ec-ad35-81ee5352b8cb.jpeg', '/home/vikasjoshis001/Desktop/Gestures/images_to_train/hjhgkjhj-2022-04-03 12:06:37.208673/hjhgkjhj.6aeecd2f-b318-11ec-ad35-81ee5352b8cb.jpeg', '/home/vikasjoshis001/Desktop/Gestures/images_to_train/hjhgkjhj-2022-04-03 12:06:37.208673/hjhgkjhj.69a7f06d-b318-11ec-ad35-81ee5352b8cb.jpeg', '/home/vikasjoshis001/Desktop/Gestures/images_to_train/hjhgkjhj-2022-04-03 12:06:37.208673/hjhgkjhj.69a7f06c-b318-11ec-ad35-81ee5352b8cb.jpeg', '/home/vikasjoshis001/Desktop/Gestures/images_to_train/hjhgkjhj-2022-04-03 12:06:37.208673/hjhgkjhj.6c235e80-b318-11ec-ad35-81ee5352b8cb.jpeg'], ['/home/vikasjoshis001/Desktop/Gestures/images_to_train/jhgjhgj-2022-04-03 12:03:03.137787/jhgjhgj.eb57ea8d-b317-11ec-ad35-81ee5352b8cb.jpeg', '/home/vikasjoshis001/Desktop/Gestures/images_to_train/jhgjhgj-2022-04-03 12:03:03.137787/jhgjhgj.ea1068ad-b317-11ec-ad35-81ee5352b8cb.jpeg', '/home/vikasjoshis001/Desktop/Gestures/images_to_train/jhgjhgj-2022-04-03 12:03:03.137787/jhgjhgj.eb57ea8c-b317-11ec-ad35-81ee5352b8cb.jpeg', '/home/vikasjoshis001/Desktop/Gestures/images_to_train/jhgjhgj-2022-04-03 12:03:03.137787/jhgjhgj.ea1068ac-b317-11ec-ad35-81ee5352b8cb.jpeg', '/home/vikasjoshis001/Desktop/Gestures/images_to_train/jhgjhgj-2022-04-03 12:03:03.137787/jhgjhgj.ec8c14a0-b317-11ec-ad35-81ee5352b8cb.jpeg'], ['/home/vikasjoshis001/Desktop/Gestures/images_to_train/vfhngf-2022-04-02 13:22:19.707196/vfhngf.d4749e65-b259-11ec-a7b0-397ab50d5789.jpeg', '/home/vikasjoshis001/Desktop/Gestures/images_to_train/vfhngf-2022-04-02 13:22:19.707196/vfhngf.d5a9efb4-b259-11ec-a7b0-397ab50d5789.jpeg', '/home/vikasjoshis001/Desktop/Gestures/images_to_train/vfhngf-2022-04-02 13:22:19.707196/vfhngf.d2d9b058-b259-11ec-a7b0-397ab50d5789.jpeg', '/home/vikasjoshis001/Desktop/Gestures/images_to_train/vfhngf-2022-04-02 13:22:19.707196/vfhngf.d5a9efb5-b259-11ec-a7b0-397ab50d5789.jpeg', '/home/vikasjoshis001/Desktop/Gestures/images_to_train/vfhngf-2022-04-02 13:22:19.707196/vfhngf.d4749e64-b259-11ec-a7b0-397ab50d5789.jpeg'], ['/home/vikasjoshis001/Desktop/Gestures/images_to_train/hgdjghj-2022-04-03 11:31:45.100927/hgdjghj.8aaa4bd4-b313-11ec-ad35-81ee5352b8cb.jpeg', '/home/vikasjoshis001/Desktop/Gestures/images_to_train/hgdjghj-2022-04-03 11:31:45.100927/hgdjghj.8bf146dc-b313-11ec-ad35-81ee5352b8cb.jpeg', '/home/vikasjoshis001/Desktop/Gestures/images_to_train/hgdjghj-2022-04-03 11:31:45.100927/hgdjghj.8bf146dd-b313-11ec-ad35-81ee5352b8cb.jpeg', '/home/vikasjoshis001/Desktop/Gestures/images_to_train/hgdjghj-2022-04-03 11:31:45.100927/hgdjghj.8d25c622-b313-11ec-ad35-81ee5352b8cb.jpeg', '/home/vikasjoshis001/Desktop/Gestures/images_to_train/hgdjghj-2022-04-03 11:31:45.100927/hgdjghj.8aaa4bd5-b313-11ec-ad35-81ee5352b8cb.jpeg']]
2022-04-03 12:21:16.367 INFO Train - trainImages: started loading images and finding their encodings
2022-04-03 12:21:16.368 INFO Train - trainImages: loading image
2022-04-03 12:21:16.387 DEBUG Train - trainImages: /home/vikasjoshis001/Desktop/Gestures/images_to_train/tyrion lannister/images5.jpeg
2022-04-03 12:21:16.388 INFO Train - trainImages: loading image done
2022-04-03 12:21:16.388 INFO Train - trainImages: finding the encoding of image
2022-04-03 12:21:16.511 INFO Train - trainImages: finding encoding of image is done
2022-04-03 12:21:16.511 INFO Train - trainImages: loading image
2022-04-03 12:21:16.513 DEBUG Train - trainImages: /home/vikasjoshis001/Desktop/Gestures/images_to_train/tyrion lannister/index3.jpeg
2022-04-03 12:21:16.513 INFO Train - trainImages: loading image done
2022-04-03 12:21:16.513 INFO Train - trainImages: finding the encoding of image
2022-04-03 12:21:16.580 INFO Train - trainImages: finding encoding of image is done
2022-04-03 12:21:16.581 INFO Train - trainImages: loading image
2022-04-03 12:21:16.582 DEBUG Train - trainImages: /home/vikasjoshis001/Desktop/Gestures/images_to_train/tyrion lannister/index1.jpeg
2022-04-03 12:21:16.582 INFO Train - trainImages: loading image done
2022-04-03 12:21:16.582 INFO Train - trainImages: finding the encoding of image
2022-04-03 12:21:16.649 INFO Train - trainImages: finding encoding of image is done
2022-04-03 12:21:16.649 INFO Train - trainImages: loading image
2022-04-03 12:21:16.651 DEBUG Train - trainImages: /home/vikasjoshis001/Desktop/Gestures/images_to_train/tyrion lannister/index2.jpeg
2022-04-03 12:21:16.651 INFO Train - trainImages: loading image done
2022-04-03 12:21:16.651 INFO Train - trainImages: finding the encoding of image
2022-04-03 12:21:16.721 INFO Train - trainImages: finding encoding of image is done
2022-04-03 12:21:16.721 INFO Train - trainImages: loading image
2022-04-03 12:21:16.723 DEBUG Train - trainImages: /home/vikasjoshis001/Desktop/Gestures/images_to_train/tyrion lannister/index4.jpeg
2022-04-03 12:21:16.723 INFO Train - trainImages: loading image done
2022-04-03 12:21:16.723 INFO Train - trainImages: finding the encoding of image
2022-04-03 12:21:16.792 INFO Train - trainImages: finding encoding of image is done
2022-04-03 12:21:16.792 INFO Train - trainImages: getting average of encodings of loaded images
2022-04-03 12:21:16.792 INFO Train - trainImages: done with getting average encodings
2022-04-03 12:21:16.792 INFO Train - trainImages: storing the name and encoding in local dictionary
2022-04-03 12:21:16.792 INFO Train - trainImages: stored name and encodes in local dictionary
2022-04-03 12:21:16.792 INFO Train - trainImages: storing the name and encodings in mongodb
2022-04-03 12:21:16.797 INFO Train - trainImages: stored all name and encodes in mongodb
2022-04-03 12:21:16.797 INFO Train - trainImages: started loading images and finding their encodings
2022-04-03 12:21:16.797 INFO Train - trainImages: loading image
2022-04-03 12:21:16.799 DEBUG Train - trainImages: /home/vikasjoshis001/Desktop/Gestures/images_to_train/thytuhtf-2022-04-03 11:34:49.521479/thytuhtf.f8967ebb-b313-11ec-ad35-81ee5352b8cb.jpeg
2022-04-03 12:21:16.799 INFO Train - trainImages: loading image done
2022-04-03 12:21:16.799 INFO Train - trainImages: finding the encoding of image
2022-04-03 12:21:16.890 INFO Train - trainImages: finding encoding of image is done
2022-04-03 12:21:16.890 INFO Train - trainImages: loading image
2022-04-03 12:21:16.892 DEBUG Train - trainImages: /home/vikasjoshis001/Desktop/Gestures/images_to_train/thytuhtf-2022-04-03 11:34:49.521479/thytuhtf.f8967eba-b313-11ec-ad35-81ee5352b8cb.jpeg
2022-04-03 12:21:16.892 INFO Train - trainImages: loading image done
2022-04-03 12:21:16.892 INFO Train - trainImages: finding the encoding of image
2022-04-03 12:21:16.976 INFO Train - trainImages: finding encoding of image is done
2022-04-03 12:21:16.976 INFO Train - trainImages: loading image
2022-04-03 12:21:16.978 DEBUG Train - trainImages: /home/vikasjoshis001/Desktop/Gestures/images_to_train/thytuhtf-2022-04-03 11:34:49.521479/thytuhtf.fb154fd6-b313-11ec-ad35-81ee5352b8cb.jpeg
2022-04-03 12:21:16.978 INFO Train - trainImages: loading image done
2022-04-03 12:21:16.978 INFO Train - trainImages: finding the encoding of image
2022-04-03 12:21:17.061 INFO Train - trainImages: finding encoding of image is done
2022-04-03 12:21:17.061 INFO Train - trainImages: loading image
2022-04-03 12:21:17.063 DEBUG Train - trainImages: /home/vikasjoshis001/Desktop/Gestures/images_to_train/thytuhtf-2022-04-03 11:34:49.521479/thytuhtf.f9e071b8-b313-11ec-ad35-81ee5352b8cb.jpeg
2022-04-03 12:21:17.063 INFO Train - trainImages: loading image done
2022-04-03 12:21:17.064 INFO Train - trainImages: finding the encoding of image
2022-04-03 12:21:17.144 INFO Train - trainImages: finding encoding of image is done
2022-04-03 12:21:17.144 INFO Train - trainImages: loading image
2022-04-03 12:21:17.146 DEBUG Train - trainImages: /home/vikasjoshis001/Desktop/Gestures/images_to_train/thytuhtf-2022-04-03 11:34:49.521479/thytuhtf.f9e071b9-b313-11ec-ad35-81ee5352b8cb.jpeg
2022-04-03 12:21:17.147 INFO Train - trainImages: loading image done
2022-04-03 12:21:17.147 INFO Train - trainImages: finding the encoding of image
2022-04-03 12:21:17.231 INFO Train - trainImages: finding encoding of image is done
2022-04-03 12:21:17.231 INFO Train - trainImages: getting average of encodings of loaded images
2022-04-03 12:21:17.231 INFO Train - trainImages: done with getting average encodings
2022-04-03 12:21:17.231 INFO Train - trainImages: storing the name and encoding in local dictionary
2022-04-03 12:21:17.231 INFO Train - trainImages: stored name and encodes in local dictionary
2022-04-03 12:21:17.231 INFO Train - trainImages: storing the name and encodings in mongodb
2022-04-03 12:21:17.232 INFO Train - trainImages: stored all name and encodes in mongodb
2022-04-03 12:21:17.232 INFO Train - trainImages: started loading images and finding their encodings
2022-04-03 12:21:17.232 INFO Train - trainImages: loading image
2022-04-03 12:21:17.233 DEBUG Train - trainImages: /home/vikasjoshis001/Desktop/Gestures/images_to_train/denerys targeryan/index3.jpeg
2022-04-03 12:21:17.234 INFO Train - trainImages: loading image done
2022-04-03 12:21:17.234 INFO Train - trainImages: finding the encoding of image
2022-04-03 12:21:17.305 INFO Train - trainImages: finding encoding of image is done
2022-04-03 12:21:17.305 INFO Train - trainImages: loading image
2022-04-03 12:21:17.307 DEBUG Train - trainImages: /home/vikasjoshis001/Desktop/Gestures/images_to_train/denerys targeryan/index5.jpeg
2022-04-03 12:21:17.307 INFO Train - trainImages: loading image done
2022-04-03 12:21:17.307 INFO Train - trainImages: finding the encoding of image
2022-04-03 12:21:17.384 INFO Train - trainImages: finding encoding of image is done
2022-04-03 12:21:17.384 INFO Train - trainImages: loading image
2022-04-03 12:21:17.385 DEBUG Train - trainImages: /home/vikasjoshis001/Desktop/Gestures/images_to_train/denerys targeryan/index1.jpeg
2022-04-03 12:21:17.385 INFO Train - trainImages: loading image done
2022-04-03 12:21:17.385 INFO Train - trainImages: finding the encoding of image
2022-04-03 12:21:17.462 INFO Train - trainImages: finding encoding of image is done
2022-04-03 12:21:17.462 INFO Train - trainImages: loading image
2022-04-03 12:21:17.463 DEBUG Train - trainImages: /home/vikasjoshis001/Desktop/Gestures/images_to_train/denerys targeryan/index2.jpeg
2022-04-03 12:21:17.463 INFO Train - trainImages: loading image done
2022-04-03 12:21:17.463 INFO Train - trainImages: finding the encoding of image
2022-04-03 12:21:17.537 INFO Train - trainImages: finding encoding of image is done
2022-04-03 12:21:17.538 INFO Train - trainImages: loading image
2022-04-03 12:21:17.539 DEBUG Train - trainImages: /home/vikasjoshis001/Desktop/Gestures/images_to_train/denerys targeryan/index4.jpeg
2022-04-03 12:21:17.539 INFO Train - trainImages: loading image done
2022-04-03 12:21:17.539 INFO Train - trainImages: finding the encoding of image
2022-04-03 12:21:17.608 INFO Train - trainImages: finding encoding of image is done
2022-04-03 12:21:17.608 INFO Train - trainImages: getting average of encodings of loaded images
2022-04-03 12:21:17.608 INFO Train - trainImages: done with getting average encodings
2022-04-03 12:21:17.608 INFO Train - trainImages: storing the name and encoding in local dictionary
2022-04-03 12:21:17.608 INFO Train - trainImages: stored name and encodes in local dictionary
2022-04-03 12:21:17.608 INFO Train - trainImages: storing the name and encodings in mongodb
2022-04-03 12:21:17.609 INFO Train - trainImages: stored all name and encodes in mongodb
2022-04-03 12:21:17.609 INFO Train - trainImages: started loading images and finding their encodings
2022-04-03 12:21:17.609 INFO Train - trainImages: loading image
2022-04-03 12:21:17.611 DEBUG Train - trainImages: /home/vikasjoshis001/Desktop/Gestures/images_to_train/hstjy-2022-04-03 11:34:19.434543/hstjy.e7f29ff9-b313-11ec-ad35-81ee5352b8cb.jpeg
2022-04-03 12:21:17.611 INFO Train - trainImages: loading image done
2022-04-03 12:21:17.611 INFO Train - trainImages: finding the encoding of image
2022-04-03 12:21:17.694 INFO Train - trainImages: finding encoding of image is done
2022-04-03 12:21:17.695 INFO Train - trainImages: loading image
2022-04-03 12:21:17.696 DEBUG Train - trainImages: /home/vikasjoshis001/Desktop/Gestures/images_to_train/hstjy-2022-04-03 11:34:19.434543/hstjy.e9274068-b313-11ec-ad35-81ee5352b8cb.jpeg
2022-04-03 12:21:17.696 INFO Train - trainImages: loading image done
2022-04-03 12:21:17.696 INFO Train - trainImages: finding the encoding of image
2022-04-03 12:21:17.780 INFO Train - trainImages: finding encoding of image is done
2022-04-03 12:21:17.780 INFO Train - trainImages: loading image
2022-04-03 12:21:17.782 DEBUG Train - trainImages: /home/vikasjoshis001/Desktop/Gestures/images_to_train/hstjy-2022-04-03 11:34:19.434543/hstjy.e6a79338-b313-11ec-ad35-81ee5352b8cb.jpeg
2022-04-03 12:21:17.782 INFO Train - trainImages: loading image done
2022-04-03 12:21:17.782 INFO Train - trainImages: finding the encoding of image
2022-04-03 12:21:17.866 INFO Train - trainImages: finding encoding of image is done
2022-04-03 12:21:17.867 INFO Train - trainImages: loading image
2022-04-03 12:21:17.869 DEBUG Train - trainImages: /home/vikasjoshis001/Desktop/Gestures/images_to_train/hstjy-2022-04-03 11:34:19.434543/hstjy.e6a79339-b313-11ec-ad35-81ee5352b8cb.jpeg
2022-04-03 12:21:17.869 INFO Train - trainImages: loading image done
2022-04-03 12:21:17.869 INFO Train - trainImages: finding the encoding of image
2022-04-03 12:21:17.954 INFO Train - trainImages: finding encoding of image is done
2022-04-03 12:21:17.954 INFO Train - trainImages: loading image
2022-04-03 12:21:17.956 DEBUG Train - trainImages: /home/vikasjoshis001/Desktop/Gestures/images_to_train/hstjy-2022-04-03 11:34:19.434543/hstjy.e7f29ff8-b313-11ec-ad35-81ee5352b8cb.jpeg
2022-04-03 12:21:17.956 INFO Train - trainImages: loading image done
2022-04-03 12:21:17.956 INFO Train - trainImages: finding the encoding of image
2022-04-03 12:21:18.040 INFO Train - trainImages: finding encoding of image is done
2022-04-03 12:21:18.040 INFO Train - trainImages: getting average of encodings of loaded images
2022-04-03 12:21:18.040 INFO Train - trainImages: done with getting average encodings
2022-04-03 12:21:18.040 INFO Train - trainImages: storing the name and encoding in local dictionary
2022-04-03 12:21:18.040 INFO Train - trainImages: stored name and encodes in local dictionary
2022-04-03 12:21:18.040 INFO Train - trainImages: storing the name and encodings in mongodb
2022-04-03 12:21:18.041 INFO Train - trainImages: stored all name and encodes in mongodb
2022-04-03 12:21:18.041 INFO Train - trainImages: started loading images and finding their encodings
2022-04-03 12:21:18.041 INFO Train - trainImages: loading image
2022-04-03 12:21:18.043 DEBUG Train - trainImages: /home/vikasjoshis001/Desktop/Gestures/images_to_train/djyuk-2022-04-03 11:30:31.673267/djyuk.5ee61faa-b313-11ec-ad35-81ee5352b8cb.jpeg
2022-04-03 12:21:18.043 INFO Train - trainImages: loading image done
2022-04-03 12:21:18.043 INFO Train - trainImages: finding the encoding of image
2022-04-03 12:21:18.128 INFO Train - trainImages: finding encoding of image is done
2022-04-03 12:21:18.128 INFO Train - trainImages: loading image
2022-04-03 12:21:18.130 DEBUG Train - trainImages: /home/vikasjoshis001/Desktop/Gestures/images_to_train/djyuk-2022-04-03 11:30:31.673267/djyuk.5f94b7fe-b313-11ec-ad35-81ee5352b8cb.jpeg
2022-04-03 12:21:18.130 INFO Train - trainImages: loading image done
2022-04-03 12:21:18.130 INFO Train - trainImages: finding the encoding of image
2022-04-03 12:21:18.217 INFO Train - trainImages: finding encoding of image is done
2022-04-03 12:21:18.217 INFO Train - trainImages: loading image
2022-04-03 12:21:18.219 DEBUG Train - trainImages: /home/vikasjoshis001/Desktop/Gestures/images_to_train/djyuk-2022-04-03 11:30:31.673267/djyuk.60c9f9ae-b313-11ec-ad35-81ee5352b8cb.jpeg
2022-04-03 12:21:18.219 INFO Train - trainImages: loading image done
2022-04-03 12:21:18.219 INFO Train - trainImages: finding the encoding of image
2022-04-03 12:21:18.307 INFO Train - trainImages: finding encoding of image is done
2022-04-03 12:21:18.307 INFO Train - trainImages: loading image
2022-04-03 12:21:18.309 DEBUG Train - trainImages: /home/vikasjoshis001/Desktop/Gestures/images_to_train/djyuk-2022-04-03 11:30:31.673267/djyuk.60c9f9af-b313-11ec-ad35-81ee5352b8cb.jpeg
2022-04-03 12:21:18.309 INFO Train - trainImages: loading image done
2022-04-03 12:21:18.309 INFO Train - trainImages: finding the encoding of image
2022-04-03 12:21:18.393 INFO Train - trainImages: finding encoding of image is done
2022-04-03 12:21:18.393 INFO Train - trainImages: loading image
2022-04-03 12:21:18.395 DEBUG Train - trainImages: /home/vikasjoshis001/Desktop/Gestures/images_to_train/djyuk-2022-04-03 11:30:31.673267/djyuk.5f94b7ff-b313-11ec-ad35-81ee5352b8cb.jpeg
2022-04-03 12:21:18.395 INFO Train - trainImages: loading image done
2022-04-03 12:21:18.395 INFO Train - trainImages: finding the encoding of image
2022-04-03 12:21:18.478 INFO Train - trainImages: finding encoding of image is done
2022-04-03 12:21:18.478 INFO Train - trainImages: getting average of encodings of loaded images
2022-04-03 12:21:18.478 INFO Train - trainImages: done with getting average encodings
2022-04-03 12:21:18.479 INFO Train - trainImages: storing the name and encoding in local dictionary
2022-04-03 12:21:18.479 INFO Train - trainImages: stored name and encodes in local dictionary
2022-04-03 12:21:18.479 INFO Train - trainImages: storing the name and encodings in mongodb
2022-04-03 12:21:18.479 INFO Train - trainImages: stored all name and encodes in mongodb
2022-04-03 12:21:18.479 INFO Train - trainImages: started loading images and finding their encodings
2022-04-03 12:21:18.480 INFO Train - trainImages: loading image
2022-04-03 12:21:18.482 DEBUG Train - trainImages: /home/vikasjoshis001/Desktop/Gestures/images_to_train/hdgjh-2022-04-03 11:30:57.211700/hdgjh.709c9c24-b313-11ec-ad35-81ee5352b8cb.jpeg
2022-04-03 12:21:18.482 INFO Train - trainImages: loading image done
2022-04-03 12:21:18.482 INFO Train - trainImages: finding the encoding of image
2022-04-03 12:21:18.568 INFO Train - trainImages: finding encoding of image is done
2022-04-03 12:21:18.568 INFO Train - trainImages: loading image
2022-04-03 12:21:18.570 DEBUG Train - trainImages: /home/vikasjoshis001/Desktop/Gestures/images_to_train/hdgjh-2022-04-03 11:30:57.211700/hdgjh.6e1ec5d1-b313-11ec-ad35-81ee5352b8cb.jpeg
2022-04-03 12:21:18.570 INFO Train - trainImages: loading image done
2022-04-03 12:21:18.570 INFO Train - trainImages: finding the encoding of image
2022-04-03 12:21:18.657 INFO Train - trainImages: finding encoding of image is done
2022-04-03 12:21:18.657 INFO Train - trainImages: loading image
2022-04-03 12:21:18.659 DEBUG Train - trainImages: /home/vikasjoshis001/Desktop/Gestures/images_to_train/hdgjh-2022-04-03 11:30:57.211700/hdgjh.6f6844ac-b313-11ec-ad35-81ee5352b8cb.jpeg
2022-04-03 12:21:18.659 INFO Train - trainImages: loading image done
2022-04-03 12:21:18.659 INFO Train - trainImages: finding the encoding of image
2022-04-03 12:21:18.745 INFO Train - trainImages: finding encoding of image is done
2022-04-03 12:21:18.745 INFO Train - trainImages: loading image
2022-04-03 12:21:18.747 DEBUG Train - trainImages: /home/vikasjoshis001/Desktop/Gestures/images_to_train/hdgjh-2022-04-03 11:30:57.211700/hdgjh.6e1ec5d0-b313-11ec-ad35-81ee5352b8cb.jpeg
2022-04-03 12:21:18.747 INFO Train - trainImages: loading image done
2022-04-03 12:21:18.747 INFO Train - trainImages: finding the encoding of image
2022-04-03 12:21:18.833 INFO Train - trainImages: finding encoding of image is done
2022-04-03 12:21:18.833 INFO Train - trainImages: loading image
2022-04-03 12:21:18.835 DEBUG Train - trainImages: /home/vikasjoshis001/Desktop/Gestures/images_to_train/hdgjh-2022-04-03 11:30:57.211700/hdgjh.6f6844ad-b313-11ec-ad35-81ee5352b8cb.jpeg
2022-04-03 12:21:18.835 INFO Train - trainImages: loading image done
2022-04-03 12:21:18.835 INFO Train - trainImages: finding the encoding of image
2022-04-03 12:21:18.921 INFO Train - trainImages: finding encoding of image is done
2022-04-03 12:21:18.921 INFO Train - trainImages: getting average of encodings of loaded images
2022-04-03 12:21:18.921 INFO Train - trainImages: done with getting average encodings
2022-04-03 12:21:18.921 INFO Train - trainImages: storing the name and encoding in local dictionary
2022-04-03 12:21:18.921 INFO Train - trainImages: stored name and encodes in local dictionary
2022-04-03 12:21:18.921 INFO Train - trainImages: storing the name and encodings in mongodb
2022-04-03 12:21:18.922 INFO Train - trainImages: stored all name and encodes in mongodb
2022-04-03 12:21:18.922 INFO Train - trainImages: started loading images and finding their encodings
2022-04-03 12:21:18.922 INFO Train - trainImages: loading image
2022-04-03 12:21:18.923 DEBUG Train - trainImages: /home/vikasjoshis001/Desktop/Gestures/images_to_train/Vikdakfljslf-2022-04-03 12:21:04.778811/Vikdakfljslf.70104fba-b31a-11ec-ad35-81ee5352b8cb.jpeg
2022-04-03 12:21:18.923 INFO Train - trainImages: loading image done
2022-04-03 12:21:18.923 INFO Train - trainImages: finding the encoding of image
2022-04-03 12:21:19.012 INFO Train - trainImages: finding encoding of image is done
2022-04-03 12:21:19.012 INFO Train - trainImages: loading image
2022-04-03 12:21:19.013 DEBUG Train - trainImages: /home/vikasjoshis001/Desktop/Gestures/images_to_train/Vikdakfljslf-2022-04-03 12:21:04.778811/Vikdakfljslf.714515e6-b31a-11ec-ad35-81ee5352b8cb.jpeg
2022-04-03 12:21:19.013 INFO Train - trainImages: loading image done
2022-04-03 12:21:19.013 INFO Train - trainImages: finding the encoding of image
2022-04-03 12:21:19.100 INFO Train - trainImages: finding encoding of image is done
2022-04-03 12:21:19.100 INFO Train - trainImages: loading image
2022-04-03 12:21:19.101 DEBUG Train - trainImages: /home/vikasjoshis001/Desktop/Gestures/images_to_train/Vikdakfljslf-2022-04-03 12:21:04.778811/Vikdakfljslf.6ec541b0-b31a-11ec-ad35-81ee5352b8cb.jpeg
2022-04-03 12:21:19.101 INFO Train - trainImages: loading image done
2022-04-03 12:21:19.101 INFO Train - trainImages: finding the encoding of image
2022-04-03 12:21:19.187 INFO Train - trainImages: finding encoding of image is done
2022-04-03 12:21:19.187 INFO Train - trainImages: loading image
2022-04-03 12:21:19.188 DEBUG Train - trainImages: /home/vikasjoshis001/Desktop/Gestures/images_to_train/Vikdakfljslf-2022-04-03 12:21:04.778811/Vikdakfljslf.6ec541b1-b31a-11ec-ad35-81ee5352b8cb.jpeg
2022-04-03 12:21:19.188 INFO Train - trainImages: loading image done
2022-04-03 12:21:19.188 INFO Train - trainImages: finding the encoding of image
2022-04-03 12:21:19.274 INFO Train - trainImages: finding encoding of image is done
2022-04-03 12:21:19.275 INFO Train - trainImages: loading image
2022-04-03 12:21:19.275 DEBUG Train - trainImages: /home/vikasjoshis001/Desktop/Gestures/images_to_train/Vikdakfljslf-2022-04-03 12:21:04.778811/Vikdakfljslf.70104fbb-b31a-11ec-ad35-81ee5352b8cb.jpeg
2022-04-03 12:21:19.276 INFO Train - trainImages: loading image done
2022-04-03 12:21:19.276 INFO Train - trainImages: finding the encoding of image
2022-04-03 12:21:19.361 INFO Train - trainImages: finding encoding of image is done
2022-04-03 12:21:19.361 INFO Train - trainImages: getting average of encodings of loaded images
2022-04-03 12:21:19.361 INFO Train - trainImages: done with getting average encodings
2022-04-03 12:21:19.361 INFO Train - trainImages: storing the name and encoding in local dictionary
2022-04-03 12:21:19.361 INFO Train - trainImages: stored name and encodes in local dictionary
2022-04-03 12:21:19.361 INFO Train - trainImages: storing the name and encodings in mongodb
2022-04-03 12:21:19.362 INFO Train - trainImages: stored all name and encodes in mongodb
2022-04-03 12:21:19.362 INFO Train - trainImages: started loading images and finding their encodings
2022-04-03 12:21:19.362 INFO Train - trainImages: loading image
2022-04-03 12:21:19.363 DEBUG Train - trainImages: /home/vikasjoshis001/Desktop/Gestures/images_to_train/ghgfchfgh-2022-04-03 12:04:13.527468/ghgfchfgh.140549ca-b318-11ec-ad35-81ee5352b8cb.jpeg
2022-04-03 12:21:19.363 INFO Train - trainImages: loading image done
2022-04-03 12:21:19.363 INFO Train - trainImages: finding the encoding of image
2022-04-03 12:21:19.449 INFO Train - trainImages: finding encoding of image is done
2022-04-03 12:21:19.450 INFO Train - trainImages: loading image
2022-04-03 12:21:19.450 DEBUG Train - trainImages: /home/vikasjoshis001/Desktop/Gestures/images_to_train/ghgfchfgh-2022-04-03 12:04:13.527468/ghgfchfgh.155095fa-b318-11ec-ad35-81ee5352b8cb.jpeg
2022-04-03 12:21:19.450 INFO Train - trainImages: loading image done
2022-04-03 12:21:19.451 INFO Train - trainImages: finding the encoding of image
2022-04-03 12:21:19.537 INFO Train - trainImages: finding encoding of image is done
2022-04-03 12:21:19.538 INFO Train - trainImages: loading image
2022-04-03 12:21:19.538 DEBUG Train - trainImages: /home/vikasjoshis001/Desktop/Gestures/images_to_train/ghgfchfgh-2022-04-03 12:04:13.527468/ghgfchfgh.140549cb-b318-11ec-ad35-81ee5352b8cb.jpeg
2022-04-03 12:21:19.539 INFO Train - trainImages: loading image done
2022-04-03 12:21:19.539 INFO Train - trainImages: finding the encoding of image
2022-04-03 12:21:19.624 INFO Train - trainImages: finding encoding of image is done
2022-04-03 12:21:19.624 INFO Train - trainImages: loading image
2022-04-03 12:21:19.625 DEBUG Train - trainImages: /home/vikasjoshis001/Desktop/Gestures/images_to_train/ghgfchfgh-2022-04-03 12:04:13.527468/ghgfchfgh.155095fb-b318-11ec-ad35-81ee5352b8cb.jpeg
2022-04-03 12:21:19.625 INFO Train - trainImages: loading image done
2022-04-03 12:21:19.625 INFO Train - trainImages: finding the encoding of image
2022-04-03 12:21:19.710 INFO Train - trainImages: finding encoding of image is done
2022-04-03 12:21:19.710 INFO Train - trainImages: loading image
2022-04-03 12:21:19.711 DEBUG Train - trainImages: /home/vikasjoshis001/Desktop/Gestures/images_to_train/ghgfchfgh-2022-04-03 12:04:13.527468/ghgfchfgh.1685e8bc-b318-11ec-ad35-81ee5352b8cb.jpeg
2022-04-03 12:21:19.711 INFO Train - trainImages: loading image done
2022-04-03 12:21:19.711 INFO Train - trainImages: finding the encoding of image
2022-04-03 12:21:19.796 INFO Train - trainImages: finding encoding of image is done
2022-04-03 12:21:19.796 INFO Train - trainImages: getting average of encodings of loaded images
2022-04-03 12:21:19.797 INFO Train - trainImages: done with getting average encodings
2022-04-03 12:21:19.797 INFO Train - trainImages: storing the name and encoding in local dictionary
2022-04-03 12:21:19.797 INFO Train - trainImages: stored name and encodes in local dictionary
2022-04-03 12:21:19.797 INFO Train - trainImages: storing the name and encodings in mongodb
2022-04-03 12:21:19.797 INFO Train - trainImages: stored all name and encodes in mongodb
2022-04-03 12:21:19.797 INFO Train - trainImages: started loading images and finding their encodings
2022-04-03 12:21:19.797 INFO Train - trainImages: loading image
2022-04-03 12:21:19.800 DEBUG Train - trainImages: /home/vikasjoshis001/Desktop/Gestures/images_to_train/gfdh-2022-04-02 13:55:50.044048/gfdh.810a564d-b25e-11ec-a7b0-397ab50d5789.jpeg
2022-04-03 12:21:19.800 INFO Train - trainImages: loading image done
2022-04-03 12:21:19.800 INFO Train - trainImages: finding the encoding of image
2022-04-03 12:21:19.843 ERROR Train - trainImages: no face is detected in image
2022-04-03 12:21:19.843 INFO Train - trainImages: skiping to find encodes of this image
2022-04-03 12:21:19.843 INFO Train - trainImages: loading image
2022-04-03 12:21:19.845 DEBUG Train - trainImages: /home/vikasjoshis001/Desktop/Gestures/images_to_train/gfdh-2022-04-02 13:55:50.044048/gfdh.8255c3bb-b25e-11ec-a7b0-397ab50d5789.jpeg
2022-04-03 12:21:19.845 INFO Train - trainImages: loading image done
2022-04-03 12:21:19.845 INFO Train - trainImages: finding the encoding of image
2022-04-03 12:21:19.890 ERROR Train - trainImages: no face is detected in image
2022-04-03 12:21:19.890 INFO Train - trainImages: skiping to find encodes of this image
2022-04-03 12:21:19.890 INFO Train - trainImages: loading image
2022-04-03 12:21:19.891 DEBUG Train - trainImages: /home/vikasjoshis001/Desktop/Gestures/images_to_train/gfdh-2022-04-02 13:55:50.044048/gfdh.8255c3ba-b25e-11ec-a7b0-397ab50d5789.jpeg
2022-04-03 12:21:19.891 INFO Train - trainImages: loading image done
2022-04-03 12:21:19.891 INFO Train - trainImages: finding the encoding of image
2022-04-03 12:21:19.937 ERROR Train - trainImages: no face is detected in image
2022-04-03 12:21:19.938 INFO Train - trainImages: skiping to find encodes of this image
2022-04-03 12:21:19.938 INFO Train - trainImages: loading image
2022-04-03 12:21:19.940 DEBUG Train - trainImages: /home/vikasjoshis001/Desktop/Gestures/images_to_train/gfdh-2022-04-02 13:55:50.044048/gfdh.810a564c-b25e-11ec-a7b0-397ab50d5789.jpeg
2022-04-03 12:21:19.940 INFO Train - trainImages: loading image done
2022-04-03 12:21:19.940 INFO Train - trainImages: finding the encoding of image
2022-04-03 12:21:19.987 ERROR Train - trainImages: no face is detected in image
2022-04-03 12:21:19.987 INFO Train - trainImages: skiping to find encodes of this image
2022-04-03 12:21:19.987 INFO Train - trainImages: loading image
2022-04-03 12:21:19.990 DEBUG Train - trainImages: /home/vikasjoshis001/Desktop/Gestures/images_to_train/gfdh-2022-04-02 13:55:50.044048/gfdh.838b057e-b25e-11ec-a7b0-397ab50d5789.jpeg
2022-04-03 12:21:19.990 INFO Train - trainImages: loading image done
2022-04-03 12:21:19.990 INFO Train - trainImages: finding the encoding of image
2022-04-03 12:21:20.038 ERROR Train - trainImages: no face is detected in image
2022-04-03 12:21:20.038 INFO Train - trainImages: skiping to find encodes of this image
2022-04-03 12:21:20.038 INFO Train - trainImages: getting average of encodings of loaded images
