2022-02-25 12:34:40.681 INFO Train - trainImages: MongoDB database connected successfully
2022-02-25 12:34:40.687 INFO Train - trainImages: collected all folders in known_people folder
2022-02-25 12:34:40.687 DEBUG Train - trainImages: ['tyrion lannister', 'denerys targeryan', 'Vikas', 'cersie lannister', 'king in the north', 'arya stark']
2022-02-25 12:34:40.690 INFO Train - trainImages: collected all images from all folders in known_people folder
2022-02-25 12:34:40.691 DEBUG Train - trainImages: [['/home/vikasjoshis001/Desktop/FaceRecognition/images_to_train/tyrion lannister/images5.jpeg', '/home/vikasjoshis001/Desktop/FaceRecognition/images_to_train/tyrion lannister/index3.jpeg', '/home/vikasjoshis001/Desktop/FaceRecognition/images_to_train/tyrion lannister/index1.jpeg', '/home/vikasjoshis001/Desktop/FaceRecognition/images_to_train/tyrion lannister/index2.jpeg', '/home/vikasjoshis001/Desktop/FaceRecognition/images_to_train/tyrion lannister/index4.jpeg'], ['/home/vikasjoshis001/Desktop/FaceRecognition/images_to_train/denerys targeryan/index3.jpeg', '/home/vikasjoshis001/Desktop/FaceRecognition/images_to_train/denerys targeryan/index5.jpeg', '/home/vikasjoshis001/Desktop/FaceRecognition/images_to_train/denerys targeryan/index1.jpeg', '/home/vikasjoshis001/Desktop/FaceRecognition/images_to_train/denerys targeryan/index2.jpeg', '/home/vikasjoshis001/Desktop/FaceRecognition/images_to_train/denerys targeryan/index4.jpeg'], ['/home/vikasjoshis001/Desktop/FaceRecognition/images_to_train/Vikas/Vikas.319023c5-9609-11ec-a6b1-2f237028861a.jpeg', '/home/vikasjoshis001/Desktop/FaceRecognition/images_to_train/Vikas/Vikas.304bfa6a-9609-11ec-a6b1-2f237028861a.jpeg', '/home/vikasjoshis001/Desktop/FaceRecognition/images_to_train/Vikas/Vikas.304bfa6b-9609-11ec-a6b1-2f237028861a.jpeg', '/home/vikasjoshis001/Desktop/FaceRecognition/images_to_train/Vikas/Vikas.319023c4-9609-11ec-a6b1-2f237028861a.jpeg', '/home/vikasjoshis001/Desktop/FaceRecognition/images_to_train/Vikas/Vikas.32c5f08e-9609-11ec-a6b1-2f237028861a.jpeg'], ['/home/vikasjoshis001/Desktop/FaceRecognition/images_to_train/cersie lannister/index3.jpeg', '/home/vikasjoshis001/Desktop/FaceRecognition/images_to_train/cersie lannister/index5.jpeg', '/home/vikasjoshis001/Desktop/FaceRecognition/images_to_train/cersie lannister/index2.jpeg', '/home/vikasjoshis001/Desktop/FaceRecognition/images_to_train/cersie lannister/index4.jpeg'], ['/home/vikasjoshis001/Desktop/FaceRecognition/images_to_train/king in the north/index.jpeg', '/home/vikasjoshis001/Desktop/FaceRecognition/images_to_train/king in the north/index3.jpeg', '/home/vikasjoshis001/Desktop/FaceRecognition/images_to_train/king in the north/index5.jpeg', '/home/vikasjoshis001/Desktop/FaceRecognition/images_to_train/king in the north/index2.jpeg', '/home/vikasjoshis001/Desktop/FaceRecognition/images_to_train/king in the north/index4.jpeg'], ['/home/vikasjoshis001/Desktop/FaceRecognition/images_to_train/arya stark/index.jpeg', '/home/vikasjoshis001/Desktop/FaceRecognition/images_to_train/arya stark/index3.jpeg', '/home/vikasjoshis001/Desktop/FaceRecognition/images_to_train/arya stark/index5.jpeg', '/home/vikasjoshis001/Desktop/FaceRecognition/images_to_train/arya stark/index2.jpeg', '/home/vikasjoshis001/Desktop/FaceRecognition/images_to_train/arya stark/images4.jpeg']]
2022-02-25 12:34:40.691 INFO Train - trainImages: started loading images and finding their encodings
2022-02-25 12:34:40.691 INFO Train - trainImages: loading image
2022-02-25 12:34:40.709 DEBUG Train - trainImages: /home/vikasjoshis001/Desktop/FaceRecognition/images_to_train/tyrion lannister/images5.jpeg
2022-02-25 12:34:40.709 INFO Train - trainImages: loading image done
2022-02-25 12:34:40.709 INFO Train - trainImages: finding the encoding of image
2022-02-25 12:34:40.790 INFO Train - trainImages: finding encoding of image is done
2022-02-25 12:34:40.790 INFO Train - trainImages: loading image
2022-02-25 12:34:40.791 DEBUG Train - trainImages: /home/vikasjoshis001/Desktop/FaceRecognition/images_to_train/tyrion lannister/index3.jpeg
2022-02-25 12:34:40.791 INFO Train - trainImages: loading image done
2022-02-25 12:34:40.791 INFO Train - trainImages: finding the encoding of image
2022-02-25 12:34:40.858 INFO Train - trainImages: finding encoding of image is done
2022-02-25 12:34:40.858 INFO Train - trainImages: loading image
2022-02-25 12:34:40.858 DEBUG Train - trainImages: /home/vikasjoshis001/Desktop/FaceRecognition/images_to_train/tyrion lannister/index1.jpeg
2022-02-25 12:34:40.859 INFO Train - trainImages: loading image done
2022-02-25 12:34:40.859 INFO Train - trainImages: finding the encoding of image
2022-02-25 12:34:40.926 INFO Train - trainImages: finding encoding of image is done
2022-02-25 12:34:40.926 INFO Train - trainImages: loading image
2022-02-25 12:34:40.926 DEBUG Train - trainImages: /home/vikasjoshis001/Desktop/FaceRecognition/images_to_train/tyrion lannister/index2.jpeg
2022-02-25 12:34:40.926 INFO Train - trainImages: loading image done
2022-02-25 12:34:40.926 INFO Train - trainImages: finding the encoding of image
2022-02-25 12:34:40.993 INFO Train - trainImages: finding encoding of image is done
2022-02-25 12:34:40.993 INFO Train - trainImages: loading image
2022-02-25 12:34:40.993 DEBUG Train - trainImages: /home/vikasjoshis001/Desktop/FaceRecognition/images_to_train/tyrion lannister/index4.jpeg
2022-02-25 12:34:40.994 INFO Train - trainImages: loading image done
2022-02-25 12:34:40.994 INFO Train - trainImages: finding the encoding of image
2022-02-25 12:34:41.080 INFO Train - trainImages: finding encoding of image is done
2022-02-25 12:34:41.080 INFO Train - trainImages: getting average of encodings of loaded images
2022-02-25 12:34:41.081 INFO Train - trainImages: done with getting average encodings
2022-02-25 12:34:41.081 INFO Train - trainImages: storing the name and encoding in local dictionary
2022-02-25 12:34:41.081 INFO Train - trainImages: stored name and encodes in local dictionary
2022-02-25 12:34:41.081 INFO Train - trainImages: storing the name and encodings in mongodb
2022-02-25 12:34:41.082 INFO Train - trainImages: stored all name and encodes in mongodb
2022-02-25 12:34:41.083 INFO Train - trainImages: started loading images and finding their encodings
2022-02-25 12:34:41.083 INFO Train - trainImages: loading image
2022-02-25 12:34:41.083 DEBUG Train - trainImages: /home/vikasjoshis001/Desktop/FaceRecognition/images_to_train/denerys targeryan/index3.jpeg
2022-02-25 12:34:41.083 INFO Train - trainImages: loading image done
2022-02-25 12:34:41.083 INFO Train - trainImages: finding the encoding of image
2022-02-25 12:34:41.168 INFO Train - trainImages: finding encoding of image is done
2022-02-25 12:34:41.168 INFO Train - trainImages: loading image
2022-02-25 12:34:41.168 DEBUG Train - trainImages: /home/vikasjoshis001/Desktop/FaceRecognition/images_to_train/denerys targeryan/index5.jpeg
2022-02-25 12:34:41.169 INFO Train - trainImages: loading image done
2022-02-25 12:34:41.169 INFO Train - trainImages: finding the encoding of image
2022-02-25 12:34:41.268 INFO Train - trainImages: finding encoding of image is done
2022-02-25 12:34:41.268 INFO Train - trainImages: loading image
2022-02-25 12:34:41.269 DEBUG Train - trainImages: /home/vikasjoshis001/Desktop/FaceRecognition/images_to_train/denerys targeryan/index1.jpeg
2022-02-25 12:34:41.269 INFO Train - trainImages: loading image done
2022-02-25 12:34:41.269 INFO Train - trainImages: finding the encoding of image
2022-02-25 12:34:41.373 INFO Train - trainImages: finding encoding of image is done
2022-02-25 12:34:41.373 INFO Train - trainImages: loading image
2022-02-25 12:34:41.374 DEBUG Train - trainImages: /home/vikasjoshis001/Desktop/FaceRecognition/images_to_train/denerys targeryan/index2.jpeg
2022-02-25 12:34:41.374 INFO Train - trainImages: loading image done
2022-02-25 12:34:41.374 INFO Train - trainImages: finding the encoding of image
2022-02-25 12:34:41.478 INFO Train - trainImages: finding encoding of image is done
2022-02-25 12:34:41.478 INFO Train - trainImages: loading image
2022-02-25 12:34:41.479 DEBUG Train - trainImages: /home/vikasjoshis001/Desktop/FaceRecognition/images_to_train/denerys targeryan/index4.jpeg
2022-02-25 12:34:41.479 INFO Train - trainImages: loading image done
2022-02-25 12:34:41.479 INFO Train - trainImages: finding the encoding of image
2022-02-25 12:34:41.568 INFO Train - trainImages: finding encoding of image is done
2022-02-25 12:34:41.568 INFO Train - trainImages: getting average of encodings of loaded images
2022-02-25 12:34:41.568 INFO Train - trainImages: done with getting average encodings
2022-02-25 12:34:41.568 INFO Train - trainImages: storing the name and encoding in local dictionary
2022-02-25 12:34:41.568 INFO Train - trainImages: stored name and encodes in local dictionary
2022-02-25 12:34:41.568 INFO Train - trainImages: storing the name and encodings in mongodb
2022-02-25 12:34:41.573 INFO Train - trainImages: stored all name and encodes in mongodb
2022-02-25 12:34:41.573 INFO Train - trainImages: started loading images and finding their encodings
2022-02-25 12:34:41.573 INFO Train - trainImages: loading image
2022-02-25 12:34:41.576 DEBUG Train - trainImages: /home/vikasjoshis001/Desktop/FaceRecognition/images_to_train/Vikas/Vikas.319023c5-9609-11ec-a6b1-2f237028861a.jpeg
2022-02-25 12:34:41.576 INFO Train - trainImages: loading image done
2022-02-25 12:34:41.576 INFO Train - trainImages: finding the encoding of image
2022-02-25 12:34:41.833 INFO Train - trainImages: finding encoding of image is done
2022-02-25 12:34:41.833 INFO Train - trainImages: loading image
2022-02-25 12:34:41.836 DEBUG Train - trainImages: /home/vikasjoshis001/Desktop/FaceRecognition/images_to_train/Vikas/Vikas.304bfa6a-9609-11ec-a6b1-2f237028861a.jpeg
2022-02-25 12:34:41.836 INFO Train - trainImages: loading image done
2022-02-25 12:34:41.836 INFO Train - trainImages: finding the encoding of image
2022-02-25 12:34:42.117 INFO Train - trainImages: finding encoding of image is done
2022-02-25 12:34:42.117 INFO Train - trainImages: loading image
2022-02-25 12:34:42.120 DEBUG Train - trainImages: /home/vikasjoshis001/Desktop/FaceRecognition/images_to_train/Vikas/Vikas.304bfa6b-9609-11ec-a6b1-2f237028861a.jpeg
2022-02-25 12:34:42.121 INFO Train - trainImages: loading image done
2022-02-25 12:34:42.121 INFO Train - trainImages: finding the encoding of image
2022-02-25 12:34:42.312 INFO Train - trainImages: finding encoding of image is done
2022-02-25 12:34:42.312 INFO Train - trainImages: loading image
2022-02-25 12:34:42.314 DEBUG Train - trainImages: /home/vikasjoshis001/Desktop/FaceRecognition/images_to_train/Vikas/Vikas.319023c4-9609-11ec-a6b1-2f237028861a.jpeg
2022-02-25 12:34:42.314 INFO Train - trainImages: loading image done
2022-02-25 12:34:42.314 INFO Train - trainImages: finding the encoding of image
2022-02-25 12:34:42.517 INFO Train - trainImages: finding encoding of image is done
2022-02-25 12:34:42.517 INFO Train - trainImages: loading image
2022-02-25 12:34:42.519 DEBUG Train - trainImages: /home/vikasjoshis001/Desktop/FaceRecognition/images_to_train/Vikas/Vikas.32c5f08e-9609-11ec-a6b1-2f237028861a.jpeg
2022-02-25 12:34:42.519 INFO Train - trainImages: loading image done
2022-02-25 12:34:42.519 INFO Train - trainImages: finding the encoding of image
2022-02-25 12:34:42.697 INFO Train - trainImages: finding encoding of image is done
2022-02-25 12:34:42.697 INFO Train - trainImages: getting average of encodings of loaded images
2022-02-25 12:34:42.697 INFO Train - trainImages: done with getting average encodings
2022-02-25 12:34:42.697 INFO Train - trainImages: storing the name and encoding in local dictionary
2022-02-25 12:34:42.697 INFO Train - trainImages: stored name and encodes in local dictionary
2022-02-25 12:34:42.697 INFO Train - trainImages: storing the name and encodings in mongodb
2022-02-25 12:34:42.698 INFO Train - trainImages: stored all name and encodes in mongodb
2022-02-25 12:34:42.698 INFO Train - trainImages: started loading images and finding their encodings
2022-02-25 12:34:42.698 INFO Train - trainImages: loading image
2022-02-25 12:34:42.698 DEBUG Train - trainImages: /home/vikasjoshis001/Desktop/FaceRecognition/images_to_train/cersie lannister/index3.jpeg
2022-02-25 12:34:42.698 INFO Train - trainImages: loading image done
2022-02-25 12:34:42.698 INFO Train - trainImages: finding the encoding of image
2022-02-25 12:34:42.766 INFO Train - trainImages: finding encoding of image is done
2022-02-25 12:34:42.766 INFO Train - trainImages: loading image
2022-02-25 12:34:42.766 DEBUG Train - trainImages: /home/vikasjoshis001/Desktop/FaceRecognition/images_to_train/cersie lannister/index5.jpeg
2022-02-25 12:34:42.766 INFO Train - trainImages: loading image done
2022-02-25 12:34:42.766 INFO Train - trainImages: finding the encoding of image
2022-02-25 12:34:42.831 INFO Train - trainImages: finding encoding of image is done
2022-02-25 12:34:42.831 INFO Train - trainImages: loading image
2022-02-25 12:34:42.831 DEBUG Train - trainImages: /home/vikasjoshis001/Desktop/FaceRecognition/images_to_train/cersie lannister/index2.jpeg
2022-02-25 12:34:42.831 INFO Train - trainImages: loading image done
2022-02-25 12:34:42.832 INFO Train - trainImages: finding the encoding of image
2022-02-25 12:34:42.898 INFO Train - trainImages: finding encoding of image is done
2022-02-25 12:34:42.898 INFO Train - trainImages: loading image
2022-02-25 12:34:42.899 DEBUG Train - trainImages: /home/vikasjoshis001/Desktop/FaceRecognition/images_to_train/cersie lannister/index4.jpeg
2022-02-25 12:34:42.899 INFO Train - trainImages: loading image done
2022-02-25 12:34:42.899 INFO Train - trainImages: finding the encoding of image
2022-02-25 12:34:42.964 INFO Train - trainImages: finding encoding of image is done
2022-02-25 12:34:42.964 INFO Train - trainImages: getting average of encodings of loaded images
2022-02-25 12:34:42.964 INFO Train - trainImages: done with getting average encodings
2022-02-25 12:34:42.964 INFO Train - trainImages: storing the name and encoding in local dictionary
2022-02-25 12:34:42.964 INFO Train - trainImages: stored name and encodes in local dictionary
2022-02-25 12:34:42.964 INFO Train - trainImages: storing the name and encodings in mongodb
2022-02-25 12:34:42.965 INFO Train - trainImages: stored all name and encodes in mongodb
2022-02-25 12:34:42.965 INFO Train - trainImages: started loading images and finding their encodings
2022-02-25 12:34:42.965 INFO Train - trainImages: loading image
2022-02-25 12:34:42.966 DEBUG Train - trainImages: /home/vikasjoshis001/Desktop/FaceRecognition/images_to_train/king in the north/index.jpeg
2022-02-25 12:34:42.966 INFO Train - trainImages: loading image done
2022-02-25 12:34:42.966 INFO Train - trainImages: finding the encoding of image
2022-02-25 12:34:43.033 INFO Train - trainImages: finding encoding of image is done
2022-02-25 12:34:43.033 INFO Train - trainImages: loading image
2022-02-25 12:34:43.034 DEBUG Train - trainImages: /home/vikasjoshis001/Desktop/FaceRecognition/images_to_train/king in the north/index3.jpeg
2022-02-25 12:34:43.034 INFO Train - trainImages: loading image done
2022-02-25 12:34:43.034 INFO Train - trainImages: finding the encoding of image
2022-02-25 12:34:43.100 INFO Train - trainImages: finding encoding of image is done
2022-02-25 12:34:43.100 INFO Train - trainImages: loading image
2022-02-25 12:34:43.101 DEBUG Train - trainImages: /home/vikasjoshis001/Desktop/FaceRecognition/images_to_train/king in the north/index5.jpeg
2022-02-25 12:34:43.101 INFO Train - trainImages: loading image done
2022-02-25 12:34:43.101 INFO Train - trainImages: finding the encoding of image
2022-02-25 12:34:43.169 INFO Train - trainImages: finding encoding of image is done
2022-02-25 12:34:43.169 INFO Train - trainImages: loading image
2022-02-25 12:34:43.170 DEBUG Train - trainImages: /home/vikasjoshis001/Desktop/FaceRecognition/images_to_train/king in the north/index2.jpeg
2022-02-25 12:34:43.170 INFO Train - trainImages: loading image done
2022-02-25 12:34:43.170 INFO Train - trainImages: finding the encoding of image
2022-02-25 12:34:43.234 INFO Train - trainImages: finding encoding of image is done
2022-02-25 12:34:43.235 INFO Train - trainImages: loading image
2022-02-25 12:34:43.235 DEBUG Train - trainImages: /home/vikasjoshis001/Desktop/FaceRecognition/images_to_train/king in the north/index4.jpeg
2022-02-25 12:34:43.235 INFO Train - trainImages: loading image done
2022-02-25 12:34:43.235 INFO Train - trainImages: finding the encoding of image
2022-02-25 12:34:43.302 INFO Train - trainImages: finding encoding of image is done
2022-02-25 12:34:43.302 INFO Train - trainImages: getting average of encodings of loaded images
2022-02-25 12:34:43.302 INFO Train - trainImages: done with getting average encodings
2022-02-25 12:34:43.302 INFO Train - trainImages: storing the name and encoding in local dictionary
2022-02-25 12:34:43.302 INFO Train - trainImages: stored name and encodes in local dictionary
2022-02-25 12:34:43.302 INFO Train - trainImages: storing the name and encodings in mongodb
2022-02-25 12:34:43.303 INFO Train - trainImages: stored all name and encodes in mongodb
2022-02-25 12:34:43.303 INFO Train - trainImages: started loading images and finding their encodings
2022-02-25 12:34:43.303 INFO Train - trainImages: loading image
2022-02-25 12:34:43.304 DEBUG Train - trainImages: /home/vikasjoshis001/Desktop/FaceRecognition/images_to_train/arya stark/index.jpeg
2022-02-25 12:34:43.304 INFO Train - trainImages: loading image done
2022-02-25 12:34:43.304 INFO Train - trainImages: finding the encoding of image
2022-02-25 12:34:43.370 INFO Train - trainImages: finding encoding of image is done
2022-02-25 12:34:43.370 INFO Train - trainImages: loading image
2022-02-25 12:34:43.370 DEBUG Train - trainImages: /home/vikasjoshis001/Desktop/FaceRecognition/images_to_train/arya stark/index3.jpeg
2022-02-25 12:34:43.370 INFO Train - trainImages: loading image done
2022-02-25 12:34:43.370 INFO Train - trainImages: finding the encoding of image
2022-02-25 12:34:43.434 INFO Train - trainImages: finding encoding of image is done
2022-02-25 12:34:43.434 INFO Train - trainImages: loading image
2022-02-25 12:34:43.434 DEBUG Train - trainImages: /home/vikasjoshis001/Desktop/FaceRecognition/images_to_train/arya stark/index5.jpeg
2022-02-25 12:34:43.434 INFO Train - trainImages: loading image done
2022-02-25 12:34:43.434 INFO Train - trainImages: finding the encoding of image
2022-02-25 12:34:43.501 INFO Train - trainImages: finding encoding of image is done
2022-02-25 12:34:43.502 INFO Train - trainImages: loading image
2022-02-25 12:34:43.502 DEBUG Train - trainImages: /home/vikasjoshis001/Desktop/FaceRecognition/images_to_train/arya stark/index2.jpeg
2022-02-25 12:34:43.502 INFO Train - trainImages: loading image done
2022-02-25 12:34:43.502 INFO Train - trainImages: finding the encoding of image
2022-02-25 12:34:43.568 INFO Train - trainImages: finding encoding of image is done
2022-02-25 12:34:43.568 INFO Train - trainImages: loading image
2022-02-25 12:34:43.569 DEBUG Train - trainImages: /home/vikasjoshis001/Desktop/FaceRecognition/images_to_train/arya stark/images4.jpeg
2022-02-25 12:34:43.569 INFO Train - trainImages: loading image done
2022-02-25 12:34:43.569 INFO Train - trainImages: finding the encoding of image
2022-02-25 12:34:43.632 INFO Train - trainImages: finding encoding of image is done
2022-02-25 12:34:43.632 INFO Train - trainImages: getting average of encodings of loaded images
2022-02-25 12:34:43.632 INFO Train - trainImages: done with getting average encodings
2022-02-25 12:34:43.632 INFO Train - trainImages: storing the name and encoding in local dictionary
2022-02-25 12:34:43.632 INFO Train - trainImages: stored name and encodes in local dictionary
2022-02-25 12:34:43.632 INFO Train - trainImages: storing the name and encodings in mongodb
2022-02-25 12:34:43.633 INFO Train - trainImages: stored all name and encodes in mongodb
