2022-02-24 19:28:41.021 INFO Train - <module>: MongoDB database connected successfully
2022-02-24 19:28:41.022 INFO Train - <module>: collected all folders in known_people folder
2022-02-24 19:28:41.022 DEBUG Train - <module>: ['tyrion lannister', 'denerys targeryan', 'cersie lannister', 'king in the north', 'arya stark']
2022-02-24 19:28:41.022 INFO Train - <module>: collected all images from all folders in known_people folder
2022-02-24 19:28:41.022 DEBUG Train - <module>: [['/home/vikasjoshis001/Desktop/FaceRecognition/images_to_train/tyrion lannister/images5.jpeg', '/home/vikasjoshis001/Desktop/FaceRecognition/images_to_train/tyrion lannister/index3.jpeg', '/home/vikasjoshis001/Desktop/FaceRecognition/images_to_train/tyrion lannister/index1.jpeg', '/home/vikasjoshis001/Desktop/FaceRecognition/images_to_train/tyrion lannister/index2.jpeg', '/home/vikasjoshis001/Desktop/FaceRecognition/images_to_train/tyrion lannister/index4.jpeg'], ['/home/vikasjoshis001/Desktop/FaceRecognition/images_to_train/denerys targeryan/index3.jpeg', '/home/vikasjoshis001/Desktop/FaceRecognition/images_to_train/denerys targeryan/index5.jpeg', '/home/vikasjoshis001/Desktop/FaceRecognition/images_to_train/denerys targeryan/index1.jpeg', '/home/vikasjoshis001/Desktop/FaceRecognition/images_to_train/denerys targeryan/index2.jpeg', '/home/vikasjoshis001/Desktop/FaceRecognition/images_to_train/denerys targeryan/index4.jpeg'], ['/home/vikasjoshis001/Desktop/FaceRecognition/images_to_train/cersie lannister/index3.jpeg', '/home/vikasjoshis001/Desktop/FaceRecognition/images_to_train/cersie lannister/index5.jpeg', '/home/vikasjoshis001/Desktop/FaceRecognition/images_to_train/cersie lannister/index2.jpeg', '/home/vikasjoshis001/Desktop/FaceRecognition/images_to_train/cersie lannister/index4.jpeg'], ['/home/vikasjoshis001/Desktop/FaceRecognition/images_to_train/king in the north/index.jpeg', '/home/vikasjoshis001/Desktop/FaceRecognition/images_to_train/king in the north/index3.jpeg', '/home/vikasjoshis001/Desktop/FaceRecognition/images_to_train/king in the north/index5.jpeg', '/home/vikasjoshis001/Desktop/FaceRecognition/images_to_train/king in the north/index2.jpeg', '/home/vikasjoshis001/Desktop/FaceRecognition/images_to_train/king in the north/index4.jpeg'], ['/home/vikasjoshis001/Desktop/FaceRecognition/images_to_train/arya stark/index.jpeg', '/home/vikasjoshis001/Desktop/FaceRecognition/images_to_train/arya stark/index3.jpeg', '/home/vikasjoshis001/Desktop/FaceRecognition/images_to_train/arya stark/index5.jpeg', '/home/vikasjoshis001/Desktop/FaceRecognition/images_to_train/arya stark/index2.jpeg', '/home/vikasjoshis001/Desktop/FaceRecognition/images_to_train/arya stark/images4.jpeg']]
2022-02-24 19:28:41.022 INFO Train - <module>: started loading images and finding their encodings
2022-02-24 19:28:41.022 INFO Train - <module>: loading image
2022-02-24 19:28:41.044 DEBUG Train - <module>: /home/vikasjoshis001/Desktop/FaceRecognition/images_to_train/tyrion lannister/images5.jpeg
2022-02-24 19:28:41.044 INFO Train - <module>: loading image done
2022-02-24 19:28:41.044 INFO Train - <module>: finding the encoding of image
2022-02-24 19:28:41.116 INFO Train - <module>: finding encoding of image is done
2022-02-24 19:28:41.116 INFO Train - <module>: loading image
2022-02-24 19:28:41.118 DEBUG Train - <module>: /home/vikasjoshis001/Desktop/FaceRecognition/images_to_train/tyrion lannister/index3.jpeg
2022-02-24 19:28:41.118 INFO Train - <module>: loading image done
2022-02-24 19:28:41.118 INFO Train - <module>: finding the encoding of image
2022-02-24 19:28:41.183 INFO Train - <module>: finding encoding of image is done
2022-02-24 19:28:41.183 INFO Train - <module>: loading image
2022-02-24 19:28:41.185 DEBUG Train - <module>: /home/vikasjoshis001/Desktop/FaceRecognition/images_to_train/tyrion lannister/index1.jpeg
2022-02-24 19:28:41.185 INFO Train - <module>: loading image done
2022-02-24 19:28:41.185 INFO Train - <module>: finding the encoding of image
2022-02-24 19:28:41.259 INFO Train - <module>: finding encoding of image is done
2022-02-24 19:28:41.259 INFO Train - <module>: loading image
2022-02-24 19:28:41.261 DEBUG Train - <module>: /home/vikasjoshis001/Desktop/FaceRecognition/images_to_train/tyrion lannister/index2.jpeg
2022-02-24 19:28:41.261 INFO Train - <module>: loading image done
2022-02-24 19:28:41.261 INFO Train - <module>: finding the encoding of image
2022-02-24 19:28:41.327 INFO Train - <module>: finding encoding of image is done
2022-02-24 19:28:41.327 INFO Train - <module>: loading image
2022-02-24 19:28:41.329 DEBUG Train - <module>: /home/vikasjoshis001/Desktop/FaceRecognition/images_to_train/tyrion lannister/index4.jpeg
2022-02-24 19:28:41.329 INFO Train - <module>: loading image done
2022-02-24 19:28:41.329 INFO Train - <module>: finding the encoding of image
2022-02-24 19:28:41.392 INFO Train - <module>: finding encoding of image is done
2022-02-24 19:28:41.392 INFO Train - <module>: getting average of encodings of loaded images
2022-02-24 19:28:41.392 INFO Train - <module>: done with getting average encodings
2022-02-24 19:28:41.392 INFO Train - <module>: storing the name and encoding in local dictionary
2022-02-24 19:28:41.392 INFO Train - <module>: stored name and encodes in local dictionary
2022-02-24 19:28:41.392 INFO Train - <module>: storing the name and encodings in mongodb
