2022-03-31 15:41:42.590 INFO Train - trainImages: MongoDB database connected successfully
2022-03-31 15:41:42.600 INFO Train - trainImages: collected all folders in known_people folder
2022-03-31 15:41:42.600 DEBUG Train - trainImages: ['tyrion lannister', 'denerys targeryan', 'vi-2022-03-31 15:41:30.461338', 'cersie lannister', 'Vikas-2022-03-31 13:17:26.260103', 'king in the north', 'arya stark', 'hbdhjvbxbh-2022-03-31 13:55:24.952640']
2022-03-31 15:41:42.604 INFO Train - trainImages: collected all images from all folders in known_people folder
2022-03-31 15:41:42.604 DEBUG Train - trainImages: [['/home/vikasjoshis001/Desktop/Gestures/images_to_train/tyrion lannister/images5.jpeg', '/home/vikasjoshis001/Desktop/Gestures/images_to_train/tyrion lannister/index3.jpeg', '/home/vikasjoshis001/Desktop/Gestures/images_to_train/tyrion lannister/index1.jpeg', '/home/vikasjoshis001/Desktop/Gestures/images_to_train/tyrion lannister/index2.jpeg', '/home/vikasjoshis001/Desktop/Gestures/images_to_train/tyrion lannister/index4.jpeg'], ['/home/vikasjoshis001/Desktop/Gestures/images_to_train/denerys targeryan/index3.jpeg', '/home/vikasjoshis001/Desktop/Gestures/images_to_train/denerys targeryan/index5.jpeg', '/home/vikasjoshis001/Desktop/Gestures/images_to_train/denerys targeryan/index1.jpeg', '/home/vikasjoshis001/Desktop/Gestures/images_to_train/denerys targeryan/index2.jpeg', '/home/vikasjoshis001/Desktop/Gestures/images_to_train/denerys targeryan/index4.jpeg'], ['/home/vikasjoshis001/Desktop/Gestures/images_to_train/vi-2022-03-31 15:41:30.461338/vi.f0661862-b0da-11ec-95c9-353773ec36e1.jpeg', '/home/vikasjoshis001/Desktop/Gestures/images_to_train/vi-2022-03-31 15:41:30.461338/vi.f19f811e-b0da-11ec-95c9-353773ec36e1.jpeg', '/home/vikasjoshis001/Desktop/Gestures/images_to_train/vi-2022-03-31 15:41:30.461338/vi.ef6445f6-b0da-11ec-95c9-353773ec36e1.jpeg', '/home/vikasjoshis001/Desktop/Gestures/images_to_train/vi-2022-03-31 15:41:30.461338/vi.f0661863-b0da-11ec-95c9-353773ec36e1.jpeg', '/home/vikasjoshis001/Desktop/Gestures/images_to_train/vi-2022-03-31 15:41:30.461338/vi.f19f811f-b0da-11ec-95c9-353773ec36e1.jpeg'], ['/home/vikasjoshis001/Desktop/Gestures/images_to_train/cersie lannister/index3.jpeg', '/home/vikasjoshis001/Desktop/Gestures/images_to_train/cersie lannister/index5.jpeg', '/home/vikasjoshis001/Desktop/Gestures/images_to_train/cersie lannister/index2.jpeg', '/home/vikasjoshis001/Desktop/Gestures/images_to_train/cersie lannister/index4.jpeg'], ['/home/vikasjoshis001/Desktop/Gestures/images_to_train/Vikas-2022-03-31 13:17:26.260103/Vikas.d18bc824-b0c6-11ec-95c9-353773ec36e1.jpeg', '/home/vikasjoshis001/Desktop/Gestures/images_to_train/Vikas-2022-03-31 13:17:26.260103/Vikas.d056c17b-b0c6-11ec-95c9-353773ec36e1.jpeg', '/home/vikasjoshis001/Desktop/Gestures/images_to_train/Vikas-2022-03-31 13:17:26.260103/Vikas.cf0c4b78-b0c6-11ec-95c9-353773ec36e1.jpeg', '/home/vikasjoshis001/Desktop/Gestures/images_to_train/Vikas-2022-03-31 13:17:26.260103/Vikas.cf0c4b79-b0c6-11ec-95c9-353773ec36e1.jpeg', '/home/vikasjoshis001/Desktop/Gestures/images_to_train/Vikas-2022-03-31 13:17:26.260103/Vikas.d056c17a-b0c6-11ec-95c9-353773ec36e1.jpeg'], ['/home/vikasjoshis001/Desktop/Gestures/images_to_train/king in the north/index.jpeg', '/home/vikasjoshis001/Desktop/Gestures/images_to_train/king in the north/index3.jpeg', '/home/vikasjoshis001/Desktop/Gestures/images_to_train/king in the north/index5.jpeg', '/home/vikasjoshis001/Desktop/Gestures/images_to_train/king in the north/index2.jpeg', '/home/vikasjoshis001/Desktop/Gestures/images_to_train/king in the north/index4.jpeg'], ['/home/vikasjoshis001/Desktop/Gestures/images_to_train/arya stark/index.jpeg', '/home/vikasjoshis001/Desktop/Gestures/images_to_train/arya stark/index3.jpeg', '/home/vikasjoshis001/Desktop/Gestures/images_to_train/arya stark/index5.jpeg', '/home/vikasjoshis001/Desktop/Gestures/images_to_train/arya stark/index2.jpeg', '/home/vikasjoshis001/Desktop/Gestures/images_to_train/arya stark/images4.jpeg'], ['/home/vikasjoshis001/Desktop/Gestures/images_to_train/hbdhjvbxbh-2022-03-31 13:55:24.952640/hbdhjvbxbh.1fc00190-b0cc-11ec-95c9-353773ec36e1.jpeg', '/home/vikasjoshis001/Desktop/Gestures/images_to_train/hbdhjvbxbh-2022-03-31 13:55:24.952640/hbdhjvbxbh.1d3f745b-b0cc-11ec-95c9-353773ec36e1.jpeg', '/home/vikasjoshis001/Desktop/Gestures/images_to_train/hbdhjvbxbh-2022-03-31 13:55:24.952640/hbdhjvbxbh.1e898a3b-b0cc-11ec-95c9-353773ec36e1.jpeg', '/home/vikasjoshis001/Desktop/Gestures/images_to_train/hbdhjvbxbh-2022-03-31 13:55:24.952640/hbdhjvbxbh.1e898a3a-b0cc-11ec-95c9-353773ec36e1.jpeg', '/home/vikasjoshis001/Desktop/Gestures/images_to_train/hbdhjvbxbh-2022-03-31 13:55:24.952640/hbdhjvbxbh.1d3f745a-b0cc-11ec-95c9-353773ec36e1.jpeg']]
2022-03-31 15:41:42.605 INFO Train - trainImages: started loading images and finding their encodings
2022-03-31 15:41:42.605 INFO Train - trainImages: loading image
2022-03-31 15:41:42.632 DEBUG Train - trainImages: /home/vikasjoshis001/Desktop/Gestures/images_to_train/tyrion lannister/images5.jpeg
2022-03-31 15:41:42.632 INFO Train - trainImages: loading image done
2022-03-31 15:41:42.632 INFO Train - trainImages: finding the encoding of image
2022-03-31 15:41:42.713 INFO Train - trainImages: finding encoding of image is done
2022-03-31 15:41:42.713 INFO Train - trainImages: loading image
2022-03-31 15:41:42.715 DEBUG Train - trainImages: /home/vikasjoshis001/Desktop/Gestures/images_to_train/tyrion lannister/index3.jpeg
2022-03-31 15:41:42.715 INFO Train - trainImages: loading image done
2022-03-31 15:41:42.715 INFO Train - trainImages: finding the encoding of image
2022-03-31 15:41:42.782 INFO Train - trainImages: finding encoding of image is done
2022-03-31 15:41:42.782 INFO Train - trainImages: loading image
2022-03-31 15:41:42.783 DEBUG Train - trainImages: /home/vikasjoshis001/Desktop/Gestures/images_to_train/tyrion lannister/index1.jpeg
2022-03-31 15:41:42.783 INFO Train - trainImages: loading image done
2022-03-31 15:41:42.783 INFO Train - trainImages: finding the encoding of image
2022-03-31 15:41:42.851 INFO Train - trainImages: finding encoding of image is done
2022-03-31 15:41:42.851 INFO Train - trainImages: loading image
2022-03-31 15:41:42.853 DEBUG Train - trainImages: /home/vikasjoshis001/Desktop/Gestures/images_to_train/tyrion lannister/index2.jpeg
2022-03-31 15:41:42.853 INFO Train - trainImages: loading image done
2022-03-31 15:41:42.853 INFO Train - trainImages: finding the encoding of image
2022-03-31 15:41:42.921 INFO Train - trainImages: finding encoding of image is done
2022-03-31 15:41:42.922 INFO Train - trainImages: loading image
2022-03-31 15:41:42.923 DEBUG Train - trainImages: /home/vikasjoshis001/Desktop/Gestures/images_to_train/tyrion lannister/index4.jpeg
2022-03-31 15:41:42.923 INFO Train - trainImages: loading image done
2022-03-31 15:41:42.923 INFO Train - trainImages: finding the encoding of image
2022-03-31 15:41:42.991 INFO Train - trainImages: finding encoding of image is done
2022-03-31 15:41:42.991 INFO Train - trainImages: getting average of encodings of loaded images
2022-03-31 15:41:42.992 INFO Train - trainImages: done with getting average encodings
2022-03-31 15:41:42.992 INFO Train - trainImages: storing the name and encoding in local dictionary
2022-03-31 15:41:42.992 INFO Train - trainImages: stored name and encodes in local dictionary
2022-03-31 15:41:42.992 INFO Train - trainImages: storing the name and encodings in mongodb
2022-03-31 15:41:42.993 INFO Train - trainImages: stored all name and encodes in mongodb
2022-03-31 15:41:42.993 INFO Train - trainImages: started loading images and finding their encodings
2022-03-31 15:41:42.993 INFO Train - trainImages: loading image
2022-03-31 15:41:42.995 DEBUG Train - trainImages: /home/vikasjoshis001/Desktop/Gestures/images_to_train/denerys targeryan/index3.jpeg
2022-03-31 15:41:42.995 INFO Train - trainImages: loading image done
2022-03-31 15:41:42.995 INFO Train - trainImages: finding the encoding of image
2022-03-31 15:41:43.065 INFO Train - trainImages: finding encoding of image is done
2022-03-31 15:41:43.065 INFO Train - trainImages: loading image
2022-03-31 15:41:43.067 DEBUG Train - trainImages: /home/vikasjoshis001/Desktop/Gestures/images_to_train/denerys targeryan/index5.jpeg
2022-03-31 15:41:43.067 INFO Train - trainImages: loading image done
2022-03-31 15:41:43.067 INFO Train - trainImages: finding the encoding of image
2022-03-31 15:41:43.135 INFO Train - trainImages: finding encoding of image is done
2022-03-31 15:41:43.135 INFO Train - trainImages: loading image
2022-03-31 15:41:43.137 DEBUG Train - trainImages: /home/vikasjoshis001/Desktop/Gestures/images_to_train/denerys targeryan/index1.jpeg
2022-03-31 15:41:43.137 INFO Train - trainImages: loading image done
2022-03-31 15:41:43.137 INFO Train - trainImages: finding the encoding of image
2022-03-31 15:41:43.206 INFO Train - trainImages: finding encoding of image is done
2022-03-31 15:41:43.207 INFO Train - trainImages: loading image
2022-03-31 15:41:43.208 DEBUG Train - trainImages: /home/vikasjoshis001/Desktop/Gestures/images_to_train/denerys targeryan/index2.jpeg
2022-03-31 15:41:43.208 INFO Train - trainImages: loading image done
2022-03-31 15:41:43.208 INFO Train - trainImages: finding the encoding of image
2022-03-31 15:41:43.279 INFO Train - trainImages: finding encoding of image is done
2022-03-31 15:41:43.279 INFO Train - trainImages: loading image
2022-03-31 15:41:43.281 DEBUG Train - trainImages: /home/vikasjoshis001/Desktop/Gestures/images_to_train/denerys targeryan/index4.jpeg
2022-03-31 15:41:43.281 INFO Train - trainImages: loading image done
2022-03-31 15:41:43.281 INFO Train - trainImages: finding the encoding of image
2022-03-31 15:41:43.347 INFO Train - trainImages: finding encoding of image is done
2022-03-31 15:41:43.347 INFO Train - trainImages: getting average of encodings of loaded images
2022-03-31 15:41:43.347 INFO Train - trainImages: done with getting average encodings
2022-03-31 15:41:43.347 INFO Train - trainImages: storing the name and encoding in local dictionary
2022-03-31 15:41:43.347 INFO Train - trainImages: stored name and encodes in local dictionary
2022-03-31 15:41:43.348 INFO Train - trainImages: storing the name and encodings in mongodb
2022-03-31 15:41:43.348 INFO Train - trainImages: stored all name and encodes in mongodb
2022-03-31 15:41:43.348 INFO Train - trainImages: started loading images and finding their encodings
2022-03-31 15:41:43.348 INFO Train - trainImages: loading image
2022-03-31 15:41:43.351 DEBUG Train - trainImages: /home/vikasjoshis001/Desktop/Gestures/images_to_train/vi-2022-03-31 15:41:30.461338/vi.f0661862-b0da-11ec-95c9-353773ec36e1.jpeg
2022-03-31 15:41:43.351 INFO Train - trainImages: loading image done
2022-03-31 15:41:43.351 INFO Train - trainImages: finding the encoding of image
2022-03-31 15:41:43.614 INFO Train - trainImages: finding encoding of image is done
2022-03-31 15:41:43.614 INFO Train - trainImages: loading image
2022-03-31 15:41:43.617 DEBUG Train - trainImages: /home/vikasjoshis001/Desktop/Gestures/images_to_train/vi-2022-03-31 15:41:30.461338/vi.f19f811e-b0da-11ec-95c9-353773ec36e1.jpeg
2022-03-31 15:41:43.617 INFO Train - trainImages: loading image done
2022-03-31 15:41:43.617 INFO Train - trainImages: finding the encoding of image
2022-03-31 15:41:43.840 INFO Train - trainImages: finding encoding of image is done
2022-03-31 15:41:43.841 INFO Train - trainImages: loading image
2022-03-31 15:41:43.843 DEBUG Train - trainImages: /home/vikasjoshis001/Desktop/Gestures/images_to_train/vi-2022-03-31 15:41:30.461338/vi.ef6445f6-b0da-11ec-95c9-353773ec36e1.jpeg
2022-03-31 15:41:43.843 INFO Train - trainImages: loading image done
2022-03-31 15:41:43.843 INFO Train - trainImages: finding the encoding of image
2022-03-31 15:41:44.065 INFO Train - trainImages: finding encoding of image is done
2022-03-31 15:41:44.065 INFO Train - trainImages: loading image
2022-03-31 15:41:44.068 DEBUG Train - trainImages: /home/vikasjoshis001/Desktop/Gestures/images_to_train/vi-2022-03-31 15:41:30.461338/vi.f0661863-b0da-11ec-95c9-353773ec36e1.jpeg
2022-03-31 15:41:44.068 INFO Train - trainImages: loading image done
2022-03-31 15:41:44.068 INFO Train - trainImages: finding the encoding of image
2022-03-31 15:41:44.330 INFO Train - trainImages: finding encoding of image is done
2022-03-31 15:41:44.330 INFO Train - trainImages: loading image
2022-03-31 15:41:44.333 DEBUG Train - trainImages: /home/vikasjoshis001/Desktop/Gestures/images_to_train/vi-2022-03-31 15:41:30.461338/vi.f19f811f-b0da-11ec-95c9-353773ec36e1.jpeg
2022-03-31 15:41:44.333 INFO Train - trainImages: loading image done
2022-03-31 15:41:44.333 INFO Train - trainImages: finding the encoding of image
2022-03-31 15:41:44.555 INFO Train - trainImages: finding encoding of image is done
2022-03-31 15:41:44.555 INFO Train - trainImages: getting average of encodings of loaded images
2022-03-31 15:41:44.556 INFO Train - trainImages: done with getting average encodings
2022-03-31 15:41:44.556 INFO Train - trainImages: storing the name and encoding in local dictionary
2022-03-31 15:41:44.556 INFO Train - trainImages: stored name and encodes in local dictionary
2022-03-31 15:41:44.556 INFO Train - trainImages: storing the name and encodings in mongodb
2022-03-31 15:41:44.556 INFO Train - trainImages: stored all name and encodes in mongodb
2022-03-31 15:41:44.556 INFO Train - trainImages: started loading images and finding their encodings
2022-03-31 15:41:44.556 INFO Train - trainImages: loading image
2022-03-31 15:41:44.558 DEBUG Train - trainImages: /home/vikasjoshis001/Desktop/Gestures/images_to_train/cersie lannister/index3.jpeg
2022-03-31 15:41:44.558 INFO Train - trainImages: loading image done
2022-03-31 15:41:44.558 INFO Train - trainImages: finding the encoding of image
2022-03-31 15:41:44.627 INFO Train - trainImages: finding encoding of image is done
2022-03-31 15:41:44.627 INFO Train - trainImages: loading image
2022-03-31 15:41:44.628 DEBUG Train - trainImages: /home/vikasjoshis001/Desktop/Gestures/images_to_train/cersie lannister/index5.jpeg
2022-03-31 15:41:44.628 INFO Train - trainImages: loading image done
2022-03-31 15:41:44.628 INFO Train - trainImages: finding the encoding of image
2022-03-31 15:41:44.697 INFO Train - trainImages: finding encoding of image is done
2022-03-31 15:41:44.697 INFO Train - trainImages: loading image
2022-03-31 15:41:44.698 DEBUG Train - trainImages: /home/vikasjoshis001/Desktop/Gestures/images_to_train/cersie lannister/index2.jpeg
2022-03-31 15:41:44.699 INFO Train - trainImages: loading image done
2022-03-31 15:41:44.699 INFO Train - trainImages: finding the encoding of image
2022-03-31 15:41:44.769 INFO Train - trainImages: finding encoding of image is done
2022-03-31 15:41:44.769 INFO Train - trainImages: loading image
2022-03-31 15:41:44.770 DEBUG Train - trainImages: /home/vikasjoshis001/Desktop/Gestures/images_to_train/cersie lannister/index4.jpeg
2022-03-31 15:41:44.770 INFO Train - trainImages: loading image done
2022-03-31 15:41:44.770 INFO Train - trainImages: finding the encoding of image
2022-03-31 15:41:44.839 INFO Train - trainImages: finding encoding of image is done
2022-03-31 15:41:44.839 INFO Train - trainImages: getting average of encodings of loaded images
2022-03-31 15:41:44.839 INFO Train - trainImages: done with getting average encodings
2022-03-31 15:41:44.839 INFO Train - trainImages: storing the name and encoding in local dictionary
2022-03-31 15:41:44.839 INFO Train - trainImages: stored name and encodes in local dictionary
2022-03-31 15:41:44.839 INFO Train - trainImages: storing the name and encodings in mongodb
2022-03-31 15:41:44.840 INFO Train - trainImages: stored all name and encodes in mongodb
2022-03-31 15:41:44.840 INFO Train - trainImages: started loading images and finding their encodings
2022-03-31 15:41:44.840 INFO Train - trainImages: loading image
2022-03-31 15:41:44.844 DEBUG Train - trainImages: /home/vikasjoshis001/Desktop/Gestures/images_to_train/Vikas-2022-03-31 13:17:26.260103/Vikas.d18bc824-b0c6-11ec-95c9-353773ec36e1.jpeg
2022-03-31 15:41:44.845 INFO Train - trainImages: loading image done
2022-03-31 15:41:44.845 INFO Train - trainImages: finding the encoding of image
2022-03-31 15:41:45.024 INFO Train - trainImages: finding encoding of image is done
2022-03-31 15:41:45.024 INFO Train - trainImages: loading image
2022-03-31 15:41:45.029 DEBUG Train - trainImages: /home/vikasjoshis001/Desktop/Gestures/images_to_train/Vikas-2022-03-31 13:17:26.260103/Vikas.d056c17b-b0c6-11ec-95c9-353773ec36e1.jpeg
2022-03-31 15:41:45.029 INFO Train - trainImages: loading image done
2022-03-31 15:41:45.029 INFO Train - trainImages: finding the encoding of image
2022-03-31 15:41:45.210 INFO Train - trainImages: finding encoding of image is done
2022-03-31 15:41:45.210 INFO Train - trainImages: loading image
2022-03-31 15:41:45.215 DEBUG Train - trainImages: /home/vikasjoshis001/Desktop/Gestures/images_to_train/Vikas-2022-03-31 13:17:26.260103/Vikas.cf0c4b78-b0c6-11ec-95c9-353773ec36e1.jpeg
2022-03-31 15:41:45.215 INFO Train - trainImages: loading image done
2022-03-31 15:41:45.215 INFO Train - trainImages: finding the encoding of image
2022-03-31 15:41:45.397 INFO Train - trainImages: finding encoding of image is done
2022-03-31 15:41:45.397 INFO Train - trainImages: loading image
2022-03-31 15:41:45.402 DEBUG Train - trainImages: /home/vikasjoshis001/Desktop/Gestures/images_to_train/Vikas-2022-03-31 13:17:26.260103/Vikas.cf0c4b79-b0c6-11ec-95c9-353773ec36e1.jpeg
2022-03-31 15:41:45.402 INFO Train - trainImages: loading image done
2022-03-31 15:41:45.402 INFO Train - trainImages: finding the encoding of image
2022-03-31 15:41:45.583 INFO Train - trainImages: finding encoding of image is done
2022-03-31 15:41:45.583 INFO Train - trainImages: loading image
2022-03-31 15:41:45.586 DEBUG Train - trainImages: /home/vikasjoshis001/Desktop/Gestures/images_to_train/Vikas-2022-03-31 13:17:26.260103/Vikas.d056c17a-b0c6-11ec-95c9-353773ec36e1.jpeg
2022-03-31 15:41:45.587 INFO Train - trainImages: loading image done
2022-03-31 15:41:45.587 INFO Train - trainImages: finding the encoding of image
2022-03-31 15:41:45.766 INFO Train - trainImages: finding encoding of image is done
2022-03-31 15:41:45.766 INFO Train - trainImages: getting average of encodings of loaded images
2022-03-31 15:41:45.766 INFO Train - trainImages: done with getting average encodings
2022-03-31 15:41:45.766 INFO Train - trainImages: storing the name and encoding in local dictionary
2022-03-31 15:41:45.766 INFO Train - trainImages: stored name and encodes in local dictionary
2022-03-31 15:41:45.766 INFO Train - trainImages: storing the name and encodings in mongodb
2022-03-31 15:41:45.767 INFO Train - trainImages: stored all name and encodes in mongodb
2022-03-31 15:41:45.767 INFO Train - trainImages: started loading images and finding their encodings
2022-03-31 15:41:45.767 INFO Train - trainImages: loading image
2022-03-31 15:41:45.769 DEBUG Train - trainImages: /home/vikasjoshis001/Desktop/Gestures/images_to_train/king in the north/index.jpeg
2022-03-31 15:41:45.769 INFO Train - trainImages: loading image done
2022-03-31 15:41:45.769 INFO Train - trainImages: finding the encoding of image
2022-03-31 15:41:45.837 INFO Train - trainImages: finding encoding of image is done
2022-03-31 15:41:45.837 INFO Train - trainImages: loading image
2022-03-31 15:41:45.838 DEBUG Train - trainImages: /home/vikasjoshis001/Desktop/Gestures/images_to_train/king in the north/index3.jpeg
2022-03-31 15:41:45.838 INFO Train - trainImages: loading image done
2022-03-31 15:41:45.838 INFO Train - trainImages: finding the encoding of image
2022-03-31 15:41:45.908 INFO Train - trainImages: finding encoding of image is done
2022-03-31 15:41:45.908 INFO Train - trainImages: loading image
2022-03-31 15:41:45.909 DEBUG Train - trainImages: /home/vikasjoshis001/Desktop/Gestures/images_to_train/king in the north/index5.jpeg
2022-03-31 15:41:45.909 INFO Train - trainImages: loading image done
2022-03-31 15:41:45.909 INFO Train - trainImages: finding the encoding of image
2022-03-31 15:41:45.978 INFO Train - trainImages: finding encoding of image is done
2022-03-31 15:41:45.978 INFO Train - trainImages: loading image
2022-03-31 15:41:45.979 DEBUG Train - trainImages: /home/vikasjoshis001/Desktop/Gestures/images_to_train/king in the north/index2.jpeg
2022-03-31 15:41:45.979 INFO Train - trainImages: loading image done
2022-03-31 15:41:45.979 INFO Train - trainImages: finding the encoding of image
2022-03-31 15:41:46.047 INFO Train - trainImages: finding encoding of image is done
2022-03-31 15:41:46.047 INFO Train - trainImages: loading image
2022-03-31 15:41:46.049 DEBUG Train - trainImages: /home/vikasjoshis001/Desktop/Gestures/images_to_train/king in the north/index4.jpeg
2022-03-31 15:41:46.049 INFO Train - trainImages: loading image done
2022-03-31 15:41:46.049 INFO Train - trainImages: finding the encoding of image
2022-03-31 15:41:46.118 INFO Train - trainImages: finding encoding of image is done
2022-03-31 15:41:46.118 INFO Train - trainImages: getting average of encodings of loaded images
2022-03-31 15:41:46.118 INFO Train - trainImages: done with getting average encodings
2022-03-31 15:41:46.118 INFO Train - trainImages: storing the name and encoding in local dictionary
2022-03-31 15:41:46.118 INFO Train - trainImages: stored name and encodes in local dictionary
2022-03-31 15:41:46.118 INFO Train - trainImages: storing the name and encodings in mongodb
2022-03-31 15:41:46.119 INFO Train - trainImages: stored all name and encodes in mongodb
2022-03-31 15:41:46.119 INFO Train - trainImages: started loading images and finding their encodings
2022-03-31 15:41:46.119 INFO Train - trainImages: loading image
2022-03-31 15:41:46.121 DEBUG Train - trainImages: /home/vikasjoshis001/Desktop/Gestures/images_to_train/arya stark/index.jpeg
2022-03-31 15:41:46.121 INFO Train - trainImages: loading image done
2022-03-31 15:41:46.121 INFO Train - trainImages: finding the encoding of image
2022-03-31 15:41:46.191 INFO Train - trainImages: finding encoding of image is done
2022-03-31 15:41:46.191 INFO Train - trainImages: loading image
2022-03-31 15:41:46.192 DEBUG Train - trainImages: /home/vikasjoshis001/Desktop/Gestures/images_to_train/arya stark/index3.jpeg
2022-03-31 15:41:46.193 INFO Train - trainImages: loading image done
2022-03-31 15:41:46.193 INFO Train - trainImages: finding the encoding of image
2022-03-31 15:41:46.260 INFO Train - trainImages: finding encoding of image is done
2022-03-31 15:41:46.260 INFO Train - trainImages: loading image
2022-03-31 15:41:46.261 DEBUG Train - trainImages: /home/vikasjoshis001/Desktop/Gestures/images_to_train/arya stark/index5.jpeg
2022-03-31 15:41:46.262 INFO Train - trainImages: loading image done
2022-03-31 15:41:46.262 INFO Train - trainImages: finding the encoding of image
2022-03-31 15:41:46.332 INFO Train - trainImages: finding encoding of image is done
2022-03-31 15:41:46.332 INFO Train - trainImages: loading image
2022-03-31 15:41:46.334 DEBUG Train - trainImages: /home/vikasjoshis001/Desktop/Gestures/images_to_train/arya stark/index2.jpeg
2022-03-31 15:41:46.334 INFO Train - trainImages: loading image done
2022-03-31 15:41:46.334 INFO Train - trainImages: finding the encoding of image
2022-03-31 15:41:46.402 INFO Train - trainImages: finding encoding of image is done
2022-03-31 15:41:46.402 INFO Train - trainImages: loading image
2022-03-31 15:41:46.404 DEBUG Train - trainImages: /home/vikasjoshis001/Desktop/Gestures/images_to_train/arya stark/images4.jpeg
2022-03-31 15:41:46.404 INFO Train - trainImages: loading image done
2022-03-31 15:41:46.404 INFO Train - trainImages: finding the encoding of image
2022-03-31 15:41:46.471 INFO Train - trainImages: finding encoding of image is done
2022-03-31 15:41:46.471 INFO Train - trainImages: getting average of encodings of loaded images
2022-03-31 15:41:46.472 INFO Train - trainImages: done with getting average encodings
2022-03-31 15:41:46.472 INFO Train - trainImages: storing the name and encoding in local dictionary
2022-03-31 15:41:46.472 INFO Train - trainImages: stored name and encodes in local dictionary
2022-03-31 15:41:46.472 INFO Train - trainImages: storing the name and encodings in mongodb
2022-03-31 15:41:46.472 INFO Train - trainImages: stored all name and encodes in mongodb
2022-03-31 15:41:46.473 INFO Train - trainImages: started loading images and finding their encodings
2022-03-31 15:41:46.473 INFO Train - trainImages: loading image
2022-03-31 15:41:46.477 DEBUG Train - trainImages: /home/vikasjoshis001/Desktop/Gestures/images_to_train/hbdhjvbxbh-2022-03-31 13:55:24.952640/hbdhjvbxbh.1fc00190-b0cc-11ec-95c9-353773ec36e1.jpeg
2022-03-31 15:41:46.477 INFO Train - trainImages: loading image done
2022-03-31 15:41:46.477 INFO Train - trainImages: finding the encoding of image
2022-03-31 15:41:46.656 INFO Train - trainImages: finding encoding of image is done
2022-03-31 15:41:46.656 INFO Train - trainImages: loading image
2022-03-31 15:41:46.660 DEBUG Train - trainImages: /home/vikasjoshis001/Desktop/Gestures/images_to_train/hbdhjvbxbh-2022-03-31 13:55:24.952640/hbdhjvbxbh.1d3f745b-b0cc-11ec-95c9-353773ec36e1.jpeg
2022-03-31 15:41:46.660 INFO Train - trainImages: loading image done
2022-03-31 15:41:46.660 INFO Train - trainImages: finding the encoding of image
2022-03-31 15:41:46.840 INFO Train - trainImages: finding encoding of image is done
2022-03-31 15:41:46.840 INFO Train - trainImages: loading image
2022-03-31 15:41:46.844 DEBUG Train - trainImages: /home/vikasjoshis001/Desktop/Gestures/images_to_train/hbdhjvbxbh-2022-03-31 13:55:24.952640/hbdhjvbxbh.1e898a3b-b0cc-11ec-95c9-353773ec36e1.jpeg
2022-03-31 15:41:46.844 INFO Train - trainImages: loading image done
2022-03-31 15:41:46.845 INFO Train - trainImages: finding the encoding of image
2022-03-31 15:41:47.025 INFO Train - trainImages: finding encoding of image is done
2022-03-31 15:41:47.026 INFO Train - trainImages: loading image
2022-03-31 15:41:47.030 DEBUG Train - trainImages: /home/vikasjoshis001/Desktop/Gestures/images_to_train/hbdhjvbxbh-2022-03-31 13:55:24.952640/hbdhjvbxbh.1e898a3a-b0cc-11ec-95c9-353773ec36e1.jpeg
2022-03-31 15:41:47.030 INFO Train - trainImages: loading image done
2022-03-31 15:41:47.030 INFO Train - trainImages: finding the encoding of image
2022-03-31 15:41:47.209 INFO Train - trainImages: finding encoding of image is done
2022-03-31 15:41:47.209 INFO Train - trainImages: loading image
2022-03-31 15:41:47.213 DEBUG Train - trainImages: /home/vikasjoshis001/Desktop/Gestures/images_to_train/hbdhjvbxbh-2022-03-31 13:55:24.952640/hbdhjvbxbh.1d3f745a-b0cc-11ec-95c9-353773ec36e1.jpeg
2022-03-31 15:41:47.213 INFO Train - trainImages: loading image done
2022-03-31 15:41:47.213 INFO Train - trainImages: finding the encoding of image
2022-03-31 15:41:47.398 INFO Train - trainImages: finding encoding of image is done
2022-03-31 15:41:47.398 INFO Train - trainImages: getting average of encodings of loaded images
2022-03-31 15:41:47.398 INFO Train - trainImages: done with getting average encodings
2022-03-31 15:41:47.398 INFO Train - trainImages: storing the name and encoding in local dictionary
2022-03-31 15:41:47.398 INFO Train - trainImages: stored name and encodes in local dictionary
2022-03-31 15:41:47.398 INFO Train - trainImages: storing the name and encodings in mongodb
2022-03-31 15:41:47.399 INFO Train - trainImages: stored all name and encodes in mongodb
