2022-02-25 16:07:30.670 INFO Train - trainImages: MongoDB database connected successfully
2022-02-25 16:07:30.675 INFO Train - trainImages: collected all folders in known_people folder
2022-02-25 16:07:30.675 DEBUG Train - trainImages: ['tyrion lannister', 'denerys targeryan', 'Vikas-2022-02-25 16:07:24.717561', 'Mangesh', 'cersie lannister', 'king in the north', 'arya stark']
2022-02-25 16:07:30.681 INFO Train - trainImages: collected all images from all folders in known_people folder
2022-02-25 16:07:30.681 DEBUG Train - trainImages: [['/home/vikasjoshis001/Desktop/FaceRecognition/images_to_train/tyrion lannister/images5.jpeg', '/home/vikasjoshis001/Desktop/FaceRecognition/images_to_train/tyrion lannister/index3.jpeg', '/home/vikasjoshis001/Desktop/FaceRecognition/images_to_train/tyrion lannister/index1.jpeg', '/home/vikasjoshis001/Desktop/FaceRecognition/images_to_train/tyrion lannister/index2.jpeg', '/home/vikasjoshis001/Desktop/FaceRecognition/images_to_train/tyrion lannister/index4.jpeg'], ['/home/vikasjoshis001/Desktop/FaceRecognition/images_to_train/denerys targeryan/index3.jpeg', '/home/vikasjoshis001/Desktop/FaceRecognition/images_to_train/denerys targeryan/index5.jpeg', '/home/vikasjoshis001/Desktop/FaceRecognition/images_to_train/denerys targeryan/index1.jpeg', '/home/vikasjoshis001/Desktop/FaceRecognition/images_to_train/denerys targeryan/index2.jpeg', '/home/vikasjoshis001/Desktop/FaceRecognition/images_to_train/denerys targeryan/index4.jpeg'], ['/home/vikasjoshis001/Desktop/FaceRecognition/images_to_train/Vikas-2022-02-25 16:07:24.717561/Vikas.ebc3f5ab-9626-11ec-b187-831d1efd77ea.jpeg', '/home/vikasjoshis001/Desktop/FaceRecognition/images_to_train/Vikas-2022-02-25 16:07:24.717561/Vikas.ed11f042-9626-11ec-b187-831d1efd77ea.jpeg', '/home/vikasjoshis001/Desktop/FaceRecognition/images_to_train/Vikas-2022-02-25 16:07:24.717561/Vikas.ebc3f5aa-9626-11ec-b187-831d1efd77ea.jpeg', '/home/vikasjoshis001/Desktop/FaceRecognition/images_to_train/Vikas-2022-02-25 16:07:24.717561/Vikas.ee4a00b2-9626-11ec-b187-831d1efd77ea.jpeg', '/home/vikasjoshis001/Desktop/FaceRecognition/images_to_train/Vikas-2022-02-25 16:07:24.717561/Vikas.ed11f043-9626-11ec-b187-831d1efd77ea.jpeg'], ['/home/vikasjoshis001/Desktop/FaceRecognition/images_to_train/Mangesh/Mangesh.3000c093-960c-11ec-a6b1-2f237028861a.jpeg', '/home/vikasjoshis001/Desktop/FaceRecognition/images_to_train/Mangesh/Mangesh.3283bb58-960c-11ec-a6b1-2f237028861a.jpeg', '/home/vikasjoshis001/Desktop/FaceRecognition/images_to_train/Mangesh/Mangesh.314bc26c-960c-11ec-a6b1-2f237028861a.jpeg', '/home/vikasjoshis001/Desktop/FaceRecognition/images_to_train/Mangesh/Mangesh.314bc26d-960c-11ec-a6b1-2f237028861a.jpeg', '/home/vikasjoshis001/Desktop/FaceRecognition/images_to_train/Mangesh/Mangesh.3000c092-960c-11ec-a6b1-2f237028861a.jpeg'], ['/home/vikasjoshis001/Desktop/FaceRecognition/images_to_train/cersie lannister/index3.jpeg', '/home/vikasjoshis001/Desktop/FaceRecognition/images_to_train/cersie lannister/index5.jpeg', '/home/vikasjoshis001/Desktop/FaceRecognition/images_to_train/cersie lannister/index2.jpeg', '/home/vikasjoshis001/Desktop/FaceRecognition/images_to_train/cersie lannister/index4.jpeg'], ['/home/vikasjoshis001/Desktop/FaceRecognition/images_to_train/king in the north/index.jpeg', '/home/vikasjoshis001/Desktop/FaceRecognition/images_to_train/king in the north/index3.jpeg', '/home/vikasjoshis001/Desktop/FaceRecognition/images_to_train/king in the north/index5.jpeg', '/home/vikasjoshis001/Desktop/FaceRecognition/images_to_train/king in the north/index2.jpeg', '/home/vikasjoshis001/Desktop/FaceRecognition/images_to_train/king in the north/index4.jpeg'], ['/home/vikasjoshis001/Desktop/FaceRecognition/images_to_train/arya stark/index.jpeg', '/home/vikasjoshis001/Desktop/FaceRecognition/images_to_train/arya stark/index3.jpeg', '/home/vikasjoshis001/Desktop/FaceRecognition/images_to_train/arya stark/index5.jpeg', '/home/vikasjoshis001/Desktop/FaceRecognition/images_to_train/arya stark/index2.jpeg', '/home/vikasjoshis001/Desktop/FaceRecognition/images_to_train/arya stark/images4.jpeg']]
2022-02-25 16:07:30.681 INFO Train - trainImages: started loading images and finding their encodings
2022-02-25 16:07:30.681 INFO Train - trainImages: loading image
2022-02-25 16:07:30.693 DEBUG Train - trainImages: /home/vikasjoshis001/Desktop/FaceRecognition/images_to_train/tyrion lannister/images5.jpeg
2022-02-25 16:07:30.693 INFO Train - trainImages: loading image done
2022-02-25 16:07:30.694 INFO Train - trainImages: finding the encoding of image
2022-02-25 16:07:30.779 INFO Train - trainImages: finding encoding of image is done
2022-02-25 16:07:30.779 INFO Train - trainImages: loading image
2022-02-25 16:07:30.779 DEBUG Train - trainImages: /home/vikasjoshis001/Desktop/FaceRecognition/images_to_train/tyrion lannister/index3.jpeg
2022-02-25 16:07:30.779 INFO Train - trainImages: loading image done
2022-02-25 16:07:30.779 INFO Train - trainImages: finding the encoding of image
2022-02-25 16:07:30.850 INFO Train - trainImages: finding encoding of image is done
2022-02-25 16:07:30.850 INFO Train - trainImages: loading image
2022-02-25 16:07:30.851 DEBUG Train - trainImages: /home/vikasjoshis001/Desktop/FaceRecognition/images_to_train/tyrion lannister/index1.jpeg
2022-02-25 16:07:30.851 INFO Train - trainImages: loading image done
2022-02-25 16:07:30.851 INFO Train - trainImages: finding the encoding of image
2022-02-25 16:07:30.927 INFO Train - trainImages: finding encoding of image is done
2022-02-25 16:07:30.927 INFO Train - trainImages: loading image
2022-02-25 16:07:30.927 DEBUG Train - trainImages: /home/vikasjoshis001/Desktop/FaceRecognition/images_to_train/tyrion lannister/index2.jpeg
2022-02-25 16:07:30.927 INFO Train - trainImages: loading image done
2022-02-25 16:07:30.927 INFO Train - trainImages: finding the encoding of image
2022-02-25 16:07:31.004 INFO Train - trainImages: finding encoding of image is done
2022-02-25 16:07:31.004 INFO Train - trainImages: loading image
2022-02-25 16:07:31.004 DEBUG Train - trainImages: /home/vikasjoshis001/Desktop/FaceRecognition/images_to_train/tyrion lannister/index4.jpeg
2022-02-25 16:07:31.004 INFO Train - trainImages: loading image done
2022-02-25 16:07:31.004 INFO Train - trainImages: finding the encoding of image
2022-02-25 16:07:31.083 INFO Train - trainImages: finding encoding of image is done
2022-02-25 16:07:31.083 INFO Train - trainImages: getting average of encodings of loaded images
2022-02-25 16:07:31.083 INFO Train - trainImages: done with getting average encodings
2022-02-25 16:07:31.083 INFO Train - trainImages: storing the name and encoding in local dictionary
2022-02-25 16:07:31.083 INFO Train - trainImages: stored name and encodes in local dictionary
2022-02-25 16:07:31.083 INFO Train - trainImages: storing the name and encodings in mongodb
2022-02-25 16:07:31.085 INFO Train - trainImages: stored all name and encodes in mongodb
2022-02-25 16:07:31.085 INFO Train - trainImages: started loading images and finding their encodings
2022-02-25 16:07:31.085 INFO Train - trainImages: loading image
2022-02-25 16:07:31.086 DEBUG Train - trainImages: /home/vikasjoshis001/Desktop/FaceRecognition/images_to_train/denerys targeryan/index3.jpeg
2022-02-25 16:07:31.086 INFO Train - trainImages: loading image done
2022-02-25 16:07:31.086 INFO Train - trainImages: finding the encoding of image
2022-02-25 16:07:31.180 INFO Train - trainImages: finding encoding of image is done
2022-02-25 16:07:31.180 INFO Train - trainImages: loading image
2022-02-25 16:07:31.181 DEBUG Train - trainImages: /home/vikasjoshis001/Desktop/FaceRecognition/images_to_train/denerys targeryan/index5.jpeg
2022-02-25 16:07:31.181 INFO Train - trainImages: loading image done
2022-02-25 16:07:31.181 INFO Train - trainImages: finding the encoding of image
2022-02-25 16:07:31.265 INFO Train - trainImages: finding encoding of image is done
2022-02-25 16:07:31.265 INFO Train - trainImages: loading image
2022-02-25 16:07:31.266 DEBUG Train - trainImages: /home/vikasjoshis001/Desktop/FaceRecognition/images_to_train/denerys targeryan/index1.jpeg
2022-02-25 16:07:31.266 INFO Train - trainImages: loading image done
2022-02-25 16:07:31.266 INFO Train - trainImages: finding the encoding of image
2022-02-25 16:07:31.358 INFO Train - trainImages: finding encoding of image is done
2022-02-25 16:07:31.358 INFO Train - trainImages: loading image
2022-02-25 16:07:31.358 DEBUG Train - trainImages: /home/vikasjoshis001/Desktop/FaceRecognition/images_to_train/denerys targeryan/index2.jpeg
2022-02-25 16:07:31.359 INFO Train - trainImages: loading image done
2022-02-25 16:07:31.359 INFO Train - trainImages: finding the encoding of image
2022-02-25 16:07:31.460 INFO Train - trainImages: finding encoding of image is done
2022-02-25 16:07:31.460 INFO Train - trainImages: loading image
2022-02-25 16:07:31.461 DEBUG Train - trainImages: /home/vikasjoshis001/Desktop/FaceRecognition/images_to_train/denerys targeryan/index4.jpeg
2022-02-25 16:07:31.461 INFO Train - trainImages: loading image done
2022-02-25 16:07:31.461 INFO Train - trainImages: finding the encoding of image
2022-02-25 16:07:31.582 INFO Train - trainImages: finding encoding of image is done
2022-02-25 16:07:31.582 INFO Train - trainImages: getting average of encodings of loaded images
2022-02-25 16:07:31.583 INFO Train - trainImages: done with getting average encodings
2022-02-25 16:07:31.584 INFO Train - trainImages: storing the name and encoding in local dictionary
2022-02-25 16:07:31.584 INFO Train - trainImages: stored name and encodes in local dictionary
2022-02-25 16:07:31.584 INFO Train - trainImages: storing the name and encodings in mongodb
2022-02-25 16:07:31.585 INFO Train - trainImages: stored all name and encodes in mongodb
2022-02-25 16:07:31.585 INFO Train - trainImages: started loading images and finding their encodings
2022-02-25 16:07:31.585 INFO Train - trainImages: loading image
2022-02-25 16:07:31.591 DEBUG Train - trainImages: /home/vikasjoshis001/Desktop/FaceRecognition/images_to_train/Vikas-2022-02-25 16:07:24.717561/Vikas.ebc3f5ab-9626-11ec-b187-831d1efd77ea.jpeg
2022-02-25 16:07:31.591 INFO Train - trainImages: loading image done
2022-02-25 16:07:31.591 INFO Train - trainImages: finding the encoding of image
2022-02-25 16:07:31.830 ERROR Train - trainImages: no face is detected in image
2022-02-25 16:07:31.830 INFO Train - trainImages: skiping to find encodes of this image
2022-02-25 16:07:31.830 INFO Train - trainImages: loading image
2022-02-25 16:07:31.834 DEBUG Train - trainImages: /home/vikasjoshis001/Desktop/FaceRecognition/images_to_train/Vikas-2022-02-25 16:07:24.717561/Vikas.ed11f042-9626-11ec-b187-831d1efd77ea.jpeg
2022-02-25 16:07:31.834 INFO Train - trainImages: loading image done
2022-02-25 16:07:31.834 INFO Train - trainImages: finding the encoding of image
2022-02-25 16:07:32.090 ERROR Train - trainImages: no face is detected in image
2022-02-25 16:07:32.091 INFO Train - trainImages: skiping to find encodes of this image
2022-02-25 16:07:32.091 INFO Train - trainImages: loading image
2022-02-25 16:07:32.094 DEBUG Train - trainImages: /home/vikasjoshis001/Desktop/FaceRecognition/images_to_train/Vikas-2022-02-25 16:07:24.717561/Vikas.ebc3f5aa-9626-11ec-b187-831d1efd77ea.jpeg
2022-02-25 16:07:32.094 INFO Train - trainImages: loading image done
2022-02-25 16:07:32.094 INFO Train - trainImages: finding the encoding of image
2022-02-25 16:07:32.506 INFO Train - trainImages: finding encoding of image is done
2022-02-25 16:07:32.506 INFO Train - trainImages: loading image
2022-02-25 16:07:32.510 DEBUG Train - trainImages: /home/vikasjoshis001/Desktop/FaceRecognition/images_to_train/Vikas-2022-02-25 16:07:24.717561/Vikas.ee4a00b2-9626-11ec-b187-831d1efd77ea.jpeg
2022-02-25 16:07:32.510 INFO Train - trainImages: loading image done
2022-02-25 16:07:32.510 INFO Train - trainImages: finding the encoding of image
2022-02-25 16:07:32.781 INFO Train - trainImages: finding encoding of image is done
2022-02-25 16:07:32.782 INFO Train - trainImages: loading image
2022-02-25 16:07:32.784 DEBUG Train - trainImages: /home/vikasjoshis001/Desktop/FaceRecognition/images_to_train/Vikas-2022-02-25 16:07:24.717561/Vikas.ed11f043-9626-11ec-b187-831d1efd77ea.jpeg
2022-02-25 16:07:32.784 INFO Train - trainImages: loading image done
2022-02-25 16:07:32.784 INFO Train - trainImages: finding the encoding of image
2022-02-25 16:07:33.006 INFO Train - trainImages: finding encoding of image is done
2022-02-25 16:07:33.006 INFO Train - trainImages: getting average of encodings of loaded images
2022-02-25 16:07:33.006 INFO Train - trainImages: done with getting average encodings
2022-02-25 16:07:33.006 INFO Train - trainImages: storing the name and encoding in local dictionary
2022-02-25 16:07:33.006 INFO Train - trainImages: stored name and encodes in local dictionary
2022-02-25 16:07:33.006 INFO Train - trainImages: storing the name and encodings in mongodb
2022-02-25 16:07:33.007 INFO Train - trainImages: stored all name and encodes in mongodb
2022-02-25 16:07:33.007 INFO Train - trainImages: started loading images and finding their encodings
2022-02-25 16:07:33.007 INFO Train - trainImages: loading image
2022-02-25 16:07:33.009 DEBUG Train - trainImages: /home/vikasjoshis001/Desktop/FaceRecognition/images_to_train/Mangesh/Mangesh.3000c093-960c-11ec-a6b1-2f237028861a.jpeg
2022-02-25 16:07:33.009 INFO Train - trainImages: loading image done
2022-02-25 16:07:33.009 INFO Train - trainImages: finding the encoding of image
2022-02-25 16:07:33.205 INFO Train - trainImages: finding encoding of image is done
2022-02-25 16:07:33.205 INFO Train - trainImages: loading image
2022-02-25 16:07:33.207 DEBUG Train - trainImages: /home/vikasjoshis001/Desktop/FaceRecognition/images_to_train/Mangesh/Mangesh.3283bb58-960c-11ec-a6b1-2f237028861a.jpeg
2022-02-25 16:07:33.207 INFO Train - trainImages: loading image done
2022-02-25 16:07:33.207 INFO Train - trainImages: finding the encoding of image
2022-02-25 16:07:33.399 INFO Train - trainImages: finding encoding of image is done
2022-02-25 16:07:33.399 INFO Train - trainImages: loading image
2022-02-25 16:07:33.402 DEBUG Train - trainImages: /home/vikasjoshis001/Desktop/FaceRecognition/images_to_train/Mangesh/Mangesh.314bc26c-960c-11ec-a6b1-2f237028861a.jpeg
2022-02-25 16:07:33.402 INFO Train - trainImages: loading image done
2022-02-25 16:07:33.402 INFO Train - trainImages: finding the encoding of image
2022-02-25 16:07:33.592 INFO Train - trainImages: finding encoding of image is done
2022-02-25 16:07:33.593 INFO Train - trainImages: loading image
2022-02-25 16:07:33.595 DEBUG Train - trainImages: /home/vikasjoshis001/Desktop/FaceRecognition/images_to_train/Mangesh/Mangesh.314bc26d-960c-11ec-a6b1-2f237028861a.jpeg
2022-02-25 16:07:33.595 INFO Train - trainImages: loading image done
2022-02-25 16:07:33.595 INFO Train - trainImages: finding the encoding of image
2022-02-25 16:07:33.785 INFO Train - trainImages: finding encoding of image is done
2022-02-25 16:07:33.785 INFO Train - trainImages: loading image
2022-02-25 16:07:33.787 DEBUG Train - trainImages: /home/vikasjoshis001/Desktop/FaceRecognition/images_to_train/Mangesh/Mangesh.3000c092-960c-11ec-a6b1-2f237028861a.jpeg
2022-02-25 16:07:33.787 INFO Train - trainImages: loading image done
2022-02-25 16:07:33.788 INFO Train - trainImages: finding the encoding of image
2022-02-25 16:07:33.976 INFO Train - trainImages: finding encoding of image is done
2022-02-25 16:07:33.976 INFO Train - trainImages: getting average of encodings of loaded images
2022-02-25 16:07:33.976 INFO Train - trainImages: done with getting average encodings
2022-02-25 16:07:33.976 INFO Train - trainImages: storing the name and encoding in local dictionary
2022-02-25 16:07:33.976 INFO Train - trainImages: stored name and encodes in local dictionary
2022-02-25 16:07:33.976 INFO Train - trainImages: storing the name and encodings in mongodb
2022-02-25 16:07:33.977 INFO Train - trainImages: stored all name and encodes in mongodb
2022-02-25 16:07:33.977 INFO Train - trainImages: started loading images and finding their encodings
2022-02-25 16:07:33.977 INFO Train - trainImages: loading image
2022-02-25 16:07:33.977 DEBUG Train - trainImages: /home/vikasjoshis001/Desktop/FaceRecognition/images_to_train/cersie lannister/index3.jpeg
2022-02-25 16:07:33.978 INFO Train - trainImages: loading image done
2022-02-25 16:07:33.978 INFO Train - trainImages: finding the encoding of image
2022-02-25 16:07:34.047 INFO Train - trainImages: finding encoding of image is done
2022-02-25 16:07:34.047 INFO Train - trainImages: loading image
2022-02-25 16:07:34.048 DEBUG Train - trainImages: /home/vikasjoshis001/Desktop/FaceRecognition/images_to_train/cersie lannister/index5.jpeg
2022-02-25 16:07:34.048 INFO Train - trainImages: loading image done
2022-02-25 16:07:34.048 INFO Train - trainImages: finding the encoding of image
2022-02-25 16:07:34.116 INFO Train - trainImages: finding encoding of image is done
2022-02-25 16:07:34.116 INFO Train - trainImages: loading image
2022-02-25 16:07:34.117 DEBUG Train - trainImages: /home/vikasjoshis001/Desktop/FaceRecognition/images_to_train/cersie lannister/index2.jpeg
2022-02-25 16:07:34.117 INFO Train - trainImages: loading image done
2022-02-25 16:07:34.117 INFO Train - trainImages: finding the encoding of image
2022-02-25 16:07:34.186 INFO Train - trainImages: finding encoding of image is done
2022-02-25 16:07:34.186 INFO Train - trainImages: loading image
2022-02-25 16:07:34.187 DEBUG Train - trainImages: /home/vikasjoshis001/Desktop/FaceRecognition/images_to_train/cersie lannister/index4.jpeg
2022-02-25 16:07:34.187 INFO Train - trainImages: loading image done
2022-02-25 16:07:34.187 INFO Train - trainImages: finding the encoding of image
2022-02-25 16:07:34.256 INFO Train - trainImages: finding encoding of image is done
2022-02-25 16:07:34.256 INFO Train - trainImages: getting average of encodings of loaded images
2022-02-25 16:07:34.256 INFO Train - trainImages: done with getting average encodings
2022-02-25 16:07:34.256 INFO Train - trainImages: storing the name and encoding in local dictionary
2022-02-25 16:07:34.256 INFO Train - trainImages: stored name and encodes in local dictionary
2022-02-25 16:07:34.256 INFO Train - trainImages: storing the name and encodings in mongodb
2022-02-25 16:07:34.257 INFO Train - trainImages: stored all name and encodes in mongodb
2022-02-25 16:07:34.257 INFO Train - trainImages: started loading images and finding their encodings
2022-02-25 16:07:34.257 INFO Train - trainImages: loading image
2022-02-25 16:07:34.257 DEBUG Train - trainImages: /home/vikasjoshis001/Desktop/FaceRecognition/images_to_train/king in the north/index.jpeg
2022-02-25 16:07:34.257 INFO Train - trainImages: loading image done
2022-02-25 16:07:34.257 INFO Train - trainImages: finding the encoding of image
2022-02-25 16:07:34.327 INFO Train - trainImages: finding encoding of image is done
2022-02-25 16:07:34.327 INFO Train - trainImages: loading image
2022-02-25 16:07:34.327 DEBUG Train - trainImages: /home/vikasjoshis001/Desktop/FaceRecognition/images_to_train/king in the north/index3.jpeg
2022-02-25 16:07:34.327 INFO Train - trainImages: loading image done
2022-02-25 16:07:34.327 INFO Train - trainImages: finding the encoding of image
2022-02-25 16:07:34.398 INFO Train - trainImages: finding encoding of image is done
2022-02-25 16:07:34.398 INFO Train - trainImages: loading image
2022-02-25 16:07:34.399 DEBUG Train - trainImages: /home/vikasjoshis001/Desktop/FaceRecognition/images_to_train/king in the north/index5.jpeg
2022-02-25 16:07:34.399 INFO Train - trainImages: loading image done
2022-02-25 16:07:34.399 INFO Train - trainImages: finding the encoding of image
2022-02-25 16:07:34.469 INFO Train - trainImages: finding encoding of image is done
2022-02-25 16:07:34.469 INFO Train - trainImages: loading image
2022-02-25 16:07:34.469 DEBUG Train - trainImages: /home/vikasjoshis001/Desktop/FaceRecognition/images_to_train/king in the north/index2.jpeg
2022-02-25 16:07:34.469 INFO Train - trainImages: loading image done
2022-02-25 16:07:34.469 INFO Train - trainImages: finding the encoding of image
2022-02-25 16:07:34.539 INFO Train - trainImages: finding encoding of image is done
2022-02-25 16:07:34.539 INFO Train - trainImages: loading image
2022-02-25 16:07:34.540 DEBUG Train - trainImages: /home/vikasjoshis001/Desktop/FaceRecognition/images_to_train/king in the north/index4.jpeg
2022-02-25 16:07:34.540 INFO Train - trainImages: loading image done
2022-02-25 16:07:34.540 INFO Train - trainImages: finding the encoding of image
2022-02-25 16:07:34.611 INFO Train - trainImages: finding encoding of image is done
2022-02-25 16:07:34.611 INFO Train - trainImages: getting average of encodings of loaded images
2022-02-25 16:07:34.611 INFO Train - trainImages: done with getting average encodings
2022-02-25 16:07:34.611 INFO Train - trainImages: storing the name and encoding in local dictionary
2022-02-25 16:07:34.611 INFO Train - trainImages: stored name and encodes in local dictionary
2022-02-25 16:07:34.611 INFO Train - trainImages: storing the name and encodings in mongodb
2022-02-25 16:07:34.612 INFO Train - trainImages: stored all name and encodes in mongodb
2022-02-25 16:07:34.612 INFO Train - trainImages: started loading images and finding their encodings
2022-02-25 16:07:34.612 INFO Train - trainImages: loading image
2022-02-25 16:07:34.613 DEBUG Train - trainImages: /home/vikasjoshis001/Desktop/FaceRecognition/images_to_train/arya stark/index.jpeg
2022-02-25 16:07:34.613 INFO Train - trainImages: loading image done
2022-02-25 16:07:34.613 INFO Train - trainImages: finding the encoding of image
2022-02-25 16:07:34.684 INFO Train - trainImages: finding encoding of image is done
2022-02-25 16:07:34.684 INFO Train - trainImages: loading image
2022-02-25 16:07:34.684 DEBUG Train - trainImages: /home/vikasjoshis001/Desktop/FaceRecognition/images_to_train/arya stark/index3.jpeg
2022-02-25 16:07:34.684 INFO Train - trainImages: loading image done
2022-02-25 16:07:34.685 INFO Train - trainImages: finding the encoding of image
2022-02-25 16:07:34.755 INFO Train - trainImages: finding encoding of image is done
2022-02-25 16:07:34.755 INFO Train - trainImages: loading image
2022-02-25 16:07:34.755 DEBUG Train - trainImages: /home/vikasjoshis001/Desktop/FaceRecognition/images_to_train/arya stark/index5.jpeg
2022-02-25 16:07:34.755 INFO Train - trainImages: loading image done
2022-02-25 16:07:34.755 INFO Train - trainImages: finding the encoding of image
2022-02-25 16:07:34.826 INFO Train - trainImages: finding encoding of image is done
2022-02-25 16:07:34.827 INFO Train - trainImages: loading image
2022-02-25 16:07:34.827 DEBUG Train - trainImages: /home/vikasjoshis001/Desktop/FaceRecognition/images_to_train/arya stark/index2.jpeg
2022-02-25 16:07:34.827 INFO Train - trainImages: loading image done
2022-02-25 16:07:34.827 INFO Train - trainImages: finding the encoding of image
2022-02-25 16:07:34.899 INFO Train - trainImages: finding encoding of image is done
2022-02-25 16:07:34.899 INFO Train - trainImages: loading image
2022-02-25 16:07:34.899 DEBUG Train - trainImages: /home/vikasjoshis001/Desktop/FaceRecognition/images_to_train/arya stark/images4.jpeg
2022-02-25 16:07:34.899 INFO Train - trainImages: loading image done
2022-02-25 16:07:34.899 INFO Train - trainImages: finding the encoding of image
2022-02-25 16:07:34.969 INFO Train - trainImages: finding encoding of image is done
2022-02-25 16:07:34.969 INFO Train - trainImages: getting average of encodings of loaded images
2022-02-25 16:07:34.969 INFO Train - trainImages: done with getting average encodings
2022-02-25 16:07:34.970 INFO Train - trainImages: storing the name and encoding in local dictionary
2022-02-25 16:07:34.970 INFO Train - trainImages: stored name and encodes in local dictionary
2022-02-25 16:07:34.970 INFO Train - trainImages: storing the name and encodings in mongodb
2022-02-25 16:07:34.970 INFO Train - trainImages: stored all name and encodes in mongodb
