2022-04-01 06:08:36.436 INFO Train - trainImages: MongoDB database connected successfully
2022-04-01 06:08:36.447 INFO Train - trainImages: collected all folders in known_people folder
2022-04-01 06:08:36.448 DEBUG Train - trainImages: ['tyrion lannister', 'denerys targeryan', 'Hello-2022-04-01 06:06:43.242173', 'cersie lannister', 'Vikas-2022-03-31 13:17:26.260103', 'king in the north', 'UIO-2022-04-01 06:08:24.896094', 'arya stark']
2022-04-01 06:08:36.450 INFO Train - trainImages: collected all images from all folders in known_people folder
2022-04-01 06:08:36.450 DEBUG Train - trainImages: [['/home/vikasjoshis001/Desktop/Gestures/images_to_train/tyrion lannister/images5.jpeg', '/home/vikasjoshis001/Desktop/Gestures/images_to_train/tyrion lannister/index3.jpeg', '/home/vikasjoshis001/Desktop/Gestures/images_to_train/tyrion lannister/index1.jpeg', '/home/vikasjoshis001/Desktop/Gestures/images_to_train/tyrion lannister/index2.jpeg', '/home/vikasjoshis001/Desktop/Gestures/images_to_train/tyrion lannister/index4.jpeg'], ['/home/vikasjoshis001/Desktop/Gestures/images_to_train/denerys targeryan/index3.jpeg', '/home/vikasjoshis001/Desktop/Gestures/images_to_train/denerys targeryan/index5.jpeg', '/home/vikasjoshis001/Desktop/Gestures/images_to_train/denerys targeryan/index1.jpeg', '/home/vikasjoshis001/Desktop/Gestures/images_to_train/denerys targeryan/index2.jpeg', '/home/vikasjoshis001/Desktop/Gestures/images_to_train/denerys targeryan/index4.jpeg'], ['/home/vikasjoshis001/Desktop/Gestures/images_to_train/Hello-2022-04-01 06:06:43.242173/Hello.cdd62f53-b153-11ec-ae44-cb6983774605.jpeg', '/home/vikasjoshis001/Desktop/Gestures/images_to_train/Hello-2022-04-01 06:06:43.242173/Hello.cf21c952-b153-11ec-ae44-cb6983774605.jpeg', '/home/vikasjoshis001/Desktop/Gestures/images_to_train/Hello-2022-04-01 06:06:43.242173/Hello.d0570634-b153-11ec-ae44-cb6983774605.jpeg', '/home/vikasjoshis001/Desktop/Gestures/images_to_train/Hello-2022-04-01 06:06:43.242173/Hello.cdd62f52-b153-11ec-ae44-cb6983774605.jpeg', '/home/vikasjoshis001/Desktop/Gestures/images_to_train/Hello-2022-04-01 06:06:43.242173/Hello.cf21c953-b153-11ec-ae44-cb6983774605.jpeg'], ['/home/vikasjoshis001/Desktop/Gestures/images_to_train/cersie lannister/index3.jpeg', '/home/vikasjoshis001/Desktop/Gestures/images_to_train/cersie lannister/index5.jpeg', '/home/vikasjoshis001/Desktop/Gestures/images_to_train/cersie lannister/index2.jpeg', '/home/vikasjoshis001/Desktop/Gestures/images_to_train/cersie lannister/index4.jpeg'], ['/home/vikasjoshis001/Desktop/Gestures/images_to_train/Vikas-2022-03-31 13:17:26.260103/Vikas.d18bc824-b0c6-11ec-95c9-353773ec36e1.jpeg', '/home/vikasjoshis001/Desktop/Gestures/images_to_train/Vikas-2022-03-31 13:17:26.260103/Vikas.d056c17b-b0c6-11ec-95c9-353773ec36e1.jpeg', '/home/vikasjoshis001/Desktop/Gestures/images_to_train/Vikas-2022-03-31 13:17:26.260103/Vikas.cf0c4b78-b0c6-11ec-95c9-353773ec36e1.jpeg', '/home/vikasjoshis001/Desktop/Gestures/images_to_train/Vikas-2022-03-31 13:17:26.260103/Vikas.cf0c4b79-b0c6-11ec-95c9-353773ec36e1.jpeg', '/home/vikasjoshis001/Desktop/Gestures/images_to_train/Vikas-2022-03-31 13:17:26.260103/Vikas.d056c17a-b0c6-11ec-95c9-353773ec36e1.jpeg'], ['/home/vikasjoshis001/Desktop/Gestures/images_to_train/king in the north/index.jpeg', '/home/vikasjoshis001/Desktop/Gestures/images_to_train/king in the north/index3.jpeg', '/home/vikasjoshis001/Desktop/Gestures/images_to_train/king in the north/index5.jpeg', '/home/vikasjoshis001/Desktop/Gestures/images_to_train/king in the north/index2.jpeg', '/home/vikasjoshis001/Desktop/Gestures/images_to_train/king in the north/index4.jpeg'], ['/home/vikasjoshis001/Desktop/Gestures/images_to_train/UIO-2022-04-01 06:08:24.896094/UIO.0a6d3245-b154-11ec-ae44-cb6983774605.jpeg', '/home/vikasjoshis001/Desktop/Gestures/images_to_train/UIO-2022-04-01 06:08:24.896094/UIO.0bbc7cb9-b154-11ec-ae44-cb6983774605.jpeg', '/home/vikasjoshis001/Desktop/Gestures/images_to_train/UIO-2022-04-01 06:08:24.896094/UIO.0bbc7cb8-b154-11ec-ae44-cb6983774605.jpeg', '/home/vikasjoshis001/Desktop/Gestures/images_to_train/UIO-2022-04-01 06:08:24.896094/UIO.0a6d3244-b154-11ec-ae44-cb6983774605.jpeg', '/home/vikasjoshis001/Desktop/Gestures/images_to_train/UIO-2022-04-01 06:08:24.896094/UIO.0cf136d2-b154-11ec-ae44-cb6983774605.jpeg'], ['/home/vikasjoshis001/Desktop/Gestures/images_to_train/arya stark/index.jpeg', '/home/vikasjoshis001/Desktop/Gestures/images_to_train/arya stark/index3.jpeg', '/home/vikasjoshis001/Desktop/Gestures/images_to_train/arya stark/index5.jpeg', '/home/vikasjoshis001/Desktop/Gestures/images_to_train/arya stark/index2.jpeg', '/home/vikasjoshis001/Desktop/Gestures/images_to_train/arya stark/images4.jpeg']]
2022-04-01 06:08:36.451 INFO Train - trainImages: started loading images and finding their encodings
2022-04-01 06:08:36.451 INFO Train - trainImages: loading image
2022-04-01 06:08:36.473 DEBUG Train - trainImages: /home/vikasjoshis001/Desktop/Gestures/images_to_train/tyrion lannister/images5.jpeg
2022-04-01 06:08:36.473 INFO Train - trainImages: loading image done
2022-04-01 06:08:36.473 INFO Train - trainImages: finding the encoding of image
2022-04-01 06:08:36.579 INFO Train - trainImages: finding encoding of image is done
2022-04-01 06:08:36.579 INFO Train - trainImages: loading image
2022-04-01 06:08:36.579 DEBUG Train - trainImages: /home/vikasjoshis001/Desktop/Gestures/images_to_train/tyrion lannister/index3.jpeg
2022-04-01 06:08:36.580 INFO Train - trainImages: loading image done
2022-04-01 06:08:36.580 INFO Train - trainImages: finding the encoding of image
2022-04-01 06:08:36.661 INFO Train - trainImages: finding encoding of image is done
2022-04-01 06:08:36.661 INFO Train - trainImages: loading image
2022-04-01 06:08:36.662 DEBUG Train - trainImages: /home/vikasjoshis001/Desktop/Gestures/images_to_train/tyrion lannister/index1.jpeg
2022-04-01 06:08:36.662 INFO Train - trainImages: loading image done
2022-04-01 06:08:36.662 INFO Train - trainImages: finding the encoding of image
2022-04-01 06:08:36.739 INFO Train - trainImages: finding encoding of image is done
2022-04-01 06:08:36.739 INFO Train - trainImages: loading image
2022-04-01 06:08:36.739 DEBUG Train - trainImages: /home/vikasjoshis001/Desktop/Gestures/images_to_train/tyrion lannister/index2.jpeg
2022-04-01 06:08:36.740 INFO Train - trainImages: loading image done
2022-04-01 06:08:36.740 INFO Train - trainImages: finding the encoding of image
2022-04-01 06:08:36.817 INFO Train - trainImages: finding encoding of image is done
2022-04-01 06:08:36.817 INFO Train - trainImages: loading image
2022-04-01 06:08:36.818 DEBUG Train - trainImages: /home/vikasjoshis001/Desktop/Gestures/images_to_train/tyrion lannister/index4.jpeg
2022-04-01 06:08:36.818 INFO Train - trainImages: loading image done
2022-04-01 06:08:36.818 INFO Train - trainImages: finding the encoding of image
2022-04-01 06:08:36.892 INFO Train - trainImages: finding encoding of image is done
2022-04-01 06:08:36.892 INFO Train - trainImages: getting average of encodings of loaded images
2022-04-01 06:08:36.892 INFO Train - trainImages: done with getting average encodings
2022-04-01 06:08:36.892 INFO Train - trainImages: storing the name and encoding in local dictionary
2022-04-01 06:08:36.892 INFO Train - trainImages: stored name and encodes in local dictionary
2022-04-01 06:08:36.892 INFO Train - trainImages: storing the name and encodings in mongodb
2022-04-01 06:08:36.894 INFO Train - trainImages: stored all name and encodes in mongodb
2022-04-01 06:08:36.894 INFO Train - trainImages: started loading images and finding their encodings
2022-04-01 06:08:36.894 INFO Train - trainImages: loading image
2022-04-01 06:08:36.895 DEBUG Train - trainImages: /home/vikasjoshis001/Desktop/Gestures/images_to_train/denerys targeryan/index3.jpeg
2022-04-01 06:08:36.895 INFO Train - trainImages: loading image done
2022-04-01 06:08:36.895 INFO Train - trainImages: finding the encoding of image
2022-04-01 06:08:36.970 INFO Train - trainImages: finding encoding of image is done
2022-04-01 06:08:36.971 INFO Train - trainImages: loading image
2022-04-01 06:08:36.971 DEBUG Train - trainImages: /home/vikasjoshis001/Desktop/Gestures/images_to_train/denerys targeryan/index5.jpeg
2022-04-01 06:08:36.971 INFO Train - trainImages: loading image done
2022-04-01 06:08:36.971 INFO Train - trainImages: finding the encoding of image
2022-04-01 06:08:37.062 INFO Train - trainImages: finding encoding of image is done
2022-04-01 06:08:37.062 INFO Train - trainImages: loading image
2022-04-01 06:08:37.063 DEBUG Train - trainImages: /home/vikasjoshis001/Desktop/Gestures/images_to_train/denerys targeryan/index1.jpeg
2022-04-01 06:08:37.063 INFO Train - trainImages: loading image done
2022-04-01 06:08:37.063 INFO Train - trainImages: finding the encoding of image
2022-04-01 06:08:37.144 INFO Train - trainImages: finding encoding of image is done
2022-04-01 06:08:37.144 INFO Train - trainImages: loading image
2022-04-01 06:08:37.145 DEBUG Train - trainImages: /home/vikasjoshis001/Desktop/Gestures/images_to_train/denerys targeryan/index2.jpeg
2022-04-01 06:08:37.145 INFO Train - trainImages: loading image done
2022-04-01 06:08:37.145 INFO Train - trainImages: finding the encoding of image
2022-04-01 06:08:37.221 INFO Train - trainImages: finding encoding of image is done
2022-04-01 06:08:37.221 INFO Train - trainImages: loading image
2022-04-01 06:08:37.222 DEBUG Train - trainImages: /home/vikasjoshis001/Desktop/Gestures/images_to_train/denerys targeryan/index4.jpeg
2022-04-01 06:08:37.222 INFO Train - trainImages: loading image done
2022-04-01 06:08:37.222 INFO Train - trainImages: finding the encoding of image
2022-04-01 06:08:37.297 INFO Train - trainImages: finding encoding of image is done
2022-04-01 06:08:37.297 INFO Train - trainImages: getting average of encodings of loaded images
2022-04-01 06:08:37.298 INFO Train - trainImages: done with getting average encodings
2022-04-01 06:08:37.298 INFO Train - trainImages: storing the name and encoding in local dictionary
2022-04-01 06:08:37.298 INFO Train - trainImages: stored name and encodes in local dictionary
2022-04-01 06:08:37.298 INFO Train - trainImages: storing the name and encodings in mongodb
2022-04-01 06:08:37.298 INFO Train - trainImages: stored all name and encodes in mongodb
2022-04-01 06:08:37.298 INFO Train - trainImages: started loading images and finding their encodings
2022-04-01 06:08:37.298 INFO Train - trainImages: loading image
2022-04-01 06:08:37.299 DEBUG Train - trainImages: /home/vikasjoshis001/Desktop/Gestures/images_to_train/Hello-2022-04-01 06:06:43.242173/Hello.cdd62f53-b153-11ec-ae44-cb6983774605.jpeg
2022-04-01 06:08:37.300 INFO Train - trainImages: loading image done
2022-04-01 06:08:37.300 INFO Train - trainImages: finding the encoding of image
2022-04-01 06:08:37.389 INFO Train - trainImages: finding encoding of image is done
2022-04-01 06:08:37.389 INFO Train - trainImages: loading image
2022-04-01 06:08:37.390 DEBUG Train - trainImages: /home/vikasjoshis001/Desktop/Gestures/images_to_train/Hello-2022-04-01 06:06:43.242173/Hello.cf21c952-b153-11ec-ae44-cb6983774605.jpeg
2022-04-01 06:08:37.390 INFO Train - trainImages: loading image done
2022-04-01 06:08:37.390 INFO Train - trainImages: finding the encoding of image
2022-04-01 06:08:37.480 INFO Train - trainImages: finding encoding of image is done
2022-04-01 06:08:37.480 INFO Train - trainImages: loading image
2022-04-01 06:08:37.481 DEBUG Train - trainImages: /home/vikasjoshis001/Desktop/Gestures/images_to_train/Hello-2022-04-01 06:06:43.242173/Hello.d0570634-b153-11ec-ae44-cb6983774605.jpeg
2022-04-01 06:08:37.481 INFO Train - trainImages: loading image done
2022-04-01 06:08:37.481 INFO Train - trainImages: finding the encoding of image
2022-04-01 06:08:37.572 INFO Train - trainImages: finding encoding of image is done
2022-04-01 06:08:37.572 INFO Train - trainImages: loading image
2022-04-01 06:08:37.573 DEBUG Train - trainImages: /home/vikasjoshis001/Desktop/Gestures/images_to_train/Hello-2022-04-01 06:06:43.242173/Hello.cdd62f52-b153-11ec-ae44-cb6983774605.jpeg
2022-04-01 06:08:37.573 INFO Train - trainImages: loading image done
2022-04-01 06:08:37.573 INFO Train - trainImages: finding the encoding of image
2022-04-01 06:08:37.659 INFO Train - trainImages: finding encoding of image is done
2022-04-01 06:08:37.659 INFO Train - trainImages: loading image
2022-04-01 06:08:37.660 DEBUG Train - trainImages: /home/vikasjoshis001/Desktop/Gestures/images_to_train/Hello-2022-04-01 06:06:43.242173/Hello.cf21c953-b153-11ec-ae44-cb6983774605.jpeg
2022-04-01 06:08:37.660 INFO Train - trainImages: loading image done
2022-04-01 06:08:37.660 INFO Train - trainImages: finding the encoding of image
2022-04-01 06:08:37.747 INFO Train - trainImages: finding encoding of image is done
2022-04-01 06:08:37.747 INFO Train - trainImages: getting average of encodings of loaded images
2022-04-01 06:08:37.747 INFO Train - trainImages: done with getting average encodings
2022-04-01 06:08:37.747 INFO Train - trainImages: storing the name and encoding in local dictionary
2022-04-01 06:08:37.747 INFO Train - trainImages: stored name and encodes in local dictionary
2022-04-01 06:08:37.747 INFO Train - trainImages: storing the name and encodings in mongodb
2022-04-01 06:08:37.748 INFO Train - trainImages: stored all name and encodes in mongodb
2022-04-01 06:08:37.748 INFO Train - trainImages: started loading images and finding their encodings
2022-04-01 06:08:37.748 INFO Train - trainImages: loading image
2022-04-01 06:08:37.749 DEBUG Train - trainImages: /home/vikasjoshis001/Desktop/Gestures/images_to_train/cersie lannister/index3.jpeg
2022-04-01 06:08:37.749 INFO Train - trainImages: loading image done
2022-04-01 06:08:37.749 INFO Train - trainImages: finding the encoding of image
2022-04-01 06:08:37.824 INFO Train - trainImages: finding encoding of image is done
2022-04-01 06:08:37.824 INFO Train - trainImages: loading image
2022-04-01 06:08:37.824 DEBUG Train - trainImages: /home/vikasjoshis001/Desktop/Gestures/images_to_train/cersie lannister/index5.jpeg
2022-04-01 06:08:37.825 INFO Train - trainImages: loading image done
2022-04-01 06:08:37.825 INFO Train - trainImages: finding the encoding of image
2022-04-01 06:08:37.899 INFO Train - trainImages: finding encoding of image is done
2022-04-01 06:08:37.899 INFO Train - trainImages: loading image
2022-04-01 06:08:37.900 DEBUG Train - trainImages: /home/vikasjoshis001/Desktop/Gestures/images_to_train/cersie lannister/index2.jpeg
2022-04-01 06:08:37.900 INFO Train - trainImages: loading image done
2022-04-01 06:08:37.900 INFO Train - trainImages: finding the encoding of image
2022-04-01 06:08:37.976 INFO Train - trainImages: finding encoding of image is done
2022-04-01 06:08:37.976 INFO Train - trainImages: loading image
2022-04-01 06:08:37.977 DEBUG Train - trainImages: /home/vikasjoshis001/Desktop/Gestures/images_to_train/cersie lannister/index4.jpeg
2022-04-01 06:08:37.977 INFO Train - trainImages: loading image done
2022-04-01 06:08:37.977 INFO Train - trainImages: finding the encoding of image
2022-04-01 06:08:38.053 INFO Train - trainImages: finding encoding of image is done
2022-04-01 06:08:38.053 INFO Train - trainImages: getting average of encodings of loaded images
2022-04-01 06:08:38.053 INFO Train - trainImages: done with getting average encodings
2022-04-01 06:08:38.053 INFO Train - trainImages: storing the name and encoding in local dictionary
2022-04-01 06:08:38.053 INFO Train - trainImages: stored name and encodes in local dictionary
2022-04-01 06:08:38.053 INFO Train - trainImages: storing the name and encodings in mongodb
2022-04-01 06:08:38.054 INFO Train - trainImages: stored all name and encodes in mongodb
2022-04-01 06:08:38.054 INFO Train - trainImages: started loading images and finding their encodings
2022-04-01 06:08:38.054 INFO Train - trainImages: loading image
2022-04-01 06:08:38.057 DEBUG Train - trainImages: /home/vikasjoshis001/Desktop/Gestures/images_to_train/Vikas-2022-03-31 13:17:26.260103/Vikas.d18bc824-b0c6-11ec-95c9-353773ec36e1.jpeg
2022-04-01 06:08:38.057 INFO Train - trainImages: loading image done
2022-04-01 06:08:38.057 INFO Train - trainImages: finding the encoding of image
2022-04-01 06:08:38.243 INFO Train - trainImages: finding encoding of image is done
2022-04-01 06:08:38.243 INFO Train - trainImages: loading image
2022-04-01 06:08:38.246 DEBUG Train - trainImages: /home/vikasjoshis001/Desktop/Gestures/images_to_train/Vikas-2022-03-31 13:17:26.260103/Vikas.d056c17b-b0c6-11ec-95c9-353773ec36e1.jpeg
2022-04-01 06:08:38.246 INFO Train - trainImages: loading image done
2022-04-01 06:08:38.246 INFO Train - trainImages: finding the encoding of image
2022-04-01 06:08:38.433 INFO Train - trainImages: finding encoding of image is done
2022-04-01 06:08:38.434 INFO Train - trainImages: loading image
2022-04-01 06:08:38.436 DEBUG Train - trainImages: /home/vikasjoshis001/Desktop/Gestures/images_to_train/Vikas-2022-03-31 13:17:26.260103/Vikas.cf0c4b78-b0c6-11ec-95c9-353773ec36e1.jpeg
2022-04-01 06:08:38.437 INFO Train - trainImages: loading image done
2022-04-01 06:08:38.437 INFO Train - trainImages: finding the encoding of image
2022-04-01 06:08:38.623 INFO Train - trainImages: finding encoding of image is done
2022-04-01 06:08:38.623 INFO Train - trainImages: loading image
2022-04-01 06:08:38.626 DEBUG Train - trainImages: /home/vikasjoshis001/Desktop/Gestures/images_to_train/Vikas-2022-03-31 13:17:26.260103/Vikas.cf0c4b79-b0c6-11ec-95c9-353773ec36e1.jpeg
2022-04-01 06:08:38.626 INFO Train - trainImages: loading image done
2022-04-01 06:08:38.626 INFO Train - trainImages: finding the encoding of image
2022-04-01 06:08:38.811 INFO Train - trainImages: finding encoding of image is done
2022-04-01 06:08:38.812 INFO Train - trainImages: loading image
2022-04-01 06:08:38.814 DEBUG Train - trainImages: /home/vikasjoshis001/Desktop/Gestures/images_to_train/Vikas-2022-03-31 13:17:26.260103/Vikas.d056c17a-b0c6-11ec-95c9-353773ec36e1.jpeg
2022-04-01 06:08:38.814 INFO Train - trainImages: loading image done
2022-04-01 06:08:38.814 INFO Train - trainImages: finding the encoding of image
2022-04-01 06:08:38.999 INFO Train - trainImages: finding encoding of image is done
2022-04-01 06:08:38.999 INFO Train - trainImages: getting average of encodings of loaded images
2022-04-01 06:08:38.999 INFO Train - trainImages: done with getting average encodings
2022-04-01 06:08:38.999 INFO Train - trainImages: storing the name and encoding in local dictionary
2022-04-01 06:08:38.999 INFO Train - trainImages: stored name and encodes in local dictionary
2022-04-01 06:08:38.999 INFO Train - trainImages: storing the name and encodings in mongodb
2022-04-01 06:08:39.000 INFO Train - trainImages: stored all name and encodes in mongodb
2022-04-01 06:08:39.000 INFO Train - trainImages: started loading images and finding their encodings
2022-04-01 06:08:39.000 INFO Train - trainImages: loading image
2022-04-01 06:08:39.001 DEBUG Train - trainImages: /home/vikasjoshis001/Desktop/Gestures/images_to_train/king in the north/index.jpeg
2022-04-01 06:08:39.001 INFO Train - trainImages: loading image done
2022-04-01 06:08:39.001 INFO Train - trainImages: finding the encoding of image
2022-04-01 06:08:39.079 INFO Train - trainImages: finding encoding of image is done
2022-04-01 06:08:39.080 INFO Train - trainImages: loading image
2022-04-01 06:08:39.080 DEBUG Train - trainImages: /home/vikasjoshis001/Desktop/Gestures/images_to_train/king in the north/index3.jpeg
2022-04-01 06:08:39.080 INFO Train - trainImages: loading image done
2022-04-01 06:08:39.080 INFO Train - trainImages: finding the encoding of image
2022-04-01 06:08:39.157 INFO Train - trainImages: finding encoding of image is done
2022-04-01 06:08:39.157 INFO Train - trainImages: loading image
2022-04-01 06:08:39.158 DEBUG Train - trainImages: /home/vikasjoshis001/Desktop/Gestures/images_to_train/king in the north/index5.jpeg
2022-04-01 06:08:39.158 INFO Train - trainImages: loading image done
2022-04-01 06:08:39.158 INFO Train - trainImages: finding the encoding of image
2022-04-01 06:08:39.234 INFO Train - trainImages: finding encoding of image is done
2022-04-01 06:08:39.234 INFO Train - trainImages: loading image
2022-04-01 06:08:39.235 DEBUG Train - trainImages: /home/vikasjoshis001/Desktop/Gestures/images_to_train/king in the north/index2.jpeg
2022-04-01 06:08:39.235 INFO Train - trainImages: loading image done
2022-04-01 06:08:39.235 INFO Train - trainImages: finding the encoding of image
2022-04-01 06:08:39.309 INFO Train - trainImages: finding encoding of image is done
2022-04-01 06:08:39.309 INFO Train - trainImages: loading image
2022-04-01 06:08:39.310 DEBUG Train - trainImages: /home/vikasjoshis001/Desktop/Gestures/images_to_train/king in the north/index4.jpeg
2022-04-01 06:08:39.310 INFO Train - trainImages: loading image done
2022-04-01 06:08:39.310 INFO Train - trainImages: finding the encoding of image
2022-04-01 06:08:39.387 INFO Train - trainImages: finding encoding of image is done
2022-04-01 06:08:39.387 INFO Train - trainImages: getting average of encodings of loaded images
2022-04-01 06:08:39.388 INFO Train - trainImages: done with getting average encodings
2022-04-01 06:08:39.388 INFO Train - trainImages: storing the name and encoding in local dictionary
2022-04-01 06:08:39.388 INFO Train - trainImages: stored name and encodes in local dictionary
2022-04-01 06:08:39.388 INFO Train - trainImages: storing the name and encodings in mongodb
2022-04-01 06:08:39.389 INFO Train - trainImages: stored all name and encodes in mongodb
2022-04-01 06:08:39.389 INFO Train - trainImages: started loading images and finding their encodings
2022-04-01 06:08:39.389 INFO Train - trainImages: loading image
2022-04-01 06:08:39.390 DEBUG Train - trainImages: /home/vikasjoshis001/Desktop/Gestures/images_to_train/UIO-2022-04-01 06:08:24.896094/UIO.0a6d3245-b154-11ec-ae44-cb6983774605.jpeg
2022-04-01 06:08:39.390 INFO Train - trainImages: loading image done
2022-04-01 06:08:39.390 INFO Train - trainImages: finding the encoding of image
2022-04-01 06:08:39.480 INFO Train - trainImages: finding encoding of image is done
2022-04-01 06:08:39.480 INFO Train - trainImages: loading image
2022-04-01 06:08:39.481 DEBUG Train - trainImages: /home/vikasjoshis001/Desktop/Gestures/images_to_train/UIO-2022-04-01 06:08:24.896094/UIO.0bbc7cb9-b154-11ec-ae44-cb6983774605.jpeg
2022-04-01 06:08:39.481 INFO Train - trainImages: loading image done
2022-04-01 06:08:39.481 INFO Train - trainImages: finding the encoding of image
2022-04-01 06:08:39.570 INFO Train - trainImages: finding encoding of image is done
2022-04-01 06:08:39.570 INFO Train - trainImages: loading image
2022-04-01 06:08:39.571 DEBUG Train - trainImages: /home/vikasjoshis001/Desktop/Gestures/images_to_train/UIO-2022-04-01 06:08:24.896094/UIO.0bbc7cb8-b154-11ec-ae44-cb6983774605.jpeg
2022-04-01 06:08:39.571 INFO Train - trainImages: loading image done
2022-04-01 06:08:39.571 INFO Train - trainImages: finding the encoding of image
2022-04-01 06:08:39.660 INFO Train - trainImages: finding encoding of image is done
2022-04-01 06:08:39.660 INFO Train - trainImages: loading image
2022-04-01 06:08:39.661 DEBUG Train - trainImages: /home/vikasjoshis001/Desktop/Gestures/images_to_train/UIO-2022-04-01 06:08:24.896094/UIO.0a6d3244-b154-11ec-ae44-cb6983774605.jpeg
2022-04-01 06:08:39.661 INFO Train - trainImages: loading image done
2022-04-01 06:08:39.661 INFO Train - trainImages: finding the encoding of image
2022-04-01 06:08:39.751 INFO Train - trainImages: finding encoding of image is done
2022-04-01 06:08:39.751 INFO Train - trainImages: loading image
2022-04-01 06:08:39.752 DEBUG Train - trainImages: /home/vikasjoshis001/Desktop/Gestures/images_to_train/UIO-2022-04-01 06:08:24.896094/UIO.0cf136d2-b154-11ec-ae44-cb6983774605.jpeg
2022-04-01 06:08:39.752 INFO Train - trainImages: loading image done
2022-04-01 06:08:39.752 INFO Train - trainImages: finding the encoding of image
2022-04-01 06:08:39.843 INFO Train - trainImages: finding encoding of image is done
2022-04-01 06:08:39.843 INFO Train - trainImages: getting average of encodings of loaded images
2022-04-01 06:08:39.844 INFO Train - trainImages: done with getting average encodings
2022-04-01 06:08:39.844 INFO Train - trainImages: storing the name and encoding in local dictionary
2022-04-01 06:08:39.844 INFO Train - trainImages: stored name and encodes in local dictionary
2022-04-01 06:08:39.844 INFO Train - trainImages: storing the name and encodings in mongodb
2022-04-01 06:08:39.844 INFO Train - trainImages: stored all name and encodes in mongodb
2022-04-01 06:08:39.845 INFO Train - trainImages: started loading images and finding their encodings
2022-04-01 06:08:39.845 INFO Train - trainImages: loading image
2022-04-01 06:08:39.845 DEBUG Train - trainImages: /home/vikasjoshis001/Desktop/Gestures/images_to_train/arya stark/index.jpeg
2022-04-01 06:08:39.845 INFO Train - trainImages: loading image done
2022-04-01 06:08:39.845 INFO Train - trainImages: finding the encoding of image
2022-04-01 06:08:39.928 INFO Train - trainImages: finding encoding of image is done
2022-04-01 06:08:39.928 INFO Train - trainImages: loading image
2022-04-01 06:08:39.929 DEBUG Train - trainImages: /home/vikasjoshis001/Desktop/Gestures/images_to_train/arya stark/index3.jpeg
2022-04-01 06:08:39.929 INFO Train - trainImages: loading image done
2022-04-01 06:08:39.929 INFO Train - trainImages: finding the encoding of image
2022-04-01 06:08:40.004 INFO Train - trainImages: finding encoding of image is done
2022-04-01 06:08:40.004 INFO Train - trainImages: loading image
2022-04-01 06:08:40.005 DEBUG Train - trainImages: /home/vikasjoshis001/Desktop/Gestures/images_to_train/arya stark/index5.jpeg
2022-04-01 06:08:40.005 INFO Train - trainImages: loading image done
2022-04-01 06:08:40.005 INFO Train - trainImages: finding the encoding of image
2022-04-01 06:08:40.085 INFO Train - trainImages: finding encoding of image is done
2022-04-01 06:08:40.085 INFO Train - trainImages: loading image
2022-04-01 06:08:40.086 DEBUG Train - trainImages: /home/vikasjoshis001/Desktop/Gestures/images_to_train/arya stark/index2.jpeg
2022-04-01 06:08:40.086 INFO Train - trainImages: loading image done
2022-04-01 06:08:40.086 INFO Train - trainImages: finding the encoding of image
2022-04-01 06:08:40.163 INFO Train - trainImages: finding encoding of image is done
2022-04-01 06:08:40.163 INFO Train - trainImages: loading image
2022-04-01 06:08:40.164 DEBUG Train - trainImages: /home/vikasjoshis001/Desktop/Gestures/images_to_train/arya stark/images4.jpeg
2022-04-01 06:08:40.164 INFO Train - trainImages: loading image done
2022-04-01 06:08:40.164 INFO Train - trainImages: finding the encoding of image
2022-04-01 06:08:40.240 INFO Train - trainImages: finding encoding of image is done
2022-04-01 06:08:40.240 INFO Train - trainImages: getting average of encodings of loaded images
2022-04-01 06:08:40.240 INFO Train - trainImages: done with getting average encodings
2022-04-01 06:08:40.240 INFO Train - trainImages: storing the name and encoding in local dictionary
2022-04-01 06:08:40.240 INFO Train - trainImages: stored name and encodes in local dictionary
2022-04-01 06:08:40.240 INFO Train - trainImages: storing the name and encodings in mongodb
2022-04-01 06:08:40.241 INFO Train - trainImages: stored all name and encodes in mongodb
