2022-11-21 11:39:15.613 INFO Train - trainImages: MongoDB database connected successfully
2022-11-21 11:39:15.618 INFO Train - trainImages: collected all folders in known_people folder
2022-11-21 11:39:15.618 DEBUG Train - trainImages: ['cersie lannister', 'Vikas Joshi-2022-11-21 11:39:02.878019', 'tyrion lannister', 'denerys targeryan', 'king in the north', 'arya stark']
2022-11-21 11:39:15.620 INFO Train - trainImages: collected all images from all folders in known_people folder
2022-11-21 11:39:15.621 DEBUG Train - trainImages: [['/home/vikasjoshis001/Files/Projects/My_Projects/Gestures/images_to_train/cersie lannister/index2.jpeg', '/home/vikasjoshis001/Files/Projects/My_Projects/Gestures/images_to_train/cersie lannister/index5.jpeg', '/home/vikasjoshis001/Files/Projects/My_Projects/Gestures/images_to_train/cersie lannister/index4.jpeg', '/home/vikasjoshis001/Files/Projects/My_Projects/Gestures/images_to_train/cersie lannister/index3.jpeg'], ['/home/vikasjoshis001/Files/Projects/My_Projects/Gestures/images_to_train/Vikas Joshi-2022-11-21 11:39:02.878019/Vikas Joshi.020dbee5-6963-11ed-a959-c3503bbca8e5.jpeg', '/home/vikasjoshis001/Files/Projects/My_Projects/Gestures/images_to_train/Vikas Joshi-2022-11-21 11:39:02.878019/Vikas Joshi.00d7e888-6963-11ed-a959-c3503bbca8e5.jpeg', '/home/vikasjoshis001/Files/Projects/My_Projects/Gestures/images_to_train/Vikas Joshi-2022-11-21 11:39:02.878019/Vikas Joshi.020dbee4-6963-11ed-a959-c3503bbca8e5.jpeg', '/home/vikasjoshis001/Files/Projects/My_Projects/Gestures/images_to_train/Vikas Joshi-2022-11-21 11:39:02.878019/Vikas Joshi.00d7e889-6963-11ed-a959-c3503bbca8e5.jpeg', '/home/vikasjoshis001/Files/Projects/My_Projects/Gestures/images_to_train/Vikas Joshi-2022-11-21 11:39:02.878019/Vikas Joshi.ff8196b4-6962-11ed-a959-c3503bbca8e5.jpeg'], ['/home/vikasjoshis001/Files/Projects/My_Projects/Gestures/images_to_train/tyrion lannister/index2.jpeg', '/home/vikasjoshis001/Files/Projects/My_Projects/Gestures/images_to_train/tyrion lannister/index4.jpeg', '/home/vikasjoshis001/Files/Projects/My_Projects/Gestures/images_to_train/tyrion lannister/index1.jpeg', '/home/vikasjoshis001/Files/Projects/My_Projects/Gestures/images_to_train/tyrion lannister/index3.jpeg', '/home/vikasjoshis001/Files/Projects/My_Projects/Gestures/images_to_train/tyrion lannister/images5.jpeg'], ['/home/vikasjoshis001/Files/Projects/My_Projects/Gestures/images_to_train/denerys targeryan/index2.jpeg', '/home/vikasjoshis001/Files/Projects/My_Projects/Gestures/images_to_train/denerys targeryan/index5.jpeg', '/home/vikasjoshis001/Files/Projects/My_Projects/Gestures/images_to_train/denerys targeryan/index4.jpeg', '/home/vikasjoshis001/Files/Projects/My_Projects/Gestures/images_to_train/denerys targeryan/index1.jpeg', '/home/vikasjoshis001/Files/Projects/My_Projects/Gestures/images_to_train/denerys targeryan/index3.jpeg'], ['/home/vikasjoshis001/Files/Projects/My_Projects/Gestures/images_to_train/king in the north/index2.jpeg', '/home/vikasjoshis001/Files/Projects/My_Projects/Gestures/images_to_train/king in the north/index5.jpeg', '/home/vikasjoshis001/Files/Projects/My_Projects/Gestures/images_to_train/king in the north/index4.jpeg', '/home/vikasjoshis001/Files/Projects/My_Projects/Gestures/images_to_train/king in the north/index3.jpeg', '/home/vikasjoshis001/Files/Projects/My_Projects/Gestures/images_to_train/king in the north/index.jpeg'], ['/home/vikasjoshis001/Files/Projects/My_Projects/Gestures/images_to_train/arya stark/images4.jpeg', '/home/vikasjoshis001/Files/Projects/My_Projects/Gestures/images_to_train/arya stark/index2.jpeg', '/home/vikasjoshis001/Files/Projects/My_Projects/Gestures/images_to_train/arya stark/index5.jpeg', '/home/vikasjoshis001/Files/Projects/My_Projects/Gestures/images_to_train/arya stark/index3.jpeg', '/home/vikasjoshis001/Files/Projects/My_Projects/Gestures/images_to_train/arya stark/index.jpeg']]
2022-11-21 11:39:15.621 INFO Train - trainImages: started loading images and finding their encodings
2022-11-21 11:39:15.621 INFO Train - trainImages: loading image
2022-11-21 11:39:15.629 DEBUG Train - trainImages: /home/vikasjoshis001/Files/Projects/My_Projects/Gestures/images_to_train/cersie lannister/index2.jpeg
2022-11-21 11:39:15.629 INFO Train - trainImages: loading image done
2022-11-21 11:39:15.629 INFO Train - trainImages: finding the encoding of image
2022-11-21 11:39:15.754 INFO Train - trainImages: finding encoding of image is done
2022-11-21 11:39:15.754 INFO Train - trainImages: loading image
2022-11-21 11:39:15.754 DEBUG Train - trainImages: /home/vikasjoshis001/Files/Projects/My_Projects/Gestures/images_to_train/cersie lannister/index5.jpeg
2022-11-21 11:39:15.754 INFO Train - trainImages: loading image done
2022-11-21 11:39:15.755 INFO Train - trainImages: finding the encoding of image
2022-11-21 11:39:15.876 INFO Train - trainImages: finding encoding of image is done
2022-11-21 11:39:15.877 INFO Train - trainImages: loading image
2022-11-21 11:39:15.877 DEBUG Train - trainImages: /home/vikasjoshis001/Files/Projects/My_Projects/Gestures/images_to_train/cersie lannister/index4.jpeg
2022-11-21 11:39:15.877 INFO Train - trainImages: loading image done
2022-11-21 11:39:15.877 INFO Train - trainImages: finding the encoding of image
2022-11-21 11:39:16.000 INFO Train - trainImages: finding encoding of image is done
2022-11-21 11:39:16.000 INFO Train - trainImages: loading image
2022-11-21 11:39:16.001 DEBUG Train - trainImages: /home/vikasjoshis001/Files/Projects/My_Projects/Gestures/images_to_train/cersie lannister/index3.jpeg
2022-11-21 11:39:16.001 INFO Train - trainImages: loading image done
2022-11-21 11:39:16.001 INFO Train - trainImages: finding the encoding of image
2022-11-21 11:39:16.123 INFO Train - trainImages: finding encoding of image is done
2022-11-21 11:39:16.123 INFO Train - trainImages: getting average of encodings of loaded images
2022-11-21 11:39:16.123 INFO Train - trainImages: done with getting average encodings
2022-11-21 11:39:16.123 INFO Train - trainImages: storing the name and encoding in local dictionary
2022-11-21 11:39:16.123 INFO Train - trainImages: stored name and encodes in local dictionary
2022-11-21 11:39:16.123 INFO Train - trainImages: storing the name and encodings in mongodb
2022-11-21 11:39:16.124 INFO Train - trainImages: stored all name and encodes in mongodb
2022-11-21 11:39:16.125 INFO Train - trainImages: started loading images and finding their encodings
2022-11-21 11:39:16.125 INFO Train - trainImages: loading image
2022-11-21 11:39:16.125 DEBUG Train - trainImages: /home/vikasjoshis001/Files/Projects/My_Projects/Gestures/images_to_train/Vikas Joshi-2022-11-21 11:39:02.878019/Vikas Joshi.020dbee5-6963-11ed-a959-c3503bbca8e5.jpeg
2022-11-21 11:39:16.125 INFO Train - trainImages: loading image done
2022-11-21 11:39:16.125 INFO Train - trainImages: finding the encoding of image
2022-11-21 11:39:16.261 INFO Train - trainImages: finding encoding of image is done
2022-11-21 11:39:16.261 INFO Train - trainImages: loading image
2022-11-21 11:39:16.262 DEBUG Train - trainImages: /home/vikasjoshis001/Files/Projects/My_Projects/Gestures/images_to_train/Vikas Joshi-2022-11-21 11:39:02.878019/Vikas Joshi.00d7e888-6963-11ed-a959-c3503bbca8e5.jpeg
2022-11-21 11:39:16.262 INFO Train - trainImages: loading image done
2022-11-21 11:39:16.262 INFO Train - trainImages: finding the encoding of image
2022-11-21 11:39:16.397 INFO Train - trainImages: finding encoding of image is done
2022-11-21 11:39:16.397 INFO Train - trainImages: loading image
2022-11-21 11:39:16.398 DEBUG Train - trainImages: /home/vikasjoshis001/Files/Projects/My_Projects/Gestures/images_to_train/Vikas Joshi-2022-11-21 11:39:02.878019/Vikas Joshi.020dbee4-6963-11ed-a959-c3503bbca8e5.jpeg
2022-11-21 11:39:16.398 INFO Train - trainImages: loading image done
2022-11-21 11:39:16.398 INFO Train - trainImages: finding the encoding of image
2022-11-21 11:39:16.534 INFO Train - trainImages: finding encoding of image is done
2022-11-21 11:39:16.534 INFO Train - trainImages: loading image
2022-11-21 11:39:16.535 DEBUG Train - trainImages: /home/vikasjoshis001/Files/Projects/My_Projects/Gestures/images_to_train/Vikas Joshi-2022-11-21 11:39:02.878019/Vikas Joshi.00d7e889-6963-11ed-a959-c3503bbca8e5.jpeg
2022-11-21 11:39:16.535 INFO Train - trainImages: loading image done
2022-11-21 11:39:16.535 INFO Train - trainImages: finding the encoding of image
2022-11-21 11:39:16.671 INFO Train - trainImages: finding encoding of image is done
2022-11-21 11:39:16.671 INFO Train - trainImages: loading image
2022-11-21 11:39:16.672 DEBUG Train - trainImages: /home/vikasjoshis001/Files/Projects/My_Projects/Gestures/images_to_train/Vikas Joshi-2022-11-21 11:39:02.878019/Vikas Joshi.ff8196b4-6962-11ed-a959-c3503bbca8e5.jpeg
2022-11-21 11:39:16.672 INFO Train - trainImages: loading image done
2022-11-21 11:39:16.672 INFO Train - trainImages: finding the encoding of image
2022-11-21 11:39:16.806 INFO Train - trainImages: finding encoding of image is done
2022-11-21 11:39:16.806 INFO Train - trainImages: getting average of encodings of loaded images
2022-11-21 11:39:16.807 INFO Train - trainImages: done with getting average encodings
2022-11-21 11:39:16.807 INFO Train - trainImages: storing the name and encoding in local dictionary
2022-11-21 11:39:16.807 INFO Train - trainImages: stored name and encodes in local dictionary
2022-11-21 11:39:16.807 INFO Train - trainImages: storing the name and encodings in mongodb
2022-11-21 11:39:16.807 INFO Train - trainImages: stored all name and encodes in mongodb
2022-11-21 11:39:16.808 INFO Train - trainImages: started loading images and finding their encodings
2022-11-21 11:39:16.808 INFO Train - trainImages: loading image
2022-11-21 11:39:16.808 DEBUG Train - trainImages: /home/vikasjoshis001/Files/Projects/My_Projects/Gestures/images_to_train/tyrion lannister/index2.jpeg
2022-11-21 11:39:16.808 INFO Train - trainImages: loading image done
2022-11-21 11:39:16.808 INFO Train - trainImages: finding the encoding of image
2022-11-21 11:39:16.930 INFO Train - trainImages: finding encoding of image is done
2022-11-21 11:39:16.930 INFO Train - trainImages: loading image
2022-11-21 11:39:16.930 DEBUG Train - trainImages: /home/vikasjoshis001/Files/Projects/My_Projects/Gestures/images_to_train/tyrion lannister/index4.jpeg
2022-11-21 11:39:16.930 INFO Train - trainImages: loading image done
2022-11-21 11:39:16.930 INFO Train - trainImages: finding the encoding of image
2022-11-21 11:39:17.052 INFO Train - trainImages: finding encoding of image is done
2022-11-21 11:39:17.052 INFO Train - trainImages: loading image
2022-11-21 11:39:17.052 DEBUG Train - trainImages: /home/vikasjoshis001/Files/Projects/My_Projects/Gestures/images_to_train/tyrion lannister/index1.jpeg
2022-11-21 11:39:17.052 INFO Train - trainImages: loading image done
2022-11-21 11:39:17.052 INFO Train - trainImages: finding the encoding of image
2022-11-21 11:39:17.173 INFO Train - trainImages: finding encoding of image is done
2022-11-21 11:39:17.173 INFO Train - trainImages: loading image
2022-11-21 11:39:17.174 DEBUG Train - trainImages: /home/vikasjoshis001/Files/Projects/My_Projects/Gestures/images_to_train/tyrion lannister/index3.jpeg
2022-11-21 11:39:17.174 INFO Train - trainImages: loading image done
2022-11-21 11:39:17.174 INFO Train - trainImages: finding the encoding of image
2022-11-21 11:39:17.294 INFO Train - trainImages: finding encoding of image is done
2022-11-21 11:39:17.294 INFO Train - trainImages: loading image
2022-11-21 11:39:17.294 DEBUG Train - trainImages: /home/vikasjoshis001/Files/Projects/My_Projects/Gestures/images_to_train/tyrion lannister/images5.jpeg
2022-11-21 11:39:17.294 INFO Train - trainImages: loading image done
2022-11-21 11:39:17.294 INFO Train - trainImages: finding the encoding of image
2022-11-21 11:39:17.417 INFO Train - trainImages: finding encoding of image is done
2022-11-21 11:39:17.417 INFO Train - trainImages: getting average of encodings of loaded images
2022-11-21 11:39:17.418 INFO Train - trainImages: done with getting average encodings
2022-11-21 11:39:17.418 INFO Train - trainImages: storing the name and encoding in local dictionary
2022-11-21 11:39:17.418 INFO Train - trainImages: stored name and encodes in local dictionary
2022-11-21 11:39:17.418 INFO Train - trainImages: storing the name and encodings in mongodb
2022-11-21 11:39:17.419 INFO Train - trainImages: stored all name and encodes in mongodb
2022-11-21 11:39:17.419 INFO Train - trainImages: started loading images and finding their encodings
2022-11-21 11:39:17.419 INFO Train - trainImages: loading image
2022-11-21 11:39:17.419 DEBUG Train - trainImages: /home/vikasjoshis001/Files/Projects/My_Projects/Gestures/images_to_train/denerys targeryan/index2.jpeg
2022-11-21 11:39:17.419 INFO Train - trainImages: loading image done
2022-11-21 11:39:17.419 INFO Train - trainImages: finding the encoding of image
2022-11-21 11:39:17.543 INFO Train - trainImages: finding encoding of image is done
2022-11-21 11:39:17.543 INFO Train - trainImages: loading image
2022-11-21 11:39:17.544 DEBUG Train - trainImages: /home/vikasjoshis001/Files/Projects/My_Projects/Gestures/images_to_train/denerys targeryan/index5.jpeg
2022-11-21 11:39:17.544 INFO Train - trainImages: loading image done
2022-11-21 11:39:17.544 INFO Train - trainImages: finding the encoding of image
2022-11-21 11:39:17.665 INFO Train - trainImages: finding encoding of image is done
2022-11-21 11:39:17.665 INFO Train - trainImages: loading image
2022-11-21 11:39:17.666 DEBUG Train - trainImages: /home/vikasjoshis001/Files/Projects/My_Projects/Gestures/images_to_train/denerys targeryan/index4.jpeg
2022-11-21 11:39:17.666 INFO Train - trainImages: loading image done
2022-11-21 11:39:17.666 INFO Train - trainImages: finding the encoding of image
2022-11-21 11:39:17.786 INFO Train - trainImages: finding encoding of image is done
2022-11-21 11:39:17.786 INFO Train - trainImages: loading image
2022-11-21 11:39:17.787 DEBUG Train - trainImages: /home/vikasjoshis001/Files/Projects/My_Projects/Gestures/images_to_train/denerys targeryan/index1.jpeg
2022-11-21 11:39:17.787 INFO Train - trainImages: loading image done
2022-11-21 11:39:17.787 INFO Train - trainImages: finding the encoding of image
2022-11-21 11:39:17.910 INFO Train - trainImages: finding encoding of image is done
2022-11-21 11:39:17.910 INFO Train - trainImages: loading image
2022-11-21 11:39:17.910 DEBUG Train - trainImages: /home/vikasjoshis001/Files/Projects/My_Projects/Gestures/images_to_train/denerys targeryan/index3.jpeg
2022-11-21 11:39:17.910 INFO Train - trainImages: loading image done
2022-11-21 11:39:17.910 INFO Train - trainImages: finding the encoding of image
2022-11-21 11:39:18.034 INFO Train - trainImages: finding encoding of image is done
2022-11-21 11:39:18.034 INFO Train - trainImages: getting average of encodings of loaded images
2022-11-21 11:39:18.034 INFO Train - trainImages: done with getting average encodings
2022-11-21 11:39:18.034 INFO Train - trainImages: storing the name and encoding in local dictionary
2022-11-21 11:39:18.034 INFO Train - trainImages: stored name and encodes in local dictionary
2022-11-21 11:39:18.034 INFO Train - trainImages: storing the name and encodings in mongodb
2022-11-21 11:39:18.035 INFO Train - trainImages: stored all name and encodes in mongodb
2022-11-21 11:39:18.035 INFO Train - trainImages: started loading images and finding their encodings
2022-11-21 11:39:18.035 INFO Train - trainImages: loading image
2022-11-21 11:39:18.036 DEBUG Train - trainImages: /home/vikasjoshis001/Files/Projects/My_Projects/Gestures/images_to_train/king in the north/index2.jpeg
2022-11-21 11:39:18.036 INFO Train - trainImages: loading image done
2022-11-21 11:39:18.036 INFO Train - trainImages: finding the encoding of image
2022-11-21 11:39:18.160 INFO Train - trainImages: finding encoding of image is done
2022-11-21 11:39:18.160 INFO Train - trainImages: loading image
2022-11-21 11:39:18.160 DEBUG Train - trainImages: /home/vikasjoshis001/Files/Projects/My_Projects/Gestures/images_to_train/king in the north/index5.jpeg
2022-11-21 11:39:18.161 INFO Train - trainImages: loading image done
2022-11-21 11:39:18.161 INFO Train - trainImages: finding the encoding of image
2022-11-21 11:39:18.283 INFO Train - trainImages: finding encoding of image is done
2022-11-21 11:39:18.283 INFO Train - trainImages: loading image
2022-11-21 11:39:18.284 DEBUG Train - trainImages: /home/vikasjoshis001/Files/Projects/My_Projects/Gestures/images_to_train/king in the north/index4.jpeg
2022-11-21 11:39:18.284 INFO Train - trainImages: loading image done
2022-11-21 11:39:18.284 INFO Train - trainImages: finding the encoding of image
2022-11-21 11:39:18.409 INFO Train - trainImages: finding encoding of image is done
2022-11-21 11:39:18.409 INFO Train - trainImages: loading image
2022-11-21 11:39:18.410 DEBUG Train - trainImages: /home/vikasjoshis001/Files/Projects/My_Projects/Gestures/images_to_train/king in the north/index3.jpeg
2022-11-21 11:39:18.410 INFO Train - trainImages: loading image done
2022-11-21 11:39:18.410 INFO Train - trainImages: finding the encoding of image
2022-11-21 11:39:18.533 INFO Train - trainImages: finding encoding of image is done
2022-11-21 11:39:18.533 INFO Train - trainImages: loading image
2022-11-21 11:39:18.533 DEBUG Train - trainImages: /home/vikasjoshis001/Files/Projects/My_Projects/Gestures/images_to_train/king in the north/index.jpeg
2022-11-21 11:39:18.533 INFO Train - trainImages: loading image done
2022-11-21 11:39:18.533 INFO Train - trainImages: finding the encoding of image
2022-11-21 11:39:18.654 INFO Train - trainImages: finding encoding of image is done
2022-11-21 11:39:18.654 INFO Train - trainImages: getting average of encodings of loaded images
2022-11-21 11:39:18.655 INFO Train - trainImages: done with getting average encodings
2022-11-21 11:39:18.655 INFO Train - trainImages: storing the name and encoding in local dictionary
2022-11-21 11:39:18.655 INFO Train - trainImages: stored name and encodes in local dictionary
2022-11-21 11:39:18.655 INFO Train - trainImages: storing the name and encodings in mongodb
2022-11-21 11:39:18.656 INFO Train - trainImages: stored all name and encodes in mongodb
2022-11-21 11:39:18.656 INFO Train - trainImages: started loading images and finding their encodings
2022-11-21 11:39:18.656 INFO Train - trainImages: loading image
2022-11-21 11:39:18.656 DEBUG Train - trainImages: /home/vikasjoshis001/Files/Projects/My_Projects/Gestures/images_to_train/arya stark/images4.jpeg
2022-11-21 11:39:18.656 INFO Train - trainImages: loading image done
2022-11-21 11:39:18.656 INFO Train - trainImages: finding the encoding of image
2022-11-21 11:39:18.778 INFO Train - trainImages: finding encoding of image is done
2022-11-21 11:39:18.778 INFO Train - trainImages: loading image
2022-11-21 11:39:18.779 DEBUG Train - trainImages: /home/vikasjoshis001/Files/Projects/My_Projects/Gestures/images_to_train/arya stark/index2.jpeg
2022-11-21 11:39:18.779 INFO Train - trainImages: loading image done
2022-11-21 11:39:18.779 INFO Train - trainImages: finding the encoding of image
2022-11-21 11:39:18.901 INFO Train - trainImages: finding encoding of image is done
2022-11-21 11:39:18.901 INFO Train - trainImages: loading image
2022-11-21 11:39:18.902 DEBUG Train - trainImages: /home/vikasjoshis001/Files/Projects/My_Projects/Gestures/images_to_train/arya stark/index5.jpeg
2022-11-21 11:39:18.902 INFO Train - trainImages: loading image done
2022-11-21 11:39:18.902 INFO Train - trainImages: finding the encoding of image
2022-11-21 11:39:19.028 INFO Train - trainImages: finding encoding of image is done
2022-11-21 11:39:19.028 INFO Train - trainImages: loading image
2022-11-21 11:39:19.029 DEBUG Train - trainImages: /home/vikasjoshis001/Files/Projects/My_Projects/Gestures/images_to_train/arya stark/index3.jpeg
2022-11-21 11:39:19.029 INFO Train - trainImages: loading image done
2022-11-21 11:39:19.029 INFO Train - trainImages: finding the encoding of image
2022-11-21 11:39:19.151 INFO Train - trainImages: finding encoding of image is done
2022-11-21 11:39:19.151 INFO Train - trainImages: loading image
2022-11-21 11:39:19.152 DEBUG Train - trainImages: /home/vikasjoshis001/Files/Projects/My_Projects/Gestures/images_to_train/arya stark/index.jpeg
2022-11-21 11:39:19.152 INFO Train - trainImages: loading image done
2022-11-21 11:39:19.152 INFO Train - trainImages: finding the encoding of image
2022-11-21 11:39:19.278 INFO Train - trainImages: finding encoding of image is done
2022-11-21 11:39:19.279 INFO Train - trainImages: getting average of encodings of loaded images
2022-11-21 11:39:19.279 INFO Train - trainImages: done with getting average encodings
2022-11-21 11:39:19.279 INFO Train - trainImages: storing the name and encoding in local dictionary
2022-11-21 11:39:19.279 INFO Train - trainImages: stored name and encodes in local dictionary
2022-11-21 11:39:19.279 INFO Train - trainImages: storing the name and encodings in mongodb
2022-11-21 11:39:19.280 INFO Train - trainImages: stored all name and encodes in mongodb
