2022-02-25 12:52:52.587 INFO Train - trainImages: MongoDB database connected successfully
2022-02-25 12:52:52.587 INFO Train - trainImages: collected all folders in known_people folder
2022-02-25 12:52:52.587 DEBUG Train - trainImages: ['tyrion lannister', 'denerys targeryan', 'Vikas', 'cersie lannister', 'king in the north', 'Dilip', 'arya stark']
2022-02-25 12:52:52.588 INFO Train - trainImages: collected all images from all folders in known_people folder
2022-02-25 12:52:52.588 DEBUG Train - trainImages: [['/home/vikasjoshis001/Desktop/FaceRecognition/images_to_train/tyrion lannister/images5.jpeg', '/home/vikasjoshis001/Desktop/FaceRecognition/images_to_train/tyrion lannister/index3.jpeg', '/home/vikasjoshis001/Desktop/FaceRecognition/images_to_train/tyrion lannister/index1.jpeg', '/home/vikasjoshis001/Desktop/FaceRecognition/images_to_train/tyrion lannister/index2.jpeg', '/home/vikasjoshis001/Desktop/FaceRecognition/images_to_train/tyrion lannister/index4.jpeg'], ['/home/vikasjoshis001/Desktop/FaceRecognition/images_to_train/denerys targeryan/index3.jpeg', '/home/vikasjoshis001/Desktop/FaceRecognition/images_to_train/denerys targeryan/index5.jpeg', '/home/vikasjoshis001/Desktop/FaceRecognition/images_to_train/denerys targeryan/index1.jpeg', '/home/vikasjoshis001/Desktop/FaceRecognition/images_to_train/denerys targeryan/index2.jpeg', '/home/vikasjoshis001/Desktop/FaceRecognition/images_to_train/denerys targeryan/index4.jpeg'], ['/home/vikasjoshis001/Desktop/FaceRecognition/images_to_train/Vikas/Vikas.84d6ce74-960a-11ec-a6b1-2f237028861a.jpeg', '/home/vikasjoshis001/Desktop/FaceRecognition/images_to_train/Vikas/Vikas.838f35a7-960a-11ec-a6b1-2f237028861a.jpeg', '/home/vikasjoshis001/Desktop/FaceRecognition/images_to_train/Vikas/Vikas.82375616-960a-11ec-a6b1-2f237028861a.jpeg', '/home/vikasjoshis001/Desktop/FaceRecognition/images_to_train/Vikas/Vikas.838f35a6-960a-11ec-a6b1-2f237028861a.jpeg', '/home/vikasjoshis001/Desktop/FaceRecognition/images_to_train/Vikas/Vikas.82375617-960a-11ec-a6b1-2f237028861a.jpeg'], ['/home/vikasjoshis001/Desktop/FaceRecognition/images_to_train/cersie lannister/index3.jpeg', '/home/vikasjoshis001/Desktop/FaceRecognition/images_to_train/cersie lannister/index5.jpeg', '/home/vikasjoshis001/Desktop/FaceRecognition/images_to_train/cersie lannister/index2.jpeg', '/home/vikasjoshis001/Desktop/FaceRecognition/images_to_train/cersie lannister/index4.jpeg'], ['/home/vikasjoshis001/Desktop/FaceRecognition/images_to_train/king in the north/index.jpeg', '/home/vikasjoshis001/Desktop/FaceRecognition/images_to_train/king in the north/index3.jpeg', '/home/vikasjoshis001/Desktop/FaceRecognition/images_to_train/king in the north/index5.jpeg', '/home/vikasjoshis001/Desktop/FaceRecognition/images_to_train/king in the north/index2.jpeg', '/home/vikasjoshis001/Desktop/FaceRecognition/images_to_train/king in the north/index4.jpeg'], ['/home/vikasjoshis001/Desktop/FaceRecognition/images_to_train/Dilip/Dilip.bb08a071-960b-11ec-a6b1-2f237028861a.jpeg', '/home/vikasjoshis001/Desktop/FaceRecognition/images_to_train/Dilip/Dilip.bd9ab864-960b-11ec-a6b1-2f237028861a.jpeg', '/home/vikasjoshis001/Desktop/FaceRecognition/images_to_train/Dilip/Dilip.bc53bde8-960b-11ec-a6b1-2f237028861a.jpeg', '/home/vikasjoshis001/Desktop/FaceRecognition/images_to_train/Dilip/Dilip.bb08a070-960b-11ec-a6b1-2f237028861a.jpeg', '/home/vikasjoshis001/Desktop/FaceRecognition/images_to_train/Dilip/Dilip.bc53bde9-960b-11ec-a6b1-2f237028861a.jpeg'], ['/home/vikasjoshis001/Desktop/FaceRecognition/images_to_train/arya stark/index.jpeg', '/home/vikasjoshis001/Desktop/FaceRecognition/images_to_train/arya stark/index3.jpeg', '/home/vikasjoshis001/Desktop/FaceRecognition/images_to_train/arya stark/index5.jpeg', '/home/vikasjoshis001/Desktop/FaceRecognition/images_to_train/arya stark/index2.jpeg', '/home/vikasjoshis001/Desktop/FaceRecognition/images_to_train/arya stark/images4.jpeg']]
2022-02-25 12:52:52.588 INFO Train - trainImages: started loading images and finding their encodings
2022-02-25 12:52:52.588 INFO Train - trainImages: loading image
2022-02-25 12:52:52.598 DEBUG Train - trainImages: /home/vikasjoshis001/Desktop/FaceRecognition/images_to_train/tyrion lannister/images5.jpeg
2022-02-25 12:52:52.599 INFO Train - trainImages: loading image done
2022-02-25 12:52:52.599 INFO Train - trainImages: finding the encoding of image
2022-02-25 12:52:52.677 INFO Train - trainImages: finding encoding of image is done
2022-02-25 12:52:52.678 INFO Train - trainImages: loading image
2022-02-25 12:52:52.678 DEBUG Train - trainImages: /home/vikasjoshis001/Desktop/FaceRecognition/images_to_train/tyrion lannister/index3.jpeg
2022-02-25 12:52:52.678 INFO Train - trainImages: loading image done
2022-02-25 12:52:52.678 INFO Train - trainImages: finding the encoding of image
2022-02-25 12:52:52.742 INFO Train - trainImages: finding encoding of image is done
2022-02-25 12:52:52.743 INFO Train - trainImages: loading image
2022-02-25 12:52:52.743 DEBUG Train - trainImages: /home/vikasjoshis001/Desktop/FaceRecognition/images_to_train/tyrion lannister/index1.jpeg
2022-02-25 12:52:52.743 INFO Train - trainImages: loading image done
2022-02-25 12:52:52.743 INFO Train - trainImages: finding the encoding of image
2022-02-25 12:52:52.808 INFO Train - trainImages: finding encoding of image is done
2022-02-25 12:52:52.808 INFO Train - trainImages: loading image
2022-02-25 12:52:52.809 DEBUG Train - trainImages: /home/vikasjoshis001/Desktop/FaceRecognition/images_to_train/tyrion lannister/index2.jpeg
2022-02-25 12:52:52.809 INFO Train - trainImages: loading image done
2022-02-25 12:52:52.809 INFO Train - trainImages: finding the encoding of image
2022-02-25 12:52:52.875 INFO Train - trainImages: finding encoding of image is done
2022-02-25 12:52:52.875 INFO Train - trainImages: loading image
2022-02-25 12:52:52.876 DEBUG Train - trainImages: /home/vikasjoshis001/Desktop/FaceRecognition/images_to_train/tyrion lannister/index4.jpeg
2022-02-25 12:52:52.876 INFO Train - trainImages: loading image done
2022-02-25 12:52:52.876 INFO Train - trainImages: finding the encoding of image
2022-02-25 12:52:52.958 INFO Train - trainImages: finding encoding of image is done
2022-02-25 12:52:52.958 INFO Train - trainImages: getting average of encodings of loaded images
2022-02-25 12:52:52.959 INFO Train - trainImages: done with getting average encodings
2022-02-25 12:52:52.959 INFO Train - trainImages: storing the name and encoding in local dictionary
2022-02-25 12:52:52.959 INFO Train - trainImages: stored name and encodes in local dictionary
2022-02-25 12:52:52.959 INFO Train - trainImages: storing the name and encodings in mongodb
2022-02-25 12:52:52.960 INFO Train - trainImages: stored all name and encodes in mongodb
2022-02-25 12:52:52.960 INFO Train - trainImages: started loading images and finding their encodings
2022-02-25 12:52:52.961 INFO Train - trainImages: loading image
2022-02-25 12:52:52.961 DEBUG Train - trainImages: /home/vikasjoshis001/Desktop/FaceRecognition/images_to_train/denerys targeryan/index3.jpeg
2022-02-25 12:52:52.961 INFO Train - trainImages: loading image done
2022-02-25 12:52:52.961 INFO Train - trainImages: finding the encoding of image
2022-02-25 12:52:53.059 INFO Train - trainImages: finding encoding of image is done
2022-02-25 12:52:53.059 INFO Train - trainImages: loading image
2022-02-25 12:52:53.060 DEBUG Train - trainImages: /home/vikasjoshis001/Desktop/FaceRecognition/images_to_train/denerys targeryan/index5.jpeg
2022-02-25 12:52:53.060 INFO Train - trainImages: loading image done
2022-02-25 12:52:53.060 INFO Train - trainImages: finding the encoding of image
2022-02-25 12:52:53.135 INFO Train - trainImages: finding encoding of image is done
2022-02-25 12:52:53.135 INFO Train - trainImages: loading image
2022-02-25 12:52:53.136 DEBUG Train - trainImages: /home/vikasjoshis001/Desktop/FaceRecognition/images_to_train/denerys targeryan/index1.jpeg
2022-02-25 12:52:53.136 INFO Train - trainImages: loading image done
2022-02-25 12:52:53.136 INFO Train - trainImages: finding the encoding of image
2022-02-25 12:52:53.203 INFO Train - trainImages: finding encoding of image is done
2022-02-25 12:52:53.203 INFO Train - trainImages: loading image
2022-02-25 12:52:53.203 DEBUG Train - trainImages: /home/vikasjoshis001/Desktop/FaceRecognition/images_to_train/denerys targeryan/index2.jpeg
2022-02-25 12:52:53.203 INFO Train - trainImages: loading image done
2022-02-25 12:52:53.203 INFO Train - trainImages: finding the encoding of image
2022-02-25 12:52:53.270 INFO Train - trainImages: finding encoding of image is done
2022-02-25 12:52:53.270 INFO Train - trainImages: loading image
2022-02-25 12:52:53.270 DEBUG Train - trainImages: /home/vikasjoshis001/Desktop/FaceRecognition/images_to_train/denerys targeryan/index4.jpeg
2022-02-25 12:52:53.270 INFO Train - trainImages: loading image done
2022-02-25 12:52:53.270 INFO Train - trainImages: finding the encoding of image
2022-02-25 12:52:53.358 INFO Train - trainImages: finding encoding of image is done
2022-02-25 12:52:53.358 INFO Train - trainImages: getting average of encodings of loaded images
2022-02-25 12:52:53.358 INFO Train - trainImages: done with getting average encodings
2022-02-25 12:52:53.358 INFO Train - trainImages: storing the name and encoding in local dictionary
2022-02-25 12:52:53.358 INFO Train - trainImages: stored name and encodes in local dictionary
2022-02-25 12:52:53.359 INFO Train - trainImages: storing the name and encodings in mongodb
2022-02-25 12:52:53.359 INFO Train - trainImages: stored all name and encodes in mongodb
2022-02-25 12:52:53.360 INFO Train - trainImages: started loading images and finding their encodings
2022-02-25 12:52:53.360 INFO Train - trainImages: loading image
2022-02-25 12:52:53.363 DEBUG Train - trainImages: /home/vikasjoshis001/Desktop/FaceRecognition/images_to_train/Vikas/Vikas.84d6ce74-960a-11ec-a6b1-2f237028861a.jpeg
2022-02-25 12:52:53.363 INFO Train - trainImages: loading image done
2022-02-25 12:52:53.363 INFO Train - trainImages: finding the encoding of image
2022-02-25 12:52:53.589 ERROR Train - trainImages: no face is detected in image
2022-02-25 12:52:53.589 INFO Train - trainImages: skiping to find encodes of this image
2022-02-25 12:52:53.590 INFO Train - trainImages: loading image
2022-02-25 12:52:53.593 DEBUG Train - trainImages: /home/vikasjoshis001/Desktop/FaceRecognition/images_to_train/Vikas/Vikas.838f35a7-960a-11ec-a6b1-2f237028861a.jpeg
2022-02-25 12:52:53.593 INFO Train - trainImages: loading image done
2022-02-25 12:52:53.593 INFO Train - trainImages: finding the encoding of image
2022-02-25 12:52:53.809 ERROR Train - trainImages: no face is detected in image
2022-02-25 12:52:53.809 INFO Train - trainImages: skiping to find encodes of this image
2022-02-25 12:52:53.809 INFO Train - trainImages: loading image
2022-02-25 12:52:53.818 DEBUG Train - trainImages: /home/vikasjoshis001/Desktop/FaceRecognition/images_to_train/Vikas/Vikas.82375616-960a-11ec-a6b1-2f237028861a.jpeg
2022-02-25 12:52:53.819 INFO Train - trainImages: loading image done
2022-02-25 12:52:53.819 INFO Train - trainImages: finding the encoding of image
2022-02-25 12:52:54.179 INFO Train - trainImages: finding encoding of image is done
2022-02-25 12:52:54.179 INFO Train - trainImages: loading image
2022-02-25 12:52:54.182 DEBUG Train - trainImages: /home/vikasjoshis001/Desktop/FaceRecognition/images_to_train/Vikas/Vikas.838f35a6-960a-11ec-a6b1-2f237028861a.jpeg
2022-02-25 12:52:54.182 INFO Train - trainImages: loading image done
2022-02-25 12:52:54.182 INFO Train - trainImages: finding the encoding of image
2022-02-25 12:52:54.334 ERROR Train - trainImages: no face is detected in image
2022-02-25 12:52:54.334 INFO Train - trainImages: skiping to find encodes of this image
2022-02-25 12:52:54.335 INFO Train - trainImages: loading image
2022-02-25 12:52:54.337 DEBUG Train - trainImages: /home/vikasjoshis001/Desktop/FaceRecognition/images_to_train/Vikas/Vikas.82375617-960a-11ec-a6b1-2f237028861a.jpeg
2022-02-25 12:52:54.337 INFO Train - trainImages: loading image done
2022-02-25 12:52:54.337 INFO Train - trainImages: finding the encoding of image
2022-02-25 12:52:54.516 INFO Train - trainImages: finding encoding of image is done
2022-02-25 12:52:54.516 INFO Train - trainImages: getting average of encodings of loaded images
2022-02-25 12:52:54.516 INFO Train - trainImages: done with getting average encodings
2022-02-25 12:52:54.516 INFO Train - trainImages: storing the name and encoding in local dictionary
2022-02-25 12:52:54.516 INFO Train - trainImages: stored name and encodes in local dictionary
2022-02-25 12:52:54.516 INFO Train - trainImages: storing the name and encodings in mongodb
2022-02-25 12:52:54.517 INFO Train - trainImages: stored all name and encodes in mongodb
2022-02-25 12:52:54.517 INFO Train - trainImages: started loading images and finding their encodings
2022-02-25 12:52:54.517 INFO Train - trainImages: loading image
2022-02-25 12:52:54.517 DEBUG Train - trainImages: /home/vikasjoshis001/Desktop/FaceRecognition/images_to_train/cersie lannister/index3.jpeg
2022-02-25 12:52:54.517 INFO Train - trainImages: loading image done
2022-02-25 12:52:54.517 INFO Train - trainImages: finding the encoding of image
2022-02-25 12:52:54.581 INFO Train - trainImages: finding encoding of image is done
2022-02-25 12:52:54.581 INFO Train - trainImages: loading image
2022-02-25 12:52:54.582 DEBUG Train - trainImages: /home/vikasjoshis001/Desktop/FaceRecognition/images_to_train/cersie lannister/index5.jpeg
2022-02-25 12:52:54.582 INFO Train - trainImages: loading image done
2022-02-25 12:52:54.582 INFO Train - trainImages: finding the encoding of image
2022-02-25 12:52:54.648 INFO Train - trainImages: finding encoding of image is done
2022-02-25 12:52:54.648 INFO Train - trainImages: loading image
2022-02-25 12:52:54.648 DEBUG Train - trainImages: /home/vikasjoshis001/Desktop/FaceRecognition/images_to_train/cersie lannister/index2.jpeg
2022-02-25 12:52:54.648 INFO Train - trainImages: loading image done
2022-02-25 12:52:54.648 INFO Train - trainImages: finding the encoding of image
2022-02-25 12:52:54.714 INFO Train - trainImages: finding encoding of image is done
2022-02-25 12:52:54.714 INFO Train - trainImages: loading image
2022-02-25 12:52:54.714 DEBUG Train - trainImages: /home/vikasjoshis001/Desktop/FaceRecognition/images_to_train/cersie lannister/index4.jpeg
2022-02-25 12:52:54.714 INFO Train - trainImages: loading image done
2022-02-25 12:52:54.714 INFO Train - trainImages: finding the encoding of image
2022-02-25 12:52:54.779 INFO Train - trainImages: finding encoding of image is done
2022-02-25 12:52:54.780 INFO Train - trainImages: getting average of encodings of loaded images
2022-02-25 12:52:54.780 INFO Train - trainImages: done with getting average encodings
2022-02-25 12:52:54.780 INFO Train - trainImages: storing the name and encoding in local dictionary
2022-02-25 12:52:54.780 INFO Train - trainImages: stored name and encodes in local dictionary
2022-02-25 12:52:54.780 INFO Train - trainImages: storing the name and encodings in mongodb
2022-02-25 12:52:54.781 INFO Train - trainImages: stored all name and encodes in mongodb
2022-02-25 12:52:54.781 INFO Train - trainImages: started loading images and finding their encodings
2022-02-25 12:52:54.781 INFO Train - trainImages: loading image
2022-02-25 12:52:54.781 DEBUG Train - trainImages: /home/vikasjoshis001/Desktop/FaceRecognition/images_to_train/king in the north/index.jpeg
2022-02-25 12:52:54.781 INFO Train - trainImages: loading image done
2022-02-25 12:52:54.781 INFO Train - trainImages: finding the encoding of image
2022-02-25 12:52:54.846 INFO Train - trainImages: finding encoding of image is done
2022-02-25 12:52:54.846 INFO Train - trainImages: loading image
2022-02-25 12:52:54.847 DEBUG Train - trainImages: /home/vikasjoshis001/Desktop/FaceRecognition/images_to_train/king in the north/index3.jpeg
2022-02-25 12:52:54.847 INFO Train - trainImages: loading image done
2022-02-25 12:52:54.847 INFO Train - trainImages: finding the encoding of image
2022-02-25 12:52:54.913 INFO Train - trainImages: finding encoding of image is done
2022-02-25 12:52:54.913 INFO Train - trainImages: loading image
2022-02-25 12:52:54.913 DEBUG Train - trainImages: /home/vikasjoshis001/Desktop/FaceRecognition/images_to_train/king in the north/index5.jpeg
2022-02-25 12:52:54.913 INFO Train - trainImages: loading image done
2022-02-25 12:52:54.913 INFO Train - trainImages: finding the encoding of image
2022-02-25 12:52:54.978 INFO Train - trainImages: finding encoding of image is done
2022-02-25 12:52:54.978 INFO Train - trainImages: loading image
2022-02-25 12:52:54.978 DEBUG Train - trainImages: /home/vikasjoshis001/Desktop/FaceRecognition/images_to_train/king in the north/index2.jpeg
2022-02-25 12:52:54.979 INFO Train - trainImages: loading image done
2022-02-25 12:52:54.979 INFO Train - trainImages: finding the encoding of image
2022-02-25 12:52:55.047 INFO Train - trainImages: finding encoding of image is done
2022-02-25 12:52:55.047 INFO Train - trainImages: loading image
2022-02-25 12:52:55.048 DEBUG Train - trainImages: /home/vikasjoshis001/Desktop/FaceRecognition/images_to_train/king in the north/index4.jpeg
2022-02-25 12:52:55.048 INFO Train - trainImages: loading image done
2022-02-25 12:52:55.048 INFO Train - trainImages: finding the encoding of image
2022-02-25 12:52:55.115 INFO Train - trainImages: finding encoding of image is done
2022-02-25 12:52:55.115 INFO Train - trainImages: getting average of encodings of loaded images
2022-02-25 12:52:55.115 INFO Train - trainImages: done with getting average encodings
2022-02-25 12:52:55.115 INFO Train - trainImages: storing the name and encoding in local dictionary
2022-02-25 12:52:55.115 INFO Train - trainImages: stored name and encodes in local dictionary
2022-02-25 12:52:55.115 INFO Train - trainImages: storing the name and encodings in mongodb
2022-02-25 12:52:55.116 INFO Train - trainImages: stored all name and encodes in mongodb
2022-02-25 12:52:55.116 INFO Train - trainImages: started loading images and finding their encodings
2022-02-25 12:52:55.116 INFO Train - trainImages: loading image
2022-02-25 12:52:55.118 DEBUG Train - trainImages: /home/vikasjoshis001/Desktop/FaceRecognition/images_to_train/Dilip/Dilip.bb08a071-960b-11ec-a6b1-2f237028861a.jpeg
2022-02-25 12:52:55.118 INFO Train - trainImages: loading image done
2022-02-25 12:52:55.118 INFO Train - trainImages: finding the encoding of image
2022-02-25 12:52:55.254 ERROR Train - trainImages: no face is detected in image
2022-02-25 12:52:55.254 INFO Train - trainImages: skiping to find encodes of this image
2022-02-25 12:52:55.254 INFO Train - trainImages: loading image
2022-02-25 12:52:55.257 DEBUG Train - trainImages: /home/vikasjoshis001/Desktop/FaceRecognition/images_to_train/Dilip/Dilip.bd9ab864-960b-11ec-a6b1-2f237028861a.jpeg
2022-02-25 12:52:55.257 INFO Train - trainImages: loading image done
2022-02-25 12:52:55.257 INFO Train - trainImages: finding the encoding of image
2022-02-25 12:52:55.432 INFO Train - trainImages: finding encoding of image is done
2022-02-25 12:52:55.432 INFO Train - trainImages: loading image
2022-02-25 12:52:55.435 DEBUG Train - trainImages: /home/vikasjoshis001/Desktop/FaceRecognition/images_to_train/Dilip/Dilip.bc53bde8-960b-11ec-a6b1-2f237028861a.jpeg
2022-02-25 12:52:55.435 INFO Train - trainImages: loading image done
2022-02-25 12:52:55.435 INFO Train - trainImages: finding the encoding of image
2022-02-25 12:52:55.612 INFO Train - trainImages: finding encoding of image is done
2022-02-25 12:52:55.612 INFO Train - trainImages: loading image
2022-02-25 12:52:55.616 DEBUG Train - trainImages: /home/vikasjoshis001/Desktop/FaceRecognition/images_to_train/Dilip/Dilip.bb08a070-960b-11ec-a6b1-2f237028861a.jpeg
2022-02-25 12:52:55.617 INFO Train - trainImages: loading image done
2022-02-25 12:52:55.617 INFO Train - trainImages: finding the encoding of image
2022-02-25 12:52:55.792 INFO Train - trainImages: finding encoding of image is done
2022-02-25 12:52:55.793 INFO Train - trainImages: loading image
2022-02-25 12:52:55.795 DEBUG Train - trainImages: /home/vikasjoshis001/Desktop/FaceRecognition/images_to_train/Dilip/Dilip.bc53bde9-960b-11ec-a6b1-2f237028861a.jpeg
2022-02-25 12:52:55.795 INFO Train - trainImages: loading image done
2022-02-25 12:52:55.795 INFO Train - trainImages: finding the encoding of image
2022-02-25 12:52:55.930 ERROR Train - trainImages: no face is detected in image
2022-02-25 12:52:55.930 INFO Train - trainImages: skiping to find encodes of this image
2022-02-25 12:52:55.930 INFO Train - trainImages: getting average of encodings of loaded images
